Using device: cuda
Starting training with gradient-based adaptive weighted mask...
Epoch 1/20000, Train Loss: 61.3083, Validation Set Manhattan Distance: 12.0, Mask Weight: 1.000
  -> New best Validation Set Manhattan Distance: 12.0. Model saved.
Epoch 2/20000, Train Loss: 47.1741, Validation Set Manhattan Distance: 12.0, Mask Weight: 1.000
Epoch 3/20000, Train Loss: 39.1291, Validation Set Manhattan Distance: 12.0, Mask Weight: 1.000
Epoch 4/20000, Train Loss: 32.8528, Validation Set Manhattan Distance: 12.0, Mask Weight: 1.000
Epoch 5/20000, Train Loss: 27.7738, Validation Set Manhattan Distance: 12.0, Mask Weight: 1.000
Epoch 6/20000, Train Loss: 23.6334, Validation Set Manhattan Distance: 12.0, Mask Weight: 1.000
Epoch 7/20000, Train Loss: 20.1582, Validation Set Manhattan Distance: 12.0, Mask Weight: 1.000
Epoch 8/20000, Train Loss: 17.1872, Validation Set Manhattan Distance: 12.0, Mask Weight: 1.000
Epoch 9/20000, Train Loss: 14.6231, Validation Set Manhattan Distance: 12.0, Mask Weight: 1.000
Epoch 10/20000, Train Loss: 12.3991, Validation Set Manhattan Distance: 12.0, Mask Weight: 1.000
Epoch 11/20000, Train Loss: 10.4754, Validation Set Manhattan Distance: 12.0, Mask Weight: 1.000
Epoch 12/20000, Train Loss: 8.8278, Validation Set Manhattan Distance: 12.0, Mask Weight: 1.000
Epoch 13/20000, Train Loss: 7.4207, Validation Set Manhattan Distance: 12.0, Mask Weight: 1.000
Epoch 14/20000, Train Loss: 6.2222, Validation Set Manhattan Distance: 12.0, Mask Weight: 1.000
Epoch 15/20000, Train Loss: 5.2043, Validation Set Manhattan Distance: 12.0, Mask Weight: 1.000
Epoch 16/20000, Train Loss: 4.3437, Validation Set Manhattan Distance: 12.0, Mask Weight: 1.000
Epoch 17/20000, Train Loss: 3.6183, Validation Set Manhattan Distance: 12.0, Mask Weight: 1.000
Epoch 18/20000, Train Loss: 3.0089, Validation Set Manhattan Distance: 12.0, Mask Weight: 1.000
Epoch 19/20000, Train Loss: 2.4977, Validation Set Manhattan Distance: 12.0, Mask Weight: 1.000
Epoch 20/20000, Train Loss: 2.0689, Validation Set Manhattan Distance: 12.0, Mask Weight: 1.000
Epoch 21/20000, Train Loss: 1.7107, Validation Set Manhattan Distance: 12.0, Mask Weight: 1.000
Epoch 22/20000, Train Loss: 1.4133, Validation Set Manhattan Distance: 12.0, Mask Weight: 1.000
Epoch 23/20000, Train Loss: 1.1662, Validation Set Manhattan Distance: 12.0, Mask Weight: 1.000
Epoch 24/20000, Train Loss: 0.9619, Validation Set Manhattan Distance: 12.0, Mask Weight: 1.000
Epoch 25/20000, Train Loss: 0.7930, Validation Set Manhattan Distance: 12.0, Mask Weight: 1.000
Epoch 26/20000, Train Loss: 0.6538, Validation Set Manhattan Distance: 12.0, Mask Weight: 1.000
Epoch 27/20000, Train Loss: 0.5384, Validation Set Manhattan Distance: 12.0, Mask Weight: 1.000
Epoch 28/20000, Train Loss: 0.4436, Validation Set Manhattan Distance: 12.0, Mask Weight: 1.000
Epoch 29/20000, Train Loss: 0.3653, Validation Set Manhattan Distance: 12.0, Mask Weight: 1.000
Epoch 30/20000, Train Loss: 0.3013, Validation Set Manhattan Distance: 12.0, Mask Weight: 1.000
Epoch 31/20000, Train Loss: 0.2485, Validation Set Manhattan Distance: 12.0, Mask Weight: 1.000
Epoch 32/20000, Train Loss: 0.2054, Validation Set Manhattan Distance: 12.0, Mask Weight: 1.000
Epoch 33/20000, Train Loss: 0.1694, Validation Set Manhattan Distance: 12.0, Mask Weight: 1.000
Epoch 34/20000, Train Loss: 0.1407, Validation Set Manhattan Distance: 12.0, Mask Weight: 1.000
Epoch 35/20000, Train Loss: 0.1176, Validation Set Manhattan Distance: 12.0, Mask Weight: 1.000
  -> Train loss below 0.1. Mask weight reduction is now enabled.
Epoch 36/20000, Train Loss: 0.0980, Validation Set Manhattan Distance: 12.0, Mask Weight: 1.000
  -> Validation Set Manhattan Distance did not improve for 10 epochs.
  -> Unmasked Loss (Gradient Magnitude): 0.2174, Calculated Decrement: 0.0230
  -> Reducing mask weight to 0.977.
  -> Mask weight reduction is now disabled until train loss is below 0.001 again.
Epoch 37/20000, Train Loss: 0.3829, Validation Set Manhattan Distance: 12.0, Mask Weight: 0.977
Epoch 38/20000, Train Loss: 0.2984, Validation Set Manhattan Distance: 12.0, Mask Weight: 0.977
Epoch 39/20000, Train Loss: 0.2831, Validation Set Manhattan Distance: 12.0, Mask Weight: 0.977
Epoch 40/20000, Train Loss: 0.2730, Validation Set Manhattan Distance: 12.0, Mask Weight: 0.977
Epoch 41/20000, Train Loss: 0.2629, Validation Set Manhattan Distance: 12.0, Mask Weight: 0.977
Epoch 42/20000, Train Loss: 0.2545, Validation Set Manhattan Distance: 12.0, Mask Weight: 0.977
Epoch 43/20000, Train Loss: 0.2479, Validation Set Manhattan Distance: 12.0, Mask Weight: 0.977
Epoch 44/20000, Train Loss: 0.2417, Validation Set Manhattan Distance: 12.0, Mask Weight: 0.977
Epoch 45/20000, Train Loss: 0.2374, Validation Set Manhattan Distance: 12.0, Mask Weight: 0.977
Epoch 46/20000, Train Loss: 0.2332, Validation Set Manhattan Distance: 12.0, Mask Weight: 0.977
Epoch 47/20000, Train Loss: 0.2299, Validation Set Manhattan Distance: 12.0, Mask Weight: 0.977
Epoch 48/20000, Train Loss: 0.2276, Validation Set Manhattan Distance: 12.0, Mask Weight: 0.977
Epoch 49/20000, Train Loss: 0.2246, Validation Set Manhattan Distance: 12.0, Mask Weight: 0.977
Epoch 50/20000, Train Loss: 0.2227, Validation Set Manhattan Distance: 12.0, Mask Weight: 0.977
Epoch 51/20000, Train Loss: 0.2215, Validation Set Manhattan Distance: 12.0, Mask Weight: 0.977
Epoch 52/20000, Train Loss: 0.2198, Validation Set Manhattan Distance: 12.0, Mask Weight: 0.977
Epoch 53/20000, Train Loss: 0.2189, Validation Set Manhattan Distance: 12.0, Mask Weight: 0.977
Epoch 54/20000, Train Loss: 0.2168, Validation Set Manhattan Distance: 12.0, Mask Weight: 0.977
Epoch 55/20000, Train Loss: 0.2144, Validation Set Manhattan Distance: 12.0, Mask Weight: 0.977
Epoch 56/20000, Train Loss: 0.2138, Validation Set Manhattan Distance: 12.0, Mask Weight: 0.977
Epoch 57/20000, Train Loss: 0.2088, Validation Set Manhattan Distance: 12.0, Mask Weight: 0.977
Epoch 58/20000, Train Loss: 0.2025, Validation Set Manhattan Distance: 12.0, Mask Weight: 0.977
Epoch 59/20000, Train Loss: 0.1951, Validation Set Manhattan Distance: 12.0, Mask Weight: 0.977
Epoch 60/20000, Train Loss: 0.1880, Validation Set Manhattan Distance: 12.0, Mask Weight: 0.977
Epoch 61/20000, Train Loss: 0.1829, Validation Set Manhattan Distance: 12.0, Mask Weight: 0.977
Epoch 62/20000, Train Loss: 0.1784, Validation Set Manhattan Distance: 12.0, Mask Weight: 0.977
Epoch 63/20000, Train Loss: 0.1730, Validation Set Manhattan Distance: 12.0, Mask Weight: 0.977
Epoch 64/20000, Train Loss: 0.1648, Validation Set Manhattan Distance: 12.0, Mask Weight: 0.977
Epoch 65/20000, Train Loss: 0.1583, Validation Set Manhattan Distance: 12.0, Mask Weight: 0.977
Epoch 66/20000, Train Loss: 0.1623, Validation Set Manhattan Distance: 12.0, Mask Weight: 0.977
Epoch 67/20000, Train Loss: 0.1525, Validation Set Manhattan Distance: 12.0, Mask Weight: 0.977
Epoch 68/20000, Train Loss: 0.1520, Validation Set Manhattan Distance: 12.0, Mask Weight: 0.977
Epoch 69/20000, Train Loss: 0.1498, Validation Set Manhattan Distance: 12.0, Mask Weight: 0.977
Epoch 70/20000, Train Loss: 0.1513, Validation Set Manhattan Distance: 12.0, Mask Weight: 0.977
Epoch 71/20000, Train Loss: 0.1546, Validation Set Manhattan Distance: 12.0, Mask Weight: 0.977
Epoch 72/20000, Train Loss: 0.1459, Validation Set Manhattan Distance: 12.0, Mask Weight: 0.977
Epoch 73/20000, Train Loss: 0.1387, Validation Set Manhattan Distance: 12.0, Mask Weight: 0.977
Epoch 74/20000, Train Loss: 0.1373, Validation Set Manhattan Distance: 12.0, Mask Weight: 0.977
Epoch 75/20000, Train Loss: 0.1343, Validation Set Manhattan Distance: 12.0, Mask Weight: 0.977
Epoch 76/20000, Train Loss: 0.1346, Validation Set Manhattan Distance: 12.0, Mask Weight: 0.977
Epoch 77/20000, Train Loss: 0.1279, Validation Set Manhattan Distance: 12.0, Mask Weight: 0.977
Epoch 78/20000, Train Loss: 0.1313, Validation Set Manhattan Distance: 12.0, Mask Weight: 0.977
Epoch 79/20000, Train Loss: 0.1423, Validation Set Manhattan Distance: 12.0, Mask Weight: 0.977
Epoch 80/20000, Train Loss: 0.1298, Validation Set Manhattan Distance: 12.0, Mask Weight: 0.977
Epoch 81/20000, Train Loss: 0.1285, Validation Set Manhattan Distance: 12.0, Mask Weight: 0.977
Epoch 82/20000, Train Loss: 0.1246, Validation Set Manhattan Distance: 12.0, Mask Weight: 0.977
Epoch 83/20000, Train Loss: 0.1210, Validation Set Manhattan Distance: 12.0, Mask Weight: 0.977
Epoch 84/20000, Train Loss: 0.1233, Validation Set Manhattan Distance: 12.0, Mask Weight: 0.977
Epoch 85/20000, Train Loss: 0.1483, Validation Set Manhattan Distance: 12.0, Mask Weight: 0.977
Epoch 86/20000, Train Loss: 0.1294, Validation Set Manhattan Distance: 12.0, Mask Weight: 0.977
Epoch 87/20000, Train Loss: 0.1192, Validation Set Manhattan Distance: 12.0, Mask Weight: 0.977
Epoch 88/20000, Train Loss: 0.1184, Validation Set Manhattan Distance: 12.0, Mask Weight: 0.977
Epoch 89/20000, Train Loss: 0.1165, Validation Set Manhattan Distance: 12.0, Mask Weight: 0.977
Epoch 90/20000, Train Loss: 0.1161, Validation Set Manhattan Distance: 12.0, Mask Weight: 0.977
Epoch 91/20000, Train Loss: 0.1152, Validation Set Manhattan Distance: 12.0, Mask Weight: 0.977
Epoch 92/20000, Train Loss: 0.1153, Validation Set Manhattan Distance: 12.0, Mask Weight: 0.977
Epoch 93/20000, Train Loss: 0.1192, Validation Set Manhattan Distance: 12.0, Mask Weight: 0.977
Epoch 94/20000, Train Loss: 0.1155, Validation Set Manhattan Distance: 12.0, Mask Weight: 0.977
Epoch 95/20000, Train Loss: 0.1337, Validation Set Manhattan Distance: 12.0, Mask Weight: 0.977
Epoch 96/20000, Train Loss: 0.1414, Validation Set Manhattan Distance: 12.0, Mask Weight: 0.977
Epoch 97/20000, Train Loss: 0.1372, Validation Set Manhattan Distance: 12.0, Mask Weight: 0.977
Epoch 98/20000, Train Loss: 0.1178, Validation Set Manhattan Distance: 12.0, Mask Weight: 0.977
Epoch 99/20000, Train Loss: 0.1137, Validation Set Manhattan Distance: 12.0, Mask Weight: 0.977
Epoch 100/20000, Train Loss: 0.1140, Validation Set Manhattan Distance: 12.0, Mask Weight: 0.977
Epoch 101/20000, Train Loss: 0.1134, Validation Set Manhattan Distance: 12.0, Mask Weight: 0.977
Epoch 102/20000, Train Loss: 0.1117, Validation Set Manhattan Distance: 12.0, Mask Weight: 0.977
Epoch 103/20000, Train Loss: 0.1123, Validation Set Manhattan Distance: 12.0, Mask Weight: 0.977
Epoch 104/20000, Train Loss: 0.1097, Validation Set Manhattan Distance: 12.0, Mask Weight: 0.977
Epoch 105/20000, Train Loss: 0.1086, Validation Set Manhattan Distance: 12.0, Mask Weight: 0.977
Epoch 106/20000, Train Loss: 0.1085, Validation Set Manhattan Distance: 12.0, Mask Weight: 0.977
Epoch 107/20000, Train Loss: 0.1086, Validation Set Manhattan Distance: 12.0, Mask Weight: 0.977
Epoch 108/20000, Train Loss: 0.1096, Validation Set Manhattan Distance: 12.0, Mask Weight: 0.977
Epoch 109/20000, Train Loss: 0.1081, Validation Set Manhattan Distance: 12.0, Mask Weight: 0.977
Epoch 110/20000, Train Loss: 0.1081, Validation Set Manhattan Distance: 12.0, Mask Weight: 0.977
Epoch 111/20000, Train Loss: 0.1077, Validation Set Manhattan Distance: 12.0, Mask Weight: 0.977
Epoch 112/20000, Train Loss: 0.1076, Validation Set Manhattan Distance: 12.0, Mask Weight: 0.977
Epoch 113/20000, Train Loss: 0.1072, Validation Set Manhattan Distance: 12.0, Mask Weight: 0.977
Epoch 114/20000, Train Loss: 0.1069, Validation Set Manhattan Distance: 12.0, Mask Weight: 0.977
Epoch 115/20000, Train Loss: 0.1067, Validation Set Manhattan Distance: 12.0, Mask Weight: 0.977
Epoch 116/20000, Train Loss: 0.1070, Validation Set Manhattan Distance: 12.0, Mask Weight: 0.977
Epoch 117/20000, Train Loss: 0.1066, Validation Set Manhattan Distance: 12.0, Mask Weight: 0.977
Epoch 118/20000, Train Loss: 0.1068, Validation Set Manhattan Distance: 12.0, Mask Weight: 0.977
Epoch 119/20000, Train Loss: 0.1060, Validation Set Manhattan Distance: 12.0, Mask Weight: 0.977
Epoch 120/20000, Train Loss: 0.1058, Validation Set Manhattan Distance: 12.0, Mask Weight: 0.977
Epoch 121/20000, Train Loss: 0.1061, Validation Set Manhattan Distance: 12.0, Mask Weight: 0.977
Epoch 122/20000, Train Loss: 0.1063, Validation Set Manhattan Distance: 12.0, Mask Weight: 0.977
Epoch 123/20000, Train Loss: 0.1063, Validation Set Manhattan Distance: 12.0, Mask Weight: 0.977
Epoch 124/20000, Train Loss: 0.1205, Validation Set Manhattan Distance: 12.0, Mask Weight: 0.977
Epoch 125/20000, Train Loss: 0.3879, Validation Set Manhattan Distance: 12.0, Mask Weight: 0.977
Epoch 126/20000, Train Loss: 0.2459, Validation Set Manhattan Distance: 12.0, Mask Weight: 0.977
Epoch 127/20000, Train Loss: 0.2390, Validation Set Manhattan Distance: 12.0, Mask Weight: 0.977
Epoch 128/20000, Train Loss: 0.1569, Validation Set Manhattan Distance: 12.0, Mask Weight: 0.977
Epoch 129/20000, Train Loss: 0.1494, Validation Set Manhattan Distance: 12.0, Mask Weight: 0.977
Epoch 130/20000, Train Loss: 0.1410, Validation Set Manhattan Distance: 12.0, Mask Weight: 0.977
Epoch 131/20000, Train Loss: 0.1356, Validation Set Manhattan Distance: 12.0, Mask Weight: 0.977
Epoch 132/20000, Train Loss: 0.1316, Validation Set Manhattan Distance: 12.0, Mask Weight: 0.977
Epoch 133/20000, Train Loss: 0.1225, Validation Set Manhattan Distance: 12.0, Mask Weight: 0.977
Epoch 134/20000, Train Loss: 0.1192, Validation Set Manhattan Distance: 12.0, Mask Weight: 0.977
Epoch 135/20000, Train Loss: 0.1159, Validation Set Manhattan Distance: 12.0, Mask Weight: 0.977
Epoch 136/20000, Train Loss: 0.1116, Validation Set Manhattan Distance: 12.0, Mask Weight: 0.977
Epoch 137/20000, Train Loss: 0.1104, Validation Set Manhattan Distance: 12.0, Mask Weight: 0.977
Epoch 138/20000, Train Loss: 0.1086, Validation Set Manhattan Distance: 12.0, Mask Weight: 0.977
Epoch 139/20000, Train Loss: 0.1088, Validation Set Manhattan Distance: 12.0, Mask Weight: 0.977
Epoch 140/20000, Train Loss: 0.1089, Validation Set Manhattan Distance: 12.0, Mask Weight: 0.977
Epoch 141/20000, Train Loss: 0.1075, Validation Set Manhattan Distance: 12.0, Mask Weight: 0.977
Epoch 142/20000, Train Loss: 0.1071, Validation Set Manhattan Distance: 12.0, Mask Weight: 0.977
Epoch 143/20000, Train Loss: 0.1080, Validation Set Manhattan Distance: 12.0, Mask Weight: 0.977
Epoch 144/20000, Train Loss: 0.1069, Validation Set Manhattan Distance: 12.0, Mask Weight: 0.977
Epoch 145/20000, Train Loss: 0.1074, Validation Set Manhattan Distance: 12.0, Mask Weight: 0.977
Epoch 146/20000, Train Loss: 0.1065, Validation Set Manhattan Distance: 12.0, Mask Weight: 0.977
Epoch 147/20000, Train Loss: 0.1070, Validation Set Manhattan Distance: 12.0, Mask Weight: 0.977
Epoch 148/20000, Train Loss: 0.1062, Validation Set Manhattan Distance: 12.0, Mask Weight: 0.977
Epoch 149/20000, Train Loss: 0.1059, Validation Set Manhattan Distance: 12.0, Mask Weight: 0.977
Epoch 150/20000, Train Loss: 0.1054, Validation Set Manhattan Distance: 12.0, Mask Weight: 0.977
Epoch 151/20000, Train Loss: 0.1054, Validation Set Manhattan Distance: 12.0, Mask Weight: 0.977
Epoch 152/20000, Train Loss: 0.1049, Validation Set Manhattan Distance: 12.0, Mask Weight: 0.977
Epoch 153/20000, Train Loss: 0.1049, Validation Set Manhattan Distance: 12.0, Mask Weight: 0.977
Epoch 154/20000, Train Loss: 0.1049, Validation Set Manhattan Distance: 12.0, Mask Weight: 0.977
Epoch 155/20000, Train Loss: 0.1050, Validation Set Manhattan Distance: 12.0, Mask Weight: 0.977
Epoch 156/20000, Train Loss: 0.1054, Validation Set Manhattan Distance: 12.0, Mask Weight: 0.977
Epoch 157/20000, Train Loss: 0.1040, Validation Set Manhattan Distance: 12.0, Mask Weight: 0.977
Epoch 158/20000, Train Loss: 0.1057, Validation Set Manhattan Distance: 12.0, Mask Weight: 0.977
Epoch 159/20000, Train Loss: 0.1043, Validation Set Manhattan Distance: 12.0, Mask Weight: 0.977
Epoch 160/20000, Train Loss: 0.1041, Validation Set Manhattan Distance: 12.0, Mask Weight: 0.977
Epoch 161/20000, Train Loss: 0.1039, Validation Set Manhattan Distance: 12.0, Mask Weight: 0.977
Epoch 162/20000, Train Loss: 0.1047, Validation Set Manhattan Distance: 12.0, Mask Weight: 0.977
Epoch 163/20000, Train Loss: 0.1046, Validation Set Manhattan Distance: 12.0, Mask Weight: 0.977
Epoch 164/20000, Train Loss: 0.1061, Validation Set Manhattan Distance: 12.0, Mask Weight: 0.977
Epoch 165/20000, Train Loss: 0.1062, Validation Set Manhattan Distance: 12.0, Mask Weight: 0.977
Epoch 166/20000, Train Loss: 0.1033, Validation Set Manhattan Distance: 12.0, Mask Weight: 0.977
Epoch 167/20000, Train Loss: 0.1045, Validation Set Manhattan Distance: 12.0, Mask Weight: 0.977
Epoch 168/20000, Train Loss: 0.1055, Validation Set Manhattan Distance: 12.0, Mask Weight: 0.977
Epoch 169/20000, Train Loss: 0.1048, Validation Set Manhattan Distance: 12.0, Mask Weight: 0.977
Epoch 170/20000, Train Loss: 0.1038, Validation Set Manhattan Distance: 12.0, Mask Weight: 0.977
Epoch 171/20000, Train Loss: 0.1041, Validation Set Manhattan Distance: 12.0, Mask Weight: 0.977
Epoch 172/20000, Train Loss: 0.1038, Validation Set Manhattan Distance: 12.0, Mask Weight: 0.977
Epoch 173/20000, Train Loss: 0.1038, Validation Set Manhattan Distance: 12.0, Mask Weight: 0.977
Epoch 174/20000, Train Loss: 0.1031, Validation Set Manhattan Distance: 12.0, Mask Weight: 0.977
Epoch 175/20000, Train Loss: 0.1030, Validation Set Manhattan Distance: 12.0, Mask Weight: 0.977
Epoch 176/20000, Train Loss: 0.1036, Validation Set Manhattan Distance: 12.0, Mask Weight: 0.977
Epoch 177/20000, Train Loss: 0.1042, Validation Set Manhattan Distance: 12.0, Mask Weight: 0.977
Epoch 178/20000, Train Loss: 0.1020, Validation Set Manhattan Distance: 12.0, Mask Weight: 0.977
Epoch 179/20000, Train Loss: 0.1026, Validation Set Manhattan Distance: 12.0, Mask Weight: 0.977
Epoch 180/20000, Train Loss: 0.1028, Validation Set Manhattan Distance: 12.0, Mask Weight: 0.977
Epoch 181/20000, Train Loss: 0.1031, Validation Set Manhattan Distance: 12.0, Mask Weight: 0.977
Epoch 182/20000, Train Loss: 0.1029, Validation Set Manhattan Distance: 12.0, Mask Weight: 0.977
Epoch 183/20000, Train Loss: 0.2185, Validation Set Manhattan Distance: 12.0, Mask Weight: 0.977
Epoch 184/20000, Train Loss: 0.3621, Validation Set Manhattan Distance: 12.0, Mask Weight: 0.977
Epoch 185/20000, Train Loss: 0.2753, Validation Set Manhattan Distance: 12.0, Mask Weight: 0.977
Epoch 186/20000, Train Loss: 0.2664, Validation Set Manhattan Distance: 12.0, Mask Weight: 0.977
Epoch 187/20000, Train Loss: 0.2544, Validation Set Manhattan Distance: 12.0, Mask Weight: 0.977
Epoch 188/20000, Train Loss: 0.2405, Validation Set Manhattan Distance: 12.0, Mask Weight: 0.977
Epoch 189/20000, Train Loss: 0.2279, Validation Set Manhattan Distance: 12.0, Mask Weight: 0.977
Epoch 190/20000, Train Loss: 0.2213, Validation Set Manhattan Distance: 12.0, Mask Weight: 0.977
Epoch 191/20000, Train Loss: 0.2203, Validation Set Manhattan Distance: 12.0, Mask Weight: 0.977
Epoch 192/20000, Train Loss: 0.2193, Validation Set Manhattan Distance: 12.0, Mask Weight: 0.977
Epoch 193/20000, Train Loss: 0.2177, Validation Set Manhattan Distance: 12.0, Mask Weight: 0.977
Epoch 194/20000, Train Loss: 0.2161, Validation Set Manhattan Distance: 12.0, Mask Weight: 0.977
Epoch 195/20000, Train Loss: 0.2148, Validation Set Manhattan Distance: 12.0, Mask Weight: 0.977
Epoch 196/20000, Train Loss: 0.2123, Validation Set Manhattan Distance: 12.0, Mask Weight: 0.977
Epoch 197/20000, Train Loss: 0.2092, Validation Set Manhattan Distance: 12.0, Mask Weight: 0.977
Epoch 198/20000, Train Loss: 0.2062, Validation Set Manhattan Distance: 12.0, Mask Weight: 0.977
Epoch 199/20000, Train Loss: 0.2036, Validation Set Manhattan Distance: 12.0, Mask Weight: 0.977
Epoch 200/20000, Train Loss: 0.2010, Validation Set Manhattan Distance: 12.0, Mask Weight: 0.977
Epoch 201/20000, Train Loss: 0.2016, Validation Set Manhattan Distance: 12.0, Mask Weight: 0.977
Epoch 202/20000, Train Loss: 0.2020, Validation Set Manhattan Distance: 12.0, Mask Weight: 0.977
Epoch 203/20000, Train Loss: 0.1964, Validation Set Manhattan Distance: 12.0, Mask Weight: 0.977
Epoch 204/20000, Train Loss: 0.1937, Validation Set Manhattan Distance: 12.0, Mask Weight: 0.977
Epoch 205/20000, Train Loss: 0.1904, Validation Set Manhattan Distance: 12.0, Mask Weight: 0.977
Epoch 206/20000, Train Loss: 0.1864, Validation Set Manhattan Distance: 12.0, Mask Weight: 0.977
Epoch 207/20000, Train Loss: 0.1836, Validation Set Manhattan Distance: 12.0, Mask Weight: 0.977
Epoch 208/20000, Train Loss: 0.1796, Validation Set Manhattan Distance: 12.0, Mask Weight: 0.977
Epoch 209/20000, Train Loss: 0.1747, Validation Set Manhattan Distance: 12.0, Mask Weight: 0.977
Epoch 210/20000, Train Loss: 0.1730, Validation Set Manhattan Distance: 12.0, Mask Weight: 0.977
Epoch 211/20000, Train Loss: 0.1726, Validation Set Manhattan Distance: 12.0, Mask Weight: 0.977
Epoch 212/20000, Train Loss: 0.1671, Validation Set Manhattan Distance: 12.0, Mask Weight: 0.977
Epoch 213/20000, Train Loss: 0.1681, Validation Set Manhattan Distance: 12.0, Mask Weight: 0.977
Epoch 214/20000, Train Loss: 0.1630, Validation Set Manhattan Distance: 12.0, Mask Weight: 0.977
Epoch 215/20000, Train Loss: 0.1544, Validation Set Manhattan Distance: 12.0, Mask Weight: 0.977
Epoch 216/20000, Train Loss: 0.1488, Validation Set Manhattan Distance: 12.0, Mask Weight: 0.977
Epoch 217/20000, Train Loss: 0.1451, Validation Set Manhattan Distance: 12.0, Mask Weight: 0.977
Epoch 218/20000, Train Loss: 0.1360, Validation Set Manhattan Distance: 12.0, Mask Weight: 0.977
Epoch 219/20000, Train Loss: 0.1311, Validation Set Manhattan Distance: 12.0, Mask Weight: 0.977
Epoch 220/20000, Train Loss: 0.1296, Validation Set Manhattan Distance: 12.0, Mask Weight: 0.977
Epoch 221/20000, Train Loss: 0.1234, Validation Set Manhattan Distance: 12.0, Mask Weight: 0.977
Epoch 222/20000, Train Loss: 0.1182, Validation Set Manhattan Distance: 12.0, Mask Weight: 0.977
Epoch 223/20000, Train Loss: 0.1138, Validation Set Manhattan Distance: 12.0, Mask Weight: 0.977
Epoch 224/20000, Train Loss: 0.1157, Validation Set Manhattan Distance: 12.0, Mask Weight: 0.977
Epoch 225/20000, Train Loss: 0.1099, Validation Set Manhattan Distance: 12.0, Mask Weight: 0.977
Epoch 226/20000, Train Loss: 0.1080, Validation Set Manhattan Distance: 12.0, Mask Weight: 0.977
Epoch 227/20000, Train Loss: 0.1065, Validation Set Manhattan Distance: 12.0, Mask Weight: 0.977
Epoch 228/20000, Train Loss: 0.1047, Validation Set Manhattan Distance: 12.0, Mask Weight: 0.977
Epoch 229/20000, Train Loss: 0.1054, Validation Set Manhattan Distance: 12.0, Mask Weight: 0.977
Epoch 230/20000, Train Loss: 0.1041, Validation Set Manhattan Distance: 12.0, Mask Weight: 0.977
Epoch 231/20000, Train Loss: 0.1048, Validation Set Manhattan Distance: 12.0, Mask Weight: 0.977
Epoch 232/20000, Train Loss: 0.1043, Validation Set Manhattan Distance: 12.0, Mask Weight: 0.977
Epoch 233/20000, Train Loss: 0.1056, Validation Set Manhattan Distance: 12.0, Mask Weight: 0.977
Epoch 234/20000, Train Loss: 0.1547, Validation Set Manhattan Distance: 12.0, Mask Weight: 0.977
Epoch 235/20000, Train Loss: 0.2209, Validation Set Manhattan Distance: 12.0, Mask Weight: 0.977
Epoch 236/20000, Train Loss: 0.1644, Validation Set Manhattan Distance: 12.0, Mask Weight: 0.977
Epoch 237/20000, Train Loss: 0.1202, Validation Set Manhattan Distance: 12.0, Mask Weight: 0.977
Epoch 238/20000, Train Loss: 0.1154, Validation Set Manhattan Distance: 12.0, Mask Weight: 0.977
Epoch 239/20000, Train Loss: 0.1142, Validation Set Manhattan Distance: 12.0, Mask Weight: 0.977
Epoch 240/20000, Train Loss: 0.1118, Validation Set Manhattan Distance: 12.0, Mask Weight: 0.977
Epoch 241/20000, Train Loss: 0.1079, Validation Set Manhattan Distance: 12.0, Mask Weight: 0.977
Epoch 242/20000, Train Loss: 0.1083, Validation Set Manhattan Distance: 12.0, Mask Weight: 0.977
Epoch 243/20000, Train Loss: 0.1067, Validation Set Manhattan Distance: 12.0, Mask Weight: 0.977
Epoch 244/20000, Train Loss: 0.1076, Validation Set Manhattan Distance: 12.0, Mask Weight: 0.977
Epoch 245/20000, Train Loss: 0.1055, Validation Set Manhattan Distance: 12.0, Mask Weight: 0.977
Epoch 246/20000, Train Loss: 0.1053, Validation Set Manhattan Distance: 12.0, Mask Weight: 0.977
Epoch 247/20000, Train Loss: 0.1031, Validation Set Manhattan Distance: 12.0, Mask Weight: 0.977
Epoch 248/20000, Train Loss: 0.1034, Validation Set Manhattan Distance: 12.0, Mask Weight: 0.977
Epoch 249/20000, Train Loss: 0.1029, Validation Set Manhattan Distance: 12.0, Mask Weight: 0.977
Epoch 250/20000, Train Loss: 0.1025, Validation Set Manhattan Distance: 12.0, Mask Weight: 0.977
Epoch 251/20000, Train Loss: 0.1025, Validation Set Manhattan Distance: 12.0, Mask Weight: 0.977
Epoch 252/20000, Train Loss: 0.1024, Validation Set Manhattan Distance: 12.0, Mask Weight: 0.977
Epoch 253/20000, Train Loss: 0.1015, Validation Set Manhattan Distance: 12.0, Mask Weight: 0.977
Epoch 254/20000, Train Loss: 0.1013, Validation Set Manhattan Distance: 12.0, Mask Weight: 0.977
Epoch 255/20000, Train Loss: 0.1025, Validation Set Manhattan Distance: 12.0, Mask Weight: 0.977
Epoch 256/20000, Train Loss: 0.1026, Validation Set Manhattan Distance: 12.0, Mask Weight: 0.977
Epoch 257/20000, Train Loss: 0.1054, Validation Set Manhattan Distance: 12.0, Mask Weight: 0.977
Epoch 258/20000, Train Loss: 0.1032, Validation Set Manhattan Distance: 12.0, Mask Weight: 0.977
Epoch 259/20000, Train Loss: 0.1061, Validation Set Manhattan Distance: 12.0, Mask Weight: 0.977
Epoch 260/20000, Train Loss: 0.1057, Validation Set Manhattan Distance: 12.0, Mask Weight: 0.977
Epoch 261/20000, Train Loss: 0.1050, Validation Set Manhattan Distance: 12.0, Mask Weight: 0.977
Epoch 262/20000, Train Loss: 0.1039, Validation Set Manhattan Distance: 12.0, Mask Weight: 0.977
Epoch 263/20000, Train Loss: 0.1058, Validation Set Manhattan Distance: 12.0, Mask Weight: 0.977
Epoch 264/20000, Train Loss: 0.1034, Validation Set Manhattan Distance: 12.0, Mask Weight: 0.977
Epoch 265/20000, Train Loss: 0.1023, Validation Set Manhattan Distance: 12.0, Mask Weight: 0.977
Epoch 266/20000, Train Loss: 0.1016, Validation Set Manhattan Distance: 12.0, Mask Weight: 0.977
Epoch 267/20000, Train Loss: 0.1025, Validation Set Manhattan Distance: 12.0, Mask Weight: 0.977
Epoch 268/20000, Train Loss: 0.1012, Validation Set Manhattan Distance: 12.0, Mask Weight: 0.977
Epoch 269/20000, Train Loss: 0.1015, Validation Set Manhattan Distance: 12.0, Mask Weight: 0.977
Epoch 270/20000, Train Loss: 0.1018, Validation Set Manhattan Distance: 12.0, Mask Weight: 0.977
Epoch 271/20000, Train Loss: 0.1010, Validation Set Manhattan Distance: 12.0, Mask Weight: 0.977
Epoch 272/20000, Train Loss: 0.1007, Validation Set Manhattan Distance: 12.0, Mask Weight: 0.977
Epoch 273/20000, Train Loss: 0.1002, Validation Set Manhattan Distance: 12.0, Mask Weight: 0.977
Epoch 274/20000, Train Loss: 0.1007, Validation Set Manhattan Distance: 12.0, Mask Weight: 0.977
Epoch 275/20000, Train Loss: 0.1013, Validation Set Manhattan Distance: 12.0, Mask Weight: 0.977
Epoch 276/20000, Train Loss: 0.1017, Validation Set Manhattan Distance: 12.0, Mask Weight: 0.977
Epoch 277/20000, Train Loss: 0.1013, Validation Set Manhattan Distance: 12.0, Mask Weight: 0.977
Epoch 278/20000, Train Loss: 0.1008, Validation Set Manhattan Distance: 12.0, Mask Weight: 0.977
Epoch 279/20000, Train Loss: 0.1010, Validation Set Manhattan Distance: 12.0, Mask Weight: 0.977
Epoch 280/20000, Train Loss: 0.1003, Validation Set Manhattan Distance: 12.0, Mask Weight: 0.977
Epoch 281/20000, Train Loss: 0.1004, Validation Set Manhattan Distance: 12.0, Mask Weight: 0.977
  -> Train loss below 0.1. Mask weight reduction is now enabled.
Epoch 282/20000, Train Loss: 0.0998, Validation Set Manhattan Distance: 12.0, Mask Weight: 0.977
  -> Validation Set Manhattan Distance did not improve for 10 epochs.
  -> Unmasked Loss (Gradient Magnitude): 0.0433, Calculated Decrement: 0.1000
  -> Reducing mask weight to 0.877.
  -> Mask weight reduction is now disabled until train loss is below 0.001 again.
Epoch 283/20000, Train Loss: 0.5347, Validation Set Manhattan Distance: 12.0, Mask Weight: 0.877
Epoch 284/20000, Train Loss: 0.6022, Validation Set Manhattan Distance: 12.0, Mask Weight: 0.877
Epoch 285/20000, Train Loss: 1.1029, Validation Set Manhattan Distance: 12.0, Mask Weight: 0.877
Epoch 286/20000, Train Loss: 1.2551, Validation Set Manhattan Distance: 12.0, Mask Weight: 0.877
Epoch 287/20000, Train Loss: 1.1455, Validation Set Manhattan Distance: 12.0, Mask Weight: 0.877
Epoch 288/20000, Train Loss: 1.0948, Validation Set Manhattan Distance: 12.0, Mask Weight: 0.877
Epoch 289/20000, Train Loss: 1.0437, Validation Set Manhattan Distance: 12.0, Mask Weight: 0.877
Epoch 290/20000, Train Loss: 1.0209, Validation Set Manhattan Distance: 12.0, Mask Weight: 0.877
Epoch 291/20000, Train Loss: 0.9999, Validation Set Manhattan Distance: 12.0, Mask Weight: 0.877
Epoch 292/20000, Train Loss: 0.9787, Validation Set Manhattan Distance: 12.0, Mask Weight: 0.877
Epoch 293/20000, Train Loss: 0.9634, Validation Set Manhattan Distance: 12.0, Mask Weight: 0.877
Epoch 294/20000, Train Loss: 0.9448, Validation Set Manhattan Distance: 12.0, Mask Weight: 0.877
Epoch 295/20000, Train Loss: 0.9355, Validation Set Manhattan Distance: 12.0, Mask Weight: 0.877
Epoch 296/20000, Train Loss: 0.9242, Validation Set Manhattan Distance: 12.0, Mask Weight: 0.877
Epoch 297/20000, Train Loss: 0.9030, Validation Set Manhattan Distance: 12.0, Mask Weight: 0.877
Epoch 298/20000, Train Loss: 0.8726, Validation Set Manhattan Distance: 12.0, Mask Weight: 0.877
Epoch 299/20000, Train Loss: 0.8319, Validation Set Manhattan Distance: 12.0, Mask Weight: 0.877
Epoch 300/20000, Train Loss: 0.7862, Validation Set Manhattan Distance: 12.0, Mask Weight: 0.877
Epoch 301/20000, Train Loss: 0.8454, Validation Set Manhattan Distance: 12.0, Mask Weight: 0.877
Epoch 302/20000, Train Loss: 0.8129, Validation Set Manhattan Distance: 12.0, Mask Weight: 0.877
Epoch 303/20000, Train Loss: 0.8581, Validation Set Manhattan Distance: 12.0, Mask Weight: 0.877
Epoch 304/20000, Train Loss: 0.8099, Validation Set Manhattan Distance: 12.0, Mask Weight: 0.877
Epoch 305/20000, Train Loss: 0.7764, Validation Set Manhattan Distance: 12.0, Mask Weight: 0.877
Epoch 306/20000, Train Loss: 0.7618, Validation Set Manhattan Distance: 12.0, Mask Weight: 0.877
Epoch 307/20000, Train Loss: 0.7245, Validation Set Manhattan Distance: 12.0, Mask Weight: 0.877
Epoch 308/20000, Train Loss: 0.7024, Validation Set Manhattan Distance: 12.0, Mask Weight: 0.877
Epoch 309/20000, Train Loss: 0.6680, Validation Set Manhattan Distance: 12.0, Mask Weight: 0.877
Epoch 310/20000, Train Loss: 0.6835, Validation Set Manhattan Distance: 12.0, Mask Weight: 0.877
Epoch 311/20000, Train Loss: 0.6362, Validation Set Manhattan Distance: 12.0, Mask Weight: 0.877
Epoch 312/20000, Train Loss: 0.6811, Validation Set Manhattan Distance: 12.0, Mask Weight: 0.877
Epoch 313/20000, Train Loss: 0.9094, Validation Set Manhattan Distance: 12.0, Mask Weight: 0.877
Epoch 314/20000, Train Loss: 0.7789, Validation Set Manhattan Distance: 12.0, Mask Weight: 0.877
Epoch 315/20000, Train Loss: 0.7924, Validation Set Manhattan Distance: 12.0, Mask Weight: 0.877
Epoch 316/20000, Train Loss: 0.7641, Validation Set Manhattan Distance: 12.0, Mask Weight: 0.877
Epoch 317/20000, Train Loss: 0.7396, Validation Set Manhattan Distance: 12.0, Mask Weight: 0.877
Epoch 318/20000, Train Loss: 0.7119, Validation Set Manhattan Distance: 12.0, Mask Weight: 0.877
Epoch 319/20000, Train Loss: 0.6777, Validation Set Manhattan Distance: 12.0, Mask Weight: 0.877
Epoch 320/20000, Train Loss: 0.6555, Validation Set Manhattan Distance: 12.0, Mask Weight: 0.877
Epoch 321/20000, Train Loss: 0.6389, Validation Set Manhattan Distance: 12.0, Mask Weight: 0.877
Epoch 322/20000, Train Loss: 0.6227, Validation Set Manhattan Distance: 12.0, Mask Weight: 0.877
Epoch 323/20000, Train Loss: 0.6157, Validation Set Manhattan Distance: 12.0, Mask Weight: 0.877
Epoch 324/20000, Train Loss: 0.6040, Validation Set Manhattan Distance: 12.0, Mask Weight: 0.877
Epoch 325/20000, Train Loss: 0.6608, Validation Set Manhattan Distance: 12.0, Mask Weight: 0.877
Epoch 326/20000, Train Loss: 0.6475, Validation Set Manhattan Distance: 12.0, Mask Weight: 0.877
Epoch 327/20000, Train Loss: 0.6655, Validation Set Manhattan Distance: 12.0, Mask Weight: 0.877
Epoch 328/20000, Train Loss: 0.7125, Validation Set Manhattan Distance: 12.0, Mask Weight: 0.877
Epoch 329/20000, Train Loss: 0.6735, Validation Set Manhattan Distance: 12.0, Mask Weight: 0.877
Epoch 330/20000, Train Loss: 0.6329, Validation Set Manhattan Distance: 12.0, Mask Weight: 0.877
Epoch 331/20000, Train Loss: 0.6417, Validation Set Manhattan Distance: 12.0, Mask Weight: 0.877
Epoch 332/20000, Train Loss: 0.6005, Validation Set Manhattan Distance: 12.0, Mask Weight: 0.877
Epoch 333/20000, Train Loss: 0.5816, Validation Set Manhattan Distance: 12.0, Mask Weight: 0.877
Epoch 334/20000, Train Loss: 0.5757, Validation Set Manhattan Distance: 12.0, Mask Weight: 0.877
Epoch 335/20000, Train Loss: 0.5676, Validation Set Manhattan Distance: 12.0, Mask Weight: 0.877
Epoch 336/20000, Train Loss: 0.5631, Validation Set Manhattan Distance: 12.0, Mask Weight: 0.877
Epoch 337/20000, Train Loss: 0.5661, Validation Set Manhattan Distance: 12.0, Mask Weight: 0.877
Epoch 338/20000, Train Loss: 0.5781, Validation Set Manhattan Distance: 12.0, Mask Weight: 0.877
Epoch 339/20000, Train Loss: 0.5492, Validation Set Manhattan Distance: 12.0, Mask Weight: 0.877
Epoch 340/20000, Train Loss: 0.5505, Validation Set Manhattan Distance: 12.0, Mask Weight: 0.877
Epoch 341/20000, Train Loss: 0.5584, Validation Set Manhattan Distance: 12.0, Mask Weight: 0.877
Epoch 342/20000, Train Loss: 0.6115, Validation Set Manhattan Distance: 12.0, Mask Weight: 0.877
Epoch 343/20000, Train Loss: 0.5982, Validation Set Manhattan Distance: 12.0, Mask Weight: 0.877
Epoch 344/20000, Train Loss: 0.6550, Validation Set Manhattan Distance: 12.0, Mask Weight: 0.877
Epoch 345/20000, Train Loss: 0.7431, Validation Set Manhattan Distance: 12.0, Mask Weight: 0.877
Epoch 346/20000, Train Loss: 0.6615, Validation Set Manhattan Distance: 12.0, Mask Weight: 0.877
Epoch 347/20000, Train Loss: 0.5820, Validation Set Manhattan Distance: 12.0, Mask Weight: 0.877
Epoch 348/20000, Train Loss: 0.5689, Validation Set Manhattan Distance: 12.0, Mask Weight: 0.877
Epoch 349/20000, Train Loss: 0.5546, Validation Set Manhattan Distance: 12.0, Mask Weight: 0.877
Epoch 350/20000, Train Loss: 0.5487, Validation Set Manhattan Distance: 12.0, Mask Weight: 0.877
Epoch 351/20000, Train Loss: 0.5393, Validation Set Manhattan Distance: 12.0, Mask Weight: 0.877
Epoch 352/20000, Train Loss: 0.5444, Validation Set Manhattan Distance: 12.0, Mask Weight: 0.877
Epoch 353/20000, Train Loss: 0.5467, Validation Set Manhattan Distance: 12.0, Mask Weight: 0.877
Epoch 354/20000, Train Loss: 0.5396, Validation Set Manhattan Distance: 12.0, Mask Weight: 0.877
Epoch 355/20000, Train Loss: 0.5409, Validation Set Manhattan Distance: 12.0, Mask Weight: 0.877
Epoch 356/20000, Train Loss: 0.5312, Validation Set Manhattan Distance: 12.0, Mask Weight: 0.877
Epoch 357/20000, Train Loss: 0.5410, Validation Set Manhattan Distance: 12.0, Mask Weight: 0.877
Epoch 358/20000, Train Loss: 0.5372, Validation Set Manhattan Distance: 12.0, Mask Weight: 0.877
Epoch 359/20000, Train Loss: 0.5407, Validation Set Manhattan Distance: 12.0, Mask Weight: 0.877
Epoch 360/20000, Train Loss: 0.5349, Validation Set Manhattan Distance: 12.0, Mask Weight: 0.877
Epoch 361/20000, Train Loss: 0.5334, Validation Set Manhattan Distance: 12.0, Mask Weight: 0.877
Epoch 362/20000, Train Loss: 0.5377, Validation Set Manhattan Distance: 12.0, Mask Weight: 0.877
Epoch 363/20000, Train Loss: 0.5386, Validation Set Manhattan Distance: 12.0, Mask Weight: 0.877
Epoch 364/20000, Train Loss: 0.5375, Validation Set Manhattan Distance: 12.0, Mask Weight: 0.877
Epoch 365/20000, Train Loss: 0.5379, Validation Set Manhattan Distance: 12.0, Mask Weight: 0.877
Epoch 366/20000, Train Loss: 0.5419, Validation Set Manhattan Distance: 12.0, Mask Weight: 0.877
Epoch 367/20000, Train Loss: 0.5327, Validation Set Manhattan Distance: 12.0, Mask Weight: 0.877
Epoch 368/20000, Train Loss: 0.5323, Validation Set Manhattan Distance: 12.0, Mask Weight: 0.877
Epoch 369/20000, Train Loss: 0.5339, Validation Set Manhattan Distance: 12.0, Mask Weight: 0.877
Epoch 370/20000, Train Loss: 0.5343, Validation Set Manhattan Distance: 12.0, Mask Weight: 0.877
Epoch 371/20000, Train Loss: 0.5315, Validation Set Manhattan Distance: 12.0, Mask Weight: 0.877
Epoch 372/20000, Train Loss: 0.5266, Validation Set Manhattan Distance: 12.0, Mask Weight: 0.877
Epoch 373/20000, Train Loss: 0.5278, Validation Set Manhattan Distance: 12.0, Mask Weight: 0.877
Epoch 374/20000, Train Loss: 0.5300, Validation Set Manhattan Distance: 12.0, Mask Weight: 0.877
Epoch 375/20000, Train Loss: 0.5320, Validation Set Manhattan Distance: 12.0, Mask Weight: 0.877
Epoch 376/20000, Train Loss: 0.5499, Validation Set Manhattan Distance: 12.0, Mask Weight: 0.877
Epoch 377/20000, Train Loss: 0.5395, Validation Set Manhattan Distance: 12.0, Mask Weight: 0.877
Epoch 378/20000, Train Loss: 0.5316, Validation Set Manhattan Distance: 12.0, Mask Weight: 0.877
Epoch 379/20000, Train Loss: 0.5279, Validation Set Manhattan Distance: 12.0, Mask Weight: 0.877
Epoch 380/20000, Train Loss: 0.5249, Validation Set Manhattan Distance: 12.0, Mask Weight: 0.877
Epoch 381/20000, Train Loss: 0.5249, Validation Set Manhattan Distance: 12.0, Mask Weight: 0.877
Epoch 382/20000, Train Loss: 0.5337, Validation Set Manhattan Distance: 12.0, Mask Weight: 0.877
Epoch 383/20000, Train Loss: 0.5280, Validation Set Manhattan Distance: 12.0, Mask Weight: 0.877
Epoch 384/20000, Train Loss: 0.5295, Validation Set Manhattan Distance: 12.0, Mask Weight: 0.877
Epoch 385/20000, Train Loss: 0.5251, Validation Set Manhattan Distance: 12.0, Mask Weight: 0.877
Epoch 386/20000, Train Loss: 0.5290, Validation Set Manhattan Distance: 12.0, Mask Weight: 0.877
Epoch 387/20000, Train Loss: 0.5382, Validation Set Manhattan Distance: 12.0, Mask Weight: 0.877
Epoch 388/20000, Train Loss: 0.5691, Validation Set Manhattan Distance: 12.0, Mask Weight: 0.877
Epoch 389/20000, Train Loss: 0.5416, Validation Set Manhattan Distance: 12.0, Mask Weight: 0.877
Epoch 390/20000, Train Loss: 0.6779, Validation Set Manhattan Distance: 12.0, Mask Weight: 0.877
Epoch 391/20000, Train Loss: 0.5786, Validation Set Manhattan Distance: 12.0, Mask Weight: 0.877
Epoch 392/20000, Train Loss: 0.5453, Validation Set Manhattan Distance: 12.0, Mask Weight: 0.877
Epoch 393/20000, Train Loss: 0.5466, Validation Set Manhattan Distance: 12.0, Mask Weight: 0.877
Epoch 394/20000, Train Loss: 0.5492, Validation Set Manhattan Distance: 12.0, Mask Weight: 0.877
Epoch 395/20000, Train Loss: 0.5363, Validation Set Manhattan Distance: 12.0, Mask Weight: 0.877
Epoch 396/20000, Train Loss: 0.5316, Validation Set Manhattan Distance: 12.0, Mask Weight: 0.877
Epoch 397/20000, Train Loss: 0.5320, Validation Set Manhattan Distance: 12.0, Mask Weight: 0.877
Epoch 398/20000, Train Loss: 0.5328, Validation Set Manhattan Distance: 12.0, Mask Weight: 0.877
Epoch 399/20000, Train Loss: 0.5242, Validation Set Manhattan Distance: 12.0, Mask Weight: 0.877
Epoch 400/20000, Train Loss: 0.5267, Validation Set Manhattan Distance: 12.0, Mask Weight: 0.877
Epoch 401/20000, Train Loss: 0.5254, Validation Set Manhattan Distance: 12.0, Mask Weight: 0.877
Epoch 402/20000, Train Loss: 0.5339, Validation Set Manhattan Distance: 12.0, Mask Weight: 0.877
Epoch 403/20000, Train Loss: 0.5236, Validation Set Manhattan Distance: 12.0, Mask Weight: 0.877
Epoch 404/20000, Train Loss: 0.5261, Validation Set Manhattan Distance: 12.0, Mask Weight: 0.877
Epoch 405/20000, Train Loss: 0.5277, Validation Set Manhattan Distance: 12.0, Mask Weight: 0.877
Epoch 406/20000, Train Loss: 0.5239, Validation Set Manhattan Distance: 12.0, Mask Weight: 0.877
Epoch 407/20000, Train Loss: 0.5222, Validation Set Manhattan Distance: 12.0, Mask Weight: 0.877
Epoch 408/20000, Train Loss: 0.5269, Validation Set Manhattan Distance: 12.0, Mask Weight: 0.877
Epoch 409/20000, Train Loss: 0.5212, Validation Set Manhattan Distance: 12.0, Mask Weight: 0.877
Epoch 410/20000, Train Loss: 0.5222, Validation Set Manhattan Distance: 12.0, Mask Weight: 0.877
Epoch 411/20000, Train Loss: 0.5211, Validation Set Manhattan Distance: 12.0, Mask Weight: 0.877
Epoch 412/20000, Train Loss: 0.5263, Validation Set Manhattan Distance: 12.0, Mask Weight: 0.877
Epoch 413/20000, Train Loss: 0.5299, Validation Set Manhattan Distance: 12.0, Mask Weight: 0.877
Epoch 414/20000, Train Loss: 0.5257, Validation Set Manhattan Distance: 12.0, Mask Weight: 0.877
Epoch 415/20000, Train Loss: 0.5252, Validation Set Manhattan Distance: 12.0, Mask Weight: 0.877
Epoch 416/20000, Train Loss: 0.5233, Validation Set Manhattan Distance: 12.0, Mask Weight: 0.877
Epoch 417/20000, Train Loss: 0.5193, Validation Set Manhattan Distance: 12.0, Mask Weight: 0.877
Epoch 418/20000, Train Loss: 0.5244, Validation Set Manhattan Distance: 12.0, Mask Weight: 0.877
Epoch 419/20000, Train Loss: 0.5228, Validation Set Manhattan Distance: 12.0, Mask Weight: 0.877
Epoch 420/20000, Train Loss: 0.5267, Validation Set Manhattan Distance: 12.0, Mask Weight: 0.877
Epoch 421/20000, Train Loss: 0.5259, Validation Set Manhattan Distance: 12.0, Mask Weight: 0.877
Epoch 422/20000, Train Loss: 0.5245, Validation Set Manhattan Distance: 12.0, Mask Weight: 0.877
Epoch 423/20000, Train Loss: 0.5272, Validation Set Manhattan Distance: 12.0, Mask Weight: 0.877
Epoch 424/20000, Train Loss: 0.5212, Validation Set Manhattan Distance: 12.0, Mask Weight: 0.877
Epoch 425/20000, Train Loss: 0.5465, Validation Set Manhattan Distance: 12.0, Mask Weight: 0.877
Epoch 426/20000, Train Loss: 0.5299, Validation Set Manhattan Distance: 12.0, Mask Weight: 0.877
Epoch 427/20000, Train Loss: 0.5278, Validation Set Manhattan Distance: 12.0, Mask Weight: 0.877
Epoch 428/20000, Train Loss: 0.5265, Validation Set Manhattan Distance: 12.0, Mask Weight: 0.877
Epoch 429/20000, Train Loss: 0.5251, Validation Set Manhattan Distance: 12.0, Mask Weight: 0.877
Epoch 430/20000, Train Loss: 0.5300, Validation Set Manhattan Distance: 12.0, Mask Weight: 0.877
Epoch 431/20000, Train Loss: 0.5262, Validation Set Manhattan Distance: 12.0, Mask Weight: 0.877
Epoch 432/20000, Train Loss: 0.5409, Validation Set Manhattan Distance: 12.0, Mask Weight: 0.877
Epoch 433/20000, Train Loss: 0.5303, Validation Set Manhattan Distance: 12.0, Mask Weight: 0.877
Epoch 434/20000, Train Loss: 0.5275, Validation Set Manhattan Distance: 12.0, Mask Weight: 0.877
Epoch 435/20000, Train Loss: 0.5235, Validation Set Manhattan Distance: 12.0, Mask Weight: 0.877
Epoch 436/20000, Train Loss: 0.5272, Validation Set Manhattan Distance: 12.0, Mask Weight: 0.877
Epoch 437/20000, Train Loss: 0.5304, Validation Set Manhattan Distance: 12.0, Mask Weight: 0.877
Epoch 438/20000, Train Loss: 0.5343, Validation Set Manhattan Distance: 12.0, Mask Weight: 0.877
Epoch 439/20000, Train Loss: 0.5313, Validation Set Manhattan Distance: 12.0, Mask Weight: 0.877
Epoch 440/20000, Train Loss: 0.5243, Validation Set Manhattan Distance: 12.0, Mask Weight: 0.877
Epoch 441/20000, Train Loss: 0.5252, Validation Set Manhattan Distance: 12.0, Mask Weight: 0.877
Epoch 442/20000, Train Loss: 0.5196, Validation Set Manhattan Distance: 12.0, Mask Weight: 0.877
Epoch 443/20000, Train Loss: 0.5255, Validation Set Manhattan Distance: 12.0, Mask Weight: 0.877
Epoch 444/20000, Train Loss: 0.5244, Validation Set Manhattan Distance: 12.0, Mask Weight: 0.877
Epoch 445/20000, Train Loss: 0.5208, Validation Set Manhattan Distance: 12.0, Mask Weight: 0.877
Epoch 446/20000, Train Loss: 0.5264, Validation Set Manhattan Distance: 12.0, Mask Weight: 0.877
Epoch 447/20000, Train Loss: 0.5288, Validation Set Manhattan Distance: 12.0, Mask Weight: 0.877
Epoch 448/20000, Train Loss: 0.5219, Validation Set Manhattan Distance: 12.0, Mask Weight: 0.877
Epoch 449/20000, Train Loss: 0.5245, Validation Set Manhattan Distance: 12.0, Mask Weight: 0.877
Epoch 450/20000, Train Loss: 0.5190, Validation Set Manhattan Distance: 12.0, Mask Weight: 0.877
Epoch 451/20000, Train Loss: 0.5238, Validation Set Manhattan Distance: 12.0, Mask Weight: 0.877
Epoch 452/20000, Train Loss: 0.5240, Validation Set Manhattan Distance: 12.0, Mask Weight: 0.877
Epoch 453/20000, Train Loss: 0.5199, Validation Set Manhattan Distance: 12.0, Mask Weight: 0.877
Epoch 454/20000, Train Loss: 0.5218, Validation Set Manhattan Distance: 12.0, Mask Weight: 0.877
Epoch 455/20000, Train Loss: 0.5208, Validation Set Manhattan Distance: 12.0, Mask Weight: 0.877
Epoch 456/20000, Train Loss: 0.5198, Validation Set Manhattan Distance: 12.0, Mask Weight: 0.877
Epoch 457/20000, Train Loss: 0.5214, Validation Set Manhattan Distance: 12.0, Mask Weight: 0.877
Epoch 458/20000, Train Loss: 0.5233, Validation Set Manhattan Distance: 12.0, Mask Weight: 0.877
Epoch 459/20000, Train Loss: 0.5266, Validation Set Manhattan Distance: 12.0, Mask Weight: 0.877
Epoch 460/20000, Train Loss: 0.5325, Validation Set Manhattan Distance: 12.0, Mask Weight: 0.877
Epoch 461/20000, Train Loss: 0.5269, Validation Set Manhattan Distance: 12.0, Mask Weight: 0.877
Epoch 462/20000, Train Loss: 0.5227, Validation Set Manhattan Distance: 12.0, Mask Weight: 0.877
Epoch 463/20000, Train Loss: 0.5218, Validation Set Manhattan Distance: 12.0, Mask Weight: 0.877
Epoch 464/20000, Train Loss: 0.5323, Validation Set Manhattan Distance: 12.0, Mask Weight: 0.877
Epoch 465/20000, Train Loss: 0.5430, Validation Set Manhattan Distance: 12.0, Mask Weight: 0.877
Epoch 466/20000, Train Loss: 0.5233, Validation Set Manhattan Distance: 12.0, Mask Weight: 0.877
Epoch 467/20000, Train Loss: 0.5233, Validation Set Manhattan Distance: 12.0, Mask Weight: 0.877
Epoch 468/20000, Train Loss: 0.5247, Validation Set Manhattan Distance: 12.0, Mask Weight: 0.877
Epoch 469/20000, Train Loss: 0.5218, Validation Set Manhattan Distance: 12.0, Mask Weight: 0.877
Epoch 470/20000, Train Loss: 0.5201, Validation Set Manhattan Distance: 12.0, Mask Weight: 0.877
Epoch 471/20000, Train Loss: 0.5192, Validation Set Manhattan Distance: 12.0, Mask Weight: 0.877
Epoch 472/20000, Train Loss: 0.5229, Validation Set Manhattan Distance: 12.0, Mask Weight: 0.877
Epoch 473/20000, Train Loss: 0.5234, Validation Set Manhattan Distance: 12.0, Mask Weight: 0.877
Epoch 474/20000, Train Loss: 0.5220, Validation Set Manhattan Distance: 12.0, Mask Weight: 0.877
Epoch 475/20000, Train Loss: 0.5221, Validation Set Manhattan Distance: 12.0, Mask Weight: 0.877
Epoch 476/20000, Train Loss: 0.5174, Validation Set Manhattan Distance: 12.0, Mask Weight: 0.877
Epoch 477/20000, Train Loss: 0.5244, Validation Set Manhattan Distance: 12.0, Mask Weight: 0.877
Epoch 478/20000, Train Loss: 0.5189, Validation Set Manhattan Distance: 12.0, Mask Weight: 0.877
Epoch 479/20000, Train Loss: 0.5203, Validation Set Manhattan Distance: 12.0, Mask Weight: 0.877
Epoch 480/20000, Train Loss: 0.5219, Validation Set Manhattan Distance: 12.0, Mask Weight: 0.877
Epoch 481/20000, Train Loss: 0.5228, Validation Set Manhattan Distance: 12.0, Mask Weight: 0.877
Epoch 482/20000, Train Loss: 0.5256, Validation Set Manhattan Distance: 12.0, Mask Weight: 0.877
Epoch 483/20000, Train Loss: 0.5224, Validation Set Manhattan Distance: 12.0, Mask Weight: 0.877
Epoch 484/20000, Train Loss: 0.5233, Validation Set Manhattan Distance: 12.0, Mask Weight: 0.877
Epoch 485/20000, Train Loss: 0.5197, Validation Set Manhattan Distance: 12.0, Mask Weight: 0.877
Epoch 486/20000, Train Loss: 0.5215, Validation Set Manhattan Distance: 12.0, Mask Weight: 0.877
Epoch 487/20000, Train Loss: 0.5204, Validation Set Manhattan Distance: 12.0, Mask Weight: 0.877
Epoch 488/20000, Train Loss: 0.5265, Validation Set Manhattan Distance: 12.0, Mask Weight: 0.877
Epoch 489/20000, Train Loss: 0.5233, Validation Set Manhattan Distance: 12.0, Mask Weight: 0.877
Epoch 490/20000, Train Loss: 0.5213, Validation Set Manhattan Distance: 12.0, Mask Weight: 0.877
Epoch 491/20000, Train Loss: 0.5186, Validation Set Manhattan Distance: 12.0, Mask Weight: 0.877
Epoch 492/20000, Train Loss: 0.5207, Validation Set Manhattan Distance: 12.0, Mask Weight: 0.877
Epoch 493/20000, Train Loss: 0.5199, Validation Set Manhattan Distance: 12.0, Mask Weight: 0.877
Epoch 494/20000, Train Loss: 0.5202, Validation Set Manhattan Distance: 12.0, Mask Weight: 0.877
Epoch 495/20000, Train Loss: 0.5225, Validation Set Manhattan Distance: 12.0, Mask Weight: 0.877
Epoch 496/20000, Train Loss: 0.5205, Validation Set Manhattan Distance: 12.0, Mask Weight: 0.877
Epoch 497/20000, Train Loss: 0.5241, Validation Set Manhattan Distance: 12.0, Mask Weight: 0.877
Epoch 498/20000, Train Loss: 0.5222, Validation Set Manhattan Distance: 12.0, Mask Weight: 0.877
Epoch 499/20000, Train Loss: 0.5192, Validation Set Manhattan Distance: 12.0, Mask Weight: 0.877
Epoch 500/20000, Train Loss: 0.5200, Validation Set Manhattan Distance: 12.0, Mask Weight: 0.877
Epoch 501/20000, Train Loss: 0.5208, Validation Set Manhattan Distance: 12.0, Mask Weight: 0.877
Epoch 502/20000, Train Loss: 0.5244, Validation Set Manhattan Distance: 12.0, Mask Weight: 0.877
Epoch 503/20000, Train Loss: 0.5181, Validation Set Manhattan Distance: 12.0, Mask Weight: 0.877
Epoch 504/20000, Train Loss: 0.5196, Validation Set Manhattan Distance: 12.0, Mask Weight: 0.877
Epoch 505/20000, Train Loss: 0.5251, Validation Set Manhattan Distance: 12.0, Mask Weight: 0.877
Epoch 506/20000, Train Loss: 0.5263, Validation Set Manhattan Distance: 12.0, Mask Weight: 0.877
Epoch 507/20000, Train Loss: 0.5208, Validation Set Manhattan Distance: 12.0, Mask Weight: 0.877
Epoch 508/20000, Train Loss: 0.5219, Validation Set Manhattan Distance: 12.0, Mask Weight: 0.877
Epoch 509/20000, Train Loss: 0.5246, Validation Set Manhattan Distance: 12.0, Mask Weight: 0.877
Epoch 510/20000, Train Loss: 0.5261, Validation Set Manhattan Distance: 12.0, Mask Weight: 0.877
Epoch 511/20000, Train Loss: 0.5398, Validation Set Manhattan Distance: 12.0, Mask Weight: 0.877
Epoch 512/20000, Train Loss: 0.5456, Validation Set Manhattan Distance: 12.0, Mask Weight: 0.877
Epoch 513/20000, Train Loss: 0.5275, Validation Set Manhattan Distance: 12.0, Mask Weight: 0.877
Epoch 514/20000, Train Loss: 0.5318, Validation Set Manhattan Distance: 12.0, Mask Weight: 0.877
Epoch 515/20000, Train Loss: 0.5317, Validation Set Manhattan Distance: 12.0, Mask Weight: 0.877
Epoch 516/20000, Train Loss: 0.5234, Validation Set Manhattan Distance: 12.0, Mask Weight: 0.877
Epoch 517/20000, Train Loss: 0.5273, Validation Set Manhattan Distance: 12.0, Mask Weight: 0.877
Epoch 518/20000, Train Loss: 0.5257, Validation Set Manhattan Distance: 12.0, Mask Weight: 0.877
Epoch 519/20000, Train Loss: 1.1401, Validation Set Manhattan Distance: 12.0, Mask Weight: 0.877
Epoch 520/20000, Train Loss: 1.5423, Validation Set Manhattan Distance: 12.0, Mask Weight: 0.877
Epoch 521/20000, Train Loss: 1.4660, Validation Set Manhattan Distance: 12.0, Mask Weight: 0.877
Epoch 522/20000, Train Loss: 1.3770, Validation Set Manhattan Distance: 12.0, Mask Weight: 0.877
Epoch 523/20000, Train Loss: 1.2725, Validation Set Manhattan Distance: 12.0, Mask Weight: 0.877
Epoch 524/20000, Train Loss: 1.1809, Validation Set Manhattan Distance: 12.0, Mask Weight: 0.877
Epoch 525/20000, Train Loss: 1.1219, Validation Set Manhattan Distance: 12.0, Mask Weight: 0.877
Epoch 526/20000, Train Loss: 1.0928, Validation Set Manhattan Distance: 12.0, Mask Weight: 0.877
Epoch 527/20000, Train Loss: 1.0679, Validation Set Manhattan Distance: 12.0, Mask Weight: 0.877
Epoch 528/20000, Train Loss: 1.0479, Validation Set Manhattan Distance: 12.0, Mask Weight: 0.877
Epoch 529/20000, Train Loss: 1.0318, Validation Set Manhattan Distance: 12.0, Mask Weight: 0.877
Epoch 530/20000, Train Loss: 1.0171, Validation Set Manhattan Distance: 12.0, Mask Weight: 0.877
Epoch 531/20000, Train Loss: 1.0043, Validation Set Manhattan Distance: 12.0, Mask Weight: 0.877
Epoch 532/20000, Train Loss: 0.9916, Validation Set Manhattan Distance: 12.0, Mask Weight: 0.877
Epoch 533/20000, Train Loss: 0.9804, Validation Set Manhattan Distance: 12.0, Mask Weight: 0.877
Epoch 534/20000, Train Loss: 0.9683, Validation Set Manhattan Distance: 12.0, Mask Weight: 0.877
Epoch 535/20000, Train Loss: 0.9559, Validation Set Manhattan Distance: 12.0, Mask Weight: 0.877
Epoch 536/20000, Train Loss: 0.9435, Validation Set Manhattan Distance: 12.0, Mask Weight: 0.877
Epoch 537/20000, Train Loss: 0.9288, Validation Set Manhattan Distance: 12.0, Mask Weight: 0.877
Epoch 538/20000, Train Loss: 0.9129, Validation Set Manhattan Distance: 12.0, Mask Weight: 0.877
Epoch 539/20000, Train Loss: 0.8960, Validation Set Manhattan Distance: 12.0, Mask Weight: 0.877
Epoch 540/20000, Train Loss: 0.8837, Validation Set Manhattan Distance: 12.0, Mask Weight: 0.877
Epoch 541/20000, Train Loss: 0.8663, Validation Set Manhattan Distance: 12.0, Mask Weight: 0.877
Epoch 542/20000, Train Loss: 0.8418, Validation Set Manhattan Distance: 12.0, Mask Weight: 0.877
Epoch 543/20000, Train Loss: 0.8130, Validation Set Manhattan Distance: 12.0, Mask Weight: 0.877
Epoch 544/20000, Train Loss: 0.7803, Validation Set Manhattan Distance: 12.0, Mask Weight: 0.877
Epoch 545/20000, Train Loss: 0.7427, Validation Set Manhattan Distance: 12.0, Mask Weight: 0.877
Epoch 546/20000, Train Loss: 0.7101, Validation Set Manhattan Distance: 12.0, Mask Weight: 0.877
Epoch 547/20000, Train Loss: 0.6639, Validation Set Manhattan Distance: 12.0, Mask Weight: 0.877
Epoch 548/20000, Train Loss: 0.6504, Validation Set Manhattan Distance: 12.0, Mask Weight: 0.877
Epoch 549/20000, Train Loss: 0.7233, Validation Set Manhattan Distance: 12.0, Mask Weight: 0.877
Epoch 550/20000, Train Loss: 0.6651, Validation Set Manhattan Distance: 12.0, Mask Weight: 0.877
Epoch 551/20000, Train Loss: 0.6288, Validation Set Manhattan Distance: 12.0, Mask Weight: 0.877
Epoch 552/20000, Train Loss: 0.6892, Validation Set Manhattan Distance: 12.0, Mask Weight: 0.877
Epoch 553/20000, Train Loss: 0.6714, Validation Set Manhattan Distance: 12.0, Mask Weight: 0.877
Epoch 554/20000, Train Loss: 0.7364, Validation Set Manhattan Distance: 12.0, Mask Weight: 0.877
Epoch 555/20000, Train Loss: 0.6156, Validation Set Manhattan Distance: 12.0, Mask Weight: 0.877
Epoch 556/20000, Train Loss: 0.5944, Validation Set Manhattan Distance: 12.0, Mask Weight: 0.877
Epoch 557/20000, Train Loss: 0.5766, Validation Set Manhattan Distance: 12.0, Mask Weight: 0.877
Epoch 558/20000, Train Loss: 0.5699, Validation Set Manhattan Distance: 12.0, Mask Weight: 0.877
Epoch 559/20000, Train Loss: 0.5534, Validation Set Manhattan Distance: 12.0, Mask Weight: 0.877
Epoch 560/20000, Train Loss: 0.5564, Validation Set Manhattan Distance: 12.0, Mask Weight: 0.877
Epoch 561/20000, Train Loss: 0.5750, Validation Set Manhattan Distance: 12.0, Mask Weight: 0.877
Epoch 562/20000, Train Loss: 0.5865, Validation Set Manhattan Distance: 12.0, Mask Weight: 0.877
Epoch 563/20000, Train Loss: 0.6436, Validation Set Manhattan Distance: 12.0, Mask Weight: 0.877
Epoch 564/20000, Train Loss: 0.6453, Validation Set Manhattan Distance: 12.0, Mask Weight: 0.877
Epoch 565/20000, Train Loss: 0.6212, Validation Set Manhattan Distance: 12.0, Mask Weight: 0.877
Epoch 566/20000, Train Loss: 0.5817, Validation Set Manhattan Distance: 12.0, Mask Weight: 0.877
Epoch 567/20000, Train Loss: 0.5674, Validation Set Manhattan Distance: 12.0, Mask Weight: 0.877
Epoch 568/20000, Train Loss: 0.5647, Validation Set Manhattan Distance: 12.0, Mask Weight: 0.877
Epoch 569/20000, Train Loss: 0.5404, Validation Set Manhattan Distance: 12.0, Mask Weight: 0.877
Epoch 570/20000, Train Loss: 0.5397, Validation Set Manhattan Distance: 12.0, Mask Weight: 0.877
Epoch 571/20000, Train Loss: 0.5291, Validation Set Manhattan Distance: 12.0, Mask Weight: 0.877
Epoch 572/20000, Train Loss: 0.5319, Validation Set Manhattan Distance: 12.0, Mask Weight: 0.877
Epoch 573/20000, Train Loss: 0.5253, Validation Set Manhattan Distance: 12.0, Mask Weight: 0.877
Epoch 574/20000, Train Loss: 0.5249, Validation Set Manhattan Distance: 12.0, Mask Weight: 0.877
Epoch 575/20000, Train Loss: 0.5234, Validation Set Manhattan Distance: 12.0, Mask Weight: 0.877
Epoch 576/20000, Train Loss: 0.5283, Validation Set Manhattan Distance: 12.0, Mask Weight: 0.877
Epoch 577/20000, Train Loss: 0.5240, Validation Set Manhattan Distance: 12.0, Mask Weight: 0.877
Epoch 578/20000, Train Loss: 0.5225, Validation Set Manhattan Distance: 12.0, Mask Weight: 0.877
Epoch 579/20000, Train Loss: 0.5209, Validation Set Manhattan Distance: 12.0, Mask Weight: 0.877
Epoch 580/20000, Train Loss: 0.5281, Validation Set Manhattan Distance: 12.0, Mask Weight: 0.877
Epoch 581/20000, Train Loss: 0.5337, Validation Set Manhattan Distance: 12.0, Mask Weight: 0.877
Epoch 582/20000, Train Loss: 0.5225, Validation Set Manhattan Distance: 12.0, Mask Weight: 0.877
Epoch 583/20000, Train Loss: 0.5200, Validation Set Manhattan Distance: 12.0, Mask Weight: 0.877
Epoch 584/20000, Train Loss: 0.5298, Validation Set Manhattan Distance: 12.0, Mask Weight: 0.877
Epoch 585/20000, Train Loss: 0.5194, Validation Set Manhattan Distance: 12.0, Mask Weight: 0.877
Epoch 586/20000, Train Loss: 0.5349, Validation Set Manhattan Distance: 12.0, Mask Weight: 0.877
Epoch 587/20000, Train Loss: 0.5271, Validation Set Manhattan Distance: 12.0, Mask Weight: 0.877
Epoch 588/20000, Train Loss: 0.5216, Validation Set Manhattan Distance: 12.0, Mask Weight: 0.877
Epoch 589/20000, Train Loss: 0.5236, Validation Set Manhattan Distance: 12.0, Mask Weight: 0.877
Epoch 590/20000, Train Loss: 0.5194, Validation Set Manhattan Distance: 12.0, Mask Weight: 0.877
Epoch 591/20000, Train Loss: 0.5267, Validation Set Manhattan Distance: 12.0, Mask Weight: 0.877
Epoch 592/20000, Train Loss: 0.5281, Validation Set Manhattan Distance: 12.0, Mask Weight: 0.877
Epoch 593/20000, Train Loss: 0.5232, Validation Set Manhattan Distance: 12.0, Mask Weight: 0.877
Epoch 594/20000, Train Loss: 0.5208, Validation Set Manhattan Distance: 12.0, Mask Weight: 0.877
Epoch 595/20000, Train Loss: 0.5238, Validation Set Manhattan Distance: 12.0, Mask Weight: 0.877
Epoch 596/20000, Train Loss: 0.5208, Validation Set Manhattan Distance: 12.0, Mask Weight: 0.877
Epoch 597/20000, Train Loss: 0.5213, Validation Set Manhattan Distance: 12.0, Mask Weight: 0.877
Epoch 598/20000, Train Loss: 0.5224, Validation Set Manhattan Distance: 12.0, Mask Weight: 0.877
Epoch 599/20000, Train Loss: 0.5197, Validation Set Manhattan Distance: 12.0, Mask Weight: 0.877
Epoch 600/20000, Train Loss: 0.5254, Validation Set Manhattan Distance: 12.0, Mask Weight: 0.877
Epoch 601/20000, Train Loss: 0.5235, Validation Set Manhattan Distance: 12.0, Mask Weight: 0.877
Epoch 602/20000, Train Loss: 0.5247, Validation Set Manhattan Distance: 12.0, Mask Weight: 0.877
Epoch 603/20000, Train Loss: 0.5194, Validation Set Manhattan Distance: 12.0, Mask Weight: 0.877
Epoch 604/20000, Train Loss: 0.5234, Validation Set Manhattan Distance: 12.0, Mask Weight: 0.877
Epoch 605/20000, Train Loss: 0.5212, Validation Set Manhattan Distance: 12.0, Mask Weight: 0.877
Epoch 606/20000, Train Loss: 0.5205, Validation Set Manhattan Distance: 12.0, Mask Weight: 0.877
Epoch 607/20000, Train Loss: 0.5212, Validation Set Manhattan Distance: 12.0, Mask Weight: 0.877
Epoch 608/20000, Train Loss: 0.5215, Validation Set Manhattan Distance: 12.0, Mask Weight: 0.877
Epoch 609/20000, Train Loss: 0.5208, Validation Set Manhattan Distance: 12.0, Mask Weight: 0.877
Epoch 610/20000, Train Loss: 0.5202, Validation Set Manhattan Distance: 12.0, Mask Weight: 0.877
Epoch 611/20000, Train Loss: 0.5195, Validation Set Manhattan Distance: 12.0, Mask Weight: 0.877
Epoch 612/20000, Train Loss: 0.5233, Validation Set Manhattan Distance: 12.0, Mask Weight: 0.877
Epoch 613/20000, Train Loss: 0.5240, Validation Set Manhattan Distance: 12.0, Mask Weight: 0.877
Epoch 614/20000, Train Loss: 0.5210, Validation Set Manhattan Distance: 12.0, Mask Weight: 0.877
Epoch 615/20000, Train Loss: 0.5192, Validation Set Manhattan Distance: 12.0, Mask Weight: 0.877
Epoch 616/20000, Train Loss: 0.5170, Validation Set Manhattan Distance: 12.0, Mask Weight: 0.877
Epoch 617/20000, Train Loss: 0.5184, Validation Set Manhattan Distance: 12.0, Mask Weight: 0.877
Epoch 618/20000, Train Loss: 0.5194, Validation Set Manhattan Distance: 12.0, Mask Weight: 0.877
Epoch 619/20000, Train Loss: 0.5199, Validation Set Manhattan Distance: 12.0, Mask Weight: 0.877
Epoch 620/20000, Train Loss: 0.5203, Validation Set Manhattan Distance: 12.0, Mask Weight: 0.877
Epoch 621/20000, Train Loss: 0.5199, Validation Set Manhattan Distance: 12.0, Mask Weight: 0.877
Epoch 622/20000, Train Loss: 0.5178, Validation Set Manhattan Distance: 12.0, Mask Weight: 0.877
Epoch 623/20000, Train Loss: 0.5242, Validation Set Manhattan Distance: 12.0, Mask Weight: 0.877
Epoch 624/20000, Train Loss: 0.5202, Validation Set Manhattan Distance: 12.0, Mask Weight: 0.877
Epoch 625/20000, Train Loss: 0.5232, Validation Set Manhattan Distance: 12.0, Mask Weight: 0.877
Epoch 626/20000, Train Loss: 0.5228, Validation Set Manhattan Distance: 12.0, Mask Weight: 0.877
Epoch 627/20000, Train Loss: 0.5191, Validation Set Manhattan Distance: 12.0, Mask Weight: 0.877
Epoch 628/20000, Train Loss: 0.5200, Validation Set Manhattan Distance: 12.0, Mask Weight: 0.877
Epoch 629/20000, Train Loss: 0.5171, Validation Set Manhattan Distance: 12.0, Mask Weight: 0.877
Epoch 630/20000, Train Loss: 0.5221, Validation Set Manhattan Distance: 12.0, Mask Weight: 0.877
Epoch 631/20000, Train Loss: 0.5198, Validation Set Manhattan Distance: 12.0, Mask Weight: 0.877
Epoch 632/20000, Train Loss: 0.5181, Validation Set Manhattan Distance: 12.0, Mask Weight: 0.877
Epoch 633/20000, Train Loss: 0.5189, Validation Set Manhattan Distance: 12.0, Mask Weight: 0.877
Epoch 634/20000, Train Loss: 0.5210, Validation Set Manhattan Distance: 12.0, Mask Weight: 0.877
Epoch 635/20000, Train Loss: 0.5208, Validation Set Manhattan Distance: 12.0, Mask Weight: 0.877
Epoch 636/20000, Train Loss: 0.5263, Validation Set Manhattan Distance: 12.0, Mask Weight: 0.877
Epoch 637/20000, Train Loss: 0.5217, Validation Set Manhattan Distance: 12.0, Mask Weight: 0.877
Epoch 638/20000, Train Loss: 0.5213, Validation Set Manhattan Distance: 12.0, Mask Weight: 0.877
Epoch 639/20000, Train Loss: 0.5158, Validation Set Manhattan Distance: 12.0, Mask Weight: 0.877
Epoch 640/20000, Train Loss: 0.5217, Validation Set Manhattan Distance: 12.0, Mask Weight: 0.877
Epoch 641/20000, Train Loss: 0.5222, Validation Set Manhattan Distance: 12.0, Mask Weight: 0.877
Epoch 642/20000, Train Loss: 0.5294, Validation Set Manhattan Distance: 12.0, Mask Weight: 0.877
Epoch 643/20000, Train Loss: 0.5286, Validation Set Manhattan Distance: 12.0, Mask Weight: 0.877
Epoch 644/20000, Train Loss: 0.5248, Validation Set Manhattan Distance: 12.0, Mask Weight: 0.877
Epoch 645/20000, Train Loss: 0.5252, Validation Set Manhattan Distance: 12.0, Mask Weight: 0.877
Epoch 646/20000, Train Loss: 0.5295, Validation Set Manhattan Distance: 12.0, Mask Weight: 0.877
Epoch 647/20000, Train Loss: 0.5202, Validation Set Manhattan Distance: 12.0, Mask Weight: 0.877
Epoch 648/20000, Train Loss: 0.5202, Validation Set Manhattan Distance: 12.0, Mask Weight: 0.877
Epoch 649/20000, Train Loss: 0.5169, Validation Set Manhattan Distance: 12.0, Mask Weight: 0.877
Epoch 650/20000, Train Loss: 0.5188, Validation Set Manhattan Distance: 12.0, Mask Weight: 0.877
Epoch 651/20000, Train Loss: 0.5207, Validation Set Manhattan Distance: 12.0, Mask Weight: 0.877
Epoch 652/20000, Train Loss: 0.5155, Validation Set Manhattan Distance: 12.0, Mask Weight: 0.877
Epoch 653/20000, Train Loss: 0.5194, Validation Set Manhattan Distance: 12.0, Mask Weight: 0.877
Epoch 654/20000, Train Loss: 0.5207, Validation Set Manhattan Distance: 12.0, Mask Weight: 0.877
Epoch 655/20000, Train Loss: 0.5179, Validation Set Manhattan Distance: 12.0, Mask Weight: 0.877
Epoch 656/20000, Train Loss: 0.5209, Validation Set Manhattan Distance: 12.0, Mask Weight: 0.877
Epoch 657/20000, Train Loss: 0.5185, Validation Set Manhattan Distance: 12.0, Mask Weight: 0.877
Epoch 658/20000, Train Loss: 0.5166, Validation Set Manhattan Distance: 12.0, Mask Weight: 0.877
Epoch 659/20000, Train Loss: 0.5178, Validation Set Manhattan Distance: 12.0, Mask Weight: 0.877
Epoch 660/20000, Train Loss: 0.5176, Validation Set Manhattan Distance: 12.0, Mask Weight: 0.877
Epoch 661/20000, Train Loss: 0.5197, Validation Set Manhattan Distance: 12.0, Mask Weight: 0.877
Epoch 662/20000, Train Loss: 0.5167, Validation Set Manhattan Distance: 12.0, Mask Weight: 0.877
Epoch 663/20000, Train Loss: 0.5153, Validation Set Manhattan Distance: 12.0, Mask Weight: 0.877
Epoch 664/20000, Train Loss: 0.5170, Validation Set Manhattan Distance: 12.0, Mask Weight: 0.877
Epoch 665/20000, Train Loss: 0.5199, Validation Set Manhattan Distance: 12.0, Mask Weight: 0.877
Epoch 666/20000, Train Loss: 0.5156, Validation Set Manhattan Distance: 12.0, Mask Weight: 0.877
Epoch 667/20000, Train Loss: 0.5236, Validation Set Manhattan Distance: 12.0, Mask Weight: 0.877
Epoch 668/20000, Train Loss: 0.5200, Validation Set Manhattan Distance: 12.0, Mask Weight: 0.877
Epoch 669/20000, Train Loss: 0.5165, Validation Set Manhattan Distance: 12.0, Mask Weight: 0.877
Epoch 670/20000, Train Loss: 0.5158, Validation Set Manhattan Distance: 12.0, Mask Weight: 0.877
Epoch 671/20000, Train Loss: 0.5198, Validation Set Manhattan Distance: 12.0, Mask Weight: 0.877
Epoch 672/20000, Train Loss: 0.5189, Validation Set Manhattan Distance: 12.0, Mask Weight: 0.877
Epoch 673/20000, Train Loss: 0.5163, Validation Set Manhattan Distance: 12.0, Mask Weight: 0.877
Epoch 674/20000, Train Loss: 0.5205, Validation Set Manhattan Distance: 12.0, Mask Weight: 0.877
Epoch 675/20000, Train Loss: 0.5205, Validation Set Manhattan Distance: 12.0, Mask Weight: 0.877
Epoch 676/20000, Train Loss: 0.5181, Validation Set Manhattan Distance: 12.0, Mask Weight: 0.877
Epoch 677/20000, Train Loss: 0.5244, Validation Set Manhattan Distance: 12.0, Mask Weight: 0.877
Epoch 678/20000, Train Loss: 0.5191, Validation Set Manhattan Distance: 12.0, Mask Weight: 0.877
Epoch 679/20000, Train Loss: 0.5206, Validation Set Manhattan Distance: 12.0, Mask Weight: 0.877
Epoch 680/20000, Train Loss: 0.5297, Validation Set Manhattan Distance: 12.0, Mask Weight: 0.877
Epoch 681/20000, Train Loss: 0.5345, Validation Set Manhattan Distance: 12.0, Mask Weight: 0.877
Epoch 682/20000, Train Loss: 0.5262, Validation Set Manhattan Distance: 12.0, Mask Weight: 0.877
Epoch 683/20000, Train Loss: 0.5210, Validation Set Manhattan Distance: 12.0, Mask Weight: 0.877
Epoch 684/20000, Train Loss: 0.5215, Validation Set Manhattan Distance: 12.0, Mask Weight: 0.877
Epoch 685/20000, Train Loss: 0.5175, Validation Set Manhattan Distance: 12.0, Mask Weight: 0.877
Epoch 686/20000, Train Loss: 0.5189, Validation Set Manhattan Distance: 12.0, Mask Weight: 0.877
Epoch 687/20000, Train Loss: 0.5180, Validation Set Manhattan Distance: 12.0, Mask Weight: 0.877
Epoch 688/20000, Train Loss: 0.5166, Validation Set Manhattan Distance: 12.0, Mask Weight: 0.877
Epoch 689/20000, Train Loss: 0.5168, Validation Set Manhattan Distance: 12.0, Mask Weight: 0.877
Epoch 690/20000, Train Loss: 0.5169, Validation Set Manhattan Distance: 12.0, Mask Weight: 0.877
Epoch 691/20000, Train Loss: 0.5158, Validation Set Manhattan Distance: 12.0, Mask Weight: 0.877
Epoch 692/20000, Train Loss: 0.5175, Validation Set Manhattan Distance: 12.0, Mask Weight: 0.877
Epoch 693/20000, Train Loss: 0.5145, Validation Set Manhattan Distance: 12.0, Mask Weight: 0.877
Epoch 694/20000, Train Loss: 0.5166, Validation Set Manhattan Distance: 12.0, Mask Weight: 0.877
Epoch 695/20000, Train Loss: 0.5206, Validation Set Manhattan Distance: 12.0, Mask Weight: 0.877
Epoch 696/20000, Train Loss: 0.5251, Validation Set Manhattan Distance: 12.0, Mask Weight: 0.877
Epoch 697/20000, Train Loss: 0.5223, Validation Set Manhattan Distance: 12.0, Mask Weight: 0.877
Epoch 698/20000, Train Loss: 0.5162, Validation Set Manhattan Distance: 12.0, Mask Weight: 0.877
Epoch 699/20000, Train Loss: 0.5182, Validation Set Manhattan Distance: 12.0, Mask Weight: 0.877
Epoch 700/20000, Train Loss: 0.5190, Validation Set Manhattan Distance: 12.0, Mask Weight: 0.877
Epoch 701/20000, Train Loss: 0.5181, Validation Set Manhattan Distance: 12.0, Mask Weight: 0.877
Epoch 702/20000, Train Loss: 0.5181, Validation Set Manhattan Distance: 12.0, Mask Weight: 0.877
Epoch 703/20000, Train Loss: 0.5163, Validation Set Manhattan Distance: 12.0, Mask Weight: 0.877
Epoch 704/20000, Train Loss: 0.5170, Validation Set Manhattan Distance: 12.0, Mask Weight: 0.877
Epoch 705/20000, Train Loss: 0.5223, Validation Set Manhattan Distance: 12.0, Mask Weight: 0.877
Epoch 706/20000, Train Loss: 0.5153, Validation Set Manhattan Distance: 12.0, Mask Weight: 0.877
Epoch 707/20000, Train Loss: 0.5176, Validation Set Manhattan Distance: 12.0, Mask Weight: 0.877
Epoch 708/20000, Train Loss: 0.5206, Validation Set Manhattan Distance: 12.0, Mask Weight: 0.877
Epoch 709/20000, Train Loss: 0.5181, Validation Set Manhattan Distance: 12.0, Mask Weight: 0.877
Epoch 710/20000, Train Loss: 0.5150, Validation Set Manhattan Distance: 12.0, Mask Weight: 0.877
Epoch 711/20000, Train Loss: 0.5164, Validation Set Manhattan Distance: 12.0, Mask Weight: 0.877
Epoch 712/20000, Train Loss: 0.5192, Validation Set Manhattan Distance: 12.0, Mask Weight: 0.877
Epoch 713/20000, Train Loss: 0.5168, Validation Set Manhattan Distance: 12.0, Mask Weight: 0.877
Epoch 714/20000, Train Loss: 0.5268, Validation Set Manhattan Distance: 12.0, Mask Weight: 0.877
Epoch 715/20000, Train Loss: 0.5157, Validation Set Manhattan Distance: 12.0, Mask Weight: 0.877
Epoch 716/20000, Train Loss: 0.5186, Validation Set Manhattan Distance: 12.0, Mask Weight: 0.877
Epoch 717/20000, Train Loss: 0.5170, Validation Set Manhattan Distance: 12.0, Mask Weight: 0.877
Epoch 718/20000, Train Loss: 0.5185, Validation Set Manhattan Distance: 12.0, Mask Weight: 0.877
Epoch 719/20000, Train Loss: 0.5182, Validation Set Manhattan Distance: 12.0, Mask Weight: 0.877
Epoch 720/20000, Train Loss: 0.5175, Validation Set Manhattan Distance: 12.0, Mask Weight: 0.877
Epoch 721/20000, Train Loss: 0.5187, Validation Set Manhattan Distance: 12.0, Mask Weight: 0.877
Epoch 722/20000, Train Loss: 0.5174, Validation Set Manhattan Distance: 12.0, Mask Weight: 0.877
Epoch 723/20000, Train Loss: 0.5206, Validation Set Manhattan Distance: 12.0, Mask Weight: 0.877
Epoch 724/20000, Train Loss: 0.5160, Validation Set Manhattan Distance: 12.0, Mask Weight: 0.877
Epoch 725/20000, Train Loss: 0.5198, Validation Set Manhattan Distance: 12.0, Mask Weight: 0.877
Epoch 726/20000, Train Loss: 0.5150, Validation Set Manhattan Distance: 12.0, Mask Weight: 0.877
Epoch 727/20000, Train Loss: 0.5199, Validation Set Manhattan Distance: 12.0, Mask Weight: 0.877
Epoch 728/20000, Train Loss: 0.5160, Validation Set Manhattan Distance: 12.0, Mask Weight: 0.877
Epoch 729/20000, Train Loss: 0.5143, Validation Set Manhattan Distance: 12.0, Mask Weight: 0.877
Epoch 730/20000, Train Loss: 0.5171, Validation Set Manhattan Distance: 12.0, Mask Weight: 0.877
Epoch 731/20000, Train Loss: 0.5151, Validation Set Manhattan Distance: 12.0, Mask Weight: 0.877
Epoch 732/20000, Train Loss: 0.5180, Validation Set Manhattan Distance: 12.0, Mask Weight: 0.877
Epoch 733/20000, Train Loss: 0.5154, Validation Set Manhattan Distance: 12.0, Mask Weight: 0.877
Epoch 734/20000, Train Loss: 0.5177, Validation Set Manhattan Distance: 12.0, Mask Weight: 0.877
Epoch 735/20000, Train Loss: 0.5183, Validation Set Manhattan Distance: 12.0, Mask Weight: 0.877
Epoch 736/20000, Train Loss: 0.5153, Validation Set Manhattan Distance: 12.0, Mask Weight: 0.877
Epoch 737/20000, Train Loss: 0.5202, Validation Set Manhattan Distance: 12.0, Mask Weight: 0.877
Epoch 738/20000, Train Loss: 0.5156, Validation Set Manhattan Distance: 12.0, Mask Weight: 0.877
Epoch 739/20000, Train Loss: 0.5179, Validation Set Manhattan Distance: 12.0, Mask Weight: 0.877
Epoch 740/20000, Train Loss: 0.5169, Validation Set Manhattan Distance: 12.0, Mask Weight: 0.877
Epoch 741/20000, Train Loss: 0.5168, Validation Set Manhattan Distance: 12.0, Mask Weight: 0.877
Epoch 742/20000, Train Loss: 0.5161, Validation Set Manhattan Distance: 12.0, Mask Weight: 0.877
Epoch 743/20000, Train Loss: 0.5183, Validation Set Manhattan Distance: 12.0, Mask Weight: 0.877
Epoch 744/20000, Train Loss: 0.5196, Validation Set Manhattan Distance: 12.0, Mask Weight: 0.877
Epoch 745/20000, Train Loss: 0.5164, Validation Set Manhattan Distance: 12.0, Mask Weight: 0.877
Epoch 746/20000, Train Loss: 0.5161, Validation Set Manhattan Distance: 12.0, Mask Weight: 0.877
Epoch 747/20000, Train Loss: 0.5174, Validation Set Manhattan Distance: 12.0, Mask Weight: 0.877
Epoch 748/20000, Train Loss: 0.5157, Validation Set Manhattan Distance: 12.0, Mask Weight: 0.877
Epoch 749/20000, Train Loss: 0.5190, Validation Set Manhattan Distance: 12.0, Mask Weight: 0.877
Epoch 750/20000, Train Loss: 1.3171, Validation Set Manhattan Distance: 12.0, Mask Weight: 0.877
Epoch 751/20000, Train Loss: 1.5866, Validation Set Manhattan Distance: 12.0, Mask Weight: 0.877
Epoch 752/20000, Train Loss: 1.5479, Validation Set Manhattan Distance: 12.0, Mask Weight: 0.877
Epoch 753/20000, Train Loss: 1.4854, Validation Set Manhattan Distance: 12.0, Mask Weight: 0.877
Epoch 754/20000, Train Loss: 1.4153, Validation Set Manhattan Distance: 12.0, Mask Weight: 0.877
Epoch 755/20000, Train Loss: 1.3358, Validation Set Manhattan Distance: 12.0, Mask Weight: 0.877
Epoch 756/20000, Train Loss: 1.2600, Validation Set Manhattan Distance: 12.0, Mask Weight: 0.877
Epoch 757/20000, Train Loss: 1.1917, Validation Set Manhattan Distance: 12.0, Mask Weight: 0.877
Epoch 758/20000, Train Loss: 1.1358, Validation Set Manhattan Distance: 12.0, Mask Weight: 0.877
Epoch 759/20000, Train Loss: 1.0996, Validation Set Manhattan Distance: 12.0, Mask Weight: 0.877
Epoch 760/20000, Train Loss: 1.0783, Validation Set Manhattan Distance: 12.0, Mask Weight: 0.877
Epoch 761/20000, Train Loss: 1.0573, Validation Set Manhattan Distance: 12.0, Mask Weight: 0.877
Epoch 762/20000, Train Loss: 1.0345, Validation Set Manhattan Distance: 12.0, Mask Weight: 0.877
Epoch 763/20000, Train Loss: 1.0063, Validation Set Manhattan Distance: 12.0, Mask Weight: 0.877
Epoch 764/20000, Train Loss: 0.9836, Validation Set Manhattan Distance: 12.0, Mask Weight: 0.877
Epoch 765/20000, Train Loss: 0.9551, Validation Set Manhattan Distance: 12.0, Mask Weight: 0.877
Epoch 766/20000, Train Loss: 0.9401, Validation Set Manhattan Distance: 12.0, Mask Weight: 0.877
Epoch 767/20000, Train Loss: 0.9330, Validation Set Manhattan Distance: 12.0, Mask Weight: 0.877
Epoch 768/20000, Train Loss: 0.9233, Validation Set Manhattan Distance: 12.0, Mask Weight: 0.877
Epoch 769/20000, Train Loss: 0.9177, Validation Set Manhattan Distance: 12.0, Mask Weight: 0.877
Epoch 770/20000, Train Loss: 0.9136, Validation Set Manhattan Distance: 12.0, Mask Weight: 0.877
Epoch 771/20000, Train Loss: 0.9081, Validation Set Manhattan Distance: 12.0, Mask Weight: 0.877
Epoch 772/20000, Train Loss: 0.9004, Validation Set Manhattan Distance: 12.0, Mask Weight: 0.877
Epoch 773/20000, Train Loss: 0.9004, Validation Set Manhattan Distance: 12.0, Mask Weight: 0.877
Epoch 774/20000, Train Loss: 0.8956, Validation Set Manhattan Distance: 12.0, Mask Weight: 0.877
Epoch 775/20000, Train Loss: 0.8929, Validation Set Manhattan Distance: 12.0, Mask Weight: 0.877
Epoch 776/20000, Train Loss: 0.8909, Validation Set Manhattan Distance: 12.0, Mask Weight: 0.877
Epoch 777/20000, Train Loss: 0.8913, Validation Set Manhattan Distance: 12.0, Mask Weight: 0.877
Epoch 778/20000, Train Loss: 0.8864, Validation Set Manhattan Distance: 12.0, Mask Weight: 0.877
Epoch 779/20000, Train Loss: 0.8869, Validation Set Manhattan Distance: 12.0, Mask Weight: 0.877
Epoch 780/20000, Train Loss: 0.8733, Validation Set Manhattan Distance: 12.0, Mask Weight: 0.877
Epoch 781/20000, Train Loss: 0.8725, Validation Set Manhattan Distance: 12.0, Mask Weight: 0.877
Epoch 782/20000, Train Loss: 0.8691, Validation Set Manhattan Distance: 12.0, Mask Weight: 0.877
Epoch 783/20000, Train Loss: 0.8625, Validation Set Manhattan Distance: 12.0, Mask Weight: 0.877
Epoch 784/20000, Train Loss: 0.8544, Validation Set Manhattan Distance: 12.0, Mask Weight: 0.877
Epoch 785/20000, Train Loss: 0.8498, Validation Set Manhattan Distance: 12.0, Mask Weight: 0.877
Epoch 786/20000, Train Loss: 0.8414, Validation Set Manhattan Distance: 12.0, Mask Weight: 0.877
Epoch 787/20000, Train Loss: 0.8376, Validation Set Manhattan Distance: 12.0, Mask Weight: 0.877
Epoch 788/20000, Train Loss: 0.8292, Validation Set Manhattan Distance: 12.0, Mask Weight: 0.877
Epoch 789/20000, Train Loss: 0.8204, Validation Set Manhattan Distance: 12.0, Mask Weight: 0.877
Epoch 790/20000, Train Loss: 0.8054, Validation Set Manhattan Distance: 12.0, Mask Weight: 0.877
Epoch 791/20000, Train Loss: 0.7856, Validation Set Manhattan Distance: 12.0, Mask Weight: 0.877
Epoch 792/20000, Train Loss: 0.7739, Validation Set Manhattan Distance: 12.0, Mask Weight: 0.877
Epoch 793/20000, Train Loss: 0.7694, Validation Set Manhattan Distance: 12.0, Mask Weight: 0.877
Epoch 794/20000, Train Loss: 0.7700, Validation Set Manhattan Distance: 12.0, Mask Weight: 0.877
Epoch 795/20000, Train Loss: 0.7359, Validation Set Manhattan Distance: 12.0, Mask Weight: 0.877
Epoch 796/20000, Train Loss: 0.7186, Validation Set Manhattan Distance: 12.0, Mask Weight: 0.877
Epoch 797/20000, Train Loss: 0.6889, Validation Set Manhattan Distance: 12.0, Mask Weight: 0.877
Epoch 798/20000, Train Loss: 0.6719, Validation Set Manhattan Distance: 12.0, Mask Weight: 0.877
Epoch 799/20000, Train Loss: 0.6628, Validation Set Manhattan Distance: 12.0, Mask Weight: 0.877
Epoch 800/20000, Train Loss: 0.6828, Validation Set Manhattan Distance: 12.0, Mask Weight: 0.877
Epoch 801/20000, Train Loss: 0.6682, Validation Set Manhattan Distance: 12.0, Mask Weight: 0.877
Epoch 802/20000, Train Loss: 0.7398, Validation Set Manhattan Distance: 12.0, Mask Weight: 0.877
Epoch 803/20000, Train Loss: 0.6625, Validation Set Manhattan Distance: 12.0, Mask Weight: 0.877
Epoch 804/20000, Train Loss: 0.6500, Validation Set Manhattan Distance: 12.0, Mask Weight: 0.877
Epoch 805/20000, Train Loss: 0.6423, Validation Set Manhattan Distance: 12.0, Mask Weight: 0.877
Epoch 806/20000, Train Loss: 0.6169, Validation Set Manhattan Distance: 12.0, Mask Weight: 0.877
Epoch 807/20000, Train Loss: 0.6084, Validation Set Manhattan Distance: 12.0, Mask Weight: 0.877
Epoch 808/20000, Train Loss: 0.6411, Validation Set Manhattan Distance: 12.0, Mask Weight: 0.877
Epoch 809/20000, Train Loss: 0.6046, Validation Set Manhattan Distance: 12.0, Mask Weight: 0.877
Epoch 810/20000, Train Loss: 0.5782, Validation Set Manhattan Distance: 12.0, Mask Weight: 0.877
Epoch 811/20000, Train Loss: 0.5774, Validation Set Manhattan Distance: 12.0, Mask Weight: 0.877
Epoch 812/20000, Train Loss: 0.5869, Validation Set Manhattan Distance: 12.0, Mask Weight: 0.877
Epoch 813/20000, Train Loss: 0.5872, Validation Set Manhattan Distance: 12.0, Mask Weight: 0.877
Epoch 814/20000, Train Loss: 0.7222, Validation Set Manhattan Distance: 12.0, Mask Weight: 0.877
Epoch 815/20000, Train Loss: 0.7337, Validation Set Manhattan Distance: 12.0, Mask Weight: 0.877
Epoch 816/20000, Train Loss: 0.6436, Validation Set Manhattan Distance: 12.0, Mask Weight: 0.877
Epoch 817/20000, Train Loss: 0.6191, Validation Set Manhattan Distance: 12.0, Mask Weight: 0.877
Epoch 818/20000, Train Loss: 0.6009, Validation Set Manhattan Distance: 12.0, Mask Weight: 0.877
Epoch 819/20000, Train Loss: 0.5653, Validation Set Manhattan Distance: 12.0, Mask Weight: 0.877
Epoch 820/20000, Train Loss: 0.5734, Validation Set Manhattan Distance: 12.0, Mask Weight: 0.877
Epoch 821/20000, Train Loss: 0.5585, Validation Set Manhattan Distance: 12.0, Mask Weight: 0.877
Epoch 822/20000, Train Loss: 0.5651, Validation Set Manhattan Distance: 12.0, Mask Weight: 0.877
Epoch 823/20000, Train Loss: 0.6998, Validation Set Manhattan Distance: 12.0, Mask Weight: 0.877
Epoch 824/20000, Train Loss: 0.8101, Validation Set Manhattan Distance: 12.0, Mask Weight: 0.877
Epoch 825/20000, Train Loss: 0.6917, Validation Set Manhattan Distance: 12.0, Mask Weight: 0.877
Epoch 826/20000, Train Loss: 0.6785, Validation Set Manhattan Distance: 12.0, Mask Weight: 0.877
Epoch 827/20000, Train Loss: 0.6257, Validation Set Manhattan Distance: 12.0, Mask Weight: 0.877
Epoch 828/20000, Train Loss: 0.5906, Validation Set Manhattan Distance: 12.0, Mask Weight: 0.877
Epoch 829/20000, Train Loss: 0.5879, Validation Set Manhattan Distance: 12.0, Mask Weight: 0.877
Epoch 830/20000, Train Loss: 0.5721, Validation Set Manhattan Distance: 12.0, Mask Weight: 0.877
Epoch 831/20000, Train Loss: 0.5730, Validation Set Manhattan Distance: 12.0, Mask Weight: 0.877
Epoch 832/20000, Train Loss: 0.5554, Validation Set Manhattan Distance: 12.0, Mask Weight: 0.877
Epoch 833/20000, Train Loss: 0.5445, Validation Set Manhattan Distance: 12.0, Mask Weight: 0.877
Epoch 834/20000, Train Loss: 0.5644, Validation Set Manhattan Distance: 12.0, Mask Weight: 0.877
Epoch 835/20000, Train Loss: 0.5877, Validation Set Manhattan Distance: 12.0, Mask Weight: 0.877
Epoch 836/20000, Train Loss: 0.5516, Validation Set Manhattan Distance: 12.0, Mask Weight: 0.877
Epoch 837/20000, Train Loss: 0.5350, Validation Set Manhattan Distance: 12.0, Mask Weight: 0.877
Epoch 838/20000, Train Loss: 0.5367, Validation Set Manhattan Distance: 12.0, Mask Weight: 0.877
Epoch 839/20000, Train Loss: 0.5346, Validation Set Manhattan Distance: 12.0, Mask Weight: 0.877
Epoch 840/20000, Train Loss: 0.5296, Validation Set Manhattan Distance: 12.0, Mask Weight: 0.877
Epoch 841/20000, Train Loss: 0.5288, Validation Set Manhattan Distance: 12.0, Mask Weight: 0.877
Epoch 842/20000, Train Loss: 0.5255, Validation Set Manhattan Distance: 12.0, Mask Weight: 0.877
Epoch 843/20000, Train Loss: 0.5271, Validation Set Manhattan Distance: 12.0, Mask Weight: 0.877
Epoch 844/20000, Train Loss: 0.5197, Validation Set Manhattan Distance: 12.0, Mask Weight: 0.877
Epoch 845/20000, Train Loss: 0.5249, Validation Set Manhattan Distance: 12.0, Mask Weight: 0.877
Epoch 846/20000, Train Loss: 0.5359, Validation Set Manhattan Distance: 12.0, Mask Weight: 0.877
Epoch 847/20000, Train Loss: 0.5537, Validation Set Manhattan Distance: 12.0, Mask Weight: 0.877
Epoch 848/20000, Train Loss: 0.5747, Validation Set Manhattan Distance: 12.0, Mask Weight: 0.877
Epoch 849/20000, Train Loss: 0.7453, Validation Set Manhattan Distance: 12.0, Mask Weight: 0.877
Epoch 850/20000, Train Loss: 0.7524, Validation Set Manhattan Distance: 12.0, Mask Weight: 0.877
Epoch 851/20000, Train Loss: 0.7336, Validation Set Manhattan Distance: 12.0, Mask Weight: 0.877
Epoch 852/20000, Train Loss: 0.6399, Validation Set Manhattan Distance: 12.0, Mask Weight: 0.877
Epoch 853/20000, Train Loss: 0.5952, Validation Set Manhattan Distance: 12.0, Mask Weight: 0.877
Epoch 854/20000, Train Loss: 0.5668, Validation Set Manhattan Distance: 12.0, Mask Weight: 0.877
Epoch 855/20000, Train Loss: 0.5522, Validation Set Manhattan Distance: 12.0, Mask Weight: 0.877
Epoch 856/20000, Train Loss: 0.5459, Validation Set Manhattan Distance: 12.0, Mask Weight: 0.877
Epoch 857/20000, Train Loss: 0.5378, Validation Set Manhattan Distance: 12.0, Mask Weight: 0.877
Epoch 858/20000, Train Loss: 0.5322, Validation Set Manhattan Distance: 12.0, Mask Weight: 0.877
Epoch 859/20000, Train Loss: 0.5322, Validation Set Manhattan Distance: 12.0, Mask Weight: 0.877
Epoch 860/20000, Train Loss: 0.5238, Validation Set Manhattan Distance: 12.0, Mask Weight: 0.877
Epoch 861/20000, Train Loss: 0.5245, Validation Set Manhattan Distance: 12.0, Mask Weight: 0.877
Epoch 862/20000, Train Loss: 0.5242, Validation Set Manhattan Distance: 12.0, Mask Weight: 0.877
Epoch 863/20000, Train Loss: 0.5220, Validation Set Manhattan Distance: 12.0, Mask Weight: 0.877
Epoch 864/20000, Train Loss: 0.5211, Validation Set Manhattan Distance: 12.0, Mask Weight: 0.877
Epoch 865/20000, Train Loss: 0.5203, Validation Set Manhattan Distance: 12.0, Mask Weight: 0.877
Epoch 866/20000, Train Loss: 0.5175, Validation Set Manhattan Distance: 12.0, Mask Weight: 0.877
Epoch 867/20000, Train Loss: 0.5196, Validation Set Manhattan Distance: 12.0, Mask Weight: 0.877
Epoch 868/20000, Train Loss: 0.5197, Validation Set Manhattan Distance: 12.0, Mask Weight: 0.877
Epoch 869/20000, Train Loss: 0.5224, Validation Set Manhattan Distance: 12.0, Mask Weight: 0.877
Epoch 870/20000, Train Loss: 0.5231, Validation Set Manhattan Distance: 12.0, Mask Weight: 0.877
Epoch 871/20000, Train Loss: 0.5171, Validation Set Manhattan Distance: 12.0, Mask Weight: 0.877
Epoch 872/20000, Train Loss: 0.5203, Validation Set Manhattan Distance: 12.0, Mask Weight: 0.877
Epoch 873/20000, Train Loss: 0.5190, Validation Set Manhattan Distance: 12.0, Mask Weight: 0.877
Epoch 874/20000, Train Loss: 0.5249, Validation Set Manhattan Distance: 12.0, Mask Weight: 0.877
Epoch 875/20000, Train Loss: 0.5161, Validation Set Manhattan Distance: 12.0, Mask Weight: 0.877
Epoch 876/20000, Train Loss: 0.5220, Validation Set Manhattan Distance: 12.0, Mask Weight: 0.877
Epoch 877/20000, Train Loss: 0.5249, Validation Set Manhattan Distance: 12.0, Mask Weight: 0.877
Epoch 878/20000, Train Loss: 0.8711, Validation Set Manhattan Distance: 12.0, Mask Weight: 0.877
Epoch 879/20000, Train Loss: 1.5334, Validation Set Manhattan Distance: 12.0, Mask Weight: 0.877
Epoch 880/20000, Train Loss: 1.5196, Validation Set Manhattan Distance: 12.0, Mask Weight: 0.877
Epoch 881/20000, Train Loss: 1.0495, Validation Set Manhattan Distance: 12.0, Mask Weight: 0.877
Epoch 882/20000, Train Loss: 0.7414, Validation Set Manhattan Distance: 12.0, Mask Weight: 0.877
Epoch 883/20000, Train Loss: 0.6596, Validation Set Manhattan Distance: 12.0, Mask Weight: 0.877
Epoch 884/20000, Train Loss: 0.6348, Validation Set Manhattan Distance: 12.0, Mask Weight: 0.877
Epoch 885/20000, Train Loss: 0.6001, Validation Set Manhattan Distance: 12.0, Mask Weight: 0.877
Epoch 886/20000, Train Loss: 0.5845, Validation Set Manhattan Distance: 12.0, Mask Weight: 0.877
Epoch 887/20000, Train Loss: 0.5620, Validation Set Manhattan Distance: 12.0, Mask Weight: 0.877
Epoch 888/20000, Train Loss: 0.5474, Validation Set Manhattan Distance: 12.0, Mask Weight: 0.877
Epoch 889/20000, Train Loss: 0.5402, Validation Set Manhattan Distance: 12.0, Mask Weight: 0.877
Epoch 890/20000, Train Loss: 0.5327, Validation Set Manhattan Distance: 12.0, Mask Weight: 0.877
Epoch 891/20000, Train Loss: 0.5274, Validation Set Manhattan Distance: 12.0, Mask Weight: 0.877
Epoch 892/20000, Train Loss: 0.5248, Validation Set Manhattan Distance: 12.0, Mask Weight: 0.877
Epoch 893/20000, Train Loss: 0.5225, Validation Set Manhattan Distance: 12.0, Mask Weight: 0.877
Epoch 894/20000, Train Loss: 0.5232, Validation Set Manhattan Distance: 12.0, Mask Weight: 0.877
Epoch 895/20000, Train Loss: 0.5217, Validation Set Manhattan Distance: 12.0, Mask Weight: 0.877
Epoch 896/20000, Train Loss: 0.5202, Validation Set Manhattan Distance: 12.0, Mask Weight: 0.877
Epoch 897/20000, Train Loss: 0.5188, Validation Set Manhattan Distance: 12.0, Mask Weight: 0.877
Epoch 898/20000, Train Loss: 0.5216, Validation Set Manhattan Distance: 12.0, Mask Weight: 0.877
Epoch 899/20000, Train Loss: 0.5210, Validation Set Manhattan Distance: 12.0, Mask Weight: 0.877
Epoch 900/20000, Train Loss: 0.5174, Validation Set Manhattan Distance: 12.0, Mask Weight: 0.877
Epoch 901/20000, Train Loss: 0.5215, Validation Set Manhattan Distance: 12.0, Mask Weight: 0.877
Epoch 902/20000, Train Loss: 0.5176, Validation Set Manhattan Distance: 12.0, Mask Weight: 0.877
Epoch 903/20000, Train Loss: 0.5181, Validation Set Manhattan Distance: 12.0, Mask Weight: 0.877
Epoch 904/20000, Train Loss: 0.5187, Validation Set Manhattan Distance: 12.0, Mask Weight: 0.877
Epoch 905/20000, Train Loss: 0.5185, Validation Set Manhattan Distance: 12.0, Mask Weight: 0.877
Epoch 906/20000, Train Loss: 0.5190, Validation Set Manhattan Distance: 12.0, Mask Weight: 0.877
Epoch 907/20000, Train Loss: 0.5182, Validation Set Manhattan Distance: 12.0, Mask Weight: 0.877
Epoch 908/20000, Train Loss: 0.5179, Validation Set Manhattan Distance: 12.0, Mask Weight: 0.877
Epoch 909/20000, Train Loss: 0.5240, Validation Set Manhattan Distance: 12.0, Mask Weight: 0.877
Epoch 910/20000, Train Loss: 0.5167, Validation Set Manhattan Distance: 12.0, Mask Weight: 0.877
Epoch 911/20000, Train Loss: 0.5214, Validation Set Manhattan Distance: 12.0, Mask Weight: 0.877
Epoch 912/20000, Train Loss: 0.5147, Validation Set Manhattan Distance: 12.0, Mask Weight: 0.877
Epoch 913/20000, Train Loss: 0.5147, Validation Set Manhattan Distance: 12.0, Mask Weight: 0.877
Epoch 914/20000, Train Loss: 0.5196, Validation Set Manhattan Distance: 12.0, Mask Weight: 0.877
Epoch 915/20000, Train Loss: 0.5245, Validation Set Manhattan Distance: 12.0, Mask Weight: 0.877
Epoch 916/20000, Train Loss: 0.5153, Validation Set Manhattan Distance: 12.0, Mask Weight: 0.877
Epoch 917/20000, Train Loss: 0.5217, Validation Set Manhattan Distance: 12.0, Mask Weight: 0.877
Epoch 918/20000, Train Loss: 0.5166, Validation Set Manhattan Distance: 12.0, Mask Weight: 0.877
Epoch 919/20000, Train Loss: 0.5180, Validation Set Manhattan Distance: 12.0, Mask Weight: 0.877
Epoch 920/20000, Train Loss: 0.5176, Validation Set Manhattan Distance: 12.0, Mask Weight: 0.877
Epoch 921/20000, Train Loss: 0.5171, Validation Set Manhattan Distance: 12.0, Mask Weight: 0.877
Epoch 922/20000, Train Loss: 0.5144, Validation Set Manhattan Distance: 12.0, Mask Weight: 0.877
Epoch 923/20000, Train Loss: 0.5169, Validation Set Manhattan Distance: 12.0, Mask Weight: 0.877
Epoch 924/20000, Train Loss: 0.5228, Validation Set Manhattan Distance: 12.0, Mask Weight: 0.877
Epoch 925/20000, Train Loss: 0.5188, Validation Set Manhattan Distance: 12.0, Mask Weight: 0.877
Epoch 926/20000, Train Loss: 0.5169, Validation Set Manhattan Distance: 12.0, Mask Weight: 0.877
Epoch 927/20000, Train Loss: 0.5196, Validation Set Manhattan Distance: 12.0, Mask Weight: 0.877
Epoch 928/20000, Train Loss: 0.5178, Validation Set Manhattan Distance: 12.0, Mask Weight: 0.877