Running experiment with loss threshold: 2.4000000000000004
Output directory: ga_runs/experiments_1755563339/threshold_2.4
Using device: cuda
Starting training with gradient-based adaptive weighted mask...
Epoch 1/20000, Train Loss: 65.1179, Validation Set Manhattan Distance: 12.0, Mask Weight: 1.000
  -> New best Validation Set Manhattan Distance: 12.0. Model saved.
Epoch 2/20000, Train Loss: 50.1107, Validation Set Manhattan Distance: 12.0, Mask Weight: 1.000
Epoch 3/20000, Train Loss: 39.9327, Validation Set Manhattan Distance: 12.0, Mask Weight: 1.000
Epoch 4/20000, Train Loss: 33.0794, Validation Set Manhattan Distance: 12.0, Mask Weight: 1.000
Epoch 5/20000, Train Loss: 27.6929, Validation Set Manhattan Distance: 12.0, Mask Weight: 1.000
Epoch 6/20000, Train Loss: 23.3638, Validation Set Manhattan Distance: 12.0, Mask Weight: 1.000
Epoch 7/20000, Train Loss: 19.6902, Validation Set Manhattan Distance: 12.0, Mask Weight: 1.000
Epoch 8/20000, Train Loss: 16.5393, Validation Set Manhattan Distance: 12.0, Mask Weight: 1.000
Epoch 9/20000, Train Loss: 13.8780, Validation Set Manhattan Distance: 12.0, Mask Weight: 1.000
Epoch 10/20000, Train Loss: 11.6322, Validation Set Manhattan Distance: 12.0, Mask Weight: 1.000
Epoch 11/20000, Train Loss: 9.7412, Validation Set Manhattan Distance: 12.0, Mask Weight: 1.000
Epoch 12/20000, Train Loss: 8.1525, Validation Set Manhattan Distance: 12.0, Mask Weight: 1.000
Epoch 13/20000, Train Loss: 6.8206, Validation Set Manhattan Distance: 12.0, Mask Weight: 1.000
Epoch 14/20000, Train Loss: 5.7057, Validation Set Manhattan Distance: 12.0, Mask Weight: 1.000
Epoch 15/20000, Train Loss: 4.7737, Validation Set Manhattan Distance: 12.0, Mask Weight: 1.000
Epoch 16/20000, Train Loss: 3.9916, Validation Set Manhattan Distance: 12.0, Mask Weight: 1.000
Epoch 17/20000, Train Loss: 3.3387, Validation Set Manhattan Distance: 12.0, Mask Weight: 1.000
Epoch 18/20000, Train Loss: 2.7925, Validation Set Manhattan Distance: 12.0, Mask Weight: 1.000
  -> Train loss below 2.4000000000000004. Mask weight reduction is now enabled.
Epoch 19/20000, Train Loss: 2.3361, Validation Set Manhattan Distance: 12.0, Mask Weight: 1.000
  -> Validation Set Manhattan Distance did not improve for 10 epochs.
  -> Unmasked Loss (Gradient Magnitude): 0.5615, Calculated Decrement: 0.0089
  -> Reducing mask weight to 0.991.
  -> Mask weight reduction is now disabled until train loss is below 0.001 again.
  -> Train loss below 2.4000000000000004. Mask weight reduction is now enabled.
Epoch 20/20000, Train Loss: 2.2191, Validation Set Manhattan Distance: 12.0, Mask Weight: 0.991
Epoch 21/20000, Train Loss: 1.7245, Validation Set Manhattan Distance: 12.0, Mask Weight: 0.991
Epoch 22/20000, Train Loss: 1.4565, Validation Set Manhattan Distance: 12.0, Mask Weight: 0.991
Epoch 23/20000, Train Loss: 1.2314, Validation Set Manhattan Distance: 12.0, Mask Weight: 0.991
Epoch 24/20000, Train Loss: 1.0444, Validation Set Manhattan Distance: 12.0, Mask Weight: 0.991
Epoch 25/20000, Train Loss: 0.8880, Validation Set Manhattan Distance: 12.0, Mask Weight: 0.991
Epoch 26/20000, Train Loss: 0.7566, Validation Set Manhattan Distance: 12.0, Mask Weight: 0.991
Epoch 27/20000, Train Loss: 0.6464, Validation Set Manhattan Distance: 12.0, Mask Weight: 0.991
Epoch 28/20000, Train Loss: 0.5537, Validation Set Manhattan Distance: 12.0, Mask Weight: 0.991
Epoch 29/20000, Train Loss: 0.4768, Validation Set Manhattan Distance: 12.0, Mask Weight: 0.991
  -> Validation Set Manhattan Distance did not improve for 10 epochs.
  -> Unmasked Loss (Gradient Magnitude): 0.0945, Calculated Decrement: 0.0529
  -> Reducing mask weight to 0.938.
  -> Mask weight reduction is now disabled until train loss is below 0.001 again.
  -> Train loss below 2.4000000000000004. Mask weight reduction is now enabled.
Epoch 30/20000, Train Loss: 0.9120, Validation Set Manhattan Distance: 12.0, Mask Weight: 0.938
Epoch 31/20000, Train Loss: 0.8533, Validation Set Manhattan Distance: 12.0, Mask Weight: 0.938
Epoch 32/20000, Train Loss: 0.8054, Validation Set Manhattan Distance: 12.0, Mask Weight: 0.938
Epoch 33/20000, Train Loss: 0.7649, Validation Set Manhattan Distance: 12.0, Mask Weight: 0.938
Epoch 34/20000, Train Loss: 0.7319, Validation Set Manhattan Distance: 12.0, Mask Weight: 0.938
Epoch 35/20000, Train Loss: 0.7055, Validation Set Manhattan Distance: 12.0, Mask Weight: 0.938
Epoch 36/20000, Train Loss: 0.6805, Validation Set Manhattan Distance: 12.0, Mask Weight: 0.938
Epoch 37/20000, Train Loss: 0.6617, Validation Set Manhattan Distance: 12.0, Mask Weight: 0.938
Epoch 38/20000, Train Loss: 0.6399, Validation Set Manhattan Distance: 12.0, Mask Weight: 0.938
Epoch 39/20000, Train Loss: 0.6226, Validation Set Manhattan Distance: 12.0, Mask Weight: 0.938
  -> Validation Set Manhattan Distance did not improve for 10 epochs.
  -> Unmasked Loss (Gradient Magnitude): 0.0893, Calculated Decrement: 0.0560
  -> Reducing mask weight to 0.882.
  -> Mask weight reduction is now disabled until train loss is below 0.001 again.
  -> Train loss below 2.4000000000000004. Mask weight reduction is now enabled.
Epoch 40/20000, Train Loss: 1.1003, Validation Set Manhattan Distance: 12.0, Mask Weight: 0.882
Epoch 41/20000, Train Loss: 1.0820, Validation Set Manhattan Distance: 12.0, Mask Weight: 0.882
Epoch 42/20000, Train Loss: 1.0567, Validation Set Manhattan Distance: 12.0, Mask Weight: 0.882
Epoch 43/20000, Train Loss: 1.0337, Validation Set Manhattan Distance: 12.0, Mask Weight: 0.882
Epoch 44/20000, Train Loss: 1.0216, Validation Set Manhattan Distance: 12.0, Mask Weight: 0.882
Epoch 45/20000, Train Loss: 1.0424, Validation Set Manhattan Distance: 12.0, Mask Weight: 0.882
Epoch 46/20000, Train Loss: 0.9812, Validation Set Manhattan Distance: 12.0, Mask Weight: 0.882
Epoch 47/20000, Train Loss: 0.9476, Validation Set Manhattan Distance: 12.0, Mask Weight: 0.882
Epoch 48/20000, Train Loss: 0.9154, Validation Set Manhattan Distance: 12.0, Mask Weight: 0.882
Epoch 49/20000, Train Loss: 0.8903, Validation Set Manhattan Distance: 12.0, Mask Weight: 0.882
  -> Validation Set Manhattan Distance did not improve for 10 epochs.
  -> Unmasked Loss (Gradient Magnitude): 0.0736, Calculated Decrement: 0.0680
  -> Reducing mask weight to 0.814.
  -> Mask weight reduction is now disabled until train loss is below 0.001 again.
  -> Train loss below 2.4000000000000004. Mask weight reduction is now enabled.
Epoch 50/20000, Train Loss: 1.3580, Validation Set Manhattan Distance: 12.0, Mask Weight: 0.814
Epoch 51/20000, Train Loss: 1.2927, Validation Set Manhattan Distance: 12.0, Mask Weight: 0.814
Epoch 52/20000, Train Loss: 1.3259, Validation Set Manhattan Distance: 12.0, Mask Weight: 0.814
Epoch 53/20000, Train Loss: 1.3625, Validation Set Manhattan Distance: 12.0, Mask Weight: 0.814
Epoch 54/20000, Train Loss: 1.3363, Validation Set Manhattan Distance: 12.0, Mask Weight: 0.814
Epoch 55/20000, Train Loss: 1.2544, Validation Set Manhattan Distance: 12.0, Mask Weight: 0.814
Epoch 56/20000, Train Loss: 1.2223, Validation Set Manhattan Distance: 12.0, Mask Weight: 0.814
Epoch 57/20000, Train Loss: 1.1833, Validation Set Manhattan Distance: 12.0, Mask Weight: 0.814
Epoch 58/20000, Train Loss: 1.1601, Validation Set Manhattan Distance: 12.0, Mask Weight: 0.814
Epoch 59/20000, Train Loss: 1.1285, Validation Set Manhattan Distance: 12.0, Mask Weight: 0.814
  -> Validation Set Manhattan Distance did not improve for 10 epochs.
  -> Unmasked Loss (Gradient Magnitude): 0.0620, Calculated Decrement: 0.0807
  -> Reducing mask weight to 0.734.
  -> Mask weight reduction is now disabled until train loss is below 0.001 again.
  -> Train loss below 2.4000000000000004. Mask weight reduction is now enabled.
Epoch 60/20000, Train Loss: 1.6329, Validation Set Manhattan Distance: 12.0, Mask Weight: 0.734
Epoch 61/20000, Train Loss: 1.5679, Validation Set Manhattan Distance: 12.0, Mask Weight: 0.734
Epoch 62/20000, Train Loss: 1.5312, Validation Set Manhattan Distance: 12.0, Mask Weight: 0.734
Epoch 63/20000, Train Loss: 1.4788, Validation Set Manhattan Distance: 12.0, Mask Weight: 0.734
Epoch 64/20000, Train Loss: 1.5003, Validation Set Manhattan Distance: 12.0, Mask Weight: 0.734
Epoch 65/20000, Train Loss: 1.4546, Validation Set Manhattan Distance: 12.0, Mask Weight: 0.734
Epoch 66/20000, Train Loss: 1.5723, Validation Set Manhattan Distance: 12.0, Mask Weight: 0.734
Epoch 67/20000, Train Loss: 1.8375, Validation Set Manhattan Distance: 12.0, Mask Weight: 0.734
Epoch 68/20000, Train Loss: 1.6314, Validation Set Manhattan Distance: 12.0, Mask Weight: 0.734
Epoch 69/20000, Train Loss: 1.5853, Validation Set Manhattan Distance: 12.0, Mask Weight: 0.734
  -> Validation Set Manhattan Distance did not improve for 10 epochs.
  -> Unmasked Loss (Gradient Magnitude): 0.0610, Calculated Decrement: 0.0820
  -> Reducing mask weight to 0.652.
  -> Mask weight reduction is now disabled until train loss is below 0.001 again.
  -> Train loss below 2.4000000000000004. Mask weight reduction is now enabled.
Epoch 70/20000, Train Loss: 2.0369, Validation Set Manhattan Distance: 12.0, Mask Weight: 0.652
Epoch 71/20000, Train Loss: 1.9167, Validation Set Manhattan Distance: 12.0, Mask Weight: 0.652
Epoch 72/20000, Train Loss: 1.9320, Validation Set Manhattan Distance: 12.0, Mask Weight: 0.652
Epoch 73/20000, Train Loss: 1.8884, Validation Set Manhattan Distance: 12.0, Mask Weight: 0.652
Epoch 74/20000, Train Loss: 1.8866, Validation Set Manhattan Distance: 12.0, Mask Weight: 0.652
Epoch 75/20000, Train Loss: 1.9924, Validation Set Manhattan Distance: 12.0, Mask Weight: 0.652
Epoch 76/20000, Train Loss: 1.9058, Validation Set Manhattan Distance: 12.0, Mask Weight: 0.652
Epoch 77/20000, Train Loss: 1.8358, Validation Set Manhattan Distance: 12.0, Mask Weight: 0.652
Epoch 78/20000, Train Loss: 1.7926, Validation Set Manhattan Distance: 12.0, Mask Weight: 0.652
Epoch 79/20000, Train Loss: 1.7218, Validation Set Manhattan Distance: 12.0, Mask Weight: 0.652
  -> Validation Set Manhattan Distance did not improve for 10 epochs.
  -> Unmasked Loss (Gradient Magnitude): 0.0494, Calculated Decrement: 0.1000
  -> Reducing mask weight to 0.552.
  -> Mask weight reduction is now disabled until train loss is below 0.001 again.
  -> Train loss below 2.4000000000000004. Mask weight reduction is now enabled.
Epoch 80/20000, Train Loss: 2.2520, Validation Set Manhattan Distance: 12.0, Mask Weight: 0.552
Epoch 81/20000, Train Loss: 2.2294, Validation Set Manhattan Distance: 12.0, Mask Weight: 0.552
Epoch 82/20000, Train Loss: 2.1826, Validation Set Manhattan Distance: 12.0, Mask Weight: 0.552
Epoch 83/20000, Train Loss: 2.3362, Validation Set Manhattan Distance: 12.0, Mask Weight: 0.552
Epoch 84/20000, Train Loss: 2.5368, Validation Set Manhattan Distance: 12.0, Mask Weight: 0.552
Epoch 85/20000, Train Loss: 2.2858, Validation Set Manhattan Distance: 12.0, Mask Weight: 0.552
Epoch 86/20000, Train Loss: 2.4238, Validation Set Manhattan Distance: 12.0, Mask Weight: 0.552
Epoch 87/20000, Train Loss: 2.3094, Validation Set Manhattan Distance: 12.0, Mask Weight: 0.552
Epoch 88/20000, Train Loss: 2.1983, Validation Set Manhattan Distance: 12.0, Mask Weight: 0.552
Epoch 89/20000, Train Loss: 2.1236, Validation Set Manhattan Distance: 12.0, Mask Weight: 0.552
  -> Validation Set Manhattan Distance did not improve for 10 epochs.
  -> Unmasked Loss (Gradient Magnitude): 0.0489, Calculated Decrement: 0.1000
  -> Reducing mask weight to 0.452.
  -> Mask weight reduction is now disabled until train loss is below 0.001 again.
Epoch 90/20000, Train Loss: 2.5623, Validation Set Manhattan Distance: 12.0, Mask Weight: 0.452
Epoch 91/20000, Train Loss: 2.6968, Validation Set Manhattan Distance: 12.0, Mask Weight: 0.452
Epoch 92/20000, Train Loss: 2.8964, Validation Set Manhattan Distance: 12.0, Mask Weight: 0.452
Epoch 93/20000, Train Loss: 2.8824, Validation Set Manhattan Distance: 12.0, Mask Weight: 0.452
Epoch 94/20000, Train Loss: 2.6613, Validation Set Manhattan Distance: 12.0, Mask Weight: 0.452
Epoch 95/20000, Train Loss: 3.0287, Validation Set Manhattan Distance: 12.0, Mask Weight: 0.452
Epoch 96/20000, Train Loss: 3.0483, Validation Set Manhattan Distance: 12.0, Mask Weight: 0.452
Epoch 97/20000, Train Loss: 3.5360, Validation Set Manhattan Distance: 12.0, Mask Weight: 0.452
Epoch 98/20000, Train Loss: 3.3446, Validation Set Manhattan Distance: 12.0, Mask Weight: 0.452
Epoch 99/20000, Train Loss: 3.0151, Validation Set Manhattan Distance: 12.0, Mask Weight: 0.452
Epoch 100/20000, Train Loss: 2.9167, Validation Set Manhattan Distance: 12.0, Mask Weight: 0.452
Epoch 101/20000, Train Loss: 2.8408, Validation Set Manhattan Distance: 12.0, Mask Weight: 0.452
Epoch 102/20000, Train Loss: 2.7595, Validation Set Manhattan Distance: 12.0, Mask Weight: 0.452
Epoch 103/20000, Train Loss: 2.7168, Validation Set Manhattan Distance: 12.0, Mask Weight: 0.452
Epoch 104/20000, Train Loss: 2.6908, Validation Set Manhattan Distance: 12.0, Mask Weight: 0.452
Epoch 105/20000, Train Loss: 2.6641, Validation Set Manhattan Distance: 12.0, Mask Weight: 0.452
Epoch 106/20000, Train Loss: 2.6589, Validation Set Manhattan Distance: 12.0, Mask Weight: 0.452
Epoch 107/20000, Train Loss: 2.6202, Validation Set Manhattan Distance: 12.0, Mask Weight: 0.452
Epoch 108/20000, Train Loss: 2.6150, Validation Set Manhattan Distance: 12.0, Mask Weight: 0.452
Epoch 109/20000, Train Loss: 2.5318, Validation Set Manhattan Distance: 12.0, Mask Weight: 0.452
Epoch 110/20000, Train Loss: 2.4760, Validation Set Manhattan Distance: 12.0, Mask Weight: 0.452
Epoch 111/20000, Train Loss: 2.4698, Validation Set Manhattan Distance: 12.0, Mask Weight: 0.452
Epoch 112/20000, Train Loss: 2.4610, Validation Set Manhattan Distance: 12.0, Mask Weight: 0.452
Epoch 113/20000, Train Loss: 2.4542, Validation Set Manhattan Distance: 12.0, Mask Weight: 0.452
Epoch 114/20000, Train Loss: 2.4300, Validation Set Manhattan Distance: 12.0, Mask Weight: 0.452
Epoch 115/20000, Train Loss: 2.4144, Validation Set Manhattan Distance: 12.0, Mask Weight: 0.452
Epoch 116/20000, Train Loss: 2.4089, Validation Set Manhattan Distance: 12.0, Mask Weight: 0.452
Epoch 117/20000, Train Loss: 2.4998, Validation Set Manhattan Distance: 12.0, Mask Weight: 0.452
Epoch 118/20000, Train Loss: 2.5121, Validation Set Manhattan Distance: 12.0, Mask Weight: 0.452
Epoch 119/20000, Train Loss: 3.0300, Validation Set Manhattan Distance: 12.0, Mask Weight: 0.452
Epoch 120/20000, Train Loss: 2.6648, Validation Set Manhattan Distance: 12.0, Mask Weight: 0.452
Epoch 121/20000, Train Loss: 2.6457, Validation Set Manhattan Distance: 12.0, Mask Weight: 0.452
Epoch 122/20000, Train Loss: 2.7553, Validation Set Manhattan Distance: 12.0, Mask Weight: 0.452
Epoch 123/20000, Train Loss: 2.6323, Validation Set Manhattan Distance: 12.0, Mask Weight: 0.452
Epoch 124/20000, Train Loss: 2.4961, Validation Set Manhattan Distance: 12.0, Mask Weight: 0.452
Epoch 125/20000, Train Loss: 2.4703, Validation Set Manhattan Distance: 12.0, Mask Weight: 0.452
Epoch 126/20000, Train Loss: 2.4567, Validation Set Manhattan Distance: 12.0, Mask Weight: 0.452
Epoch 127/20000, Train Loss: 2.5040, Validation Set Manhattan Distance: 12.0, Mask Weight: 0.452
Epoch 128/20000, Train Loss: 2.4713, Validation Set Manhattan Distance: 12.0, Mask Weight: 0.452
Epoch 129/20000, Train Loss: 3.0162, Validation Set Manhattan Distance: 12.0, Mask Weight: 0.452
Epoch 130/20000, Train Loss: 2.8773, Validation Set Manhattan Distance: 12.0, Mask Weight: 0.452
Epoch 131/20000, Train Loss: 2.5720, Validation Set Manhattan Distance: 12.0, Mask Weight: 0.452
Epoch 132/20000, Train Loss: 2.5162, Validation Set Manhattan Distance: 12.0, Mask Weight: 0.452
Epoch 133/20000, Train Loss: 2.4354, Validation Set Manhattan Distance: 12.0, Mask Weight: 0.452
Epoch 134/20000, Train Loss: 2.4196, Validation Set Manhattan Distance: 12.0, Mask Weight: 0.452
Epoch 135/20000, Train Loss: 2.4106, Validation Set Manhattan Distance: 12.0, Mask Weight: 0.452
Epoch 136/20000, Train Loss: 2.4087, Validation Set Manhattan Distance: 12.0, Mask Weight: 0.452
Epoch 137/20000, Train Loss: 2.4040, Validation Set Manhattan Distance: 12.0, Mask Weight: 0.452
  -> Train loss below 2.4000000000000004. Mask weight reduction is now enabled.
Epoch 138/20000, Train Loss: 2.3860, Validation Set Manhattan Distance: 12.0, Mask Weight: 0.452
  -> Validation Set Manhattan Distance did not improve for 10 epochs.
  -> Unmasked Loss (Gradient Magnitude): 0.0434, Calculated Decrement: 0.1000
  -> Reducing mask weight to 0.352.
  -> Mask weight reduction is now disabled until train loss is below 0.001 again.
Epoch 139/20000, Train Loss: 2.8919, Validation Set Manhattan Distance: 12.0, Mask Weight: 0.352
Epoch 140/20000, Train Loss: 2.9302, Validation Set Manhattan Distance: 12.0, Mask Weight: 0.352
Epoch 141/20000, Train Loss: 2.9156, Validation Set Manhattan Distance: 12.0, Mask Weight: 0.352
Epoch 142/20000, Train Loss: 2.8827, Validation Set Manhattan Distance: 12.0, Mask Weight: 0.352
Epoch 143/20000, Train Loss: 2.8561, Validation Set Manhattan Distance: 12.0, Mask Weight: 0.352
Epoch 144/20000, Train Loss: 2.8931, Validation Set Manhattan Distance: 12.0, Mask Weight: 0.352
Epoch 145/20000, Train Loss: 2.8327, Validation Set Manhattan Distance: 12.0, Mask Weight: 0.352
Epoch 146/20000, Train Loss: 2.8381, Validation Set Manhattan Distance: 12.0, Mask Weight: 0.352
Epoch 147/20000, Train Loss: 2.8080, Validation Set Manhattan Distance: 12.0, Mask Weight: 0.352
Epoch 148/20000, Train Loss: 2.8332, Validation Set Manhattan Distance: 12.0, Mask Weight: 0.352
Epoch 149/20000, Train Loss: 2.8548, Validation Set Manhattan Distance: 12.0, Mask Weight: 0.352
Epoch 150/20000, Train Loss: 3.7614, Validation Set Manhattan Distance: 12.0, Mask Weight: 0.352
Epoch 151/20000, Train Loss: 7.1613, Validation Set Manhattan Distance: 12.0, Mask Weight: 0.352
Epoch 152/20000, Train Loss: 7.9113, Validation Set Manhattan Distance: 12.0, Mask Weight: 0.352
Epoch 153/20000, Train Loss: 7.4782, Validation Set Manhattan Distance: 12.0, Mask Weight: 0.352
Epoch 154/20000, Train Loss: 6.8706, Validation Set Manhattan Distance: 12.0, Mask Weight: 0.352
Epoch 155/20000, Train Loss: 6.2432, Validation Set Manhattan Distance: 12.0, Mask Weight: 0.352
Epoch 156/20000, Train Loss: 5.8549, Validation Set Manhattan Distance: 12.0, Mask Weight: 0.352
Epoch 157/20000, Train Loss: 5.6866, Validation Set Manhattan Distance: 12.0, Mask Weight: 0.352
Epoch 158/20000, Train Loss: 5.4662, Validation Set Manhattan Distance: 12.0, Mask Weight: 0.352
Epoch 159/20000, Train Loss: 5.2601, Validation Set Manhattan Distance: 12.0, Mask Weight: 0.352
Epoch 160/20000, Train Loss: 5.0857, Validation Set Manhattan Distance: 12.0, Mask Weight: 0.352
Epoch 161/20000, Train Loss: 4.9518, Validation Set Manhattan Distance: 12.0, Mask Weight: 0.352
Epoch 162/20000, Train Loss: 4.8185, Validation Set Manhattan Distance: 12.0, Mask Weight: 0.352
Epoch 163/20000, Train Loss: 4.7189, Validation Set Manhattan Distance: 12.0, Mask Weight: 0.352
Epoch 164/20000, Train Loss: 4.6135, Validation Set Manhattan Distance: 12.0, Mask Weight: 0.352
Epoch 165/20000, Train Loss: 4.4678, Validation Set Manhattan Distance: 12.0, Mask Weight: 0.352
Epoch 166/20000, Train Loss: 4.3008, Validation Set Manhattan Distance: 12.0, Mask Weight: 0.352
Epoch 167/20000, Train Loss: 4.0505, Validation Set Manhattan Distance: 12.0, Mask Weight: 0.352
Epoch 168/20000, Train Loss: 3.8014, Validation Set Manhattan Distance: 12.0, Mask Weight: 0.352
Epoch 169/20000, Train Loss: 3.5581, Validation Set Manhattan Distance: 12.0, Mask Weight: 0.352
Epoch 170/20000, Train Loss: 3.3171, Validation Set Manhattan Distance: 12.0, Mask Weight: 0.352
Epoch 171/20000, Train Loss: 3.1328, Validation Set Manhattan Distance: 12.0, Mask Weight: 0.352
Epoch 172/20000, Train Loss: 3.1772, Validation Set Manhattan Distance: 12.0, Mask Weight: 0.352
Epoch 173/20000, Train Loss: 3.0603, Validation Set Manhattan Distance: 12.0, Mask Weight: 0.352
Epoch 174/20000, Train Loss: 3.0809, Validation Set Manhattan Distance: 12.0, Mask Weight: 0.352
Epoch 175/20000, Train Loss: 3.0624, Validation Set Manhattan Distance: 12.0, Mask Weight: 0.352
Epoch 176/20000, Train Loss: 3.5760, Validation Set Manhattan Distance: 12.0, Mask Weight: 0.352
Epoch 177/20000, Train Loss: 4.0233, Validation Set Manhattan Distance: 12.0, Mask Weight: 0.352
Epoch 178/20000, Train Loss: 3.2320, Validation Set Manhattan Distance: 12.0, Mask Weight: 0.352
Epoch 179/20000, Train Loss: 3.0416, Validation Set Manhattan Distance: 12.0, Mask Weight: 0.352
Epoch 180/20000, Train Loss: 3.0001, Validation Set Manhattan Distance: 12.0, Mask Weight: 0.352
Epoch 181/20000, Train Loss: 2.9424, Validation Set Manhattan Distance: 12.0, Mask Weight: 0.352
Epoch 182/20000, Train Loss: 2.9086, Validation Set Manhattan Distance: 12.0, Mask Weight: 0.352
Epoch 183/20000, Train Loss: 2.8890, Validation Set Manhattan Distance: 12.0, Mask Weight: 0.352
Epoch 184/20000, Train Loss: 2.8449, Validation Set Manhattan Distance: 12.0, Mask Weight: 0.352
Epoch 185/20000, Train Loss: 2.8144, Validation Set Manhattan Distance: 12.0, Mask Weight: 0.352
Epoch 186/20000, Train Loss: 2.8335, Validation Set Manhattan Distance: 12.0, Mask Weight: 0.352
Epoch 187/20000, Train Loss: 2.8330, Validation Set Manhattan Distance: 12.0, Mask Weight: 0.352
Epoch 188/20000, Train Loss: 2.9361, Validation Set Manhattan Distance: 12.0, Mask Weight: 0.352
Epoch 189/20000, Train Loss: 2.8318, Validation Set Manhattan Distance: 12.0, Mask Weight: 0.352
Epoch 190/20000, Train Loss: 2.8843, Validation Set Manhattan Distance: 12.0, Mask Weight: 0.352
Epoch 191/20000, Train Loss: 2.8569, Validation Set Manhattan Distance: 12.0, Mask Weight: 0.352
Epoch 192/20000, Train Loss: 2.8384, Validation Set Manhattan Distance: 12.0, Mask Weight: 0.352
Epoch 193/20000, Train Loss: 2.7917, Validation Set Manhattan Distance: 12.0, Mask Weight: 0.352
Epoch 194/20000, Train Loss: 2.7981, Validation Set Manhattan Distance: 12.0, Mask Weight: 0.352
Epoch 195/20000, Train Loss: 2.7956, Validation Set Manhattan Distance: 12.0, Mask Weight: 0.352
Epoch 196/20000, Train Loss: 2.8065, Validation Set Manhattan Distance: 12.0, Mask Weight: 0.352
Epoch 197/20000, Train Loss: 2.8195, Validation Set Manhattan Distance: 12.0, Mask Weight: 0.352
Epoch 198/20000, Train Loss: 2.8145, Validation Set Manhattan Distance: 12.0, Mask Weight: 0.352
Epoch 199/20000, Train Loss: 3.0430, Validation Set Manhattan Distance: 12.0, Mask Weight: 0.352
Epoch 200/20000, Train Loss: 4.4104, Validation Set Manhattan Distance: 12.0, Mask Weight: 0.352
Epoch 201/20000, Train Loss: 3.0220, Validation Set Manhattan Distance: 12.0, Mask Weight: 0.352
Epoch 202/20000, Train Loss: 2.9259, Validation Set Manhattan Distance: 12.0, Mask Weight: 0.352
Epoch 203/20000, Train Loss: 2.9233, Validation Set Manhattan Distance: 12.0, Mask Weight: 0.352
Epoch 204/20000, Train Loss: 2.8470, Validation Set Manhattan Distance: 12.0, Mask Weight: 0.352
Epoch 205/20000, Train Loss: 2.8584, Validation Set Manhattan Distance: 12.0, Mask Weight: 0.352
Epoch 206/20000, Train Loss: 2.8489, Validation Set Manhattan Distance: 12.0, Mask Weight: 0.352
Epoch 207/20000, Train Loss: 2.8142, Validation Set Manhattan Distance: 12.0, Mask Weight: 0.352
Epoch 208/20000, Train Loss: 2.8044, Validation Set Manhattan Distance: 12.0, Mask Weight: 0.352
Epoch 209/20000, Train Loss: 2.8266, Validation Set Manhattan Distance: 12.0, Mask Weight: 0.352
Epoch 210/20000, Train Loss: 2.8872, Validation Set Manhattan Distance: 12.0, Mask Weight: 0.352
Epoch 211/20000, Train Loss: 2.8407, Validation Set Manhattan Distance: 12.0, Mask Weight: 0.352
Epoch 212/20000, Train Loss: 2.8045, Validation Set Manhattan Distance: 12.0, Mask Weight: 0.352
Epoch 213/20000, Train Loss: 2.8079, Validation Set Manhattan Distance: 12.0, Mask Weight: 0.352
Epoch 214/20000, Train Loss: 2.7895, Validation Set Manhattan Distance: 12.0, Mask Weight: 0.352
Epoch 215/20000, Train Loss: 2.7815, Validation Set Manhattan Distance: 12.0, Mask Weight: 0.352
Epoch 216/20000, Train Loss: 2.7996, Validation Set Manhattan Distance: 12.0, Mask Weight: 0.352
Epoch 217/20000, Train Loss: 2.7998, Validation Set Manhattan Distance: 12.0, Mask Weight: 0.352
Epoch 218/20000, Train Loss: 2.7954, Validation Set Manhattan Distance: 12.0, Mask Weight: 0.352
Epoch 219/20000, Train Loss: 2.7762, Validation Set Manhattan Distance: 12.0, Mask Weight: 0.352
Epoch 220/20000, Train Loss: 2.8014, Validation Set Manhattan Distance: 12.0, Mask Weight: 0.352
Epoch 221/20000, Train Loss: 2.7773, Validation Set Manhattan Distance: 12.0, Mask Weight: 0.352
Epoch 222/20000, Train Loss: 2.7676, Validation Set Manhattan Distance: 12.0, Mask Weight: 0.352
Epoch 223/20000, Train Loss: 2.7644, Validation Set Manhattan Distance: 12.0, Mask Weight: 0.352
Epoch 224/20000, Train Loss: 2.7802, Validation Set Manhattan Distance: 12.0, Mask Weight: 0.352
Epoch 225/20000, Train Loss: 2.7875, Validation Set Manhattan Distance: 12.0, Mask Weight: 0.352
Epoch 226/20000, Train Loss: 2.7611, Validation Set Manhattan Distance: 12.0, Mask Weight: 0.352
Epoch 227/20000, Train Loss: 2.7741, Validation Set Manhattan Distance: 12.0, Mask Weight: 0.352
Epoch 228/20000, Train Loss: 2.7585, Validation Set Manhattan Distance: 12.0, Mask Weight: 0.352
Epoch 229/20000, Train Loss: 2.7717, Validation Set Manhattan Distance: 12.0, Mask Weight: 0.352
Epoch 230/20000, Train Loss: 2.7716, Validation Set Manhattan Distance: 12.0, Mask Weight: 0.352
Epoch 231/20000, Train Loss: 2.7901, Validation Set Manhattan Distance: 12.0, Mask Weight: 0.352
Epoch 232/20000, Train Loss: 2.7653, Validation Set Manhattan Distance: 12.0, Mask Weight: 0.352
Epoch 233/20000, Train Loss: 2.7490, Validation Set Manhattan Distance: 12.0, Mask Weight: 0.352
Epoch 234/20000, Train Loss: 2.7866, Validation Set Manhattan Distance: 12.0, Mask Weight: 0.352
Epoch 235/20000, Train Loss: 2.7917, Validation Set Manhattan Distance: 12.0, Mask Weight: 0.352
Epoch 236/20000, Train Loss: 2.7892, Validation Set Manhattan Distance: 46.0, Mask Weight: 0.352
Epoch 237/20000, Train Loss: 2.7707, Validation Set Manhattan Distance: 46.0, Mask Weight: 0.352
Epoch 238/20000, Train Loss: 2.7707, Validation Set Manhattan Distance: 18.0, Mask Weight: 0.352
Epoch 239/20000, Train Loss: 2.7590, Validation Set Manhattan Distance: 40.0, Mask Weight: 0.352
Epoch 240/20000, Train Loss: 2.7963, Validation Set Manhattan Distance: 40.0, Mask Weight: 0.352
Epoch 241/20000, Train Loss: 2.8085, Validation Set Manhattan Distance: 16.0, Mask Weight: 0.352
Epoch 242/20000, Train Loss: 2.8646, Validation Set Manhattan Distance: 12.0, Mask Weight: 0.352
Epoch 243/20000, Train Loss: 2.8046, Validation Set Manhattan Distance: 34.0, Mask Weight: 0.352
Epoch 244/20000, Train Loss: 2.7959, Validation Set Manhattan Distance: 12.0, Mask Weight: 0.352
Epoch 245/20000, Train Loss: 2.7850, Validation Set Manhattan Distance: 36.0, Mask Weight: 0.352
Epoch 246/20000, Train Loss: 2.7748, Validation Set Manhattan Distance: 36.0, Mask Weight: 0.352
Epoch 247/20000, Train Loss: 2.7615, Validation Set Manhattan Distance: 36.0, Mask Weight: 0.352
Epoch 248/20000, Train Loss: 2.7616, Validation Set Manhattan Distance: 36.0, Mask Weight: 0.352
Epoch 249/20000, Train Loss: 2.7624, Validation Set Manhattan Distance: 42.0, Mask Weight: 0.352
Epoch 250/20000, Train Loss: 2.7629, Validation Set Manhattan Distance: 30.0, Mask Weight: 0.352
Epoch 251/20000, Train Loss: 2.7683, Validation Set Manhattan Distance: 34.0, Mask Weight: 0.352
Epoch 252/20000, Train Loss: 2.7650, Validation Set Manhattan Distance: 30.0, Mask Weight: 0.352
Epoch 253/20000, Train Loss: 2.7596, Validation Set Manhattan Distance: 30.0, Mask Weight: 0.352
Epoch 254/20000, Train Loss: 2.7848, Validation Set Manhattan Distance: 20.0, Mask Weight: 0.352
Epoch 255/20000, Train Loss: 2.7902, Validation Set Manhattan Distance: 30.0, Mask Weight: 0.352
Epoch 256/20000, Train Loss: 2.7736, Validation Set Manhattan Distance: 30.0, Mask Weight: 0.352
Epoch 257/20000, Train Loss: 2.8026, Validation Set Manhattan Distance: 12.0, Mask Weight: 0.352
Epoch 258/20000, Train Loss: 2.7940, Validation Set Manhattan Distance: 30.0, Mask Weight: 0.352
Epoch 259/20000, Train Loss: 2.7727, Validation Set Manhattan Distance: 30.0, Mask Weight: 0.352
Epoch 260/20000, Train Loss: 2.7659, Validation Set Manhattan Distance: 30.0, Mask Weight: 0.352
Epoch 261/20000, Train Loss: 2.7727, Validation Set Manhattan Distance: 24.0, Mask Weight: 0.352
Epoch 262/20000, Train Loss: 2.7716, Validation Set Manhattan Distance: 28.0, Mask Weight: 0.352
Epoch 263/20000, Train Loss: 2.7497, Validation Set Manhattan Distance: 18.0, Mask Weight: 0.352
Epoch 264/20000, Train Loss: 2.7536, Validation Set Manhattan Distance: 18.0, Mask Weight: 0.352
Epoch 265/20000, Train Loss: 2.7630, Validation Set Manhattan Distance: 18.0, Mask Weight: 0.352
Epoch 266/20000, Train Loss: 2.7636, Validation Set Manhattan Distance: 18.0, Mask Weight: 0.352
Epoch 267/20000, Train Loss: 2.7718, Validation Set Manhattan Distance: 18.0, Mask Weight: 0.352
Epoch 268/20000, Train Loss: 2.7792, Validation Set Manhattan Distance: 24.0, Mask Weight: 0.352
Epoch 269/20000, Train Loss: 2.7720, Validation Set Manhattan Distance: 24.0, Mask Weight: 0.352
Epoch 270/20000, Train Loss: 2.7520, Validation Set Manhattan Distance: 18.0, Mask Weight: 0.352
Epoch 271/20000, Train Loss: 2.7645, Validation Set Manhattan Distance: 22.0, Mask Weight: 0.352
Epoch 272/20000, Train Loss: 2.7739, Validation Set Manhattan Distance: 18.0, Mask Weight: 0.352
Epoch 273/20000, Train Loss: 2.7662, Validation Set Manhattan Distance: 18.0, Mask Weight: 0.352
Epoch 274/20000, Train Loss: 2.7578, Validation Set Manhattan Distance: 22.0, Mask Weight: 0.352
Epoch 275/20000, Train Loss: 2.7556, Validation Set Manhattan Distance: 36.0, Mask Weight: 0.352
Epoch 276/20000, Train Loss: 2.7645, Validation Set Manhattan Distance: 36.0, Mask Weight: 0.352
Epoch 277/20000, Train Loss: 2.8186, Validation Set Manhattan Distance: 18.0, Mask Weight: 0.352
Epoch 278/20000, Train Loss: 2.8430, Validation Set Manhattan Distance: 12.0, Mask Weight: 0.352
Epoch 279/20000, Train Loss: 2.8248, Validation Set Manhattan Distance: 18.0, Mask Weight: 0.352
Epoch 280/20000, Train Loss: 2.7695, Validation Set Manhattan Distance: 18.0, Mask Weight: 0.352
Epoch 281/20000, Train Loss: 2.7700, Validation Set Manhattan Distance: 18.0, Mask Weight: 0.352
Epoch 282/20000, Train Loss: 2.7519, Validation Set Manhattan Distance: 30.0, Mask Weight: 0.352
Epoch 283/20000, Train Loss: 2.7570, Validation Set Manhattan Distance: 30.0, Mask Weight: 0.352
Epoch 284/20000, Train Loss: 2.7520, Validation Set Manhattan Distance: 58.0, Mask Weight: 0.352
Epoch 285/20000, Train Loss: 2.7469, Validation Set Manhattan Distance: 118.0, Mask Weight: 0.352
Epoch 286/20000, Train Loss: 2.7536, Validation Set Manhattan Distance: 118.0, Mask Weight: 0.352
Epoch 287/20000, Train Loss: 2.7755, Validation Set Manhattan Distance: 70.0, Mask Weight: 0.352
Epoch 288/20000, Train Loss: 2.7841, Validation Set Manhattan Distance: 30.0, Mask Weight: 0.352
Epoch 289/20000, Train Loss: 2.7504, Validation Set Manhattan Distance: 70.0, Mask Weight: 0.352
Epoch 290/20000, Train Loss: 2.7648, Validation Set Manhattan Distance: 40.0, Mask Weight: 0.352
Epoch 291/20000, Train Loss: 2.7618, Validation Set Manhattan Distance: 88.0, Mask Weight: 0.352
Epoch 292/20000, Train Loss: 2.7439, Validation Set Manhattan Distance: 124.0, Mask Weight: 0.352
Epoch 293/20000, Train Loss: 2.7550, Validation Set Manhattan Distance: 128.0, Mask Weight: 0.352
Epoch 294/20000, Train Loss: 2.7510, Validation Set Manhattan Distance: 130.0, Mask Weight: 0.352
Epoch 295/20000, Train Loss: 2.7396, Validation Set Manhattan Distance: 130.0, Mask Weight: 0.352
Epoch 296/20000, Train Loss: 2.7526, Validation Set Manhattan Distance: 128.0, Mask Weight: 0.352
Epoch 297/20000, Train Loss: 2.7376, Validation Set Manhattan Distance: 130.0, Mask Weight: 0.352
Epoch 298/20000, Train Loss: 2.7769, Validation Set Manhattan Distance: 134.0, Mask Weight: 0.352
Epoch 299/20000, Train Loss: 2.7679, Validation Set Manhattan Distance: 142.0, Mask Weight: 0.352
Epoch 300/20000, Train Loss: 2.7622, Validation Set Manhattan Distance: 162.0, Mask Weight: 0.352
Epoch 301/20000, Train Loss: 2.7466, Validation Set Manhattan Distance: 142.0, Mask Weight: 0.352
Epoch 302/20000, Train Loss: 2.7515, Validation Set Manhattan Distance: 152.0, Mask Weight: 0.352
Epoch 303/20000, Train Loss: 2.7424, Validation Set Manhattan Distance: 156.0, Mask Weight: 0.352
Epoch 304/20000, Train Loss: 2.7602, Validation Set Manhattan Distance: 152.0, Mask Weight: 0.352
Epoch 305/20000, Train Loss: 2.7541, Validation Set Manhattan Distance: 156.0, Mask Weight: 0.352
Epoch 306/20000, Train Loss: 2.7317, Validation Set Manhattan Distance: 174.0, Mask Weight: 0.352
Epoch 307/20000, Train Loss: 2.7736, Validation Set Manhattan Distance: 152.0, Mask Weight: 0.352
Epoch 308/20000, Train Loss: 2.7631, Validation Set Manhattan Distance: 162.0, Mask Weight: 0.352
Epoch 309/20000, Train Loss: 2.7426, Validation Set Manhattan Distance: 162.0, Mask Weight: 0.352
Epoch 310/20000, Train Loss: 2.7437, Validation Set Manhattan Distance: 164.0, Mask Weight: 0.352
Epoch 311/20000, Train Loss: 2.7511, Validation Set Manhattan Distance: 168.0, Mask Weight: 0.352
Epoch 312/20000, Train Loss: 2.7481, Validation Set Manhattan Distance: 174.0, Mask Weight: 0.352
Epoch 313/20000, Train Loss: 2.7465, Validation Set Manhattan Distance: 174.0, Mask Weight: 0.352
Epoch 314/20000, Train Loss: 2.7380, Validation Set Manhattan Distance: 180.0, Mask Weight: 0.352
Epoch 315/20000, Train Loss: 2.7577, Validation Set Manhattan Distance: 174.0, Mask Weight: 0.352
Epoch 316/20000, Train Loss: 2.7513, Validation Set Manhattan Distance: 180.0, Mask Weight: 0.352
Epoch 317/20000, Train Loss: 2.7449, Validation Set Manhattan Distance: 180.0, Mask Weight: 0.352
Epoch 318/20000, Train Loss: 2.7343, Validation Set Manhattan Distance: 176.0, Mask Weight: 0.352
Epoch 319/20000, Train Loss: 2.7605, Validation Set Manhattan Distance: 180.0, Mask Weight: 0.352
Epoch 320/20000, Train Loss: 2.7349, Validation Set Manhattan Distance: 170.0, Mask Weight: 0.352
Epoch 321/20000, Train Loss: 2.7520, Validation Set Manhattan Distance: 180.0, Mask Weight: 0.352
Epoch 322/20000, Train Loss: 2.7568, Validation Set Manhattan Distance: 180.0, Mask Weight: 0.352
Epoch 323/20000, Train Loss: 2.7381, Validation Set Manhattan Distance: 180.0, Mask Weight: 0.352
Epoch 324/20000, Train Loss: 2.7378, Validation Set Manhattan Distance: 180.0, Mask Weight: 0.352
Epoch 325/20000, Train Loss: 2.7424, Validation Set Manhattan Distance: 181.0, Mask Weight: 0.352
Epoch 326/20000, Train Loss: 2.7365, Validation Set Manhattan Distance: 180.0, Mask Weight: 0.352
Epoch 327/20000, Train Loss: 2.7467, Validation Set Manhattan Distance: 176.0, Mask Weight: 0.352
Epoch 328/20000, Train Loss: 2.7532, Validation Set Manhattan Distance: 180.0, Mask Weight: 0.352
Epoch 329/20000, Train Loss: 2.7487, Validation Set Manhattan Distance: 180.0, Mask Weight: 0.352
Epoch 330/20000, Train Loss: 2.7418, Validation Set Manhattan Distance: 180.0, Mask Weight: 0.352
Epoch 331/20000, Train Loss: 2.7451, Validation Set Manhattan Distance: 186.0, Mask Weight: 0.352
Epoch 332/20000, Train Loss: 2.7751, Validation Set Manhattan Distance: 186.0, Mask Weight: 0.352
Epoch 333/20000, Train Loss: 2.7444, Validation Set Manhattan Distance: 172.0, Mask Weight: 0.352
Epoch 334/20000, Train Loss: 2.7347, Validation Set Manhattan Distance: 186.0, Mask Weight: 0.352
Epoch 335/20000, Train Loss: 2.7405, Validation Set Manhattan Distance: 186.0, Mask Weight: 0.352
Epoch 336/20000, Train Loss: 2.7376, Validation Set Manhattan Distance: 186.0, Mask Weight: 0.352
Epoch 337/20000, Train Loss: 2.7444, Validation Set Manhattan Distance: 186.0, Mask Weight: 0.352
Epoch 338/20000, Train Loss: 2.7216, Validation Set Manhattan Distance: 178.0, Mask Weight: 0.352
Epoch 339/20000, Train Loss: 2.7568, Validation Set Manhattan Distance: 186.0, Mask Weight: 0.352
Epoch 340/20000, Train Loss: 2.7492, Validation Set Manhattan Distance: 186.0, Mask Weight: 0.352
Epoch 341/20000, Train Loss: 2.7446, Validation Set Manhattan Distance: 186.0, Mask Weight: 0.352
Epoch 342/20000, Train Loss: 2.7418, Validation Set Manhattan Distance: 186.0, Mask Weight: 0.352
Epoch 343/20000, Train Loss: 2.7365, Validation Set Manhattan Distance: 186.0, Mask Weight: 0.352
Epoch 344/20000, Train Loss: 2.7374, Validation Set Manhattan Distance: 186.0, Mask Weight: 0.352
Epoch 345/20000, Train Loss: 2.7393, Validation Set Manhattan Distance: 176.0, Mask Weight: 0.352
Epoch 346/20000, Train Loss: 2.7976, Validation Set Manhattan Distance: 180.0, Mask Weight: 0.352
Epoch 347/20000, Train Loss: 2.8066, Validation Set Manhattan Distance: 180.0, Mask Weight: 0.352
Epoch 348/20000, Train Loss: 2.7755, Validation Set Manhattan Distance: 192.0, Mask Weight: 0.352
Epoch 349/20000, Train Loss: 2.7464, Validation Set Manhattan Distance: 192.0, Mask Weight: 0.352
Epoch 350/20000, Train Loss: 2.7439, Validation Set Manhattan Distance: 192.0, Mask Weight: 0.352
Epoch 351/20000, Train Loss: 2.7441, Validation Set Manhattan Distance: 198.0, Mask Weight: 0.352
Epoch 352/20000, Train Loss: 2.7429, Validation Set Manhattan Distance: 192.0, Mask Weight: 0.352
Epoch 353/20000, Train Loss: 2.7452, Validation Set Manhattan Distance: 192.0, Mask Weight: 0.352
Epoch 354/20000, Train Loss: 2.7319, Validation Set Manhattan Distance: 198.0, Mask Weight: 0.352
Epoch 355/20000, Train Loss: 2.7528, Validation Set Manhattan Distance: 192.0, Mask Weight: 0.352
Epoch 356/20000, Train Loss: 2.7546, Validation Set Manhattan Distance: 198.0, Mask Weight: 0.352
Epoch 357/20000, Train Loss: 2.7301, Validation Set Manhattan Distance: 192.0, Mask Weight: 0.352
Epoch 358/20000, Train Loss: 2.7617, Validation Set Manhattan Distance: 192.0, Mask Weight: 0.352
Epoch 359/20000, Train Loss: 2.7615, Validation Set Manhattan Distance: 198.0, Mask Weight: 0.352
Epoch 360/20000, Train Loss: 2.7341, Validation Set Manhattan Distance: 192.0, Mask Weight: 0.352
Epoch 361/20000, Train Loss: 2.7597, Validation Set Manhattan Distance: 192.0, Mask Weight: 0.352
Epoch 362/20000, Train Loss: 2.7599, Validation Set Manhattan Distance: 198.0, Mask Weight: 0.352
Epoch 363/20000, Train Loss: 2.7377, Validation Set Manhattan Distance: 192.0, Mask Weight: 0.352
Epoch 364/20000, Train Loss: 2.7376, Validation Set Manhattan Distance: 192.0, Mask Weight: 0.352
Epoch 365/20000, Train Loss: 2.7378, Validation Set Manhattan Distance: 192.0, Mask Weight: 0.352
Epoch 366/20000, Train Loss: 2.7490, Validation Set Manhattan Distance: 198.0, Mask Weight: 0.352
Epoch 367/20000, Train Loss: 2.7453, Validation Set Manhattan Distance: 198.0, Mask Weight: 0.352
Epoch 368/20000, Train Loss: 2.7288, Validation Set Manhattan Distance: 198.0, Mask Weight: 0.352
Epoch 369/20000, Train Loss: 2.7437, Validation Set Manhattan Distance: 192.0, Mask Weight: 0.352
Epoch 370/20000, Train Loss: 2.7417, Validation Set Manhattan Distance: 198.0, Mask Weight: 0.352
Epoch 371/20000, Train Loss: 2.7293, Validation Set Manhattan Distance: 204.0, Mask Weight: 0.352
Epoch 372/20000, Train Loss: 2.7486, Validation Set Manhattan Distance: 204.0, Mask Weight: 0.352
Epoch 373/20000, Train Loss: 2.7335, Validation Set Manhattan Distance: 199.0, Mask Weight: 0.352
Epoch 374/20000, Train Loss: 2.7250, Validation Set Manhattan Distance: 204.0, Mask Weight: 0.352
Epoch 375/20000, Train Loss: 2.7375, Validation Set Manhattan Distance: 204.0, Mask Weight: 0.352
Epoch 376/20000, Train Loss: 2.7252, Validation Set Manhattan Distance: 204.0, Mask Weight: 0.352
Epoch 377/20000, Train Loss: 2.7267, Validation Set Manhattan Distance: 204.0, Mask Weight: 0.352
Epoch 378/20000, Train Loss: 2.7494, Validation Set Manhattan Distance: 204.0, Mask Weight: 0.352
Epoch 379/20000, Train Loss: 2.7358, Validation Set Manhattan Distance: 210.0, Mask Weight: 0.352
Epoch 380/20000, Train Loss: 2.7249, Validation Set Manhattan Distance: 204.0, Mask Weight: 0.352
Epoch 381/20000, Train Loss: 2.7427, Validation Set Manhattan Distance: 204.0, Mask Weight: 0.352
Epoch 382/20000, Train Loss: 2.7237, Validation Set Manhattan Distance: 204.0, Mask Weight: 0.352
Epoch 383/20000, Train Loss: 2.7325, Validation Set Manhattan Distance: 204.0, Mask Weight: 0.352
Epoch 384/20000, Train Loss: 2.7409, Validation Set Manhattan Distance: 210.0, Mask Weight: 0.352
Epoch 385/20000, Train Loss: 2.7421, Validation Set Manhattan Distance: 204.0, Mask Weight: 0.352
Epoch 386/20000, Train Loss: 2.7606, Validation Set Manhattan Distance: 204.0, Mask Weight: 0.352
Epoch 387/20000, Train Loss: 2.7595, Validation Set Manhattan Distance: 204.0, Mask Weight: 0.352
Epoch 388/20000, Train Loss: 2.7407, Validation Set Manhattan Distance: 204.0, Mask Weight: 0.352
Epoch 389/20000, Train Loss: 2.7400, Validation Set Manhattan Distance: 210.0, Mask Weight: 0.352
Epoch 390/20000, Train Loss: 2.7589, Validation Set Manhattan Distance: 210.0, Mask Weight: 0.352
Epoch 391/20000, Train Loss: 2.7226, Validation Set Manhattan Distance: 210.0, Mask Weight: 0.352
Epoch 392/20000, Train Loss: 2.7540, Validation Set Manhattan Distance: 210.0, Mask Weight: 0.352
Epoch 393/20000, Train Loss: 2.7245, Validation Set Manhattan Distance: 210.0, Mask Weight: 0.352
Epoch 394/20000, Train Loss: 2.7319, Validation Set Manhattan Distance: 204.0, Mask Weight: 0.352
Epoch 395/20000, Train Loss: 2.7354, Validation Set Manhattan Distance: 210.0, Mask Weight: 0.352
Epoch 396/20000, Train Loss: 2.7319, Validation Set Manhattan Distance: 210.0, Mask Weight: 0.352
Epoch 397/20000, Train Loss: 2.7383, Validation Set Manhattan Distance: 210.0, Mask Weight: 0.352
Epoch 398/20000, Train Loss: 2.7246, Validation Set Manhattan Distance: 210.0, Mask Weight: 0.352
Epoch 399/20000, Train Loss: 2.7299, Validation Set Manhattan Distance: 210.0, Mask Weight: 0.352
Epoch 400/20000, Train Loss: 2.7255, Validation Set Manhattan Distance: 210.0, Mask Weight: 0.352
Epoch 401/20000, Train Loss: 2.7362, Validation Set Manhattan Distance: 210.0, Mask Weight: 0.352
Epoch 402/20000, Train Loss: 2.7382, Validation Set Manhattan Distance: 210.0, Mask Weight: 0.352
Epoch 403/20000, Train Loss: 2.7267, Validation Set Manhattan Distance: 210.0, Mask Weight: 0.352
Epoch 404/20000, Train Loss: 2.7425, Validation Set Manhattan Distance: 210.0, Mask Weight: 0.352
Epoch 405/20000, Train Loss: 2.7299, Validation Set Manhattan Distance: 216.0, Mask Weight: 0.352
Epoch 406/20000, Train Loss: 2.7304, Validation Set Manhattan Distance: 216.0, Mask Weight: 0.352
Epoch 407/20000, Train Loss: 2.7527, Validation Set Manhattan Distance: 216.0, Mask Weight: 0.352
Epoch 408/20000, Train Loss: 2.7322, Validation Set Manhattan Distance: 210.0, Mask Weight: 0.352
Epoch 409/20000, Train Loss: 2.7254, Validation Set Manhattan Distance: 222.0, Mask Weight: 0.352
Epoch 410/20000, Train Loss: 2.7307, Validation Set Manhattan Distance: 216.0, Mask Weight: 0.352
Epoch 411/20000, Train Loss: 2.7397, Validation Set Manhattan Distance: 210.0, Mask Weight: 0.352
Epoch 412/20000, Train Loss: 2.7258, Validation Set Manhattan Distance: 216.0, Mask Weight: 0.352
Epoch 413/20000, Train Loss: 2.7583, Validation Set Manhattan Distance: 210.0, Mask Weight: 0.352
Epoch 414/20000, Train Loss: 2.7325, Validation Set Manhattan Distance: 216.0, Mask Weight: 0.352
Epoch 415/20000, Train Loss: 2.7451, Validation Set Manhattan Distance: 216.0, Mask Weight: 0.352
Epoch 416/20000, Train Loss: 2.7230, Validation Set Manhattan Distance: 222.0, Mask Weight: 0.352
Epoch 417/20000, Train Loss: 2.7459, Validation Set Manhattan Distance: 216.0, Mask Weight: 0.352
Epoch 418/20000, Train Loss: 2.7299, Validation Set Manhattan Distance: 210.0, Mask Weight: 0.352
Epoch 419/20000, Train Loss: 2.7448, Validation Set Manhattan Distance: 210.0, Mask Weight: 0.352
Epoch 420/20000, Train Loss: 2.7301, Validation Set Manhattan Distance: 210.0, Mask Weight: 0.352
Epoch 421/20000, Train Loss: 2.7319, Validation Set Manhattan Distance: 222.0, Mask Weight: 0.352
Epoch 422/20000, Train Loss: 2.7369, Validation Set Manhattan Distance: 222.0, Mask Weight: 0.352
Epoch 423/20000, Train Loss: 2.7136, Validation Set Manhattan Distance: 222.0, Mask Weight: 0.352
Epoch 424/20000, Train Loss: 2.7229, Validation Set Manhattan Distance: 216.0, Mask Weight: 0.352
Epoch 425/20000, Train Loss: 2.7287, Validation Set Manhattan Distance: 216.0, Mask Weight: 0.352
Epoch 426/20000, Train Loss: 2.7289, Validation Set Manhattan Distance: 216.0, Mask Weight: 0.352
Epoch 427/20000, Train Loss: 2.7216, Validation Set Manhattan Distance: 216.0, Mask Weight: 0.352
Epoch 428/20000, Train Loss: 2.7378, Validation Set Manhattan Distance: 228.0, Mask Weight: 0.352
Epoch 429/20000, Train Loss: 2.7318, Validation Set Manhattan Distance: 222.0, Mask Weight: 0.352
Epoch 430/20000, Train Loss: 2.7186, Validation Set Manhattan Distance: 228.0, Mask Weight: 0.352
Epoch 431/20000, Train Loss: 2.7246, Validation Set Manhattan Distance: 228.0, Mask Weight: 0.352
Epoch 432/20000, Train Loss: 2.7309, Validation Set Manhattan Distance: 228.0, Mask Weight: 0.352
Epoch 433/20000, Train Loss: 2.7119, Validation Set Manhattan Distance: 228.0, Mask Weight: 0.352
Epoch 434/20000, Train Loss: 2.7351, Validation Set Manhattan Distance: 222.0, Mask Weight: 0.352
Epoch 435/20000, Train Loss: 2.7521, Validation Set Manhattan Distance: 216.0, Mask Weight: 0.352
Epoch 436/20000, Train Loss: 2.7308, Validation Set Manhattan Distance: 228.0, Mask Weight: 0.352
Epoch 437/20000, Train Loss: 2.7292, Validation Set Manhattan Distance: 222.0, Mask Weight: 0.352
Epoch 438/20000, Train Loss: 2.7278, Validation Set Manhattan Distance: 222.0, Mask Weight: 0.352
Epoch 439/20000, Train Loss: 2.7432, Validation Set Manhattan Distance: 228.0, Mask Weight: 0.352
Epoch 440/20000, Train Loss: 2.7360, Validation Set Manhattan Distance: 222.0, Mask Weight: 0.352
Epoch 441/20000, Train Loss: 2.7116, Validation Set Manhattan Distance: 222.0, Mask Weight: 0.352
Epoch 442/20000, Train Loss: 2.7187, Validation Set Manhattan Distance: 216.0, Mask Weight: 0.352
Epoch 443/20000, Train Loss: 2.7248, Validation Set Manhattan Distance: 225.0, Mask Weight: 0.352
Epoch 444/20000, Train Loss: 2.7477, Validation Set Manhattan Distance: 222.0, Mask Weight: 0.352
Epoch 445/20000, Train Loss: 2.7302, Validation Set Manhattan Distance: 228.0, Mask Weight: 0.352
Epoch 446/20000, Train Loss: 2.7211, Validation Set Manhattan Distance: 228.0, Mask Weight: 0.352
Epoch 447/20000, Train Loss: 2.7278, Validation Set Manhattan Distance: 228.0, Mask Weight: 0.352
Epoch 448/20000, Train Loss: 2.7210, Validation Set Manhattan Distance: 228.0, Mask Weight: 0.352
Epoch 449/20000, Train Loss: 2.7283, Validation Set Manhattan Distance: 222.0, Mask Weight: 0.352
Epoch 450/20000, Train Loss: 2.7268, Validation Set Manhattan Distance: 228.0, Mask Weight: 0.352
Epoch 451/20000, Train Loss: 2.7314, Validation Set Manhattan Distance: 228.0, Mask Weight: 0.352
Epoch 452/20000, Train Loss: 2.7338, Validation Set Manhattan Distance: 228.0, Mask Weight: 0.352
Epoch 453/20000, Train Loss: 2.7242, Validation Set Manhattan Distance: 234.0, Mask Weight: 0.352
Epoch 454/20000, Train Loss: 2.7442, Validation Set Manhattan Distance: 234.0, Mask Weight: 0.352
Epoch 455/20000, Train Loss: 2.7377, Validation Set Manhattan Distance: 228.0, Mask Weight: 0.352
Epoch 456/20000, Train Loss: 2.7120, Validation Set Manhattan Distance: 228.0, Mask Weight: 0.352
Epoch 457/20000, Train Loss: 2.7415, Validation Set Manhattan Distance: 228.0, Mask Weight: 0.352
Epoch 458/20000, Train Loss: 2.7494, Validation Set Manhattan Distance: 222.0, Mask Weight: 0.352
Epoch 459/20000, Train Loss: 2.7558, Validation Set Manhattan Distance: 228.0, Mask Weight: 0.352
Epoch 460/20000, Train Loss: 2.7177, Validation Set Manhattan Distance: 228.0, Mask Weight: 0.352
Epoch 461/20000, Train Loss: 2.7331, Validation Set Manhattan Distance: 228.0, Mask Weight: 0.352
Epoch 462/20000, Train Loss: 2.7314, Validation Set Manhattan Distance: 228.0, Mask Weight: 0.352
Epoch 463/20000, Train Loss: 2.7212, Validation Set Manhattan Distance: 234.0, Mask Weight: 0.352
Epoch 464/20000, Train Loss: 2.7092, Validation Set Manhattan Distance: 228.0, Mask Weight: 0.352
Epoch 465/20000, Train Loss: 2.7197, Validation Set Manhattan Distance: 228.0, Mask Weight: 0.352
Epoch 466/20000, Train Loss: 2.7118, Validation Set Manhattan Distance: 228.0, Mask Weight: 0.352
Epoch 467/20000, Train Loss: 2.7148, Validation Set Manhattan Distance: 222.0, Mask Weight: 0.352
Epoch 468/20000, Train Loss: 2.7343, Validation Set Manhattan Distance: 228.0, Mask Weight: 0.352
Epoch 469/20000, Train Loss: 2.7524, Validation Set Manhattan Distance: 234.0, Mask Weight: 0.352
Epoch 470/20000, Train Loss: 2.7215, Validation Set Manhattan Distance: 228.0, Mask Weight: 0.352
Epoch 471/20000, Train Loss: 2.7411, Validation Set Manhattan Distance: 234.0, Mask Weight: 0.352
Epoch 472/20000, Train Loss: 2.7344, Validation Set Manhattan Distance: 228.0, Mask Weight: 0.352
Epoch 473/20000, Train Loss: 2.7090, Validation Set Manhattan Distance: 234.0, Mask Weight: 0.352
Epoch 474/20000, Train Loss: 2.7314, Validation Set Manhattan Distance: 240.0, Mask Weight: 0.352
Epoch 475/20000, Train Loss: 2.7246, Validation Set Manhattan Distance: 228.0, Mask Weight: 0.352
Epoch 476/20000, Train Loss: 2.7268, Validation Set Manhattan Distance: 234.0, Mask Weight: 0.352
Epoch 477/20000, Train Loss: 2.7314, Validation Set Manhattan Distance: 234.0, Mask Weight: 0.352
Epoch 478/20000, Train Loss: 2.7149, Validation Set Manhattan Distance: 240.0, Mask Weight: 0.352
Epoch 479/20000, Train Loss: 2.7307, Validation Set Manhattan Distance: 240.0, Mask Weight: 0.352
Epoch 480/20000, Train Loss: 2.7263, Validation Set Manhattan Distance: 240.0, Mask Weight: 0.352
Epoch 481/20000, Train Loss: 2.7121, Validation Set Manhattan Distance: 240.0, Mask Weight: 0.352
Epoch 482/20000, Train Loss: 2.7410, Validation Set Manhattan Distance: 240.0, Mask Weight: 0.352
Epoch 483/20000, Train Loss: 2.7204, Validation Set Manhattan Distance: 240.0, Mask Weight: 0.352
Epoch 484/20000, Train Loss: 2.7143, Validation Set Manhattan Distance: 240.0, Mask Weight: 0.352
Epoch 485/20000, Train Loss: 2.7358, Validation Set Manhattan Distance: 246.0, Mask Weight: 0.352
Epoch 486/20000, Train Loss: 2.7107, Validation Set Manhattan Distance: 246.0, Mask Weight: 0.352
Epoch 487/20000, Train Loss: 2.7175, Validation Set Manhattan Distance: 246.0, Mask Weight: 0.352
Epoch 488/20000, Train Loss: 2.7205, Validation Set Manhattan Distance: 246.0, Mask Weight: 0.352
Epoch 489/20000, Train Loss: 2.7212, Validation Set Manhattan Distance: 240.0, Mask Weight: 0.352
Epoch 490/20000, Train Loss: 2.7211, Validation Set Manhattan Distance: 234.0, Mask Weight: 0.352
Epoch 491/20000, Train Loss: 4.9274, Validation Set Manhattan Distance: 18.0, Mask Weight: 0.352
Epoch 492/20000, Train Loss: 8.4082, Validation Set Manhattan Distance: 12.0, Mask Weight: 0.352
Epoch 493/20000, Train Loss: 7.9681, Validation Set Manhattan Distance: 12.0, Mask Weight: 0.352
Epoch 494/20000, Train Loss: 7.1032, Validation Set Manhattan Distance: 12.0, Mask Weight: 0.352
Epoch 495/20000, Train Loss: 5.7688, Validation Set Manhattan Distance: 12.0, Mask Weight: 0.352
Epoch 496/20000, Train Loss: 5.5142, Validation Set Manhattan Distance: 12.0, Mask Weight: 0.352
Epoch 497/20000, Train Loss: 5.2671, Validation Set Manhattan Distance: 12.0, Mask Weight: 0.352
Epoch 498/20000, Train Loss: 5.0043, Validation Set Manhattan Distance: 12.0, Mask Weight: 0.352
Epoch 499/20000, Train Loss: 4.8310, Validation Set Manhattan Distance: 12.0, Mask Weight: 0.352
Epoch 500/20000, Train Loss: 4.7011, Validation Set Manhattan Distance: 12.0, Mask Weight: 0.352
Epoch 501/20000, Train Loss: 4.5558, Validation Set Manhattan Distance: 12.0, Mask Weight: 0.352
Epoch 502/20000, Train Loss: 4.3220, Validation Set Manhattan Distance: 12.0, Mask Weight: 0.352
Epoch 503/20000, Train Loss: 4.0455, Validation Set Manhattan Distance: 12.0, Mask Weight: 0.352
Epoch 504/20000, Train Loss: 3.7660, Validation Set Manhattan Distance: 12.0, Mask Weight: 0.352
Epoch 505/20000, Train Loss: 5.0183, Validation Set Manhattan Distance: 12.0, Mask Weight: 0.352
Epoch 506/20000, Train Loss: 3.9909, Validation Set Manhattan Distance: 12.0, Mask Weight: 0.352
Epoch 507/20000, Train Loss: 3.6815, Validation Set Manhattan Distance: 12.0, Mask Weight: 0.352
Epoch 508/20000, Train Loss: 3.3917, Validation Set Manhattan Distance: 12.0, Mask Weight: 0.352
Epoch 509/20000, Train Loss: 3.1939, Validation Set Manhattan Distance: 12.0, Mask Weight: 0.352
Epoch 510/20000, Train Loss: 3.0690, Validation Set Manhattan Distance: 12.0, Mask Weight: 0.352
Epoch 511/20000, Train Loss: 2.8823, Validation Set Manhattan Distance: 12.0, Mask Weight: 0.352
Epoch 512/20000, Train Loss: 3.9069, Validation Set Manhattan Distance: 18.0, Mask Weight: 0.352
Epoch 513/20000, Train Loss: 4.0555, Validation Set Manhattan Distance: 18.0, Mask Weight: 0.352
Epoch 514/20000, Train Loss: 5.2465, Validation Set Manhattan Distance: 12.0, Mask Weight: 0.352
Epoch 515/20000, Train Loss: 3.9258, Validation Set Manhattan Distance: 12.0, Mask Weight: 0.352
Epoch 516/20000, Train Loss: 3.8407, Validation Set Manhattan Distance: 12.0, Mask Weight: 0.352
Epoch 517/20000, Train Loss: 3.6037, Validation Set Manhattan Distance: 12.0, Mask Weight: 0.352
Epoch 518/20000, Train Loss: 3.3997, Validation Set Manhattan Distance: 12.0, Mask Weight: 0.352
Epoch 519/20000, Train Loss: 3.2256, Validation Set Manhattan Distance: 12.0, Mask Weight: 0.352
Epoch 520/20000, Train Loss: 3.0649, Validation Set Manhattan Distance: 12.0, Mask Weight: 0.352
Epoch 521/20000, Train Loss: 2.9688, Validation Set Manhattan Distance: 12.0, Mask Weight: 0.352
Epoch 522/20000, Train Loss: 2.9343, Validation Set Manhattan Distance: 12.0, Mask Weight: 0.352
Epoch 523/20000, Train Loss: 3.5149, Validation Set Manhattan Distance: 12.0, Mask Weight: 0.352
Epoch 524/20000, Train Loss: 3.8360, Validation Set Manhattan Distance: 12.0, Mask Weight: 0.352
Epoch 525/20000, Train Loss: 3.1753, Validation Set Manhattan Distance: 12.0, Mask Weight: 0.352
Epoch 526/20000, Train Loss: 3.1155, Validation Set Manhattan Distance: 12.0, Mask Weight: 0.352
Epoch 527/20000, Train Loss: 3.1078, Validation Set Manhattan Distance: 12.0, Mask Weight: 0.352
Epoch 528/20000, Train Loss: 3.0301, Validation Set Manhattan Distance: 12.0, Mask Weight: 0.352
Epoch 529/20000, Train Loss: 2.9147, Validation Set Manhattan Distance: 12.0, Mask Weight: 0.352
Epoch 530/20000, Train Loss: 2.8541, Validation Set Manhattan Distance: 12.0, Mask Weight: 0.352
Epoch 531/20000, Train Loss: 2.8279, Validation Set Manhattan Distance: 12.0, Mask Weight: 0.352
Epoch 532/20000, Train Loss: 2.8034, Validation Set Manhattan Distance: 12.0, Mask Weight: 0.352
Epoch 533/20000, Train Loss: 2.7844, Validation Set Manhattan Distance: 12.0, Mask Weight: 0.352
Epoch 534/20000, Train Loss: 2.7976, Validation Set Manhattan Distance: 12.0, Mask Weight: 0.352
Epoch 535/20000, Train Loss: 2.7956, Validation Set Manhattan Distance: 12.0, Mask Weight: 0.352
Epoch 536/20000, Train Loss: 2.7716, Validation Set Manhattan Distance: 12.0, Mask Weight: 0.352
Epoch 537/20000, Train Loss: 2.7533, Validation Set Manhattan Distance: 12.0, Mask Weight: 0.352
Epoch 538/20000, Train Loss: 2.7667, Validation Set Manhattan Distance: 12.0, Mask Weight: 0.352
Epoch 539/20000, Train Loss: 2.7586, Validation Set Manhattan Distance: 12.0, Mask Weight: 0.352
Epoch 540/20000, Train Loss: 2.7633, Validation Set Manhattan Distance: 12.0, Mask Weight: 0.352
Epoch 541/20000, Train Loss: 2.7699, Validation Set Manhattan Distance: 12.0, Mask Weight: 0.352
Epoch 542/20000, Train Loss: 2.7378, Validation Set Manhattan Distance: 12.0, Mask Weight: 0.352
Epoch 543/20000, Train Loss: 2.7358, Validation Set Manhattan Distance: 12.0, Mask Weight: 0.352
Epoch 544/20000, Train Loss: 2.7392, Validation Set Manhattan Distance: 12.0, Mask Weight: 0.352
Epoch 545/20000, Train Loss: 2.7551, Validation Set Manhattan Distance: 12.0, Mask Weight: 0.352
Epoch 546/20000, Train Loss: 2.7355, Validation Set Manhattan Distance: 12.0, Mask Weight: 0.352
Epoch 547/20000, Train Loss: 2.7482, Validation Set Manhattan Distance: 12.0, Mask Weight: 0.352
Epoch 548/20000, Train Loss: 2.7322, Validation Set Manhattan Distance: 12.0, Mask Weight: 0.352
Epoch 549/20000, Train Loss: 2.7378, Validation Set Manhattan Distance: 12.0, Mask Weight: 0.352
Epoch 550/20000, Train Loss: 2.7612, Validation Set Manhattan Distance: 12.0, Mask Weight: 0.352
Epoch 551/20000, Train Loss: 2.7247, Validation Set Manhattan Distance: 12.0, Mask Weight: 0.352
Epoch 552/20000, Train Loss: 2.7444, Validation Set Manhattan Distance: 12.0, Mask Weight: 0.352
Epoch 553/20000, Train Loss: 2.7475, Validation Set Manhattan Distance: 12.0, Mask Weight: 0.352
Epoch 554/20000, Train Loss: 2.7257, Validation Set Manhattan Distance: 12.0, Mask Weight: 0.352
Epoch 555/20000, Train Loss: 2.7390, Validation Set Manhattan Distance: 12.0, Mask Weight: 0.352
Epoch 556/20000, Train Loss: 2.7368, Validation Set Manhattan Distance: 12.0, Mask Weight: 0.352
Epoch 557/20000, Train Loss: 2.7324, Validation Set Manhattan Distance: 12.0, Mask Weight: 0.352
Epoch 558/20000, Train Loss: 2.7268, Validation Set Manhattan Distance: 12.0, Mask Weight: 0.352
Epoch 559/20000, Train Loss: 2.7334, Validation Set Manhattan Distance: 12.0, Mask Weight: 0.352
Epoch 560/20000, Train Loss: 2.7312, Validation Set Manhattan Distance: 12.0, Mask Weight: 0.352
Epoch 561/20000, Train Loss: 2.7370, Validation Set Manhattan Distance: 12.0, Mask Weight: 0.352
Epoch 562/20000, Train Loss: 2.7406, Validation Set Manhattan Distance: 12.0, Mask Weight: 0.352
Epoch 563/20000, Train Loss: 2.7308, Validation Set Manhattan Distance: 12.0, Mask Weight: 0.352
Epoch 564/20000, Train Loss: 2.7371, Validation Set Manhattan Distance: 12.0, Mask Weight: 0.352
Epoch 565/20000, Train Loss: 2.7239, Validation Set Manhattan Distance: 12.0, Mask Weight: 0.352
Epoch 566/20000, Train Loss: 2.7327, Validation Set Manhattan Distance: 12.0, Mask Weight: 0.352
Epoch 567/20000, Train Loss: 2.7181, Validation Set Manhattan Distance: 12.0, Mask Weight: 0.352
Epoch 568/20000, Train Loss: 2.7402, Validation Set Manhattan Distance: 12.0, Mask Weight: 0.352
Epoch 569/20000, Train Loss: 2.7207, Validation Set Manhattan Distance: 18.0, Mask Weight: 0.352
Epoch 570/20000, Train Loss: 2.7274, Validation Set Manhattan Distance: 18.0, Mask Weight: 0.352
Epoch 571/20000, Train Loss: 2.7141, Validation Set Manhattan Distance: 18.0, Mask Weight: 0.352
Epoch 572/20000, Train Loss: 2.7530, Validation Set Manhattan Distance: 18.0, Mask Weight: 0.352
Epoch 573/20000, Train Loss: 2.7314, Validation Set Manhattan Distance: 18.0, Mask Weight: 0.352
Epoch 574/20000, Train Loss: 2.7327, Validation Set Manhattan Distance: 18.0, Mask Weight: 0.352
Epoch 575/20000, Train Loss: 2.7324, Validation Set Manhattan Distance: 18.0, Mask Weight: 0.352
Epoch 576/20000, Train Loss: 2.7233, Validation Set Manhattan Distance: 18.0, Mask Weight: 0.352
Epoch 577/20000, Train Loss: 2.7272, Validation Set Manhattan Distance: 24.0, Mask Weight: 0.352
Epoch 578/20000, Train Loss: 2.7525, Validation Set Manhattan Distance: 24.0, Mask Weight: 0.352
Epoch 579/20000, Train Loss: 2.7291, Validation Set Manhattan Distance: 24.0, Mask Weight: 0.352
Epoch 580/20000, Train Loss: 2.7350, Validation Set Manhattan Distance: 30.0, Mask Weight: 0.352
Epoch 581/20000, Train Loss: 2.7231, Validation Set Manhattan Distance: 40.0, Mask Weight: 0.352
Epoch 582/20000, Train Loss: 2.7239, Validation Set Manhattan Distance: 40.0, Mask Weight: 0.352
Epoch 583/20000, Train Loss: 2.7250, Validation Set Manhattan Distance: 40.0, Mask Weight: 0.352
Epoch 584/20000, Train Loss: 2.7219, Validation Set Manhattan Distance: 124.0, Mask Weight: 0.352
Epoch 585/20000, Train Loss: 2.7184, Validation Set Manhattan Distance: 124.0, Mask Weight: 0.352
Epoch 586/20000, Train Loss: 2.7161, Validation Set Manhattan Distance: 124.0, Mask Weight: 0.352
Epoch 587/20000, Train Loss: 2.7188, Validation Set Manhattan Distance: 130.0, Mask Weight: 0.352
Epoch 588/20000, Train Loss: 2.7076, Validation Set Manhattan Distance: 210.0, Mask Weight: 0.352
Epoch 589/20000, Train Loss: 2.7265, Validation Set Manhattan Distance: 210.0, Mask Weight: 0.352
Epoch 590/20000, Train Loss: 2.7221, Validation Set Manhattan Distance: 210.0, Mask Weight: 0.352
Epoch 591/20000, Train Loss: 2.7403, Validation Set Manhattan Distance: 210.0, Mask Weight: 0.352
Epoch 592/20000, Train Loss: 2.7368, Validation Set Manhattan Distance: 204.0, Mask Weight: 0.352
Epoch 593/20000, Train Loss: 2.7117, Validation Set Manhattan Distance: 210.0, Mask Weight: 0.352
Epoch 594/20000, Train Loss: 2.7457, Validation Set Manhattan Distance: 210.0, Mask Weight: 0.352
Epoch 595/20000, Train Loss: 2.7292, Validation Set Manhattan Distance: 210.0, Mask Weight: 0.352
Epoch 596/20000, Train Loss: 2.7224, Validation Set Manhattan Distance: 210.0, Mask Weight: 0.352
Epoch 597/20000, Train Loss: 2.7375, Validation Set Manhattan Distance: 252.0, Mask Weight: 0.352
Epoch 598/20000, Train Loss: 2.7162, Validation Set Manhattan Distance: 234.0, Mask Weight: 0.352
Epoch 599/20000, Train Loss: 2.7535, Validation Set Manhattan Distance: 252.0, Mask Weight: 0.352
Epoch 600/20000, Train Loss: 2.7233, Validation Set Manhattan Distance: 252.0, Mask Weight: 0.352
Epoch 601/20000, Train Loss: 2.7217, Validation Set Manhattan Distance: 252.0, Mask Weight: 0.352
Epoch 602/20000, Train Loss: 2.7454, Validation Set Manhattan Distance: 252.0, Mask Weight: 0.352
Epoch 603/20000, Train Loss: 2.7246, Validation Set Manhattan Distance: 210.0, Mask Weight: 0.352
Epoch 604/20000, Train Loss: 2.7270, Validation Set Manhattan Distance: 216.0, Mask Weight: 0.352
Epoch 605/20000, Train Loss: 2.7704, Validation Set Manhattan Distance: 228.0, Mask Weight: 0.352
Epoch 606/20000, Train Loss: 7.4352, Validation Set Manhattan Distance: 12.0, Mask Weight: 0.352
Epoch 607/20000, Train Loss: 7.5282, Validation Set Manhattan Distance: 12.0, Mask Weight: 0.352
Epoch 608/20000, Train Loss: 6.9839, Validation Set Manhattan Distance: 12.0, Mask Weight: 0.352
Epoch 609/20000, Train Loss: 6.3749, Validation Set Manhattan Distance: 12.0, Mask Weight: 0.352
Epoch 610/20000, Train Loss: 5.8507, Validation Set Manhattan Distance: 12.0, Mask Weight: 0.352
Epoch 611/20000, Train Loss: 5.4987, Validation Set Manhattan Distance: 12.0, Mask Weight: 0.352
Epoch 612/20000, Train Loss: 5.3712, Validation Set Manhattan Distance: 12.0, Mask Weight: 0.352
Epoch 613/20000, Train Loss: 5.2549, Validation Set Manhattan Distance: 12.0, Mask Weight: 0.352
Epoch 614/20000, Train Loss: 5.1624, Validation Set Manhattan Distance: 12.0, Mask Weight: 0.352
Epoch 615/20000, Train Loss: 5.0830, Validation Set Manhattan Distance: 12.0, Mask Weight: 0.352
Epoch 616/20000, Train Loss: 5.0029, Validation Set Manhattan Distance: 12.0, Mask Weight: 0.352
Epoch 617/20000, Train Loss: 4.9162, Validation Set Manhattan Distance: 12.0, Mask Weight: 0.352
Epoch 618/20000, Train Loss: 4.8060, Validation Set Manhattan Distance: 12.0, Mask Weight: 0.352
Epoch 619/20000, Train Loss: 4.7024, Validation Set Manhattan Distance: 12.0, Mask Weight: 0.352
Epoch 620/20000, Train Loss: 4.5826, Validation Set Manhattan Distance: 12.0, Mask Weight: 0.352
Epoch 621/20000, Train Loss: 4.4362, Validation Set Manhattan Distance: 12.0, Mask Weight: 0.352
Epoch 622/20000, Train Loss: 4.2520, Validation Set Manhattan Distance: 12.0, Mask Weight: 0.352
Epoch 623/20000, Train Loss: 4.0357, Validation Set Manhattan Distance: 12.0, Mask Weight: 0.352
Epoch 624/20000, Train Loss: 3.8713, Validation Set Manhattan Distance: 12.0, Mask Weight: 0.352
Epoch 625/20000, Train Loss: 3.6399, Validation Set Manhattan Distance: 12.0, Mask Weight: 0.352
Epoch 626/20000, Train Loss: 4.0337, Validation Set Manhattan Distance: 12.0, Mask Weight: 0.352
Epoch 627/20000, Train Loss: 3.7833, Validation Set Manhattan Distance: 12.0, Mask Weight: 0.352
Epoch 628/20000, Train Loss: 3.7512, Validation Set Manhattan Distance: 12.0, Mask Weight: 0.352
Epoch 629/20000, Train Loss: 3.4415, Validation Set Manhattan Distance: 12.0, Mask Weight: 0.352
Epoch 630/20000, Train Loss: 3.2917, Validation Set Manhattan Distance: 12.0, Mask Weight: 0.352
Epoch 631/20000, Train Loss: 3.2846, Validation Set Manhattan Distance: 12.0, Mask Weight: 0.352
Epoch 632/20000, Train Loss: 3.1441, Validation Set Manhattan Distance: 12.0, Mask Weight: 0.352
Epoch 633/20000, Train Loss: 3.1785, Validation Set Manhattan Distance: 12.0, Mask Weight: 0.352
Epoch 634/20000, Train Loss: 3.2860, Validation Set Manhattan Distance: 12.0, Mask Weight: 0.352
Epoch 635/20000, Train Loss: 3.5505, Validation Set Manhattan Distance: 12.0, Mask Weight: 0.352
Epoch 636/20000, Train Loss: 3.4294, Validation Set Manhattan Distance: 12.0, Mask Weight: 0.352
Epoch 637/20000, Train Loss: 3.5893, Validation Set Manhattan Distance: 12.0, Mask Weight: 0.352
Epoch 638/20000, Train Loss: 3.1710, Validation Set Manhattan Distance: 12.0, Mask Weight: 0.352
Epoch 639/20000, Train Loss: 2.9300, Validation Set Manhattan Distance: 12.0, Mask Weight: 0.352
Epoch 640/20000, Train Loss: 2.9382, Validation Set Manhattan Distance: 12.0, Mask Weight: 0.352
Epoch 641/20000, Train Loss: 2.9273, Validation Set Manhattan Distance: 12.0, Mask Weight: 0.352
Epoch 642/20000, Train Loss: 2.9060, Validation Set Manhattan Distance: 12.0, Mask Weight: 0.352
Epoch 643/20000, Train Loss: 3.0702, Validation Set Manhattan Distance: 12.0, Mask Weight: 0.352
Epoch 644/20000, Train Loss: 2.8763, Validation Set Manhattan Distance: 12.0, Mask Weight: 0.352