Using device: cuda
Starting training with gradient-based adaptive weighted mask...
Epoch 1/20000, Train Loss: 58.6233, Validation Set Manhattan Distance: 500.0, Mask Weight: 1.000
  -> New best Validation Set Manhattan Distance: 500.0. Model saved.
Epoch 2/20000, Train Loss: 42.2634, Validation Set Manhattan Distance: 508.0, Mask Weight: 1.000
Epoch 3/20000, Train Loss: 34.5164, Validation Set Manhattan Distance: 506.0, Mask Weight: 1.000
Epoch 4/20000, Train Loss: 28.9908, Validation Set Manhattan Distance: 506.0, Mask Weight: 1.000
Epoch 5/20000, Train Loss: 24.4252, Validation Set Manhattan Distance: 506.0, Mask Weight: 1.000
Epoch 6/20000, Train Loss: 20.7379, Validation Set Manhattan Distance: 504.0, Mask Weight: 1.000
Epoch 7/20000, Train Loss: 17.6399, Validation Set Manhattan Distance: 504.0, Mask Weight: 1.000
Epoch 8/20000, Train Loss: 14.9884, Validation Set Manhattan Distance: 507.0, Mask Weight: 1.000
Epoch 9/20000, Train Loss: 12.7165, Validation Set Manhattan Distance: 506.0, Mask Weight: 1.000
Epoch 10/20000, Train Loss: 10.7722, Validation Set Manhattan Distance: 506.0, Mask Weight: 1.000
Epoch 11/20000, Train Loss: 9.1111, Validation Set Manhattan Distance: 508.0, Mask Weight: 1.000
Epoch 12/20000, Train Loss: 7.6961, Validation Set Manhattan Distance: 506.0, Mask Weight: 1.000
Epoch 13/20000, Train Loss: 6.4940, Validation Set Manhattan Distance: 506.0, Mask Weight: 1.000
Epoch 14/20000, Train Loss: 5.4762, Validation Set Manhattan Distance: 506.0, Mask Weight: 1.000
Epoch 15/20000, Train Loss: 4.6143, Validation Set Manhattan Distance: 508.0, Mask Weight: 1.000
Epoch 16/20000, Train Loss: 3.8833, Validation Set Manhattan Distance: 506.0, Mask Weight: 1.000
Epoch 17/20000, Train Loss: 3.2657, Validation Set Manhattan Distance: 508.0, Mask Weight: 1.000
Epoch 18/20000, Train Loss: 2.7457, Validation Set Manhattan Distance: 508.0, Mask Weight: 1.000
Epoch 19/20000, Train Loss: 2.3065, Validation Set Manhattan Distance: 510.0, Mask Weight: 1.000
Epoch 20/20000, Train Loss: 1.9370, Validation Set Manhattan Distance: 510.0, Mask Weight: 1.000
Epoch 21/20000, Train Loss: 1.6270, Validation Set Manhattan Distance: 508.0, Mask Weight: 1.000
Epoch 22/20000, Train Loss: 1.3656, Validation Set Manhattan Distance: 508.0, Mask Weight: 1.000
Epoch 23/20000, Train Loss: 1.1469, Validation Set Manhattan Distance: 506.0, Mask Weight: 1.000
Epoch 24/20000, Train Loss: 0.9641, Validation Set Manhattan Distance: 506.0, Mask Weight: 1.000
Epoch 25/20000, Train Loss: 0.8097, Validation Set Manhattan Distance: 508.0, Mask Weight: 1.000
Epoch 26/20000, Train Loss: 0.6807, Validation Set Manhattan Distance: 506.0, Mask Weight: 1.000
Epoch 27/20000, Train Loss: 0.5726, Validation Set Manhattan Distance: 506.0, Mask Weight: 1.000
Epoch 28/20000, Train Loss: 0.4804, Validation Set Manhattan Distance: 506.0, Mask Weight: 1.000
Epoch 29/20000, Train Loss: 0.4043, Validation Set Manhattan Distance: 506.0, Mask Weight: 1.000
Epoch 30/20000, Train Loss: 0.3400, Validation Set Manhattan Distance: 506.0, Mask Weight: 1.000
Epoch 31/20000, Train Loss: 0.2867, Validation Set Manhattan Distance: 508.0, Mask Weight: 1.000
Epoch 32/20000, Train Loss: 0.2419, Validation Set Manhattan Distance: 506.0, Mask Weight: 1.000
Epoch 33/20000, Train Loss: 0.2040, Validation Set Manhattan Distance: 508.0, Mask Weight: 1.000
Epoch 34/20000, Train Loss: 0.1727, Validation Set Manhattan Distance: 509.0, Mask Weight: 1.000
Epoch 35/20000, Train Loss: 0.1460, Validation Set Manhattan Distance: 509.0, Mask Weight: 1.000
Epoch 36/20000, Train Loss: 0.1233, Validation Set Manhattan Distance: 511.0, Mask Weight: 1.000
Epoch 37/20000, Train Loss: 0.1048, Validation Set Manhattan Distance: 507.0, Mask Weight: 1.000
  -> Train loss below 0.1. Mask weight reduction is now enabled.
Epoch 38/20000, Train Loss: 0.0892, Validation Set Manhattan Distance: 507.0, Mask Weight: 1.000
  -> Validation Set Manhattan Distance did not improve for 10 epochs.
  -> Unmasked Loss (Gradient Magnitude): 0.2903, Calculated Decrement: 0.0172
  -> Reducing mask weight to 0.983.
  -> Mask weight reduction is now disabled until train loss is below 0.001 again.
Epoch 39/20000, Train Loss: 0.3382, Validation Set Manhattan Distance: 12.0, Mask Weight: 0.983
  -> New best Validation Set Manhattan Distance: 12.0. Model saved.
Epoch 40/20000, Train Loss: 0.2391, Validation Set Manhattan Distance: 12.0, Mask Weight: 0.983
Epoch 41/20000, Train Loss: 0.2243, Validation Set Manhattan Distance: 12.0, Mask Weight: 0.983
Epoch 42/20000, Train Loss: 0.2168, Validation Set Manhattan Distance: 12.0, Mask Weight: 0.983
Epoch 43/20000, Train Loss: 0.2082, Validation Set Manhattan Distance: 12.0, Mask Weight: 0.983
Epoch 44/20000, Train Loss: 0.2023, Validation Set Manhattan Distance: 12.0, Mask Weight: 0.983
Epoch 45/20000, Train Loss: 0.1965, Validation Set Manhattan Distance: 12.0, Mask Weight: 0.983
Epoch 46/20000, Train Loss: 0.1915, Validation Set Manhattan Distance: 12.0, Mask Weight: 0.983
Epoch 47/20000, Train Loss: 0.1871, Validation Set Manhattan Distance: 12.0, Mask Weight: 0.983
Epoch 48/20000, Train Loss: 0.1832, Validation Set Manhattan Distance: 12.0, Mask Weight: 0.983
Epoch 49/20000, Train Loss: 0.1796, Validation Set Manhattan Distance: 12.0, Mask Weight: 0.983
Epoch 50/20000, Train Loss: 0.1766, Validation Set Manhattan Distance: 12.0, Mask Weight: 0.983
Epoch 51/20000, Train Loss: 0.1748, Validation Set Manhattan Distance: 12.0, Mask Weight: 0.983
Epoch 52/20000, Train Loss: 0.1721, Validation Set Manhattan Distance: 12.0, Mask Weight: 0.983
Epoch 53/20000, Train Loss: 0.1701, Validation Set Manhattan Distance: 12.0, Mask Weight: 0.983
Epoch 54/20000, Train Loss: 0.1684, Validation Set Manhattan Distance: 12.0, Mask Weight: 0.983
Epoch 55/20000, Train Loss: 0.1675, Validation Set Manhattan Distance: 12.0, Mask Weight: 0.983
Epoch 56/20000, Train Loss: 0.1663, Validation Set Manhattan Distance: 12.0, Mask Weight: 0.983
Epoch 57/20000, Train Loss: 0.1643, Validation Set Manhattan Distance: 12.0, Mask Weight: 0.983
Epoch 58/20000, Train Loss: 0.1633, Validation Set Manhattan Distance: 12.0, Mask Weight: 0.983
Epoch 59/20000, Train Loss: 0.1622, Validation Set Manhattan Distance: 12.0, Mask Weight: 0.983
Epoch 60/20000, Train Loss: 0.1598, Validation Set Manhattan Distance: 12.0, Mask Weight: 0.983
Epoch 61/20000, Train Loss: 0.1556, Validation Set Manhattan Distance: 12.0, Mask Weight: 0.983
Epoch 62/20000, Train Loss: 0.1498, Validation Set Manhattan Distance: 12.0, Mask Weight: 0.983
Epoch 63/20000, Train Loss: 0.1445, Validation Set Manhattan Distance: 12.0, Mask Weight: 0.983
Epoch 64/20000, Train Loss: 0.1404, Validation Set Manhattan Distance: 12.0, Mask Weight: 0.983
Epoch 65/20000, Train Loss: 0.1369, Validation Set Manhattan Distance: 12.0, Mask Weight: 0.983
Epoch 66/20000, Train Loss: 0.1331, Validation Set Manhattan Distance: 12.0, Mask Weight: 0.983
Epoch 67/20000, Train Loss: 0.1275, Validation Set Manhattan Distance: 12.0, Mask Weight: 0.983
Epoch 68/20000, Train Loss: 0.1205, Validation Set Manhattan Distance: 12.0, Mask Weight: 0.983
Epoch 69/20000, Train Loss: 0.1201, Validation Set Manhattan Distance: 12.0, Mask Weight: 0.983
Epoch 70/20000, Train Loss: 0.1256, Validation Set Manhattan Distance: 12.0, Mask Weight: 0.983
Epoch 71/20000, Train Loss: 0.1246, Validation Set Manhattan Distance: 12.0, Mask Weight: 0.983
Epoch 72/20000, Train Loss: 0.1181, Validation Set Manhattan Distance: 12.0, Mask Weight: 0.983
Epoch 73/20000, Train Loss: 0.1185, Validation Set Manhattan Distance: 12.0, Mask Weight: 0.983
Epoch 74/20000, Train Loss: 0.1140, Validation Set Manhattan Distance: 12.0, Mask Weight: 0.983
Epoch 75/20000, Train Loss: 0.1130, Validation Set Manhattan Distance: 12.0, Mask Weight: 0.983
Epoch 76/20000, Train Loss: 0.1073, Validation Set Manhattan Distance: 12.0, Mask Weight: 0.983
Epoch 77/20000, Train Loss: 0.1070, Validation Set Manhattan Distance: 12.0, Mask Weight: 0.983
Epoch 78/20000, Train Loss: 0.1069, Validation Set Manhattan Distance: 12.0, Mask Weight: 0.983
Epoch 79/20000, Train Loss: 0.1058, Validation Set Manhattan Distance: 12.0, Mask Weight: 0.983
Epoch 80/20000, Train Loss: 0.1039, Validation Set Manhattan Distance: 12.0, Mask Weight: 0.983
Epoch 81/20000, Train Loss: 0.1089, Validation Set Manhattan Distance: 12.0, Mask Weight: 0.983
Epoch 82/20000, Train Loss: 0.1042, Validation Set Manhattan Distance: 12.0, Mask Weight: 0.983
Epoch 83/20000, Train Loss: 0.1008, Validation Set Manhattan Distance: 12.0, Mask Weight: 0.983
  -> Train loss below 0.1. Mask weight reduction is now enabled.
Epoch 84/20000, Train Loss: 0.0997, Validation Set Manhattan Distance: 12.0, Mask Weight: 0.983
  -> Validation Set Manhattan Distance did not improve for 10 epochs.
  -> Unmasked Loss (Gradient Magnitude): 0.0557, Calculated Decrement: 0.0898
  -> Reducing mask weight to 0.893.
  -> Mask weight reduction is now disabled until train loss is below 0.001 again.
Epoch 85/20000, Train Loss: 0.9158, Validation Set Manhattan Distance: 12.0, Mask Weight: 0.893
Epoch 86/20000, Train Loss: 0.8845, Validation Set Manhattan Distance: 12.0, Mask Weight: 0.893
Epoch 87/20000, Train Loss: 0.8598, Validation Set Manhattan Distance: 12.0, Mask Weight: 0.893
Epoch 88/20000, Train Loss: 0.8422, Validation Set Manhattan Distance: 12.0, Mask Weight: 0.893
Epoch 89/20000, Train Loss: 0.8209, Validation Set Manhattan Distance: 12.0, Mask Weight: 0.893
Epoch 90/20000, Train Loss: 0.8007, Validation Set Manhattan Distance: 12.0, Mask Weight: 0.893
Epoch 91/20000, Train Loss: 0.7877, Validation Set Manhattan Distance: 12.0, Mask Weight: 0.893
Epoch 92/20000, Train Loss: 0.7732, Validation Set Manhattan Distance: 12.0, Mask Weight: 0.893
Epoch 93/20000, Train Loss: 0.7472, Validation Set Manhattan Distance: 12.0, Mask Weight: 0.893
Epoch 94/20000, Train Loss: 0.7031, Validation Set Manhattan Distance: 12.0, Mask Weight: 0.893
Epoch 95/20000, Train Loss: 0.6494, Validation Set Manhattan Distance: 12.0, Mask Weight: 0.893
Epoch 96/20000, Train Loss: 0.6052, Validation Set Manhattan Distance: 12.0, Mask Weight: 0.893
Epoch 97/20000, Train Loss: 0.5891, Validation Set Manhattan Distance: 12.0, Mask Weight: 0.893
Epoch 98/20000, Train Loss: 0.5589, Validation Set Manhattan Distance: 12.0, Mask Weight: 0.893
Epoch 99/20000, Train Loss: 0.6683, Validation Set Manhattan Distance: 12.0, Mask Weight: 0.893
Epoch 100/20000, Train Loss: 0.6175, Validation Set Manhattan Distance: 12.0, Mask Weight: 0.893
Epoch 101/20000, Train Loss: 0.5938, Validation Set Manhattan Distance: 12.0, Mask Weight: 0.893
Epoch 102/20000, Train Loss: 0.5584, Validation Set Manhattan Distance: 12.0, Mask Weight: 0.893
Epoch 103/20000, Train Loss: 0.6140, Validation Set Manhattan Distance: 12.0, Mask Weight: 0.893
Epoch 104/20000, Train Loss: 0.5782, Validation Set Manhattan Distance: 12.0, Mask Weight: 0.893
Epoch 105/20000, Train Loss: 0.6029, Validation Set Manhattan Distance: 12.0, Mask Weight: 0.893
Epoch 106/20000, Train Loss: 0.5479, Validation Set Manhattan Distance: 12.0, Mask Weight: 0.893
Epoch 107/20000, Train Loss: 0.5434, Validation Set Manhattan Distance: 12.0, Mask Weight: 0.893
Epoch 108/20000, Train Loss: 0.5452, Validation Set Manhattan Distance: 12.0, Mask Weight: 0.893
Epoch 109/20000, Train Loss: 0.5649, Validation Set Manhattan Distance: 12.0, Mask Weight: 0.893
Epoch 110/20000, Train Loss: 0.5217, Validation Set Manhattan Distance: 12.0, Mask Weight: 0.893
Epoch 111/20000, Train Loss: 0.5110, Validation Set Manhattan Distance: 12.0, Mask Weight: 0.893
Epoch 112/20000, Train Loss: 0.5327, Validation Set Manhattan Distance: 12.0, Mask Weight: 0.893
Epoch 113/20000, Train Loss: 0.7007, Validation Set Manhattan Distance: 12.0, Mask Weight: 0.893
Epoch 114/20000, Train Loss: 1.1745, Validation Set Manhattan Distance: 12.0, Mask Weight: 0.893
Epoch 115/20000, Train Loss: 0.8927, Validation Set Manhattan Distance: 12.0, Mask Weight: 0.893
Epoch 116/20000, Train Loss: 0.6930, Validation Set Manhattan Distance: 12.0, Mask Weight: 0.893
Epoch 117/20000, Train Loss: 0.6864, Validation Set Manhattan Distance: 12.0, Mask Weight: 0.893
Epoch 118/20000, Train Loss: 0.6498, Validation Set Manhattan Distance: 12.0, Mask Weight: 0.893
Epoch 119/20000, Train Loss: 0.6332, Validation Set Manhattan Distance: 12.0, Mask Weight: 0.893
Epoch 120/20000, Train Loss: 0.6149, Validation Set Manhattan Distance: 12.0, Mask Weight: 0.893
Epoch 121/20000, Train Loss: 0.5933, Validation Set Manhattan Distance: 12.0, Mask Weight: 0.893
Epoch 122/20000, Train Loss: 0.5715, Validation Set Manhattan Distance: 12.0, Mask Weight: 0.893
Epoch 123/20000, Train Loss: 0.5573, Validation Set Manhattan Distance: 12.0, Mask Weight: 0.893
Epoch 124/20000, Train Loss: 0.5444, Validation Set Manhattan Distance: 12.0, Mask Weight: 0.893
Epoch 125/20000, Train Loss: 0.5530, Validation Set Manhattan Distance: 12.0, Mask Weight: 0.893
Epoch 126/20000, Train Loss: 0.6122, Validation Set Manhattan Distance: 12.0, Mask Weight: 0.893
Epoch 127/20000, Train Loss: 0.5372, Validation Set Manhattan Distance: 12.0, Mask Weight: 0.893
Epoch 128/20000, Train Loss: 0.5598, Validation Set Manhattan Distance: 12.0, Mask Weight: 0.893
Epoch 129/20000, Train Loss: 0.6105, Validation Set Manhattan Distance: 12.0, Mask Weight: 0.893
Epoch 130/20000, Train Loss: 0.5739, Validation Set Manhattan Distance: 12.0, Mask Weight: 0.893
Epoch 131/20000, Train Loss: 0.5554, Validation Set Manhattan Distance: 12.0, Mask Weight: 0.893
Epoch 132/20000, Train Loss: 0.5464, Validation Set Manhattan Distance: 12.0, Mask Weight: 0.893
Epoch 133/20000, Train Loss: 0.5185, Validation Set Manhattan Distance: 12.0, Mask Weight: 0.893
Epoch 134/20000, Train Loss: 0.5086, Validation Set Manhattan Distance: 12.0, Mask Weight: 0.893
Epoch 135/20000, Train Loss: 0.5063, Validation Set Manhattan Distance: 12.0, Mask Weight: 0.893
Epoch 136/20000, Train Loss: 0.5216, Validation Set Manhattan Distance: 12.0, Mask Weight: 0.893
Epoch 137/20000, Train Loss: 0.5616, Validation Set Manhattan Distance: 12.0, Mask Weight: 0.893
Epoch 138/20000, Train Loss: 0.5757, Validation Set Manhattan Distance: 12.0, Mask Weight: 0.893
Epoch 139/20000, Train Loss: 0.5824, Validation Set Manhattan Distance: 12.0, Mask Weight: 0.893
Epoch 140/20000, Train Loss: 0.5203, Validation Set Manhattan Distance: 12.0, Mask Weight: 0.893
Epoch 141/20000, Train Loss: 0.5723, Validation Set Manhattan Distance: 12.0, Mask Weight: 0.893
Epoch 142/20000, Train Loss: 0.5263, Validation Set Manhattan Distance: 12.0, Mask Weight: 0.893
Epoch 143/20000, Train Loss: 0.5528, Validation Set Manhattan Distance: 12.0, Mask Weight: 0.893
Epoch 144/20000, Train Loss: 0.5026, Validation Set Manhattan Distance: 12.0, Mask Weight: 0.893
Epoch 145/20000, Train Loss: 0.4950, Validation Set Manhattan Distance: 12.0, Mask Weight: 0.893
Epoch 146/20000, Train Loss: 0.4968, Validation Set Manhattan Distance: 12.0, Mask Weight: 0.893
Epoch 147/20000, Train Loss: 0.5000, Validation Set Manhattan Distance: 12.0, Mask Weight: 0.893
Epoch 148/20000, Train Loss: 0.4897, Validation Set Manhattan Distance: 12.0, Mask Weight: 0.893
Epoch 149/20000, Train Loss: 0.4789, Validation Set Manhattan Distance: 12.0, Mask Weight: 0.893
Epoch 150/20000, Train Loss: 0.4827, Validation Set Manhattan Distance: 12.0, Mask Weight: 0.893
Epoch 151/20000, Train Loss: 0.4825, Validation Set Manhattan Distance: 12.0, Mask Weight: 0.893
Epoch 152/20000, Train Loss: 0.4792, Validation Set Manhattan Distance: 12.0, Mask Weight: 0.893
Epoch 153/20000, Train Loss: 0.4834, Validation Set Manhattan Distance: 12.0, Mask Weight: 0.893
Epoch 154/20000, Train Loss: 0.4860, Validation Set Manhattan Distance: 12.0, Mask Weight: 0.893
Epoch 155/20000, Train Loss: 0.4759, Validation Set Manhattan Distance: 12.0, Mask Weight: 0.893
Epoch 156/20000, Train Loss: 0.4847, Validation Set Manhattan Distance: 12.0, Mask Weight: 0.893
Epoch 157/20000, Train Loss: 0.4754, Validation Set Manhattan Distance: 12.0, Mask Weight: 0.893
Epoch 158/20000, Train Loss: 0.5573, Validation Set Manhattan Distance: 12.0, Mask Weight: 0.893
Epoch 159/20000, Train Loss: 0.6093, Validation Set Manhattan Distance: 12.0, Mask Weight: 0.893
Epoch 160/20000, Train Loss: 0.6577, Validation Set Manhattan Distance: 12.0, Mask Weight: 0.893
Epoch 161/20000, Train Loss: 0.5448, Validation Set Manhattan Distance: 12.0, Mask Weight: 0.893
Epoch 162/20000, Train Loss: 0.4864, Validation Set Manhattan Distance: 12.0, Mask Weight: 0.893
Epoch 163/20000, Train Loss: 0.4943, Validation Set Manhattan Distance: 12.0, Mask Weight: 0.893
Epoch 164/20000, Train Loss: 0.4972, Validation Set Manhattan Distance: 12.0, Mask Weight: 0.893
Epoch 165/20000, Train Loss: 0.4861, Validation Set Manhattan Distance: 12.0, Mask Weight: 0.893
Epoch 166/20000, Train Loss: 0.4705, Validation Set Manhattan Distance: 12.0, Mask Weight: 0.893
Epoch 167/20000, Train Loss: 0.4739, Validation Set Manhattan Distance: 12.0, Mask Weight: 0.893
Epoch 168/20000, Train Loss: 0.4699, Validation Set Manhattan Distance: 12.0, Mask Weight: 0.893
Epoch 169/20000, Train Loss: 0.4654, Validation Set Manhattan Distance: 12.0, Mask Weight: 0.893
Epoch 170/20000, Train Loss: 0.4665, Validation Set Manhattan Distance: 12.0, Mask Weight: 0.893
Epoch 171/20000, Train Loss: 0.4706, Validation Set Manhattan Distance: 12.0, Mask Weight: 0.893
Epoch 172/20000, Train Loss: 0.5008, Validation Set Manhattan Distance: 12.0, Mask Weight: 0.893
Epoch 173/20000, Train Loss: 0.4747, Validation Set Manhattan Distance: 12.0, Mask Weight: 0.893
Epoch 174/20000, Train Loss: 0.4698, Validation Set Manhattan Distance: 12.0, Mask Weight: 0.893
Epoch 175/20000, Train Loss: 0.4671, Validation Set Manhattan Distance: 12.0, Mask Weight: 0.893
Epoch 176/20000, Train Loss: 0.4645, Validation Set Manhattan Distance: 12.0, Mask Weight: 0.893
Epoch 177/20000, Train Loss: 0.4626, Validation Set Manhattan Distance: 12.0, Mask Weight: 0.893
Epoch 178/20000, Train Loss: 0.4631, Validation Set Manhattan Distance: 12.0, Mask Weight: 0.893
Epoch 179/20000, Train Loss: 0.4626, Validation Set Manhattan Distance: 12.0, Mask Weight: 0.893
Epoch 180/20000, Train Loss: 0.4626, Validation Set Manhattan Distance: 12.0, Mask Weight: 0.893
Epoch 181/20000, Train Loss: 0.4606, Validation Set Manhattan Distance: 12.0, Mask Weight: 0.893
Epoch 182/20000, Train Loss: 0.4610, Validation Set Manhattan Distance: 12.0, Mask Weight: 0.893
Epoch 183/20000, Train Loss: 0.4638, Validation Set Manhattan Distance: 12.0, Mask Weight: 0.893
Epoch 184/20000, Train Loss: 0.4623, Validation Set Manhattan Distance: 12.0, Mask Weight: 0.893
Epoch 185/20000, Train Loss: 0.4652, Validation Set Manhattan Distance: 12.0, Mask Weight: 0.893
Epoch 186/20000, Train Loss: 0.4615, Validation Set Manhattan Distance: 12.0, Mask Weight: 0.893
Epoch 187/20000, Train Loss: 0.4552, Validation Set Manhattan Distance: 12.0, Mask Weight: 0.893
Epoch 188/20000, Train Loss: 0.4624, Validation Set Manhattan Distance: 12.0, Mask Weight: 0.893
Epoch 189/20000, Train Loss: 0.4569, Validation Set Manhattan Distance: 12.0, Mask Weight: 0.893
Epoch 190/20000, Train Loss: 0.4726, Validation Set Manhattan Distance: 12.0, Mask Weight: 0.893
Epoch 191/20000, Train Loss: 0.4660, Validation Set Manhattan Distance: 12.0, Mask Weight: 0.893
Epoch 192/20000, Train Loss: 0.4613, Validation Set Manhattan Distance: 12.0, Mask Weight: 0.893
Epoch 193/20000, Train Loss: 0.4749, Validation Set Manhattan Distance: 12.0, Mask Weight: 0.893
Epoch 194/20000, Train Loss: 0.4915, Validation Set Manhattan Distance: 12.0, Mask Weight: 0.893
Epoch 195/20000, Train Loss: 0.4969, Validation Set Manhattan Distance: 12.0, Mask Weight: 0.893
Epoch 196/20000, Train Loss: 0.5551, Validation Set Manhattan Distance: 12.0, Mask Weight: 0.893
Epoch 197/20000, Train Loss: 1.0514, Validation Set Manhattan Distance: 12.0, Mask Weight: 0.893
Epoch 198/20000, Train Loss: 0.7818, Validation Set Manhattan Distance: 12.0, Mask Weight: 0.893
Epoch 199/20000, Train Loss: 0.7167, Validation Set Manhattan Distance: 12.0, Mask Weight: 0.893
Epoch 200/20000, Train Loss: 0.5991, Validation Set Manhattan Distance: 12.0, Mask Weight: 0.893
Epoch 201/20000, Train Loss: 0.5429, Validation Set Manhattan Distance: 12.0, Mask Weight: 0.893
Epoch 202/20000, Train Loss: 0.5207, Validation Set Manhattan Distance: 12.0, Mask Weight: 0.893
Epoch 203/20000, Train Loss: 0.4988, Validation Set Manhattan Distance: 12.0, Mask Weight: 0.893
Epoch 204/20000, Train Loss: 0.4931, Validation Set Manhattan Distance: 12.0, Mask Weight: 0.893
Epoch 205/20000, Train Loss: 0.4868, Validation Set Manhattan Distance: 12.0, Mask Weight: 0.893
Epoch 206/20000, Train Loss: 0.4777, Validation Set Manhattan Distance: 12.0, Mask Weight: 0.893
Epoch 207/20000, Train Loss: 0.4730, Validation Set Manhattan Distance: 12.0, Mask Weight: 0.893
Epoch 208/20000, Train Loss: 0.4716, Validation Set Manhattan Distance: 12.0, Mask Weight: 0.893
Epoch 209/20000, Train Loss: 0.4679, Validation Set Manhattan Distance: 12.0, Mask Weight: 0.893
Epoch 210/20000, Train Loss: 0.4648, Validation Set Manhattan Distance: 12.0, Mask Weight: 0.893
Epoch 211/20000, Train Loss: 0.4664, Validation Set Manhattan Distance: 12.0, Mask Weight: 0.893
Epoch 212/20000, Train Loss: 0.4671, Validation Set Manhattan Distance: 12.0, Mask Weight: 0.893
Epoch 213/20000, Train Loss: 0.4607, Validation Set Manhattan Distance: 12.0, Mask Weight: 0.893
Epoch 214/20000, Train Loss: 0.4661, Validation Set Manhattan Distance: 12.0, Mask Weight: 0.893
Epoch 215/20000, Train Loss: 0.4677, Validation Set Manhattan Distance: 12.0, Mask Weight: 0.893
Epoch 216/20000, Train Loss: 0.4622, Validation Set Manhattan Distance: 12.0, Mask Weight: 0.893
Epoch 217/20000, Train Loss: 0.4586, Validation Set Manhattan Distance: 12.0, Mask Weight: 0.893
Epoch 218/20000, Train Loss: 0.4605, Validation Set Manhattan Distance: 12.0, Mask Weight: 0.893
Epoch 219/20000, Train Loss: 0.4589, Validation Set Manhattan Distance: 12.0, Mask Weight: 0.893
Epoch 220/20000, Train Loss: 0.4604, Validation Set Manhattan Distance: 12.0, Mask Weight: 0.893
Epoch 221/20000, Train Loss: 0.4590, Validation Set Manhattan Distance: 12.0, Mask Weight: 0.893
Epoch 222/20000, Train Loss: 0.4591, Validation Set Manhattan Distance: 12.0, Mask Weight: 0.893
Epoch 223/20000, Train Loss: 0.4592, Validation Set Manhattan Distance: 12.0, Mask Weight: 0.893
Epoch 224/20000, Train Loss: 0.4553, Validation Set Manhattan Distance: 12.0, Mask Weight: 0.893
Epoch 225/20000, Train Loss: 0.4564, Validation Set Manhattan Distance: 12.0, Mask Weight: 0.893
Epoch 226/20000, Train Loss: 0.4607, Validation Set Manhattan Distance: 12.0, Mask Weight: 0.893
Epoch 227/20000, Train Loss: 0.4589, Validation Set Manhattan Distance: 12.0, Mask Weight: 0.893
Epoch 228/20000, Train Loss: 0.4561, Validation Set Manhattan Distance: 12.0, Mask Weight: 0.893
Epoch 229/20000, Train Loss: 0.4559, Validation Set Manhattan Distance: 12.0, Mask Weight: 0.893
Epoch 230/20000, Train Loss: 0.4625, Validation Set Manhattan Distance: 12.0, Mask Weight: 0.893
Epoch 231/20000, Train Loss: 0.4637, Validation Set Manhattan Distance: 12.0, Mask Weight: 0.893
Epoch 232/20000, Train Loss: 0.4635, Validation Set Manhattan Distance: 12.0, Mask Weight: 0.893
Epoch 233/20000, Train Loss: 0.4615, Validation Set Manhattan Distance: 12.0, Mask Weight: 0.893
Epoch 234/20000, Train Loss: 0.4570, Validation Set Manhattan Distance: 12.0, Mask Weight: 0.893
Epoch 235/20000, Train Loss: 0.4568, Validation Set Manhattan Distance: 12.0, Mask Weight: 0.893
Epoch 236/20000, Train Loss: 0.4570, Validation Set Manhattan Distance: 12.0, Mask Weight: 0.893
Epoch 237/20000, Train Loss: 0.4546, Validation Set Manhattan Distance: 12.0, Mask Weight: 0.893
Epoch 238/20000, Train Loss: 0.4579, Validation Set Manhattan Distance: 12.0, Mask Weight: 0.893
Epoch 239/20000, Train Loss: 0.4550, Validation Set Manhattan Distance: 12.0, Mask Weight: 0.893
Epoch 240/20000, Train Loss: 0.4595, Validation Set Manhattan Distance: 12.0, Mask Weight: 0.893
Epoch 241/20000, Train Loss: 0.4570, Validation Set Manhattan Distance: 12.0, Mask Weight: 0.893
Epoch 242/20000, Train Loss: 0.4537, Validation Set Manhattan Distance: 12.0, Mask Weight: 0.893
Epoch 243/20000, Train Loss: 0.4597, Validation Set Manhattan Distance: 12.0, Mask Weight: 0.893
Epoch 244/20000, Train Loss: 0.4579, Validation Set Manhattan Distance: 12.0, Mask Weight: 0.893
Epoch 245/20000, Train Loss: 0.4546, Validation Set Manhattan Distance: 12.0, Mask Weight: 0.893
Epoch 246/20000, Train Loss: 0.4574, Validation Set Manhattan Distance: 12.0, Mask Weight: 0.893
Epoch 247/20000, Train Loss: 0.4583, Validation Set Manhattan Distance: 12.0, Mask Weight: 0.893
Epoch 248/20000, Train Loss: 0.4577, Validation Set Manhattan Distance: 12.0, Mask Weight: 0.893
Epoch 249/20000, Train Loss: 0.4576, Validation Set Manhattan Distance: 12.0, Mask Weight: 0.893
Epoch 250/20000, Train Loss: 0.4617, Validation Set Manhattan Distance: 12.0, Mask Weight: 0.893
Epoch 251/20000, Train Loss: 0.4626, Validation Set Manhattan Distance: 12.0, Mask Weight: 0.893
Epoch 252/20000, Train Loss: 0.4618, Validation Set Manhattan Distance: 12.0, Mask Weight: 0.893
Epoch 253/20000, Train Loss: 0.4624, Validation Set Manhattan Distance: 12.0, Mask Weight: 0.893
Epoch 254/20000, Train Loss: 0.4557, Validation Set Manhattan Distance: 12.0, Mask Weight: 0.893
Epoch 255/20000, Train Loss: 0.4567, Validation Set Manhattan Distance: 12.0, Mask Weight: 0.893
Epoch 256/20000, Train Loss: 0.4611, Validation Set Manhattan Distance: 12.0, Mask Weight: 0.893
Epoch 257/20000, Train Loss: 0.4602, Validation Set Manhattan Distance: 12.0, Mask Weight: 0.893
Epoch 258/20000, Train Loss: 0.4536, Validation Set Manhattan Distance: 12.0, Mask Weight: 0.893
Epoch 259/20000, Train Loss: 0.4556, Validation Set Manhattan Distance: 12.0, Mask Weight: 0.893
Epoch 260/20000, Train Loss: 0.4549, Validation Set Manhattan Distance: 12.0, Mask Weight: 0.893
Epoch 261/20000, Train Loss: 0.4539, Validation Set Manhattan Distance: 12.0, Mask Weight: 0.893
Epoch 262/20000, Train Loss: 0.4594, Validation Set Manhattan Distance: 12.0, Mask Weight: 0.893
Epoch 263/20000, Train Loss: 0.4581, Validation Set Manhattan Distance: 12.0, Mask Weight: 0.893
Epoch 264/20000, Train Loss: 0.4549, Validation Set Manhattan Distance: 12.0, Mask Weight: 0.893
Epoch 265/20000, Train Loss: 0.4532, Validation Set Manhattan Distance: 12.0, Mask Weight: 0.893
Epoch 266/20000, Train Loss: 0.4543, Validation Set Manhattan Distance: 12.0, Mask Weight: 0.893
Epoch 267/20000, Train Loss: 0.4520, Validation Set Manhattan Distance: 12.0, Mask Weight: 0.893
Epoch 268/20000, Train Loss: 0.4588, Validation Set Manhattan Distance: 12.0, Mask Weight: 0.893
Epoch 269/20000, Train Loss: 0.4580, Validation Set Manhattan Distance: 12.0, Mask Weight: 0.893
Epoch 270/20000, Train Loss: 0.4599, Validation Set Manhattan Distance: 12.0, Mask Weight: 0.893
Epoch 271/20000, Train Loss: 0.4538, Validation Set Manhattan Distance: 12.0, Mask Weight: 0.893
Epoch 272/20000, Train Loss: 0.4517, Validation Set Manhattan Distance: 12.0, Mask Weight: 0.893
Epoch 273/20000, Train Loss: 0.4561, Validation Set Manhattan Distance: 12.0, Mask Weight: 0.893
Epoch 274/20000, Train Loss: 0.4532, Validation Set Manhattan Distance: 12.0, Mask Weight: 0.893
Epoch 275/20000, Train Loss: 0.4546, Validation Set Manhattan Distance: 12.0, Mask Weight: 0.893
Epoch 276/20000, Train Loss: 0.4523, Validation Set Manhattan Distance: 12.0, Mask Weight: 0.893
Epoch 277/20000, Train Loss: 0.4555, Validation Set Manhattan Distance: 12.0, Mask Weight: 0.893
Epoch 278/20000, Train Loss: 0.4544, Validation Set Manhattan Distance: 12.0, Mask Weight: 0.893
Epoch 279/20000, Train Loss: 0.4535, Validation Set Manhattan Distance: 12.0, Mask Weight: 0.893
Epoch 280/20000, Train Loss: 0.4583, Validation Set Manhattan Distance: 12.0, Mask Weight: 0.893
Epoch 281/20000, Train Loss: 0.4542, Validation Set Manhattan Distance: 12.0, Mask Weight: 0.893
Epoch 282/20000, Train Loss: 0.4561, Validation Set Manhattan Distance: 12.0, Mask Weight: 0.893
Epoch 283/20000, Train Loss: 0.4546, Validation Set Manhattan Distance: 12.0, Mask Weight: 0.893
Epoch 284/20000, Train Loss: 0.4638, Validation Set Manhattan Distance: 12.0, Mask Weight: 0.893
Epoch 285/20000, Train Loss: 0.4547, Validation Set Manhattan Distance: 12.0, Mask Weight: 0.893
Epoch 286/20000, Train Loss: 0.4549, Validation Set Manhattan Distance: 12.0, Mask Weight: 0.893
Epoch 287/20000, Train Loss: 0.4547, Validation Set Manhattan Distance: 12.0, Mask Weight: 0.893
Epoch 288/20000, Train Loss: 0.4534, Validation Set Manhattan Distance: 12.0, Mask Weight: 0.893
Epoch 289/20000, Train Loss: 0.4528, Validation Set Manhattan Distance: 12.0, Mask Weight: 0.893
Epoch 290/20000, Train Loss: 0.4569, Validation Set Manhattan Distance: 12.0, Mask Weight: 0.893
Epoch 291/20000, Train Loss: 0.4628, Validation Set Manhattan Distance: 12.0, Mask Weight: 0.893
Epoch 292/20000, Train Loss: 0.4520, Validation Set Manhattan Distance: 12.0, Mask Weight: 0.893
Epoch 293/20000, Train Loss: 0.4580, Validation Set Manhattan Distance: 12.0, Mask Weight: 0.893
Epoch 294/20000, Train Loss: 0.8868, Validation Set Manhattan Distance: 12.0, Mask Weight: 0.893
Epoch 295/20000, Train Loss: 1.1740, Validation Set Manhattan Distance: 12.0, Mask Weight: 0.893
Epoch 296/20000, Train Loss: 0.9941, Validation Set Manhattan Distance: 12.0, Mask Weight: 0.893
Epoch 297/20000, Train Loss: 0.9195, Validation Set Manhattan Distance: 12.0, Mask Weight: 0.893
Epoch 298/20000, Train Loss: 0.8935, Validation Set Manhattan Distance: 12.0, Mask Weight: 0.893
Epoch 299/20000, Train Loss: 0.8746, Validation Set Manhattan Distance: 12.0, Mask Weight: 0.893
Epoch 300/20000, Train Loss: 0.8613, Validation Set Manhattan Distance: 12.0, Mask Weight: 0.893
Epoch 301/20000, Train Loss: 0.8514, Validation Set Manhattan Distance: 12.0, Mask Weight: 0.893
Epoch 302/20000, Train Loss: 0.8411, Validation Set Manhattan Distance: 12.0, Mask Weight: 0.893
Epoch 303/20000, Train Loss: 0.8270, Validation Set Manhattan Distance: 12.0, Mask Weight: 0.893
Epoch 304/20000, Train Loss: 0.8083, Validation Set Manhattan Distance: 12.0, Mask Weight: 0.893
Epoch 305/20000, Train Loss: 0.7876, Validation Set Manhattan Distance: 12.0, Mask Weight: 0.893
Epoch 306/20000, Train Loss: 0.7678, Validation Set Manhattan Distance: 12.0, Mask Weight: 0.893
Epoch 307/20000, Train Loss: 0.7454, Validation Set Manhattan Distance: 12.0, Mask Weight: 0.893
Epoch 308/20000, Train Loss: 0.7250, Validation Set Manhattan Distance: 12.0, Mask Weight: 0.893
Epoch 309/20000, Train Loss: 0.6937, Validation Set Manhattan Distance: 12.0, Mask Weight: 0.893
Epoch 310/20000, Train Loss: 0.6464, Validation Set Manhattan Distance: 12.0, Mask Weight: 0.893
Epoch 311/20000, Train Loss: 0.5865, Validation Set Manhattan Distance: 12.0, Mask Weight: 0.893
Epoch 312/20000, Train Loss: 0.5186, Validation Set Manhattan Distance: 12.0, Mask Weight: 0.893
Epoch 313/20000, Train Loss: 0.4868, Validation Set Manhattan Distance: 12.0, Mask Weight: 0.893
Epoch 314/20000, Train Loss: 0.4962, Validation Set Manhattan Distance: 12.0, Mask Weight: 0.893
Epoch 315/20000, Train Loss: 0.5211, Validation Set Manhattan Distance: 12.0, Mask Weight: 0.893
Epoch 316/20000, Train Loss: 0.6289, Validation Set Manhattan Distance: 12.0, Mask Weight: 0.893
Epoch 317/20000, Train Loss: 0.5068, Validation Set Manhattan Distance: 12.0, Mask Weight: 0.893
Epoch 318/20000, Train Loss: 0.5046, Validation Set Manhattan Distance: 12.0, Mask Weight: 0.893
Epoch 319/20000, Train Loss: 0.5018, Validation Set Manhattan Distance: 12.0, Mask Weight: 0.893
Epoch 320/20000, Train Loss: 0.4941, Validation Set Manhattan Distance: 12.0, Mask Weight: 0.893
Epoch 321/20000, Train Loss: 0.4828, Validation Set Manhattan Distance: 12.0, Mask Weight: 0.893
Epoch 322/20000, Train Loss: 0.4750, Validation Set Manhattan Distance: 12.0, Mask Weight: 0.893
Epoch 323/20000, Train Loss: 0.4623, Validation Set Manhattan Distance: 12.0, Mask Weight: 0.893
Epoch 324/20000, Train Loss: 0.4550, Validation Set Manhattan Distance: 12.0, Mask Weight: 0.893
Epoch 325/20000, Train Loss: 0.4543, Validation Set Manhattan Distance: 12.0, Mask Weight: 0.893
Epoch 326/20000, Train Loss: 0.4551, Validation Set Manhattan Distance: 12.0, Mask Weight: 0.893
Epoch 327/20000, Train Loss: 0.4581, Validation Set Manhattan Distance: 12.0, Mask Weight: 0.893
Epoch 328/20000, Train Loss: 0.4548, Validation Set Manhattan Distance: 12.0, Mask Weight: 0.893
Epoch 329/20000, Train Loss: 0.4551, Validation Set Manhattan Distance: 12.0, Mask Weight: 0.893
Epoch 330/20000, Train Loss: 0.4583, Validation Set Manhattan Distance: 12.0, Mask Weight: 0.893
Epoch 331/20000, Train Loss: 0.4571, Validation Set Manhattan Distance: 12.0, Mask Weight: 0.893
Epoch 332/20000, Train Loss: 0.4537, Validation Set Manhattan Distance: 12.0, Mask Weight: 0.893
Epoch 333/20000, Train Loss: 0.4554, Validation Set Manhattan Distance: 12.0, Mask Weight: 0.893
Epoch 334/20000, Train Loss: 0.4500, Validation Set Manhattan Distance: 12.0, Mask Weight: 0.893
Epoch 335/20000, Train Loss: 0.4531, Validation Set Manhattan Distance: 12.0, Mask Weight: 0.893
Epoch 336/20000, Train Loss: 0.4530, Validation Set Manhattan Distance: 12.0, Mask Weight: 0.893
Epoch 337/20000, Train Loss: 0.4509, Validation Set Manhattan Distance: 12.0, Mask Weight: 0.893
Epoch 338/20000, Train Loss: 0.4531, Validation Set Manhattan Distance: 12.0, Mask Weight: 0.893
Epoch 339/20000, Train Loss: 0.4506, Validation Set Manhattan Distance: 12.0, Mask Weight: 0.893
Epoch 340/20000, Train Loss: 0.4487, Validation Set Manhattan Distance: 12.0, Mask Weight: 0.893
Epoch 341/20000, Train Loss: 0.4540, Validation Set Manhattan Distance: 12.0, Mask Weight: 0.893
Epoch 342/20000, Train Loss: 0.4544, Validation Set Manhattan Distance: 12.0, Mask Weight: 0.893
Epoch 343/20000, Train Loss: 0.4524, Validation Set Manhattan Distance: 12.0, Mask Weight: 0.893
Epoch 344/20000, Train Loss: 0.4533, Validation Set Manhattan Distance: 12.0, Mask Weight: 0.893
Epoch 345/20000, Train Loss: 0.4540, Validation Set Manhattan Distance: 12.0, Mask Weight: 0.893
Epoch 346/20000, Train Loss: 0.4529, Validation Set Manhattan Distance: 12.0, Mask Weight: 0.893
Epoch 347/20000, Train Loss: 0.4525, Validation Set Manhattan Distance: 12.0, Mask Weight: 0.893
Epoch 348/20000, Train Loss: 0.4523, Validation Set Manhattan Distance: 12.0, Mask Weight: 0.893
Epoch 349/20000, Train Loss: 0.4518, Validation Set Manhattan Distance: 12.0, Mask Weight: 0.893
Epoch 350/20000, Train Loss: 0.4537, Validation Set Manhattan Distance: 12.0, Mask Weight: 0.893
Epoch 351/20000, Train Loss: 0.4534, Validation Set Manhattan Distance: 12.0, Mask Weight: 0.893
Epoch 352/20000, Train Loss: 0.4548, Validation Set Manhattan Distance: 12.0, Mask Weight: 0.893
Epoch 353/20000, Train Loss: 0.4543, Validation Set Manhattan Distance: 12.0, Mask Weight: 0.893
Epoch 354/20000, Train Loss: 0.4557, Validation Set Manhattan Distance: 12.0, Mask Weight: 0.893
Epoch 355/20000, Train Loss: 0.4610, Validation Set Manhattan Distance: 12.0, Mask Weight: 0.893
Epoch 356/20000, Train Loss: 0.4524, Validation Set Manhattan Distance: 12.0, Mask Weight: 0.893
Epoch 357/20000, Train Loss: 0.4546, Validation Set Manhattan Distance: 12.0, Mask Weight: 0.893
Epoch 358/20000, Train Loss: 0.4527, Validation Set Manhattan Distance: 12.0, Mask Weight: 0.893
Epoch 359/20000, Train Loss: 0.4486, Validation Set Manhattan Distance: 12.0, Mask Weight: 0.893
Epoch 360/20000, Train Loss: 0.4539, Validation Set Manhattan Distance: 12.0, Mask Weight: 0.893
Epoch 361/20000, Train Loss: 0.4530, Validation Set Manhattan Distance: 12.0, Mask Weight: 0.893
Epoch 362/20000, Train Loss: 0.4516, Validation Set Manhattan Distance: 12.0, Mask Weight: 0.893
Epoch 363/20000, Train Loss: 0.4496, Validation Set Manhattan Distance: 12.0, Mask Weight: 0.893
Epoch 364/20000, Train Loss: 0.4506, Validation Set Manhattan Distance: 12.0, Mask Weight: 0.893
Epoch 365/20000, Train Loss: 0.4501, Validation Set Manhattan Distance: 12.0, Mask Weight: 0.893
Epoch 366/20000, Train Loss: 0.4558, Validation Set Manhattan Distance: 12.0, Mask Weight: 0.893
Epoch 367/20000, Train Loss: 0.4548, Validation Set Manhattan Distance: 12.0, Mask Weight: 0.893
Epoch 368/20000, Train Loss: 0.4485, Validation Set Manhattan Distance: 12.0, Mask Weight: 0.893
Epoch 369/20000, Train Loss: 0.4534, Validation Set Manhattan Distance: 12.0, Mask Weight: 0.893
Epoch 370/20000, Train Loss: 0.4501, Validation Set Manhattan Distance: 12.0, Mask Weight: 0.893
Epoch 371/20000, Train Loss: 0.4530, Validation Set Manhattan Distance: 12.0, Mask Weight: 0.893
Epoch 372/20000, Train Loss: 0.4492, Validation Set Manhattan Distance: 12.0, Mask Weight: 0.893
Epoch 373/20000, Train Loss: 0.4508, Validation Set Manhattan Distance: 12.0, Mask Weight: 0.893
Epoch 374/20000, Train Loss: 0.4507, Validation Set Manhattan Distance: 12.0, Mask Weight: 0.893
Epoch 375/20000, Train Loss: 0.4543, Validation Set Manhattan Distance: 12.0, Mask Weight: 0.893
Epoch 376/20000, Train Loss: 0.4497, Validation Set Manhattan Distance: 12.0, Mask Weight: 0.893
Epoch 377/20000, Train Loss: 0.4514, Validation Set Manhattan Distance: 12.0, Mask Weight: 0.893
Epoch 378/20000, Train Loss: 0.4503, Validation Set Manhattan Distance: 12.0, Mask Weight: 0.893
Epoch 379/20000, Train Loss: 0.4537, Validation Set Manhattan Distance: 12.0, Mask Weight: 0.893
Epoch 380/20000, Train Loss: 0.4514, Validation Set Manhattan Distance: 12.0, Mask Weight: 0.893
Epoch 381/20000, Train Loss: 0.4503, Validation Set Manhattan Distance: 12.0, Mask Weight: 0.893
Epoch 382/20000, Train Loss: 0.4535, Validation Set Manhattan Distance: 12.0, Mask Weight: 0.893
Epoch 383/20000, Train Loss: 0.4510, Validation Set Manhattan Distance: 12.0, Mask Weight: 0.893
Epoch 384/20000, Train Loss: 0.4523, Validation Set Manhattan Distance: 12.0, Mask Weight: 0.893
Epoch 385/20000, Train Loss: 0.4517, Validation Set Manhattan Distance: 12.0, Mask Weight: 0.893
Epoch 386/20000, Train Loss: 0.4541, Validation Set Manhattan Distance: 12.0, Mask Weight: 0.893
Epoch 387/20000, Train Loss: 0.4536, Validation Set Manhattan Distance: 12.0, Mask Weight: 0.893
Epoch 388/20000, Train Loss: 0.4520, Validation Set Manhattan Distance: 12.0, Mask Weight: 0.893
Epoch 389/20000, Train Loss: 0.4554, Validation Set Manhattan Distance: 12.0, Mask Weight: 0.893
Epoch 390/20000, Train Loss: 0.4498, Validation Set Manhattan Distance: 12.0, Mask Weight: 0.893
Epoch 391/20000, Train Loss: 0.4528, Validation Set Manhattan Distance: 12.0, Mask Weight: 0.893
Epoch 392/20000, Train Loss: 0.4493, Validation Set Manhattan Distance: 12.0, Mask Weight: 0.893
Epoch 393/20000, Train Loss: 0.4539, Validation Set Manhattan Distance: 12.0, Mask Weight: 0.893
Epoch 394/20000, Train Loss: 0.4525, Validation Set Manhattan Distance: 12.0, Mask Weight: 0.893
Epoch 395/20000, Train Loss: 0.4519, Validation Set Manhattan Distance: 12.0, Mask Weight: 0.893
Epoch 396/20000, Train Loss: 0.4539, Validation Set Manhattan Distance: 12.0, Mask Weight: 0.893
Epoch 397/20000, Train Loss: 0.4502, Validation Set Manhattan Distance: 12.0, Mask Weight: 0.893
Epoch 398/20000, Train Loss: 0.4518, Validation Set Manhattan Distance: 12.0, Mask Weight: 0.893
Epoch 399/20000, Train Loss: 0.4504, Validation Set Manhattan Distance: 12.0, Mask Weight: 0.893
Epoch 400/20000, Train Loss: 0.4527, Validation Set Manhattan Distance: 12.0, Mask Weight: 0.893
Epoch 401/20000, Train Loss: 0.4515, Validation Set Manhattan Distance: 12.0, Mask Weight: 0.893
Epoch 402/20000, Train Loss: 0.4490, Validation Set Manhattan Distance: 12.0, Mask Weight: 0.893
Epoch 403/20000, Train Loss: 0.4540, Validation Set Manhattan Distance: 12.0, Mask Weight: 0.893
Epoch 404/20000, Train Loss: 0.4572, Validation Set Manhattan Distance: 12.0, Mask Weight: 0.893
Epoch 405/20000, Train Loss: 0.4519, Validation Set Manhattan Distance: 12.0, Mask Weight: 0.893
Epoch 406/20000, Train Loss: 0.4534, Validation Set Manhattan Distance: 12.0, Mask Weight: 0.893
Epoch 407/20000, Train Loss: 0.4528, Validation Set Manhattan Distance: 12.0, Mask Weight: 0.893
Epoch 408/20000, Train Loss: 0.4497, Validation Set Manhattan Distance: 12.0, Mask Weight: 0.893
Epoch 409/20000, Train Loss: 0.4530, Validation Set Manhattan Distance: 12.0, Mask Weight: 0.893
Epoch 410/20000, Train Loss: 0.4500, Validation Set Manhattan Distance: 12.0, Mask Weight: 0.893
Epoch 411/20000, Train Loss: 0.4503, Validation Set Manhattan Distance: 12.0, Mask Weight: 0.893
Epoch 412/20000, Train Loss: 0.4492, Validation Set Manhattan Distance: 12.0, Mask Weight: 0.893
Epoch 413/20000, Train Loss: 0.4486, Validation Set Manhattan Distance: 12.0, Mask Weight: 0.893
Epoch 414/20000, Train Loss: 0.4502, Validation Set Manhattan Distance: 12.0, Mask Weight: 0.893
Epoch 415/20000, Train Loss: 0.4486, Validation Set Manhattan Distance: 12.0, Mask Weight: 0.893
Epoch 416/20000, Train Loss: 0.4462, Validation Set Manhattan Distance: 12.0, Mask Weight: 0.893
Epoch 417/20000, Train Loss: 0.4498, Validation Set Manhattan Distance: 12.0, Mask Weight: 0.893
Epoch 418/20000, Train Loss: 0.4470, Validation Set Manhattan Distance: 12.0, Mask Weight: 0.893
Epoch 419/20000, Train Loss: 0.4514, Validation Set Manhattan Distance: 12.0, Mask Weight: 0.893
Epoch 420/20000, Train Loss: 0.4507, Validation Set Manhattan Distance: 12.0, Mask Weight: 0.893
Epoch 421/20000, Train Loss: 0.4516, Validation Set Manhattan Distance: 12.0, Mask Weight: 0.893
Epoch 422/20000, Train Loss: 0.4502, Validation Set Manhattan Distance: 12.0, Mask Weight: 0.893
Epoch 423/20000, Train Loss: 0.4476, Validation Set Manhattan Distance: 12.0, Mask Weight: 0.893
Epoch 424/20000, Train Loss: 0.4527, Validation Set Manhattan Distance: 12.0, Mask Weight: 0.893
Epoch 425/20000, Train Loss: 0.4507, Validation Set Manhattan Distance: 12.0, Mask Weight: 0.893
Epoch 426/20000, Train Loss: 0.4496, Validation Set Manhattan Distance: 12.0, Mask Weight: 0.893
Epoch 427/20000, Train Loss: 0.4478, Validation Set Manhattan Distance: 12.0, Mask Weight: 0.893
Epoch 428/20000, Train Loss: 0.4517, Validation Set Manhattan Distance: 12.0, Mask Weight: 0.893
Epoch 429/20000, Train Loss: 0.4475, Validation Set Manhattan Distance: 12.0, Mask Weight: 0.893
Epoch 430/20000, Train Loss: 0.4518, Validation Set Manhattan Distance: 12.0, Mask Weight: 0.893
Epoch 431/20000, Train Loss: 0.4488, Validation Set Manhattan Distance: 12.0, Mask Weight: 0.893
Epoch 432/20000, Train Loss: 0.4540, Validation Set Manhattan Distance: 12.0, Mask Weight: 0.893
Epoch 433/20000, Train Loss: 0.4489, Validation Set Manhattan Distance: 12.0, Mask Weight: 0.893
Epoch 434/20000, Train Loss: 0.4511, Validation Set Manhattan Distance: 12.0, Mask Weight: 0.893
Epoch 435/20000, Train Loss: 0.4485, Validation Set Manhattan Distance: 12.0, Mask Weight: 0.893
Epoch 436/20000, Train Loss: 0.4491, Validation Set Manhattan Distance: 12.0, Mask Weight: 0.893
Epoch 437/20000, Train Loss: 0.4482, Validation Set Manhattan Distance: 12.0, Mask Weight: 0.893
Epoch 438/20000, Train Loss: 0.4482, Validation Set Manhattan Distance: 12.0, Mask Weight: 0.893
Epoch 439/20000, Train Loss: 0.4501, Validation Set Manhattan Distance: 12.0, Mask Weight: 0.893
Epoch 440/20000, Train Loss: 0.4482, Validation Set Manhattan Distance: 12.0, Mask Weight: 0.893
Epoch 441/20000, Train Loss: 0.4482, Validation Set Manhattan Distance: 12.0, Mask Weight: 0.893
Epoch 442/20000, Train Loss: 0.4497, Validation Set Manhattan Distance: 12.0, Mask Weight: 0.893
Epoch 443/20000, Train Loss: 0.4473, Validation Set Manhattan Distance: 12.0, Mask Weight: 0.893
Epoch 444/20000, Train Loss: 0.4485, Validation Set Manhattan Distance: 12.0, Mask Weight: 0.893
Epoch 445/20000, Train Loss: 0.4479, Validation Set Manhattan Distance: 12.0, Mask Weight: 0.893
Epoch 446/20000, Train Loss: 0.4521, Validation Set Manhattan Distance: 12.0, Mask Weight: 0.893
Epoch 447/20000, Train Loss: 0.4493, Validation Set Manhattan Distance: 12.0, Mask Weight: 0.893
Epoch 448/20000, Train Loss: 0.4493, Validation Set Manhattan Distance: 12.0, Mask Weight: 0.893
Epoch 449/20000, Train Loss: 0.4502, Validation Set Manhattan Distance: 12.0, Mask Weight: 0.893
Epoch 450/20000, Train Loss: 0.4533, Validation Set Manhattan Distance: 12.0, Mask Weight: 0.893
Epoch 451/20000, Train Loss: 0.4486, Validation Set Manhattan Distance: 12.0, Mask Weight: 0.893
Epoch 452/20000, Train Loss: 0.4516, Validation Set Manhattan Distance: 12.0, Mask Weight: 0.893
Epoch 453/20000, Train Loss: 0.4483, Validation Set Manhattan Distance: 12.0, Mask Weight: 0.893
Epoch 454/20000, Train Loss: 0.4495, Validation Set Manhattan Distance: 12.0, Mask Weight: 0.893
Epoch 455/20000, Train Loss: 0.4518, Validation Set Manhattan Distance: 12.0, Mask Weight: 0.893
Epoch 456/20000, Train Loss: 0.4537, Validation Set Manhattan Distance: 12.0, Mask Weight: 0.893
Epoch 457/20000, Train Loss: 0.4535, Validation Set Manhattan Distance: 12.0, Mask Weight: 0.893
Epoch 458/20000, Train Loss: 0.4514, Validation Set Manhattan Distance: 12.0, Mask Weight: 0.893
Epoch 459/20000, Train Loss: 0.4499, Validation Set Manhattan Distance: 12.0, Mask Weight: 0.893
Epoch 460/20000, Train Loss: 0.4476, Validation Set Manhattan Distance: 12.0, Mask Weight: 0.893
Epoch 461/20000, Train Loss: 0.4492, Validation Set Manhattan Distance: 12.0, Mask Weight: 0.893
Epoch 462/20000, Train Loss: 0.4488, Validation Set Manhattan Distance: 12.0, Mask Weight: 0.893
Epoch 463/20000, Train Loss: 0.4473, Validation Set Manhattan Distance: 12.0, Mask Weight: 0.893
Epoch 464/20000, Train Loss: 0.4489, Validation Set Manhattan Distance: 12.0, Mask Weight: 0.893
Epoch 465/20000, Train Loss: 0.4501, Validation Set Manhattan Distance: 12.0, Mask Weight: 0.893
Epoch 466/20000, Train Loss: 0.4464, Validation Set Manhattan Distance: 12.0, Mask Weight: 0.893
Epoch 467/20000, Train Loss: 0.4500, Validation Set Manhattan Distance: 12.0, Mask Weight: 0.893
Epoch 468/20000, Train Loss: 0.4469, Validation Set Manhattan Distance: 12.0, Mask Weight: 0.893
Epoch 469/20000, Train Loss: 0.4488, Validation Set Manhattan Distance: 12.0, Mask Weight: 0.893
Epoch 470/20000, Train Loss: 0.4512, Validation Set Manhattan Distance: 12.0, Mask Weight: 0.893
Epoch 471/20000, Train Loss: 0.4515, Validation Set Manhattan Distance: 12.0, Mask Weight: 0.893
Epoch 472/20000, Train Loss: 0.4477, Validation Set Manhattan Distance: 12.0, Mask Weight: 0.893
Epoch 473/20000, Train Loss: 0.4531, Validation Set Manhattan Distance: 12.0, Mask Weight: 0.893
Epoch 474/20000, Train Loss: 0.4492, Validation Set Manhattan Distance: 12.0, Mask Weight: 0.893
Epoch 475/20000, Train Loss: 0.4502, Validation Set Manhattan Distance: 12.0, Mask Weight: 0.893
Epoch 476/20000, Train Loss: 0.4512, Validation Set Manhattan Distance: 12.0, Mask Weight: 0.893
Epoch 477/20000, Train Loss: 0.4537, Validation Set Manhattan Distance: 12.0, Mask Weight: 0.893
Epoch 478/20000, Train Loss: 0.4499, Validation Set Manhattan Distance: 12.0, Mask Weight: 0.893
Epoch 479/20000, Train Loss: 0.4484, Validation Set Manhattan Distance: 12.0, Mask Weight: 0.893
Epoch 480/20000, Train Loss: 0.4498, Validation Set Manhattan Distance: 12.0, Mask Weight: 0.893
Epoch 481/20000, Train Loss: 0.4483, Validation Set Manhattan Distance: 12.0, Mask Weight: 0.893
Epoch 482/20000, Train Loss: 0.4478, Validation Set Manhattan Distance: 12.0, Mask Weight: 0.893
Epoch 483/20000, Train Loss: 0.4479, Validation Set Manhattan Distance: 12.0, Mask Weight: 0.893
Epoch 484/20000, Train Loss: 0.4463, Validation Set Manhattan Distance: 12.0, Mask Weight: 0.893
Epoch 485/20000, Train Loss: 0.4477, Validation Set Manhattan Distance: 12.0, Mask Weight: 0.893
Epoch 486/20000, Train Loss: 0.4511, Validation Set Manhattan Distance: 12.0, Mask Weight: 0.893
Epoch 487/20000, Train Loss: 0.4507, Validation Set Manhattan Distance: 12.0, Mask Weight: 0.893
Epoch 488/20000, Train Loss: 0.4495, Validation Set Manhattan Distance: 12.0, Mask Weight: 0.893
Epoch 489/20000, Train Loss: 0.4483, Validation Set Manhattan Distance: 12.0, Mask Weight: 0.893
Epoch 490/20000, Train Loss: 0.4491, Validation Set Manhattan Distance: 12.0, Mask Weight: 0.893
Epoch 491/20000, Train Loss: 0.4465, Validation Set Manhattan Distance: 12.0, Mask Weight: 0.893
Epoch 492/20000, Train Loss: 0.4493, Validation Set Manhattan Distance: 12.0, Mask Weight: 0.893
Epoch 493/20000, Train Loss: 0.4502, Validation Set Manhattan Distance: 12.0, Mask Weight: 0.893
Epoch 494/20000, Train Loss: 0.4476, Validation Set Manhattan Distance: 12.0, Mask Weight: 0.893
Epoch 495/20000, Train Loss: 0.4504, Validation Set Manhattan Distance: 12.0, Mask Weight: 0.893
Epoch 496/20000, Train Loss: 0.4512, Validation Set Manhattan Distance: 12.0, Mask Weight: 0.893
Epoch 497/20000, Train Loss: 0.4517, Validation Set Manhattan Distance: 12.0, Mask Weight: 0.893
Epoch 498/20000, Train Loss: 0.4482, Validation Set Manhattan Distance: 12.0, Mask Weight: 0.893
Epoch 499/20000, Train Loss: 0.4496, Validation Set Manhattan Distance: 12.0, Mask Weight: 0.893
Epoch 500/20000, Train Loss: 0.4488, Validation Set Manhattan Distance: 12.0, Mask Weight: 0.893
Epoch 501/20000, Train Loss: 0.8840, Validation Set Manhattan Distance: 12.0, Mask Weight: 0.893
Epoch 502/20000, Train Loss: 1.7183, Validation Set Manhattan Distance: 12.0, Mask Weight: 0.893
Epoch 503/20000, Train Loss: 1.5283, Validation Set Manhattan Distance: 12.0, Mask Weight: 0.893
Epoch 504/20000, Train Loss: 1.3527, Validation Set Manhattan Distance: 12.0, Mask Weight: 0.893
Epoch 505/20000, Train Loss: 1.2502, Validation Set Manhattan Distance: 12.0, Mask Weight: 0.893
Epoch 506/20000, Train Loss: 1.1018, Validation Set Manhattan Distance: 12.0, Mask Weight: 0.893
Epoch 507/20000, Train Loss: 1.0428, Validation Set Manhattan Distance: 12.0, Mask Weight: 0.893
Epoch 508/20000, Train Loss: 1.0249, Validation Set Manhattan Distance: 12.0, Mask Weight: 0.893
Epoch 509/20000, Train Loss: 1.0226, Validation Set Manhattan Distance: 12.0, Mask Weight: 0.893
Epoch 510/20000, Train Loss: 1.0160, Validation Set Manhattan Distance: 12.0, Mask Weight: 0.893
Epoch 511/20000, Train Loss: 1.0090, Validation Set Manhattan Distance: 12.0, Mask Weight: 0.893
Epoch 512/20000, Train Loss: 1.0013, Validation Set Manhattan Distance: 12.0, Mask Weight: 0.893
Epoch 513/20000, Train Loss: 0.9928, Validation Set Manhattan Distance: 12.0, Mask Weight: 0.893
Epoch 514/20000, Train Loss: 0.9836, Validation Set Manhattan Distance: 12.0, Mask Weight: 0.893
Epoch 515/20000, Train Loss: 0.9725, Validation Set Manhattan Distance: 12.0, Mask Weight: 0.893
Epoch 516/20000, Train Loss: 0.9595, Validation Set Manhattan Distance: 12.0, Mask Weight: 0.893
Epoch 517/20000, Train Loss: 0.9398, Validation Set Manhattan Distance: 12.0, Mask Weight: 0.893
Epoch 518/20000, Train Loss: 0.9040, Validation Set Manhattan Distance: 12.0, Mask Weight: 0.893
Epoch 519/20000, Train Loss: 0.8447, Validation Set Manhattan Distance: 12.0, Mask Weight: 0.893
Epoch 520/20000, Train Loss: 0.7542, Validation Set Manhattan Distance: 12.0, Mask Weight: 0.893
Epoch 521/20000, Train Loss: 0.6739, Validation Set Manhattan Distance: 12.0, Mask Weight: 0.893
Epoch 522/20000, Train Loss: 0.6614, Validation Set Manhattan Distance: 12.0, Mask Weight: 0.893
Epoch 523/20000, Train Loss: 0.6103, Validation Set Manhattan Distance: 12.0, Mask Weight: 0.893
Epoch 524/20000, Train Loss: 0.5574, Validation Set Manhattan Distance: 12.0, Mask Weight: 0.893
Epoch 525/20000, Train Loss: 0.5056, Validation Set Manhattan Distance: 12.0, Mask Weight: 0.893
Epoch 526/20000, Train Loss: 0.5052, Validation Set Manhattan Distance: 12.0, Mask Weight: 0.893
Epoch 527/20000, Train Loss: 0.5196, Validation Set Manhattan Distance: 12.0, Mask Weight: 0.893
Epoch 528/20000, Train Loss: 0.5193, Validation Set Manhattan Distance: 12.0, Mask Weight: 0.893
Epoch 529/20000, Train Loss: 0.7286, Validation Set Manhattan Distance: 12.0, Mask Weight: 0.893
Epoch 530/20000, Train Loss: 0.7233, Validation Set Manhattan Distance: 12.0, Mask Weight: 0.893
Epoch 531/20000, Train Loss: 0.5527, Validation Set Manhattan Distance: 12.0, Mask Weight: 0.893
Epoch 532/20000, Train Loss: 0.5399, Validation Set Manhattan Distance: 12.0, Mask Weight: 0.893
Epoch 533/20000, Train Loss: 0.5025, Validation Set Manhattan Distance: 12.0, Mask Weight: 0.893
Epoch 534/20000, Train Loss: 0.4818, Validation Set Manhattan Distance: 12.0, Mask Weight: 0.893
Epoch 535/20000, Train Loss: 0.4931, Validation Set Manhattan Distance: 12.0, Mask Weight: 0.893
Epoch 536/20000, Train Loss: 0.5070, Validation Set Manhattan Distance: 12.0, Mask Weight: 0.893
Epoch 537/20000, Train Loss: 0.4840, Validation Set Manhattan Distance: 12.0, Mask Weight: 0.893
Epoch 538/20000, Train Loss: 0.4963, Validation Set Manhattan Distance: 12.0, Mask Weight: 0.893
Epoch 539/20000, Train Loss: 0.5793, Validation Set Manhattan Distance: 12.0, Mask Weight: 0.893
Epoch 540/20000, Train Loss: 0.4745, Validation Set Manhattan Distance: 12.0, Mask Weight: 0.893
Epoch 541/20000, Train Loss: 0.4685, Validation Set Manhattan Distance: 12.0, Mask Weight: 0.893
Epoch 542/20000, Train Loss: 0.4651, Validation Set Manhattan Distance: 12.0, Mask Weight: 0.893
Epoch 543/20000, Train Loss: 0.4584, Validation Set Manhattan Distance: 12.0, Mask Weight: 0.893
Epoch 544/20000, Train Loss: 0.4580, Validation Set Manhattan Distance: 12.0, Mask Weight: 0.893
Epoch 545/20000, Train Loss: 0.4582, Validation Set Manhattan Distance: 12.0, Mask Weight: 0.893
Epoch 546/20000, Train Loss: 0.4531, Validation Set Manhattan Distance: 12.0, Mask Weight: 0.893
Epoch 547/20000, Train Loss: 0.4538, Validation Set Manhattan Distance: 12.0, Mask Weight: 0.893
Epoch 548/20000, Train Loss: 0.4522, Validation Set Manhattan Distance: 12.0, Mask Weight: 0.893
Epoch 549/20000, Train Loss: 0.4527, Validation Set Manhattan Distance: 12.0, Mask Weight: 0.893
Epoch 550/20000, Train Loss: 0.4536, Validation Set Manhattan Distance: 12.0, Mask Weight: 0.893
Epoch 551/20000, Train Loss: 0.4509, Validation Set Manhattan Distance: 12.0, Mask Weight: 0.893
Epoch 552/20000, Train Loss: 0.4548, Validation Set Manhattan Distance: 12.0, Mask Weight: 0.893
Epoch 553/20000, Train Loss: 0.4507, Validation Set Manhattan Distance: 12.0, Mask Weight: 0.893
Epoch 554/20000, Train Loss: 0.4521, Validation Set Manhattan Distance: 12.0, Mask Weight: 0.893
Epoch 555/20000, Train Loss: 0.4537, Validation Set Manhattan Distance: 12.0, Mask Weight: 0.893
Epoch 556/20000, Train Loss: 0.4502, Validation Set Manhattan Distance: 12.0, Mask Weight: 0.893
Epoch 557/20000, Train Loss: 0.4515, Validation Set Manhattan Distance: 12.0, Mask Weight: 0.893
Epoch 558/20000, Train Loss: 0.4515, Validation Set Manhattan Distance: 12.0, Mask Weight: 0.893
Epoch 559/20000, Train Loss: 0.4503, Validation Set Manhattan Distance: 12.0, Mask Weight: 0.893
Epoch 560/20000, Train Loss: 0.4497, Validation Set Manhattan Distance: 12.0, Mask Weight: 0.893
Epoch 561/20000, Train Loss: 0.4514, Validation Set Manhattan Distance: 12.0, Mask Weight: 0.893
Epoch 562/20000, Train Loss: 0.4515, Validation Set Manhattan Distance: 12.0, Mask Weight: 0.893
Epoch 563/20000, Train Loss: 0.4510, Validation Set Manhattan Distance: 12.0, Mask Weight: 0.893
Epoch 564/20000, Train Loss: 0.4526, Validation Set Manhattan Distance: 12.0, Mask Weight: 0.893
Epoch 565/20000, Train Loss: 0.4544, Validation Set Manhattan Distance: 12.0, Mask Weight: 0.893
Epoch 566/20000, Train Loss: 0.4540, Validation Set Manhattan Distance: 12.0, Mask Weight: 0.893
Epoch 567/20000, Train Loss: 0.4507, Validation Set Manhattan Distance: 12.0, Mask Weight: 0.893
Epoch 568/20000, Train Loss: 0.4507, Validation Set Manhattan Distance: 12.0, Mask Weight: 0.893
Epoch 569/20000, Train Loss: 0.4493, Validation Set Manhattan Distance: 12.0, Mask Weight: 0.893
Epoch 570/20000, Train Loss: 0.4504, Validation Set Manhattan Distance: 12.0, Mask Weight: 0.893
Epoch 571/20000, Train Loss: 0.4500, Validation Set Manhattan Distance: 12.0, Mask Weight: 0.893
Epoch 572/20000, Train Loss: 0.4492, Validation Set Manhattan Distance: 12.0, Mask Weight: 0.893
Epoch 573/20000, Train Loss: 0.4499, Validation Set Manhattan Distance: 12.0, Mask Weight: 0.893
Epoch 574/20000, Train Loss: 0.4504, Validation Set Manhattan Distance: 12.0, Mask Weight: 0.893
Epoch 575/20000, Train Loss: 0.4506, Validation Set Manhattan Distance: 12.0, Mask Weight: 0.893
Epoch 576/20000, Train Loss: 0.4519, Validation Set Manhattan Distance: 12.0, Mask Weight: 0.893
Epoch 577/20000, Train Loss: 0.4504, Validation Set Manhattan Distance: 12.0, Mask Weight: 0.893
Epoch 578/20000, Train Loss: 0.4515, Validation Set Manhattan Distance: 12.0, Mask Weight: 0.893
Epoch 579/20000, Train Loss: 0.4504, Validation Set Manhattan Distance: 12.0, Mask Weight: 0.893
Epoch 580/20000, Train Loss: 0.4496, Validation Set Manhattan Distance: 12.0, Mask Weight: 0.893
Epoch 581/20000, Train Loss: 0.4497, Validation Set Manhattan Distance: 12.0, Mask Weight: 0.893
Epoch 582/20000, Train Loss: 0.4502, Validation Set Manhattan Distance: 12.0, Mask Weight: 0.893
Epoch 583/20000, Train Loss: 0.4496, Validation Set Manhattan Distance: 12.0, Mask Weight: 0.893
Epoch 584/20000, Train Loss: 0.4528, Validation Set Manhattan Distance: 12.0, Mask Weight: 0.893
Epoch 585/20000, Train Loss: 0.4486, Validation Set Manhattan Distance: 12.0, Mask Weight: 0.893
Epoch 586/20000, Train Loss: 0.4503, Validation Set Manhattan Distance: 12.0, Mask Weight: 0.893
Epoch 587/20000, Train Loss: 0.4483, Validation Set Manhattan Distance: 12.0, Mask Weight: 0.893
Epoch 588/20000, Train Loss: 0.4486, Validation Set Manhattan Distance: 12.0, Mask Weight: 0.893
Epoch 589/20000, Train Loss: 0.4483, Validation Set Manhattan Distance: 12.0, Mask Weight: 0.893
Epoch 590/20000, Train Loss: 0.4475, Validation Set Manhattan Distance: 12.0, Mask Weight: 0.893
Epoch 591/20000, Train Loss: 0.4494, Validation Set Manhattan Distance: 12.0, Mask Weight: 0.893
Epoch 592/20000, Train Loss: 0.4511, Validation Set Manhattan Distance: 12.0, Mask Weight: 0.893
Epoch 593/20000, Train Loss: 0.4530, Validation Set Manhattan Distance: 12.0, Mask Weight: 0.893
Epoch 594/20000, Train Loss: 0.4501, Validation Set Manhattan Distance: 12.0, Mask Weight: 0.893
Epoch 595/20000, Train Loss: 0.4504, Validation Set Manhattan Distance: 12.0, Mask Weight: 0.893
Epoch 596/20000, Train Loss: 0.4493, Validation Set Manhattan Distance: 12.0, Mask Weight: 0.893
Epoch 597/20000, Train Loss: 0.4508, Validation Set Manhattan Distance: 12.0, Mask Weight: 0.893
Epoch 598/20000, Train Loss: 0.4463, Validation Set Manhattan Distance: 12.0, Mask Weight: 0.893
Epoch 599/20000, Train Loss: 0.4503, Validation Set Manhattan Distance: 12.0, Mask Weight: 0.893
Epoch 600/20000, Train Loss: 0.4481, Validation Set Manhattan Distance: 12.0, Mask Weight: 0.893
Epoch 601/20000, Train Loss: 0.4486, Validation Set Manhattan Distance: 12.0, Mask Weight: 0.893
Epoch 602/20000, Train Loss: 0.4506, Validation Set Manhattan Distance: 12.0, Mask Weight: 0.893
Epoch 603/20000, Train Loss: 0.4472, Validation Set Manhattan Distance: 12.0, Mask Weight: 0.893
Epoch 604/20000, Train Loss: 0.4492, Validation Set Manhattan Distance: 12.0, Mask Weight: 0.893
Epoch 605/20000, Train Loss: 0.4489, Validation Set Manhattan Distance: 12.0, Mask Weight: 0.893
Epoch 606/20000, Train Loss: 0.4514, Validation Set Manhattan Distance: 12.0, Mask Weight: 0.893
Epoch 607/20000, Train Loss: 0.4512, Validation Set Manhattan Distance: 12.0, Mask Weight: 0.893
Epoch 608/20000, Train Loss: 0.4498, Validation Set Manhattan Distance: 12.0, Mask Weight: 0.893
Epoch 609/20000, Train Loss: 0.4471, Validation Set Manhattan Distance: 12.0, Mask Weight: 0.893
Epoch 610/20000, Train Loss: 0.4480, Validation Set Manhattan Distance: 12.0, Mask Weight: 0.893
Epoch 611/20000, Train Loss: 0.4492, Validation Set Manhattan Distance: 12.0, Mask Weight: 0.893
Epoch 612/20000, Train Loss: 0.4488, Validation Set Manhattan Distance: 12.0, Mask Weight: 0.893
Epoch 613/20000, Train Loss: 0.4492, Validation Set Manhattan Distance: 12.0, Mask Weight: 0.893
Epoch 614/20000, Train Loss: 0.4485, Validation Set Manhattan Distance: 12.0, Mask Weight: 0.893
Epoch 615/20000, Train Loss: 0.4482, Validation Set Manhattan Distance: 12.0, Mask Weight: 0.893
Epoch 616/20000, Train Loss: 0.4493, Validation Set Manhattan Distance: 12.0, Mask Weight: 0.893
Epoch 617/20000, Train Loss: 0.4466, Validation Set Manhattan Distance: 12.0, Mask Weight: 0.893
Epoch 618/20000, Train Loss: 0.4474, Validation Set Manhattan Distance: 12.0, Mask Weight: 0.893
Epoch 619/20000, Train Loss: 0.4483, Validation Set Manhattan Distance: 12.0, Mask Weight: 0.893
Epoch 620/20000, Train Loss: 0.4455, Validation Set Manhattan Distance: 12.0, Mask Weight: 0.893
Epoch 621/20000, Train Loss: 0.4484, Validation Set Manhattan Distance: 12.0, Mask Weight: 0.893
Epoch 622/20000, Train Loss: 0.4468, Validation Set Manhattan Distance: 12.0, Mask Weight: 0.893
Epoch 623/20000, Train Loss: 0.4478, Validation Set Manhattan Distance: 12.0, Mask Weight: 0.893
Epoch 624/20000, Train Loss: 0.4489, Validation Set Manhattan Distance: 12.0, Mask Weight: 0.893
Epoch 625/20000, Train Loss: 0.4463, Validation Set Manhattan Distance: 12.0, Mask Weight: 0.893
Epoch 626/20000, Train Loss: 0.4475, Validation Set Manhattan Distance: 12.0, Mask Weight: 0.893
Epoch 627/20000, Train Loss: 0.4487, Validation Set Manhattan Distance: 12.0, Mask Weight: 0.893
Epoch 628/20000, Train Loss: 0.4475, Validation Set Manhattan Distance: 12.0, Mask Weight: 0.893
Epoch 629/20000, Train Loss: 0.4504, Validation Set Manhattan Distance: 12.0, Mask Weight: 0.893
Epoch 630/20000, Train Loss: 0.4482, Validation Set Manhattan Distance: 12.0, Mask Weight: 0.893
Epoch 631/20000, Train Loss: 0.4502, Validation Set Manhattan Distance: 12.0, Mask Weight: 0.893
Epoch 632/20000, Train Loss: 0.4541, Validation Set Manhattan Distance: 12.0, Mask Weight: 0.893
Epoch 633/20000, Train Loss: 0.4544, Validation Set Manhattan Distance: 12.0, Mask Weight: 0.893
Epoch 634/20000, Train Loss: 0.4487, Validation Set Manhattan Distance: 12.0, Mask Weight: 0.893
Epoch 635/20000, Train Loss: 0.4496, Validation Set Manhattan Distance: 12.0, Mask Weight: 0.893
Epoch 636/20000, Train Loss: 0.4510, Validation Set Manhattan Distance: 12.0, Mask Weight: 0.893
Epoch 637/20000, Train Loss: 0.4482, Validation Set Manhattan Distance: 12.0, Mask Weight: 0.893
Epoch 638/20000, Train Loss: 0.4486, Validation Set Manhattan Distance: 12.0, Mask Weight: 0.893
Epoch 639/20000, Train Loss: 0.4484, Validation Set Manhattan Distance: 12.0, Mask Weight: 0.893
Epoch 640/20000, Train Loss: 0.4477, Validation Set Manhattan Distance: 12.0, Mask Weight: 0.893
Epoch 641/20000, Train Loss: 0.4480, Validation Set Manhattan Distance: 12.0, Mask Weight: 0.893
Epoch 642/20000, Train Loss: 0.4436, Validation Set Manhattan Distance: 12.0, Mask Weight: 0.893
Epoch 643/20000, Train Loss: 0.4473, Validation Set Manhattan Distance: 12.0, Mask Weight: 0.893
Epoch 644/20000, Train Loss: 0.4504, Validation Set Manhattan Distance: 12.0, Mask Weight: 0.893
Epoch 645/20000, Train Loss: 0.4456, Validation Set Manhattan Distance: 12.0, Mask Weight: 0.893
Epoch 646/20000, Train Loss: 0.4497, Validation Set Manhattan Distance: 12.0, Mask Weight: 0.893
Epoch 647/20000, Train Loss: 0.4516, Validation Set Manhattan Distance: 12.0, Mask Weight: 0.893
Epoch 648/20000, Train Loss: 0.4490, Validation Set Manhattan Distance: 12.0, Mask Weight: 0.893
Epoch 649/20000, Train Loss: 0.4474, Validation Set Manhattan Distance: 12.0, Mask Weight: 0.893
Epoch 650/20000, Train Loss: 0.4457, Validation Set Manhattan Distance: 12.0, Mask Weight: 0.893
Epoch 651/20000, Train Loss: 0.4489, Validation Set Manhattan Distance: 12.0, Mask Weight: 0.893
Epoch 652/20000, Train Loss: 0.4467, Validation Set Manhattan Distance: 12.0, Mask Weight: 0.893
Epoch 653/20000, Train Loss: 0.4475, Validation Set Manhattan Distance: 12.0, Mask Weight: 0.893
Epoch 654/20000, Train Loss: 0.4492, Validation Set Manhattan Distance: 12.0, Mask Weight: 0.893
Epoch 655/20000, Train Loss: 0.4466, Validation Set Manhattan Distance: 12.0, Mask Weight: 0.893
Epoch 656/20000, Train Loss: 0.4477, Validation Set Manhattan Distance: 12.0, Mask Weight: 0.893
Epoch 657/20000, Train Loss: 0.4477, Validation Set Manhattan Distance: 12.0, Mask Weight: 0.893
Epoch 658/20000, Train Loss: 0.4477, Validation Set Manhattan Distance: 12.0, Mask Weight: 0.893
Epoch 659/20000, Train Loss: 0.4477, Validation Set Manhattan Distance: 12.0, Mask Weight: 0.893
Epoch 660/20000, Train Loss: 0.4461, Validation Set Manhattan Distance: 12.0, Mask Weight: 0.893
Epoch 661/20000, Train Loss: 0.4487, Validation Set Manhattan Distance: 12.0, Mask Weight: 0.893
Epoch 662/20000, Train Loss: 0.4470, Validation Set Manhattan Distance: 12.0, Mask Weight: 0.893
Epoch 663/20000, Train Loss: 0.4463, Validation Set Manhattan Distance: 12.0, Mask Weight: 0.893
Epoch 664/20000, Train Loss: 0.4481, Validation Set Manhattan Distance: 12.0, Mask Weight: 0.893
Epoch 665/20000, Train Loss: 0.4459, Validation Set Manhattan Distance: 12.0, Mask Weight: 0.893
Epoch 666/20000, Train Loss: 0.4470, Validation Set Manhattan Distance: 12.0, Mask Weight: 0.893
Epoch 667/20000, Train Loss: 0.4477, Validation Set Manhattan Distance: 12.0, Mask Weight: 0.893
Epoch 668/20000, Train Loss: 0.4479, Validation Set Manhattan Distance: 12.0, Mask Weight: 0.893
Epoch 669/20000, Train Loss: 0.4462, Validation Set Manhattan Distance: 12.0, Mask Weight: 0.893
Epoch 670/20000, Train Loss: 0.4493, Validation Set Manhattan Distance: 12.0, Mask Weight: 0.893
Epoch 671/20000, Train Loss: 0.4448, Validation Set Manhattan Distance: 12.0, Mask Weight: 0.893
Epoch 672/20000, Train Loss: 0.4463, Validation Set Manhattan Distance: 12.0, Mask Weight: 0.893
Epoch 673/20000, Train Loss: 0.4464, Validation Set Manhattan Distance: 12.0, Mask Weight: 0.893
Epoch 674/20000, Train Loss: 0.4485, Validation Set Manhattan Distance: 12.0, Mask Weight: 0.893
Epoch 675/20000, Train Loss: 0.4455, Validation Set Manhattan Distance: 12.0, Mask Weight: 0.893
Epoch 676/20000, Train Loss: 0.4485, Validation Set Manhattan Distance: 12.0, Mask Weight: 0.893
Epoch 677/20000, Train Loss: 0.4472, Validation Set Manhattan Distance: 12.0, Mask Weight: 0.893
Epoch 678/20000, Train Loss: 0.4452, Validation Set Manhattan Distance: 12.0, Mask Weight: 0.893
Epoch 679/20000, Train Loss: 0.4465, Validation Set Manhattan Distance: 12.0, Mask Weight: 0.893
Epoch 680/20000, Train Loss: 0.4487, Validation Set Manhattan Distance: 12.0, Mask Weight: 0.893
Epoch 681/20000, Train Loss: 0.4463, Validation Set Manhattan Distance: 12.0, Mask Weight: 0.893
Epoch 682/20000, Train Loss: 0.4487, Validation Set Manhattan Distance: 12.0, Mask Weight: 0.893
Epoch 683/20000, Train Loss: 0.4502, Validation Set Manhattan Distance: 12.0, Mask Weight: 0.893
Epoch 684/20000, Train Loss: 0.4458, Validation Set Manhattan Distance: 12.0, Mask Weight: 0.893
Epoch 685/20000, Train Loss: 0.4474, Validation Set Manhattan Distance: 12.0, Mask Weight: 0.893
Epoch 686/20000, Train Loss: 0.4460, Validation Set Manhattan Distance: 12.0, Mask Weight: 0.893
Epoch 687/20000, Train Loss: 0.4473, Validation Set Manhattan Distance: 12.0, Mask Weight: 0.893
Epoch 688/20000, Train Loss: 0.4448, Validation Set Manhattan Distance: 12.0, Mask Weight: 0.893
Epoch 689/20000, Train Loss: 0.4457, Validation Set Manhattan Distance: 12.0, Mask Weight: 0.893
Epoch 690/20000, Train Loss: 0.4476, Validation Set Manhattan Distance: 12.0, Mask Weight: 0.893
Epoch 691/20000, Train Loss: 0.4466, Validation Set Manhattan Distance: 12.0, Mask Weight: 0.893
Epoch 692/20000, Train Loss: 0.4569, Validation Set Manhattan Distance: 12.0, Mask Weight: 0.893
Epoch 693/20000, Train Loss: 0.4498, Validation Set Manhattan Distance: 12.0, Mask Weight: 0.893
Epoch 694/20000, Train Loss: 0.4476, Validation Set Manhattan Distance: 12.0, Mask Weight: 0.893
Epoch 695/20000, Train Loss: 0.4466, Validation Set Manhattan Distance: 12.0, Mask Weight: 0.893
Epoch 696/20000, Train Loss: 0.4468, Validation Set Manhattan Distance: 12.0, Mask Weight: 0.893
Epoch 697/20000, Train Loss: 0.4484, Validation Set Manhattan Distance: 12.0, Mask Weight: 0.893
Epoch 698/20000, Train Loss: 0.4455, Validation Set Manhattan Distance: 12.0, Mask Weight: 0.893
Epoch 699/20000, Train Loss: 0.4520, Validation Set Manhattan Distance: 12.0, Mask Weight: 0.893
Epoch 700/20000, Train Loss: 0.4471, Validation Set Manhattan Distance: 12.0, Mask Weight: 0.893
Epoch 701/20000, Train Loss: 0.4503, Validation Set Manhattan Distance: 12.0, Mask Weight: 0.893
Epoch 702/20000, Train Loss: 0.4462, Validation Set Manhattan Distance: 12.0, Mask Weight: 0.893
Epoch 703/20000, Train Loss: 0.4463, Validation Set Manhattan Distance: 12.0, Mask Weight: 0.893
Epoch 704/20000, Train Loss: 0.4462, Validation Set Manhattan Distance: 12.0, Mask Weight: 0.893
Epoch 705/20000, Train Loss: 0.4456, Validation Set Manhattan Distance: 12.0, Mask Weight: 0.893
Epoch 706/20000, Train Loss: 0.4463, Validation Set Manhattan Distance: 12.0, Mask Weight: 0.893
Epoch 707/20000, Train Loss: 0.4468, Validation Set Manhattan Distance: 12.0, Mask Weight: 0.893
Epoch 708/20000, Train Loss: 0.4457, Validation Set Manhattan Distance: 12.0, Mask Weight: 0.893
Epoch 709/20000, Train Loss: 0.4499, Validation Set Manhattan Distance: 12.0, Mask Weight: 0.893
Epoch 710/20000, Train Loss: 0.4498, Validation Set Manhattan Distance: 12.0, Mask Weight: 0.893
Epoch 711/20000, Train Loss: 0.4484, Validation Set Manhattan Distance: 12.0, Mask Weight: 0.893
Epoch 712/20000, Train Loss: 0.4494, Validation Set Manhattan Distance: 12.0, Mask Weight: 0.893
Epoch 713/20000, Train Loss: 0.4475, Validation Set Manhattan Distance: 12.0, Mask Weight: 0.893
Epoch 714/20000, Train Loss: 0.4488, Validation Set Manhattan Distance: 12.0, Mask Weight: 0.893
Epoch 715/20000, Train Loss: 0.4469, Validation Set Manhattan Distance: 12.0, Mask Weight: 0.893
Epoch 716/20000, Train Loss: 0.4506, Validation Set Manhattan Distance: 12.0, Mask Weight: 0.893
Epoch 717/20000, Train Loss: 0.4456, Validation Set Manhattan Distance: 12.0, Mask Weight: 0.893
Epoch 718/20000, Train Loss: 0.4462, Validation Set Manhattan Distance: 12.0, Mask Weight: 0.893
Epoch 719/20000, Train Loss: 0.4443, Validation Set Manhattan Distance: 12.0, Mask Weight: 0.893
Epoch 720/20000, Train Loss: 0.4487, Validation Set Manhattan Distance: 12.0, Mask Weight: 0.893
Epoch 721/20000, Train Loss: 0.4464, Validation Set Manhattan Distance: 12.0, Mask Weight: 0.893
Epoch 722/20000, Train Loss: 0.4495, Validation Set Manhattan Distance: 12.0, Mask Weight: 0.893
Epoch 723/20000, Train Loss: 0.4461, Validation Set Manhattan Distance: 12.0, Mask Weight: 0.893
Epoch 724/20000, Train Loss: 0.4473, Validation Set Manhattan Distance: 12.0, Mask Weight: 0.893
Epoch 725/20000, Train Loss: 0.4443, Validation Set Manhattan Distance: 12.0, Mask Weight: 0.893
Epoch 726/20000, Train Loss: 0.4448, Validation Set Manhattan Distance: 12.0, Mask Weight: 0.893
Epoch 727/20000, Train Loss: 0.4452, Validation Set Manhattan Distance: 12.0, Mask Weight: 0.893
Epoch 728/20000, Train Loss: 0.4455, Validation Set Manhattan Distance: 12.0, Mask Weight: 0.893
Epoch 729/20000, Train Loss: 0.4454, Validation Set Manhattan Distance: 12.0, Mask Weight: 0.893
Epoch 730/20000, Train Loss: 0.4462, Validation Set Manhattan Distance: 12.0, Mask Weight: 0.893
Epoch 731/20000, Train Loss: 0.4459, Validation Set Manhattan Distance: 12.0, Mask Weight: 0.893
Epoch 732/20000, Train Loss: 0.4454, Validation Set Manhattan Distance: 12.0, Mask Weight: 0.893
Epoch 733/20000, Train Loss: 0.4474, Validation Set Manhattan Distance: 12.0, Mask Weight: 0.893
Epoch 734/20000, Train Loss: 0.4472, Validation Set Manhattan Distance: 12.0, Mask Weight: 0.893
Epoch 735/20000, Train Loss: 0.4466, Validation Set Manhattan Distance: 12.0, Mask Weight: 0.893
Epoch 736/20000, Train Loss: 0.4475, Validation Set Manhattan Distance: 12.0, Mask Weight: 0.893
Epoch 737/20000, Train Loss: 0.4481, Validation Set Manhattan Distance: 12.0, Mask Weight: 0.893
Epoch 738/20000, Train Loss: 0.4485, Validation Set Manhattan Distance: 12.0, Mask Weight: 0.893
Epoch 739/20000, Train Loss: 0.4475, Validation Set Manhattan Distance: 12.0, Mask Weight: 0.893
Epoch 740/20000, Train Loss: 0.4485, Validation Set Manhattan Distance: 12.0, Mask Weight: 0.893
Epoch 741/20000, Train Loss: 0.4468, Validation Set Manhattan Distance: 12.0, Mask Weight: 0.893
Epoch 742/20000, Train Loss: 0.4469, Validation Set Manhattan Distance: 12.0, Mask Weight: 0.893
Epoch 743/20000, Train Loss: 0.4476, Validation Set Manhattan Distance: 12.0, Mask Weight: 0.893
Epoch 744/20000, Train Loss: 0.4458, Validation Set Manhattan Distance: 12.0, Mask Weight: 0.893
Epoch 745/20000, Train Loss: 0.4457, Validation Set Manhattan Distance: 12.0, Mask Weight: 0.893
Epoch 746/20000, Train Loss: 0.4451, Validation Set Manhattan Distance: 12.0, Mask Weight: 0.893
Epoch 747/20000, Train Loss: 0.4462, Validation Set Manhattan Distance: 12.0, Mask Weight: 0.893
Epoch 748/20000, Train Loss: 0.4446, Validation Set Manhattan Distance: 12.0, Mask Weight: 0.893
Epoch 749/20000, Train Loss: 0.4469, Validation Set Manhattan Distance: 12.0, Mask Weight: 0.893
Epoch 750/20000, Train Loss: 0.4455, Validation Set Manhattan Distance: 12.0, Mask Weight: 0.893
Epoch 751/20000, Train Loss: 0.4440, Validation Set Manhattan Distance: 12.0, Mask Weight: 0.893
Epoch 752/20000, Train Loss: 0.4483, Validation Set Manhattan Distance: 12.0, Mask Weight: 0.893
Epoch 753/20000, Train Loss: 0.4449, Validation Set Manhattan Distance: 12.0, Mask Weight: 0.893
Epoch 754/20000, Train Loss: 0.4441, Validation Set Manhattan Distance: 12.0, Mask Weight: 0.893
Epoch 755/20000, Train Loss: 0.4453, Validation Set Manhattan Distance: 12.0, Mask Weight: 0.893
Epoch 756/20000, Train Loss: 0.4468, Validation Set Manhattan Distance: 12.0, Mask Weight: 0.893
Epoch 757/20000, Train Loss: 0.4470, Validation Set Manhattan Distance: 12.0, Mask Weight: 0.893
Epoch 758/20000, Train Loss: 0.4477, Validation Set Manhattan Distance: 12.0, Mask Weight: 0.893
Epoch 759/20000, Train Loss: 0.4474, Validation Set Manhattan Distance: 12.0, Mask Weight: 0.893
Epoch 760/20000, Train Loss: 0.4487, Validation Set Manhattan Distance: 12.0, Mask Weight: 0.893
Epoch 761/20000, Train Loss: 0.4481, Validation Set Manhattan Distance: 12.0, Mask Weight: 0.893
Epoch 762/20000, Train Loss: 0.4505, Validation Set Manhattan Distance: 12.0, Mask Weight: 0.893
Epoch 763/20000, Train Loss: 0.4455, Validation Set Manhattan Distance: 12.0, Mask Weight: 0.893
Epoch 764/20000, Train Loss: 0.4480, Validation Set Manhattan Distance: 12.0, Mask Weight: 0.893
Epoch 765/20000, Train Loss: 0.4450, Validation Set Manhattan Distance: 12.0, Mask Weight: 0.893
Epoch 766/20000, Train Loss: 0.4456, Validation Set Manhattan Distance: 12.0, Mask Weight: 0.893
Epoch 767/20000, Train Loss: 0.4445, Validation Set Manhattan Distance: 12.0, Mask Weight: 0.893
Epoch 768/20000, Train Loss: 0.4461, Validation Set Manhattan Distance: 12.0, Mask Weight: 0.893
Epoch 769/20000, Train Loss: 0.4454, Validation Set Manhattan Distance: 12.0, Mask Weight: 0.893
Epoch 770/20000, Train Loss: 0.4446, Validation Set Manhattan Distance: 12.0, Mask Weight: 0.893
Epoch 771/20000, Train Loss: 0.4446, Validation Set Manhattan Distance: 12.0, Mask Weight: 0.893
Epoch 772/20000, Train Loss: 0.4435, Validation Set Manhattan Distance: 12.0, Mask Weight: 0.893
Epoch 773/20000, Train Loss: 0.4454, Validation Set Manhattan Distance: 12.0, Mask Weight: 0.893
Epoch 774/20000, Train Loss: 0.4438, Validation Set Manhattan Distance: 12.0, Mask Weight: 0.893
Epoch 775/20000, Train Loss: 0.4462, Validation Set Manhattan Distance: 12.0, Mask Weight: 0.893
Epoch 776/20000, Train Loss: 0.4457, Validation Set Manhattan Distance: 12.0, Mask Weight: 0.893
Epoch 777/20000, Train Loss: 0.4437, Validation Set Manhattan Distance: 12.0, Mask Weight: 0.893
Epoch 778/20000, Train Loss: 0.4459, Validation Set Manhattan Distance: 12.0, Mask Weight: 0.893
Epoch 779/20000, Train Loss: 0.4455, Validation Set Manhattan Distance: 12.0, Mask Weight: 0.893
Epoch 780/20000, Train Loss: 0.4439, Validation Set Manhattan Distance: 12.0, Mask Weight: 0.893
Epoch 781/20000, Train Loss: 0.4453, Validation Set Manhattan Distance: 12.0, Mask Weight: 0.893
Epoch 782/20000, Train Loss: 0.4431, Validation Set Manhattan Distance: 12.0, Mask Weight: 0.893
Epoch 783/20000, Train Loss: 0.4447, Validation Set Manhattan Distance: 12.0, Mask Weight: 0.893
Epoch 784/20000, Train Loss: 0.4442, Validation Set Manhattan Distance: 12.0, Mask Weight: 0.893
Epoch 785/20000, Train Loss: 0.4435, Validation Set Manhattan Distance: 12.0, Mask Weight: 0.893
Epoch 786/20000, Train Loss: 0.4441, Validation Set Manhattan Distance: 12.0, Mask Weight: 0.893
Epoch 787/20000, Train Loss: 0.4457, Validation Set Manhattan Distance: 12.0, Mask Weight: 0.893
Epoch 788/20000, Train Loss: 0.4465, Validation Set Manhattan Distance: 12.0, Mask Weight: 0.893
Epoch 789/20000, Train Loss: 0.4443, Validation Set Manhattan Distance: 12.0, Mask Weight: 0.893
Epoch 790/20000, Train Loss: 0.4430, Validation Set Manhattan Distance: 12.0, Mask Weight: 0.893
Epoch 791/20000, Train Loss: 0.4461, Validation Set Manhattan Distance: 12.0, Mask Weight: 0.893
Epoch 792/20000, Train Loss: 0.4445, Validation Set Manhattan Distance: 12.0, Mask Weight: 0.893
Epoch 793/20000, Train Loss: 0.4446, Validation Set Manhattan Distance: 12.0, Mask Weight: 0.893
Epoch 794/20000, Train Loss: 0.4458, Validation Set Manhattan Distance: 12.0, Mask Weight: 0.893
Epoch 795/20000, Train Loss: 0.4453, Validation Set Manhattan Distance: 12.0, Mask Weight: 0.893
Epoch 796/20000, Train Loss: 0.4435, Validation Set Manhattan Distance: 12.0, Mask Weight: 0.893
Epoch 797/20000, Train Loss: 0.4439, Validation Set Manhattan Distance: 12.0, Mask Weight: 0.893
Epoch 798/20000, Train Loss: 0.4465, Validation Set Manhattan Distance: 12.0, Mask Weight: 0.893
Epoch 799/20000, Train Loss: 0.6582, Validation Set Manhattan Distance: 12.0, Mask Weight: 0.893
Epoch 800/20000, Train Loss: 1.3846, Validation Set Manhattan Distance: 12.0, Mask Weight: 0.893
Epoch 801/20000, Train Loss: 1.3084, Validation Set Manhattan Distance: 12.0, Mask Weight: 0.893
Epoch 802/20000, Train Loss: 1.0858, Validation Set Manhattan Distance: 12.0, Mask Weight: 0.893
Epoch 803/20000, Train Loss: 0.9390, Validation Set Manhattan Distance: 12.0, Mask Weight: 0.893
Epoch 804/20000, Train Loss: 0.9215, Validation Set Manhattan Distance: 12.0, Mask Weight: 0.893
Epoch 805/20000, Train Loss: 0.8864, Validation Set Manhattan Distance: 12.0, Mask Weight: 0.893
Epoch 806/20000, Train Loss: 0.8674, Validation Set Manhattan Distance: 12.0, Mask Weight: 0.893
Epoch 807/20000, Train Loss: 0.8632, Validation Set Manhattan Distance: 12.0, Mask Weight: 0.893
Epoch 808/20000, Train Loss: 0.8540, Validation Set Manhattan Distance: 12.0, Mask Weight: 0.893
Epoch 809/20000, Train Loss: 0.8455, Validation Set Manhattan Distance: 12.0, Mask Weight: 0.893
Epoch 810/20000, Train Loss: 0.8397, Validation Set Manhattan Distance: 12.0, Mask Weight: 0.893
Epoch 811/20000, Train Loss: 0.8280, Validation Set Manhattan Distance: 12.0, Mask Weight: 0.893
Epoch 812/20000, Train Loss: 0.8149, Validation Set Manhattan Distance: 12.0, Mask Weight: 0.893
Epoch 813/20000, Train Loss: 0.8018, Validation Set Manhattan Distance: 12.0, Mask Weight: 0.893
Epoch 814/20000, Train Loss: 0.7901, Validation Set Manhattan Distance: 12.0, Mask Weight: 0.893
Epoch 815/20000, Train Loss: 0.7757, Validation Set Manhattan Distance: 12.0, Mask Weight: 0.893
Epoch 816/20000, Train Loss: 0.7583, Validation Set Manhattan Distance: 12.0, Mask Weight: 0.893
Epoch 817/20000, Train Loss: 0.7225, Validation Set Manhattan Distance: 12.0, Mask Weight: 0.893
Epoch 818/20000, Train Loss: 0.6739, Validation Set Manhattan Distance: 12.0, Mask Weight: 0.893
Epoch 819/20000, Train Loss: 0.6583, Validation Set Manhattan Distance: 12.0, Mask Weight: 0.893
Epoch 820/20000, Train Loss: 0.8387, Validation Set Manhattan Distance: 12.0, Mask Weight: 0.893
Epoch 821/20000, Train Loss: 0.8009, Validation Set Manhattan Distance: 12.0, Mask Weight: 0.893
Epoch 822/20000, Train Loss: 0.6928, Validation Set Manhattan Distance: 12.0, Mask Weight: 0.893
Epoch 823/20000, Train Loss: 0.6505, Validation Set Manhattan Distance: 12.0, Mask Weight: 0.893
Epoch 824/20000, Train Loss: 0.6205, Validation Set Manhattan Distance: 12.0, Mask Weight: 0.893
Epoch 825/20000, Train Loss: 0.5925, Validation Set Manhattan Distance: 12.0, Mask Weight: 0.893
Epoch 826/20000, Train Loss: 0.5641, Validation Set Manhattan Distance: 12.0, Mask Weight: 0.893
Epoch 827/20000, Train Loss: 0.5407, Validation Set Manhattan Distance: 12.0, Mask Weight: 0.893
Epoch 828/20000, Train Loss: 0.5205, Validation Set Manhattan Distance: 12.0, Mask Weight: 0.893
Epoch 829/20000, Train Loss: 0.5584, Validation Set Manhattan Distance: 12.0, Mask Weight: 0.893
Epoch 830/20000, Train Loss: 0.5029, Validation Set Manhattan Distance: 12.0, Mask Weight: 0.893
Epoch 831/20000, Train Loss: 0.4902, Validation Set Manhattan Distance: 12.0, Mask Weight: 0.893
Epoch 832/20000, Train Loss: 0.5119, Validation Set Manhattan Distance: 12.0, Mask Weight: 0.893
Epoch 833/20000, Train Loss: 0.5436, Validation Set Manhattan Distance: 12.0, Mask Weight: 0.893
Epoch 834/20000, Train Loss: 0.5511, Validation Set Manhattan Distance: 12.0, Mask Weight: 0.893
Epoch 835/20000, Train Loss: 0.5721, Validation Set Manhattan Distance: 12.0, Mask Weight: 0.893
Epoch 836/20000, Train Loss: 0.4985, Validation Set Manhattan Distance: 12.0, Mask Weight: 0.893
Epoch 837/20000, Train Loss: 0.4793, Validation Set Manhattan Distance: 12.0, Mask Weight: 0.893
Epoch 838/20000, Train Loss: 0.4729, Validation Set Manhattan Distance: 12.0, Mask Weight: 0.893
Epoch 839/20000, Train Loss: 0.4624, Validation Set Manhattan Distance: 12.0, Mask Weight: 0.893
Epoch 840/20000, Train Loss: 0.4574, Validation Set Manhattan Distance: 12.0, Mask Weight: 0.893
Epoch 841/20000, Train Loss: 0.4569, Validation Set Manhattan Distance: 12.0, Mask Weight: 0.893
Epoch 842/20000, Train Loss: 0.4558, Validation Set Manhattan Distance: 12.0, Mask Weight: 0.893
Epoch 843/20000, Train Loss: 0.4562, Validation Set Manhattan Distance: 12.0, Mask Weight: 0.893
Epoch 844/20000, Train Loss: 0.4584, Validation Set Manhattan Distance: 12.0, Mask Weight: 0.893
Epoch 845/20000, Train Loss: 0.7752, Validation Set Manhattan Distance: 12.0, Mask Weight: 0.893
Epoch 846/20000, Train Loss: 1.0878, Validation Set Manhattan Distance: 12.0, Mask Weight: 0.893
Epoch 847/20000, Train Loss: 0.7817, Validation Set Manhattan Distance: 12.0, Mask Weight: 0.893
Epoch 848/20000, Train Loss: 0.6917, Validation Set Manhattan Distance: 12.0, Mask Weight: 0.893
Epoch 849/20000, Train Loss: 0.6493, Validation Set Manhattan Distance: 12.0, Mask Weight: 0.893
Epoch 850/20000, Train Loss: 0.6222, Validation Set Manhattan Distance: 12.0, Mask Weight: 0.893
Epoch 851/20000, Train Loss: 0.5761, Validation Set Manhattan Distance: 12.0, Mask Weight: 0.893
Epoch 852/20000, Train Loss: 0.5391, Validation Set Manhattan Distance: 12.0, Mask Weight: 0.893
Epoch 853/20000, Train Loss: 0.5203, Validation Set Manhattan Distance: 12.0, Mask Weight: 0.893
Epoch 854/20000, Train Loss: 0.4960, Validation Set Manhattan Distance: 12.0, Mask Weight: 0.893
Epoch 855/20000, Train Loss: 0.4893, Validation Set Manhattan Distance: 12.0, Mask Weight: 0.893
Epoch 856/20000, Train Loss: 0.4788, Validation Set Manhattan Distance: 12.0, Mask Weight: 0.893
Epoch 857/20000, Train Loss: 0.4710, Validation Set Manhattan Distance: 12.0, Mask Weight: 0.893
Epoch 858/20000, Train Loss: 0.4656, Validation Set Manhattan Distance: 12.0, Mask Weight: 0.893
Epoch 859/20000, Train Loss: 0.4599, Validation Set Manhattan Distance: 12.0, Mask Weight: 0.893
Epoch 860/20000, Train Loss: 0.4564, Validation Set Manhattan Distance: 12.0, Mask Weight: 0.893
Epoch 861/20000, Train Loss: 0.4549, Validation Set Manhattan Distance: 12.0, Mask Weight: 0.893
Epoch 862/20000, Train Loss: 0.4546, Validation Set Manhattan Distance: 12.0, Mask Weight: 0.893
Epoch 863/20000, Train Loss: 0.4525, Validation Set Manhattan Distance: 12.0, Mask Weight: 0.893
Epoch 864/20000, Train Loss: 0.4529, Validation Set Manhattan Distance: 12.0, Mask Weight: 0.893
Epoch 865/20000, Train Loss: 0.4501, Validation Set Manhattan Distance: 12.0, Mask Weight: 0.893
Epoch 866/20000, Train Loss: 0.4508, Validation Set Manhattan Distance: 12.0, Mask Weight: 0.893
Epoch 867/20000, Train Loss: 0.4498, Validation Set Manhattan Distance: 12.0, Mask Weight: 0.893
Epoch 868/20000, Train Loss: 0.4499, Validation Set Manhattan Distance: 12.0, Mask Weight: 0.893
Epoch 869/20000, Train Loss: 0.4492, Validation Set Manhattan Distance: 12.0, Mask Weight: 0.893
Epoch 870/20000, Train Loss: 0.4486, Validation Set Manhattan Distance: 12.0, Mask Weight: 0.893
Epoch 871/20000, Train Loss: 0.4461, Validation Set Manhattan Distance: 12.0, Mask Weight: 0.893
Epoch 872/20000, Train Loss: 0.4484, Validation Set Manhattan Distance: 12.0, Mask Weight: 0.893
Epoch 873/20000, Train Loss: 0.4485, Validation Set Manhattan Distance: 12.0, Mask Weight: 0.893
Epoch 874/20000, Train Loss: 0.4484, Validation Set Manhattan Distance: 12.0, Mask Weight: 0.893
Epoch 875/20000, Train Loss: 0.4476, Validation Set Manhattan Distance: 12.0, Mask Weight: 0.893
Epoch 876/20000, Train Loss: 0.4507, Validation Set Manhattan Distance: 12.0, Mask Weight: 0.893
Epoch 877/20000, Train Loss: 0.4474, Validation Set Manhattan Distance: 12.0, Mask Weight: 0.893
Epoch 878/20000, Train Loss: 0.4459, Validation Set Manhattan Distance: 12.0, Mask Weight: 0.893
Epoch 879/20000, Train Loss: 0.4460, Validation Set Manhattan Distance: 12.0, Mask Weight: 0.893
Epoch 880/20000, Train Loss: 0.4460, Validation Set Manhattan Distance: 12.0, Mask Weight: 0.893
Epoch 881/20000, Train Loss: 0.4479, Validation Set Manhattan Distance: 12.0, Mask Weight: 0.893
Epoch 882/20000, Train Loss: 0.4441, Validation Set Manhattan Distance: 12.0, Mask Weight: 0.893
Epoch 883/20000, Train Loss: 0.4455, Validation Set Manhattan Distance: 12.0, Mask Weight: 0.893
Epoch 884/20000, Train Loss: 0.4446, Validation Set Manhattan Distance: 12.0, Mask Weight: 0.893
Epoch 885/20000, Train Loss: 0.4456, Validation Set Manhattan Distance: 12.0, Mask Weight: 0.893
Epoch 886/20000, Train Loss: 0.4468, Validation Set Manhattan Distance: 12.0, Mask Weight: 0.893
Epoch 887/20000, Train Loss: 0.4447, Validation Set Manhattan Distance: 12.0, Mask Weight: 0.893
Epoch 888/20000, Train Loss: 0.4477, Validation Set Manhattan Distance: 12.0, Mask Weight: 0.893
Epoch 889/20000, Train Loss: 0.4464, Validation Set Manhattan Distance: 12.0, Mask Weight: 0.893
Epoch 890/20000, Train Loss: 0.4468, Validation Set Manhattan Distance: 12.0, Mask Weight: 0.893
Epoch 891/20000, Train Loss: 0.4458, Validation Set Manhattan Distance: 12.0, Mask Weight: 0.893
Epoch 892/20000, Train Loss: 0.4469, Validation Set Manhattan Distance: 12.0, Mask Weight: 0.893
Epoch 893/20000, Train Loss: 0.4500, Validation Set Manhattan Distance: 12.0, Mask Weight: 0.893
Epoch 894/20000, Train Loss: 0.4472, Validation Set Manhattan Distance: 12.0, Mask Weight: 0.893
Epoch 895/20000, Train Loss: 0.4465, Validation Set Manhattan Distance: 12.0, Mask Weight: 0.893
Epoch 896/20000, Train Loss: 0.4462, Validation Set Manhattan Distance: 12.0, Mask Weight: 0.893
Epoch 897/20000, Train Loss: 0.4453, Validation Set Manhattan Distance: 12.0, Mask Weight: 0.893
Epoch 898/20000, Train Loss: 0.4455, Validation Set Manhattan Distance: 12.0, Mask Weight: 0.893
Epoch 899/20000, Train Loss: 0.4440, Validation Set Manhattan Distance: 12.0, Mask Weight: 0.893
Epoch 900/20000, Train Loss: 0.4457, Validation Set Manhattan Distance: 12.0, Mask Weight: 0.893
Epoch 901/20000, Train Loss: 0.4444, Validation Set Manhattan Distance: 12.0, Mask Weight: 0.893
Epoch 902/20000, Train Loss: 0.4433, Validation Set Manhattan Distance: 12.0, Mask Weight: 0.893
Epoch 903/20000, Train Loss: 0.4458, Validation Set Manhattan Distance: 12.0, Mask Weight: 0.893
Epoch 904/20000, Train Loss: 0.4573, Validation Set Manhattan Distance: 12.0, Mask Weight: 0.893
Epoch 905/20000, Train Loss: 0.4860, Validation Set Manhattan Distance: 12.0, Mask Weight: 0.893
Epoch 906/20000, Train Loss: 0.6247, Validation Set Manhattan Distance: 12.0, Mask Weight: 0.893
Epoch 907/20000, Train Loss: 0.9660, Validation Set Manhattan Distance: 12.0, Mask Weight: 0.893
Epoch 908/20000, Train Loss: 0.7815, Validation Set Manhattan Distance: 12.0, Mask Weight: 0.893
Epoch 909/20000, Train Loss: 0.6005, Validation Set Manhattan Distance: 12.0, Mask Weight: 0.893
Epoch 910/20000, Train Loss: 0.5615, Validation Set Manhattan Distance: 12.0, Mask Weight: 0.893
Epoch 911/20000, Train Loss: 0.5459, Validation Set Manhattan Distance: 12.0, Mask Weight: 0.893
Epoch 912/20000, Train Loss: 0.5056, Validation Set Manhattan Distance: 12.0, Mask Weight: 0.893
Epoch 913/20000, Train Loss: 0.4876, Validation Set Manhattan Distance: 12.0, Mask Weight: 0.893
Epoch 914/20000, Train Loss: 0.4757, Validation Set Manhattan Distance: 12.0, Mask Weight: 0.893
Epoch 915/20000, Train Loss: 0.4688, Validation Set Manhattan Distance: 12.0, Mask Weight: 0.893
Epoch 916/20000, Train Loss: 0.4596, Validation Set Manhattan Distance: 12.0, Mask Weight: 0.893
Epoch 917/20000, Train Loss: 0.4546, Validation Set Manhattan Distance: 12.0, Mask Weight: 0.893
Epoch 918/20000, Train Loss: 0.4520, Validation Set Manhattan Distance: 12.0, Mask Weight: 0.893
Epoch 919/20000, Train Loss: 0.4517, Validation Set Manhattan Distance: 12.0, Mask Weight: 0.893
Epoch 920/20000, Train Loss: 0.4502, Validation Set Manhattan Distance: 12.0, Mask Weight: 0.893
Epoch 921/20000, Train Loss: 0.4507, Validation Set Manhattan Distance: 12.0, Mask Weight: 0.893
Epoch 922/20000, Train Loss: 0.4497, Validation Set Manhattan Distance: 12.0, Mask Weight: 0.893
Epoch 923/20000, Train Loss: 0.4476, Validation Set Manhattan Distance: 12.0, Mask Weight: 0.893
Epoch 924/20000, Train Loss: 0.4482, Validation Set Manhattan Distance: 12.0, Mask Weight: 0.893
Epoch 925/20000, Train Loss: 0.4484, Validation Set Manhattan Distance: 12.0, Mask Weight: 0.893
Epoch 926/20000, Train Loss: 0.4455, Validation Set Manhattan Distance: 12.0, Mask Weight: 0.893
Epoch 927/20000, Train Loss: 0.4475, Validation Set Manhattan Distance: 12.0, Mask Weight: 0.893