Using device: cuda
Starting training with gradient-based adaptive weighted mask...
Epoch 1/20000, Train Loss: 63.5517, Validation Set Manhattan Distance: 12.0, Mask Weight: 1.000
  -> New best Validation Set Manhattan Distance: 12.0. Model saved.
Epoch 2/20000, Train Loss: 48.2425, Validation Set Manhattan Distance: 12.0, Mask Weight: 1.000
Epoch 3/20000, Train Loss: 37.3834, Validation Set Manhattan Distance: 12.0, Mask Weight: 1.000
Epoch 4/20000, Train Loss: 30.1905, Validation Set Manhattan Distance: 12.0, Mask Weight: 1.000
Epoch 5/20000, Train Loss: 24.8640, Validation Set Manhattan Distance: 12.0, Mask Weight: 1.000
Epoch 6/20000, Train Loss: 20.6050, Validation Set Manhattan Distance: 12.0, Mask Weight: 1.000
Epoch 7/20000, Train Loss: 17.2041, Validation Set Manhattan Distance: 12.0, Mask Weight: 1.000
Epoch 8/20000, Train Loss: 14.3608, Validation Set Manhattan Distance: 12.0, Mask Weight: 1.000
Epoch 9/20000, Train Loss: 12.0031, Validation Set Manhattan Distance: 12.0, Mask Weight: 1.000
Epoch 10/20000, Train Loss: 10.0298, Validation Set Manhattan Distance: 12.0, Mask Weight: 1.000
Epoch 11/20000, Train Loss: 8.3914, Validation Set Manhattan Distance: 12.0, Mask Weight: 1.000
Epoch 12/20000, Train Loss: 7.0253, Validation Set Manhattan Distance: 12.0, Mask Weight: 1.000
Epoch 13/20000, Train Loss: 5.8883, Validation Set Manhattan Distance: 12.0, Mask Weight: 1.000
Epoch 14/20000, Train Loss: 4.9400, Validation Set Manhattan Distance: 12.0, Mask Weight: 1.000
Epoch 15/20000, Train Loss: 4.1458, Validation Set Manhattan Distance: 12.0, Mask Weight: 1.000
Epoch 16/20000, Train Loss: 3.4813, Validation Set Manhattan Distance: 12.0, Mask Weight: 1.000
Epoch 17/20000, Train Loss: 2.9252, Validation Set Manhattan Distance: 12.0, Mask Weight: 1.000
Epoch 18/20000, Train Loss: 2.4574, Validation Set Manhattan Distance: 12.0, Mask Weight: 1.000
Epoch 19/20000, Train Loss: 2.0648, Validation Set Manhattan Distance: 12.0, Mask Weight: 1.000
Epoch 20/20000, Train Loss: 1.7358, Validation Set Manhattan Distance: 12.0, Mask Weight: 1.000
Epoch 21/20000, Train Loss: 1.4589, Validation Set Manhattan Distance: 12.0, Mask Weight: 1.000
Epoch 22/20000, Train Loss: 1.2253, Validation Set Manhattan Distance: 12.0, Mask Weight: 1.000
Epoch 23/20000, Train Loss: 1.0289, Validation Set Manhattan Distance: 12.0, Mask Weight: 1.000
Epoch 24/20000, Train Loss: 0.8637, Validation Set Manhattan Distance: 12.0, Mask Weight: 1.000
Epoch 25/20000, Train Loss: 0.7253, Validation Set Manhattan Distance: 12.0, Mask Weight: 1.000
Epoch 26/20000, Train Loss: 0.6079, Validation Set Manhattan Distance: 12.0, Mask Weight: 1.000
Epoch 27/20000, Train Loss: 0.5105, Validation Set Manhattan Distance: 12.0, Mask Weight: 1.000
Epoch 28/20000, Train Loss: 0.4278, Validation Set Manhattan Distance: 12.0, Mask Weight: 1.000
Epoch 29/20000, Train Loss: 0.3577, Validation Set Manhattan Distance: 12.0, Mask Weight: 1.000
Epoch 30/20000, Train Loss: 0.2998, Validation Set Manhattan Distance: 12.0, Mask Weight: 1.000
Epoch 31/20000, Train Loss: 0.2497, Validation Set Manhattan Distance: 12.0, Mask Weight: 1.000
Epoch 32/20000, Train Loss: 0.2085, Validation Set Manhattan Distance: 12.0, Mask Weight: 1.000
Epoch 33/20000, Train Loss: 0.1739, Validation Set Manhattan Distance: 12.0, Mask Weight: 1.000
Epoch 34/20000, Train Loss: 0.1447, Validation Set Manhattan Distance: 12.0, Mask Weight: 1.000
Epoch 35/20000, Train Loss: 0.1224, Validation Set Manhattan Distance: 12.0, Mask Weight: 1.000
Epoch 36/20000, Train Loss: 0.1061, Validation Set Manhattan Distance: 12.0, Mask Weight: 1.000
  -> Train loss below 0.1. Mask weight reduction is now enabled.
Epoch 37/20000, Train Loss: 0.0878, Validation Set Manhattan Distance: 12.0, Mask Weight: 1.000
  -> Validation Set Manhattan Distance did not improve for 10 epochs.
  -> Unmasked Loss (Gradient Magnitude): 0.1777, Calculated Decrement: 0.0281
  -> Reducing mask weight to 0.972.
  -> Mask weight reduction is now disabled until train loss is below 0.001 again.
Epoch 38/20000, Train Loss: 0.4065, Validation Set Manhattan Distance: 12.0, Mask Weight: 0.972
Epoch 39/20000, Train Loss: 0.3465, Validation Set Manhattan Distance: 12.0, Mask Weight: 0.972
Epoch 40/20000, Train Loss: 0.3252, Validation Set Manhattan Distance: 12.0, Mask Weight: 0.972
Epoch 41/20000, Train Loss: 0.3164, Validation Set Manhattan Distance: 12.0, Mask Weight: 0.972
Epoch 42/20000, Train Loss: 0.3110, Validation Set Manhattan Distance: 12.0, Mask Weight: 0.972
Epoch 43/20000, Train Loss: 0.3027, Validation Set Manhattan Distance: 12.0, Mask Weight: 0.972
Epoch 44/20000, Train Loss: 0.2966, Validation Set Manhattan Distance: 12.0, Mask Weight: 0.972
Epoch 45/20000, Train Loss: 0.2890, Validation Set Manhattan Distance: 12.0, Mask Weight: 0.972
Epoch 46/20000, Train Loss: 0.2831, Validation Set Manhattan Distance: 12.0, Mask Weight: 0.972
Epoch 47/20000, Train Loss: 0.2795, Validation Set Manhattan Distance: 12.0, Mask Weight: 0.972
Epoch 48/20000, Train Loss: 0.2766, Validation Set Manhattan Distance: 12.0, Mask Weight: 0.972
Epoch 49/20000, Train Loss: 0.2728, Validation Set Manhattan Distance: 12.0, Mask Weight: 0.972
Epoch 50/20000, Train Loss: 0.2716, Validation Set Manhattan Distance: 12.0, Mask Weight: 0.972
Epoch 51/20000, Train Loss: 0.2683, Validation Set Manhattan Distance: 12.0, Mask Weight: 0.972
Epoch 52/20000, Train Loss: 0.2671, Validation Set Manhattan Distance: 12.0, Mask Weight: 0.972
Epoch 53/20000, Train Loss: 0.2652, Validation Set Manhattan Distance: 12.0, Mask Weight: 0.972
Epoch 54/20000, Train Loss: 0.2635, Validation Set Manhattan Distance: 12.0, Mask Weight: 0.972
Epoch 55/20000, Train Loss: 0.2636, Validation Set Manhattan Distance: 12.0, Mask Weight: 0.972
Epoch 56/20000, Train Loss: 0.2623, Validation Set Manhattan Distance: 12.0, Mask Weight: 0.972
Epoch 57/20000, Train Loss: 0.2594, Validation Set Manhattan Distance: 12.0, Mask Weight: 0.972
Epoch 58/20000, Train Loss: 0.2582, Validation Set Manhattan Distance: 12.0, Mask Weight: 0.972
Epoch 59/20000, Train Loss: 0.2559, Validation Set Manhattan Distance: 12.0, Mask Weight: 0.972
Epoch 60/20000, Train Loss: 0.2513, Validation Set Manhattan Distance: 12.0, Mask Weight: 0.972
Epoch 61/20000, Train Loss: 0.2391, Validation Set Manhattan Distance: 12.0, Mask Weight: 0.972
Epoch 62/20000, Train Loss: 0.2243, Validation Set Manhattan Distance: 12.0, Mask Weight: 0.972
Epoch 63/20000, Train Loss: 0.2108, Validation Set Manhattan Distance: 12.0, Mask Weight: 0.972
Epoch 64/20000, Train Loss: 0.1919, Validation Set Manhattan Distance: 12.0, Mask Weight: 0.972
Epoch 65/20000, Train Loss: 0.1770, Validation Set Manhattan Distance: 12.0, Mask Weight: 0.972
Epoch 66/20000, Train Loss: 0.1911, Validation Set Manhattan Distance: 12.0, Mask Weight: 0.972
Epoch 67/20000, Train Loss: 0.1711, Validation Set Manhattan Distance: 12.0, Mask Weight: 0.972
Epoch 68/20000, Train Loss: 0.1623, Validation Set Manhattan Distance: 12.0, Mask Weight: 0.972
Epoch 69/20000, Train Loss: 0.1579, Validation Set Manhattan Distance: 12.0, Mask Weight: 0.972
Epoch 70/20000, Train Loss: 0.1709, Validation Set Manhattan Distance: 12.0, Mask Weight: 0.972
Epoch 71/20000, Train Loss: 0.1547, Validation Set Manhattan Distance: 12.0, Mask Weight: 0.972
Epoch 72/20000, Train Loss: 0.1543, Validation Set Manhattan Distance: 12.0, Mask Weight: 0.972
Epoch 73/20000, Train Loss: 0.1614, Validation Set Manhattan Distance: 12.0, Mask Weight: 0.972
Epoch 74/20000, Train Loss: 0.1615, Validation Set Manhattan Distance: 12.0, Mask Weight: 0.972
Epoch 75/20000, Train Loss: 0.1635, Validation Set Manhattan Distance: 12.0, Mask Weight: 0.972
Epoch 76/20000, Train Loss: 0.1520, Validation Set Manhattan Distance: 12.0, Mask Weight: 0.972
Epoch 77/20000, Train Loss: 0.1488, Validation Set Manhattan Distance: 12.0, Mask Weight: 0.972
Epoch 78/20000, Train Loss: 0.1487, Validation Set Manhattan Distance: 12.0, Mask Weight: 0.972
Epoch 79/20000, Train Loss: 0.1422, Validation Set Manhattan Distance: 12.0, Mask Weight: 0.972
Epoch 80/20000, Train Loss: 0.1431, Validation Set Manhattan Distance: 12.0, Mask Weight: 0.972
Epoch 81/20000, Train Loss: 0.1436, Validation Set Manhattan Distance: 12.0, Mask Weight: 0.972
Epoch 82/20000, Train Loss: 0.1571, Validation Set Manhattan Distance: 12.0, Mask Weight: 0.972
Epoch 83/20000, Train Loss: 0.1460, Validation Set Manhattan Distance: 12.0, Mask Weight: 0.972
Epoch 84/20000, Train Loss: 0.1526, Validation Set Manhattan Distance: 12.0, Mask Weight: 0.972
Epoch 85/20000, Train Loss: 0.1475, Validation Set Manhattan Distance: 12.0, Mask Weight: 0.972
Epoch 86/20000, Train Loss: 0.1666, Validation Set Manhattan Distance: 12.0, Mask Weight: 0.972
Epoch 87/20000, Train Loss: 0.1547, Validation Set Manhattan Distance: 12.0, Mask Weight: 0.972
Epoch 88/20000, Train Loss: 0.1493, Validation Set Manhattan Distance: 12.0, Mask Weight: 0.972
Epoch 89/20000, Train Loss: 0.1578, Validation Set Manhattan Distance: 12.0, Mask Weight: 0.972
Epoch 90/20000, Train Loss: 0.1594, Validation Set Manhattan Distance: 12.0, Mask Weight: 0.972
Epoch 91/20000, Train Loss: 0.1609, Validation Set Manhattan Distance: 12.0, Mask Weight: 0.972
Epoch 92/20000, Train Loss: 0.1504, Validation Set Manhattan Distance: 12.0, Mask Weight: 0.972
Epoch 93/20000, Train Loss: 0.1420, Validation Set Manhattan Distance: 12.0, Mask Weight: 0.972
Epoch 94/20000, Train Loss: 0.1386, Validation Set Manhattan Distance: 12.0, Mask Weight: 0.972
Epoch 95/20000, Train Loss: 0.1355, Validation Set Manhattan Distance: 12.0, Mask Weight: 0.972
Epoch 96/20000, Train Loss: 0.1345, Validation Set Manhattan Distance: 12.0, Mask Weight: 0.972
Epoch 97/20000, Train Loss: 0.1334, Validation Set Manhattan Distance: 12.0, Mask Weight: 0.972
Epoch 98/20000, Train Loss: 0.1342, Validation Set Manhattan Distance: 12.0, Mask Weight: 0.972
Epoch 99/20000, Train Loss: 0.1339, Validation Set Manhattan Distance: 12.0, Mask Weight: 0.972
Epoch 100/20000, Train Loss: 0.1347, Validation Set Manhattan Distance: 12.0, Mask Weight: 0.972
Epoch 101/20000, Train Loss: 0.1320, Validation Set Manhattan Distance: 12.0, Mask Weight: 0.972
Epoch 102/20000, Train Loss: 0.1321, Validation Set Manhattan Distance: 12.0, Mask Weight: 0.972
Epoch 103/20000, Train Loss: 0.1329, Validation Set Manhattan Distance: 12.0, Mask Weight: 0.972
Epoch 104/20000, Train Loss: 0.1467, Validation Set Manhattan Distance: 12.0, Mask Weight: 0.972
Epoch 105/20000, Train Loss: 0.1327, Validation Set Manhattan Distance: 12.0, Mask Weight: 0.972
Epoch 106/20000, Train Loss: 0.1380, Validation Set Manhattan Distance: 12.0, Mask Weight: 0.972
Epoch 107/20000, Train Loss: 0.1670, Validation Set Manhattan Distance: 12.0, Mask Weight: 0.972
Epoch 108/20000, Train Loss: 0.2339, Validation Set Manhattan Distance: 12.0, Mask Weight: 0.972
Epoch 109/20000, Train Loss: 0.1733, Validation Set Manhattan Distance: 12.0, Mask Weight: 0.972
Epoch 110/20000, Train Loss: 0.1542, Validation Set Manhattan Distance: 12.0, Mask Weight: 0.972
Epoch 111/20000, Train Loss: 0.1522, Validation Set Manhattan Distance: 12.0, Mask Weight: 0.972
Epoch 112/20000, Train Loss: 0.1443, Validation Set Manhattan Distance: 12.0, Mask Weight: 0.972
Epoch 113/20000, Train Loss: 0.1431, Validation Set Manhattan Distance: 12.0, Mask Weight: 0.972
Epoch 114/20000, Train Loss: 0.1363, Validation Set Manhattan Distance: 12.0, Mask Weight: 0.972
Epoch 115/20000, Train Loss: 0.1337, Validation Set Manhattan Distance: 12.0, Mask Weight: 0.972
Epoch 116/20000, Train Loss: 0.1325, Validation Set Manhattan Distance: 12.0, Mask Weight: 0.972
Epoch 117/20000, Train Loss: 0.1311, Validation Set Manhattan Distance: 12.0, Mask Weight: 0.972
Epoch 118/20000, Train Loss: 0.1314, Validation Set Manhattan Distance: 12.0, Mask Weight: 0.972
Epoch 119/20000, Train Loss: 0.1308, Validation Set Manhattan Distance: 12.0, Mask Weight: 0.972
Epoch 120/20000, Train Loss: 0.1304, Validation Set Manhattan Distance: 12.0, Mask Weight: 0.972
Epoch 121/20000, Train Loss: 0.1311, Validation Set Manhattan Distance: 12.0, Mask Weight: 0.972
Epoch 122/20000, Train Loss: 0.1299, Validation Set Manhattan Distance: 12.0, Mask Weight: 0.972
Epoch 123/20000, Train Loss: 0.1303, Validation Set Manhattan Distance: 12.0, Mask Weight: 0.972
Epoch 124/20000, Train Loss: 0.1296, Validation Set Manhattan Distance: 12.0, Mask Weight: 0.972
Epoch 125/20000, Train Loss: 0.1304, Validation Set Manhattan Distance: 12.0, Mask Weight: 0.972
Epoch 126/20000, Train Loss: 0.1309, Validation Set Manhattan Distance: 12.0, Mask Weight: 0.972
Epoch 127/20000, Train Loss: 0.1292, Validation Set Manhattan Distance: 12.0, Mask Weight: 0.972
Epoch 128/20000, Train Loss: 0.1288, Validation Set Manhattan Distance: 12.0, Mask Weight: 0.972
Epoch 129/20000, Train Loss: 0.1284, Validation Set Manhattan Distance: 12.0, Mask Weight: 0.972
Epoch 130/20000, Train Loss: 0.1288, Validation Set Manhattan Distance: 12.0, Mask Weight: 0.972
Epoch 131/20000, Train Loss: 0.1288, Validation Set Manhattan Distance: 12.0, Mask Weight: 0.972
Epoch 132/20000, Train Loss: 0.1285, Validation Set Manhattan Distance: 12.0, Mask Weight: 0.972
Epoch 133/20000, Train Loss: 0.1286, Validation Set Manhattan Distance: 12.0, Mask Weight: 0.972
Epoch 134/20000, Train Loss: 0.1302, Validation Set Manhattan Distance: 12.0, Mask Weight: 0.972
Epoch 135/20000, Train Loss: 0.1300, Validation Set Manhattan Distance: 12.0, Mask Weight: 0.972
Epoch 136/20000, Train Loss: 0.1289, Validation Set Manhattan Distance: 12.0, Mask Weight: 0.972
Epoch 137/20000, Train Loss: 0.1286, Validation Set Manhattan Distance: 12.0, Mask Weight: 0.972
Epoch 138/20000, Train Loss: 0.1281, Validation Set Manhattan Distance: 12.0, Mask Weight: 0.972
Epoch 139/20000, Train Loss: 0.1275, Validation Set Manhattan Distance: 12.0, Mask Weight: 0.972
Epoch 140/20000, Train Loss: 0.1273, Validation Set Manhattan Distance: 12.0, Mask Weight: 0.972
Epoch 141/20000, Train Loss: 0.1276, Validation Set Manhattan Distance: 12.0, Mask Weight: 0.972
Epoch 142/20000, Train Loss: 0.1283, Validation Set Manhattan Distance: 12.0, Mask Weight: 0.972
Epoch 143/20000, Train Loss: 0.1293, Validation Set Manhattan Distance: 12.0, Mask Weight: 0.972
Epoch 144/20000, Train Loss: 0.1279, Validation Set Manhattan Distance: 12.0, Mask Weight: 0.972
Epoch 145/20000, Train Loss: 0.1276, Validation Set Manhattan Distance: 12.0, Mask Weight: 0.972
Epoch 146/20000, Train Loss: 0.1276, Validation Set Manhattan Distance: 12.0, Mask Weight: 0.972
Epoch 147/20000, Train Loss: 0.1277, Validation Set Manhattan Distance: 12.0, Mask Weight: 0.972
Epoch 148/20000, Train Loss: 0.1278, Validation Set Manhattan Distance: 12.0, Mask Weight: 0.972
Epoch 149/20000, Train Loss: 0.1300, Validation Set Manhattan Distance: 12.0, Mask Weight: 0.972
Epoch 150/20000, Train Loss: 0.1272, Validation Set Manhattan Distance: 12.0, Mask Weight: 0.972
Epoch 151/20000, Train Loss: 0.1271, Validation Set Manhattan Distance: 12.0, Mask Weight: 0.972
Epoch 152/20000, Train Loss: 0.1262, Validation Set Manhattan Distance: 12.0, Mask Weight: 0.972
Epoch 153/20000, Train Loss: 0.1277, Validation Set Manhattan Distance: 12.0, Mask Weight: 0.972
Epoch 154/20000, Train Loss: 0.1272, Validation Set Manhattan Distance: 12.0, Mask Weight: 0.972
Epoch 155/20000, Train Loss: 0.1274, Validation Set Manhattan Distance: 12.0, Mask Weight: 0.972
Epoch 156/20000, Train Loss: 0.1284, Validation Set Manhattan Distance: 12.0, Mask Weight: 0.972
Epoch 157/20000, Train Loss: 0.1271, Validation Set Manhattan Distance: 12.0, Mask Weight: 0.972
Epoch 158/20000, Train Loss: 0.1280, Validation Set Manhattan Distance: 12.0, Mask Weight: 0.972
Epoch 159/20000, Train Loss: 0.1269, Validation Set Manhattan Distance: 12.0, Mask Weight: 0.972
Epoch 160/20000, Train Loss: 0.1270, Validation Set Manhattan Distance: 12.0, Mask Weight: 0.972
Epoch 161/20000, Train Loss: 0.1275, Validation Set Manhattan Distance: 12.0, Mask Weight: 0.972
Epoch 162/20000, Train Loss: 0.1267, Validation Set Manhattan Distance: 12.0, Mask Weight: 0.972
Epoch 163/20000, Train Loss: 0.1276, Validation Set Manhattan Distance: 12.0, Mask Weight: 0.972
Epoch 164/20000, Train Loss: 0.1265, Validation Set Manhattan Distance: 12.0, Mask Weight: 0.972
Epoch 165/20000, Train Loss: 0.1263, Validation Set Manhattan Distance: 12.0, Mask Weight: 0.972
Epoch 166/20000, Train Loss: 0.1273, Validation Set Manhattan Distance: 12.0, Mask Weight: 0.972
Epoch 167/20000, Train Loss: 0.1307, Validation Set Manhattan Distance: 12.0, Mask Weight: 0.972
Epoch 168/20000, Train Loss: 0.1276, Validation Set Manhattan Distance: 12.0, Mask Weight: 0.972
Epoch 169/20000, Train Loss: 0.1276, Validation Set Manhattan Distance: 12.0, Mask Weight: 0.972
Epoch 170/20000, Train Loss: 0.1271, Validation Set Manhattan Distance: 12.0, Mask Weight: 0.972
Epoch 171/20000, Train Loss: 0.1264, Validation Set Manhattan Distance: 12.0, Mask Weight: 0.972
Epoch 172/20000, Train Loss: 0.1263, Validation Set Manhattan Distance: 12.0, Mask Weight: 0.972
Epoch 173/20000, Train Loss: 0.1267, Validation Set Manhattan Distance: 12.0, Mask Weight: 0.972
Epoch 174/20000, Train Loss: 0.1267, Validation Set Manhattan Distance: 12.0, Mask Weight: 0.972
Epoch 175/20000, Train Loss: 0.1261, Validation Set Manhattan Distance: 12.0, Mask Weight: 0.972
Epoch 176/20000, Train Loss: 0.1255, Validation Set Manhattan Distance: 12.0, Mask Weight: 0.972
Epoch 177/20000, Train Loss: 0.1268, Validation Set Manhattan Distance: 12.0, Mask Weight: 0.972
Epoch 178/20000, Train Loss: 0.1289, Validation Set Manhattan Distance: 12.0, Mask Weight: 0.972
Epoch 179/20000, Train Loss: 0.1263, Validation Set Manhattan Distance: 12.0, Mask Weight: 0.972
Epoch 180/20000, Train Loss: 0.1260, Validation Set Manhattan Distance: 12.0, Mask Weight: 0.972
Epoch 181/20000, Train Loss: 0.1263, Validation Set Manhattan Distance: 12.0, Mask Weight: 0.972
Epoch 182/20000, Train Loss: 0.1254, Validation Set Manhattan Distance: 12.0, Mask Weight: 0.972
Epoch 183/20000, Train Loss: 0.1263, Validation Set Manhattan Distance: 12.0, Mask Weight: 0.972
Epoch 184/20000, Train Loss: 0.1280, Validation Set Manhattan Distance: 12.0, Mask Weight: 0.972
Epoch 185/20000, Train Loss: 0.1320, Validation Set Manhattan Distance: 12.0, Mask Weight: 0.972
Epoch 186/20000, Train Loss: 0.1349, Validation Set Manhattan Distance: 12.0, Mask Weight: 0.972
Epoch 187/20000, Train Loss: 0.1270, Validation Set Manhattan Distance: 12.0, Mask Weight: 0.972
Epoch 188/20000, Train Loss: 0.1286, Validation Set Manhattan Distance: 12.0, Mask Weight: 0.972
Epoch 189/20000, Train Loss: 0.1269, Validation Set Manhattan Distance: 12.0, Mask Weight: 0.972
Epoch 190/20000, Train Loss: 0.1267, Validation Set Manhattan Distance: 12.0, Mask Weight: 0.972
Epoch 191/20000, Train Loss: 0.1262, Validation Set Manhattan Distance: 12.0, Mask Weight: 0.972
Epoch 192/20000, Train Loss: 0.1260, Validation Set Manhattan Distance: 12.0, Mask Weight: 0.972
Epoch 193/20000, Train Loss: 0.1261, Validation Set Manhattan Distance: 12.0, Mask Weight: 0.972
Epoch 194/20000, Train Loss: 0.1259, Validation Set Manhattan Distance: 12.0, Mask Weight: 0.972
Epoch 195/20000, Train Loss: 0.1257, Validation Set Manhattan Distance: 12.0, Mask Weight: 0.972
Epoch 196/20000, Train Loss: 0.1256, Validation Set Manhattan Distance: 12.0, Mask Weight: 0.972
Epoch 197/20000, Train Loss: 0.1256, Validation Set Manhattan Distance: 12.0, Mask Weight: 0.972
Epoch 198/20000, Train Loss: 0.1254, Validation Set Manhattan Distance: 12.0, Mask Weight: 0.972
Epoch 199/20000, Train Loss: 0.1248, Validation Set Manhattan Distance: 12.0, Mask Weight: 0.972
Epoch 200/20000, Train Loss: 0.1244, Validation Set Manhattan Distance: 12.0, Mask Weight: 0.972
Epoch 201/20000, Train Loss: 0.1252, Validation Set Manhattan Distance: 12.0, Mask Weight: 0.972
Epoch 202/20000, Train Loss: 0.1253, Validation Set Manhattan Distance: 12.0, Mask Weight: 0.972
Epoch 203/20000, Train Loss: 0.1245, Validation Set Manhattan Distance: 12.0, Mask Weight: 0.972
Epoch 204/20000, Train Loss: 0.1252, Validation Set Manhattan Distance: 12.0, Mask Weight: 0.972
Epoch 205/20000, Train Loss: 0.1243, Validation Set Manhattan Distance: 12.0, Mask Weight: 0.972
Epoch 206/20000, Train Loss: 0.1247, Validation Set Manhattan Distance: 12.0, Mask Weight: 0.972
Epoch 207/20000, Train Loss: 0.1241, Validation Set Manhattan Distance: 12.0, Mask Weight: 0.972
Epoch 208/20000, Train Loss: 0.1250, Validation Set Manhattan Distance: 12.0, Mask Weight: 0.972
Epoch 209/20000, Train Loss: 0.1252, Validation Set Manhattan Distance: 12.0, Mask Weight: 0.972
Epoch 210/20000, Train Loss: 0.1239, Validation Set Manhattan Distance: 12.0, Mask Weight: 0.972
Epoch 211/20000, Train Loss: 0.1253, Validation Set Manhattan Distance: 12.0, Mask Weight: 0.972
Epoch 212/20000, Train Loss: 0.1251, Validation Set Manhattan Distance: 12.0, Mask Weight: 0.972
Epoch 213/20000, Train Loss: 0.1258, Validation Set Manhattan Distance: 12.0, Mask Weight: 0.972
Epoch 214/20000, Train Loss: 0.1268, Validation Set Manhattan Distance: 12.0, Mask Weight: 0.972
Epoch 215/20000, Train Loss: 0.1251, Validation Set Manhattan Distance: 12.0, Mask Weight: 0.972
Epoch 216/20000, Train Loss: 0.1235, Validation Set Manhattan Distance: 12.0, Mask Weight: 0.972
Epoch 217/20000, Train Loss: 0.1245, Validation Set Manhattan Distance: 12.0, Mask Weight: 0.972
Epoch 218/20000, Train Loss: 0.1243, Validation Set Manhattan Distance: 12.0, Mask Weight: 0.972
Epoch 219/20000, Train Loss: 0.1237, Validation Set Manhattan Distance: 12.0, Mask Weight: 0.972
Epoch 220/20000, Train Loss: 0.1235, Validation Set Manhattan Distance: 12.0, Mask Weight: 0.972
Epoch 221/20000, Train Loss: 0.1242, Validation Set Manhattan Distance: 12.0, Mask Weight: 0.972
Epoch 222/20000, Train Loss: 0.1269, Validation Set Manhattan Distance: 12.0, Mask Weight: 0.972
Epoch 223/20000, Train Loss: 0.1246, Validation Set Manhattan Distance: 12.0, Mask Weight: 0.972
Epoch 224/20000, Train Loss: 0.1279, Validation Set Manhattan Distance: 12.0, Mask Weight: 0.972
Epoch 225/20000, Train Loss: 0.1249, Validation Set Manhattan Distance: 12.0, Mask Weight: 0.972
Epoch 226/20000, Train Loss: 0.1245, Validation Set Manhattan Distance: 12.0, Mask Weight: 0.972
Epoch 227/20000, Train Loss: 0.1238, Validation Set Manhattan Distance: 12.0, Mask Weight: 0.972
Epoch 228/20000, Train Loss: 0.1255, Validation Set Manhattan Distance: 12.0, Mask Weight: 0.972
Epoch 229/20000, Train Loss: 0.1253, Validation Set Manhattan Distance: 12.0, Mask Weight: 0.972
Epoch 230/20000, Train Loss: 0.1241, Validation Set Manhattan Distance: 12.0, Mask Weight: 0.972
Epoch 231/20000, Train Loss: 0.1243, Validation Set Manhattan Distance: 12.0, Mask Weight: 0.972
Epoch 232/20000, Train Loss: 0.1235, Validation Set Manhattan Distance: 12.0, Mask Weight: 0.972
Epoch 233/20000, Train Loss: 0.1235, Validation Set Manhattan Distance: 12.0, Mask Weight: 0.972
Epoch 234/20000, Train Loss: 0.1230, Validation Set Manhattan Distance: 12.0, Mask Weight: 0.972
Epoch 235/20000, Train Loss: 0.1232, Validation Set Manhattan Distance: 12.0, Mask Weight: 0.972
Epoch 236/20000, Train Loss: 0.1239, Validation Set Manhattan Distance: 12.0, Mask Weight: 0.972
Epoch 237/20000, Train Loss: 0.1233, Validation Set Manhattan Distance: 12.0, Mask Weight: 0.972
Epoch 238/20000, Train Loss: 0.1241, Validation Set Manhattan Distance: 12.0, Mask Weight: 0.972
Epoch 239/20000, Train Loss: 0.1237, Validation Set Manhattan Distance: 12.0, Mask Weight: 0.972
Epoch 240/20000, Train Loss: 0.1239, Validation Set Manhattan Distance: 12.0, Mask Weight: 0.972
Epoch 241/20000, Train Loss: 0.1232, Validation Set Manhattan Distance: 12.0, Mask Weight: 0.972
Epoch 242/20000, Train Loss: 0.1238, Validation Set Manhattan Distance: 12.0, Mask Weight: 0.972
Epoch 243/20000, Train Loss: 0.1235, Validation Set Manhattan Distance: 12.0, Mask Weight: 0.972
Epoch 244/20000, Train Loss: 0.1240, Validation Set Manhattan Distance: 12.0, Mask Weight: 0.972
Epoch 245/20000, Train Loss: 0.1245, Validation Set Manhattan Distance: 12.0, Mask Weight: 0.972
Epoch 246/20000, Train Loss: 0.1245, Validation Set Manhattan Distance: 12.0, Mask Weight: 0.972
Epoch 247/20000, Train Loss: 0.1248, Validation Set Manhattan Distance: 12.0, Mask Weight: 0.972
Epoch 248/20000, Train Loss: 0.1244, Validation Set Manhattan Distance: 12.0, Mask Weight: 0.972
Epoch 249/20000, Train Loss: 0.1233, Validation Set Manhattan Distance: 12.0, Mask Weight: 0.972
Epoch 250/20000, Train Loss: 0.1228, Validation Set Manhattan Distance: 12.0, Mask Weight: 0.972
Epoch 251/20000, Train Loss: 0.1232, Validation Set Manhattan Distance: 12.0, Mask Weight: 0.972
Epoch 252/20000, Train Loss: 0.1239, Validation Set Manhattan Distance: 12.0, Mask Weight: 0.972
Epoch 253/20000, Train Loss: 0.1238, Validation Set Manhattan Distance: 12.0, Mask Weight: 0.972
Epoch 254/20000, Train Loss: 0.1225, Validation Set Manhattan Distance: 12.0, Mask Weight: 0.972
Epoch 255/20000, Train Loss: 0.1239, Validation Set Manhattan Distance: 12.0, Mask Weight: 0.972
Epoch 256/20000, Train Loss: 0.1234, Validation Set Manhattan Distance: 12.0, Mask Weight: 0.972
Epoch 257/20000, Train Loss: 0.1245, Validation Set Manhattan Distance: 12.0, Mask Weight: 0.972
Epoch 258/20000, Train Loss: 0.1222, Validation Set Manhattan Distance: 12.0, Mask Weight: 0.972
Epoch 259/20000, Train Loss: 0.1231, Validation Set Manhattan Distance: 12.0, Mask Weight: 0.972
Epoch 260/20000, Train Loss: 0.1223, Validation Set Manhattan Distance: 12.0, Mask Weight: 0.972
Epoch 261/20000, Train Loss: 0.1241, Validation Set Manhattan Distance: 12.0, Mask Weight: 0.972
Epoch 262/20000, Train Loss: 0.1230, Validation Set Manhattan Distance: 12.0, Mask Weight: 0.972
Epoch 263/20000, Train Loss: 0.1224, Validation Set Manhattan Distance: 12.0, Mask Weight: 0.972
Epoch 264/20000, Train Loss: 0.1216, Validation Set Manhattan Distance: 12.0, Mask Weight: 0.972
Epoch 265/20000, Train Loss: 0.1226, Validation Set Manhattan Distance: 12.0, Mask Weight: 0.972
Epoch 266/20000, Train Loss: 0.1227, Validation Set Manhattan Distance: 12.0, Mask Weight: 0.972
Epoch 267/20000, Train Loss: 0.1225, Validation Set Manhattan Distance: 12.0, Mask Weight: 0.972
Epoch 268/20000, Train Loss: 0.1220, Validation Set Manhattan Distance: 12.0, Mask Weight: 0.972
Epoch 269/20000, Train Loss: 0.1226, Validation Set Manhattan Distance: 12.0, Mask Weight: 0.972
Epoch 270/20000, Train Loss: 0.1219, Validation Set Manhattan Distance: 12.0, Mask Weight: 0.972
Epoch 271/20000, Train Loss: 0.1221, Validation Set Manhattan Distance: 12.0, Mask Weight: 0.972
Epoch 272/20000, Train Loss: 0.1213, Validation Set Manhattan Distance: 12.0, Mask Weight: 0.972
Epoch 273/20000, Train Loss: 0.1224, Validation Set Manhattan Distance: 12.0, Mask Weight: 0.972
Epoch 274/20000, Train Loss: 0.1220, Validation Set Manhattan Distance: 12.0, Mask Weight: 0.972
Epoch 275/20000, Train Loss: 0.1228, Validation Set Manhattan Distance: 12.0, Mask Weight: 0.972
Epoch 276/20000, Train Loss: 0.1233, Validation Set Manhattan Distance: 12.0, Mask Weight: 0.972
Epoch 277/20000, Train Loss: 0.1230, Validation Set Manhattan Distance: 12.0, Mask Weight: 0.972
Epoch 278/20000, Train Loss: 0.1220, Validation Set Manhattan Distance: 12.0, Mask Weight: 0.972
Epoch 279/20000, Train Loss: 0.1222, Validation Set Manhattan Distance: 12.0, Mask Weight: 0.972
Epoch 280/20000, Train Loss: 0.1226, Validation Set Manhattan Distance: 12.0, Mask Weight: 0.972
Epoch 281/20000, Train Loss: 0.1227, Validation Set Manhattan Distance: 12.0, Mask Weight: 0.972
Epoch 282/20000, Train Loss: 0.1226, Validation Set Manhattan Distance: 12.0, Mask Weight: 0.972
Epoch 283/20000, Train Loss: 0.1219, Validation Set Manhattan Distance: 12.0, Mask Weight: 0.972
Epoch 284/20000, Train Loss: 0.1224, Validation Set Manhattan Distance: 12.0, Mask Weight: 0.972
Epoch 285/20000, Train Loss: 0.1230, Validation Set Manhattan Distance: 12.0, Mask Weight: 0.972
Epoch 286/20000, Train Loss: 0.1223, Validation Set Manhattan Distance: 12.0, Mask Weight: 0.972
Epoch 287/20000, Train Loss: 0.1214, Validation Set Manhattan Distance: 12.0, Mask Weight: 0.972
Epoch 288/20000, Train Loss: 0.1220, Validation Set Manhattan Distance: 12.0, Mask Weight: 0.972
Epoch 289/20000, Train Loss: 0.1216, Validation Set Manhattan Distance: 12.0, Mask Weight: 0.972
Epoch 290/20000, Train Loss: 0.1223, Validation Set Manhattan Distance: 12.0, Mask Weight: 0.972
Epoch 291/20000, Train Loss: 0.1216, Validation Set Manhattan Distance: 12.0, Mask Weight: 0.972
Epoch 292/20000, Train Loss: 0.1219, Validation Set Manhattan Distance: 12.0, Mask Weight: 0.972
Epoch 293/20000, Train Loss: 0.1210, Validation Set Manhattan Distance: 12.0, Mask Weight: 0.972
Epoch 294/20000, Train Loss: 0.1213, Validation Set Manhattan Distance: 12.0, Mask Weight: 0.972
Epoch 295/20000, Train Loss: 0.1216, Validation Set Manhattan Distance: 12.0, Mask Weight: 0.972
Epoch 296/20000, Train Loss: 0.1213, Validation Set Manhattan Distance: 12.0, Mask Weight: 0.972
Epoch 297/20000, Train Loss: 0.1210, Validation Set Manhattan Distance: 12.0, Mask Weight: 0.972
Epoch 298/20000, Train Loss: 0.1215, Validation Set Manhattan Distance: 12.0, Mask Weight: 0.972
Epoch 299/20000, Train Loss: 0.1213, Validation Set Manhattan Distance: 12.0, Mask Weight: 0.972
Epoch 300/20000, Train Loss: 0.1211, Validation Set Manhattan Distance: 12.0, Mask Weight: 0.972
Epoch 301/20000, Train Loss: 0.1211, Validation Set Manhattan Distance: 12.0, Mask Weight: 0.972
Epoch 302/20000, Train Loss: 0.1210, Validation Set Manhattan Distance: 12.0, Mask Weight: 0.972
Epoch 303/20000, Train Loss: 0.1212, Validation Set Manhattan Distance: 12.0, Mask Weight: 0.972
Epoch 304/20000, Train Loss: 0.1210, Validation Set Manhattan Distance: 12.0, Mask Weight: 0.972
Epoch 305/20000, Train Loss: 0.1210, Validation Set Manhattan Distance: 12.0, Mask Weight: 0.972
Epoch 306/20000, Train Loss: 0.1231, Validation Set Manhattan Distance: 12.0, Mask Weight: 0.972
Epoch 307/20000, Train Loss: 0.1223, Validation Set Manhattan Distance: 12.0, Mask Weight: 0.972
Epoch 308/20000, Train Loss: 0.1230, Validation Set Manhattan Distance: 12.0, Mask Weight: 0.972
Epoch 309/20000, Train Loss: 0.1214, Validation Set Manhattan Distance: 12.0, Mask Weight: 0.972
Epoch 310/20000, Train Loss: 0.1209, Validation Set Manhattan Distance: 12.0, Mask Weight: 0.972
Epoch 311/20000, Train Loss: 0.1217, Validation Set Manhattan Distance: 12.0, Mask Weight: 0.972
Epoch 312/20000, Train Loss: 0.1216, Validation Set Manhattan Distance: 12.0, Mask Weight: 0.972
Epoch 313/20000, Train Loss: 0.1215, Validation Set Manhattan Distance: 12.0, Mask Weight: 0.972
Epoch 314/20000, Train Loss: 0.1220, Validation Set Manhattan Distance: 12.0, Mask Weight: 0.972
Epoch 315/20000, Train Loss: 0.1217, Validation Set Manhattan Distance: 12.0, Mask Weight: 0.972
Epoch 316/20000, Train Loss: 0.1216, Validation Set Manhattan Distance: 12.0, Mask Weight: 0.972
Epoch 317/20000, Train Loss: 0.1220, Validation Set Manhattan Distance: 12.0, Mask Weight: 0.972
Epoch 318/20000, Train Loss: 0.1219, Validation Set Manhattan Distance: 12.0, Mask Weight: 0.972
Epoch 319/20000, Train Loss: 0.1221, Validation Set Manhattan Distance: 12.0, Mask Weight: 0.972
Epoch 320/20000, Train Loss: 0.1219, Validation Set Manhattan Distance: 12.0, Mask Weight: 0.972
Epoch 321/20000, Train Loss: 0.1220, Validation Set Manhattan Distance: 12.0, Mask Weight: 0.972
Epoch 322/20000, Train Loss: 0.1223, Validation Set Manhattan Distance: 12.0, Mask Weight: 0.972
Epoch 323/20000, Train Loss: 0.1222, Validation Set Manhattan Distance: 12.0, Mask Weight: 0.972
Epoch 324/20000, Train Loss: 0.1226, Validation Set Manhattan Distance: 12.0, Mask Weight: 0.972
Epoch 325/20000, Train Loss: 0.1223, Validation Set Manhattan Distance: 12.0, Mask Weight: 0.972
Epoch 326/20000, Train Loss: 0.1220, Validation Set Manhattan Distance: 12.0, Mask Weight: 0.972
Epoch 327/20000, Train Loss: 0.1216, Validation Set Manhattan Distance: 12.0, Mask Weight: 0.972
Epoch 328/20000, Train Loss: 0.1219, Validation Set Manhattan Distance: 12.0, Mask Weight: 0.972
Epoch 329/20000, Train Loss: 0.1806, Validation Set Manhattan Distance: 12.0, Mask Weight: 0.972
Epoch 330/20000, Train Loss: 0.4113, Validation Set Manhattan Distance: 12.0, Mask Weight: 0.972
Epoch 331/20000, Train Loss: 0.3563, Validation Set Manhattan Distance: 12.0, Mask Weight: 0.972
Epoch 332/20000, Train Loss: 0.3266, Validation Set Manhattan Distance: 12.0, Mask Weight: 0.972
Epoch 333/20000, Train Loss: 0.2831, Validation Set Manhattan Distance: 12.0, Mask Weight: 0.972
Epoch 334/20000, Train Loss: 0.2693, Validation Set Manhattan Distance: 12.0, Mask Weight: 0.972
Epoch 335/20000, Train Loss: 0.2708, Validation Set Manhattan Distance: 12.0, Mask Weight: 0.972
Epoch 336/20000, Train Loss: 0.2678, Validation Set Manhattan Distance: 12.0, Mask Weight: 0.972
Epoch 337/20000, Train Loss: 0.2656, Validation Set Manhattan Distance: 12.0, Mask Weight: 0.972
Epoch 338/20000, Train Loss: 0.2649, Validation Set Manhattan Distance: 12.0, Mask Weight: 0.972
Epoch 339/20000, Train Loss: 0.2634, Validation Set Manhattan Distance: 12.0, Mask Weight: 0.972
Epoch 340/20000, Train Loss: 0.2618, Validation Set Manhattan Distance: 12.0, Mask Weight: 0.972
Epoch 341/20000, Train Loss: 0.2604, Validation Set Manhattan Distance: 12.0, Mask Weight: 0.972
Epoch 342/20000, Train Loss: 0.2592, Validation Set Manhattan Distance: 12.0, Mask Weight: 0.972
Epoch 343/20000, Train Loss: 0.2576, Validation Set Manhattan Distance: 12.0, Mask Weight: 0.972
Epoch 344/20000, Train Loss: 0.2564, Validation Set Manhattan Distance: 12.0, Mask Weight: 0.972
Epoch 345/20000, Train Loss: 0.2553, Validation Set Manhattan Distance: 12.0, Mask Weight: 0.972
Epoch 346/20000, Train Loss: 0.2538, Validation Set Manhattan Distance: 12.0, Mask Weight: 0.972
Epoch 347/20000, Train Loss: 0.2524, Validation Set Manhattan Distance: 12.0, Mask Weight: 0.972
Epoch 348/20000, Train Loss: 0.2524, Validation Set Manhattan Distance: 12.0, Mask Weight: 0.972
Epoch 349/20000, Train Loss: 0.2517, Validation Set Manhattan Distance: 12.0, Mask Weight: 0.972
Epoch 350/20000, Train Loss: 0.2630, Validation Set Manhattan Distance: 12.0, Mask Weight: 0.972
Epoch 351/20000, Train Loss: 0.2539, Validation Set Manhattan Distance: 12.0, Mask Weight: 0.972
Epoch 352/20000, Train Loss: 0.2521, Validation Set Manhattan Distance: 12.0, Mask Weight: 0.972
Epoch 353/20000, Train Loss: 0.2494, Validation Set Manhattan Distance: 12.0, Mask Weight: 0.972
Epoch 354/20000, Train Loss: 0.2482, Validation Set Manhattan Distance: 12.0, Mask Weight: 0.972
Epoch 355/20000, Train Loss: 0.2460, Validation Set Manhattan Distance: 12.0, Mask Weight: 0.972
Epoch 356/20000, Train Loss: 0.2427, Validation Set Manhattan Distance: 12.0, Mask Weight: 0.972
Epoch 357/20000, Train Loss: 0.2410, Validation Set Manhattan Distance: 12.0, Mask Weight: 0.972
Epoch 358/20000, Train Loss: 0.2378, Validation Set Manhattan Distance: 12.0, Mask Weight: 0.972
Epoch 359/20000, Train Loss: 0.2361, Validation Set Manhattan Distance: 12.0, Mask Weight: 0.972
Epoch 360/20000, Train Loss: 0.2287, Validation Set Manhattan Distance: 12.0, Mask Weight: 0.972
Epoch 361/20000, Train Loss: 0.2239, Validation Set Manhattan Distance: 12.0, Mask Weight: 0.972
Epoch 362/20000, Train Loss: 0.2200, Validation Set Manhattan Distance: 12.0, Mask Weight: 0.972
Epoch 363/20000, Train Loss: 0.2082, Validation Set Manhattan Distance: 12.0, Mask Weight: 0.972
Epoch 364/20000, Train Loss: 0.2035, Validation Set Manhattan Distance: 12.0, Mask Weight: 0.972
Epoch 365/20000, Train Loss: 0.2001, Validation Set Manhattan Distance: 12.0, Mask Weight: 0.972
Epoch 366/20000, Train Loss: 0.1988, Validation Set Manhattan Distance: 12.0, Mask Weight: 0.972
Epoch 367/20000, Train Loss: 0.1825, Validation Set Manhattan Distance: 12.0, Mask Weight: 0.972
Epoch 368/20000, Train Loss: 0.1755, Validation Set Manhattan Distance: 12.0, Mask Weight: 0.972
Epoch 369/20000, Train Loss: 0.1709, Validation Set Manhattan Distance: 12.0, Mask Weight: 0.972
Epoch 370/20000, Train Loss: 0.1779, Validation Set Manhattan Distance: 12.0, Mask Weight: 0.972
Epoch 371/20000, Train Loss: 0.1548, Validation Set Manhattan Distance: 12.0, Mask Weight: 0.972
Epoch 372/20000, Train Loss: 0.1594, Validation Set Manhattan Distance: 12.0, Mask Weight: 0.972
Epoch 373/20000, Train Loss: 0.1500, Validation Set Manhattan Distance: 12.0, Mask Weight: 0.972
Epoch 374/20000, Train Loss: 0.1506, Validation Set Manhattan Distance: 12.0, Mask Weight: 0.972
Epoch 375/20000, Train Loss: 0.2121, Validation Set Manhattan Distance: 12.0, Mask Weight: 0.972
Epoch 376/20000, Train Loss: 0.2007, Validation Set Manhattan Distance: 12.0, Mask Weight: 0.972
Epoch 377/20000, Train Loss: 0.1762, Validation Set Manhattan Distance: 12.0, Mask Weight: 0.972
Epoch 378/20000, Train Loss: 0.1647, Validation Set Manhattan Distance: 12.0, Mask Weight: 0.972
Epoch 379/20000, Train Loss: 0.1562, Validation Set Manhattan Distance: 12.0, Mask Weight: 0.972
Epoch 380/20000, Train Loss: 0.1488, Validation Set Manhattan Distance: 12.0, Mask Weight: 0.972
Epoch 381/20000, Train Loss: 0.1454, Validation Set Manhattan Distance: 12.0, Mask Weight: 0.972
Epoch 382/20000, Train Loss: 0.1469, Validation Set Manhattan Distance: 12.0, Mask Weight: 0.972
Epoch 383/20000, Train Loss: 0.1344, Validation Set Manhattan Distance: 12.0, Mask Weight: 0.972
Epoch 384/20000, Train Loss: 0.1350, Validation Set Manhattan Distance: 12.0, Mask Weight: 0.972
Epoch 385/20000, Train Loss: 0.1431, Validation Set Manhattan Distance: 12.0, Mask Weight: 0.972
Epoch 386/20000, Train Loss: 0.1784, Validation Set Manhattan Distance: 12.0, Mask Weight: 0.972
Epoch 387/20000, Train Loss: 0.1693, Validation Set Manhattan Distance: 12.0, Mask Weight: 0.972
Epoch 388/20000, Train Loss: 0.1610, Validation Set Manhattan Distance: 12.0, Mask Weight: 0.972
Epoch 389/20000, Train Loss: 0.1462, Validation Set Manhattan Distance: 12.0, Mask Weight: 0.972
Epoch 390/20000, Train Loss: 0.1492, Validation Set Manhattan Distance: 12.0, Mask Weight: 0.972
Epoch 391/20000, Train Loss: 0.1544, Validation Set Manhattan Distance: 12.0, Mask Weight: 0.972
Epoch 392/20000, Train Loss: 0.1483, Validation Set Manhattan Distance: 12.0, Mask Weight: 0.972
Epoch 393/20000, Train Loss: 0.1387, Validation Set Manhattan Distance: 12.0, Mask Weight: 0.972
Epoch 394/20000, Train Loss: 0.1324, Validation Set Manhattan Distance: 12.0, Mask Weight: 0.972
Epoch 395/20000, Train Loss: 0.1307, Validation Set Manhattan Distance: 12.0, Mask Weight: 0.972
Epoch 396/20000, Train Loss: 0.1291, Validation Set Manhattan Distance: 12.0, Mask Weight: 0.972
Epoch 397/20000, Train Loss: 0.1270, Validation Set Manhattan Distance: 12.0, Mask Weight: 0.972
Epoch 398/20000, Train Loss: 0.1263, Validation Set Manhattan Distance: 12.0, Mask Weight: 0.972
Epoch 399/20000, Train Loss: 0.1258, Validation Set Manhattan Distance: 12.0, Mask Weight: 0.972
Epoch 400/20000, Train Loss: 0.1260, Validation Set Manhattan Distance: 12.0, Mask Weight: 0.972
Epoch 401/20000, Train Loss: 0.1297, Validation Set Manhattan Distance: 12.0, Mask Weight: 0.972
Epoch 402/20000, Train Loss: 0.1237, Validation Set Manhattan Distance: 12.0, Mask Weight: 0.972
Epoch 403/20000, Train Loss: 0.1263, Validation Set Manhattan Distance: 12.0, Mask Weight: 0.972
Epoch 404/20000, Train Loss: 0.1235, Validation Set Manhattan Distance: 12.0, Mask Weight: 0.972
Epoch 405/20000, Train Loss: 0.1244, Validation Set Manhattan Distance: 12.0, Mask Weight: 0.972
Epoch 406/20000, Train Loss: 0.1263, Validation Set Manhattan Distance: 12.0, Mask Weight: 0.972
Epoch 407/20000, Train Loss: 0.1248, Validation Set Manhattan Distance: 12.0, Mask Weight: 0.972
Epoch 408/20000, Train Loss: 0.1225, Validation Set Manhattan Distance: 12.0, Mask Weight: 0.972
Epoch 409/20000, Train Loss: 0.1235, Validation Set Manhattan Distance: 12.0, Mask Weight: 0.972
Epoch 410/20000, Train Loss: 0.1239, Validation Set Manhattan Distance: 12.0, Mask Weight: 0.972
Epoch 411/20000, Train Loss: 0.1237, Validation Set Manhattan Distance: 12.0, Mask Weight: 0.972
Epoch 412/20000, Train Loss: 0.1709, Validation Set Manhattan Distance: 12.0, Mask Weight: 0.972
Epoch 413/20000, Train Loss: 0.1554, Validation Set Manhattan Distance: 12.0, Mask Weight: 0.972
Epoch 414/20000, Train Loss: 0.1316, Validation Set Manhattan Distance: 12.0, Mask Weight: 0.972
Epoch 415/20000, Train Loss: 0.1445, Validation Set Manhattan Distance: 12.0, Mask Weight: 0.972
Epoch 416/20000, Train Loss: 0.1274, Validation Set Manhattan Distance: 12.0, Mask Weight: 0.972
Epoch 417/20000, Train Loss: 0.1234, Validation Set Manhattan Distance: 12.0, Mask Weight: 0.972
Epoch 418/20000, Train Loss: 0.1226, Validation Set Manhattan Distance: 12.0, Mask Weight: 0.972
Epoch 419/20000, Train Loss: 0.1231, Validation Set Manhattan Distance: 12.0, Mask Weight: 0.972
Epoch 420/20000, Train Loss: 0.1270, Validation Set Manhattan Distance: 12.0, Mask Weight: 0.972
Epoch 421/20000, Train Loss: 0.1309, Validation Set Manhattan Distance: 12.0, Mask Weight: 0.972
Epoch 422/20000, Train Loss: 0.1265, Validation Set Manhattan Distance: 12.0, Mask Weight: 0.972
Epoch 423/20000, Train Loss: 0.1232, Validation Set Manhattan Distance: 12.0, Mask Weight: 0.972
Epoch 424/20000, Train Loss: 0.1228, Validation Set Manhattan Distance: 12.0, Mask Weight: 0.972
Epoch 425/20000, Train Loss: 0.1247, Validation Set Manhattan Distance: 12.0, Mask Weight: 0.972
Epoch 426/20000, Train Loss: 0.1253, Validation Set Manhattan Distance: 12.0, Mask Weight: 0.972
Epoch 427/20000, Train Loss: 0.1521, Validation Set Manhattan Distance: 12.0, Mask Weight: 0.972
Epoch 428/20000, Train Loss: 0.1878, Validation Set Manhattan Distance: 12.0, Mask Weight: 0.972
Epoch 429/20000, Train Loss: 0.1729, Validation Set Manhattan Distance: 12.0, Mask Weight: 0.972
Epoch 430/20000, Train Loss: 0.1516, Validation Set Manhattan Distance: 12.0, Mask Weight: 0.972
Epoch 431/20000, Train Loss: 0.1436, Validation Set Manhattan Distance: 12.0, Mask Weight: 0.972
Epoch 432/20000, Train Loss: 0.1342, Validation Set Manhattan Distance: 12.0, Mask Weight: 0.972
Epoch 433/20000, Train Loss: 0.1314, Validation Set Manhattan Distance: 12.0, Mask Weight: 0.972
Epoch 434/20000, Train Loss: 0.1279, Validation Set Manhattan Distance: 12.0, Mask Weight: 0.972
Epoch 435/20000, Train Loss: 0.1249, Validation Set Manhattan Distance: 12.0, Mask Weight: 0.972
Epoch 436/20000, Train Loss: 0.1236, Validation Set Manhattan Distance: 12.0, Mask Weight: 0.972
Epoch 437/20000, Train Loss: 0.1243, Validation Set Manhattan Distance: 12.0, Mask Weight: 0.972
Epoch 438/20000, Train Loss: 0.1223, Validation Set Manhattan Distance: 12.0, Mask Weight: 0.972
Epoch 439/20000, Train Loss: 0.1235, Validation Set Manhattan Distance: 12.0, Mask Weight: 0.972
Epoch 440/20000, Train Loss: 0.1219, Validation Set Manhattan Distance: 12.0, Mask Weight: 0.972
Epoch 441/20000, Train Loss: 0.1217, Validation Set Manhattan Distance: 12.0, Mask Weight: 0.972
Epoch 442/20000, Train Loss: 0.1213, Validation Set Manhattan Distance: 12.0, Mask Weight: 0.972
Epoch 443/20000, Train Loss: 0.1208, Validation Set Manhattan Distance: 12.0, Mask Weight: 0.972
Epoch 444/20000, Train Loss: 0.1204, Validation Set Manhattan Distance: 12.0, Mask Weight: 0.972
Epoch 445/20000, Train Loss: 0.1204, Validation Set Manhattan Distance: 12.0, Mask Weight: 0.972
Epoch 446/20000, Train Loss: 0.1208, Validation Set Manhattan Distance: 12.0, Mask Weight: 0.972
Epoch 447/20000, Train Loss: 0.1206, Validation Set Manhattan Distance: 12.0, Mask Weight: 0.972
Epoch 448/20000, Train Loss: 0.1206, Validation Set Manhattan Distance: 12.0, Mask Weight: 0.972
Epoch 449/20000, Train Loss: 0.1202, Validation Set Manhattan Distance: 12.0, Mask Weight: 0.972
Epoch 450/20000, Train Loss: 0.1206, Validation Set Manhattan Distance: 12.0, Mask Weight: 0.972
Epoch 451/20000, Train Loss: 0.1202, Validation Set Manhattan Distance: 12.0, Mask Weight: 0.972
Epoch 452/20000, Train Loss: 0.1207, Validation Set Manhattan Distance: 12.0, Mask Weight: 0.972
Epoch 453/20000, Train Loss: 0.1215, Validation Set Manhattan Distance: 12.0, Mask Weight: 0.972
Epoch 454/20000, Train Loss: 0.1221, Validation Set Manhattan Distance: 12.0, Mask Weight: 0.972
Epoch 455/20000, Train Loss: 0.1211, Validation Set Manhattan Distance: 12.0, Mask Weight: 0.972
Epoch 456/20000, Train Loss: 0.1212, Validation Set Manhattan Distance: 12.0, Mask Weight: 0.972
Epoch 457/20000, Train Loss: 0.1210, Validation Set Manhattan Distance: 12.0, Mask Weight: 0.972
Epoch 458/20000, Train Loss: 0.1205, Validation Set Manhattan Distance: 12.0, Mask Weight: 0.972
Epoch 459/20000, Train Loss: 0.1203, Validation Set Manhattan Distance: 12.0, Mask Weight: 0.972
Epoch 460/20000, Train Loss: 0.1206, Validation Set Manhattan Distance: 12.0, Mask Weight: 0.972
Epoch 461/20000, Train Loss: 0.1201, Validation Set Manhattan Distance: 12.0, Mask Weight: 0.972
Epoch 462/20000, Train Loss: 0.1201, Validation Set Manhattan Distance: 12.0, Mask Weight: 0.972
Epoch 463/20000, Train Loss: 0.1209, Validation Set Manhattan Distance: 12.0, Mask Weight: 0.972
Epoch 464/20000, Train Loss: 0.1208, Validation Set Manhattan Distance: 12.0, Mask Weight: 0.972
Epoch 465/20000, Train Loss: 0.1205, Validation Set Manhattan Distance: 12.0, Mask Weight: 0.972
Epoch 466/20000, Train Loss: 0.1206, Validation Set Manhattan Distance: 12.0, Mask Weight: 0.972
Epoch 467/20000, Train Loss: 0.1207, Validation Set Manhattan Distance: 12.0, Mask Weight: 0.972
Epoch 468/20000, Train Loss: 0.1208, Validation Set Manhattan Distance: 12.0, Mask Weight: 0.972
Epoch 469/20000, Train Loss: 0.1213, Validation Set Manhattan Distance: 12.0, Mask Weight: 0.972
Epoch 470/20000, Train Loss: 0.1210, Validation Set Manhattan Distance: 12.0, Mask Weight: 0.972
Epoch 471/20000, Train Loss: 0.1211, Validation Set Manhattan Distance: 12.0, Mask Weight: 0.972
Epoch 472/20000, Train Loss: 0.1214, Validation Set Manhattan Distance: 12.0, Mask Weight: 0.972
Epoch 473/20000, Train Loss: 0.1208, Validation Set Manhattan Distance: 12.0, Mask Weight: 0.972
Epoch 474/20000, Train Loss: 0.1209, Validation Set Manhattan Distance: 12.0, Mask Weight: 0.972
Epoch 475/20000, Train Loss: 0.1205, Validation Set Manhattan Distance: 12.0, Mask Weight: 0.972
Epoch 476/20000, Train Loss: 0.1203, Validation Set Manhattan Distance: 12.0, Mask Weight: 0.972
Epoch 477/20000, Train Loss: 0.1201, Validation Set Manhattan Distance: 12.0, Mask Weight: 0.972
Epoch 478/20000, Train Loss: 0.1201, Validation Set Manhattan Distance: 12.0, Mask Weight: 0.972
Epoch 479/20000, Train Loss: 0.1201, Validation Set Manhattan Distance: 12.0, Mask Weight: 0.972
Epoch 480/20000, Train Loss: 0.1198, Validation Set Manhattan Distance: 12.0, Mask Weight: 0.972
Epoch 481/20000, Train Loss: 0.1204, Validation Set Manhattan Distance: 12.0, Mask Weight: 0.972
Epoch 482/20000, Train Loss: 0.1200, Validation Set Manhattan Distance: 12.0, Mask Weight: 0.972
Epoch 483/20000, Train Loss: 0.1201, Validation Set Manhattan Distance: 12.0, Mask Weight: 0.972
Epoch 484/20000, Train Loss: 0.1206, Validation Set Manhattan Distance: 12.0, Mask Weight: 0.972
Epoch 485/20000, Train Loss: 0.1203, Validation Set Manhattan Distance: 12.0, Mask Weight: 0.972
Epoch 486/20000, Train Loss: 0.1195, Validation Set Manhattan Distance: 12.0, Mask Weight: 0.972
Epoch 487/20000, Train Loss: 0.1202, Validation Set Manhattan Distance: 12.0, Mask Weight: 0.972
Epoch 488/20000, Train Loss: 0.1202, Validation Set Manhattan Distance: 12.0, Mask Weight: 0.972
Epoch 489/20000, Train Loss: 0.1199, Validation Set Manhattan Distance: 12.0, Mask Weight: 0.972
Epoch 490/20000, Train Loss: 0.1197, Validation Set Manhattan Distance: 12.0, Mask Weight: 0.972
Epoch 491/20000, Train Loss: 0.1201, Validation Set Manhattan Distance: 12.0, Mask Weight: 0.972
Epoch 492/20000, Train Loss: 0.1194, Validation Set Manhattan Distance: 12.0, Mask Weight: 0.972
Epoch 493/20000, Train Loss: 0.1195, Validation Set Manhattan Distance: 12.0, Mask Weight: 0.972
Epoch 494/20000, Train Loss: 0.1195, Validation Set Manhattan Distance: 12.0, Mask Weight: 0.972
Epoch 495/20000, Train Loss: 0.1198, Validation Set Manhattan Distance: 12.0, Mask Weight: 0.972
Epoch 496/20000, Train Loss: 0.1196, Validation Set Manhattan Distance: 12.0, Mask Weight: 0.972
Epoch 497/20000, Train Loss: 0.1197, Validation Set Manhattan Distance: 12.0, Mask Weight: 0.972
Epoch 498/20000, Train Loss: 0.1202, Validation Set Manhattan Distance: 12.0, Mask Weight: 0.972
Epoch 499/20000, Train Loss: 0.1205, Validation Set Manhattan Distance: 12.0, Mask Weight: 0.972
Epoch 500/20000, Train Loss: 0.1206, Validation Set Manhattan Distance: 12.0, Mask Weight: 0.972
Epoch 501/20000, Train Loss: 0.1207, Validation Set Manhattan Distance: 12.0, Mask Weight: 0.972
Epoch 502/20000, Train Loss: 0.1214, Validation Set Manhattan Distance: 12.0, Mask Weight: 0.972
Epoch 503/20000, Train Loss: 0.1212, Validation Set Manhattan Distance: 12.0, Mask Weight: 0.972
Epoch 504/20000, Train Loss: 0.1210, Validation Set Manhattan Distance: 12.0, Mask Weight: 0.972
Epoch 505/20000, Train Loss: 0.1204, Validation Set Manhattan Distance: 12.0, Mask Weight: 0.972
Epoch 506/20000, Train Loss: 0.1203, Validation Set Manhattan Distance: 12.0, Mask Weight: 0.972
Epoch 507/20000, Train Loss: 0.1211, Validation Set Manhattan Distance: 12.0, Mask Weight: 0.972
Epoch 508/20000, Train Loss: 0.1206, Validation Set Manhattan Distance: 12.0, Mask Weight: 0.972
Epoch 509/20000, Train Loss: 0.1210, Validation Set Manhattan Distance: 12.0, Mask Weight: 0.972
Epoch 510/20000, Train Loss: 0.1203, Validation Set Manhattan Distance: 12.0, Mask Weight: 0.972
Epoch 511/20000, Train Loss: 0.1199, Validation Set Manhattan Distance: 12.0, Mask Weight: 0.972
Epoch 512/20000, Train Loss: 0.1194, Validation Set Manhattan Distance: 12.0, Mask Weight: 0.972
Epoch 513/20000, Train Loss: 0.1198, Validation Set Manhattan Distance: 12.0, Mask Weight: 0.972
Epoch 514/20000, Train Loss: 0.1197, Validation Set Manhattan Distance: 12.0, Mask Weight: 0.972
Epoch 515/20000, Train Loss: 0.1196, Validation Set Manhattan Distance: 12.0, Mask Weight: 0.972
Epoch 516/20000, Train Loss: 0.1194, Validation Set Manhattan Distance: 12.0, Mask Weight: 0.972
Epoch 517/20000, Train Loss: 0.1194, Validation Set Manhattan Distance: 12.0, Mask Weight: 0.972
Epoch 518/20000, Train Loss: 0.1193, Validation Set Manhattan Distance: 12.0, Mask Weight: 0.972
Epoch 519/20000, Train Loss: 0.1194, Validation Set Manhattan Distance: 12.0, Mask Weight: 0.972
Epoch 520/20000, Train Loss: 0.1196, Validation Set Manhattan Distance: 12.0, Mask Weight: 0.972
Epoch 521/20000, Train Loss: 0.1198, Validation Set Manhattan Distance: 12.0, Mask Weight: 0.972
Epoch 522/20000, Train Loss: 0.1196, Validation Set Manhattan Distance: 12.0, Mask Weight: 0.972
Epoch 523/20000, Train Loss: 0.1191, Validation Set Manhattan Distance: 12.0, Mask Weight: 0.972
Epoch 524/20000, Train Loss: 0.1197, Validation Set Manhattan Distance: 12.0, Mask Weight: 0.972
Epoch 525/20000, Train Loss: 0.1195, Validation Set Manhattan Distance: 12.0, Mask Weight: 0.972
Epoch 526/20000, Train Loss: 0.1198, Validation Set Manhattan Distance: 12.0, Mask Weight: 0.972
Epoch 527/20000, Train Loss: 0.1202, Validation Set Manhattan Distance: 12.0, Mask Weight: 0.972
Epoch 528/20000, Train Loss: 0.1206, Validation Set Manhattan Distance: 12.0, Mask Weight: 0.972
Epoch 529/20000, Train Loss: 0.1194, Validation Set Manhattan Distance: 12.0, Mask Weight: 0.972
Epoch 530/20000, Train Loss: 0.1203, Validation Set Manhattan Distance: 12.0, Mask Weight: 0.972
Epoch 531/20000, Train Loss: 0.1198, Validation Set Manhattan Distance: 12.0, Mask Weight: 0.972
Epoch 532/20000, Train Loss: 0.1196, Validation Set Manhattan Distance: 12.0, Mask Weight: 0.972
Epoch 533/20000, Train Loss: 0.1204, Validation Set Manhattan Distance: 12.0, Mask Weight: 0.972
Epoch 534/20000, Train Loss: 0.1198, Validation Set Manhattan Distance: 12.0, Mask Weight: 0.972
Epoch 535/20000, Train Loss: 0.1193, Validation Set Manhattan Distance: 12.0, Mask Weight: 0.972
Epoch 536/20000, Train Loss: 0.1193, Validation Set Manhattan Distance: 12.0, Mask Weight: 0.972
Epoch 537/20000, Train Loss: 0.1195, Validation Set Manhattan Distance: 12.0, Mask Weight: 0.972
Epoch 538/20000, Train Loss: 0.1189, Validation Set Manhattan Distance: 12.0, Mask Weight: 0.972
Epoch 539/20000, Train Loss: 0.1193, Validation Set Manhattan Distance: 12.0, Mask Weight: 0.972
Epoch 540/20000, Train Loss: 0.1190, Validation Set Manhattan Distance: 12.0, Mask Weight: 0.972
Epoch 541/20000, Train Loss: 0.1188, Validation Set Manhattan Distance: 12.0, Mask Weight: 0.972
Epoch 542/20000, Train Loss: 0.1190, Validation Set Manhattan Distance: 12.0, Mask Weight: 0.972
Epoch 543/20000, Train Loss: 0.1191, Validation Set Manhattan Distance: 12.0, Mask Weight: 0.972
Epoch 544/20000, Train Loss: 0.1196, Validation Set Manhattan Distance: 12.0, Mask Weight: 0.972
Epoch 545/20000, Train Loss: 0.1193, Validation Set Manhattan Distance: 12.0, Mask Weight: 0.972
Epoch 546/20000, Train Loss: 0.1189, Validation Set Manhattan Distance: 12.0, Mask Weight: 0.972
Epoch 547/20000, Train Loss: 0.1191, Validation Set Manhattan Distance: 12.0, Mask Weight: 0.972
Epoch 548/20000, Train Loss: 0.1191, Validation Set Manhattan Distance: 12.0, Mask Weight: 0.972
Epoch 549/20000, Train Loss: 0.1195, Validation Set Manhattan Distance: 12.0, Mask Weight: 0.972
Epoch 550/20000, Train Loss: 0.1190, Validation Set Manhattan Distance: 12.0, Mask Weight: 0.972
Epoch 551/20000, Train Loss: 0.1183, Validation Set Manhattan Distance: 12.0, Mask Weight: 0.972
Epoch 552/20000, Train Loss: 0.1199, Validation Set Manhattan Distance: 12.0, Mask Weight: 0.972
Epoch 553/20000, Train Loss: 0.1201, Validation Set Manhattan Distance: 12.0, Mask Weight: 0.972
Epoch 554/20000, Train Loss: 0.1271, Validation Set Manhattan Distance: 12.0, Mask Weight: 0.972
Epoch 555/20000, Train Loss: 0.2090, Validation Set Manhattan Distance: 12.0, Mask Weight: 0.972
Epoch 556/20000, Train Loss: 0.1769, Validation Set Manhattan Distance: 12.0, Mask Weight: 0.972
Epoch 557/20000, Train Loss: 0.1557, Validation Set Manhattan Distance: 12.0, Mask Weight: 0.972
Epoch 558/20000, Train Loss: 0.1504, Validation Set Manhattan Distance: 12.0, Mask Weight: 0.972
Epoch 559/20000, Train Loss: 0.1465, Validation Set Manhattan Distance: 12.0, Mask Weight: 0.972
Epoch 560/20000, Train Loss: 0.1375, Validation Set Manhattan Distance: 12.0, Mask Weight: 0.972
Epoch 561/20000, Train Loss: 0.1339, Validation Set Manhattan Distance: 12.0, Mask Weight: 0.972
Epoch 562/20000, Train Loss: 0.1278, Validation Set Manhattan Distance: 12.0, Mask Weight: 0.972
Epoch 563/20000, Train Loss: 0.1268, Validation Set Manhattan Distance: 12.0, Mask Weight: 0.972
Epoch 564/20000, Train Loss: 0.1250, Validation Set Manhattan Distance: 12.0, Mask Weight: 0.972
Epoch 565/20000, Train Loss: 0.1238, Validation Set Manhattan Distance: 12.0, Mask Weight: 0.972
Epoch 566/20000, Train Loss: 0.1237, Validation Set Manhattan Distance: 12.0, Mask Weight: 0.972
Epoch 567/20000, Train Loss: 0.1224, Validation Set Manhattan Distance: 12.0, Mask Weight: 0.972
Epoch 568/20000, Train Loss: 0.1221, Validation Set Manhattan Distance: 12.0, Mask Weight: 0.972
Epoch 569/20000, Train Loss: 0.1230, Validation Set Manhattan Distance: 12.0, Mask Weight: 0.972
Epoch 570/20000, Train Loss: 0.1246, Validation Set Manhattan Distance: 12.0, Mask Weight: 0.972
Epoch 571/20000, Train Loss: 0.1246, Validation Set Manhattan Distance: 12.0, Mask Weight: 0.972
Epoch 572/20000, Train Loss: 0.1228, Validation Set Manhattan Distance: 12.0, Mask Weight: 0.972
Epoch 573/20000, Train Loss: 0.1208, Validation Set Manhattan Distance: 12.0, Mask Weight: 0.972
Epoch 574/20000, Train Loss: 0.1226, Validation Set Manhattan Distance: 12.0, Mask Weight: 0.972
Epoch 575/20000, Train Loss: 0.1216, Validation Set Manhattan Distance: 12.0, Mask Weight: 0.972
Epoch 576/20000, Train Loss: 0.1212, Validation Set Manhattan Distance: 12.0, Mask Weight: 0.972
Epoch 577/20000, Train Loss: 0.1211, Validation Set Manhattan Distance: 12.0, Mask Weight: 0.972
Epoch 578/20000, Train Loss: 0.1195, Validation Set Manhattan Distance: 12.0, Mask Weight: 0.972
Epoch 579/20000, Train Loss: 0.1204, Validation Set Manhattan Distance: 12.0, Mask Weight: 0.972
Epoch 580/20000, Train Loss: 0.1198, Validation Set Manhattan Distance: 12.0, Mask Weight: 0.972
Epoch 581/20000, Train Loss: 0.1196, Validation Set Manhattan Distance: 12.0, Mask Weight: 0.972
Epoch 582/20000, Train Loss: 0.1196, Validation Set Manhattan Distance: 12.0, Mask Weight: 0.972
Epoch 583/20000, Train Loss: 0.1206, Validation Set Manhattan Distance: 12.0, Mask Weight: 0.972
Epoch 584/20000, Train Loss: 0.1200, Validation Set Manhattan Distance: 12.0, Mask Weight: 0.972
Epoch 585/20000, Train Loss: 0.1201, Validation Set Manhattan Distance: 12.0, Mask Weight: 0.972
Epoch 586/20000, Train Loss: 0.1200, Validation Set Manhattan Distance: 12.0, Mask Weight: 0.972
Epoch 587/20000, Train Loss: 0.1193, Validation Set Manhattan Distance: 12.0, Mask Weight: 0.972
Epoch 588/20000, Train Loss: 0.1202, Validation Set Manhattan Distance: 12.0, Mask Weight: 0.972
Epoch 589/20000, Train Loss: 0.1198, Validation Set Manhattan Distance: 12.0, Mask Weight: 0.972
Epoch 590/20000, Train Loss: 0.1191, Validation Set Manhattan Distance: 12.0, Mask Weight: 0.972
Epoch 591/20000, Train Loss: 0.1194, Validation Set Manhattan Distance: 12.0, Mask Weight: 0.972
Epoch 592/20000, Train Loss: 0.1188, Validation Set Manhattan Distance: 12.0, Mask Weight: 0.972
Epoch 593/20000, Train Loss: 0.1190, Validation Set Manhattan Distance: 12.0, Mask Weight: 0.972
Epoch 594/20000, Train Loss: 0.1185, Validation Set Manhattan Distance: 12.0, Mask Weight: 0.972
Epoch 595/20000, Train Loss: 0.1191, Validation Set Manhattan Distance: 12.0, Mask Weight: 0.972
Epoch 596/20000, Train Loss: 0.1190, Validation Set Manhattan Distance: 12.0, Mask Weight: 0.972
Epoch 597/20000, Train Loss: 0.1192, Validation Set Manhattan Distance: 12.0, Mask Weight: 0.972
Epoch 598/20000, Train Loss: 0.1190, Validation Set Manhattan Distance: 12.0, Mask Weight: 0.972
Epoch 599/20000, Train Loss: 0.1196, Validation Set Manhattan Distance: 12.0, Mask Weight: 0.972
Epoch 600/20000, Train Loss: 0.1188, Validation Set Manhattan Distance: 12.0, Mask Weight: 0.972
Epoch 601/20000, Train Loss: 0.1187, Validation Set Manhattan Distance: 12.0, Mask Weight: 0.972
Epoch 602/20000, Train Loss: 0.1194, Validation Set Manhattan Distance: 12.0, Mask Weight: 0.972
Epoch 603/20000, Train Loss: 0.1189, Validation Set Manhattan Distance: 12.0, Mask Weight: 0.972
Epoch 604/20000, Train Loss: 0.1184, Validation Set Manhattan Distance: 12.0, Mask Weight: 0.972
Epoch 605/20000, Train Loss: 0.1187, Validation Set Manhattan Distance: 12.0, Mask Weight: 0.972
Epoch 606/20000, Train Loss: 0.1194, Validation Set Manhattan Distance: 12.0, Mask Weight: 0.972
Epoch 607/20000, Train Loss: 0.1194, Validation Set Manhattan Distance: 12.0, Mask Weight: 0.972
Epoch 608/20000, Train Loss: 0.1187, Validation Set Manhattan Distance: 12.0, Mask Weight: 0.972
Epoch 609/20000, Train Loss: 0.1193, Validation Set Manhattan Distance: 12.0, Mask Weight: 0.972
Epoch 610/20000, Train Loss: 0.1183, Validation Set Manhattan Distance: 12.0, Mask Weight: 0.972
Epoch 611/20000, Train Loss: 0.1188, Validation Set Manhattan Distance: 12.0, Mask Weight: 0.972
Epoch 612/20000, Train Loss: 0.1190, Validation Set Manhattan Distance: 12.0, Mask Weight: 0.972
Epoch 613/20000, Train Loss: 0.1189, Validation Set Manhattan Distance: 12.0, Mask Weight: 0.972
Epoch 614/20000, Train Loss: 0.1187, Validation Set Manhattan Distance: 12.0, Mask Weight: 0.972
Epoch 615/20000, Train Loss: 0.1202, Validation Set Manhattan Distance: 12.0, Mask Weight: 0.972
Epoch 616/20000, Train Loss: 0.1197, Validation Set Manhattan Distance: 12.0, Mask Weight: 0.972
Epoch 617/20000, Train Loss: 0.1195, Validation Set Manhattan Distance: 12.0, Mask Weight: 0.972
Epoch 618/20000, Train Loss: 0.1194, Validation Set Manhattan Distance: 12.0, Mask Weight: 0.972
Epoch 619/20000, Train Loss: 0.1191, Validation Set Manhattan Distance: 12.0, Mask Weight: 0.972
Epoch 620/20000, Train Loss: 0.1191, Validation Set Manhattan Distance: 12.0, Mask Weight: 0.972
Epoch 621/20000, Train Loss: 0.1193, Validation Set Manhattan Distance: 12.0, Mask Weight: 0.972
Epoch 622/20000, Train Loss: 0.1201, Validation Set Manhattan Distance: 12.0, Mask Weight: 0.972
Epoch 623/20000, Train Loss: 0.1191, Validation Set Manhattan Distance: 12.0, Mask Weight: 0.972
Epoch 624/20000, Train Loss: 0.1192, Validation Set Manhattan Distance: 12.0, Mask Weight: 0.972
Epoch 625/20000, Train Loss: 0.1196, Validation Set Manhattan Distance: 12.0, Mask Weight: 0.972
Epoch 626/20000, Train Loss: 0.1199, Validation Set Manhattan Distance: 12.0, Mask Weight: 0.972
Epoch 627/20000, Train Loss: 0.1199, Validation Set Manhattan Distance: 12.0, Mask Weight: 0.972
Epoch 628/20000, Train Loss: 0.1196, Validation Set Manhattan Distance: 12.0, Mask Weight: 0.972
Epoch 629/20000, Train Loss: 0.1196, Validation Set Manhattan Distance: 12.0, Mask Weight: 0.972
Epoch 630/20000, Train Loss: 0.1193, Validation Set Manhattan Distance: 12.0, Mask Weight: 0.972
Epoch 631/20000, Train Loss: 0.1192, Validation Set Manhattan Distance: 12.0, Mask Weight: 0.972
Epoch 632/20000, Train Loss: 0.1196, Validation Set Manhattan Distance: 12.0, Mask Weight: 0.972
Epoch 633/20000, Train Loss: 0.1195, Validation Set Manhattan Distance: 12.0, Mask Weight: 0.972
Epoch 634/20000, Train Loss: 0.1195, Validation Set Manhattan Distance: 12.0, Mask Weight: 0.972
Epoch 635/20000, Train Loss: 0.1196, Validation Set Manhattan Distance: 12.0, Mask Weight: 0.972
Epoch 636/20000, Train Loss: 0.1199, Validation Set Manhattan Distance: 12.0, Mask Weight: 0.972
Epoch 637/20000, Train Loss: 0.1191, Validation Set Manhattan Distance: 12.0, Mask Weight: 0.972
Epoch 638/20000, Train Loss: 0.1191, Validation Set Manhattan Distance: 12.0, Mask Weight: 0.972
Epoch 639/20000, Train Loss: 0.1200, Validation Set Manhattan Distance: 12.0, Mask Weight: 0.972
Epoch 640/20000, Train Loss: 0.1194, Validation Set Manhattan Distance: 12.0, Mask Weight: 0.972
Epoch 641/20000, Train Loss: 0.1198, Validation Set Manhattan Distance: 12.0, Mask Weight: 0.972
Epoch 642/20000, Train Loss: 0.1198, Validation Set Manhattan Distance: 12.0, Mask Weight: 0.972
Epoch 643/20000, Train Loss: 0.1208, Validation Set Manhattan Distance: 12.0, Mask Weight: 0.972
Epoch 644/20000, Train Loss: 0.1211, Validation Set Manhattan Distance: 12.0, Mask Weight: 0.972
Epoch 645/20000, Train Loss: 0.1206, Validation Set Manhattan Distance: 12.0, Mask Weight: 0.972
Epoch 646/20000, Train Loss: 0.1215, Validation Set Manhattan Distance: 12.0, Mask Weight: 0.972
Epoch 647/20000, Train Loss: 0.1214, Validation Set Manhattan Distance: 12.0, Mask Weight: 0.972
Epoch 648/20000, Train Loss: 0.1218, Validation Set Manhattan Distance: 12.0, Mask Weight: 0.972
Epoch 649/20000, Train Loss: 0.1200, Validation Set Manhattan Distance: 12.0, Mask Weight: 0.972
Epoch 650/20000, Train Loss: 0.1197, Validation Set Manhattan Distance: 12.0, Mask Weight: 0.972
Epoch 651/20000, Train Loss: 0.1186, Validation Set Manhattan Distance: 12.0, Mask Weight: 0.972
Epoch 652/20000, Train Loss: 0.1185, Validation Set Manhattan Distance: 12.0, Mask Weight: 0.972
Epoch 653/20000, Train Loss: 0.1189, Validation Set Manhattan Distance: 12.0, Mask Weight: 0.972
Epoch 654/20000, Train Loss: 0.1191, Validation Set Manhattan Distance: 12.0, Mask Weight: 0.972
Epoch 655/20000, Train Loss: 0.1189, Validation Set Manhattan Distance: 12.0, Mask Weight: 0.972
Epoch 656/20000, Train Loss: 0.1188, Validation Set Manhattan Distance: 12.0, Mask Weight: 0.972
Epoch 657/20000, Train Loss: 0.1193, Validation Set Manhattan Distance: 12.0, Mask Weight: 0.972
Epoch 658/20000, Train Loss: 0.1186, Validation Set Manhattan Distance: 12.0, Mask Weight: 0.972
Epoch 659/20000, Train Loss: 0.1192, Validation Set Manhattan Distance: 12.0, Mask Weight: 0.972
Epoch 660/20000, Train Loss: 0.1200, Validation Set Manhattan Distance: 12.0, Mask Weight: 0.972
Epoch 661/20000, Train Loss: 0.1197, Validation Set Manhattan Distance: 12.0, Mask Weight: 0.972
Epoch 662/20000, Train Loss: 0.1202, Validation Set Manhattan Distance: 12.0, Mask Weight: 0.972
Epoch 663/20000, Train Loss: 0.1210, Validation Set Manhattan Distance: 12.0, Mask Weight: 0.972
Epoch 664/20000, Train Loss: 0.3296, Validation Set Manhattan Distance: 12.0, Mask Weight: 0.972
Epoch 665/20000, Train Loss: 0.3749, Validation Set Manhattan Distance: 12.0, Mask Weight: 0.972
Epoch 666/20000, Train Loss: 0.3362, Validation Set Manhattan Distance: 12.0, Mask Weight: 0.972
Epoch 667/20000, Train Loss: 0.2837, Validation Set Manhattan Distance: 12.0, Mask Weight: 0.972
Epoch 668/20000, Train Loss: 0.2524, Validation Set Manhattan Distance: 12.0, Mask Weight: 0.972
Epoch 669/20000, Train Loss: 0.2395, Validation Set Manhattan Distance: 12.0, Mask Weight: 0.972
Epoch 670/20000, Train Loss: 0.2357, Validation Set Manhattan Distance: 12.0, Mask Weight: 0.972
Epoch 671/20000, Train Loss: 0.2331, Validation Set Manhattan Distance: 12.0, Mask Weight: 0.972
Epoch 672/20000, Train Loss: 0.2311, Validation Set Manhattan Distance: 12.0, Mask Weight: 0.972
Epoch 673/20000, Train Loss: 0.2284, Validation Set Manhattan Distance: 12.0, Mask Weight: 0.972
Epoch 674/20000, Train Loss: 0.2255, Validation Set Manhattan Distance: 12.0, Mask Weight: 0.972
Epoch 675/20000, Train Loss: 0.2215, Validation Set Manhattan Distance: 12.0, Mask Weight: 0.972
Epoch 676/20000, Train Loss: 0.2150, Validation Set Manhattan Distance: 12.0, Mask Weight: 0.972
Epoch 677/20000, Train Loss: 0.2072, Validation Set Manhattan Distance: 12.0, Mask Weight: 0.972
Epoch 678/20000, Train Loss: 0.1939, Validation Set Manhattan Distance: 12.0, Mask Weight: 0.972
Epoch 679/20000, Train Loss: 0.1825, Validation Set Manhattan Distance: 12.0, Mask Weight: 0.972
Epoch 680/20000, Train Loss: 0.1726, Validation Set Manhattan Distance: 12.0, Mask Weight: 0.972
Epoch 681/20000, Train Loss: 0.1658, Validation Set Manhattan Distance: 12.0, Mask Weight: 0.972
Epoch 682/20000, Train Loss: 0.1576, Validation Set Manhattan Distance: 12.0, Mask Weight: 0.972
Epoch 683/20000, Train Loss: 0.1513, Validation Set Manhattan Distance: 12.0, Mask Weight: 0.972
Epoch 684/20000, Train Loss: 0.1458, Validation Set Manhattan Distance: 12.0, Mask Weight: 0.972
Epoch 685/20000, Train Loss: 0.1449, Validation Set Manhattan Distance: 12.0, Mask Weight: 0.972
Epoch 686/20000, Train Loss: 0.1428, Validation Set Manhattan Distance: 12.0, Mask Weight: 0.972
Epoch 687/20000, Train Loss: 0.1389, Validation Set Manhattan Distance: 12.0, Mask Weight: 0.972
Epoch 688/20000, Train Loss: 0.1414, Validation Set Manhattan Distance: 12.0, Mask Weight: 0.972
Epoch 689/20000, Train Loss: 0.1798, Validation Set Manhattan Distance: 12.0, Mask Weight: 0.972
Epoch 690/20000, Train Loss: 0.2047, Validation Set Manhattan Distance: 12.0, Mask Weight: 0.972
Epoch 691/20000, Train Loss: 0.1908, Validation Set Manhattan Distance: 12.0, Mask Weight: 0.972
Epoch 692/20000, Train Loss: 0.1616, Validation Set Manhattan Distance: 12.0, Mask Weight: 0.972
Epoch 693/20000, Train Loss: 0.1480, Validation Set Manhattan Distance: 12.0, Mask Weight: 0.972
Epoch 694/20000, Train Loss: 0.1452, Validation Set Manhattan Distance: 12.0, Mask Weight: 0.972
Epoch 695/20000, Train Loss: 0.1428, Validation Set Manhattan Distance: 12.0, Mask Weight: 0.972
Epoch 696/20000, Train Loss: 0.1362, Validation Set Manhattan Distance: 12.0, Mask Weight: 0.972
Epoch 697/20000, Train Loss: 0.1340, Validation Set Manhattan Distance: 12.0, Mask Weight: 0.972
Epoch 698/20000, Train Loss: 0.1320, Validation Set Manhattan Distance: 12.0, Mask Weight: 0.972
Epoch 699/20000, Train Loss: 0.1286, Validation Set Manhattan Distance: 12.0, Mask Weight: 0.972
Epoch 700/20000, Train Loss: 0.1277, Validation Set Manhattan Distance: 12.0, Mask Weight: 0.972
Epoch 701/20000, Train Loss: 0.1274, Validation Set Manhattan Distance: 12.0, Mask Weight: 0.972
Epoch 702/20000, Train Loss: 0.1631, Validation Set Manhattan Distance: 12.0, Mask Weight: 0.972
Epoch 703/20000, Train Loss: 0.2710, Validation Set Manhattan Distance: 12.0, Mask Weight: 0.972
Epoch 704/20000, Train Loss: 0.2401, Validation Set Manhattan Distance: 12.0, Mask Weight: 0.972
Epoch 705/20000, Train Loss: 0.2067, Validation Set Manhattan Distance: 12.0, Mask Weight: 0.972
Epoch 706/20000, Train Loss: 0.1704, Validation Set Manhattan Distance: 12.0, Mask Weight: 0.972
Epoch 707/20000, Train Loss: 0.1500, Validation Set Manhattan Distance: 12.0, Mask Weight: 0.972
Epoch 708/20000, Train Loss: 0.1463, Validation Set Manhattan Distance: 12.0, Mask Weight: 0.972
Epoch 709/20000, Train Loss: 0.1420, Validation Set Manhattan Distance: 12.0, Mask Weight: 0.972
Epoch 710/20000, Train Loss: 0.1399, Validation Set Manhattan Distance: 12.0, Mask Weight: 0.972
Epoch 711/20000, Train Loss: 0.1323, Validation Set Manhattan Distance: 12.0, Mask Weight: 0.972
Epoch 712/20000, Train Loss: 0.1280, Validation Set Manhattan Distance: 12.0, Mask Weight: 0.972
Epoch 713/20000, Train Loss: 0.1253, Validation Set Manhattan Distance: 12.0, Mask Weight: 0.972
Epoch 714/20000, Train Loss: 0.1233, Validation Set Manhattan Distance: 12.0, Mask Weight: 0.972
Epoch 715/20000, Train Loss: 0.1224, Validation Set Manhattan Distance: 12.0, Mask Weight: 0.972
Epoch 716/20000, Train Loss: 0.1222, Validation Set Manhattan Distance: 12.0, Mask Weight: 0.972
Epoch 717/20000, Train Loss: 0.1222, Validation Set Manhattan Distance: 12.0, Mask Weight: 0.972
Epoch 718/20000, Train Loss: 0.1212, Validation Set Manhattan Distance: 12.0, Mask Weight: 0.972
Epoch 719/20000, Train Loss: 0.1210, Validation Set Manhattan Distance: 12.0, Mask Weight: 0.972
Epoch 720/20000, Train Loss: 0.1203, Validation Set Manhattan Distance: 12.0, Mask Weight: 0.972
Epoch 721/20000, Train Loss: 0.1199, Validation Set Manhattan Distance: 12.0, Mask Weight: 0.972
Epoch 722/20000, Train Loss: 0.1204, Validation Set Manhattan Distance: 12.0, Mask Weight: 0.972
Epoch 723/20000, Train Loss: 0.1204, Validation Set Manhattan Distance: 12.0, Mask Weight: 0.972
Epoch 724/20000, Train Loss: 0.1205, Validation Set Manhattan Distance: 12.0, Mask Weight: 0.972
Epoch 725/20000, Train Loss: 0.1199, Validation Set Manhattan Distance: 12.0, Mask Weight: 0.972
Epoch 726/20000, Train Loss: 0.1199, Validation Set Manhattan Distance: 12.0, Mask Weight: 0.972
Epoch 727/20000, Train Loss: 0.1201, Validation Set Manhattan Distance: 12.0, Mask Weight: 0.972
Epoch 728/20000, Train Loss: 0.1200, Validation Set Manhattan Distance: 12.0, Mask Weight: 0.972
Epoch 729/20000, Train Loss: 0.1196, Validation Set Manhattan Distance: 12.0, Mask Weight: 0.972
Epoch 730/20000, Train Loss: 0.1196, Validation Set Manhattan Distance: 12.0, Mask Weight: 0.972
Epoch 731/20000, Train Loss: 0.1195, Validation Set Manhattan Distance: 12.0, Mask Weight: 0.972
Epoch 732/20000, Train Loss: 0.1195, Validation Set Manhattan Distance: 12.0, Mask Weight: 0.972
Epoch 733/20000, Train Loss: 0.1191, Validation Set Manhattan Distance: 12.0, Mask Weight: 0.972
Epoch 734/20000, Train Loss: 0.1194, Validation Set Manhattan Distance: 12.0, Mask Weight: 0.972
Epoch 735/20000, Train Loss: 0.1193, Validation Set Manhattan Distance: 12.0, Mask Weight: 0.972
Epoch 736/20000, Train Loss: 0.1196, Validation Set Manhattan Distance: 12.0, Mask Weight: 0.972
Epoch 737/20000, Train Loss: 0.1194, Validation Set Manhattan Distance: 12.0, Mask Weight: 0.972
Epoch 738/20000, Train Loss: 0.1197, Validation Set Manhattan Distance: 12.0, Mask Weight: 0.972
Epoch 739/20000, Train Loss: 0.1196, Validation Set Manhattan Distance: 12.0, Mask Weight: 0.972
Epoch 740/20000, Train Loss: 0.1190, Validation Set Manhattan Distance: 12.0, Mask Weight: 0.972
Epoch 741/20000, Train Loss: 0.1194, Validation Set Manhattan Distance: 12.0, Mask Weight: 0.972
Epoch 742/20000, Train Loss: 0.1195, Validation Set Manhattan Distance: 12.0, Mask Weight: 0.972
Epoch 743/20000, Train Loss: 0.1199, Validation Set Manhattan Distance: 12.0, Mask Weight: 0.972
Epoch 744/20000, Train Loss: 0.1192, Validation Set Manhattan Distance: 12.0, Mask Weight: 0.972
Epoch 745/20000, Train Loss: 0.1201, Validation Set Manhattan Distance: 12.0, Mask Weight: 0.972
Epoch 746/20000, Train Loss: 0.1200, Validation Set Manhattan Distance: 12.0, Mask Weight: 0.972
Epoch 747/20000, Train Loss: 0.1201, Validation Set Manhattan Distance: 12.0, Mask Weight: 0.972
Epoch 748/20000, Train Loss: 0.1204, Validation Set Manhattan Distance: 12.0, Mask Weight: 0.972
Epoch 749/20000, Train Loss: 0.1209, Validation Set Manhattan Distance: 12.0, Mask Weight: 0.972
Epoch 750/20000, Train Loss: 0.1211, Validation Set Manhattan Distance: 12.0, Mask Weight: 0.972
Epoch 751/20000, Train Loss: 0.1223, Validation Set Manhattan Distance: 12.0, Mask Weight: 0.972
Epoch 752/20000, Train Loss: 0.1217, Validation Set Manhattan Distance: 12.0, Mask Weight: 0.972
Epoch 753/20000, Train Loss: 0.1219, Validation Set Manhattan Distance: 12.0, Mask Weight: 0.972
Epoch 754/20000, Train Loss: 0.1216, Validation Set Manhattan Distance: 12.0, Mask Weight: 0.972
Epoch 755/20000, Train Loss: 0.1207, Validation Set Manhattan Distance: 12.0, Mask Weight: 0.972
Epoch 756/20000, Train Loss: 0.1203, Validation Set Manhattan Distance: 12.0, Mask Weight: 0.972
Epoch 757/20000, Train Loss: 0.1203, Validation Set Manhattan Distance: 12.0, Mask Weight: 0.972
Epoch 758/20000, Train Loss: 0.1204, Validation Set Manhattan Distance: 12.0, Mask Weight: 0.972
Epoch 759/20000, Train Loss: 0.1209, Validation Set Manhattan Distance: 12.0, Mask Weight: 0.972
Epoch 760/20000, Train Loss: 0.1201, Validation Set Manhattan Distance: 12.0, Mask Weight: 0.972
Epoch 761/20000, Train Loss: 0.1192, Validation Set Manhattan Distance: 12.0, Mask Weight: 0.972
Epoch 762/20000, Train Loss: 0.1196, Validation Set Manhattan Distance: 12.0, Mask Weight: 0.972
Epoch 763/20000, Train Loss: 0.1199, Validation Set Manhattan Distance: 12.0, Mask Weight: 0.972
Epoch 764/20000, Train Loss: 0.1190, Validation Set Manhattan Distance: 12.0, Mask Weight: 0.972
Epoch 765/20000, Train Loss: 0.1189, Validation Set Manhattan Distance: 12.0, Mask Weight: 0.972
Epoch 766/20000, Train Loss: 0.1190, Validation Set Manhattan Distance: 12.0, Mask Weight: 0.972
Epoch 767/20000, Train Loss: 0.1190, Validation Set Manhattan Distance: 12.0, Mask Weight: 0.972
Epoch 768/20000, Train Loss: 0.1192, Validation Set Manhattan Distance: 12.0, Mask Weight: 0.972
Epoch 769/20000, Train Loss: 0.1184, Validation Set Manhattan Distance: 12.0, Mask Weight: 0.972
Epoch 770/20000, Train Loss: 0.1184, Validation Set Manhattan Distance: 12.0, Mask Weight: 0.972
Epoch 771/20000, Train Loss: 0.1195, Validation Set Manhattan Distance: 12.0, Mask Weight: 0.972
Epoch 772/20000, Train Loss: 0.1198, Validation Set Manhattan Distance: 12.0, Mask Weight: 0.972
Epoch 773/20000, Train Loss: 0.1191, Validation Set Manhattan Distance: 12.0, Mask Weight: 0.972
Epoch 774/20000, Train Loss: 0.1189, Validation Set Manhattan Distance: 12.0, Mask Weight: 0.972
Epoch 775/20000, Train Loss: 0.1200, Validation Set Manhattan Distance: 12.0, Mask Weight: 0.972
Epoch 776/20000, Train Loss: 0.1185, Validation Set Manhattan Distance: 12.0, Mask Weight: 0.972
Epoch 777/20000, Train Loss: 0.1213, Validation Set Manhattan Distance: 12.0, Mask Weight: 0.972
Epoch 778/20000, Train Loss: 0.1206, Validation Set Manhattan Distance: 12.0, Mask Weight: 0.972
Epoch 779/20000, Train Loss: 0.1196, Validation Set Manhattan Distance: 12.0, Mask Weight: 0.972
Epoch 780/20000, Train Loss: 0.1194, Validation Set Manhattan Distance: 12.0, Mask Weight: 0.972
Epoch 781/20000, Train Loss: 0.1187, Validation Set Manhattan Distance: 12.0, Mask Weight: 0.972
Epoch 782/20000, Train Loss: 0.1189, Validation Set Manhattan Distance: 12.0, Mask Weight: 0.972
Epoch 783/20000, Train Loss: 0.1189, Validation Set Manhattan Distance: 12.0, Mask Weight: 0.972
Epoch 784/20000, Train Loss: 0.1186, Validation Set Manhattan Distance: 12.0, Mask Weight: 0.972
Epoch 785/20000, Train Loss: 0.1189, Validation Set Manhattan Distance: 12.0, Mask Weight: 0.972
Epoch 786/20000, Train Loss: 0.1198, Validation Set Manhattan Distance: 12.0, Mask Weight: 0.972
Epoch 787/20000, Train Loss: 0.1187, Validation Set Manhattan Distance: 12.0, Mask Weight: 0.972
Epoch 788/20000, Train Loss: 0.1195, Validation Set Manhattan Distance: 12.0, Mask Weight: 0.972
Epoch 789/20000, Train Loss: 0.1194, Validation Set Manhattan Distance: 12.0, Mask Weight: 0.972
Epoch 790/20000, Train Loss: 0.1191, Validation Set Manhattan Distance: 12.0, Mask Weight: 0.972
Epoch 791/20000, Train Loss: 0.1190, Validation Set Manhattan Distance: 12.0, Mask Weight: 0.972
Epoch 792/20000, Train Loss: 0.1190, Validation Set Manhattan Distance: 12.0, Mask Weight: 0.972
Epoch 793/20000, Train Loss: 0.1194, Validation Set Manhattan Distance: 12.0, Mask Weight: 0.972
Epoch 794/20000, Train Loss: 0.1191, Validation Set Manhattan Distance: 12.0, Mask Weight: 0.972
Epoch 795/20000, Train Loss: 0.1191, Validation Set Manhattan Distance: 12.0, Mask Weight: 0.972
Epoch 796/20000, Train Loss: 0.1188, Validation Set Manhattan Distance: 12.0, Mask Weight: 0.972
Epoch 797/20000, Train Loss: 0.1191, Validation Set Manhattan Distance: 12.0, Mask Weight: 0.972
Epoch 798/20000, Train Loss: 0.1191, Validation Set Manhattan Distance: 12.0, Mask Weight: 0.972
Epoch 799/20000, Train Loss: 0.1193, Validation Set Manhattan Distance: 12.0, Mask Weight: 0.972
Epoch 800/20000, Train Loss: 0.1188, Validation Set Manhattan Distance: 12.0, Mask Weight: 0.972
Epoch 801/20000, Train Loss: 0.1188, Validation Set Manhattan Distance: 12.0, Mask Weight: 0.972
Epoch 802/20000, Train Loss: 0.1193, Validation Set Manhattan Distance: 12.0, Mask Weight: 0.972
Epoch 803/20000, Train Loss: 0.1183, Validation Set Manhattan Distance: 12.0, Mask Weight: 0.972
Epoch 804/20000, Train Loss: 0.1186, Validation Set Manhattan Distance: 12.0, Mask Weight: 0.972
Epoch 805/20000, Train Loss: 0.1181, Validation Set Manhattan Distance: 12.0, Mask Weight: 0.972
Epoch 806/20000, Train Loss: 0.1192, Validation Set Manhattan Distance: 12.0, Mask Weight: 0.972
Epoch 807/20000, Train Loss: 0.1188, Validation Set Manhattan Distance: 12.0, Mask Weight: 0.972
Epoch 808/20000, Train Loss: 0.1185, Validation Set Manhattan Distance: 12.0, Mask Weight: 0.972
Epoch 809/20000, Train Loss: 0.1186, Validation Set Manhattan Distance: 12.0, Mask Weight: 0.972
Epoch 810/20000, Train Loss: 0.1190, Validation Set Manhattan Distance: 12.0, Mask Weight: 0.972
Epoch 811/20000, Train Loss: 0.1187, Validation Set Manhattan Distance: 12.0, Mask Weight: 0.972
Epoch 812/20000, Train Loss: 0.1194, Validation Set Manhattan Distance: 12.0, Mask Weight: 0.972
Epoch 813/20000, Train Loss: 0.1191, Validation Set Manhattan Distance: 12.0, Mask Weight: 0.972
Epoch 814/20000, Train Loss: 0.1200, Validation Set Manhattan Distance: 12.0, Mask Weight: 0.972
Epoch 815/20000, Train Loss: 0.1193, Validation Set Manhattan Distance: 12.0, Mask Weight: 0.972
Epoch 816/20000, Train Loss: 0.1195, Validation Set Manhattan Distance: 12.0, Mask Weight: 0.972
Epoch 817/20000, Train Loss: 0.1197, Validation Set Manhattan Distance: 12.0, Mask Weight: 0.972
Epoch 818/20000, Train Loss: 0.1200, Validation Set Manhattan Distance: 12.0, Mask Weight: 0.972
Epoch 819/20000, Train Loss: 0.1196, Validation Set Manhattan Distance: 12.0, Mask Weight: 0.972
Epoch 820/20000, Train Loss: 0.1196, Validation Set Manhattan Distance: 12.0, Mask Weight: 0.972
Epoch 821/20000, Train Loss: 0.1191, Validation Set Manhattan Distance: 12.0, Mask Weight: 0.972
Epoch 822/20000, Train Loss: 0.1191, Validation Set Manhattan Distance: 12.0, Mask Weight: 0.972
Epoch 823/20000, Train Loss: 0.1193, Validation Set Manhattan Distance: 12.0, Mask Weight: 0.972
Epoch 824/20000, Train Loss: 0.1187, Validation Set Manhattan Distance: 12.0, Mask Weight: 0.972
Epoch 825/20000, Train Loss: 0.1187, Validation Set Manhattan Distance: 12.0, Mask Weight: 0.972
Epoch 826/20000, Train Loss: 0.1190, Validation Set Manhattan Distance: 12.0, Mask Weight: 0.972
Epoch 827/20000, Train Loss: 0.1187, Validation Set Manhattan Distance: 12.0, Mask Weight: 0.972
Epoch 828/20000, Train Loss: 0.1187, Validation Set Manhattan Distance: 12.0, Mask Weight: 0.972
Epoch 829/20000, Train Loss: 0.1188, Validation Set Manhattan Distance: 12.0, Mask Weight: 0.972
Epoch 830/20000, Train Loss: 0.1189, Validation Set Manhattan Distance: 12.0, Mask Weight: 0.972
Epoch 831/20000, Train Loss: 0.1184, Validation Set Manhattan Distance: 12.0, Mask Weight: 0.972
Epoch 832/20000, Train Loss: 0.1185, Validation Set Manhattan Distance: 12.0, Mask Weight: 0.972
Epoch 833/20000, Train Loss: 0.1184, Validation Set Manhattan Distance: 12.0, Mask Weight: 0.972
Epoch 834/20000, Train Loss: 0.1186, Validation Set Manhattan Distance: 12.0, Mask Weight: 0.972
Epoch 835/20000, Train Loss: 0.1185, Validation Set Manhattan Distance: 12.0, Mask Weight: 0.972
Epoch 836/20000, Train Loss: 0.1192, Validation Set Manhattan Distance: 12.0, Mask Weight: 0.972
Epoch 837/20000, Train Loss: 0.1182, Validation Set Manhattan Distance: 12.0, Mask Weight: 0.972
Epoch 838/20000, Train Loss: 0.1187, Validation Set Manhattan Distance: 12.0, Mask Weight: 0.972
Epoch 839/20000, Train Loss: 0.1189, Validation Set Manhattan Distance: 12.0, Mask Weight: 0.972
Epoch 840/20000, Train Loss: 0.1193, Validation Set Manhattan Distance: 12.0, Mask Weight: 0.972
Epoch 841/20000, Train Loss: 0.1190, Validation Set Manhattan Distance: 12.0, Mask Weight: 0.972
Epoch 842/20000, Train Loss: 0.1198, Validation Set Manhattan Distance: 12.0, Mask Weight: 0.972
Epoch 843/20000, Train Loss: 0.1200, Validation Set Manhattan Distance: 12.0, Mask Weight: 0.972
Epoch 844/20000, Train Loss: 0.1199, Validation Set Manhattan Distance: 12.0, Mask Weight: 0.972
Epoch 845/20000, Train Loss: 0.1201, Validation Set Manhattan Distance: 12.0, Mask Weight: 0.972
Epoch 846/20000, Train Loss: 0.1203, Validation Set Manhattan Distance: 12.0, Mask Weight: 0.972
Epoch 847/20000, Train Loss: 0.1204, Validation Set Manhattan Distance: 12.0, Mask Weight: 0.972
Epoch 848/20000, Train Loss: 0.1206, Validation Set Manhattan Distance: 12.0, Mask Weight: 0.972
Epoch 849/20000, Train Loss: 0.1201, Validation Set Manhattan Distance: 12.0, Mask Weight: 0.972
Epoch 850/20000, Train Loss: 0.1210, Validation Set Manhattan Distance: 12.0, Mask Weight: 0.972
Epoch 851/20000, Train Loss: 0.1213, Validation Set Manhattan Distance: 12.0, Mask Weight: 0.972
Epoch 852/20000, Train Loss: 0.1198, Validation Set Manhattan Distance: 12.0, Mask Weight: 0.972
Epoch 853/20000, Train Loss: 0.1200, Validation Set Manhattan Distance: 12.0, Mask Weight: 0.972
Epoch 854/20000, Train Loss: 0.1199, Validation Set Manhattan Distance: 12.0, Mask Weight: 0.972
Epoch 855/20000, Train Loss: 0.1198, Validation Set Manhattan Distance: 12.0, Mask Weight: 0.972
Epoch 856/20000, Train Loss: 0.1195, Validation Set Manhattan Distance: 12.0, Mask Weight: 0.972
Epoch 857/20000, Train Loss: 0.1191, Validation Set Manhattan Distance: 12.0, Mask Weight: 0.972
Epoch 858/20000, Train Loss: 0.1202, Validation Set Manhattan Distance: 12.0, Mask Weight: 0.972
Epoch 859/20000, Train Loss: 0.1188, Validation Set Manhattan Distance: 12.0, Mask Weight: 0.972
Epoch 860/20000, Train Loss: 0.1194, Validation Set Manhattan Distance: 12.0, Mask Weight: 0.972
Epoch 861/20000, Train Loss: 0.1194, Validation Set Manhattan Distance: 12.0, Mask Weight: 0.972
Epoch 862/20000, Train Loss: 0.1184, Validation Set Manhattan Distance: 12.0, Mask Weight: 0.972
Epoch 863/20000, Train Loss: 0.1186, Validation Set Manhattan Distance: 12.0, Mask Weight: 0.972
Epoch 864/20000, Train Loss: 0.1184, Validation Set Manhattan Distance: 12.0, Mask Weight: 0.972
Epoch 865/20000, Train Loss: 0.1198, Validation Set Manhattan Distance: 12.0, Mask Weight: 0.972
Epoch 866/20000, Train Loss: 0.1186, Validation Set Manhattan Distance: 12.0, Mask Weight: 0.972
Epoch 867/20000, Train Loss: 0.1185, Validation Set Manhattan Distance: 12.0, Mask Weight: 0.972
Epoch 868/20000, Train Loss: 0.1186, Validation Set Manhattan Distance: 12.0, Mask Weight: 0.972
Epoch 869/20000, Train Loss: 0.1194, Validation Set Manhattan Distance: 12.0, Mask Weight: 0.972
Epoch 870/20000, Train Loss: 0.1187, Validation Set Manhattan Distance: 12.0, Mask Weight: 0.972
Epoch 871/20000, Train Loss: 0.1182, Validation Set Manhattan Distance: 12.0, Mask Weight: 0.972
Epoch 872/20000, Train Loss: 0.1183, Validation Set Manhattan Distance: 12.0, Mask Weight: 0.972
Epoch 873/20000, Train Loss: 0.1187, Validation Set Manhattan Distance: 12.0, Mask Weight: 0.972
Epoch 874/20000, Train Loss: 0.1182, Validation Set Manhattan Distance: 12.0, Mask Weight: 0.972
Epoch 875/20000, Train Loss: 0.1187, Validation Set Manhattan Distance: 12.0, Mask Weight: 0.972
Epoch 876/20000, Train Loss: 0.1179, Validation Set Manhattan Distance: 12.0, Mask Weight: 0.972
Epoch 877/20000, Train Loss: 0.1184, Validation Set Manhattan Distance: 12.0, Mask Weight: 0.972
Epoch 878/20000, Train Loss: 0.1180, Validation Set Manhattan Distance: 12.0, Mask Weight: 0.972
Epoch 879/20000, Train Loss: 0.1187, Validation Set Manhattan Distance: 12.0, Mask Weight: 0.972
Epoch 880/20000, Train Loss: 0.1181, Validation Set Manhattan Distance: 12.0, Mask Weight: 0.972
Epoch 881/20000, Train Loss: 0.1184, Validation Set Manhattan Distance: 12.0, Mask Weight: 0.972
Epoch 882/20000, Train Loss: 0.1186, Validation Set Manhattan Distance: 12.0, Mask Weight: 0.972
Epoch 883/20000, Train Loss: 0.1183, Validation Set Manhattan Distance: 12.0, Mask Weight: 0.972
Epoch 884/20000, Train Loss: 0.1181, Validation Set Manhattan Distance: 12.0, Mask Weight: 0.972
Epoch 885/20000, Train Loss: 0.1183, Validation Set Manhattan Distance: 12.0, Mask Weight: 0.972
Epoch 886/20000, Train Loss: 0.1181, Validation Set Manhattan Distance: 12.0, Mask Weight: 0.972
Epoch 887/20000, Train Loss: 0.1186, Validation Set Manhattan Distance: 12.0, Mask Weight: 0.972
Epoch 888/20000, Train Loss: 0.1184, Validation Set Manhattan Distance: 12.0, Mask Weight: 0.972
Epoch 889/20000, Train Loss: 0.1183, Validation Set Manhattan Distance: 12.0, Mask Weight: 0.972
Epoch 890/20000, Train Loss: 0.1180, Validation Set Manhattan Distance: 12.0, Mask Weight: 0.972
Epoch 891/20000, Train Loss: 0.1189, Validation Set Manhattan Distance: 12.0, Mask Weight: 0.972
Epoch 892/20000, Train Loss: 0.1191, Validation Set Manhattan Distance: 12.0, Mask Weight: 0.972
Epoch 893/20000, Train Loss: 0.1183, Validation Set Manhattan Distance: 12.0, Mask Weight: 0.972
Epoch 894/20000, Train Loss: 0.1189, Validation Set Manhattan Distance: 12.0, Mask Weight: 0.972
Epoch 895/20000, Train Loss: 0.1193, Validation Set Manhattan Distance: 12.0, Mask Weight: 0.972
Epoch 896/20000, Train Loss: 0.1191, Validation Set Manhattan Distance: 12.0, Mask Weight: 0.972
Epoch 897/20000, Train Loss: 0.1194, Validation Set Manhattan Distance: 12.0, Mask Weight: 0.972
Epoch 898/20000, Train Loss: 0.1193, Validation Set Manhattan Distance: 12.0, Mask Weight: 0.972
Epoch 899/20000, Train Loss: 0.1195, Validation Set Manhattan Distance: 12.0, Mask Weight: 0.972
Epoch 900/20000, Train Loss: 0.1196, Validation Set Manhattan Distance: 12.0, Mask Weight: 0.972
Epoch 901/20000, Train Loss: 0.1196, Validation Set Manhattan Distance: 12.0, Mask Weight: 0.972
Epoch 902/20000, Train Loss: 0.1205, Validation Set Manhattan Distance: 12.0, Mask Weight: 0.972
Epoch 903/20000, Train Loss: 0.1199, Validation Set Manhattan Distance: 12.0, Mask Weight: 0.972
Epoch 904/20000, Train Loss: 0.1196, Validation Set Manhattan Distance: 12.0, Mask Weight: 0.972
Epoch 905/20000, Train Loss: 0.1188, Validation Set Manhattan Distance: 12.0, Mask Weight: 0.972
Epoch 906/20000, Train Loss: 0.1192, Validation Set Manhattan Distance: 12.0, Mask Weight: 0.972
Epoch 907/20000, Train Loss: 0.1192, Validation Set Manhattan Distance: 12.0, Mask Weight: 0.972
Epoch 908/20000, Train Loss: 0.1200, Validation Set Manhattan Distance: 12.0, Mask Weight: 0.972
Epoch 909/20000, Train Loss: 0.1198, Validation Set Manhattan Distance: 12.0, Mask Weight: 0.972
Epoch 910/20000, Train Loss: 0.1199, Validation Set Manhattan Distance: 12.0, Mask Weight: 0.972
Epoch 911/20000, Train Loss: 0.1188, Validation Set Manhattan Distance: 12.0, Mask Weight: 0.972
Epoch 912/20000, Train Loss: 0.1190, Validation Set Manhattan Distance: 12.0, Mask Weight: 0.972
Epoch 913/20000, Train Loss: 0.1186, Validation Set Manhattan Distance: 12.0, Mask Weight: 0.972
Epoch 914/20000, Train Loss: 0.1188, Validation Set Manhattan Distance: 12.0, Mask Weight: 0.972
Epoch 915/20000, Train Loss: 0.1190, Validation Set Manhattan Distance: 12.0, Mask Weight: 0.972
Epoch 916/20000, Train Loss: 0.1190, Validation Set Manhattan Distance: 12.0, Mask Weight: 0.972
Epoch 917/20000, Train Loss: 0.1181, Validation Set Manhattan Distance: 12.0, Mask Weight: 0.972
Epoch 918/20000, Train Loss: 0.1191, Validation Set Manhattan Distance: 12.0, Mask Weight: 0.972
Epoch 919/20000, Train Loss: 0.1181, Validation Set Manhattan Distance: 12.0, Mask Weight: 0.972
Epoch 920/20000, Train Loss: 0.1185, Validation Set Manhattan Distance: 12.0, Mask Weight: 0.972
Epoch 921/20000, Train Loss: 0.1180, Validation Set Manhattan Distance: 12.0, Mask Weight: 0.972
Epoch 922/20000, Train Loss: 0.1183, Validation Set Manhattan Distance: 12.0, Mask Weight: 0.972
Epoch 923/20000, Train Loss: 0.1191, Validation Set Manhattan Distance: 12.0, Mask Weight: 0.972
Epoch 924/20000, Train Loss: 0.1184, Validation Set Manhattan Distance: 12.0, Mask Weight: 0.972
Epoch 925/20000, Train Loss: 0.1184, Validation Set Manhattan Distance: 12.0, Mask Weight: 0.972
Epoch 926/20000, Train Loss: 0.1187, Validation Set Manhattan Distance: 12.0, Mask Weight: 0.972
Epoch 927/20000, Train Loss: 0.1187, Validation Set Manhattan Distance: 12.0, Mask Weight: 0.972
Epoch 928/20000, Train Loss: 0.1189, Validation Set Manhattan Distance: 12.0, Mask Weight: 0.972
Epoch 929/20000, Train Loss: 0.1195, Validation Set Manhattan Distance: 12.0, Mask Weight: 0.972
Epoch 930/20000, Train Loss: 0.1195, Validation Set Manhattan Distance: 12.0, Mask Weight: 0.972
Epoch 931/20000, Train Loss: 0.1197, Validation Set Manhattan Distance: 12.0, Mask Weight: 0.972