Using device: cuda
Starting training with gradient-based adaptive weighted mask...
Epoch 1/20000, Train Loss: 55.1677, Validation Set Manhattan Distance: 12.0, Mask Weight: 1.000
  -> New best Validation Set Manhattan Distance: 12.0. Model saved.
Epoch 2/20000, Train Loss: 40.5853, Validation Set Manhattan Distance: 12.0, Mask Weight: 1.000
Epoch 3/20000, Train Loss: 32.8478, Validation Set Manhattan Distance: 12.0, Mask Weight: 1.000
Epoch 4/20000, Train Loss: 26.9744, Validation Set Manhattan Distance: 12.0, Mask Weight: 1.000
Epoch 5/20000, Train Loss: 22.4733, Validation Set Manhattan Distance: 12.0, Mask Weight: 1.000
Epoch 6/20000, Train Loss: 18.9017, Validation Set Manhattan Distance: 12.0, Mask Weight: 1.000
Epoch 7/20000, Train Loss: 15.9186, Validation Set Manhattan Distance: 12.0, Mask Weight: 1.000
Epoch 8/20000, Train Loss: 13.3910, Validation Set Manhattan Distance: 12.0, Mask Weight: 1.000
Epoch 9/20000, Train Loss: 11.2381, Validation Set Manhattan Distance: 12.0, Mask Weight: 1.000
Epoch 10/20000, Train Loss: 9.4086, Validation Set Manhattan Distance: 12.0, Mask Weight: 1.000
Epoch 11/20000, Train Loss: 7.8784, Validation Set Manhattan Distance: 12.0, Mask Weight: 1.000
Epoch 12/20000, Train Loss: 6.5984, Validation Set Manhattan Distance: 12.0, Mask Weight: 1.000
Epoch 13/20000, Train Loss: 5.5328, Validation Set Manhattan Distance: 12.0, Mask Weight: 1.000
Epoch 14/20000, Train Loss: 4.6468, Validation Set Manhattan Distance: 12.0, Mask Weight: 1.000
Epoch 15/20000, Train Loss: 3.9073, Validation Set Manhattan Distance: 12.0, Mask Weight: 1.000
Epoch 16/20000, Train Loss: 3.2930, Validation Set Manhattan Distance: 12.0, Mask Weight: 1.000
Epoch 17/20000, Train Loss: 2.7831, Validation Set Manhattan Distance: 12.0, Mask Weight: 1.000
Epoch 18/20000, Train Loss: 2.3562, Validation Set Manhattan Distance: 12.0, Mask Weight: 1.000
Epoch 19/20000, Train Loss: 1.9975, Validation Set Manhattan Distance: 12.0, Mask Weight: 1.000
Epoch 20/20000, Train Loss: 1.6978, Validation Set Manhattan Distance: 12.0, Mask Weight: 1.000
Epoch 21/20000, Train Loss: 1.4458, Validation Set Manhattan Distance: 12.0, Mask Weight: 1.000
Epoch 22/20000, Train Loss: 1.2340, Validation Set Manhattan Distance: 12.0, Mask Weight: 1.000
Epoch 23/20000, Train Loss: 1.0548, Validation Set Manhattan Distance: 12.0, Mask Weight: 1.000
Epoch 24/20000, Train Loss: 0.9047, Validation Set Manhattan Distance: 12.0, Mask Weight: 1.000
Epoch 25/20000, Train Loss: 0.7765, Validation Set Manhattan Distance: 12.0, Mask Weight: 1.000
Epoch 26/20000, Train Loss: 0.6671, Validation Set Manhattan Distance: 12.0, Mask Weight: 1.000
Epoch 27/20000, Train Loss: 0.5747, Validation Set Manhattan Distance: 12.0, Mask Weight: 1.000
Epoch 28/20000, Train Loss: 0.4978, Validation Set Manhattan Distance: 12.0, Mask Weight: 1.000
Epoch 29/20000, Train Loss: 0.4304, Validation Set Manhattan Distance: 12.0, Mask Weight: 1.000
Epoch 30/20000, Train Loss: 0.3727, Validation Set Manhattan Distance: 12.0, Mask Weight: 1.000
Epoch 31/20000, Train Loss: 0.3245, Validation Set Manhattan Distance: 12.0, Mask Weight: 1.000
Epoch 32/20000, Train Loss: 0.2827, Validation Set Manhattan Distance: 12.0, Mask Weight: 1.000
Epoch 33/20000, Train Loss: 0.2481, Validation Set Manhattan Distance: 12.0, Mask Weight: 1.000
Epoch 34/20000, Train Loss: 0.2154, Validation Set Manhattan Distance: 12.0, Mask Weight: 1.000
Epoch 35/20000, Train Loss: 0.1906, Validation Set Manhattan Distance: 12.0, Mask Weight: 1.000
Epoch 36/20000, Train Loss: 0.1680, Validation Set Manhattan Distance: 12.0, Mask Weight: 1.000
Epoch 37/20000, Train Loss: 0.1432, Validation Set Manhattan Distance: 12.0, Mask Weight: 1.000
Epoch 38/20000, Train Loss: 0.1259, Validation Set Manhattan Distance: 12.0, Mask Weight: 1.000
Epoch 39/20000, Train Loss: 0.1066, Validation Set Manhattan Distance: 12.0, Mask Weight: 1.000
  -> Train loss below 0.1. Mask weight reduction is now enabled.
Epoch 40/20000, Train Loss: 0.0926, Validation Set Manhattan Distance: 12.0, Mask Weight: 1.000
  -> Validation Set Manhattan Distance did not improve for 10 epochs.
  -> Unmasked Loss (Gradient Magnitude): 0.8822, Calculated Decrement: 0.0057
  -> Reducing mask weight to 0.994.
  -> Mask weight reduction is now disabled until train loss is below 0.001 again.
Epoch 41/20000, Train Loss: 0.2890, Validation Set Manhattan Distance: 12.0, Mask Weight: 0.994
Epoch 42/20000, Train Loss: 0.1261, Validation Set Manhattan Distance: 12.0, Mask Weight: 0.994
Epoch 43/20000, Train Loss: 0.1178, Validation Set Manhattan Distance: 12.0, Mask Weight: 0.994
Epoch 44/20000, Train Loss: 0.1097, Validation Set Manhattan Distance: 12.0, Mask Weight: 0.994
Epoch 45/20000, Train Loss: 0.1033, Validation Set Manhattan Distance: 12.0, Mask Weight: 0.994
  -> Train loss below 0.1. Mask weight reduction is now enabled.
Epoch 46/20000, Train Loss: 0.0979, Validation Set Manhattan Distance: 12.0, Mask Weight: 0.994
Epoch 47/20000, Train Loss: 0.0934, Validation Set Manhattan Distance: 12.0, Mask Weight: 0.994
Epoch 48/20000, Train Loss: 0.0889, Validation Set Manhattan Distance: 12.0, Mask Weight: 0.994
Epoch 49/20000, Train Loss: 0.0842, Validation Set Manhattan Distance: 12.0, Mask Weight: 0.994
Epoch 50/20000, Train Loss: 0.0796, Validation Set Manhattan Distance: 12.0, Mask Weight: 0.994
  -> Validation Set Manhattan Distance did not improve for 10 epochs.
  -> Unmasked Loss (Gradient Magnitude): 0.0961, Calculated Decrement: 0.0520
  -> Reducing mask weight to 0.942.
  -> Mask weight reduction is now disabled until train loss is below 0.001 again.
Epoch 51/20000, Train Loss: 0.5750, Validation Set Manhattan Distance: 12.0, Mask Weight: 0.942
Epoch 52/20000, Train Loss: 0.5655, Validation Set Manhattan Distance: 12.0, Mask Weight: 0.942
Epoch 53/20000, Train Loss: 0.5606, Validation Set Manhattan Distance: 12.0, Mask Weight: 0.942
Epoch 54/20000, Train Loss: 0.5548, Validation Set Manhattan Distance: 12.0, Mask Weight: 0.942
Epoch 55/20000, Train Loss: 0.5524, Validation Set Manhattan Distance: 12.0, Mask Weight: 0.942
Epoch 56/20000, Train Loss: 0.5498, Validation Set Manhattan Distance: 12.0, Mask Weight: 0.942
Epoch 57/20000, Train Loss: 0.5451, Validation Set Manhattan Distance: 12.0, Mask Weight: 0.942
Epoch 58/20000, Train Loss: 0.5394, Validation Set Manhattan Distance: 12.0, Mask Weight: 0.942
Epoch 59/20000, Train Loss: 0.5359, Validation Set Manhattan Distance: 12.0, Mask Weight: 0.942
Epoch 60/20000, Train Loss: 0.5329, Validation Set Manhattan Distance: 12.0, Mask Weight: 0.942
Epoch 61/20000, Train Loss: 0.5429, Validation Set Manhattan Distance: 12.0, Mask Weight: 0.942
Epoch 62/20000, Train Loss: 0.5303, Validation Set Manhattan Distance: 12.0, Mask Weight: 0.942
Epoch 63/20000, Train Loss: 0.5256, Validation Set Manhattan Distance: 12.0, Mask Weight: 0.942
Epoch 64/20000, Train Loss: 0.5224, Validation Set Manhattan Distance: 12.0, Mask Weight: 0.942
Epoch 65/20000, Train Loss: 0.5090, Validation Set Manhattan Distance: 12.0, Mask Weight: 0.942
Epoch 66/20000, Train Loss: 0.4879, Validation Set Manhattan Distance: 12.0, Mask Weight: 0.942
Epoch 67/20000, Train Loss: 0.4600, Validation Set Manhattan Distance: 12.0, Mask Weight: 0.942
Epoch 68/20000, Train Loss: 0.4414, Validation Set Manhattan Distance: 12.0, Mask Weight: 0.942
Epoch 69/20000, Train Loss: 0.4179, Validation Set Manhattan Distance: 12.0, Mask Weight: 0.942
Epoch 70/20000, Train Loss: 0.3950, Validation Set Manhattan Distance: 12.0, Mask Weight: 0.942
Epoch 71/20000, Train Loss: 0.3790, Validation Set Manhattan Distance: 12.0, Mask Weight: 0.942
Epoch 72/20000, Train Loss: 0.3765, Validation Set Manhattan Distance: 12.0, Mask Weight: 0.942
Epoch 73/20000, Train Loss: 0.3684, Validation Set Manhattan Distance: 12.0, Mask Weight: 0.942
Epoch 74/20000, Train Loss: 0.3496, Validation Set Manhattan Distance: 12.0, Mask Weight: 0.942
Epoch 75/20000, Train Loss: 0.3453, Validation Set Manhattan Distance: 12.0, Mask Weight: 0.942
Epoch 76/20000, Train Loss: 0.3606, Validation Set Manhattan Distance: 12.0, Mask Weight: 0.942
Epoch 77/20000, Train Loss: 0.3889, Validation Set Manhattan Distance: 12.0, Mask Weight: 0.942
Epoch 78/20000, Train Loss: 0.3514, Validation Set Manhattan Distance: 12.0, Mask Weight: 0.942
Epoch 79/20000, Train Loss: 0.3455, Validation Set Manhattan Distance: 12.0, Mask Weight: 0.942
Epoch 80/20000, Train Loss: 0.3415, Validation Set Manhattan Distance: 12.0, Mask Weight: 0.942
Epoch 81/20000, Train Loss: 0.3308, Validation Set Manhattan Distance: 12.0, Mask Weight: 0.942
Epoch 82/20000, Train Loss: 0.3166, Validation Set Manhattan Distance: 12.0, Mask Weight: 0.942
Epoch 83/20000, Train Loss: 0.3342, Validation Set Manhattan Distance: 12.0, Mask Weight: 0.942
Epoch 84/20000, Train Loss: 0.3122, Validation Set Manhattan Distance: 12.0, Mask Weight: 0.942
Epoch 85/20000, Train Loss: 0.3078, Validation Set Manhattan Distance: 12.0, Mask Weight: 0.942
Epoch 86/20000, Train Loss: 0.3256, Validation Set Manhattan Distance: 12.0, Mask Weight: 0.942
Epoch 87/20000, Train Loss: 0.3283, Validation Set Manhattan Distance: 12.0, Mask Weight: 0.942
Epoch 88/20000, Train Loss: 0.3273, Validation Set Manhattan Distance: 12.0, Mask Weight: 0.942
Epoch 89/20000, Train Loss: 0.3747, Validation Set Manhattan Distance: 12.0, Mask Weight: 0.942
Epoch 90/20000, Train Loss: 0.3135, Validation Set Manhattan Distance: 12.0, Mask Weight: 0.942
Epoch 91/20000, Train Loss: 0.3031, Validation Set Manhattan Distance: 12.0, Mask Weight: 0.942
Epoch 92/20000, Train Loss: 0.3013, Validation Set Manhattan Distance: 12.0, Mask Weight: 0.942
Epoch 93/20000, Train Loss: 0.2905, Validation Set Manhattan Distance: 12.0, Mask Weight: 0.942
Epoch 94/20000, Train Loss: 0.2917, Validation Set Manhattan Distance: 12.0, Mask Weight: 0.942
Epoch 95/20000, Train Loss: 0.2887, Validation Set Manhattan Distance: 12.0, Mask Weight: 0.942
Epoch 96/20000, Train Loss: 0.2898, Validation Set Manhattan Distance: 12.0, Mask Weight: 0.942
Epoch 97/20000, Train Loss: 0.2912, Validation Set Manhattan Distance: 12.0, Mask Weight: 0.942
Epoch 98/20000, Train Loss: 0.2765, Validation Set Manhattan Distance: 12.0, Mask Weight: 0.942
Epoch 99/20000, Train Loss: 0.2785, Validation Set Manhattan Distance: 12.0, Mask Weight: 0.942
Epoch 100/20000, Train Loss: 0.3018, Validation Set Manhattan Distance: 12.0, Mask Weight: 0.942
Epoch 101/20000, Train Loss: 0.2726, Validation Set Manhattan Distance: 12.0, Mask Weight: 0.942
Epoch 102/20000, Train Loss: 0.2744, Validation Set Manhattan Distance: 12.0, Mask Weight: 0.942
Epoch 103/20000, Train Loss: 0.2690, Validation Set Manhattan Distance: 12.0, Mask Weight: 0.942
Epoch 104/20000, Train Loss: 0.2690, Validation Set Manhattan Distance: 12.0, Mask Weight: 0.942
Epoch 105/20000, Train Loss: 0.2817, Validation Set Manhattan Distance: 12.0, Mask Weight: 0.942
Epoch 106/20000, Train Loss: 0.3410, Validation Set Manhattan Distance: 12.0, Mask Weight: 0.942
Epoch 107/20000, Train Loss: 0.3050, Validation Set Manhattan Distance: 12.0, Mask Weight: 0.942
Epoch 108/20000, Train Loss: 0.2817, Validation Set Manhattan Distance: 12.0, Mask Weight: 0.942
Epoch 109/20000, Train Loss: 0.2675, Validation Set Manhattan Distance: 12.0, Mask Weight: 0.942
Epoch 110/20000, Train Loss: 0.2700, Validation Set Manhattan Distance: 12.0, Mask Weight: 0.942
Epoch 111/20000, Train Loss: 0.2635, Validation Set Manhattan Distance: 12.0, Mask Weight: 0.942
Epoch 112/20000, Train Loss: 0.2624, Validation Set Manhattan Distance: 12.0, Mask Weight: 0.942
Epoch 113/20000, Train Loss: 0.2637, Validation Set Manhattan Distance: 12.0, Mask Weight: 0.942
Epoch 114/20000, Train Loss: 0.2622, Validation Set Manhattan Distance: 12.0, Mask Weight: 0.942
Epoch 115/20000, Train Loss: 0.3208, Validation Set Manhattan Distance: 12.0, Mask Weight: 0.942
Epoch 116/20000, Train Loss: 0.2773, Validation Set Manhattan Distance: 12.0, Mask Weight: 0.942
Epoch 117/20000, Train Loss: 0.2676, Validation Set Manhattan Distance: 12.0, Mask Weight: 0.942
Epoch 118/20000, Train Loss: 0.2639, Validation Set Manhattan Distance: 12.0, Mask Weight: 0.942
Epoch 119/20000, Train Loss: 0.2621, Validation Set Manhattan Distance: 12.0, Mask Weight: 0.942
Epoch 120/20000, Train Loss: 0.2676, Validation Set Manhattan Distance: 12.0, Mask Weight: 0.942
Epoch 121/20000, Train Loss: 0.2626, Validation Set Manhattan Distance: 18.0, Mask Weight: 0.942
Epoch 122/20000, Train Loss: 0.2656, Validation Set Manhattan Distance: 12.0, Mask Weight: 0.942
Epoch 123/20000, Train Loss: 0.2671, Validation Set Manhattan Distance: 13.0, Mask Weight: 0.942
Epoch 124/20000, Train Loss: 0.2610, Validation Set Manhattan Distance: 12.0, Mask Weight: 0.942
Epoch 125/20000, Train Loss: 0.2662, Validation Set Manhattan Distance: 12.0, Mask Weight: 0.942
Epoch 126/20000, Train Loss: 0.2809, Validation Set Manhattan Distance: 12.0, Mask Weight: 0.942
Epoch 127/20000, Train Loss: 0.3485, Validation Set Manhattan Distance: 12.0, Mask Weight: 0.942
Epoch 128/20000, Train Loss: 0.2827, Validation Set Manhattan Distance: 12.0, Mask Weight: 0.942
Epoch 129/20000, Train Loss: 0.2906, Validation Set Manhattan Distance: 12.0, Mask Weight: 0.942
Epoch 130/20000, Train Loss: 0.2677, Validation Set Manhattan Distance: 12.0, Mask Weight: 0.942
Epoch 131/20000, Train Loss: 0.2682, Validation Set Manhattan Distance: 12.0, Mask Weight: 0.942
Epoch 132/20000, Train Loss: 0.2562, Validation Set Manhattan Distance: 12.0, Mask Weight: 0.942
Epoch 133/20000, Train Loss: 0.2572, Validation Set Manhattan Distance: 12.0, Mask Weight: 0.942
Epoch 134/20000, Train Loss: 0.2580, Validation Set Manhattan Distance: 12.0, Mask Weight: 0.942
Epoch 135/20000, Train Loss: 0.2542, Validation Set Manhattan Distance: 12.0, Mask Weight: 0.942
Epoch 136/20000, Train Loss: 0.2530, Validation Set Manhattan Distance: 16.0, Mask Weight: 0.942
Epoch 137/20000, Train Loss: 0.2541, Validation Set Manhattan Distance: 16.0, Mask Weight: 0.942
Epoch 138/20000, Train Loss: 0.2568, Validation Set Manhattan Distance: 18.0, Mask Weight: 0.942
Epoch 139/20000, Train Loss: 0.2557, Validation Set Manhattan Distance: 16.0, Mask Weight: 0.942
Epoch 140/20000, Train Loss: 0.2570, Validation Set Manhattan Distance: 16.0, Mask Weight: 0.942
Epoch 141/20000, Train Loss: 0.2546, Validation Set Manhattan Distance: 18.0, Mask Weight: 0.942
Epoch 142/20000, Train Loss: 0.2524, Validation Set Manhattan Distance: 18.0, Mask Weight: 0.942
Epoch 143/20000, Train Loss: 0.2528, Validation Set Manhattan Distance: 18.0, Mask Weight: 0.942
Epoch 144/20000, Train Loss: 0.2510, Validation Set Manhattan Distance: 18.0, Mask Weight: 0.942
Epoch 145/20000, Train Loss: 0.2532, Validation Set Manhattan Distance: 18.0, Mask Weight: 0.942
Epoch 146/20000, Train Loss: 0.2508, Validation Set Manhattan Distance: 18.0, Mask Weight: 0.942
Epoch 147/20000, Train Loss: 0.2519, Validation Set Manhattan Distance: 18.0, Mask Weight: 0.942
Epoch 148/20000, Train Loss: 0.2513, Validation Set Manhattan Distance: 18.0, Mask Weight: 0.942
Epoch 149/20000, Train Loss: 0.2507, Validation Set Manhattan Distance: 18.0, Mask Weight: 0.942
Epoch 150/20000, Train Loss: 0.2511, Validation Set Manhattan Distance: 18.0, Mask Weight: 0.942
Epoch 151/20000, Train Loss: 0.2553, Validation Set Manhattan Distance: 18.0, Mask Weight: 0.942
Epoch 152/20000, Train Loss: 0.2653, Validation Set Manhattan Distance: 18.0, Mask Weight: 0.942
Epoch 153/20000, Train Loss: 0.2566, Validation Set Manhattan Distance: 18.0, Mask Weight: 0.942
Epoch 154/20000, Train Loss: 0.2558, Validation Set Manhattan Distance: 18.0, Mask Weight: 0.942
Epoch 155/20000, Train Loss: 0.2512, Validation Set Manhattan Distance: 18.0, Mask Weight: 0.942
Epoch 156/20000, Train Loss: 0.2542, Validation Set Manhattan Distance: 18.0, Mask Weight: 0.942
Epoch 157/20000, Train Loss: 0.2499, Validation Set Manhattan Distance: 18.0, Mask Weight: 0.942
Epoch 158/20000, Train Loss: 0.2511, Validation Set Manhattan Distance: 18.0, Mask Weight: 0.942
Epoch 159/20000, Train Loss: 0.2541, Validation Set Manhattan Distance: 18.0, Mask Weight: 0.942
Epoch 160/20000, Train Loss: 0.2528, Validation Set Manhattan Distance: 18.0, Mask Weight: 0.942
Epoch 161/20000, Train Loss: 0.2530, Validation Set Manhattan Distance: 18.0, Mask Weight: 0.942
Epoch 162/20000, Train Loss: 0.2512, Validation Set Manhattan Distance: 18.0, Mask Weight: 0.942
Epoch 163/20000, Train Loss: 0.2522, Validation Set Manhattan Distance: 18.0, Mask Weight: 0.942
Epoch 164/20000, Train Loss: 0.2614, Validation Set Manhattan Distance: 18.0, Mask Weight: 0.942
Epoch 165/20000, Train Loss: 0.2681, Validation Set Manhattan Distance: 16.0, Mask Weight: 0.942
Epoch 166/20000, Train Loss: 0.2508, Validation Set Manhattan Distance: 18.0, Mask Weight: 0.942
Epoch 167/20000, Train Loss: 0.2558, Validation Set Manhattan Distance: 16.0, Mask Weight: 0.942
Epoch 168/20000, Train Loss: 0.2556, Validation Set Manhattan Distance: 18.0, Mask Weight: 0.942
Epoch 169/20000, Train Loss: 0.2522, Validation Set Manhattan Distance: 18.0, Mask Weight: 0.942
Epoch 170/20000, Train Loss: 0.2496, Validation Set Manhattan Distance: 18.0, Mask Weight: 0.942
Epoch 171/20000, Train Loss: 0.2506, Validation Set Manhattan Distance: 18.0, Mask Weight: 0.942
Epoch 172/20000, Train Loss: 0.2489, Validation Set Manhattan Distance: 18.0, Mask Weight: 0.942
Epoch 173/20000, Train Loss: 0.2516, Validation Set Manhattan Distance: 18.0, Mask Weight: 0.942
Epoch 174/20000, Train Loss: 0.2500, Validation Set Manhattan Distance: 18.0, Mask Weight: 0.942
Epoch 175/20000, Train Loss: 0.3161, Validation Set Manhattan Distance: 18.0, Mask Weight: 0.942
Epoch 176/20000, Train Loss: 1.3811, Validation Set Manhattan Distance: 12.0, Mask Weight: 0.942
Epoch 177/20000, Train Loss: 0.6056, Validation Set Manhattan Distance: 12.0, Mask Weight: 0.942
Epoch 178/20000, Train Loss: 0.4464, Validation Set Manhattan Distance: 12.0, Mask Weight: 0.942
Epoch 179/20000, Train Loss: 0.3674, Validation Set Manhattan Distance: 12.0, Mask Weight: 0.942
Epoch 180/20000, Train Loss: 0.3604, Validation Set Manhattan Distance: 12.0, Mask Weight: 0.942
Epoch 181/20000, Train Loss: 0.3296, Validation Set Manhattan Distance: 12.0, Mask Weight: 0.942
Epoch 182/20000, Train Loss: 0.3042, Validation Set Manhattan Distance: 12.0, Mask Weight: 0.942
Epoch 183/20000, Train Loss: 0.2862, Validation Set Manhattan Distance: 12.0, Mask Weight: 0.942
Epoch 184/20000, Train Loss: 0.2752, Validation Set Manhattan Distance: 12.0, Mask Weight: 0.942
Epoch 185/20000, Train Loss: 0.2673, Validation Set Manhattan Distance: 12.0, Mask Weight: 0.942
Epoch 186/20000, Train Loss: 0.2619, Validation Set Manhattan Distance: 12.0, Mask Weight: 0.942
Epoch 187/20000, Train Loss: 0.2578, Validation Set Manhattan Distance: 12.0, Mask Weight: 0.942
Epoch 188/20000, Train Loss: 0.2575, Validation Set Manhattan Distance: 12.0, Mask Weight: 0.942
Epoch 189/20000, Train Loss: 0.2556, Validation Set Manhattan Distance: 12.0, Mask Weight: 0.942
Epoch 190/20000, Train Loss: 0.2543, Validation Set Manhattan Distance: 12.0, Mask Weight: 0.942
Epoch 191/20000, Train Loss: 0.2551, Validation Set Manhattan Distance: 12.0, Mask Weight: 0.942
Epoch 192/20000, Train Loss: 0.2527, Validation Set Manhattan Distance: 12.0, Mask Weight: 0.942
Epoch 193/20000, Train Loss: 0.2522, Validation Set Manhattan Distance: 12.0, Mask Weight: 0.942
Epoch 194/20000, Train Loss: 0.2520, Validation Set Manhattan Distance: 12.0, Mask Weight: 0.942
Epoch 195/20000, Train Loss: 0.2500, Validation Set Manhattan Distance: 12.0, Mask Weight: 0.942
Epoch 196/20000, Train Loss: 0.2501, Validation Set Manhattan Distance: 12.0, Mask Weight: 0.942
Epoch 197/20000, Train Loss: 0.2492, Validation Set Manhattan Distance: 12.0, Mask Weight: 0.942
Epoch 198/20000, Train Loss: 0.2593, Validation Set Manhattan Distance: 12.0, Mask Weight: 0.942
Epoch 199/20000, Train Loss: 0.2583, Validation Set Manhattan Distance: 12.0, Mask Weight: 0.942
Epoch 200/20000, Train Loss: 0.2547, Validation Set Manhattan Distance: 12.0, Mask Weight: 0.942
Epoch 201/20000, Train Loss: 0.2512, Validation Set Manhattan Distance: 12.0, Mask Weight: 0.942
Epoch 202/20000, Train Loss: 0.2510, Validation Set Manhattan Distance: 12.0, Mask Weight: 0.942
Epoch 203/20000, Train Loss: 0.2487, Validation Set Manhattan Distance: 12.0, Mask Weight: 0.942
Epoch 204/20000, Train Loss: 0.2506, Validation Set Manhattan Distance: 12.0, Mask Weight: 0.942
Epoch 205/20000, Train Loss: 0.2502, Validation Set Manhattan Distance: 12.0, Mask Weight: 0.942
Epoch 206/20000, Train Loss: 0.2506, Validation Set Manhattan Distance: 12.0, Mask Weight: 0.942
Epoch 207/20000, Train Loss: 0.2490, Validation Set Manhattan Distance: 12.0, Mask Weight: 0.942
Epoch 208/20000, Train Loss: 0.2500, Validation Set Manhattan Distance: 12.0, Mask Weight: 0.942
Epoch 209/20000, Train Loss: 0.2497, Validation Set Manhattan Distance: 12.0, Mask Weight: 0.942
Epoch 210/20000, Train Loss: 0.2490, Validation Set Manhattan Distance: 12.0, Mask Weight: 0.942
Epoch 211/20000, Train Loss: 0.2484, Validation Set Manhattan Distance: 12.0, Mask Weight: 0.942
Epoch 212/20000, Train Loss: 0.2523, Validation Set Manhattan Distance: 12.0, Mask Weight: 0.942
Epoch 213/20000, Train Loss: 0.2492, Validation Set Manhattan Distance: 12.0, Mask Weight: 0.942
Epoch 214/20000, Train Loss: 0.2497, Validation Set Manhattan Distance: 12.0, Mask Weight: 0.942
Epoch 215/20000, Train Loss: 0.2492, Validation Set Manhattan Distance: 12.0, Mask Weight: 0.942
Epoch 216/20000, Train Loss: 0.2475, Validation Set Manhattan Distance: 12.0, Mask Weight: 0.942
Epoch 217/20000, Train Loss: 0.2498, Validation Set Manhattan Distance: 12.0, Mask Weight: 0.942
Epoch 218/20000, Train Loss: 0.2492, Validation Set Manhattan Distance: 12.0, Mask Weight: 0.942
Epoch 219/20000, Train Loss: 0.2493, Validation Set Manhattan Distance: 12.0, Mask Weight: 0.942
Epoch 220/20000, Train Loss: 0.2493, Validation Set Manhattan Distance: 12.0, Mask Weight: 0.942
Epoch 221/20000, Train Loss: 0.2482, Validation Set Manhattan Distance: 12.0, Mask Weight: 0.942
Epoch 222/20000, Train Loss: 0.2480, Validation Set Manhattan Distance: 12.0, Mask Weight: 0.942
Epoch 223/20000, Train Loss: 0.2478, Validation Set Manhattan Distance: 12.0, Mask Weight: 0.942
Epoch 224/20000, Train Loss: 0.2468, Validation Set Manhattan Distance: 12.0, Mask Weight: 0.942
Epoch 225/20000, Train Loss: 0.2486, Validation Set Manhattan Distance: 12.0, Mask Weight: 0.942
Epoch 226/20000, Train Loss: 0.2483, Validation Set Manhattan Distance: 12.0, Mask Weight: 0.942
Epoch 227/20000, Train Loss: 0.2492, Validation Set Manhattan Distance: 12.0, Mask Weight: 0.942
Epoch 228/20000, Train Loss: 0.2480, Validation Set Manhattan Distance: 12.0, Mask Weight: 0.942
Epoch 229/20000, Train Loss: 0.2473, Validation Set Manhattan Distance: 12.0, Mask Weight: 0.942
Epoch 230/20000, Train Loss: 0.2467, Validation Set Manhattan Distance: 12.0, Mask Weight: 0.942
Epoch 231/20000, Train Loss: 0.2482, Validation Set Manhattan Distance: 12.0, Mask Weight: 0.942
Epoch 232/20000, Train Loss: 0.2465, Validation Set Manhattan Distance: 12.0, Mask Weight: 0.942
Epoch 233/20000, Train Loss: 0.2480, Validation Set Manhattan Distance: 12.0, Mask Weight: 0.942
Epoch 234/20000, Train Loss: 0.2468, Validation Set Manhattan Distance: 12.0, Mask Weight: 0.942
Epoch 235/20000, Train Loss: 0.2471, Validation Set Manhattan Distance: 12.0, Mask Weight: 0.942
Epoch 236/20000, Train Loss: 0.2471, Validation Set Manhattan Distance: 12.0, Mask Weight: 0.942
Epoch 237/20000, Train Loss: 0.2477, Validation Set Manhattan Distance: 12.0, Mask Weight: 0.942
Epoch 238/20000, Train Loss: 0.2466, Validation Set Manhattan Distance: 12.0, Mask Weight: 0.942
Epoch 239/20000, Train Loss: 0.2471, Validation Set Manhattan Distance: 12.0, Mask Weight: 0.942
Epoch 240/20000, Train Loss: 0.2473, Validation Set Manhattan Distance: 12.0, Mask Weight: 0.942
Epoch 241/20000, Train Loss: 0.2476, Validation Set Manhattan Distance: 12.0, Mask Weight: 0.942
Epoch 242/20000, Train Loss: 0.2466, Validation Set Manhattan Distance: 12.0, Mask Weight: 0.942
Epoch 243/20000, Train Loss: 0.2476, Validation Set Manhattan Distance: 12.0, Mask Weight: 0.942
Epoch 244/20000, Train Loss: 0.2471, Validation Set Manhattan Distance: 12.0, Mask Weight: 0.942
Epoch 245/20000, Train Loss: 0.2464, Validation Set Manhattan Distance: 12.0, Mask Weight: 0.942
Epoch 246/20000, Train Loss: 0.2463, Validation Set Manhattan Distance: 12.0, Mask Weight: 0.942
Epoch 247/20000, Train Loss: 0.2503, Validation Set Manhattan Distance: 12.0, Mask Weight: 0.942
Epoch 248/20000, Train Loss: 0.2476, Validation Set Manhattan Distance: 12.0, Mask Weight: 0.942
Epoch 249/20000, Train Loss: 0.2451, Validation Set Manhattan Distance: 12.0, Mask Weight: 0.942
Epoch 250/20000, Train Loss: 0.2454, Validation Set Manhattan Distance: 12.0, Mask Weight: 0.942
Epoch 251/20000, Train Loss: 0.2452, Validation Set Manhattan Distance: 12.0, Mask Weight: 0.942
Epoch 252/20000, Train Loss: 0.2463, Validation Set Manhattan Distance: 12.0, Mask Weight: 0.942
Epoch 253/20000, Train Loss: 0.2462, Validation Set Manhattan Distance: 12.0, Mask Weight: 0.942
Epoch 254/20000, Train Loss: 0.2458, Validation Set Manhattan Distance: 12.0, Mask Weight: 0.942
Epoch 255/20000, Train Loss: 0.2466, Validation Set Manhattan Distance: 12.0, Mask Weight: 0.942
Epoch 256/20000, Train Loss: 0.2462, Validation Set Manhattan Distance: 12.0, Mask Weight: 0.942
Epoch 257/20000, Train Loss: 0.2489, Validation Set Manhattan Distance: 12.0, Mask Weight: 0.942
Epoch 258/20000, Train Loss: 0.2475, Validation Set Manhattan Distance: 12.0, Mask Weight: 0.942
Epoch 259/20000, Train Loss: 0.2488, Validation Set Manhattan Distance: 12.0, Mask Weight: 0.942
Epoch 260/20000, Train Loss: 0.2487, Validation Set Manhattan Distance: 12.0, Mask Weight: 0.942
Epoch 261/20000, Train Loss: 0.2473, Validation Set Manhattan Distance: 12.0, Mask Weight: 0.942
Epoch 262/20000, Train Loss: 0.2474, Validation Set Manhattan Distance: 12.0, Mask Weight: 0.942
Epoch 263/20000, Train Loss: 0.2465, Validation Set Manhattan Distance: 12.0, Mask Weight: 0.942
Epoch 264/20000, Train Loss: 0.2464, Validation Set Manhattan Distance: 12.0, Mask Weight: 0.942
Epoch 265/20000, Train Loss: 0.2462, Validation Set Manhattan Distance: 12.0, Mask Weight: 0.942
Epoch 266/20000, Train Loss: 0.2444, Validation Set Manhattan Distance: 12.0, Mask Weight: 0.942
Epoch 267/20000, Train Loss: 0.2450, Validation Set Manhattan Distance: 12.0, Mask Weight: 0.942
Epoch 268/20000, Train Loss: 0.2484, Validation Set Manhattan Distance: 12.0, Mask Weight: 0.942
Epoch 269/20000, Train Loss: 0.2457, Validation Set Manhattan Distance: 12.0, Mask Weight: 0.942
Epoch 270/20000, Train Loss: 0.2473, Validation Set Manhattan Distance: 12.0, Mask Weight: 0.942
Epoch 271/20000, Train Loss: 0.2457, Validation Set Manhattan Distance: 12.0, Mask Weight: 0.942
Epoch 272/20000, Train Loss: 0.2512, Validation Set Manhattan Distance: 12.0, Mask Weight: 0.942
Epoch 273/20000, Train Loss: 0.2472, Validation Set Manhattan Distance: 12.0, Mask Weight: 0.942
Epoch 274/20000, Train Loss: 0.2494, Validation Set Manhattan Distance: 12.0, Mask Weight: 0.942
Epoch 275/20000, Train Loss: 0.2485, Validation Set Manhattan Distance: 12.0, Mask Weight: 0.942
Epoch 276/20000, Train Loss: 0.2466, Validation Set Manhattan Distance: 12.0, Mask Weight: 0.942
Epoch 277/20000, Train Loss: 0.2470, Validation Set Manhattan Distance: 12.0, Mask Weight: 0.942
Epoch 278/20000, Train Loss: 0.2464, Validation Set Manhattan Distance: 12.0, Mask Weight: 0.942
Epoch 279/20000, Train Loss: 0.2470, Validation Set Manhattan Distance: 12.0, Mask Weight: 0.942
Epoch 280/20000, Train Loss: 0.2464, Validation Set Manhattan Distance: 12.0, Mask Weight: 0.942
Epoch 281/20000, Train Loss: 0.2471, Validation Set Manhattan Distance: 12.0, Mask Weight: 0.942
Epoch 282/20000, Train Loss: 0.2471, Validation Set Manhattan Distance: 12.0, Mask Weight: 0.942
Epoch 283/20000, Train Loss: 0.2481, Validation Set Manhattan Distance: 12.0, Mask Weight: 0.942
Epoch 284/20000, Train Loss: 0.2479, Validation Set Manhattan Distance: 12.0, Mask Weight: 0.942
Epoch 285/20000, Train Loss: 0.2490, Validation Set Manhattan Distance: 12.0, Mask Weight: 0.942
Epoch 286/20000, Train Loss: 0.2452, Validation Set Manhattan Distance: 12.0, Mask Weight: 0.942
Epoch 287/20000, Train Loss: 0.2468, Validation Set Manhattan Distance: 12.0, Mask Weight: 0.942
Epoch 288/20000, Train Loss: 0.2459, Validation Set Manhattan Distance: 12.0, Mask Weight: 0.942
Epoch 289/20000, Train Loss: 0.2465, Validation Set Manhattan Distance: 12.0, Mask Weight: 0.942
Epoch 290/20000, Train Loss: 0.2463, Validation Set Manhattan Distance: 12.0, Mask Weight: 0.942
Epoch 291/20000, Train Loss: 0.2452, Validation Set Manhattan Distance: 18.0, Mask Weight: 0.942
Epoch 292/20000, Train Loss: 0.2459, Validation Set Manhattan Distance: 12.0, Mask Weight: 0.942
Epoch 293/20000, Train Loss: 0.2463, Validation Set Manhattan Distance: 12.0, Mask Weight: 0.942
Epoch 294/20000, Train Loss: 0.2493, Validation Set Manhattan Distance: 16.0, Mask Weight: 0.942
Epoch 295/20000, Train Loss: 0.2449, Validation Set Manhattan Distance: 12.0, Mask Weight: 0.942
Epoch 296/20000, Train Loss: 0.2460, Validation Set Manhattan Distance: 12.0, Mask Weight: 0.942
Epoch 297/20000, Train Loss: 0.2461, Validation Set Manhattan Distance: 16.0, Mask Weight: 0.942
Epoch 298/20000, Train Loss: 0.2454, Validation Set Manhattan Distance: 12.0, Mask Weight: 0.942
Epoch 299/20000, Train Loss: 0.2461, Validation Set Manhattan Distance: 12.0, Mask Weight: 0.942
Epoch 300/20000, Train Loss: 0.2457, Validation Set Manhattan Distance: 18.0, Mask Weight: 0.942
Epoch 301/20000, Train Loss: 0.2475, Validation Set Manhattan Distance: 12.0, Mask Weight: 0.942
Epoch 302/20000, Train Loss: 0.2459, Validation Set Manhattan Distance: 16.0, Mask Weight: 0.942
Epoch 303/20000, Train Loss: 0.2478, Validation Set Manhattan Distance: 12.0, Mask Weight: 0.942
Epoch 304/20000, Train Loss: 0.2448, Validation Set Manhattan Distance: 12.0, Mask Weight: 0.942
Epoch 305/20000, Train Loss: 0.2514, Validation Set Manhattan Distance: 12.0, Mask Weight: 0.942
Epoch 306/20000, Train Loss: 0.4352, Validation Set Manhattan Distance: 18.0, Mask Weight: 0.942
Epoch 307/20000, Train Loss: 0.9805, Validation Set Manhattan Distance: 12.0, Mask Weight: 0.942
Epoch 308/20000, Train Loss: 0.7096, Validation Set Manhattan Distance: 12.0, Mask Weight: 0.942
Epoch 309/20000, Train Loss: 0.6909, Validation Set Manhattan Distance: 12.0, Mask Weight: 0.942
Epoch 310/20000, Train Loss: 0.6666, Validation Set Manhattan Distance: 12.0, Mask Weight: 0.942
Epoch 311/20000, Train Loss: 0.6292, Validation Set Manhattan Distance: 12.0, Mask Weight: 0.942
Epoch 312/20000, Train Loss: 0.5784, Validation Set Manhattan Distance: 12.0, Mask Weight: 0.942
Epoch 313/20000, Train Loss: 0.5285, Validation Set Manhattan Distance: 12.0, Mask Weight: 0.942
Epoch 314/20000, Train Loss: 0.5023, Validation Set Manhattan Distance: 12.0, Mask Weight: 0.942
Epoch 315/20000, Train Loss: 0.4786, Validation Set Manhattan Distance: 12.0, Mask Weight: 0.942
Epoch 316/20000, Train Loss: 0.4561, Validation Set Manhattan Distance: 12.0, Mask Weight: 0.942
Epoch 317/20000, Train Loss: 0.4445, Validation Set Manhattan Distance: 12.0, Mask Weight: 0.942
Epoch 318/20000, Train Loss: 0.4342, Validation Set Manhattan Distance: 12.0, Mask Weight: 0.942
Epoch 319/20000, Train Loss: 0.4231, Validation Set Manhattan Distance: 12.0, Mask Weight: 0.942
Epoch 320/20000, Train Loss: 0.4151, Validation Set Manhattan Distance: 12.0, Mask Weight: 0.942
Epoch 321/20000, Train Loss: 0.4078, Validation Set Manhattan Distance: 12.0, Mask Weight: 0.942
Epoch 322/20000, Train Loss: 0.3999, Validation Set Manhattan Distance: 12.0, Mask Weight: 0.942
Epoch 323/20000, Train Loss: 0.3916, Validation Set Manhattan Distance: 12.0, Mask Weight: 0.942
Epoch 324/20000, Train Loss: 0.3715, Validation Set Manhattan Distance: 12.0, Mask Weight: 0.942
Epoch 325/20000, Train Loss: 0.3586, Validation Set Manhattan Distance: 12.0, Mask Weight: 0.942
Epoch 326/20000, Train Loss: 0.3254, Validation Set Manhattan Distance: 12.0, Mask Weight: 0.942
Epoch 327/20000, Train Loss: 0.3177, Validation Set Manhattan Distance: 12.0, Mask Weight: 0.942
Epoch 328/20000, Train Loss: 0.3013, Validation Set Manhattan Distance: 12.0, Mask Weight: 0.942
Epoch 329/20000, Train Loss: 0.2950, Validation Set Manhattan Distance: 12.0, Mask Weight: 0.942
Epoch 330/20000, Train Loss: 0.3269, Validation Set Manhattan Distance: 12.0, Mask Weight: 0.942
Epoch 331/20000, Train Loss: 0.2895, Validation Set Manhattan Distance: 12.0, Mask Weight: 0.942
Epoch 332/20000, Train Loss: 0.2951, Validation Set Manhattan Distance: 12.0, Mask Weight: 0.942
Epoch 333/20000, Train Loss: 0.2714, Validation Set Manhattan Distance: 12.0, Mask Weight: 0.942
Epoch 334/20000, Train Loss: 0.2663, Validation Set Manhattan Distance: 12.0, Mask Weight: 0.942
Epoch 335/20000, Train Loss: 0.2596, Validation Set Manhattan Distance: 12.0, Mask Weight: 0.942
Epoch 336/20000, Train Loss: 0.2561, Validation Set Manhattan Distance: 12.0, Mask Weight: 0.942
Epoch 337/20000, Train Loss: 0.2635, Validation Set Manhattan Distance: 12.0, Mask Weight: 0.942
Epoch 338/20000, Train Loss: 0.2670, Validation Set Manhattan Distance: 12.0, Mask Weight: 0.942
Epoch 339/20000, Train Loss: 0.2804, Validation Set Manhattan Distance: 12.0, Mask Weight: 0.942
Epoch 340/20000, Train Loss: 0.3513, Validation Set Manhattan Distance: 12.0, Mask Weight: 0.942
Epoch 341/20000, Train Loss: 0.4940, Validation Set Manhattan Distance: 12.0, Mask Weight: 0.942
Epoch 342/20000, Train Loss: 0.3366, Validation Set Manhattan Distance: 12.0, Mask Weight: 0.942
Epoch 343/20000, Train Loss: 0.3187, Validation Set Manhattan Distance: 12.0, Mask Weight: 0.942
Epoch 344/20000, Train Loss: 0.2875, Validation Set Manhattan Distance: 12.0, Mask Weight: 0.942
Epoch 345/20000, Train Loss: 0.2838, Validation Set Manhattan Distance: 12.0, Mask Weight: 0.942
Epoch 346/20000, Train Loss: 0.2746, Validation Set Manhattan Distance: 12.0, Mask Weight: 0.942
Epoch 347/20000, Train Loss: 0.2660, Validation Set Manhattan Distance: 12.0, Mask Weight: 0.942
Epoch 348/20000, Train Loss: 0.2606, Validation Set Manhattan Distance: 12.0, Mask Weight: 0.942
Epoch 349/20000, Train Loss: 0.2578, Validation Set Manhattan Distance: 12.0, Mask Weight: 0.942
Epoch 350/20000, Train Loss: 0.2555, Validation Set Manhattan Distance: 12.0, Mask Weight: 0.942
Epoch 351/20000, Train Loss: 0.2549, Validation Set Manhattan Distance: 12.0, Mask Weight: 0.942
Epoch 352/20000, Train Loss: 0.2554, Validation Set Manhattan Distance: 12.0, Mask Weight: 0.942
Epoch 353/20000, Train Loss: 0.2520, Validation Set Manhattan Distance: 12.0, Mask Weight: 0.942
Epoch 354/20000, Train Loss: 0.2512, Validation Set Manhattan Distance: 12.0, Mask Weight: 0.942
Epoch 355/20000, Train Loss: 0.2529, Validation Set Manhattan Distance: 12.0, Mask Weight: 0.942
Epoch 356/20000, Train Loss: 0.2531, Validation Set Manhattan Distance: 12.0, Mask Weight: 0.942
Epoch 357/20000, Train Loss: 0.2496, Validation Set Manhattan Distance: 12.0, Mask Weight: 0.942
Epoch 358/20000, Train Loss: 0.2492, Validation Set Manhattan Distance: 12.0, Mask Weight: 0.942
Epoch 359/20000, Train Loss: 0.2478, Validation Set Manhattan Distance: 12.0, Mask Weight: 0.942
Epoch 360/20000, Train Loss: 0.2500, Validation Set Manhattan Distance: 12.0, Mask Weight: 0.942
Epoch 361/20000, Train Loss: 0.2504, Validation Set Manhattan Distance: 12.0, Mask Weight: 0.942
Epoch 362/20000, Train Loss: 0.2509, Validation Set Manhattan Distance: 12.0, Mask Weight: 0.942
Epoch 363/20000, Train Loss: 0.2512, Validation Set Manhattan Distance: 12.0, Mask Weight: 0.942
Epoch 364/20000, Train Loss: 0.2503, Validation Set Manhattan Distance: 12.0, Mask Weight: 0.942
Epoch 365/20000, Train Loss: 0.2501, Validation Set Manhattan Distance: 12.0, Mask Weight: 0.942
Epoch 366/20000, Train Loss: 0.2552, Validation Set Manhattan Distance: 12.0, Mask Weight: 0.942
Epoch 367/20000, Train Loss: 0.2744, Validation Set Manhattan Distance: 12.0, Mask Weight: 0.942
Epoch 368/20000, Train Loss: 0.2565, Validation Set Manhattan Distance: 12.0, Mask Weight: 0.942
Epoch 369/20000, Train Loss: 0.3811, Validation Set Manhattan Distance: 12.0, Mask Weight: 0.942
Epoch 370/20000, Train Loss: 0.3727, Validation Set Manhattan Distance: 12.0, Mask Weight: 0.942
Epoch 371/20000, Train Loss: 0.3184, Validation Set Manhattan Distance: 12.0, Mask Weight: 0.942
Epoch 372/20000, Train Loss: 0.2884, Validation Set Manhattan Distance: 12.0, Mask Weight: 0.942
Epoch 373/20000, Train Loss: 0.3140, Validation Set Manhattan Distance: 12.0, Mask Weight: 0.942
Epoch 374/20000, Train Loss: 0.2802, Validation Set Manhattan Distance: 12.0, Mask Weight: 0.942
Epoch 375/20000, Train Loss: 0.2889, Validation Set Manhattan Distance: 12.0, Mask Weight: 0.942
Epoch 376/20000, Train Loss: 0.2766, Validation Set Manhattan Distance: 12.0, Mask Weight: 0.942
Epoch 377/20000, Train Loss: 0.2641, Validation Set Manhattan Distance: 12.0, Mask Weight: 0.942
Epoch 378/20000, Train Loss: 0.2694, Validation Set Manhattan Distance: 12.0, Mask Weight: 0.942
Epoch 379/20000, Train Loss: 0.2791, Validation Set Manhattan Distance: 12.0, Mask Weight: 0.942
Epoch 380/20000, Train Loss: 0.2735, Validation Set Manhattan Distance: 12.0, Mask Weight: 0.942
Epoch 381/20000, Train Loss: 0.2739, Validation Set Manhattan Distance: 12.0, Mask Weight: 0.942
Epoch 382/20000, Train Loss: 0.2689, Validation Set Manhattan Distance: 12.0, Mask Weight: 0.942
Epoch 383/20000, Train Loss: 0.2771, Validation Set Manhattan Distance: 12.0, Mask Weight: 0.942
Epoch 384/20000, Train Loss: 0.2756, Validation Set Manhattan Distance: 12.0, Mask Weight: 0.942
Epoch 385/20000, Train Loss: 0.2772, Validation Set Manhattan Distance: 12.0, Mask Weight: 0.942
Epoch 386/20000, Train Loss: 0.2889, Validation Set Manhattan Distance: 12.0, Mask Weight: 0.942
Epoch 387/20000, Train Loss: 0.2789, Validation Set Manhattan Distance: 12.0, Mask Weight: 0.942
Epoch 388/20000, Train Loss: 0.2793, Validation Set Manhattan Distance: 12.0, Mask Weight: 0.942
Epoch 389/20000, Train Loss: 0.2724, Validation Set Manhattan Distance: 12.0, Mask Weight: 0.942
Epoch 390/20000, Train Loss: 0.2609, Validation Set Manhattan Distance: 12.0, Mask Weight: 0.942
Epoch 391/20000, Train Loss: 0.2516, Validation Set Manhattan Distance: 12.0, Mask Weight: 0.942
Epoch 392/20000, Train Loss: 0.2497, Validation Set Manhattan Distance: 12.0, Mask Weight: 0.942
Epoch 393/20000, Train Loss: 0.2483, Validation Set Manhattan Distance: 12.0, Mask Weight: 0.942
Epoch 394/20000, Train Loss: 0.2491, Validation Set Manhattan Distance: 12.0, Mask Weight: 0.942
Epoch 395/20000, Train Loss: 0.2477, Validation Set Manhattan Distance: 12.0, Mask Weight: 0.942
Epoch 396/20000, Train Loss: 0.2480, Validation Set Manhattan Distance: 12.0, Mask Weight: 0.942
Epoch 397/20000, Train Loss: 0.2475, Validation Set Manhattan Distance: 12.0, Mask Weight: 0.942
Epoch 398/20000, Train Loss: 0.2477, Validation Set Manhattan Distance: 12.0, Mask Weight: 0.942
Epoch 399/20000, Train Loss: 0.2483, Validation Set Manhattan Distance: 12.0, Mask Weight: 0.942
Epoch 400/20000, Train Loss: 0.2482, Validation Set Manhattan Distance: 12.0, Mask Weight: 0.942
Epoch 401/20000, Train Loss: 0.2473, Validation Set Manhattan Distance: 12.0, Mask Weight: 0.942
Epoch 402/20000, Train Loss: 0.2494, Validation Set Manhattan Distance: 12.0, Mask Weight: 0.942
Epoch 403/20000, Train Loss: 0.2479, Validation Set Manhattan Distance: 12.0, Mask Weight: 0.942
Epoch 404/20000, Train Loss: 0.2487, Validation Set Manhattan Distance: 12.0, Mask Weight: 0.942
Epoch 405/20000, Train Loss: 0.2476, Validation Set Manhattan Distance: 12.0, Mask Weight: 0.942
Epoch 406/20000, Train Loss: 0.2482, Validation Set Manhattan Distance: 12.0, Mask Weight: 0.942
Epoch 407/20000, Train Loss: 0.2470, Validation Set Manhattan Distance: 12.0, Mask Weight: 0.942
Epoch 408/20000, Train Loss: 0.2479, Validation Set Manhattan Distance: 12.0, Mask Weight: 0.942
Epoch 409/20000, Train Loss: 0.2463, Validation Set Manhattan Distance: 12.0, Mask Weight: 0.942
Epoch 410/20000, Train Loss: 0.2464, Validation Set Manhattan Distance: 12.0, Mask Weight: 0.942
Epoch 411/20000, Train Loss: 0.2466, Validation Set Manhattan Distance: 12.0, Mask Weight: 0.942
Epoch 412/20000, Train Loss: 0.2466, Validation Set Manhattan Distance: 12.0, Mask Weight: 0.942
Epoch 413/20000, Train Loss: 0.2462, Validation Set Manhattan Distance: 12.0, Mask Weight: 0.942
Epoch 414/20000, Train Loss: 0.2456, Validation Set Manhattan Distance: 12.0, Mask Weight: 0.942
Epoch 415/20000, Train Loss: 0.2447, Validation Set Manhattan Distance: 12.0, Mask Weight: 0.942
Epoch 416/20000, Train Loss: 0.2450, Validation Set Manhattan Distance: 12.0, Mask Weight: 0.942
Epoch 417/20000, Train Loss: 0.2455, Validation Set Manhattan Distance: 12.0, Mask Weight: 0.942