Using device: cuda
Starting training with gradient-based adaptive weighted mask...
Epoch 1/20000, Train Loss: 54.7856, Validation Set Manhattan Distance: 588.0, Mask Weight: 1.000
  -> New best Validation Set Manhattan Distance: 588.0. Model saved.
Epoch 2/20000, Train Loss: 40.9094, Validation Set Manhattan Distance: 588.0, Mask Weight: 1.000
Epoch 3/20000, Train Loss: 33.1227, Validation Set Manhattan Distance: 588.0, Mask Weight: 1.000
Epoch 4/20000, Train Loss: 27.3080, Validation Set Manhattan Distance: 588.0, Mask Weight: 1.000
Epoch 5/20000, Train Loss: 22.6952, Validation Set Manhattan Distance: 588.0, Mask Weight: 1.000
Epoch 6/20000, Train Loss: 18.8937, Validation Set Manhattan Distance: 588.0, Mask Weight: 1.000
Epoch 7/20000, Train Loss: 15.7368, Validation Set Manhattan Distance: 588.0, Mask Weight: 1.000
Epoch 8/20000, Train Loss: 13.0883, Validation Set Manhattan Distance: 588.0, Mask Weight: 1.000
Epoch 9/20000, Train Loss: 10.8577, Validation Set Manhattan Distance: 588.0, Mask Weight: 1.000
Epoch 10/20000, Train Loss: 9.0005, Validation Set Manhattan Distance: 588.0, Mask Weight: 1.000
Epoch 11/20000, Train Loss: 7.4539, Validation Set Manhattan Distance: 588.0, Mask Weight: 1.000
Epoch 12/20000, Train Loss: 6.1720, Validation Set Manhattan Distance: 588.0, Mask Weight: 1.000
Epoch 13/20000, Train Loss: 5.1143, Validation Set Manhattan Distance: 588.0, Mask Weight: 1.000
Epoch 14/20000, Train Loss: 4.2400, Validation Set Manhattan Distance: 588.0, Mask Weight: 1.000
Epoch 15/20000, Train Loss: 3.5188, Validation Set Manhattan Distance: 588.0, Mask Weight: 1.000
Epoch 16/20000, Train Loss: 2.9216, Validation Set Manhattan Distance: 588.0, Mask Weight: 1.000
Epoch 17/20000, Train Loss: 2.4284, Validation Set Manhattan Distance: 588.0, Mask Weight: 1.000
Epoch 18/20000, Train Loss: 2.0179, Validation Set Manhattan Distance: 588.0, Mask Weight: 1.000
Epoch 19/20000, Train Loss: 1.6773, Validation Set Manhattan Distance: 588.0, Mask Weight: 1.000
Epoch 20/20000, Train Loss: 1.3944, Validation Set Manhattan Distance: 588.0, Mask Weight: 1.000
Epoch 21/20000, Train Loss: 1.1576, Validation Set Manhattan Distance: 588.0, Mask Weight: 1.000
Epoch 22/20000, Train Loss: 0.9614, Validation Set Manhattan Distance: 588.0, Mask Weight: 1.000
Epoch 23/20000, Train Loss: 0.7979, Validation Set Manhattan Distance: 588.0, Mask Weight: 1.000
Epoch 24/20000, Train Loss: 0.6609, Validation Set Manhattan Distance: 588.0, Mask Weight: 1.000
Epoch 25/20000, Train Loss: 0.5476, Validation Set Manhattan Distance: 588.0, Mask Weight: 1.000
Epoch 26/20000, Train Loss: 0.4537, Validation Set Manhattan Distance: 588.0, Mask Weight: 1.000
Epoch 27/20000, Train Loss: 0.3750, Validation Set Manhattan Distance: 588.0, Mask Weight: 1.000
Epoch 28/20000, Train Loss: 0.3101, Validation Set Manhattan Distance: 588.0, Mask Weight: 1.000
Epoch 29/20000, Train Loss: 0.2570, Validation Set Manhattan Distance: 588.0, Mask Weight: 1.000
Epoch 30/20000, Train Loss: 0.2133, Validation Set Manhattan Distance: 588.0, Mask Weight: 1.000
Epoch 31/20000, Train Loss: 0.1760, Validation Set Manhattan Distance: 588.0, Mask Weight: 1.000
Epoch 32/20000, Train Loss: 0.1460, Validation Set Manhattan Distance: 588.0, Mask Weight: 1.000
Epoch 33/20000, Train Loss: 0.1208, Validation Set Manhattan Distance: 588.0, Mask Weight: 1.000
Epoch 34/20000, Train Loss: 0.1000, Validation Set Manhattan Distance: 588.0, Mask Weight: 1.000
  -> Train loss below 0.1. Mask weight reduction is now enabled.
Epoch 35/20000, Train Loss: 0.0830, Validation Set Manhattan Distance: 588.0, Mask Weight: 1.000
  -> Validation Set Manhattan Distance did not improve for 10 epochs.
  -> Unmasked Loss (Gradient Magnitude): 1.0566, Calculated Decrement: 0.0047
  -> Reducing mask weight to 0.995.
  -> Mask weight reduction is now disabled until train loss is below 0.001 again.
Epoch 36/20000, Train Loss: 0.2916, Validation Set Manhattan Distance: 18.0, Mask Weight: 0.995
  -> New best Validation Set Manhattan Distance: 18.0. Model saved.
Epoch 37/20000, Train Loss: 0.1067, Validation Set Manhattan Distance: 12.0, Mask Weight: 0.995
  -> New best Validation Set Manhattan Distance: 12.0. Model saved.
  -> Train loss below 0.1. Mask weight reduction is now enabled.
Epoch 38/20000, Train Loss: 0.0951, Validation Set Manhattan Distance: 12.0, Mask Weight: 0.995
Epoch 39/20000, Train Loss: 0.0865, Validation Set Manhattan Distance: 12.0, Mask Weight: 0.995
Epoch 40/20000, Train Loss: 0.0794, Validation Set Manhattan Distance: 12.0, Mask Weight: 0.995
Epoch 41/20000, Train Loss: 0.0738, Validation Set Manhattan Distance: 12.0, Mask Weight: 0.995
Epoch 42/20000, Train Loss: 0.0693, Validation Set Manhattan Distance: 12.0, Mask Weight: 0.995
Epoch 43/20000, Train Loss: 0.0652, Validation Set Manhattan Distance: 12.0, Mask Weight: 0.995
Epoch 44/20000, Train Loss: 0.0622, Validation Set Manhattan Distance: 12.0, Mask Weight: 0.995
Epoch 45/20000, Train Loss: 0.0592, Validation Set Manhattan Distance: 12.0, Mask Weight: 0.995
Epoch 46/20000, Train Loss: 0.0575, Validation Set Manhattan Distance: 12.0, Mask Weight: 0.995
Epoch 47/20000, Train Loss: 0.0557, Validation Set Manhattan Distance: 12.0, Mask Weight: 0.995
  -> Validation Set Manhattan Distance did not improve for 10 epochs.
  -> Unmasked Loss (Gradient Magnitude): 0.0944, Calculated Decrement: 0.0529
  -> Reducing mask weight to 0.942.
  -> Mask weight reduction is now disabled until train loss is below 0.001 again.
Epoch 48/20000, Train Loss: 0.5543, Validation Set Manhattan Distance: 12.0, Mask Weight: 0.942
Epoch 49/20000, Train Loss: 0.5512, Validation Set Manhattan Distance: 12.0, Mask Weight: 0.942
Epoch 50/20000, Train Loss: 0.5455, Validation Set Manhattan Distance: 12.0, Mask Weight: 0.942
Epoch 51/20000, Train Loss: 0.5411, Validation Set Manhattan Distance: 12.0, Mask Weight: 0.942
Epoch 52/20000, Train Loss: 0.5373, Validation Set Manhattan Distance: 12.0, Mask Weight: 0.942
Epoch 53/20000, Train Loss: 0.5336, Validation Set Manhattan Distance: 12.0, Mask Weight: 0.942
Epoch 54/20000, Train Loss: 0.5282, Validation Set Manhattan Distance: 12.0, Mask Weight: 0.942
Epoch 55/20000, Train Loss: 0.5260, Validation Set Manhattan Distance: 12.0, Mask Weight: 0.942
Epoch 56/20000, Train Loss: 0.5156, Validation Set Manhattan Distance: 12.0, Mask Weight: 0.942
Epoch 57/20000, Train Loss: 0.5072, Validation Set Manhattan Distance: 12.0, Mask Weight: 0.942
Epoch 58/20000, Train Loss: 0.4848, Validation Set Manhattan Distance: 12.0, Mask Weight: 0.942
Epoch 59/20000, Train Loss: 0.4633, Validation Set Manhattan Distance: 12.0, Mask Weight: 0.942
Epoch 60/20000, Train Loss: 0.4355, Validation Set Manhattan Distance: 12.0, Mask Weight: 0.942
Epoch 61/20000, Train Loss: 0.4106, Validation Set Manhattan Distance: 12.0, Mask Weight: 0.942
Epoch 62/20000, Train Loss: 0.3935, Validation Set Manhattan Distance: 12.0, Mask Weight: 0.942
Epoch 63/20000, Train Loss: 0.3746, Validation Set Manhattan Distance: 12.0, Mask Weight: 0.942
Epoch 64/20000, Train Loss: 0.3784, Validation Set Manhattan Distance: 12.0, Mask Weight: 0.942
Epoch 65/20000, Train Loss: 0.4067, Validation Set Manhattan Distance: 12.0, Mask Weight: 0.942
Epoch 66/20000, Train Loss: 0.4043, Validation Set Manhattan Distance: 12.0, Mask Weight: 0.942
Epoch 67/20000, Train Loss: 0.3825, Validation Set Manhattan Distance: 12.0, Mask Weight: 0.942
Epoch 68/20000, Train Loss: 0.3641, Validation Set Manhattan Distance: 12.0, Mask Weight: 0.942
Epoch 69/20000, Train Loss: 0.3540, Validation Set Manhattan Distance: 12.0, Mask Weight: 0.942
Epoch 70/20000, Train Loss: 0.3450, Validation Set Manhattan Distance: 12.0, Mask Weight: 0.942
Epoch 71/20000, Train Loss: 0.3449, Validation Set Manhattan Distance: 12.0, Mask Weight: 0.942
Epoch 72/20000, Train Loss: 0.3386, Validation Set Manhattan Distance: 12.0, Mask Weight: 0.942
Epoch 73/20000, Train Loss: 0.3225, Validation Set Manhattan Distance: 12.0, Mask Weight: 0.942
Epoch 74/20000, Train Loss: 0.3252, Validation Set Manhattan Distance: 12.0, Mask Weight: 0.942
Epoch 75/20000, Train Loss: 0.3465, Validation Set Manhattan Distance: 12.0, Mask Weight: 0.942
Epoch 76/20000, Train Loss: 0.4257, Validation Set Manhattan Distance: 12.0, Mask Weight: 0.942
Epoch 77/20000, Train Loss: 0.4255, Validation Set Manhattan Distance: 12.0, Mask Weight: 0.942
Epoch 78/20000, Train Loss: 0.3621, Validation Set Manhattan Distance: 12.0, Mask Weight: 0.942
Epoch 79/20000, Train Loss: 0.3545, Validation Set Manhattan Distance: 12.0, Mask Weight: 0.942
Epoch 80/20000, Train Loss: 0.3472, Validation Set Manhattan Distance: 12.0, Mask Weight: 0.942
Epoch 81/20000, Train Loss: 0.3322, Validation Set Manhattan Distance: 12.0, Mask Weight: 0.942
Epoch 82/20000, Train Loss: 0.3278, Validation Set Manhattan Distance: 12.0, Mask Weight: 0.942
Epoch 83/20000, Train Loss: 0.3288, Validation Set Manhattan Distance: 12.0, Mask Weight: 0.942
Epoch 84/20000, Train Loss: 0.3212, Validation Set Manhattan Distance: 12.0, Mask Weight: 0.942
Epoch 85/20000, Train Loss: 0.3256, Validation Set Manhattan Distance: 12.0, Mask Weight: 0.942
Epoch 86/20000, Train Loss: 0.3111, Validation Set Manhattan Distance: 12.0, Mask Weight: 0.942
Epoch 87/20000, Train Loss: 0.3154, Validation Set Manhattan Distance: 12.0, Mask Weight: 0.942
Epoch 88/20000, Train Loss: 0.3087, Validation Set Manhattan Distance: 12.0, Mask Weight: 0.942
Epoch 89/20000, Train Loss: 0.3187, Validation Set Manhattan Distance: 12.0, Mask Weight: 0.942
Epoch 90/20000, Train Loss: 0.3056, Validation Set Manhattan Distance: 12.0, Mask Weight: 0.942
Epoch 91/20000, Train Loss: 0.3089, Validation Set Manhattan Distance: 12.0, Mask Weight: 0.942
Epoch 92/20000, Train Loss: 0.3122, Validation Set Manhattan Distance: 12.0, Mask Weight: 0.942
Epoch 93/20000, Train Loss: 0.3027, Validation Set Manhattan Distance: 12.0, Mask Weight: 0.942
Epoch 94/20000, Train Loss: 0.2973, Validation Set Manhattan Distance: 12.0, Mask Weight: 0.942
Epoch 95/20000, Train Loss: 0.3041, Validation Set Manhattan Distance: 12.0, Mask Weight: 0.942
Epoch 96/20000, Train Loss: 0.2906, Validation Set Manhattan Distance: 12.0, Mask Weight: 0.942
Epoch 97/20000, Train Loss: 0.2826, Validation Set Manhattan Distance: 12.0, Mask Weight: 0.942
Epoch 98/20000, Train Loss: 0.2809, Validation Set Manhattan Distance: 12.0, Mask Weight: 0.942
Epoch 99/20000, Train Loss: 0.2777, Validation Set Manhattan Distance: 12.0, Mask Weight: 0.942
Epoch 100/20000, Train Loss: 0.2984, Validation Set Manhattan Distance: 12.0, Mask Weight: 0.942
Epoch 101/20000, Train Loss: 0.2987, Validation Set Manhattan Distance: 12.0, Mask Weight: 0.942
Epoch 102/20000, Train Loss: 0.2829, Validation Set Manhattan Distance: 12.0, Mask Weight: 0.942
Epoch 103/20000, Train Loss: 0.3082, Validation Set Manhattan Distance: 12.0, Mask Weight: 0.942
Epoch 104/20000, Train Loss: 0.2738, Validation Set Manhattan Distance: 12.0, Mask Weight: 0.942
Epoch 105/20000, Train Loss: 0.2772, Validation Set Manhattan Distance: 12.0, Mask Weight: 0.942
Epoch 106/20000, Train Loss: 0.2753, Validation Set Manhattan Distance: 12.0, Mask Weight: 0.942
Epoch 107/20000, Train Loss: 0.2680, Validation Set Manhattan Distance: 12.0, Mask Weight: 0.942
Epoch 108/20000, Train Loss: 0.2729, Validation Set Manhattan Distance: 12.0, Mask Weight: 0.942
Epoch 109/20000, Train Loss: 0.2899, Validation Set Manhattan Distance: 12.0, Mask Weight: 0.942
Epoch 110/20000, Train Loss: 0.2711, Validation Set Manhattan Distance: 12.0, Mask Weight: 0.942
Epoch 111/20000, Train Loss: 0.2770, Validation Set Manhattan Distance: 12.0, Mask Weight: 0.942
Epoch 112/20000, Train Loss: 0.2663, Validation Set Manhattan Distance: 12.0, Mask Weight: 0.942
Epoch 113/20000, Train Loss: 0.2736, Validation Set Manhattan Distance: 12.0, Mask Weight: 0.942
Epoch 114/20000, Train Loss: 0.2703, Validation Set Manhattan Distance: 12.0, Mask Weight: 0.942
Epoch 115/20000, Train Loss: 0.2743, Validation Set Manhattan Distance: 12.0, Mask Weight: 0.942
Epoch 116/20000, Train Loss: 0.2760, Validation Set Manhattan Distance: 12.0, Mask Weight: 0.942
Epoch 117/20000, Train Loss: 0.2721, Validation Set Manhattan Distance: 12.0, Mask Weight: 0.942
Epoch 118/20000, Train Loss: 0.3571, Validation Set Manhattan Distance: 12.0, Mask Weight: 0.942
Epoch 119/20000, Train Loss: 0.3768, Validation Set Manhattan Distance: 12.0, Mask Weight: 0.942
Epoch 120/20000, Train Loss: 0.3951, Validation Set Manhattan Distance: 12.0, Mask Weight: 0.942
Epoch 121/20000, Train Loss: 0.3862, Validation Set Manhattan Distance: 12.0, Mask Weight: 0.942
Epoch 122/20000, Train Loss: 0.3225, Validation Set Manhattan Distance: 12.0, Mask Weight: 0.942
Epoch 123/20000, Train Loss: 0.3092, Validation Set Manhattan Distance: 12.0, Mask Weight: 0.942
Epoch 124/20000, Train Loss: 0.2995, Validation Set Manhattan Distance: 12.0, Mask Weight: 0.942
Epoch 125/20000, Train Loss: 0.2868, Validation Set Manhattan Distance: 12.0, Mask Weight: 0.942
Epoch 126/20000, Train Loss: 0.2822, Validation Set Manhattan Distance: 12.0, Mask Weight: 0.942
Epoch 127/20000, Train Loss: 0.2775, Validation Set Manhattan Distance: 12.0, Mask Weight: 0.942
Epoch 128/20000, Train Loss: 0.2743, Validation Set Manhattan Distance: 12.0, Mask Weight: 0.942
Epoch 129/20000, Train Loss: 0.2725, Validation Set Manhattan Distance: 12.0, Mask Weight: 0.942
Epoch 130/20000, Train Loss: 0.2705, Validation Set Manhattan Distance: 12.0, Mask Weight: 0.942
Epoch 131/20000, Train Loss: 0.2668, Validation Set Manhattan Distance: 12.0, Mask Weight: 0.942
Epoch 132/20000, Train Loss: 0.2664, Validation Set Manhattan Distance: 12.0, Mask Weight: 0.942
Epoch 133/20000, Train Loss: 0.2680, Validation Set Manhattan Distance: 12.0, Mask Weight: 0.942
Epoch 134/20000, Train Loss: 0.2624, Validation Set Manhattan Distance: 12.0, Mask Weight: 0.942
Epoch 135/20000, Train Loss: 0.2635, Validation Set Manhattan Distance: 12.0, Mask Weight: 0.942
Epoch 136/20000, Train Loss: 0.2627, Validation Set Manhattan Distance: 12.0, Mask Weight: 0.942
Epoch 137/20000, Train Loss: 0.2620, Validation Set Manhattan Distance: 12.0, Mask Weight: 0.942
Epoch 138/20000, Train Loss: 0.2688, Validation Set Manhattan Distance: 12.0, Mask Weight: 0.942
Epoch 139/20000, Train Loss: 0.2625, Validation Set Manhattan Distance: 12.0, Mask Weight: 0.942
Epoch 140/20000, Train Loss: 0.2618, Validation Set Manhattan Distance: 12.0, Mask Weight: 0.942
Epoch 141/20000, Train Loss: 0.2643, Validation Set Manhattan Distance: 12.0, Mask Weight: 0.942
Epoch 142/20000, Train Loss: 0.2622, Validation Set Manhattan Distance: 12.0, Mask Weight: 0.942
Epoch 143/20000, Train Loss: 0.2606, Validation Set Manhattan Distance: 12.0, Mask Weight: 0.942
Epoch 144/20000, Train Loss: 0.2570, Validation Set Manhattan Distance: 12.0, Mask Weight: 0.942
Epoch 145/20000, Train Loss: 0.2588, Validation Set Manhattan Distance: 12.0, Mask Weight: 0.942
Epoch 146/20000, Train Loss: 0.2619, Validation Set Manhattan Distance: 12.0, Mask Weight: 0.942
Epoch 147/20000, Train Loss: 0.2602, Validation Set Manhattan Distance: 12.0, Mask Weight: 0.942
Epoch 148/20000, Train Loss: 0.2595, Validation Set Manhattan Distance: 12.0, Mask Weight: 0.942
Epoch 149/20000, Train Loss: 0.2578, Validation Set Manhattan Distance: 12.0, Mask Weight: 0.942
Epoch 150/20000, Train Loss: 0.2621, Validation Set Manhattan Distance: 12.0, Mask Weight: 0.942
Epoch 151/20000, Train Loss: 0.2585, Validation Set Manhattan Distance: 12.0, Mask Weight: 0.942
Epoch 152/20000, Train Loss: 0.2585, Validation Set Manhattan Distance: 12.0, Mask Weight: 0.942
Epoch 153/20000, Train Loss: 0.2561, Validation Set Manhattan Distance: 12.0, Mask Weight: 0.942
Epoch 154/20000, Train Loss: 0.2545, Validation Set Manhattan Distance: 12.0, Mask Weight: 0.942
Epoch 155/20000, Train Loss: 0.2545, Validation Set Manhattan Distance: 12.0, Mask Weight: 0.942
Epoch 156/20000, Train Loss: 0.2567, Validation Set Manhattan Distance: 12.0, Mask Weight: 0.942
Epoch 157/20000, Train Loss: 0.2607, Validation Set Manhattan Distance: 12.0, Mask Weight: 0.942
Epoch 158/20000, Train Loss: 0.2697, Validation Set Manhattan Distance: 12.0, Mask Weight: 0.942
Epoch 159/20000, Train Loss: 0.2745, Validation Set Manhattan Distance: 12.0, Mask Weight: 0.942
Epoch 160/20000, Train Loss: 0.2628, Validation Set Manhattan Distance: 12.0, Mask Weight: 0.942
Epoch 161/20000, Train Loss: 0.2615, Validation Set Manhattan Distance: 12.0, Mask Weight: 0.942
Epoch 162/20000, Train Loss: 0.2579, Validation Set Manhattan Distance: 12.0, Mask Weight: 0.942
Epoch 163/20000, Train Loss: 0.2559, Validation Set Manhattan Distance: 12.0, Mask Weight: 0.942
Epoch 164/20000, Train Loss: 0.2559, Validation Set Manhattan Distance: 12.0, Mask Weight: 0.942
Epoch 165/20000, Train Loss: 0.2553, Validation Set Manhattan Distance: 12.0, Mask Weight: 0.942
Epoch 166/20000, Train Loss: 0.2550, Validation Set Manhattan Distance: 12.0, Mask Weight: 0.942
Epoch 167/20000, Train Loss: 0.2544, Validation Set Manhattan Distance: 12.0, Mask Weight: 0.942
Epoch 168/20000, Train Loss: 0.2555, Validation Set Manhattan Distance: 12.0, Mask Weight: 0.942
Epoch 169/20000, Train Loss: 0.2554, Validation Set Manhattan Distance: 12.0, Mask Weight: 0.942
Epoch 170/20000, Train Loss: 0.2559, Validation Set Manhattan Distance: 12.0, Mask Weight: 0.942
Epoch 171/20000, Train Loss: 0.2541, Validation Set Manhattan Distance: 12.0, Mask Weight: 0.942
Epoch 172/20000, Train Loss: 0.2560, Validation Set Manhattan Distance: 12.0, Mask Weight: 0.942
Epoch 173/20000, Train Loss: 0.2537, Validation Set Manhattan Distance: 12.0, Mask Weight: 0.942
Epoch 174/20000, Train Loss: 0.2547, Validation Set Manhattan Distance: 12.0, Mask Weight: 0.942
Epoch 175/20000, Train Loss: 0.2541, Validation Set Manhattan Distance: 12.0, Mask Weight: 0.942
Epoch 176/20000, Train Loss: 0.2524, Validation Set Manhattan Distance: 12.0, Mask Weight: 0.942
Epoch 177/20000, Train Loss: 0.2525, Validation Set Manhattan Distance: 12.0, Mask Weight: 0.942
Epoch 178/20000, Train Loss: 0.2583, Validation Set Manhattan Distance: 12.0, Mask Weight: 0.942
Epoch 179/20000, Train Loss: 0.2563, Validation Set Manhattan Distance: 12.0, Mask Weight: 0.942
Epoch 180/20000, Train Loss: 0.2556, Validation Set Manhattan Distance: 12.0, Mask Weight: 0.942
Epoch 181/20000, Train Loss: 0.2677, Validation Set Manhattan Distance: 12.0, Mask Weight: 0.942
Epoch 182/20000, Train Loss: 0.2701, Validation Set Manhattan Distance: 12.0, Mask Weight: 0.942
Epoch 183/20000, Train Loss: 0.2586, Validation Set Manhattan Distance: 12.0, Mask Weight: 0.942
Epoch 184/20000, Train Loss: 0.2590, Validation Set Manhattan Distance: 12.0, Mask Weight: 0.942
Epoch 185/20000, Train Loss: 0.2567, Validation Set Manhattan Distance: 12.0, Mask Weight: 0.942
Epoch 186/20000, Train Loss: 0.2552, Validation Set Manhattan Distance: 12.0, Mask Weight: 0.942
Epoch 187/20000, Train Loss: 0.2535, Validation Set Manhattan Distance: 12.0, Mask Weight: 0.942
Epoch 188/20000, Train Loss: 0.2541, Validation Set Manhattan Distance: 12.0, Mask Weight: 0.942
Epoch 189/20000, Train Loss: 0.2539, Validation Set Manhattan Distance: 12.0, Mask Weight: 0.942
Epoch 190/20000, Train Loss: 0.2522, Validation Set Manhattan Distance: 12.0, Mask Weight: 0.942
Epoch 191/20000, Train Loss: 0.2521, Validation Set Manhattan Distance: 12.0, Mask Weight: 0.942
Epoch 192/20000, Train Loss: 0.2535, Validation Set Manhattan Distance: 12.0, Mask Weight: 0.942
Epoch 193/20000, Train Loss: 0.2552, Validation Set Manhattan Distance: 12.0, Mask Weight: 0.942
Epoch 194/20000, Train Loss: 0.2539, Validation Set Manhattan Distance: 12.0, Mask Weight: 0.942
Epoch 195/20000, Train Loss: 0.2511, Validation Set Manhattan Distance: 12.0, Mask Weight: 0.942
Epoch 196/20000, Train Loss: 0.2504, Validation Set Manhattan Distance: 12.0, Mask Weight: 0.942
Epoch 197/20000, Train Loss: 0.2522, Validation Set Manhattan Distance: 12.0, Mask Weight: 0.942
Epoch 198/20000, Train Loss: 0.2532, Validation Set Manhattan Distance: 12.0, Mask Weight: 0.942
Epoch 199/20000, Train Loss: 0.2580, Validation Set Manhattan Distance: 12.0, Mask Weight: 0.942
Epoch 200/20000, Train Loss: 0.2769, Validation Set Manhattan Distance: 12.0, Mask Weight: 0.942
Epoch 201/20000, Train Loss: 0.2608, Validation Set Manhattan Distance: 12.0, Mask Weight: 0.942
Epoch 202/20000, Train Loss: 0.2524, Validation Set Manhattan Distance: 12.0, Mask Weight: 0.942
Epoch 203/20000, Train Loss: 0.2522, Validation Set Manhattan Distance: 12.0, Mask Weight: 0.942
Epoch 204/20000, Train Loss: 0.2532, Validation Set Manhattan Distance: 12.0, Mask Weight: 0.942
Epoch 205/20000, Train Loss: 0.2515, Validation Set Manhattan Distance: 12.0, Mask Weight: 0.942
Epoch 206/20000, Train Loss: 0.2514, Validation Set Manhattan Distance: 12.0, Mask Weight: 0.942
Epoch 207/20000, Train Loss: 0.2503, Validation Set Manhattan Distance: 12.0, Mask Weight: 0.942
Epoch 208/20000, Train Loss: 0.2502, Validation Set Manhattan Distance: 12.0, Mask Weight: 0.942
Epoch 209/20000, Train Loss: 0.2514, Validation Set Manhattan Distance: 12.0, Mask Weight: 0.942
Epoch 210/20000, Train Loss: 0.2505, Validation Set Manhattan Distance: 12.0, Mask Weight: 0.942
Epoch 211/20000, Train Loss: 0.2491, Validation Set Manhattan Distance: 12.0, Mask Weight: 0.942
Epoch 212/20000, Train Loss: 0.2508, Validation Set Manhattan Distance: 12.0, Mask Weight: 0.942
Epoch 213/20000, Train Loss: 0.2498, Validation Set Manhattan Distance: 12.0, Mask Weight: 0.942
Epoch 214/20000, Train Loss: 0.2494, Validation Set Manhattan Distance: 12.0, Mask Weight: 0.942
Epoch 215/20000, Train Loss: 0.2489, Validation Set Manhattan Distance: 12.0, Mask Weight: 0.942
Epoch 216/20000, Train Loss: 0.2489, Validation Set Manhattan Distance: 12.0, Mask Weight: 0.942
Epoch 217/20000, Train Loss: 0.2497, Validation Set Manhattan Distance: 12.0, Mask Weight: 0.942
Epoch 218/20000, Train Loss: 0.2459, Validation Set Manhattan Distance: 12.0, Mask Weight: 0.942
Epoch 219/20000, Train Loss: 0.4066, Validation Set Manhattan Distance: 12.0, Mask Weight: 0.942
Epoch 220/20000, Train Loss: 0.7114, Validation Set Manhattan Distance: 12.0, Mask Weight: 0.942
Epoch 221/20000, Train Loss: 0.6883, Validation Set Manhattan Distance: 12.0, Mask Weight: 0.942
Epoch 222/20000, Train Loss: 0.6532, Validation Set Manhattan Distance: 12.0, Mask Weight: 0.942
Epoch 223/20000, Train Loss: 0.5944, Validation Set Manhattan Distance: 12.0, Mask Weight: 0.942
Epoch 224/20000, Train Loss: 0.5521, Validation Set Manhattan Distance: 12.0, Mask Weight: 0.942
Epoch 225/20000, Train Loss: 0.5453, Validation Set Manhattan Distance: 12.0, Mask Weight: 0.942
Epoch 226/20000, Train Loss: 0.5378, Validation Set Manhattan Distance: 12.0, Mask Weight: 0.942
Epoch 227/20000, Train Loss: 0.5280, Validation Set Manhattan Distance: 12.0, Mask Weight: 0.942
Epoch 228/20000, Train Loss: 0.5160, Validation Set Manhattan Distance: 12.0, Mask Weight: 0.942
Epoch 229/20000, Train Loss: 0.5044, Validation Set Manhattan Distance: 12.0, Mask Weight: 0.942
Epoch 230/20000, Train Loss: 0.4902, Validation Set Manhattan Distance: 12.0, Mask Weight: 0.942
Epoch 231/20000, Train Loss: 0.4772, Validation Set Manhattan Distance: 12.0, Mask Weight: 0.942
Epoch 232/20000, Train Loss: 0.4623, Validation Set Manhattan Distance: 12.0, Mask Weight: 0.942
Epoch 233/20000, Train Loss: 0.4488, Validation Set Manhattan Distance: 12.0, Mask Weight: 0.942
Epoch 234/20000, Train Loss: 0.4343, Validation Set Manhattan Distance: 12.0, Mask Weight: 0.942
Epoch 235/20000, Train Loss: 0.4216, Validation Set Manhattan Distance: 12.0, Mask Weight: 0.942
Epoch 236/20000, Train Loss: 0.4074, Validation Set Manhattan Distance: 12.0, Mask Weight: 0.942
Epoch 237/20000, Train Loss: 0.3913, Validation Set Manhattan Distance: 12.0, Mask Weight: 0.942
Epoch 238/20000, Train Loss: 0.3701, Validation Set Manhattan Distance: 12.0, Mask Weight: 0.942
Epoch 239/20000, Train Loss: 0.3644, Validation Set Manhattan Distance: 12.0, Mask Weight: 0.942
Epoch 240/20000, Train Loss: 0.3785, Validation Set Manhattan Distance: 12.0, Mask Weight: 0.942
Epoch 241/20000, Train Loss: 0.3375, Validation Set Manhattan Distance: 12.0, Mask Weight: 0.942
Epoch 242/20000, Train Loss: 0.3226, Validation Set Manhattan Distance: 12.0, Mask Weight: 0.942
Epoch 243/20000, Train Loss: 0.3245, Validation Set Manhattan Distance: 12.0, Mask Weight: 0.942
Epoch 244/20000, Train Loss: 0.3172, Validation Set Manhattan Distance: 12.0, Mask Weight: 0.942
Epoch 245/20000, Train Loss: 0.3262, Validation Set Manhattan Distance: 12.0, Mask Weight: 0.942
Epoch 246/20000, Train Loss: 0.3016, Validation Set Manhattan Distance: 12.0, Mask Weight: 0.942
Epoch 247/20000, Train Loss: 0.2911, Validation Set Manhattan Distance: 12.0, Mask Weight: 0.942
Epoch 248/20000, Train Loss: 0.2764, Validation Set Manhattan Distance: 12.0, Mask Weight: 0.942
Epoch 249/20000, Train Loss: 0.2708, Validation Set Manhattan Distance: 12.0, Mask Weight: 0.942
Epoch 250/20000, Train Loss: 0.2705, Validation Set Manhattan Distance: 12.0, Mask Weight: 0.942
Epoch 251/20000, Train Loss: 0.2647, Validation Set Manhattan Distance: 12.0, Mask Weight: 0.942
Epoch 252/20000, Train Loss: 0.2613, Validation Set Manhattan Distance: 12.0, Mask Weight: 0.942
Epoch 253/20000, Train Loss: 0.2649, Validation Set Manhattan Distance: 12.0, Mask Weight: 0.942
Epoch 254/20000, Train Loss: 0.3393, Validation Set Manhattan Distance: 12.0, Mask Weight: 0.942
Epoch 255/20000, Train Loss: 0.3233, Validation Set Manhattan Distance: 12.0, Mask Weight: 0.942
Epoch 256/20000, Train Loss: 0.3465, Validation Set Manhattan Distance: 12.0, Mask Weight: 0.942
Epoch 257/20000, Train Loss: 0.2987, Validation Set Manhattan Distance: 12.0, Mask Weight: 0.942
Epoch 258/20000, Train Loss: 0.3120, Validation Set Manhattan Distance: 12.0, Mask Weight: 0.942
Epoch 259/20000, Train Loss: 0.2965, Validation Set Manhattan Distance: 12.0, Mask Weight: 0.942
Epoch 260/20000, Train Loss: 0.2905, Validation Set Manhattan Distance: 12.0, Mask Weight: 0.942
Epoch 261/20000, Train Loss: 0.2925, Validation Set Manhattan Distance: 12.0, Mask Weight: 0.942
Epoch 262/20000, Train Loss: 0.3091, Validation Set Manhattan Distance: 12.0, Mask Weight: 0.942
Epoch 263/20000, Train Loss: 0.3061, Validation Set Manhattan Distance: 12.0, Mask Weight: 0.942
Epoch 264/20000, Train Loss: 0.3037, Validation Set Manhattan Distance: 12.0, Mask Weight: 0.942
Epoch 265/20000, Train Loss: 0.2824, Validation Set Manhattan Distance: 12.0, Mask Weight: 0.942
Epoch 266/20000, Train Loss: 0.2715, Validation Set Manhattan Distance: 12.0, Mask Weight: 0.942
Epoch 267/20000, Train Loss: 0.2644, Validation Set Manhattan Distance: 12.0, Mask Weight: 0.942
Epoch 268/20000, Train Loss: 0.2558, Validation Set Manhattan Distance: 12.0, Mask Weight: 0.942
Epoch 269/20000, Train Loss: 0.2584, Validation Set Manhattan Distance: 12.0, Mask Weight: 0.942
Epoch 270/20000, Train Loss: 0.2563, Validation Set Manhattan Distance: 12.0, Mask Weight: 0.942
Epoch 271/20000, Train Loss: 0.2571, Validation Set Manhattan Distance: 12.0, Mask Weight: 0.942
Epoch 272/20000, Train Loss: 0.2571, Validation Set Manhattan Distance: 12.0, Mask Weight: 0.942
Epoch 273/20000, Train Loss: 0.2567, Validation Set Manhattan Distance: 12.0, Mask Weight: 0.942
Epoch 274/20000, Train Loss: 0.2520, Validation Set Manhattan Distance: 12.0, Mask Weight: 0.942
Epoch 275/20000, Train Loss: 0.2513, Validation Set Manhattan Distance: 12.0, Mask Weight: 0.942
Epoch 276/20000, Train Loss: 0.2539, Validation Set Manhattan Distance: 12.0, Mask Weight: 0.942
Epoch 277/20000, Train Loss: 0.2514, Validation Set Manhattan Distance: 12.0, Mask Weight: 0.942
Epoch 278/20000, Train Loss: 0.2496, Validation Set Manhattan Distance: 12.0, Mask Weight: 0.942
Epoch 279/20000, Train Loss: 0.2476, Validation Set Manhattan Distance: 12.0, Mask Weight: 0.942
Epoch 280/20000, Train Loss: 0.2505, Validation Set Manhattan Distance: 12.0, Mask Weight: 0.942
Epoch 281/20000, Train Loss: 0.2493, Validation Set Manhattan Distance: 12.0, Mask Weight: 0.942
Epoch 282/20000, Train Loss: 0.2486, Validation Set Manhattan Distance: 12.0, Mask Weight: 0.942
Epoch 283/20000, Train Loss: 0.2472, Validation Set Manhattan Distance: 12.0, Mask Weight: 0.942
Epoch 284/20000, Train Loss: 0.2475, Validation Set Manhattan Distance: 12.0, Mask Weight: 0.942
Epoch 285/20000, Train Loss: 0.2469, Validation Set Manhattan Distance: 12.0, Mask Weight: 0.942
Epoch 286/20000, Train Loss: 0.2492, Validation Set Manhattan Distance: 12.0, Mask Weight: 0.942
Epoch 287/20000, Train Loss: 0.2499, Validation Set Manhattan Distance: 12.0, Mask Weight: 0.942
Epoch 288/20000, Train Loss: 0.2478, Validation Set Manhattan Distance: 12.0, Mask Weight: 0.942
Epoch 289/20000, Train Loss: 0.2489, Validation Set Manhattan Distance: 12.0, Mask Weight: 0.942
Epoch 290/20000, Train Loss: 0.2463, Validation Set Manhattan Distance: 12.0, Mask Weight: 0.942
Epoch 291/20000, Train Loss: 0.2462, Validation Set Manhattan Distance: 12.0, Mask Weight: 0.942
Epoch 292/20000, Train Loss: 0.2467, Validation Set Manhattan Distance: 12.0, Mask Weight: 0.942
Epoch 293/20000, Train Loss: 0.2476, Validation Set Manhattan Distance: 12.0, Mask Weight: 0.942
Epoch 294/20000, Train Loss: 0.2484, Validation Set Manhattan Distance: 12.0, Mask Weight: 0.942
Epoch 295/20000, Train Loss: 0.2495, Validation Set Manhattan Distance: 12.0, Mask Weight: 0.942
Epoch 296/20000, Train Loss: 0.2477, Validation Set Manhattan Distance: 12.0, Mask Weight: 0.942
Epoch 297/20000, Train Loss: 0.2483, Validation Set Manhattan Distance: 12.0, Mask Weight: 0.942
Epoch 298/20000, Train Loss: 0.2464, Validation Set Manhattan Distance: 12.0, Mask Weight: 0.942
Epoch 299/20000, Train Loss: 0.2465, Validation Set Manhattan Distance: 12.0, Mask Weight: 0.942
Epoch 300/20000, Train Loss: 0.2462, Validation Set Manhattan Distance: 12.0, Mask Weight: 0.942
Epoch 301/20000, Train Loss: 0.2466, Validation Set Manhattan Distance: 12.0, Mask Weight: 0.942
Epoch 302/20000, Train Loss: 0.2474, Validation Set Manhattan Distance: 12.0, Mask Weight: 0.942
Epoch 303/20000, Train Loss: 0.2483, Validation Set Manhattan Distance: 12.0, Mask Weight: 0.942
Epoch 304/20000, Train Loss: 0.2500, Validation Set Manhattan Distance: 12.0, Mask Weight: 0.942
Epoch 305/20000, Train Loss: 0.2466, Validation Set Manhattan Distance: 12.0, Mask Weight: 0.942
Epoch 306/20000, Train Loss: 0.2468, Validation Set Manhattan Distance: 12.0, Mask Weight: 0.942
Epoch 307/20000, Train Loss: 0.2451, Validation Set Manhattan Distance: 12.0, Mask Weight: 0.942
Epoch 308/20000, Train Loss: 0.2472, Validation Set Manhattan Distance: 12.0, Mask Weight: 0.942
Epoch 309/20000, Train Loss: 0.2468, Validation Set Manhattan Distance: 12.0, Mask Weight: 0.942
Epoch 310/20000, Train Loss: 0.2468, Validation Set Manhattan Distance: 12.0, Mask Weight: 0.942
Epoch 311/20000, Train Loss: 0.2472, Validation Set Manhattan Distance: 12.0, Mask Weight: 0.942
Epoch 312/20000, Train Loss: 0.2459, Validation Set Manhattan Distance: 12.0, Mask Weight: 0.942
Epoch 313/20000, Train Loss: 0.2446, Validation Set Manhattan Distance: 12.0, Mask Weight: 0.942
Epoch 314/20000, Train Loss: 0.2469, Validation Set Manhattan Distance: 12.0, Mask Weight: 0.942
Epoch 315/20000, Train Loss: 0.2452, Validation Set Manhattan Distance: 12.0, Mask Weight: 0.942
Epoch 316/20000, Train Loss: 0.2458, Validation Set Manhattan Distance: 12.0, Mask Weight: 0.942
Epoch 317/20000, Train Loss: 0.2453, Validation Set Manhattan Distance: 12.0, Mask Weight: 0.942
Epoch 318/20000, Train Loss: 0.2447, Validation Set Manhattan Distance: 12.0, Mask Weight: 0.942
Epoch 319/20000, Train Loss: 0.2447, Validation Set Manhattan Distance: 12.0, Mask Weight: 0.942
Epoch 320/20000, Train Loss: 0.2460, Validation Set Manhattan Distance: 12.0, Mask Weight: 0.942
Epoch 321/20000, Train Loss: 0.2434, Validation Set Manhattan Distance: 12.0, Mask Weight: 0.942
Epoch 322/20000, Train Loss: 0.2448, Validation Set Manhattan Distance: 12.0, Mask Weight: 0.942
Epoch 323/20000, Train Loss: 0.2452, Validation Set Manhattan Distance: 12.0, Mask Weight: 0.942
Epoch 324/20000, Train Loss: 0.2496, Validation Set Manhattan Distance: 12.0, Mask Weight: 0.942
Epoch 325/20000, Train Loss: 0.2464, Validation Set Manhattan Distance: 12.0, Mask Weight: 0.942
Epoch 326/20000, Train Loss: 0.2462, Validation Set Manhattan Distance: 12.0, Mask Weight: 0.942
Epoch 327/20000, Train Loss: 0.2452, Validation Set Manhattan Distance: 12.0, Mask Weight: 0.942
Epoch 328/20000, Train Loss: 0.2446, Validation Set Manhattan Distance: 12.0, Mask Weight: 0.942
Epoch 329/20000, Train Loss: 0.2471, Validation Set Manhattan Distance: 12.0, Mask Weight: 0.942
Epoch 330/20000, Train Loss: 0.2452, Validation Set Manhattan Distance: 12.0, Mask Weight: 0.942
Epoch 331/20000, Train Loss: 0.2441, Validation Set Manhattan Distance: 12.0, Mask Weight: 0.942
Epoch 332/20000, Train Loss: 0.2479, Validation Set Manhattan Distance: 12.0, Mask Weight: 0.942
Epoch 333/20000, Train Loss: 0.6258, Validation Set Manhattan Distance: 12.0, Mask Weight: 0.942
Epoch 334/20000, Train Loss: 0.6264, Validation Set Manhattan Distance: 12.0, Mask Weight: 0.942
Epoch 335/20000, Train Loss: 0.5244, Validation Set Manhattan Distance: 12.0, Mask Weight: 0.942
Epoch 336/20000, Train Loss: 0.4841, Validation Set Manhattan Distance: 12.0, Mask Weight: 0.942
Epoch 337/20000, Train Loss: 0.4812, Validation Set Manhattan Distance: 12.0, Mask Weight: 0.942
Epoch 338/20000, Train Loss: 0.4753, Validation Set Manhattan Distance: 12.0, Mask Weight: 0.942
Epoch 339/20000, Train Loss: 0.4660, Validation Set Manhattan Distance: 12.0, Mask Weight: 0.942
Epoch 340/20000, Train Loss: 0.4614, Validation Set Manhattan Distance: 12.0, Mask Weight: 0.942
Epoch 341/20000, Train Loss: 0.4566, Validation Set Manhattan Distance: 12.0, Mask Weight: 0.942
Epoch 342/20000, Train Loss: 0.4517, Validation Set Manhattan Distance: 12.0, Mask Weight: 0.942
Epoch 343/20000, Train Loss: 0.4464, Validation Set Manhattan Distance: 12.0, Mask Weight: 0.942
Epoch 344/20000, Train Loss: 0.4405, Validation Set Manhattan Distance: 12.0, Mask Weight: 0.942
Epoch 345/20000, Train Loss: 0.4328, Validation Set Manhattan Distance: 12.0, Mask Weight: 0.942
Epoch 346/20000, Train Loss: 0.4252, Validation Set Manhattan Distance: 12.0, Mask Weight: 0.942
Epoch 347/20000, Train Loss: 0.4180, Validation Set Manhattan Distance: 12.0, Mask Weight: 0.942
Epoch 348/20000, Train Loss: 0.4108, Validation Set Manhattan Distance: 12.0, Mask Weight: 0.942
Epoch 349/20000, Train Loss: 0.3985, Validation Set Manhattan Distance: 12.0, Mask Weight: 0.942
Epoch 350/20000, Train Loss: 0.3857, Validation Set Manhattan Distance: 12.0, Mask Weight: 0.942
Epoch 351/20000, Train Loss: 0.3702, Validation Set Manhattan Distance: 12.0, Mask Weight: 0.942
Epoch 352/20000, Train Loss: 0.3561, Validation Set Manhattan Distance: 18.0, Mask Weight: 0.942
Epoch 353/20000, Train Loss: 0.3374, Validation Set Manhattan Distance: 18.0, Mask Weight: 0.942
Epoch 354/20000, Train Loss: 0.3337, Validation Set Manhattan Distance: 30.0, Mask Weight: 0.942
Epoch 355/20000, Train Loss: 0.3631, Validation Set Manhattan Distance: 28.0, Mask Weight: 0.942
Epoch 356/20000, Train Loss: 0.3381, Validation Set Manhattan Distance: 34.0, Mask Weight: 0.942
Epoch 357/20000, Train Loss: 0.3364, Validation Set Manhattan Distance: 18.0, Mask Weight: 0.942
Epoch 358/20000, Train Loss: 0.3283, Validation Set Manhattan Distance: 28.0, Mask Weight: 0.942
Epoch 359/20000, Train Loss: 0.3106, Validation Set Manhattan Distance: 38.0, Mask Weight: 0.942
Epoch 360/20000, Train Loss: 0.2956, Validation Set Manhattan Distance: 38.0, Mask Weight: 0.942
Epoch 361/20000, Train Loss: 0.3082, Validation Set Manhattan Distance: 44.0, Mask Weight: 0.942
Epoch 362/20000, Train Loss: 0.2985, Validation Set Manhattan Distance: 40.0, Mask Weight: 0.942
Epoch 363/20000, Train Loss: 0.3043, Validation Set Manhattan Distance: 44.0, Mask Weight: 0.942
Epoch 364/20000, Train Loss: 0.3224, Validation Set Manhattan Distance: 32.0, Mask Weight: 0.942
Epoch 365/20000, Train Loss: 0.2786, Validation Set Manhattan Distance: 38.0, Mask Weight: 0.942
Epoch 366/20000, Train Loss: 0.2877, Validation Set Manhattan Distance: 44.0, Mask Weight: 0.942
Epoch 367/20000, Train Loss: 0.3303, Validation Set Manhattan Distance: 34.0, Mask Weight: 0.942
Epoch 368/20000, Train Loss: 0.3085, Validation Set Manhattan Distance: 24.0, Mask Weight: 0.942
Epoch 369/20000, Train Loss: 0.3056, Validation Set Manhattan Distance: 28.0, Mask Weight: 0.942
Epoch 370/20000, Train Loss: 0.2764, Validation Set Manhattan Distance: 32.0, Mask Weight: 0.942
Epoch 371/20000, Train Loss: 0.2706, Validation Set Manhattan Distance: 38.0, Mask Weight: 0.942
Epoch 372/20000, Train Loss: 0.2810, Validation Set Manhattan Distance: 32.0, Mask Weight: 0.942
Epoch 373/20000, Train Loss: 0.2822, Validation Set Manhattan Distance: 38.0, Mask Weight: 0.942
Epoch 374/20000, Train Loss: 0.2650, Validation Set Manhattan Distance: 38.0, Mask Weight: 0.942
Epoch 375/20000, Train Loss: 0.2647, Validation Set Manhattan Distance: 38.0, Mask Weight: 0.942
Epoch 376/20000, Train Loss: 0.2601, Validation Set Manhattan Distance: 38.0, Mask Weight: 0.942
Epoch 377/20000, Train Loss: 0.2602, Validation Set Manhattan Distance: 40.0, Mask Weight: 0.942
Epoch 378/20000, Train Loss: 0.2564, Validation Set Manhattan Distance: 44.0, Mask Weight: 0.942
Epoch 379/20000, Train Loss: 0.2494, Validation Set Manhattan Distance: 44.0, Mask Weight: 0.942
Epoch 380/20000, Train Loss: 0.2487, Validation Set Manhattan Distance: 44.0, Mask Weight: 0.942
Epoch 381/20000, Train Loss: 0.2516, Validation Set Manhattan Distance: 44.0, Mask Weight: 0.942
Epoch 382/20000, Train Loss: 0.2530, Validation Set Manhattan Distance: 44.0, Mask Weight: 0.942
Epoch 383/20000, Train Loss: 0.2563, Validation Set Manhattan Distance: 44.0, Mask Weight: 0.942
Epoch 384/20000, Train Loss: 0.2515, Validation Set Manhattan Distance: 44.0, Mask Weight: 0.942
Epoch 385/20000, Train Loss: 0.2475, Validation Set Manhattan Distance: 44.0, Mask Weight: 0.942
Epoch 386/20000, Train Loss: 0.2485, Validation Set Manhattan Distance: 44.0, Mask Weight: 0.942
Epoch 387/20000, Train Loss: 0.2493, Validation Set Manhattan Distance: 44.0, Mask Weight: 0.942
Epoch 388/20000, Train Loss: 0.2476, Validation Set Manhattan Distance: 44.0, Mask Weight: 0.942
Epoch 389/20000, Train Loss: 0.2469, Validation Set Manhattan Distance: 44.0, Mask Weight: 0.942
Epoch 390/20000, Train Loss: 0.2468, Validation Set Manhattan Distance: 44.0, Mask Weight: 0.942
Epoch 391/20000, Train Loss: 0.2460, Validation Set Manhattan Distance: 48.0, Mask Weight: 0.942
Epoch 392/20000, Train Loss: 0.2477, Validation Set Manhattan Distance: 48.0, Mask Weight: 0.942
Epoch 393/20000, Train Loss: 0.2439, Validation Set Manhattan Distance: 50.0, Mask Weight: 0.942
Epoch 394/20000, Train Loss: 0.2476, Validation Set Manhattan Distance: 48.0, Mask Weight: 0.942
Epoch 395/20000, Train Loss: 0.2464, Validation Set Manhattan Distance: 48.0, Mask Weight: 0.942
Epoch 396/20000, Train Loss: 0.2452, Validation Set Manhattan Distance: 48.0, Mask Weight: 0.942
Epoch 397/20000, Train Loss: 0.2485, Validation Set Manhattan Distance: 44.0, Mask Weight: 0.942
Epoch 398/20000, Train Loss: 0.2444, Validation Set Manhattan Distance: 48.0, Mask Weight: 0.942
Epoch 399/20000, Train Loss: 0.2506, Validation Set Manhattan Distance: 44.0, Mask Weight: 0.942
Epoch 400/20000, Train Loss: 0.2465, Validation Set Manhattan Distance: 44.0, Mask Weight: 0.942
Epoch 401/20000, Train Loss: 0.2458, Validation Set Manhattan Distance: 44.0, Mask Weight: 0.942
Epoch 402/20000, Train Loss: 0.2459, Validation Set Manhattan Distance: 48.0, Mask Weight: 0.942
Epoch 403/20000, Train Loss: 0.2475, Validation Set Manhattan Distance: 48.0, Mask Weight: 0.942
Epoch 404/20000, Train Loss: 0.2461, Validation Set Manhattan Distance: 44.0, Mask Weight: 0.942
Epoch 405/20000, Train Loss: 0.2449, Validation Set Manhattan Distance: 48.0, Mask Weight: 0.942
Epoch 406/20000, Train Loss: 0.2460, Validation Set Manhattan Distance: 44.0, Mask Weight: 0.942
Epoch 407/20000, Train Loss: 0.2462, Validation Set Manhattan Distance: 44.0, Mask Weight: 0.942
Epoch 408/20000, Train Loss: 0.2450, Validation Set Manhattan Distance: 44.0, Mask Weight: 0.942
Epoch 409/20000, Train Loss: 0.2482, Validation Set Manhattan Distance: 44.0, Mask Weight: 0.942
Epoch 410/20000, Train Loss: 0.2443, Validation Set Manhattan Distance: 44.0, Mask Weight: 0.942
Epoch 411/20000, Train Loss: 0.2439, Validation Set Manhattan Distance: 44.0, Mask Weight: 0.942
Epoch 412/20000, Train Loss: 0.2442, Validation Set Manhattan Distance: 44.0, Mask Weight: 0.942
Epoch 413/20000, Train Loss: 0.2440, Validation Set Manhattan Distance: 44.0, Mask Weight: 0.942
Epoch 414/20000, Train Loss: 0.2457, Validation Set Manhattan Distance: 44.0, Mask Weight: 0.942
Epoch 415/20000, Train Loss: 0.2448, Validation Set Manhattan Distance: 44.0, Mask Weight: 0.942
Epoch 416/20000, Train Loss: 0.2454, Validation Set Manhattan Distance: 44.0, Mask Weight: 0.942
Epoch 417/20000, Train Loss: 0.2461, Validation Set Manhattan Distance: 44.0, Mask Weight: 0.942
Epoch 418/20000, Train Loss: 0.3625, Validation Set Manhattan Distance: 32.0, Mask Weight: 0.942
Epoch 419/20000, Train Loss: 0.3947, Validation Set Manhattan Distance: 24.0, Mask Weight: 0.942
Epoch 420/20000, Train Loss: 0.4003, Validation Set Manhattan Distance: 12.0, Mask Weight: 0.942
Epoch 421/20000, Train Loss: 0.3049, Validation Set Manhattan Distance: 12.0, Mask Weight: 0.942
Epoch 422/20000, Train Loss: 0.2905, Validation Set Manhattan Distance: 12.0, Mask Weight: 0.942
Epoch 423/20000, Train Loss: 0.2830, Validation Set Manhattan Distance: 12.0, Mask Weight: 0.942
Epoch 424/20000, Train Loss: 0.2712, Validation Set Manhattan Distance: 18.0, Mask Weight: 0.942
Epoch 425/20000, Train Loss: 0.2601, Validation Set Manhattan Distance: 16.0, Mask Weight: 0.942
Epoch 426/20000, Train Loss: 0.2518, Validation Set Manhattan Distance: 16.0, Mask Weight: 0.942
Epoch 427/20000, Train Loss: 0.2517, Validation Set Manhattan Distance: 16.0, Mask Weight: 0.942
Epoch 428/20000, Train Loss: 0.2474, Validation Set Manhattan Distance: 18.0, Mask Weight: 0.942
Epoch 429/20000, Train Loss: 0.2481, Validation Set Manhattan Distance: 18.0, Mask Weight: 0.942
Epoch 430/20000, Train Loss: 0.2477, Validation Set Manhattan Distance: 18.0, Mask Weight: 0.942
Epoch 431/20000, Train Loss: 0.2463, Validation Set Manhattan Distance: 18.0, Mask Weight: 0.942
Epoch 432/20000, Train Loss: 0.2454, Validation Set Manhattan Distance: 18.0, Mask Weight: 0.942
Epoch 433/20000, Train Loss: 0.2483, Validation Set Manhattan Distance: 16.0, Mask Weight: 0.942
Epoch 434/20000, Train Loss: 0.2898, Validation Set Manhattan Distance: 16.0, Mask Weight: 0.942
Epoch 435/20000, Train Loss: 0.3792, Validation Set Manhattan Distance: 12.0, Mask Weight: 0.942
Epoch 436/20000, Train Loss: 0.3221, Validation Set Manhattan Distance: 12.0, Mask Weight: 0.942
Epoch 437/20000, Train Loss: 0.2950, Validation Set Manhattan Distance: 12.0, Mask Weight: 0.942
Epoch 438/20000, Train Loss: 0.2749, Validation Set Manhattan Distance: 12.0, Mask Weight: 0.942
Epoch 439/20000, Train Loss: 0.2746, Validation Set Manhattan Distance: 12.0, Mask Weight: 0.942
Epoch 440/20000, Train Loss: 0.2648, Validation Set Manhattan Distance: 12.0, Mask Weight: 0.942
Epoch 441/20000, Train Loss: 0.2579, Validation Set Manhattan Distance: 18.0, Mask Weight: 0.942
Epoch 442/20000, Train Loss: 0.2535, Validation Set Manhattan Distance: 16.0, Mask Weight: 0.942
Epoch 443/20000, Train Loss: 0.2496, Validation Set Manhattan Distance: 16.0, Mask Weight: 0.942
Epoch 444/20000, Train Loss: 0.2470, Validation Set Manhattan Distance: 16.0, Mask Weight: 0.942
Epoch 445/20000, Train Loss: 0.2466, Validation Set Manhattan Distance: 16.0, Mask Weight: 0.942
Epoch 446/20000, Train Loss: 0.2450, Validation Set Manhattan Distance: 16.0, Mask Weight: 0.942
Epoch 447/20000, Train Loss: 0.2463, Validation Set Manhattan Distance: 16.0, Mask Weight: 0.942
Epoch 448/20000, Train Loss: 0.2442, Validation Set Manhattan Distance: 16.0, Mask Weight: 0.942
Epoch 449/20000, Train Loss: 0.2452, Validation Set Manhattan Distance: 16.0, Mask Weight: 0.942
Epoch 450/20000, Train Loss: 0.2464, Validation Set Manhattan Distance: 16.0, Mask Weight: 0.942
Epoch 451/20000, Train Loss: 0.2470, Validation Set Manhattan Distance: 16.0, Mask Weight: 0.942
Epoch 452/20000, Train Loss: 0.2456, Validation Set Manhattan Distance: 16.0, Mask Weight: 0.942
Epoch 453/20000, Train Loss: 0.2473, Validation Set Manhattan Distance: 16.0, Mask Weight: 0.942
Epoch 454/20000, Train Loss: 0.2464, Validation Set Manhattan Distance: 16.0, Mask Weight: 0.942
Epoch 455/20000, Train Loss: 0.2454, Validation Set Manhattan Distance: 16.0, Mask Weight: 0.942
Epoch 456/20000, Train Loss: 0.2479, Validation Set Manhattan Distance: 18.0, Mask Weight: 0.942
Epoch 457/20000, Train Loss: 0.2441, Validation Set Manhattan Distance: 16.0, Mask Weight: 0.942
Epoch 458/20000, Train Loss: 0.2459, Validation Set Manhattan Distance: 18.0, Mask Weight: 0.942
Epoch 459/20000, Train Loss: 0.2454, Validation Set Manhattan Distance: 18.0, Mask Weight: 0.942
Epoch 460/20000, Train Loss: 0.2459, Validation Set Manhattan Distance: 18.0, Mask Weight: 0.942
Epoch 461/20000, Train Loss: 0.2446, Validation Set Manhattan Distance: 18.0, Mask Weight: 0.942
Epoch 462/20000, Train Loss: 0.2437, Validation Set Manhattan Distance: 18.0, Mask Weight: 0.942
Epoch 463/20000, Train Loss: 0.2442, Validation Set Manhattan Distance: 18.0, Mask Weight: 0.942
Epoch 464/20000, Train Loss: 0.2441, Validation Set Manhattan Distance: 18.0, Mask Weight: 0.942
Epoch 465/20000, Train Loss: 0.2445, Validation Set Manhattan Distance: 18.0, Mask Weight: 0.942
Epoch 466/20000, Train Loss: 0.2447, Validation Set Manhattan Distance: 18.0, Mask Weight: 0.942
Epoch 467/20000, Train Loss: 0.2434, Validation Set Manhattan Distance: 18.0, Mask Weight: 0.942
Epoch 468/20000, Train Loss: 0.2441, Validation Set Manhattan Distance: 18.0, Mask Weight: 0.942
Epoch 469/20000, Train Loss: 0.2435, Validation Set Manhattan Distance: 18.0, Mask Weight: 0.942
Epoch 470/20000, Train Loss: 0.2446, Validation Set Manhattan Distance: 18.0, Mask Weight: 0.942
Epoch 471/20000, Train Loss: 0.2467, Validation Set Manhattan Distance: 18.0, Mask Weight: 0.942
Epoch 472/20000, Train Loss: 0.2442, Validation Set Manhattan Distance: 18.0, Mask Weight: 0.942
Epoch 473/20000, Train Loss: 0.2444, Validation Set Manhattan Distance: 18.0, Mask Weight: 0.942
Epoch 474/20000, Train Loss: 0.2444, Validation Set Manhattan Distance: 18.0, Mask Weight: 0.942
Epoch 475/20000, Train Loss: 0.2456, Validation Set Manhattan Distance: 18.0, Mask Weight: 0.942
Epoch 476/20000, Train Loss: 0.2433, Validation Set Manhattan Distance: 18.0, Mask Weight: 0.942
Epoch 477/20000, Train Loss: 0.2446, Validation Set Manhattan Distance: 18.0, Mask Weight: 0.942
Epoch 478/20000, Train Loss: 0.2444, Validation Set Manhattan Distance: 18.0, Mask Weight: 0.942
Epoch 479/20000, Train Loss: 0.2444, Validation Set Manhattan Distance: 18.0, Mask Weight: 0.942
Epoch 480/20000, Train Loss: 0.2426, Validation Set Manhattan Distance: 18.0, Mask Weight: 0.942
Epoch 481/20000, Train Loss: 0.2442, Validation Set Manhattan Distance: 18.0, Mask Weight: 0.942
Epoch 482/20000, Train Loss: 0.2450, Validation Set Manhattan Distance: 18.0, Mask Weight: 0.942
Epoch 483/20000, Train Loss: 0.2439, Validation Set Manhattan Distance: 18.0, Mask Weight: 0.942
Epoch 484/20000, Train Loss: 0.2481, Validation Set Manhattan Distance: 18.0, Mask Weight: 0.942
Epoch 485/20000, Train Loss: 0.2448, Validation Set Manhattan Distance: 18.0, Mask Weight: 0.942
Epoch 486/20000, Train Loss: 0.2449, Validation Set Manhattan Distance: 18.0, Mask Weight: 0.942
Epoch 487/20000, Train Loss: 0.2486, Validation Set Manhattan Distance: 18.0, Mask Weight: 0.942
Epoch 488/20000, Train Loss: 0.2466, Validation Set Manhattan Distance: 18.0, Mask Weight: 0.942
Epoch 489/20000, Train Loss: 0.2461, Validation Set Manhattan Distance: 18.0, Mask Weight: 0.942
Epoch 490/20000, Train Loss: 0.2437, Validation Set Manhattan Distance: 18.0, Mask Weight: 0.942
Epoch 491/20000, Train Loss: 0.2460, Validation Set Manhattan Distance: 18.0, Mask Weight: 0.942
Epoch 492/20000, Train Loss: 0.2438, Validation Set Manhattan Distance: 18.0, Mask Weight: 0.942
Epoch 493/20000, Train Loss: 0.2470, Validation Set Manhattan Distance: 18.0, Mask Weight: 0.942
Epoch 494/20000, Train Loss: 0.2426, Validation Set Manhattan Distance: 18.0, Mask Weight: 0.942
Epoch 495/20000, Train Loss: 0.2457, Validation Set Manhattan Distance: 18.0, Mask Weight: 0.942
Epoch 496/20000, Train Loss: 0.2430, Validation Set Manhattan Distance: 18.0, Mask Weight: 0.942
Epoch 497/20000, Train Loss: 0.2429, Validation Set Manhattan Distance: 24.0, Mask Weight: 0.942
Epoch 498/20000, Train Loss: 0.2436, Validation Set Manhattan Distance: 24.0, Mask Weight: 0.942
Epoch 499/20000, Train Loss: 0.2457, Validation Set Manhattan Distance: 18.0, Mask Weight: 0.942
Epoch 500/20000, Train Loss: 0.2428, Validation Set Manhattan Distance: 18.0, Mask Weight: 0.942
Epoch 501/20000, Train Loss: 0.2441, Validation Set Manhattan Distance: 18.0, Mask Weight: 0.942
Epoch 502/20000, Train Loss: 0.2432, Validation Set Manhattan Distance: 18.0, Mask Weight: 0.942
Epoch 503/20000, Train Loss: 0.2432, Validation Set Manhattan Distance: 18.0, Mask Weight: 0.942
Epoch 504/20000, Train Loss: 0.2422, Validation Set Manhattan Distance: 18.0, Mask Weight: 0.942
Epoch 505/20000, Train Loss: 0.2417, Validation Set Manhattan Distance: 18.0, Mask Weight: 0.942
Epoch 506/20000, Train Loss: 0.2425, Validation Set Manhattan Distance: 18.0, Mask Weight: 0.942
Epoch 507/20000, Train Loss: 0.2427, Validation Set Manhattan Distance: 24.0, Mask Weight: 0.942
Epoch 508/20000, Train Loss: 0.2444, Validation Set Manhattan Distance: 24.0, Mask Weight: 0.942
Epoch 509/20000, Train Loss: 0.2435, Validation Set Manhattan Distance: 18.0, Mask Weight: 0.942
Epoch 510/20000, Train Loss: 0.2440, Validation Set Manhattan Distance: 18.0, Mask Weight: 0.942
Epoch 511/20000, Train Loss: 0.2436, Validation Set Manhattan Distance: 24.0, Mask Weight: 0.942
Epoch 512/20000, Train Loss: 0.2446, Validation Set Manhattan Distance: 24.0, Mask Weight: 0.942
Epoch 513/20000, Train Loss: 0.2437, Validation Set Manhattan Distance: 24.0, Mask Weight: 0.942
Epoch 514/20000, Train Loss: 0.2440, Validation Set Manhattan Distance: 24.0, Mask Weight: 0.942
Epoch 515/20000, Train Loss: 0.2436, Validation Set Manhattan Distance: 24.0, Mask Weight: 0.942
Epoch 516/20000, Train Loss: 0.2435, Validation Set Manhattan Distance: 24.0, Mask Weight: 0.942
Epoch 517/20000, Train Loss: 0.2436, Validation Set Manhattan Distance: 24.0, Mask Weight: 0.942
Epoch 518/20000, Train Loss: 0.2448, Validation Set Manhattan Distance: 18.0, Mask Weight: 0.942
Epoch 519/20000, Train Loss: 0.2436, Validation Set Manhattan Distance: 24.0, Mask Weight: 0.942
Epoch 520/20000, Train Loss: 0.2453, Validation Set Manhattan Distance: 24.0, Mask Weight: 0.942
Epoch 521/20000, Train Loss: 0.2447, Validation Set Manhattan Distance: 18.0, Mask Weight: 0.942
Epoch 522/20000, Train Loss: 0.2439, Validation Set Manhattan Distance: 18.0, Mask Weight: 0.942
Epoch 523/20000, Train Loss: 0.2422, Validation Set Manhattan Distance: 24.0, Mask Weight: 0.942
Epoch 524/20000, Train Loss: 0.2426, Validation Set Manhattan Distance: 24.0, Mask Weight: 0.942
Epoch 525/20000, Train Loss: 0.2429, Validation Set Manhattan Distance: 24.0, Mask Weight: 0.942
Epoch 526/20000, Train Loss: 0.2424, Validation Set Manhattan Distance: 24.0, Mask Weight: 0.942
Epoch 527/20000, Train Loss: 0.2426, Validation Set Manhattan Distance: 24.0, Mask Weight: 0.942
Epoch 528/20000, Train Loss: 0.2422, Validation Set Manhattan Distance: 24.0, Mask Weight: 0.942
Epoch 529/20000, Train Loss: 0.2422, Validation Set Manhattan Distance: 24.0, Mask Weight: 0.942
Epoch 530/20000, Train Loss: 0.2436, Validation Set Manhattan Distance: 24.0, Mask Weight: 0.942
Epoch 531/20000, Train Loss: 0.2440, Validation Set Manhattan Distance: 18.0, Mask Weight: 0.942
Epoch 532/20000, Train Loss: 0.2439, Validation Set Manhattan Distance: 24.0, Mask Weight: 0.942
Epoch 533/20000, Train Loss: 0.2432, Validation Set Manhattan Distance: 24.0, Mask Weight: 0.942
Epoch 534/20000, Train Loss: 0.2437, Validation Set Manhattan Distance: 18.0, Mask Weight: 0.942
Epoch 535/20000, Train Loss: 0.2422, Validation Set Manhattan Distance: 18.0, Mask Weight: 0.942
Epoch 536/20000, Train Loss: 0.2432, Validation Set Manhattan Distance: 18.0, Mask Weight: 0.942
Epoch 537/20000, Train Loss: 0.2433, Validation Set Manhattan Distance: 18.0, Mask Weight: 0.942
Epoch 538/20000, Train Loss: 0.2448, Validation Set Manhattan Distance: 24.0, Mask Weight: 0.942
Epoch 539/20000, Train Loss: 0.2433, Validation Set Manhattan Distance: 24.0, Mask Weight: 0.942
Epoch 540/20000, Train Loss: 0.2427, Validation Set Manhattan Distance: 18.0, Mask Weight: 0.942
Epoch 541/20000, Train Loss: 0.2437, Validation Set Manhattan Distance: 18.0, Mask Weight: 0.942
Epoch 542/20000, Train Loss: 0.2429, Validation Set Manhattan Distance: 18.0, Mask Weight: 0.942
Epoch 543/20000, Train Loss: 0.2426, Validation Set Manhattan Distance: 18.0, Mask Weight: 0.942
Epoch 544/20000, Train Loss: 0.2437, Validation Set Manhattan Distance: 18.0, Mask Weight: 0.942
Epoch 545/20000, Train Loss: 0.2459, Validation Set Manhattan Distance: 18.0, Mask Weight: 0.942
Epoch 546/20000, Train Loss: 0.2437, Validation Set Manhattan Distance: 18.0, Mask Weight: 0.942
Epoch 547/20000, Train Loss: 0.2448, Validation Set Manhattan Distance: 18.0, Mask Weight: 0.942
Epoch 548/20000, Train Loss: 0.2432, Validation Set Manhattan Distance: 18.0, Mask Weight: 0.942
Epoch 549/20000, Train Loss: 0.2425, Validation Set Manhattan Distance: 24.0, Mask Weight: 0.942
Epoch 550/20000, Train Loss: 0.2456, Validation Set Manhattan Distance: 24.0, Mask Weight: 0.942
Epoch 551/20000, Train Loss: 0.2429, Validation Set Manhattan Distance: 24.0, Mask Weight: 0.942
Epoch 552/20000, Train Loss: 0.2441, Validation Set Manhattan Distance: 24.0, Mask Weight: 0.942
Epoch 553/20000, Train Loss: 0.2440, Validation Set Manhattan Distance: 24.0, Mask Weight: 0.942
Epoch 554/20000, Train Loss: 0.2449, Validation Set Manhattan Distance: 24.0, Mask Weight: 0.942
Epoch 555/20000, Train Loss: 0.2454, Validation Set Manhattan Distance: 18.0, Mask Weight: 0.942
Epoch 556/20000, Train Loss: 0.2441, Validation Set Manhattan Distance: 24.0, Mask Weight: 0.942
Epoch 557/20000, Train Loss: 0.2439, Validation Set Manhattan Distance: 18.0, Mask Weight: 0.942
Epoch 558/20000, Train Loss: 0.2446, Validation Set Manhattan Distance: 18.0, Mask Weight: 0.942
Epoch 559/20000, Train Loss: 0.2437, Validation Set Manhattan Distance: 18.0, Mask Weight: 0.942
Epoch 560/20000, Train Loss: 0.2437, Validation Set Manhattan Distance: 24.0, Mask Weight: 0.942
Epoch 561/20000, Train Loss: 0.2435, Validation Set Manhattan Distance: 24.0, Mask Weight: 0.942
Epoch 562/20000, Train Loss: 0.2423, Validation Set Manhattan Distance: 24.0, Mask Weight: 0.942
Epoch 563/20000, Train Loss: 0.2421, Validation Set Manhattan Distance: 24.0, Mask Weight: 0.942
Epoch 564/20000, Train Loss: 0.2424, Validation Set Manhattan Distance: 24.0, Mask Weight: 0.942
Epoch 565/20000, Train Loss: 0.2435, Validation Set Manhattan Distance: 18.0, Mask Weight: 0.942
Epoch 566/20000, Train Loss: 0.2422, Validation Set Manhattan Distance: 18.0, Mask Weight: 0.942
Epoch 567/20000, Train Loss: 0.2416, Validation Set Manhattan Distance: 18.0, Mask Weight: 0.942
Epoch 568/20000, Train Loss: 0.2420, Validation Set Manhattan Distance: 18.0, Mask Weight: 0.942
Epoch 569/20000, Train Loss: 0.2424, Validation Set Manhattan Distance: 18.0, Mask Weight: 0.942
Epoch 570/20000, Train Loss: 0.2429, Validation Set Manhattan Distance: 18.0, Mask Weight: 0.942
Epoch 571/20000, Train Loss: 0.2421, Validation Set Manhattan Distance: 18.0, Mask Weight: 0.942
Epoch 572/20000, Train Loss: 0.2416, Validation Set Manhattan Distance: 18.0, Mask Weight: 0.942
Epoch 573/20000, Train Loss: 0.2437, Validation Set Manhattan Distance: 18.0, Mask Weight: 0.942
Epoch 574/20000, Train Loss: 0.2425, Validation Set Manhattan Distance: 18.0, Mask Weight: 0.942
Epoch 575/20000, Train Loss: 0.2423, Validation Set Manhattan Distance: 18.0, Mask Weight: 0.942
Epoch 576/20000, Train Loss: 0.2424, Validation Set Manhattan Distance: 18.0, Mask Weight: 0.942
Epoch 577/20000, Train Loss: 0.2431, Validation Set Manhattan Distance: 18.0, Mask Weight: 0.942
Epoch 578/20000, Train Loss: 0.2417, Validation Set Manhattan Distance: 18.0, Mask Weight: 0.942
Epoch 579/20000, Train Loss: 0.2451, Validation Set Manhattan Distance: 18.0, Mask Weight: 0.942
Epoch 580/20000, Train Loss: 0.2431, Validation Set Manhattan Distance: 18.0, Mask Weight: 0.942
Epoch 581/20000, Train Loss: 0.2438, Validation Set Manhattan Distance: 18.0, Mask Weight: 0.942
Epoch 582/20000, Train Loss: 0.2440, Validation Set Manhattan Distance: 18.0, Mask Weight: 0.942
Epoch 583/20000, Train Loss: 0.2421, Validation Set Manhattan Distance: 18.0, Mask Weight: 0.942
Epoch 584/20000, Train Loss: 0.2429, Validation Set Manhattan Distance: 18.0, Mask Weight: 0.942
Epoch 585/20000, Train Loss: 0.2435, Validation Set Manhattan Distance: 18.0, Mask Weight: 0.942
Epoch 586/20000, Train Loss: 0.2451, Validation Set Manhattan Distance: 18.0, Mask Weight: 0.942
Epoch 587/20000, Train Loss: 0.2436, Validation Set Manhattan Distance: 18.0, Mask Weight: 0.942
Epoch 588/20000, Train Loss: 0.2433, Validation Set Manhattan Distance: 18.0, Mask Weight: 0.942
Epoch 589/20000, Train Loss: 0.2433, Validation Set Manhattan Distance: 18.0, Mask Weight: 0.942
Epoch 590/20000, Train Loss: 0.2434, Validation Set Manhattan Distance: 18.0, Mask Weight: 0.942
Epoch 591/20000, Train Loss: 0.2426, Validation Set Manhattan Distance: 18.0, Mask Weight: 0.942
Epoch 592/20000, Train Loss: 0.2428, Validation Set Manhattan Distance: 18.0, Mask Weight: 0.942
Epoch 593/20000, Train Loss: 0.2431, Validation Set Manhattan Distance: 18.0, Mask Weight: 0.942
Epoch 594/20000, Train Loss: 0.2440, Validation Set Manhattan Distance: 18.0, Mask Weight: 0.942
Epoch 595/20000, Train Loss: 0.2439, Validation Set Manhattan Distance: 18.0, Mask Weight: 0.942
Epoch 596/20000, Train Loss: 0.2430, Validation Set Manhattan Distance: 18.0, Mask Weight: 0.942
Epoch 597/20000, Train Loss: 0.2433, Validation Set Manhattan Distance: 18.0, Mask Weight: 0.942
Epoch 598/20000, Train Loss: 0.2438, Validation Set Manhattan Distance: 18.0, Mask Weight: 0.942
Epoch 599/20000, Train Loss: 0.2442, Validation Set Manhattan Distance: 18.0, Mask Weight: 0.942
Epoch 600/20000, Train Loss: 0.2429, Validation Set Manhattan Distance: 18.0, Mask Weight: 0.942
Epoch 601/20000, Train Loss: 0.2429, Validation Set Manhattan Distance: 18.0, Mask Weight: 0.942
Epoch 602/20000, Train Loss: 0.2426, Validation Set Manhattan Distance: 18.0, Mask Weight: 0.942
Epoch 603/20000, Train Loss: 0.2412, Validation Set Manhattan Distance: 18.0, Mask Weight: 0.942
Epoch 604/20000, Train Loss: 0.2442, Validation Set Manhattan Distance: 18.0, Mask Weight: 0.942
Epoch 605/20000, Train Loss: 0.2424, Validation Set Manhattan Distance: 18.0, Mask Weight: 0.942
Epoch 606/20000, Train Loss: 0.2432, Validation Set Manhattan Distance: 18.0, Mask Weight: 0.942
Epoch 607/20000, Train Loss: 0.2428, Validation Set Manhattan Distance: 18.0, Mask Weight: 0.942
Epoch 608/20000, Train Loss: 0.2432, Validation Set Manhattan Distance: 18.0, Mask Weight: 0.942
Epoch 609/20000, Train Loss: 0.2427, Validation Set Manhattan Distance: 18.0, Mask Weight: 0.942
Epoch 610/20000, Train Loss: 0.2428, Validation Set Manhattan Distance: 18.0, Mask Weight: 0.942
Epoch 611/20000, Train Loss: 0.2422, Validation Set Manhattan Distance: 18.0, Mask Weight: 0.942
Epoch 612/20000, Train Loss: 0.2430, Validation Set Manhattan Distance: 18.0, Mask Weight: 0.942
Epoch 613/20000, Train Loss: 0.2428, Validation Set Manhattan Distance: 18.0, Mask Weight: 0.942
Epoch 614/20000, Train Loss: 0.2426, Validation Set Manhattan Distance: 18.0, Mask Weight: 0.942
Epoch 615/20000, Train Loss: 0.2430, Validation Set Manhattan Distance: 18.0, Mask Weight: 0.942
Epoch 616/20000, Train Loss: 0.2439, Validation Set Manhattan Distance: 18.0, Mask Weight: 0.942
Epoch 617/20000, Train Loss: 0.2426, Validation Set Manhattan Distance: 18.0, Mask Weight: 0.942
Epoch 618/20000, Train Loss: 0.2430, Validation Set Manhattan Distance: 18.0, Mask Weight: 0.942
Epoch 619/20000, Train Loss: 0.2415, Validation Set Manhattan Distance: 18.0, Mask Weight: 0.942
Epoch 620/20000, Train Loss: 0.2426, Validation Set Manhattan Distance: 18.0, Mask Weight: 0.942
Epoch 621/20000, Train Loss: 0.2419, Validation Set Manhattan Distance: 18.0, Mask Weight: 0.942
Epoch 622/20000, Train Loss: 0.2425, Validation Set Manhattan Distance: 18.0, Mask Weight: 0.942
Epoch 623/20000, Train Loss: 0.2426, Validation Set Manhattan Distance: 18.0, Mask Weight: 0.942
Epoch 624/20000, Train Loss: 0.2432, Validation Set Manhattan Distance: 18.0, Mask Weight: 0.942
Epoch 625/20000, Train Loss: 0.2417, Validation Set Manhattan Distance: 18.0, Mask Weight: 0.942
Epoch 626/20000, Train Loss: 0.2415, Validation Set Manhattan Distance: 18.0, Mask Weight: 0.942
Epoch 627/20000, Train Loss: 0.2405, Validation Set Manhattan Distance: 16.0, Mask Weight: 0.942
Epoch 628/20000, Train Loss: 0.2429, Validation Set Manhattan Distance: 16.0, Mask Weight: 0.942
Epoch 629/20000, Train Loss: 0.2449, Validation Set Manhattan Distance: 16.0, Mask Weight: 0.942
Epoch 630/20000, Train Loss: 0.2414, Validation Set Manhattan Distance: 16.0, Mask Weight: 0.942
Epoch 631/20000, Train Loss: 0.2427, Validation Set Manhattan Distance: 18.0, Mask Weight: 0.942
Epoch 632/20000, Train Loss: 0.2491, Validation Set Manhattan Distance: 16.0, Mask Weight: 0.942
Epoch 633/20000, Train Loss: 0.2447, Validation Set Manhattan Distance: 16.0, Mask Weight: 0.942
Epoch 634/20000, Train Loss: 0.2454, Validation Set Manhattan Distance: 18.0, Mask Weight: 0.942
Epoch 635/20000, Train Loss: 0.2427, Validation Set Manhattan Distance: 18.0, Mask Weight: 0.942
Epoch 636/20000, Train Loss: 0.2424, Validation Set Manhattan Distance: 18.0, Mask Weight: 0.942
Epoch 637/20000, Train Loss: 0.2436, Validation Set Manhattan Distance: 18.0, Mask Weight: 0.942
Epoch 638/20000, Train Loss: 0.2431, Validation Set Manhattan Distance: 18.0, Mask Weight: 0.942
Epoch 639/20000, Train Loss: 0.2446, Validation Set Manhattan Distance: 18.0, Mask Weight: 0.942
Epoch 640/20000, Train Loss: 0.2421, Validation Set Manhattan Distance: 18.0, Mask Weight: 0.942
Epoch 641/20000, Train Loss: 0.2432, Validation Set Manhattan Distance: 18.0, Mask Weight: 0.942
Epoch 642/20000, Train Loss: 0.2437, Validation Set Manhattan Distance: 18.0, Mask Weight: 0.942
Epoch 643/20000, Train Loss: 0.2437, Validation Set Manhattan Distance: 18.0, Mask Weight: 0.942
Epoch 644/20000, Train Loss: 0.2446, Validation Set Manhattan Distance: 18.0, Mask Weight: 0.942
Epoch 645/20000, Train Loss: 0.2436, Validation Set Manhattan Distance: 18.0, Mask Weight: 0.942
Epoch 646/20000, Train Loss: 0.2440, Validation Set Manhattan Distance: 18.0, Mask Weight: 0.942
Epoch 647/20000, Train Loss: 0.2424, Validation Set Manhattan Distance: 18.0, Mask Weight: 0.942
Epoch 648/20000, Train Loss: 0.2441, Validation Set Manhattan Distance: 18.0, Mask Weight: 0.942
Epoch 649/20000, Train Loss: 0.2434, Validation Set Manhattan Distance: 18.0, Mask Weight: 0.942
Epoch 650/20000, Train Loss: 0.2413, Validation Set Manhattan Distance: 18.0, Mask Weight: 0.942
Epoch 651/20000, Train Loss: 0.2419, Validation Set Manhattan Distance: 18.0, Mask Weight: 0.942
Epoch 652/20000, Train Loss: 0.2419, Validation Set Manhattan Distance: 18.0, Mask Weight: 0.942
Epoch 653/20000, Train Loss: 0.2417, Validation Set Manhattan Distance: 18.0, Mask Weight: 0.942
Epoch 654/20000, Train Loss: 0.2429, Validation Set Manhattan Distance: 18.0, Mask Weight: 0.942
Epoch 655/20000, Train Loss: 0.2439, Validation Set Manhattan Distance: 18.0, Mask Weight: 0.942
Epoch 656/20000, Train Loss: 0.2420, Validation Set Manhattan Distance: 18.0, Mask Weight: 0.942
Epoch 657/20000, Train Loss: 0.2426, Validation Set Manhattan Distance: 18.0, Mask Weight: 0.942
Epoch 658/20000, Train Loss: 0.2428, Validation Set Manhattan Distance: 18.0, Mask Weight: 0.942
Epoch 659/20000, Train Loss: 0.2431, Validation Set Manhattan Distance: 18.0, Mask Weight: 0.942
Epoch 660/20000, Train Loss: 0.2423, Validation Set Manhattan Distance: 18.0, Mask Weight: 0.942
Epoch 661/20000, Train Loss: 0.2419, Validation Set Manhattan Distance: 18.0, Mask Weight: 0.942
Epoch 662/20000, Train Loss: 0.2425, Validation Set Manhattan Distance: 18.0, Mask Weight: 0.942
Epoch 663/20000, Train Loss: 0.2432, Validation Set Manhattan Distance: 18.0, Mask Weight: 0.942
Epoch 664/20000, Train Loss: 0.2427, Validation Set Manhattan Distance: 18.0, Mask Weight: 0.942
Epoch 665/20000, Train Loss: 0.2418, Validation Set Manhattan Distance: 18.0, Mask Weight: 0.942
Epoch 666/20000, Train Loss: 0.2415, Validation Set Manhattan Distance: 18.0, Mask Weight: 0.942
Epoch 667/20000, Train Loss: 0.2431, Validation Set Manhattan Distance: 18.0, Mask Weight: 0.942
Epoch 668/20000, Train Loss: 0.2432, Validation Set Manhattan Distance: 18.0, Mask Weight: 0.942
Epoch 669/20000, Train Loss: 0.2429, Validation Set Manhattan Distance: 18.0, Mask Weight: 0.942
Epoch 670/20000, Train Loss: 0.2424, Validation Set Manhattan Distance: 18.0, Mask Weight: 0.942
Epoch 671/20000, Train Loss: 0.2423, Validation Set Manhattan Distance: 18.0, Mask Weight: 0.942
Epoch 672/20000, Train Loss: 0.2424, Validation Set Manhattan Distance: 18.0, Mask Weight: 0.942
Epoch 673/20000, Train Loss: 0.2428, Validation Set Manhattan Distance: 18.0, Mask Weight: 0.942
Epoch 674/20000, Train Loss: 0.2425, Validation Set Manhattan Distance: 18.0, Mask Weight: 0.942
Epoch 675/20000, Train Loss: 0.2421, Validation Set Manhattan Distance: 18.0, Mask Weight: 0.942
Epoch 676/20000, Train Loss: 0.2421, Validation Set Manhattan Distance: 18.0, Mask Weight: 0.942
Epoch 677/20000, Train Loss: 0.2420, Validation Set Manhattan Distance: 18.0, Mask Weight: 0.942
Epoch 678/20000, Train Loss: 0.2447, Validation Set Manhattan Distance: 18.0, Mask Weight: 0.942
Epoch 679/20000, Train Loss: 0.2440, Validation Set Manhattan Distance: 18.0, Mask Weight: 0.942
Epoch 680/20000, Train Loss: 0.2438, Validation Set Manhattan Distance: 18.0, Mask Weight: 0.942
Epoch 681/20000, Train Loss: 0.2423, Validation Set Manhattan Distance: 18.0, Mask Weight: 0.942
Epoch 682/20000, Train Loss: 0.2430, Validation Set Manhattan Distance: 18.0, Mask Weight: 0.942
Epoch 683/20000, Train Loss: 0.2433, Validation Set Manhattan Distance: 18.0, Mask Weight: 0.942
Epoch 684/20000, Train Loss: 0.2422, Validation Set Manhattan Distance: 18.0, Mask Weight: 0.942
Epoch 685/20000, Train Loss: 0.2417, Validation Set Manhattan Distance: 18.0, Mask Weight: 0.942
Epoch 686/20000, Train Loss: 0.2424, Validation Set Manhattan Distance: 18.0, Mask Weight: 0.942
Epoch 687/20000, Train Loss: 0.2435, Validation Set Manhattan Distance: 18.0, Mask Weight: 0.942
Epoch 688/20000, Train Loss: 0.2422, Validation Set Manhattan Distance: 18.0, Mask Weight: 0.942
Epoch 689/20000, Train Loss: 0.2421, Validation Set Manhattan Distance: 18.0, Mask Weight: 0.942
Epoch 690/20000, Train Loss: 0.2419, Validation Set Manhattan Distance: 18.0, Mask Weight: 0.942
Epoch 691/20000, Train Loss: 0.2419, Validation Set Manhattan Distance: 18.0, Mask Weight: 0.942
Epoch 692/20000, Train Loss: 0.2423, Validation Set Manhattan Distance: 18.0, Mask Weight: 0.942
Epoch 693/20000, Train Loss: 0.2420, Validation Set Manhattan Distance: 18.0, Mask Weight: 0.942
Epoch 694/20000, Train Loss: 0.2439, Validation Set Manhattan Distance: 18.0, Mask Weight: 0.942
Epoch 695/20000, Train Loss: 0.2434, Validation Set Manhattan Distance: 18.0, Mask Weight: 0.942
Epoch 696/20000, Train Loss: 0.2425, Validation Set Manhattan Distance: 18.0, Mask Weight: 0.942
Epoch 697/20000, Train Loss: 0.2435, Validation Set Manhattan Distance: 18.0, Mask Weight: 0.942
Epoch 698/20000, Train Loss: 0.2430, Validation Set Manhattan Distance: 18.0, Mask Weight: 0.942
Epoch 699/20000, Train Loss: 0.2441, Validation Set Manhattan Distance: 18.0, Mask Weight: 0.942
Epoch 700/20000, Train Loss: 0.2434, Validation Set Manhattan Distance: 18.0, Mask Weight: 0.942
Epoch 701/20000, Train Loss: 0.2432, Validation Set Manhattan Distance: 18.0, Mask Weight: 0.942
Epoch 702/20000, Train Loss: 0.2427, Validation Set Manhattan Distance: 18.0, Mask Weight: 0.942
Epoch 703/20000, Train Loss: 0.2423, Validation Set Manhattan Distance: 18.0, Mask Weight: 0.942
Epoch 704/20000, Train Loss: 0.2426, Validation Set Manhattan Distance: 18.0, Mask Weight: 0.942
Epoch 705/20000, Train Loss: 0.6283, Validation Set Manhattan Distance: 18.0, Mask Weight: 0.942
Epoch 706/20000, Train Loss: 0.5280, Validation Set Manhattan Distance: 12.0, Mask Weight: 0.942
Epoch 707/20000, Train Loss: 0.4790, Validation Set Manhattan Distance: 12.0, Mask Weight: 0.942
Epoch 708/20000, Train Loss: 0.4510, Validation Set Manhattan Distance: 12.0, Mask Weight: 0.942
Epoch 709/20000, Train Loss: 0.4306, Validation Set Manhattan Distance: 12.0, Mask Weight: 0.942
Epoch 710/20000, Train Loss: 0.4123, Validation Set Manhattan Distance: 12.0, Mask Weight: 0.942
Epoch 711/20000, Train Loss: 0.3834, Validation Set Manhattan Distance: 18.0, Mask Weight: 0.942
Epoch 712/20000, Train Loss: 0.3579, Validation Set Manhattan Distance: 16.0, Mask Weight: 0.942
Epoch 713/20000, Train Loss: 0.3249, Validation Set Manhattan Distance: 38.0, Mask Weight: 0.942
Epoch 714/20000, Train Loss: 0.2977, Validation Set Manhattan Distance: 54.0, Mask Weight: 0.942
Epoch 715/20000, Train Loss: 0.2734, Validation Set Manhattan Distance: 66.0, Mask Weight: 0.942
Epoch 716/20000, Train Loss: 0.2713, Validation Set Manhattan Distance: 62.0, Mask Weight: 0.942
Epoch 717/20000, Train Loss: 0.2534, Validation Set Manhattan Distance: 62.0, Mask Weight: 0.942
Epoch 718/20000, Train Loss: 0.2576, Validation Set Manhattan Distance: 66.0, Mask Weight: 0.942
Epoch 719/20000, Train Loss: 0.3803, Validation Set Manhattan Distance: 34.0, Mask Weight: 0.942
Epoch 720/20000, Train Loss: 0.3324, Validation Set Manhattan Distance: 24.0, Mask Weight: 0.942
Epoch 721/20000, Train Loss: 0.3019, Validation Set Manhattan Distance: 18.0, Mask Weight: 0.942
Epoch 722/20000, Train Loss: 0.2928, Validation Set Manhattan Distance: 30.0, Mask Weight: 0.942
Epoch 723/20000, Train Loss: 0.2833, Validation Set Manhattan Distance: 28.0, Mask Weight: 0.942
Epoch 724/20000, Train Loss: 0.2655, Validation Set Manhattan Distance: 28.0, Mask Weight: 0.942
Epoch 725/20000, Train Loss: 0.2555, Validation Set Manhattan Distance: 32.0, Mask Weight: 0.942
Epoch 726/20000, Train Loss: 0.2486, Validation Set Manhattan Distance: 38.0, Mask Weight: 0.942
Epoch 727/20000, Train Loss: 0.2710, Validation Set Manhattan Distance: 32.0, Mask Weight: 0.942
Epoch 728/20000, Train Loss: 0.3068, Validation Set Manhattan Distance: 28.0, Mask Weight: 0.942
Epoch 729/20000, Train Loss: 0.2599, Validation Set Manhattan Distance: 28.0, Mask Weight: 0.942
Epoch 730/20000, Train Loss: 0.2622, Validation Set Manhattan Distance: 28.0, Mask Weight: 0.942
Epoch 731/20000, Train Loss: 0.2537, Validation Set Manhattan Distance: 28.0, Mask Weight: 0.942
Epoch 732/20000, Train Loss: 0.2530, Validation Set Manhattan Distance: 32.0, Mask Weight: 0.942
Epoch 733/20000, Train Loss: 0.2492, Validation Set Manhattan Distance: 38.0, Mask Weight: 0.942
Epoch 734/20000, Train Loss: 0.2565, Validation Set Manhattan Distance: 38.0, Mask Weight: 0.942
Epoch 735/20000, Train Loss: 0.2539, Validation Set Manhattan Distance: 38.0, Mask Weight: 0.942
Epoch 736/20000, Train Loss: 0.2478, Validation Set Manhattan Distance: 38.0, Mask Weight: 0.942
Epoch 737/20000, Train Loss: 0.2655, Validation Set Manhattan Distance: 32.0, Mask Weight: 0.942
Epoch 738/20000, Train Loss: 0.2459, Validation Set Manhattan Distance: 34.0, Mask Weight: 0.942
Epoch 739/20000, Train Loss: 0.2454, Validation Set Manhattan Distance: 28.0, Mask Weight: 0.942
Epoch 740/20000, Train Loss: 0.2432, Validation Set Manhattan Distance: 32.0, Mask Weight: 0.942
Epoch 741/20000, Train Loss: 0.2446, Validation Set Manhattan Distance: 34.0, Mask Weight: 0.942
Epoch 742/20000, Train Loss: 0.2435, Validation Set Manhattan Distance: 32.0, Mask Weight: 0.942
Epoch 743/20000, Train Loss: 0.2430, Validation Set Manhattan Distance: 32.0, Mask Weight: 0.942
Epoch 744/20000, Train Loss: 0.2429, Validation Set Manhattan Distance: 38.0, Mask Weight: 0.942
Epoch 745/20000, Train Loss: 0.2425, Validation Set Manhattan Distance: 40.0, Mask Weight: 0.942
Epoch 746/20000, Train Loss: 0.2423, Validation Set Manhattan Distance: 32.0, Mask Weight: 0.942
Epoch 747/20000, Train Loss: 0.2430, Validation Set Manhattan Distance: 32.0, Mask Weight: 0.942
Epoch 748/20000, Train Loss: 0.2426, Validation Set Manhattan Distance: 32.0, Mask Weight: 0.942
Epoch 749/20000, Train Loss: 0.2430, Validation Set Manhattan Distance: 32.0, Mask Weight: 0.942
Epoch 750/20000, Train Loss: 0.2426, Validation Set Manhattan Distance: 32.0, Mask Weight: 0.942
Epoch 751/20000, Train Loss: 0.2434, Validation Set Manhattan Distance: 32.0, Mask Weight: 0.942
Epoch 752/20000, Train Loss: 0.2430, Validation Set Manhattan Distance: 32.0, Mask Weight: 0.942
Epoch 753/20000, Train Loss: 0.2424, Validation Set Manhattan Distance: 32.0, Mask Weight: 0.942
Epoch 754/20000, Train Loss: 0.2423, Validation Set Manhattan Distance: 32.0, Mask Weight: 0.942
Epoch 755/20000, Train Loss: 0.2415, Validation Set Manhattan Distance: 32.0, Mask Weight: 0.942
Epoch 756/20000, Train Loss: 0.2423, Validation Set Manhattan Distance: 32.0, Mask Weight: 0.942
Epoch 757/20000, Train Loss: 0.2426, Validation Set Manhattan Distance: 32.0, Mask Weight: 0.942
Epoch 758/20000, Train Loss: 0.2435, Validation Set Manhattan Distance: 32.0, Mask Weight: 0.942
Epoch 759/20000, Train Loss: 0.2423, Validation Set Manhattan Distance: 32.0, Mask Weight: 0.942
Epoch 760/20000, Train Loss: 0.2415, Validation Set Manhattan Distance: 32.0, Mask Weight: 0.942
Epoch 761/20000, Train Loss: 0.2416, Validation Set Manhattan Distance: 32.0, Mask Weight: 0.942
Epoch 762/20000, Train Loss: 0.2414, Validation Set Manhattan Distance: 32.0, Mask Weight: 0.942
Epoch 763/20000, Train Loss: 0.2430, Validation Set Manhattan Distance: 32.0, Mask Weight: 0.942
Epoch 764/20000, Train Loss: 0.2426, Validation Set Manhattan Distance: 32.0, Mask Weight: 0.942
Epoch 765/20000, Train Loss: 0.2426, Validation Set Manhattan Distance: 32.0, Mask Weight: 0.942
Epoch 766/20000, Train Loss: 0.2425, Validation Set Manhattan Distance: 32.0, Mask Weight: 0.942
Epoch 767/20000, Train Loss: 0.2439, Validation Set Manhattan Distance: 30.0, Mask Weight: 0.942
Epoch 768/20000, Train Loss: 0.2429, Validation Set Manhattan Distance: 32.0, Mask Weight: 0.942
Epoch 769/20000, Train Loss: 0.2428, Validation Set Manhattan Distance: 32.0, Mask Weight: 0.942
Epoch 770/20000, Train Loss: 0.2415, Validation Set Manhattan Distance: 32.0, Mask Weight: 0.942
Epoch 771/20000, Train Loss: 0.2420, Validation Set Manhattan Distance: 32.0, Mask Weight: 0.942
Epoch 772/20000, Train Loss: 0.2419, Validation Set Manhattan Distance: 32.0, Mask Weight: 0.942
Epoch 773/20000, Train Loss: 0.2423, Validation Set Manhattan Distance: 32.0, Mask Weight: 0.942
Epoch 774/20000, Train Loss: 0.2427, Validation Set Manhattan Distance: 32.0, Mask Weight: 0.942
Epoch 775/20000, Train Loss: 0.2437, Validation Set Manhattan Distance: 32.0, Mask Weight: 0.942
Epoch 776/20000, Train Loss: 0.2421, Validation Set Manhattan Distance: 38.0, Mask Weight: 0.942
Epoch 777/20000, Train Loss: 0.2417, Validation Set Manhattan Distance: 40.0, Mask Weight: 0.942
Epoch 778/20000, Train Loss: 0.2422, Validation Set Manhattan Distance: 40.0, Mask Weight: 0.942
Epoch 779/20000, Train Loss: 0.2423, Validation Set Manhattan Distance: 38.0, Mask Weight: 0.942
Epoch 780/20000, Train Loss: 0.2429, Validation Set Manhattan Distance: 38.0, Mask Weight: 0.942
Epoch 781/20000, Train Loss: 0.2416, Validation Set Manhattan Distance: 38.0, Mask Weight: 0.942
Epoch 782/20000, Train Loss: 0.2436, Validation Set Manhattan Distance: 38.0, Mask Weight: 0.942
Epoch 783/20000, Train Loss: 0.2420, Validation Set Manhattan Distance: 32.0, Mask Weight: 0.942
Epoch 784/20000, Train Loss: 0.2437, Validation Set Manhattan Distance: 32.0, Mask Weight: 0.942
Epoch 785/20000, Train Loss: 0.2416, Validation Set Manhattan Distance: 32.0, Mask Weight: 0.942
Epoch 786/20000, Train Loss: 0.2428, Validation Set Manhattan Distance: 32.0, Mask Weight: 0.942
Epoch 787/20000, Train Loss: 0.2419, Validation Set Manhattan Distance: 32.0, Mask Weight: 0.942
Epoch 788/20000, Train Loss: 0.2424, Validation Set Manhattan Distance: 32.0, Mask Weight: 0.942
Epoch 789/20000, Train Loss: 0.2426, Validation Set Manhattan Distance: 32.0, Mask Weight: 0.942
Epoch 790/20000, Train Loss: 0.2417, Validation Set Manhattan Distance: 32.0, Mask Weight: 0.942
Epoch 791/20000, Train Loss: 0.2437, Validation Set Manhattan Distance: 32.0, Mask Weight: 0.942
Epoch 792/20000, Train Loss: 0.2418, Validation Set Manhattan Distance: 32.0, Mask Weight: 0.942
Epoch 793/20000, Train Loss: 0.2426, Validation Set Manhattan Distance: 32.0, Mask Weight: 0.942
Epoch 794/20000, Train Loss: 0.2418, Validation Set Manhattan Distance: 32.0, Mask Weight: 0.942
Epoch 795/20000, Train Loss: 0.2420, Validation Set Manhattan Distance: 32.0, Mask Weight: 0.942
Epoch 796/20000, Train Loss: 0.2426, Validation Set Manhattan Distance: 38.0, Mask Weight: 0.942
Epoch 797/20000, Train Loss: 0.2434, Validation Set Manhattan Distance: 32.0, Mask Weight: 0.942
Epoch 798/20000, Train Loss: 0.2419, Validation Set Manhattan Distance: 32.0, Mask Weight: 0.942
Epoch 799/20000, Train Loss: 0.2426, Validation Set Manhattan Distance: 32.0, Mask Weight: 0.942
Epoch 800/20000, Train Loss: 0.2422, Validation Set Manhattan Distance: 32.0, Mask Weight: 0.942
Epoch 801/20000, Train Loss: 0.2423, Validation Set Manhattan Distance: 32.0, Mask Weight: 0.942
Epoch 802/20000, Train Loss: 0.2429, Validation Set Manhattan Distance: 32.0, Mask Weight: 0.942
Epoch 803/20000, Train Loss: 0.2420, Validation Set Manhattan Distance: 34.0, Mask Weight: 0.942
Epoch 804/20000, Train Loss: 0.2415, Validation Set Manhattan Distance: 34.0, Mask Weight: 0.942
Epoch 805/20000, Train Loss: 0.2422, Validation Set Manhattan Distance: 34.0, Mask Weight: 0.942
Epoch 806/20000, Train Loss: 0.2410, Validation Set Manhattan Distance: 34.0, Mask Weight: 0.942
Epoch 807/20000, Train Loss: 0.2421, Validation Set Manhattan Distance: 34.0, Mask Weight: 0.942
Epoch 808/20000, Train Loss: 0.2430, Validation Set Manhattan Distance: 34.0, Mask Weight: 0.942
Epoch 809/20000, Train Loss: 0.2427, Validation Set Manhattan Distance: 32.0, Mask Weight: 0.942
Epoch 810/20000, Train Loss: 0.2412, Validation Set Manhattan Distance: 32.0, Mask Weight: 0.942
Epoch 811/20000, Train Loss: 0.2430, Validation Set Manhattan Distance: 34.0, Mask Weight: 0.942
Epoch 812/20000, Train Loss: 0.2423, Validation Set Manhattan Distance: 34.0, Mask Weight: 0.942
Epoch 813/20000, Train Loss: 0.2421, Validation Set Manhattan Distance: 34.0, Mask Weight: 0.942
Epoch 814/20000, Train Loss: 0.2414, Validation Set Manhattan Distance: 34.0, Mask Weight: 0.942
Epoch 815/20000, Train Loss: 0.2428, Validation Set Manhattan Distance: 34.0, Mask Weight: 0.942
Epoch 816/20000, Train Loss: 0.2422, Validation Set Manhattan Distance: 34.0, Mask Weight: 0.942
Epoch 817/20000, Train Loss: 0.2423, Validation Set Manhattan Distance: 32.0, Mask Weight: 0.942
Epoch 818/20000, Train Loss: 0.2404, Validation Set Manhattan Distance: 32.0, Mask Weight: 0.942
Epoch 819/20000, Train Loss: 0.2414, Validation Set Manhattan Distance: 32.0, Mask Weight: 0.942
Epoch 820/20000, Train Loss: 0.2428, Validation Set Manhattan Distance: 32.0, Mask Weight: 0.942
Epoch 821/20000, Train Loss: 0.2431, Validation Set Manhattan Distance: 32.0, Mask Weight: 0.942
Epoch 822/20000, Train Loss: 0.2432, Validation Set Manhattan Distance: 32.0, Mask Weight: 0.942
Epoch 823/20000, Train Loss: 0.2436, Validation Set Manhattan Distance: 32.0, Mask Weight: 0.942
Epoch 824/20000, Train Loss: 0.2426, Validation Set Manhattan Distance: 34.0, Mask Weight: 0.942
Epoch 825/20000, Train Loss: 0.2435, Validation Set Manhattan Distance: 34.0, Mask Weight: 0.942
Epoch 826/20000, Train Loss: 0.2433, Validation Set Manhattan Distance: 34.0, Mask Weight: 0.942
Epoch 827/20000, Train Loss: 0.2422, Validation Set Manhattan Distance: 34.0, Mask Weight: 0.942
Epoch 828/20000, Train Loss: 0.2420, Validation Set Manhattan Distance: 34.0, Mask Weight: 0.942
Epoch 829/20000, Train Loss: 0.2434, Validation Set Manhattan Distance: 34.0, Mask Weight: 0.942
Epoch 830/20000, Train Loss: 0.2429, Validation Set Manhattan Distance: 34.0, Mask Weight: 0.942
Epoch 831/20000, Train Loss: 0.2417, Validation Set Manhattan Distance: 34.0, Mask Weight: 0.942
Epoch 832/20000, Train Loss: 0.2410, Validation Set Manhattan Distance: 34.0, Mask Weight: 0.942
Epoch 833/20000, Train Loss: 0.2409, Validation Set Manhattan Distance: 34.0, Mask Weight: 0.942
Epoch 834/20000, Train Loss: 0.2412, Validation Set Manhattan Distance: 34.0, Mask Weight: 0.942
Epoch 835/20000, Train Loss: 0.2419, Validation Set Manhattan Distance: 28.0, Mask Weight: 0.942
Epoch 836/20000, Train Loss: 0.2420, Validation Set Manhattan Distance: 34.0, Mask Weight: 0.942
Epoch 837/20000, Train Loss: 0.2410, Validation Set Manhattan Distance: 34.0, Mask Weight: 0.942
Epoch 838/20000, Train Loss: 0.2412, Validation Set Manhattan Distance: 32.0, Mask Weight: 0.942
Epoch 839/20000, Train Loss: 0.2426, Validation Set Manhattan Distance: 32.0, Mask Weight: 0.942
Epoch 840/20000, Train Loss: 0.2412, Validation Set Manhattan Distance: 32.0, Mask Weight: 0.942
Epoch 841/20000, Train Loss: 0.2416, Validation Set Manhattan Distance: 32.0, Mask Weight: 0.942
Epoch 842/20000, Train Loss: 0.2414, Validation Set Manhattan Distance: 32.0, Mask Weight: 0.942
Epoch 843/20000, Train Loss: 0.2403, Validation Set Manhattan Distance: 32.0, Mask Weight: 0.942
Epoch 844/20000, Train Loss: 0.2420, Validation Set Manhattan Distance: 32.0, Mask Weight: 0.942
Epoch 845/20000, Train Loss: 0.2450, Validation Set Manhattan Distance: 32.0, Mask Weight: 0.942
Epoch 846/20000, Train Loss: 0.2407, Validation Set Manhattan Distance: 32.0, Mask Weight: 0.942
Epoch 847/20000, Train Loss: 0.2412, Validation Set Manhattan Distance: 32.0, Mask Weight: 0.942
Epoch 848/20000, Train Loss: 0.2411, Validation Set Manhattan Distance: 34.0, Mask Weight: 0.942
Epoch 849/20000, Train Loss: 0.2422, Validation Set Manhattan Distance: 34.0, Mask Weight: 0.942
Epoch 850/20000, Train Loss: 0.2426, Validation Set Manhattan Distance: 32.0, Mask Weight: 0.942
Epoch 851/20000, Train Loss: 0.2424, Validation Set Manhattan Distance: 32.0, Mask Weight: 0.942
Epoch 852/20000, Train Loss: 0.2424, Validation Set Manhattan Distance: 32.0, Mask Weight: 0.942
Epoch 853/20000, Train Loss: 0.2424, Validation Set Manhattan Distance: 32.0, Mask Weight: 0.942
Epoch 854/20000, Train Loss: 0.2419, Validation Set Manhattan Distance: 32.0, Mask Weight: 0.942
Epoch 855/20000, Train Loss: 0.2426, Validation Set Manhattan Distance: 32.0, Mask Weight: 0.942
Epoch 856/20000, Train Loss: 0.2438, Validation Set Manhattan Distance: 32.0, Mask Weight: 0.942
Epoch 857/20000, Train Loss: 0.2429, Validation Set Manhattan Distance: 32.0, Mask Weight: 0.942
Epoch 858/20000, Train Loss: 0.2426, Validation Set Manhattan Distance: 32.0, Mask Weight: 0.942
Epoch 859/20000, Train Loss: 0.2415, Validation Set Manhattan Distance: 32.0, Mask Weight: 0.942
Epoch 860/20000, Train Loss: 0.2426, Validation Set Manhattan Distance: 34.0, Mask Weight: 0.942
Epoch 861/20000, Train Loss: 0.2417, Validation Set Manhattan Distance: 32.0, Mask Weight: 0.942
Epoch 862/20000, Train Loss: 0.2414, Validation Set Manhattan Distance: 38.0, Mask Weight: 0.942
Epoch 863/20000, Train Loss: 0.2418, Validation Set Manhattan Distance: 38.0, Mask Weight: 0.942
Epoch 864/20000, Train Loss: 0.2421, Validation Set Manhattan Distance: 38.0, Mask Weight: 0.942
Epoch 865/20000, Train Loss: 0.2417, Validation Set Manhattan Distance: 32.0, Mask Weight: 0.942
Epoch 866/20000, Train Loss: 0.2406, Validation Set Manhattan Distance: 32.0, Mask Weight: 0.942
Epoch 867/20000, Train Loss: 0.2422, Validation Set Manhattan Distance: 32.0, Mask Weight: 0.942
Epoch 868/20000, Train Loss: 0.2420, Validation Set Manhattan Distance: 38.0, Mask Weight: 0.942
Epoch 869/20000, Train Loss: 0.2432, Validation Set Manhattan Distance: 38.0, Mask Weight: 0.942
Epoch 870/20000, Train Loss: 0.2418, Validation Set Manhattan Distance: 38.0, Mask Weight: 0.942
Epoch 871/20000, Train Loss: 0.2421, Validation Set Manhattan Distance: 38.0, Mask Weight: 0.942
Epoch 872/20000, Train Loss: 0.2416, Validation Set Manhattan Distance: 44.0, Mask Weight: 0.942
Epoch 873/20000, Train Loss: 0.2422, Validation Set Manhattan Distance: 38.0, Mask Weight: 0.942
Epoch 874/20000, Train Loss: 0.2410, Validation Set Manhattan Distance: 38.0, Mask Weight: 0.942
Epoch 875/20000, Train Loss: 0.2410, Validation Set Manhattan Distance: 38.0, Mask Weight: 0.942
Epoch 876/20000, Train Loss: 0.2429, Validation Set Manhattan Distance: 38.0, Mask Weight: 0.942
Epoch 877/20000, Train Loss: 0.2410, Validation Set Manhattan Distance: 38.0, Mask Weight: 0.942
Epoch 878/20000, Train Loss: 0.2419, Validation Set Manhattan Distance: 38.0, Mask Weight: 0.942
Epoch 879/20000, Train Loss: 0.2414, Validation Set Manhattan Distance: 38.0, Mask Weight: 0.942
Epoch 880/20000, Train Loss: 0.2412, Validation Set Manhattan Distance: 40.0, Mask Weight: 0.942
Epoch 881/20000, Train Loss: 0.2407, Validation Set Manhattan Distance: 38.0, Mask Weight: 0.942
Epoch 882/20000, Train Loss: 0.2420, Validation Set Manhattan Distance: 38.0, Mask Weight: 0.942
Epoch 883/20000, Train Loss: 0.2409, Validation Set Manhattan Distance: 38.0, Mask Weight: 0.942
Epoch 884/20000, Train Loss: 0.2418, Validation Set Manhattan Distance: 38.0, Mask Weight: 0.942
Epoch 885/20000, Train Loss: 0.2420, Validation Set Manhattan Distance: 38.0, Mask Weight: 0.942
Epoch 886/20000, Train Loss: 0.2414, Validation Set Manhattan Distance: 38.0, Mask Weight: 0.942
Epoch 887/20000, Train Loss: 0.2419, Validation Set Manhattan Distance: 38.0, Mask Weight: 0.942
Epoch 888/20000, Train Loss: 0.2420, Validation Set Manhattan Distance: 38.0, Mask Weight: 0.942
Epoch 889/20000, Train Loss: 0.2410, Validation Set Manhattan Distance: 32.0, Mask Weight: 0.942
Epoch 890/20000, Train Loss: 0.2415, Validation Set Manhattan Distance: 32.0, Mask Weight: 0.942
Epoch 891/20000, Train Loss: 0.2422, Validation Set Manhattan Distance: 32.0, Mask Weight: 0.942
Epoch 892/20000, Train Loss: 0.2412, Validation Set Manhattan Distance: 32.0, Mask Weight: 0.942
Epoch 893/20000, Train Loss: 0.2421, Validation Set Manhattan Distance: 38.0, Mask Weight: 0.942
Epoch 894/20000, Train Loss: 0.2411, Validation Set Manhattan Distance: 38.0, Mask Weight: 0.942
Epoch 895/20000, Train Loss: 0.2413, Validation Set Manhattan Distance: 38.0, Mask Weight: 0.942
Epoch 896/20000, Train Loss: 0.2426, Validation Set Manhattan Distance: 38.0, Mask Weight: 0.942
Epoch 897/20000, Train Loss: 0.2417, Validation Set Manhattan Distance: 38.0, Mask Weight: 0.942
Epoch 898/20000, Train Loss: 0.2439, Validation Set Manhattan Distance: 38.0, Mask Weight: 0.942
Epoch 899/20000, Train Loss: 0.2415, Validation Set Manhattan Distance: 38.0, Mask Weight: 0.942
Epoch 900/20000, Train Loss: 0.2444, Validation Set Manhattan Distance: 38.0, Mask Weight: 0.942
Epoch 901/20000, Train Loss: 0.2422, Validation Set Manhattan Distance: 38.0, Mask Weight: 0.942
Epoch 902/20000, Train Loss: 0.2424, Validation Set Manhattan Distance: 38.0, Mask Weight: 0.942
Epoch 903/20000, Train Loss: 0.2418, Validation Set Manhattan Distance: 38.0, Mask Weight: 0.942
Epoch 904/20000, Train Loss: 0.2424, Validation Set Manhattan Distance: 38.0, Mask Weight: 0.942
Epoch 905/20000, Train Loss: 0.2413, Validation Set Manhattan Distance: 40.0, Mask Weight: 0.942
Epoch 906/20000, Train Loss: 0.2430, Validation Set Manhattan Distance: 38.0, Mask Weight: 0.942
Epoch 907/20000, Train Loss: 0.2415, Validation Set Manhattan Distance: 38.0, Mask Weight: 0.942
Epoch 908/20000, Train Loss: 0.2424, Validation Set Manhattan Distance: 38.0, Mask Weight: 0.942
Epoch 909/20000, Train Loss: 0.2423, Validation Set Manhattan Distance: 38.0, Mask Weight: 0.942
Epoch 910/20000, Train Loss: 0.2410, Validation Set Manhattan Distance: 38.0, Mask Weight: 0.942
Epoch 911/20000, Train Loss: 0.2404, Validation Set Manhattan Distance: 38.0, Mask Weight: 0.942
Epoch 912/20000, Train Loss: 0.2418, Validation Set Manhattan Distance: 38.0, Mask Weight: 0.942
Epoch 913/20000, Train Loss: 0.2410, Validation Set Manhattan Distance: 38.0, Mask Weight: 0.942
Epoch 914/20000, Train Loss: 0.2414, Validation Set Manhattan Distance: 38.0, Mask Weight: 0.942
Epoch 915/20000, Train Loss: 0.2409, Validation Set Manhattan Distance: 38.0, Mask Weight: 0.942
Epoch 916/20000, Train Loss: 0.2412, Validation Set Manhattan Distance: 38.0, Mask Weight: 0.942
Epoch 917/20000, Train Loss: 0.2406, Validation Set Manhattan Distance: 38.0, Mask Weight: 0.942
Epoch 918/20000, Train Loss: 0.2422, Validation Set Manhattan Distance: 38.0, Mask Weight: 0.942
Epoch 919/20000, Train Loss: 0.2419, Validation Set Manhattan Distance: 38.0, Mask Weight: 0.942
Epoch 920/20000, Train Loss: 0.2413, Validation Set Manhattan Distance: 38.0, Mask Weight: 0.942
Epoch 921/20000, Train Loss: 0.2437, Validation Set Manhattan Distance: 38.0, Mask Weight: 0.942
Epoch 922/20000, Train Loss: 0.2420, Validation Set Manhattan Distance: 40.0, Mask Weight: 0.942
Epoch 923/20000, Train Loss: 0.2414, Validation Set Manhattan Distance: 38.0, Mask Weight: 0.942
Epoch 924/20000, Train Loss: 0.2417, Validation Set Manhattan Distance: 32.0, Mask Weight: 0.942
Epoch 925/20000, Train Loss: 0.2400, Validation Set Manhattan Distance: 32.0, Mask Weight: 0.942
Epoch 926/20000, Train Loss: 0.2416, Validation Set Manhattan Distance: 32.0, Mask Weight: 0.942