Using device: cuda
Starting training with gradient-based adaptive weighted mask...
Epoch 1/20000, Train Loss: 57.0788, Validation Set Manhattan Distance: 300.0, Mask Weight: 1.000
  -> New best Validation Set Manhattan Distance: 300.0. Model saved.
Epoch 2/20000, Train Loss: 43.3164, Validation Set Manhattan Distance: 300.0, Mask Weight: 1.000
Epoch 3/20000, Train Loss: 35.1059, Validation Set Manhattan Distance: 300.0, Mask Weight: 1.000
Epoch 4/20000, Train Loss: 29.3479, Validation Set Manhattan Distance: 300.0, Mask Weight: 1.000
Epoch 5/20000, Train Loss: 24.7184, Validation Set Manhattan Distance: 300.0, Mask Weight: 1.000
Epoch 6/20000, Train Loss: 20.9104, Validation Set Manhattan Distance: 300.0, Mask Weight: 1.000
Epoch 7/20000, Train Loss: 17.6641, Validation Set Manhattan Distance: 300.0, Mask Weight: 1.000
Epoch 8/20000, Train Loss: 14.9124, Validation Set Manhattan Distance: 300.0, Mask Weight: 1.000
Epoch 9/20000, Train Loss: 12.5547, Validation Set Manhattan Distance: 300.0, Mask Weight: 1.000
Epoch 10/20000, Train Loss: 10.5374, Validation Set Manhattan Distance: 300.0, Mask Weight: 1.000
Epoch 11/20000, Train Loss: 8.8176, Validation Set Manhattan Distance: 300.0, Mask Weight: 1.000
Epoch 12/20000, Train Loss: 7.3568, Validation Set Manhattan Distance: 300.0, Mask Weight: 1.000
Epoch 13/20000, Train Loss: 6.1211, Validation Set Manhattan Distance: 300.0, Mask Weight: 1.000
Epoch 14/20000, Train Loss: 5.0782, Validation Set Manhattan Distance: 300.0, Mask Weight: 1.000
Epoch 15/20000, Train Loss: 4.2023, Validation Set Manhattan Distance: 300.0, Mask Weight: 1.000
Epoch 16/20000, Train Loss: 3.4690, Validation Set Manhattan Distance: 300.0, Mask Weight: 1.000
Epoch 17/20000, Train Loss: 2.8569, Validation Set Manhattan Distance: 300.0, Mask Weight: 1.000
Epoch 18/20000, Train Loss: 2.3480, Validation Set Manhattan Distance: 300.0, Mask Weight: 1.000
Epoch 19/20000, Train Loss: 1.9259, Validation Set Manhattan Distance: 300.0, Mask Weight: 1.000
Epoch 20/20000, Train Loss: 1.5772, Validation Set Manhattan Distance: 300.0, Mask Weight: 1.000
Epoch 21/20000, Train Loss: 1.2892, Validation Set Manhattan Distance: 300.0, Mask Weight: 1.000
Epoch 22/20000, Train Loss: 1.0524, Validation Set Manhattan Distance: 300.0, Mask Weight: 1.000
Epoch 23/20000, Train Loss: 0.8577, Validation Set Manhattan Distance: 300.0, Mask Weight: 1.000
Epoch 24/20000, Train Loss: 0.6988, Validation Set Manhattan Distance: 300.0, Mask Weight: 1.000
Epoch 25/20000, Train Loss: 0.5684, Validation Set Manhattan Distance: 300.0, Mask Weight: 1.000
Epoch 26/20000, Train Loss: 0.4614, Validation Set Manhattan Distance: 300.0, Mask Weight: 1.000
Epoch 27/20000, Train Loss: 0.3761, Validation Set Manhattan Distance: 300.0, Mask Weight: 1.000
Epoch 28/20000, Train Loss: 0.3060, Validation Set Manhattan Distance: 300.0, Mask Weight: 1.000
Epoch 29/20000, Train Loss: 0.2476, Validation Set Manhattan Distance: 300.0, Mask Weight: 1.000
Epoch 30/20000, Train Loss: 0.2010, Validation Set Manhattan Distance: 300.0, Mask Weight: 1.000
Epoch 31/20000, Train Loss: 0.1621, Validation Set Manhattan Distance: 300.0, Mask Weight: 1.000
Epoch 32/20000, Train Loss: 0.1313, Validation Set Manhattan Distance: 300.0, Mask Weight: 1.000
Epoch 33/20000, Train Loss: 0.1066, Validation Set Manhattan Distance: 300.0, Mask Weight: 1.000
  -> Train loss below 0.1. Mask weight reduction is now enabled.
Epoch 34/20000, Train Loss: 0.0862, Validation Set Manhattan Distance: 300.0, Mask Weight: 1.000
  -> Validation Set Manhattan Distance did not improve for 10 epochs.
  -> Unmasked Loss (Gradient Magnitude): 0.7272, Calculated Decrement: 0.0069
  -> Reducing mask weight to 0.993.
  -> Mask weight reduction is now disabled until train loss is below 0.001 again.
Epoch 35/20000, Train Loss: 0.2854, Validation Set Manhattan Distance: 12.0, Mask Weight: 0.993
  -> New best Validation Set Manhattan Distance: 12.0. Model saved.
Epoch 36/20000, Train Loss: 0.1245, Validation Set Manhattan Distance: 12.0, Mask Weight: 0.993
Epoch 37/20000, Train Loss: 0.1139, Validation Set Manhattan Distance: 12.0, Mask Weight: 0.993
Epoch 38/20000, Train Loss: 0.1048, Validation Set Manhattan Distance: 12.0, Mask Weight: 0.993
  -> Train loss below 0.1. Mask weight reduction is now enabled.
Epoch 39/20000, Train Loss: 0.0976, Validation Set Manhattan Distance: 12.0, Mask Weight: 0.993
Epoch 40/20000, Train Loss: 0.0916, Validation Set Manhattan Distance: 12.0, Mask Weight: 0.993
Epoch 41/20000, Train Loss: 0.0872, Validation Set Manhattan Distance: 12.0, Mask Weight: 0.993
Epoch 42/20000, Train Loss: 0.0834, Validation Set Manhattan Distance: 12.0, Mask Weight: 0.993
Epoch 43/20000, Train Loss: 0.0812, Validation Set Manhattan Distance: 12.0, Mask Weight: 0.993
Epoch 44/20000, Train Loss: 0.0777, Validation Set Manhattan Distance: 12.0, Mask Weight: 0.993
Epoch 45/20000, Train Loss: 0.0757, Validation Set Manhattan Distance: 12.0, Mask Weight: 0.993
  -> Validation Set Manhattan Distance did not improve for 10 epochs.
  -> Unmasked Loss (Gradient Magnitude): 0.0947, Calculated Decrement: 0.0528
  -> Reducing mask weight to 0.940.
  -> Mask weight reduction is now disabled until train loss is below 0.001 again.
Epoch 46/20000, Train Loss: 0.5723, Validation Set Manhattan Distance: 12.0, Mask Weight: 0.940
Epoch 47/20000, Train Loss: 0.5664, Validation Set Manhattan Distance: 12.0, Mask Weight: 0.940
Epoch 48/20000, Train Loss: 0.5659, Validation Set Manhattan Distance: 12.0, Mask Weight: 0.940
Epoch 49/20000, Train Loss: 0.5608, Validation Set Manhattan Distance: 12.0, Mask Weight: 0.940
Epoch 50/20000, Train Loss: 0.5583, Validation Set Manhattan Distance: 12.0, Mask Weight: 0.940
Epoch 51/20000, Train Loss: 0.5536, Validation Set Manhattan Distance: 12.0, Mask Weight: 0.940
Epoch 52/20000, Train Loss: 0.5521, Validation Set Manhattan Distance: 12.0, Mask Weight: 0.940
Epoch 53/20000, Train Loss: 0.5488, Validation Set Manhattan Distance: 12.0, Mask Weight: 0.940
Epoch 54/20000, Train Loss: 0.5500, Validation Set Manhattan Distance: 12.0, Mask Weight: 0.940
Epoch 55/20000, Train Loss: 0.5460, Validation Set Manhattan Distance: 12.0, Mask Weight: 0.940
Epoch 56/20000, Train Loss: 0.5484, Validation Set Manhattan Distance: 12.0, Mask Weight: 0.940
Epoch 57/20000, Train Loss: 0.5460, Validation Set Manhattan Distance: 12.0, Mask Weight: 0.940
Epoch 58/20000, Train Loss: 0.5404, Validation Set Manhattan Distance: 12.0, Mask Weight: 0.940
Epoch 59/20000, Train Loss: 0.5355, Validation Set Manhattan Distance: 12.0, Mask Weight: 0.940
Epoch 60/20000, Train Loss: 0.5315, Validation Set Manhattan Distance: 12.0, Mask Weight: 0.940
Epoch 61/20000, Train Loss: 0.5282, Validation Set Manhattan Distance: 12.0, Mask Weight: 0.940
Epoch 62/20000, Train Loss: 0.5180, Validation Set Manhattan Distance: 12.0, Mask Weight: 0.940
Epoch 63/20000, Train Loss: 0.5047, Validation Set Manhattan Distance: 12.0, Mask Weight: 0.940
Epoch 64/20000, Train Loss: 0.4833, Validation Set Manhattan Distance: 12.0, Mask Weight: 0.940
Epoch 65/20000, Train Loss: 0.4601, Validation Set Manhattan Distance: 12.0, Mask Weight: 0.940
Epoch 66/20000, Train Loss: 0.4410, Validation Set Manhattan Distance: 12.0, Mask Weight: 0.940
Epoch 67/20000, Train Loss: 0.4127, Validation Set Manhattan Distance: 12.0, Mask Weight: 0.940
Epoch 68/20000, Train Loss: 0.3922, Validation Set Manhattan Distance: 146.0, Mask Weight: 0.940
Epoch 69/20000, Train Loss: 0.3729, Validation Set Manhattan Distance: 286.0, Mask Weight: 0.940
Epoch 70/20000, Train Loss: 0.3941, Validation Set Manhattan Distance: 138.0, Mask Weight: 0.940
Epoch 71/20000, Train Loss: 0.3551, Validation Set Manhattan Distance: 264.0, Mask Weight: 0.940
Epoch 72/20000, Train Loss: 0.3644, Validation Set Manhattan Distance: 218.0, Mask Weight: 0.940
Epoch 73/20000, Train Loss: 0.3650, Validation Set Manhattan Distance: 212.0, Mask Weight: 0.940
Epoch 74/20000, Train Loss: 0.3358, Validation Set Manhattan Distance: 238.0, Mask Weight: 0.940
Epoch 75/20000, Train Loss: 0.3229, Validation Set Manhattan Distance: 300.0, Mask Weight: 0.940
Epoch 76/20000, Train Loss: 0.3650, Validation Set Manhattan Distance: 300.0, Mask Weight: 0.940
Epoch 77/20000, Train Loss: 0.3553, Validation Set Manhattan Distance: 302.0, Mask Weight: 0.940
Epoch 78/20000, Train Loss: 0.3853, Validation Set Manhattan Distance: 300.0, Mask Weight: 0.940
Epoch 79/20000, Train Loss: 0.3564, Validation Set Manhattan Distance: 286.0, Mask Weight: 0.940
Epoch 80/20000, Train Loss: 0.3363, Validation Set Manhattan Distance: 297.0, Mask Weight: 0.940
Epoch 81/20000, Train Loss: 0.3248, Validation Set Manhattan Distance: 300.0, Mask Weight: 0.940
Epoch 82/20000, Train Loss: 0.3218, Validation Set Manhattan Distance: 300.0, Mask Weight: 0.940
Epoch 83/20000, Train Loss: 0.3253, Validation Set Manhattan Distance: 300.0, Mask Weight: 0.940
Epoch 84/20000, Train Loss: 0.3159, Validation Set Manhattan Distance: 300.0, Mask Weight: 0.940
Epoch 85/20000, Train Loss: 0.3163, Validation Set Manhattan Distance: 300.0, Mask Weight: 0.940
Epoch 86/20000, Train Loss: 0.3294, Validation Set Manhattan Distance: 300.0, Mask Weight: 0.940
Epoch 87/20000, Train Loss: 0.3328, Validation Set Manhattan Distance: 300.0, Mask Weight: 0.940
Epoch 88/20000, Train Loss: 0.3237, Validation Set Manhattan Distance: 300.0, Mask Weight: 0.940
Epoch 89/20000, Train Loss: 0.3216, Validation Set Manhattan Distance: 300.0, Mask Weight: 0.940
Epoch 90/20000, Train Loss: 0.3044, Validation Set Manhattan Distance: 300.0, Mask Weight: 0.940
Epoch 91/20000, Train Loss: 0.3016, Validation Set Manhattan Distance: 300.0, Mask Weight: 0.940
Epoch 92/20000, Train Loss: 0.2934, Validation Set Manhattan Distance: 300.0, Mask Weight: 0.940
Epoch 93/20000, Train Loss: 0.2911, Validation Set Manhattan Distance: 300.0, Mask Weight: 0.940
Epoch 94/20000, Train Loss: 0.2874, Validation Set Manhattan Distance: 300.0, Mask Weight: 0.940
Epoch 95/20000, Train Loss: 0.2979, Validation Set Manhattan Distance: 300.0, Mask Weight: 0.940
Epoch 96/20000, Train Loss: 0.4233, Validation Set Manhattan Distance: 300.0, Mask Weight: 0.940
Epoch 97/20000, Train Loss: 0.3376, Validation Set Manhattan Distance: 300.0, Mask Weight: 0.940
Epoch 98/20000, Train Loss: 0.3074, Validation Set Manhattan Distance: 300.0, Mask Weight: 0.940
Epoch 99/20000, Train Loss: 0.3197, Validation Set Manhattan Distance: 300.0, Mask Weight: 0.940
Epoch 100/20000, Train Loss: 0.2987, Validation Set Manhattan Distance: 300.0, Mask Weight: 0.940
Epoch 101/20000, Train Loss: 0.2990, Validation Set Manhattan Distance: 300.0, Mask Weight: 0.940
Epoch 102/20000, Train Loss: 0.2852, Validation Set Manhattan Distance: 300.0, Mask Weight: 0.940
Epoch 103/20000, Train Loss: 0.2840, Validation Set Manhattan Distance: 300.0, Mask Weight: 0.940
Epoch 104/20000, Train Loss: 0.3111, Validation Set Manhattan Distance: 300.0, Mask Weight: 0.940
Epoch 105/20000, Train Loss: 0.2874, Validation Set Manhattan Distance: 300.0, Mask Weight: 0.940
Epoch 106/20000, Train Loss: 0.3032, Validation Set Manhattan Distance: 300.0, Mask Weight: 0.940
Epoch 107/20000, Train Loss: 0.3062, Validation Set Manhattan Distance: 300.0, Mask Weight: 0.940
Epoch 108/20000, Train Loss: 0.2816, Validation Set Manhattan Distance: 300.0, Mask Weight: 0.940
Epoch 109/20000, Train Loss: 0.2816, Validation Set Manhattan Distance: 300.0, Mask Weight: 0.940
Epoch 110/20000, Train Loss: 0.2755, Validation Set Manhattan Distance: 300.0, Mask Weight: 0.940
Epoch 111/20000, Train Loss: 0.2716, Validation Set Manhattan Distance: 300.0, Mask Weight: 0.940
Epoch 112/20000, Train Loss: 0.2723, Validation Set Manhattan Distance: 300.0, Mask Weight: 0.940
Epoch 113/20000, Train Loss: 0.2696, Validation Set Manhattan Distance: 300.0, Mask Weight: 0.940
Epoch 114/20000, Train Loss: 0.2695, Validation Set Manhattan Distance: 300.0, Mask Weight: 0.940
Epoch 115/20000, Train Loss: 0.2678, Validation Set Manhattan Distance: 300.0, Mask Weight: 0.940
Epoch 116/20000, Train Loss: 0.2658, Validation Set Manhattan Distance: 300.0, Mask Weight: 0.940
Epoch 117/20000, Train Loss: 0.2686, Validation Set Manhattan Distance: 300.0, Mask Weight: 0.940
Epoch 118/20000, Train Loss: 0.2686, Validation Set Manhattan Distance: 300.0, Mask Weight: 0.940
Epoch 119/20000, Train Loss: 0.2660, Validation Set Manhattan Distance: 300.0, Mask Weight: 0.940
Epoch 120/20000, Train Loss: 0.2635, Validation Set Manhattan Distance: 300.0, Mask Weight: 0.940
Epoch 121/20000, Train Loss: 0.2607, Validation Set Manhattan Distance: 300.0, Mask Weight: 0.940
Epoch 122/20000, Train Loss: 0.2652, Validation Set Manhattan Distance: 300.0, Mask Weight: 0.940
Epoch 123/20000, Train Loss: 0.2815, Validation Set Manhattan Distance: 300.0, Mask Weight: 0.940
Epoch 124/20000, Train Loss: 0.8361, Validation Set Manhattan Distance: 58.0, Mask Weight: 0.940
Epoch 125/20000, Train Loss: 0.7325, Validation Set Manhattan Distance: 12.0, Mask Weight: 0.940
Epoch 126/20000, Train Loss: 0.7176, Validation Set Manhattan Distance: 12.0, Mask Weight: 0.940
Epoch 127/20000, Train Loss: 0.6889, Validation Set Manhattan Distance: 12.0, Mask Weight: 0.940
Epoch 128/20000, Train Loss: 0.6423, Validation Set Manhattan Distance: 12.0, Mask Weight: 0.940
Epoch 129/20000, Train Loss: 0.6088, Validation Set Manhattan Distance: 12.0, Mask Weight: 0.940
Epoch 130/20000, Train Loss: 0.5767, Validation Set Manhattan Distance: 12.0, Mask Weight: 0.940
Epoch 131/20000, Train Loss: 0.5683, Validation Set Manhattan Distance: 12.0, Mask Weight: 0.940
Epoch 132/20000, Train Loss: 0.5718, Validation Set Manhattan Distance: 12.0, Mask Weight: 0.940
Epoch 133/20000, Train Loss: 0.5698, Validation Set Manhattan Distance: 12.0, Mask Weight: 0.940
Epoch 134/20000, Train Loss: 0.5653, Validation Set Manhattan Distance: 12.0, Mask Weight: 0.940
Epoch 135/20000, Train Loss: 0.5606, Validation Set Manhattan Distance: 12.0, Mask Weight: 0.940
Epoch 136/20000, Train Loss: 0.5637, Validation Set Manhattan Distance: 12.0, Mask Weight: 0.940
Epoch 137/20000, Train Loss: 0.5612, Validation Set Manhattan Distance: 12.0, Mask Weight: 0.940
Epoch 138/20000, Train Loss: 0.5549, Validation Set Manhattan Distance: 12.0, Mask Weight: 0.940
Epoch 139/20000, Train Loss: 0.5546, Validation Set Manhattan Distance: 12.0, Mask Weight: 0.940
Epoch 140/20000, Train Loss: 0.5497, Validation Set Manhattan Distance: 12.0, Mask Weight: 0.940
Epoch 141/20000, Train Loss: 0.5440, Validation Set Manhattan Distance: 18.0, Mask Weight: 0.940
Epoch 142/20000, Train Loss: 0.5401, Validation Set Manhattan Distance: 114.0, Mask Weight: 0.940
Epoch 143/20000, Train Loss: 0.5339, Validation Set Manhattan Distance: 162.0, Mask Weight: 0.940
Epoch 144/20000, Train Loss: 0.5290, Validation Set Manhattan Distance: 216.0, Mask Weight: 0.940
Epoch 145/20000, Train Loss: 0.5217, Validation Set Manhattan Distance: 300.0, Mask Weight: 0.940
Epoch 146/20000, Train Loss: 0.5080, Validation Set Manhattan Distance: 300.0, Mask Weight: 0.940
Epoch 147/20000, Train Loss: 0.4914, Validation Set Manhattan Distance: 300.0, Mask Weight: 0.940
Epoch 148/20000, Train Loss: 0.4738, Validation Set Manhattan Distance: 300.0, Mask Weight: 0.940
Epoch 149/20000, Train Loss: 0.4480, Validation Set Manhattan Distance: 300.0, Mask Weight: 0.940
Epoch 150/20000, Train Loss: 0.3914, Validation Set Manhattan Distance: 300.0, Mask Weight: 0.940
Epoch 151/20000, Train Loss: 0.3784, Validation Set Manhattan Distance: 300.0, Mask Weight: 0.940
Epoch 152/20000, Train Loss: 0.3622, Validation Set Manhattan Distance: 300.0, Mask Weight: 0.940
Epoch 153/20000, Train Loss: 0.3540, Validation Set Manhattan Distance: 300.0, Mask Weight: 0.940
Epoch 154/20000, Train Loss: 0.3230, Validation Set Manhattan Distance: 300.0, Mask Weight: 0.940
Epoch 155/20000, Train Loss: 0.3187, Validation Set Manhattan Distance: 300.0, Mask Weight: 0.940
Epoch 156/20000, Train Loss: 0.3077, Validation Set Manhattan Distance: 300.0, Mask Weight: 0.940
Epoch 157/20000, Train Loss: 0.2866, Validation Set Manhattan Distance: 300.0, Mask Weight: 0.940
Epoch 158/20000, Train Loss: 0.2810, Validation Set Manhattan Distance: 300.0, Mask Weight: 0.940
Epoch 159/20000, Train Loss: 0.2749, Validation Set Manhattan Distance: 300.0, Mask Weight: 0.940
Epoch 160/20000, Train Loss: 0.2738, Validation Set Manhattan Distance: 300.0, Mask Weight: 0.940
Epoch 161/20000, Train Loss: 0.2773, Validation Set Manhattan Distance: 300.0, Mask Weight: 0.940
Epoch 162/20000, Train Loss: 0.3140, Validation Set Manhattan Distance: 300.0, Mask Weight: 0.940
Epoch 163/20000, Train Loss: 0.2784, Validation Set Manhattan Distance: 300.0, Mask Weight: 0.940
Epoch 164/20000, Train Loss: 0.2741, Validation Set Manhattan Distance: 300.0, Mask Weight: 0.940
Epoch 165/20000, Train Loss: 0.3210, Validation Set Manhattan Distance: 300.0, Mask Weight: 0.940
Epoch 166/20000, Train Loss: 0.2735, Validation Set Manhattan Distance: 300.0, Mask Weight: 0.940
Epoch 167/20000, Train Loss: 0.2699, Validation Set Manhattan Distance: 300.0, Mask Weight: 0.940
Epoch 168/20000, Train Loss: 0.2697, Validation Set Manhattan Distance: 300.0, Mask Weight: 0.940
Epoch 169/20000, Train Loss: 0.2947, Validation Set Manhattan Distance: 300.0, Mask Weight: 0.940
Epoch 170/20000, Train Loss: 0.3228, Validation Set Manhattan Distance: 300.0, Mask Weight: 0.940
Epoch 171/20000, Train Loss: 0.2770, Validation Set Manhattan Distance: 300.0, Mask Weight: 0.940
Epoch 172/20000, Train Loss: 0.2732, Validation Set Manhattan Distance: 300.0, Mask Weight: 0.940
Epoch 173/20000, Train Loss: 0.2711, Validation Set Manhattan Distance: 300.0, Mask Weight: 0.940
Epoch 174/20000, Train Loss: 0.2700, Validation Set Manhattan Distance: 300.0, Mask Weight: 0.940
Epoch 175/20000, Train Loss: 0.2863, Validation Set Manhattan Distance: 300.0, Mask Weight: 0.940
Epoch 176/20000, Train Loss: 0.2697, Validation Set Manhattan Distance: 300.0, Mask Weight: 0.940
Epoch 177/20000, Train Loss: 0.2659, Validation Set Manhattan Distance: 300.0, Mask Weight: 0.940
Epoch 178/20000, Train Loss: 0.2660, Validation Set Manhattan Distance: 300.0, Mask Weight: 0.940
Epoch 179/20000, Train Loss: 0.2632, Validation Set Manhattan Distance: 300.0, Mask Weight: 0.940
Epoch 180/20000, Train Loss: 0.2606, Validation Set Manhattan Distance: 300.0, Mask Weight: 0.940
Epoch 181/20000, Train Loss: 0.2618, Validation Set Manhattan Distance: 300.0, Mask Weight: 0.940
Epoch 182/20000, Train Loss: 0.2611, Validation Set Manhattan Distance: 300.0, Mask Weight: 0.940
Epoch 183/20000, Train Loss: 0.2646, Validation Set Manhattan Distance: 300.0, Mask Weight: 0.940
Epoch 184/20000, Train Loss: 0.2622, Validation Set Manhattan Distance: 300.0, Mask Weight: 0.940
Epoch 185/20000, Train Loss: 0.2642, Validation Set Manhattan Distance: 300.0, Mask Weight: 0.940
Epoch 186/20000, Train Loss: 0.2613, Validation Set Manhattan Distance: 300.0, Mask Weight: 0.940
Epoch 187/20000, Train Loss: 0.2587, Validation Set Manhattan Distance: 300.0, Mask Weight: 0.940
Epoch 188/20000, Train Loss: 0.2586, Validation Set Manhattan Distance: 300.0, Mask Weight: 0.940
Epoch 189/20000, Train Loss: 0.2577, Validation Set Manhattan Distance: 300.0, Mask Weight: 0.940
Epoch 190/20000, Train Loss: 0.2613, Validation Set Manhattan Distance: 300.0, Mask Weight: 0.940
Epoch 191/20000, Train Loss: 0.2616, Validation Set Manhattan Distance: 300.0, Mask Weight: 0.940
Epoch 192/20000, Train Loss: 0.2596, Validation Set Manhattan Distance: 300.0, Mask Weight: 0.940
Epoch 193/20000, Train Loss: 0.2593, Validation Set Manhattan Distance: 300.0, Mask Weight: 0.940
Epoch 194/20000, Train Loss: 0.2699, Validation Set Manhattan Distance: 300.0, Mask Weight: 0.940
Epoch 195/20000, Train Loss: 0.2654, Validation Set Manhattan Distance: 300.0, Mask Weight: 0.940
Epoch 196/20000, Train Loss: 0.2604, Validation Set Manhattan Distance: 300.0, Mask Weight: 0.940
Epoch 197/20000, Train Loss: 0.2585, Validation Set Manhattan Distance: 300.0, Mask Weight: 0.940
Epoch 198/20000, Train Loss: 0.2571, Validation Set Manhattan Distance: 300.0, Mask Weight: 0.940
Epoch 199/20000, Train Loss: 0.2579, Validation Set Manhattan Distance: 300.0, Mask Weight: 0.940
Epoch 200/20000, Train Loss: 0.2606, Validation Set Manhattan Distance: 300.0, Mask Weight: 0.940
Epoch 201/20000, Train Loss: 0.2565, Validation Set Manhattan Distance: 300.0, Mask Weight: 0.940
Epoch 202/20000, Train Loss: 0.2585, Validation Set Manhattan Distance: 300.0, Mask Weight: 0.940
Epoch 203/20000, Train Loss: 0.2604, Validation Set Manhattan Distance: 300.0, Mask Weight: 0.940
Epoch 204/20000, Train Loss: 0.2639, Validation Set Manhattan Distance: 300.0, Mask Weight: 0.940
Epoch 205/20000, Train Loss: 0.2586, Validation Set Manhattan Distance: 300.0, Mask Weight: 0.940
Epoch 206/20000, Train Loss: 0.2597, Validation Set Manhattan Distance: 300.0, Mask Weight: 0.940
Epoch 207/20000, Train Loss: 0.2591, Validation Set Manhattan Distance: 300.0, Mask Weight: 0.940
Epoch 208/20000, Train Loss: 0.2589, Validation Set Manhattan Distance: 300.0, Mask Weight: 0.940
Epoch 209/20000, Train Loss: 0.2572, Validation Set Manhattan Distance: 300.0, Mask Weight: 0.940
Epoch 210/20000, Train Loss: 0.2582, Validation Set Manhattan Distance: 300.0, Mask Weight: 0.940
Epoch 211/20000, Train Loss: 0.2555, Validation Set Manhattan Distance: 300.0, Mask Weight: 0.940
Epoch 212/20000, Train Loss: 0.2543, Validation Set Manhattan Distance: 300.0, Mask Weight: 0.940
Epoch 213/20000, Train Loss: 0.2591, Validation Set Manhattan Distance: 300.0, Mask Weight: 0.940
Epoch 214/20000, Train Loss: 0.2613, Validation Set Manhattan Distance: 300.0, Mask Weight: 0.940
Epoch 215/20000, Train Loss: 0.2637, Validation Set Manhattan Distance: 300.0, Mask Weight: 0.940
Epoch 216/20000, Train Loss: 0.2600, Validation Set Manhattan Distance: 300.0, Mask Weight: 0.940
Epoch 217/20000, Train Loss: 0.2577, Validation Set Manhattan Distance: 300.0, Mask Weight: 0.940
Epoch 218/20000, Train Loss: 0.2610, Validation Set Manhattan Distance: 300.0, Mask Weight: 0.940
Epoch 219/20000, Train Loss: 0.2645, Validation Set Manhattan Distance: 300.0, Mask Weight: 0.940
Epoch 220/20000, Train Loss: 0.2575, Validation Set Manhattan Distance: 300.0, Mask Weight: 0.940
Epoch 221/20000, Train Loss: 0.2561, Validation Set Manhattan Distance: 300.0, Mask Weight: 0.940
Epoch 222/20000, Train Loss: 0.2573, Validation Set Manhattan Distance: 300.0, Mask Weight: 0.940
Epoch 223/20000, Train Loss: 0.2557, Validation Set Manhattan Distance: 300.0, Mask Weight: 0.940
Epoch 224/20000, Train Loss: 0.2569, Validation Set Manhattan Distance: 300.0, Mask Weight: 0.940
Epoch 225/20000, Train Loss: 0.2585, Validation Set Manhattan Distance: 300.0, Mask Weight: 0.940
Epoch 226/20000, Train Loss: 0.2553, Validation Set Manhattan Distance: 300.0, Mask Weight: 0.940
Epoch 227/20000, Train Loss: 0.2597, Validation Set Manhattan Distance: 300.0, Mask Weight: 0.940
Epoch 228/20000, Train Loss: 0.2577, Validation Set Manhattan Distance: 300.0, Mask Weight: 0.940
Epoch 229/20000, Train Loss: 0.2593, Validation Set Manhattan Distance: 300.0, Mask Weight: 0.940
Epoch 230/20000, Train Loss: 0.2574, Validation Set Manhattan Distance: 300.0, Mask Weight: 0.940
Epoch 231/20000, Train Loss: 0.2571, Validation Set Manhattan Distance: 300.0, Mask Weight: 0.940
Epoch 232/20000, Train Loss: 0.2579, Validation Set Manhattan Distance: 300.0, Mask Weight: 0.940
Epoch 233/20000, Train Loss: 0.2572, Validation Set Manhattan Distance: 300.0, Mask Weight: 0.940
Epoch 234/20000, Train Loss: 0.2622, Validation Set Manhattan Distance: 300.0, Mask Weight: 0.940
Epoch 235/20000, Train Loss: 0.2650, Validation Set Manhattan Distance: 300.0, Mask Weight: 0.940
Epoch 236/20000, Train Loss: 0.2631, Validation Set Manhattan Distance: 300.0, Mask Weight: 0.940
Epoch 237/20000, Train Loss: 0.2594, Validation Set Manhattan Distance: 300.0, Mask Weight: 0.940
Epoch 238/20000, Train Loss: 0.2564, Validation Set Manhattan Distance: 300.0, Mask Weight: 0.940
Epoch 239/20000, Train Loss: 0.2572, Validation Set Manhattan Distance: 300.0, Mask Weight: 0.940
Epoch 240/20000, Train Loss: 0.2563, Validation Set Manhattan Distance: 300.0, Mask Weight: 0.940
Epoch 241/20000, Train Loss: 0.2564, Validation Set Manhattan Distance: 300.0, Mask Weight: 0.940
Epoch 242/20000, Train Loss: 0.4116, Validation Set Manhattan Distance: 300.0, Mask Weight: 0.940
Epoch 243/20000, Train Loss: 0.7672, Validation Set Manhattan Distance: 300.0, Mask Weight: 0.940
Epoch 244/20000, Train Loss: 0.7131, Validation Set Manhattan Distance: 180.0, Mask Weight: 0.940
Epoch 245/20000, Train Loss: 0.6936, Validation Set Manhattan Distance: 132.0, Mask Weight: 0.940
Epoch 246/20000, Train Loss: 0.6738, Validation Set Manhattan Distance: 96.0, Mask Weight: 0.940
Epoch 247/20000, Train Loss: 0.6466, Validation Set Manhattan Distance: 102.0, Mask Weight: 0.940
Epoch 248/20000, Train Loss: 0.6199, Validation Set Manhattan Distance: 96.0, Mask Weight: 0.940
Epoch 249/20000, Train Loss: 0.5952, Validation Set Manhattan Distance: 120.0, Mask Weight: 0.940
Epoch 250/20000, Train Loss: 0.5709, Validation Set Manhattan Distance: 144.0, Mask Weight: 0.940
Epoch 251/20000, Train Loss: 0.5615, Validation Set Manhattan Distance: 150.0, Mask Weight: 0.940
Epoch 252/20000, Train Loss: 0.5576, Validation Set Manhattan Distance: 150.0, Mask Weight: 0.940
Epoch 253/20000, Train Loss: 0.5561, Validation Set Manhattan Distance: 150.0, Mask Weight: 0.940
Epoch 254/20000, Train Loss: 0.5521, Validation Set Manhattan Distance: 150.0, Mask Weight: 0.940
Epoch 255/20000, Train Loss: 0.5484, Validation Set Manhattan Distance: 150.0, Mask Weight: 0.940
Epoch 256/20000, Train Loss: 0.5482, Validation Set Manhattan Distance: 150.0, Mask Weight: 0.940
Epoch 257/20000, Train Loss: 0.5436, Validation Set Manhattan Distance: 178.0, Mask Weight: 0.940
Epoch 258/20000, Train Loss: 0.5402, Validation Set Manhattan Distance: 180.0, Mask Weight: 0.940
Epoch 259/20000, Train Loss: 0.5367, Validation Set Manhattan Distance: 192.0, Mask Weight: 0.940
Epoch 260/20000, Train Loss: 0.5318, Validation Set Manhattan Distance: 204.0, Mask Weight: 0.940
Epoch 261/20000, Train Loss: 0.5267, Validation Set Manhattan Distance: 216.0, Mask Weight: 0.940
Epoch 262/20000, Train Loss: 0.5217, Validation Set Manhattan Distance: 228.0, Mask Weight: 0.940
Epoch 263/20000, Train Loss: 0.5128, Validation Set Manhattan Distance: 240.0, Mask Weight: 0.940
Epoch 264/20000, Train Loss: 0.5078, Validation Set Manhattan Distance: 246.0, Mask Weight: 0.940
Epoch 265/20000, Train Loss: 0.5003, Validation Set Manhattan Distance: 262.0, Mask Weight: 0.940
Epoch 266/20000, Train Loss: 0.4918, Validation Set Manhattan Distance: 262.0, Mask Weight: 0.940
Epoch 267/20000, Train Loss: 0.4827, Validation Set Manhattan Distance: 276.0, Mask Weight: 0.940
Epoch 268/20000, Train Loss: 0.4755, Validation Set Manhattan Distance: 290.0, Mask Weight: 0.940
Epoch 269/20000, Train Loss: 0.4633, Validation Set Manhattan Distance: 300.0, Mask Weight: 0.940
Epoch 270/20000, Train Loss: 0.4532, Validation Set Manhattan Distance: 300.0, Mask Weight: 0.940
Epoch 271/20000, Train Loss: 0.4429, Validation Set Manhattan Distance: 300.0, Mask Weight: 0.940
Epoch 272/20000, Train Loss: 0.4276, Validation Set Manhattan Distance: 300.0, Mask Weight: 0.940
Epoch 273/20000, Train Loss: 0.4144, Validation Set Manhattan Distance: 300.0, Mask Weight: 0.940
Epoch 274/20000, Train Loss: 0.3928, Validation Set Manhattan Distance: 300.0, Mask Weight: 0.940
Epoch 275/20000, Train Loss: 0.3727, Validation Set Manhattan Distance: 300.0, Mask Weight: 0.940
Epoch 276/20000, Train Loss: 0.3486, Validation Set Manhattan Distance: 300.0, Mask Weight: 0.940
Epoch 277/20000, Train Loss: 0.3291, Validation Set Manhattan Distance: 300.0, Mask Weight: 0.940
Epoch 278/20000, Train Loss: 0.3107, Validation Set Manhattan Distance: 300.0, Mask Weight: 0.940
Epoch 279/20000, Train Loss: 0.3023, Validation Set Manhattan Distance: 300.0, Mask Weight: 0.940
Epoch 280/20000, Train Loss: 0.2884, Validation Set Manhattan Distance: 300.0, Mask Weight: 0.940
Epoch 281/20000, Train Loss: 0.3289, Validation Set Manhattan Distance: 300.0, Mask Weight: 0.940
Epoch 282/20000, Train Loss: 0.3152, Validation Set Manhattan Distance: 300.0, Mask Weight: 0.940
Epoch 283/20000, Train Loss: 0.3152, Validation Set Manhattan Distance: 300.0, Mask Weight: 0.940
Epoch 284/20000, Train Loss: 0.2951, Validation Set Manhattan Distance: 300.0, Mask Weight: 0.940
Epoch 285/20000, Train Loss: 0.2788, Validation Set Manhattan Distance: 300.0, Mask Weight: 0.940
Epoch 286/20000, Train Loss: 0.2753, Validation Set Manhattan Distance: 300.0, Mask Weight: 0.940
Epoch 287/20000, Train Loss: 0.2714, Validation Set Manhattan Distance: 300.0, Mask Weight: 0.940
Epoch 288/20000, Train Loss: 0.2631, Validation Set Manhattan Distance: 300.0, Mask Weight: 0.940
Epoch 289/20000, Train Loss: 0.2677, Validation Set Manhattan Distance: 300.0, Mask Weight: 0.940
Epoch 290/20000, Train Loss: 0.2865, Validation Set Manhattan Distance: 300.0, Mask Weight: 0.940
Epoch 291/20000, Train Loss: 0.3253, Validation Set Manhattan Distance: 300.0, Mask Weight: 0.940
Epoch 292/20000, Train Loss: 0.4171, Validation Set Manhattan Distance: 300.0, Mask Weight: 0.940
Epoch 293/20000, Train Loss: 0.4156, Validation Set Manhattan Distance: 300.0, Mask Weight: 0.940
Epoch 294/20000, Train Loss: 0.3244, Validation Set Manhattan Distance: 300.0, Mask Weight: 0.940
Epoch 295/20000, Train Loss: 0.3111, Validation Set Manhattan Distance: 300.0, Mask Weight: 0.940
Epoch 296/20000, Train Loss: 0.2982, Validation Set Manhattan Distance: 300.0, Mask Weight: 0.940
Epoch 297/20000, Train Loss: 0.2916, Validation Set Manhattan Distance: 300.0, Mask Weight: 0.940
Epoch 298/20000, Train Loss: 0.2782, Validation Set Manhattan Distance: 300.0, Mask Weight: 0.940
Epoch 299/20000, Train Loss: 0.2737, Validation Set Manhattan Distance: 300.0, Mask Weight: 0.940
Epoch 300/20000, Train Loss: 0.2704, Validation Set Manhattan Distance: 300.0, Mask Weight: 0.940
Epoch 301/20000, Train Loss: 0.2673, Validation Set Manhattan Distance: 300.0, Mask Weight: 0.940
Epoch 302/20000, Train Loss: 0.2633, Validation Set Manhattan Distance: 300.0, Mask Weight: 0.940
Epoch 303/20000, Train Loss: 0.2751, Validation Set Manhattan Distance: 300.0, Mask Weight: 0.940
Epoch 304/20000, Train Loss: 0.2819, Validation Set Manhattan Distance: 300.0, Mask Weight: 0.940
Epoch 305/20000, Train Loss: 0.3008, Validation Set Manhattan Distance: 300.0, Mask Weight: 0.940
Epoch 306/20000, Train Loss: 0.2787, Validation Set Manhattan Distance: 300.0, Mask Weight: 0.940
Epoch 307/20000, Train Loss: 0.3029, Validation Set Manhattan Distance: 300.0, Mask Weight: 0.940
Epoch 308/20000, Train Loss: 0.2676, Validation Set Manhattan Distance: 300.0, Mask Weight: 0.940
Epoch 309/20000, Train Loss: 0.2612, Validation Set Manhattan Distance: 300.0, Mask Weight: 0.940
Epoch 310/20000, Train Loss: 0.2634, Validation Set Manhattan Distance: 300.0, Mask Weight: 0.940
Epoch 311/20000, Train Loss: 0.2649, Validation Set Manhattan Distance: 300.0, Mask Weight: 0.940
Epoch 312/20000, Train Loss: 0.2622, Validation Set Manhattan Distance: 300.0, Mask Weight: 0.940
Epoch 313/20000, Train Loss: 0.2611, Validation Set Manhattan Distance: 300.0, Mask Weight: 0.940
Epoch 314/20000, Train Loss: 0.2588, Validation Set Manhattan Distance: 300.0, Mask Weight: 0.940
Epoch 315/20000, Train Loss: 0.2614, Validation Set Manhattan Distance: 300.0, Mask Weight: 0.940
Epoch 316/20000, Train Loss: 0.3082, Validation Set Manhattan Distance: 300.0, Mask Weight: 0.940
Epoch 317/20000, Train Loss: 0.4024, Validation Set Manhattan Distance: 300.0, Mask Weight: 0.940
Epoch 318/20000, Train Loss: 0.3714, Validation Set Manhattan Distance: 300.0, Mask Weight: 0.940
Epoch 319/20000, Train Loss: 0.3854, Validation Set Manhattan Distance: 300.0, Mask Weight: 0.940
Epoch 320/20000, Train Loss: 0.3164, Validation Set Manhattan Distance: 300.0, Mask Weight: 0.940
Epoch 321/20000, Train Loss: 0.2909, Validation Set Manhattan Distance: 300.0, Mask Weight: 0.940
Epoch 322/20000, Train Loss: 0.2868, Validation Set Manhattan Distance: 300.0, Mask Weight: 0.940
Epoch 323/20000, Train Loss: 0.2837, Validation Set Manhattan Distance: 300.0, Mask Weight: 0.940
Epoch 324/20000, Train Loss: 0.2816, Validation Set Manhattan Distance: 300.0, Mask Weight: 0.940
Epoch 325/20000, Train Loss: 0.2752, Validation Set Manhattan Distance: 300.0, Mask Weight: 0.940
Epoch 326/20000, Train Loss: 0.2725, Validation Set Manhattan Distance: 300.0, Mask Weight: 0.940
Epoch 327/20000, Train Loss: 0.2696, Validation Set Manhattan Distance: 300.0, Mask Weight: 0.940
Epoch 328/20000, Train Loss: 0.2624, Validation Set Manhattan Distance: 300.0, Mask Weight: 0.940
Epoch 329/20000, Train Loss: 0.2607, Validation Set Manhattan Distance: 300.0, Mask Weight: 0.940
Epoch 330/20000, Train Loss: 0.2592, Validation Set Manhattan Distance: 300.0, Mask Weight: 0.940
Epoch 331/20000, Train Loss: 0.2590, Validation Set Manhattan Distance: 300.0, Mask Weight: 0.940
Epoch 332/20000, Train Loss: 0.2591, Validation Set Manhattan Distance: 300.0, Mask Weight: 0.940
Epoch 333/20000, Train Loss: 0.2586, Validation Set Manhattan Distance: 300.0, Mask Weight: 0.940
Epoch 334/20000, Train Loss: 0.2571, Validation Set Manhattan Distance: 300.0, Mask Weight: 0.940
Epoch 335/20000, Train Loss: 0.2614, Validation Set Manhattan Distance: 300.0, Mask Weight: 0.940
Epoch 336/20000, Train Loss: 0.2611, Validation Set Manhattan Distance: 300.0, Mask Weight: 0.940
Epoch 337/20000, Train Loss: 0.2551, Validation Set Manhattan Distance: 300.0, Mask Weight: 0.940
Epoch 338/20000, Train Loss: 0.2562, Validation Set Manhattan Distance: 300.0, Mask Weight: 0.940
Epoch 339/20000, Train Loss: 0.2559, Validation Set Manhattan Distance: 300.0, Mask Weight: 0.940
Epoch 340/20000, Train Loss: 0.2569, Validation Set Manhattan Distance: 300.0, Mask Weight: 0.940
Epoch 341/20000, Train Loss: 0.2548, Validation Set Manhattan Distance: 300.0, Mask Weight: 0.940
Epoch 342/20000, Train Loss: 0.2591, Validation Set Manhattan Distance: 300.0, Mask Weight: 0.940
Epoch 343/20000, Train Loss: 0.2583, Validation Set Manhattan Distance: 300.0, Mask Weight: 0.940
Epoch 344/20000, Train Loss: 0.2560, Validation Set Manhattan Distance: 300.0, Mask Weight: 0.940
Epoch 345/20000, Train Loss: 0.2569, Validation Set Manhattan Distance: 300.0, Mask Weight: 0.940
Epoch 346/20000, Train Loss: 0.2565, Validation Set Manhattan Distance: 300.0, Mask Weight: 0.940
Epoch 347/20000, Train Loss: 0.2551, Validation Set Manhattan Distance: 300.0, Mask Weight: 0.940
Epoch 348/20000, Train Loss: 0.2544, Validation Set Manhattan Distance: 300.0, Mask Weight: 0.940
Epoch 349/20000, Train Loss: 0.2542, Validation Set Manhattan Distance: 300.0, Mask Weight: 0.940
Epoch 350/20000, Train Loss: 0.2544, Validation Set Manhattan Distance: 300.0, Mask Weight: 0.940
Epoch 351/20000, Train Loss: 0.2545, Validation Set Manhattan Distance: 300.0, Mask Weight: 0.940
Epoch 352/20000, Train Loss: 0.2547, Validation Set Manhattan Distance: 300.0, Mask Weight: 0.940
Epoch 353/20000, Train Loss: 0.2546, Validation Set Manhattan Distance: 300.0, Mask Weight: 0.940
Epoch 354/20000, Train Loss: 0.2548, Validation Set Manhattan Distance: 300.0, Mask Weight: 0.940
Epoch 355/20000, Train Loss: 0.2535, Validation Set Manhattan Distance: 300.0, Mask Weight: 0.940
Epoch 356/20000, Train Loss: 0.2551, Validation Set Manhattan Distance: 300.0, Mask Weight: 0.940
Epoch 357/20000, Train Loss: 0.2573, Validation Set Manhattan Distance: 300.0, Mask Weight: 0.940
Epoch 358/20000, Train Loss: 0.2569, Validation Set Manhattan Distance: 300.0, Mask Weight: 0.940
Epoch 359/20000, Train Loss: 0.2568, Validation Set Manhattan Distance: 300.0, Mask Weight: 0.940
Epoch 360/20000, Train Loss: 0.2532, Validation Set Manhattan Distance: 300.0, Mask Weight: 0.940
Epoch 361/20000, Train Loss: 0.2547, Validation Set Manhattan Distance: 300.0, Mask Weight: 0.940
Epoch 362/20000, Train Loss: 0.2558, Validation Set Manhattan Distance: 300.0, Mask Weight: 0.940
Epoch 363/20000, Train Loss: 0.2550, Validation Set Manhattan Distance: 300.0, Mask Weight: 0.940
Epoch 364/20000, Train Loss: 0.2541, Validation Set Manhattan Distance: 300.0, Mask Weight: 0.940
Epoch 365/20000, Train Loss: 0.2527, Validation Set Manhattan Distance: 300.0, Mask Weight: 0.940
Epoch 366/20000, Train Loss: 0.2536, Validation Set Manhattan Distance: 300.0, Mask Weight: 0.940
Epoch 367/20000, Train Loss: 0.2528, Validation Set Manhattan Distance: 300.0, Mask Weight: 0.940
Epoch 368/20000, Train Loss: 0.2520, Validation Set Manhattan Distance: 300.0, Mask Weight: 0.940
Epoch 369/20000, Train Loss: 0.2555, Validation Set Manhattan Distance: 300.0, Mask Weight: 0.940
Epoch 370/20000, Train Loss: 0.2562, Validation Set Manhattan Distance: 300.0, Mask Weight: 0.940
Epoch 371/20000, Train Loss: 0.2539, Validation Set Manhattan Distance: 300.0, Mask Weight: 0.940
Epoch 372/20000, Train Loss: 0.2540, Validation Set Manhattan Distance: 300.0, Mask Weight: 0.940
Epoch 373/20000, Train Loss: 0.2567, Validation Set Manhattan Distance: 300.0, Mask Weight: 0.940
Epoch 374/20000, Train Loss: 0.2524, Validation Set Manhattan Distance: 300.0, Mask Weight: 0.940
Epoch 375/20000, Train Loss: 0.2569, Validation Set Manhattan Distance: 300.0, Mask Weight: 0.940
Epoch 376/20000, Train Loss: 0.2573, Validation Set Manhattan Distance: 300.0, Mask Weight: 0.940
Epoch 377/20000, Train Loss: 0.2548, Validation Set Manhattan Distance: 300.0, Mask Weight: 0.940
Epoch 378/20000, Train Loss: 0.2531, Validation Set Manhattan Distance: 300.0, Mask Weight: 0.940
Epoch 379/20000, Train Loss: 0.2539, Validation Set Manhattan Distance: 300.0, Mask Weight: 0.940
Epoch 380/20000, Train Loss: 0.2533, Validation Set Manhattan Distance: 300.0, Mask Weight: 0.940
Epoch 381/20000, Train Loss: 0.2536, Validation Set Manhattan Distance: 300.0, Mask Weight: 0.940
Epoch 382/20000, Train Loss: 0.2542, Validation Set Manhattan Distance: 300.0, Mask Weight: 0.940
Epoch 383/20000, Train Loss: 0.2529, Validation Set Manhattan Distance: 300.0, Mask Weight: 0.940
Epoch 384/20000, Train Loss: 0.2513, Validation Set Manhattan Distance: 300.0, Mask Weight: 0.940
Epoch 385/20000, Train Loss: 0.2529, Validation Set Manhattan Distance: 300.0, Mask Weight: 0.940
Epoch 386/20000, Train Loss: 0.2558, Validation Set Manhattan Distance: 300.0, Mask Weight: 0.940
Epoch 387/20000, Train Loss: 0.2554, Validation Set Manhattan Distance: 300.0, Mask Weight: 0.940
Epoch 388/20000, Train Loss: 0.2542, Validation Set Manhattan Distance: 300.0, Mask Weight: 0.940
Epoch 389/20000, Train Loss: 0.2539, Validation Set Manhattan Distance: 300.0, Mask Weight: 0.940
Epoch 390/20000, Train Loss: 0.2530, Validation Set Manhattan Distance: 300.0, Mask Weight: 0.940
Epoch 391/20000, Train Loss: 0.2527, Validation Set Manhattan Distance: 300.0, Mask Weight: 0.940
Epoch 392/20000, Train Loss: 0.2523, Validation Set Manhattan Distance: 300.0, Mask Weight: 0.940
Epoch 393/20000, Train Loss: 0.2537, Validation Set Manhattan Distance: 300.0, Mask Weight: 0.940
Epoch 394/20000, Train Loss: 0.2546, Validation Set Manhattan Distance: 300.0, Mask Weight: 0.940
Epoch 395/20000, Train Loss: 0.2531, Validation Set Manhattan Distance: 300.0, Mask Weight: 0.940
Epoch 396/20000, Train Loss: 0.2533, Validation Set Manhattan Distance: 300.0, Mask Weight: 0.940
Epoch 397/20000, Train Loss: 0.2518, Validation Set Manhattan Distance: 300.0, Mask Weight: 0.940
Epoch 398/20000, Train Loss: 0.2530, Validation Set Manhattan Distance: 300.0, Mask Weight: 0.940
Epoch 399/20000, Train Loss: 0.2563, Validation Set Manhattan Distance: 300.0, Mask Weight: 0.940
Epoch 400/20000, Train Loss: 0.2546, Validation Set Manhattan Distance: 300.0, Mask Weight: 0.940
Epoch 401/20000, Train Loss: 0.2520, Validation Set Manhattan Distance: 300.0, Mask Weight: 0.940
Epoch 402/20000, Train Loss: 0.2543, Validation Set Manhattan Distance: 300.0, Mask Weight: 0.940
Epoch 403/20000, Train Loss: 0.2532, Validation Set Manhattan Distance: 300.0, Mask Weight: 0.940
Epoch 404/20000, Train Loss: 0.2527, Validation Set Manhattan Distance: 300.0, Mask Weight: 0.940
Epoch 405/20000, Train Loss: 0.2520, Validation Set Manhattan Distance: 300.0, Mask Weight: 0.940
Epoch 406/20000, Train Loss: 0.2534, Validation Set Manhattan Distance: 300.0, Mask Weight: 0.940
Epoch 407/20000, Train Loss: 0.2525, Validation Set Manhattan Distance: 300.0, Mask Weight: 0.940
Epoch 408/20000, Train Loss: 0.2533, Validation Set Manhattan Distance: 300.0, Mask Weight: 0.940
Epoch 409/20000, Train Loss: 0.2546, Validation Set Manhattan Distance: 300.0, Mask Weight: 0.940
Epoch 410/20000, Train Loss: 0.2535, Validation Set Manhattan Distance: 300.0, Mask Weight: 0.940
Epoch 411/20000, Train Loss: 0.2557, Validation Set Manhattan Distance: 300.0, Mask Weight: 0.940
Epoch 412/20000, Train Loss: 0.2541, Validation Set Manhattan Distance: 300.0, Mask Weight: 0.940
Epoch 413/20000, Train Loss: 0.2531, Validation Set Manhattan Distance: 300.0, Mask Weight: 0.940
Epoch 414/20000, Train Loss: 0.2524, Validation Set Manhattan Distance: 300.0, Mask Weight: 0.940
Epoch 415/20000, Train Loss: 0.2517, Validation Set Manhattan Distance: 300.0, Mask Weight: 0.940
Epoch 416/20000, Train Loss: 0.2522, Validation Set Manhattan Distance: 300.0, Mask Weight: 0.940
Epoch 417/20000, Train Loss: 0.2521, Validation Set Manhattan Distance: 300.0, Mask Weight: 0.940
Epoch 418/20000, Train Loss: 0.2510, Validation Set Manhattan Distance: 300.0, Mask Weight: 0.940
Epoch 419/20000, Train Loss: 0.2521, Validation Set Manhattan Distance: 300.0, Mask Weight: 0.940
Epoch 420/20000, Train Loss: 0.2528, Validation Set Manhattan Distance: 300.0, Mask Weight: 0.940
Epoch 421/20000, Train Loss: 0.2520, Validation Set Manhattan Distance: 300.0, Mask Weight: 0.940
Epoch 422/20000, Train Loss: 0.2529, Validation Set Manhattan Distance: 300.0, Mask Weight: 0.940
Epoch 423/20000, Train Loss: 0.2524, Validation Set Manhattan Distance: 300.0, Mask Weight: 0.940
Epoch 424/20000, Train Loss: 0.2532, Validation Set Manhattan Distance: 300.0, Mask Weight: 0.940
Epoch 425/20000, Train Loss: 0.2528, Validation Set Manhattan Distance: 300.0, Mask Weight: 0.940
Epoch 426/20000, Train Loss: 0.2520, Validation Set Manhattan Distance: 300.0, Mask Weight: 0.940
Epoch 427/20000, Train Loss: 0.2536, Validation Set Manhattan Distance: 300.0, Mask Weight: 0.940
Epoch 428/20000, Train Loss: 0.2538, Validation Set Manhattan Distance: 300.0, Mask Weight: 0.940
Epoch 429/20000, Train Loss: 0.2536, Validation Set Manhattan Distance: 300.0, Mask Weight: 0.940
Epoch 430/20000, Train Loss: 0.2511, Validation Set Manhattan Distance: 300.0, Mask Weight: 0.940
Epoch 431/20000, Train Loss: 0.2527, Validation Set Manhattan Distance: 300.0, Mask Weight: 0.940
Epoch 432/20000, Train Loss: 0.2541, Validation Set Manhattan Distance: 300.0, Mask Weight: 0.940
Epoch 433/20000, Train Loss: 0.2522, Validation Set Manhattan Distance: 300.0, Mask Weight: 0.940
Epoch 434/20000, Train Loss: 0.2512, Validation Set Manhattan Distance: 300.0, Mask Weight: 0.940
Epoch 435/20000, Train Loss: 0.2522, Validation Set Manhattan Distance: 300.0, Mask Weight: 0.940
Epoch 436/20000, Train Loss: 0.2515, Validation Set Manhattan Distance: 300.0, Mask Weight: 0.940
Epoch 437/20000, Train Loss: 0.2530, Validation Set Manhattan Distance: 300.0, Mask Weight: 0.940
Epoch 438/20000, Train Loss: 0.2520, Validation Set Manhattan Distance: 300.0, Mask Weight: 0.940
Epoch 439/20000, Train Loss: 0.2527, Validation Set Manhattan Distance: 300.0, Mask Weight: 0.940
Epoch 440/20000, Train Loss: 0.2519, Validation Set Manhattan Distance: 300.0, Mask Weight: 0.940
Epoch 441/20000, Train Loss: 0.2534, Validation Set Manhattan Distance: 300.0, Mask Weight: 0.940
Epoch 442/20000, Train Loss: 0.2512, Validation Set Manhattan Distance: 300.0, Mask Weight: 0.940
Epoch 443/20000, Train Loss: 0.2556, Validation Set Manhattan Distance: 300.0, Mask Weight: 0.940
Epoch 444/20000, Train Loss: 0.2542, Validation Set Manhattan Distance: 300.0, Mask Weight: 0.940
Epoch 445/20000, Train Loss: 0.2531, Validation Set Manhattan Distance: 300.0, Mask Weight: 0.940
Epoch 446/20000, Train Loss: 0.2530, Validation Set Manhattan Distance: 300.0, Mask Weight: 0.940
Epoch 447/20000, Train Loss: 0.2565, Validation Set Manhattan Distance: 300.0, Mask Weight: 0.940
Epoch 448/20000, Train Loss: 0.2527, Validation Set Manhattan Distance: 300.0, Mask Weight: 0.940
Epoch 449/20000, Train Loss: 0.2545, Validation Set Manhattan Distance: 300.0, Mask Weight: 0.940
Epoch 450/20000, Train Loss: 0.2544, Validation Set Manhattan Distance: 300.0, Mask Weight: 0.940
Epoch 451/20000, Train Loss: 0.2518, Validation Set Manhattan Distance: 300.0, Mask Weight: 0.940
Epoch 452/20000, Train Loss: 0.2539, Validation Set Manhattan Distance: 300.0, Mask Weight: 0.940
Epoch 453/20000, Train Loss: 0.2516, Validation Set Manhattan Distance: 300.0, Mask Weight: 0.940
Epoch 454/20000, Train Loss: 0.2534, Validation Set Manhattan Distance: 300.0, Mask Weight: 0.940
Epoch 455/20000, Train Loss: 0.2516, Validation Set Manhattan Distance: 300.0, Mask Weight: 0.940
Epoch 456/20000, Train Loss: 0.2521, Validation Set Manhattan Distance: 300.0, Mask Weight: 0.940
Epoch 457/20000, Train Loss: 0.2537, Validation Set Manhattan Distance: 300.0, Mask Weight: 0.940
Epoch 458/20000, Train Loss: 0.2540, Validation Set Manhattan Distance: 300.0, Mask Weight: 0.940
Epoch 459/20000, Train Loss: 0.2530, Validation Set Manhattan Distance: 300.0, Mask Weight: 0.940
Epoch 460/20000, Train Loss: 0.2534, Validation Set Manhattan Distance: 300.0, Mask Weight: 0.940
Epoch 461/20000, Train Loss: 0.2522, Validation Set Manhattan Distance: 300.0, Mask Weight: 0.940
Epoch 462/20000, Train Loss: 0.2529, Validation Set Manhattan Distance: 300.0, Mask Weight: 0.940
Epoch 463/20000, Train Loss: 0.2537, Validation Set Manhattan Distance: 300.0, Mask Weight: 0.940
Epoch 464/20000, Train Loss: 0.2523, Validation Set Manhattan Distance: 300.0, Mask Weight: 0.940
Epoch 465/20000, Train Loss: 0.2518, Validation Set Manhattan Distance: 300.0, Mask Weight: 0.940
Epoch 466/20000, Train Loss: 0.2531, Validation Set Manhattan Distance: 300.0, Mask Weight: 0.940
Epoch 467/20000, Train Loss: 0.2528, Validation Set Manhattan Distance: 300.0, Mask Weight: 0.940
Epoch 468/20000, Train Loss: 0.2519, Validation Set Manhattan Distance: 300.0, Mask Weight: 0.940
Epoch 469/20000, Train Loss: 0.2523, Validation Set Manhattan Distance: 300.0, Mask Weight: 0.940
Epoch 470/20000, Train Loss: 0.2521, Validation Set Manhattan Distance: 300.0, Mask Weight: 0.940
Epoch 471/20000, Train Loss: 0.2527, Validation Set Manhattan Distance: 300.0, Mask Weight: 0.940
Epoch 472/20000, Train Loss: 0.2508, Validation Set Manhattan Distance: 300.0, Mask Weight: 0.940
Epoch 473/20000, Train Loss: 0.2506, Validation Set Manhattan Distance: 300.0, Mask Weight: 0.940
Epoch 474/20000, Train Loss: 0.2494, Validation Set Manhattan Distance: 300.0, Mask Weight: 0.940
Epoch 475/20000, Train Loss: 0.2533, Validation Set Manhattan Distance: 300.0, Mask Weight: 0.940
Epoch 476/20000, Train Loss: 0.2518, Validation Set Manhattan Distance: 300.0, Mask Weight: 0.940
Epoch 477/20000, Train Loss: 0.2541, Validation Set Manhattan Distance: 300.0, Mask Weight: 0.940
Epoch 478/20000, Train Loss: 0.2522, Validation Set Manhattan Distance: 300.0, Mask Weight: 0.940
Epoch 479/20000, Train Loss: 0.2509, Validation Set Manhattan Distance: 300.0, Mask Weight: 0.940
Epoch 480/20000, Train Loss: 0.2520, Validation Set Manhattan Distance: 300.0, Mask Weight: 0.940
Epoch 481/20000, Train Loss: 0.2516, Validation Set Manhattan Distance: 300.0, Mask Weight: 0.940
Epoch 482/20000, Train Loss: 0.2528, Validation Set Manhattan Distance: 300.0, Mask Weight: 0.940
Epoch 483/20000, Train Loss: 0.2517, Validation Set Manhattan Distance: 300.0, Mask Weight: 0.940
Epoch 484/20000, Train Loss: 0.2519, Validation Set Manhattan Distance: 300.0, Mask Weight: 0.940
Epoch 485/20000, Train Loss: 0.2515, Validation Set Manhattan Distance: 300.0, Mask Weight: 0.940
Epoch 486/20000, Train Loss: 0.2511, Validation Set Manhattan Distance: 300.0, Mask Weight: 0.940
Epoch 487/20000, Train Loss: 0.2528, Validation Set Manhattan Distance: 300.0, Mask Weight: 0.940
Epoch 488/20000, Train Loss: 0.2528, Validation Set Manhattan Distance: 300.0, Mask Weight: 0.940
Epoch 489/20000, Train Loss: 0.2527, Validation Set Manhattan Distance: 300.0, Mask Weight: 0.940
Epoch 490/20000, Train Loss: 0.2543, Validation Set Manhattan Distance: 300.0, Mask Weight: 0.940
Epoch 491/20000, Train Loss: 0.2541, Validation Set Manhattan Distance: 300.0, Mask Weight: 0.940
Epoch 492/20000, Train Loss: 0.2556, Validation Set Manhattan Distance: 300.0, Mask Weight: 0.940
Epoch 493/20000, Train Loss: 0.2548, Validation Set Manhattan Distance: 300.0, Mask Weight: 0.940
Epoch 494/20000, Train Loss: 0.2543, Validation Set Manhattan Distance: 300.0, Mask Weight: 0.940
Epoch 495/20000, Train Loss: 0.2522, Validation Set Manhattan Distance: 300.0, Mask Weight: 0.940
Epoch 496/20000, Train Loss: 0.2541, Validation Set Manhattan Distance: 300.0, Mask Weight: 0.940
Epoch 497/20000, Train Loss: 0.2515, Validation Set Manhattan Distance: 300.0, Mask Weight: 0.940
Epoch 498/20000, Train Loss: 0.2519, Validation Set Manhattan Distance: 300.0, Mask Weight: 0.940
Epoch 499/20000, Train Loss: 0.2515, Validation Set Manhattan Distance: 300.0, Mask Weight: 0.940
Epoch 500/20000, Train Loss: 0.2510, Validation Set Manhattan Distance: 300.0, Mask Weight: 0.940
Epoch 501/20000, Train Loss: 0.2500, Validation Set Manhattan Distance: 300.0, Mask Weight: 0.940
Epoch 502/20000, Train Loss: 0.2514, Validation Set Manhattan Distance: 300.0, Mask Weight: 0.940
Epoch 503/20000, Train Loss: 0.2516, Validation Set Manhattan Distance: 300.0, Mask Weight: 0.940
Epoch 504/20000, Train Loss: 0.2510, Validation Set Manhattan Distance: 300.0, Mask Weight: 0.940
Epoch 505/20000, Train Loss: 0.2510, Validation Set Manhattan Distance: 300.0, Mask Weight: 0.940
Epoch 506/20000, Train Loss: 0.2511, Validation Set Manhattan Distance: 300.0, Mask Weight: 0.940
Epoch 507/20000, Train Loss: 0.2498, Validation Set Manhattan Distance: 300.0, Mask Weight: 0.940
Epoch 508/20000, Train Loss: 0.2515, Validation Set Manhattan Distance: 300.0, Mask Weight: 0.940
Epoch 509/20000, Train Loss: 0.2522, Validation Set Manhattan Distance: 300.0, Mask Weight: 0.940
Epoch 510/20000, Train Loss: 0.2519, Validation Set Manhattan Distance: 300.0, Mask Weight: 0.940
Epoch 511/20000, Train Loss: 0.2518, Validation Set Manhattan Distance: 300.0, Mask Weight: 0.940
Epoch 512/20000, Train Loss: 0.2523, Validation Set Manhattan Distance: 300.0, Mask Weight: 0.940
Epoch 513/20000, Train Loss: 0.2525, Validation Set Manhattan Distance: 300.0, Mask Weight: 0.940
Epoch 514/20000, Train Loss: 0.2528, Validation Set Manhattan Distance: 300.0, Mask Weight: 0.940
Epoch 515/20000, Train Loss: 0.2511, Validation Set Manhattan Distance: 300.0, Mask Weight: 0.940
Epoch 516/20000, Train Loss: 0.2512, Validation Set Manhattan Distance: 300.0, Mask Weight: 0.940
Epoch 517/20000, Train Loss: 0.2526, Validation Set Manhattan Distance: 300.0, Mask Weight: 0.940
Epoch 518/20000, Train Loss: 0.2532, Validation Set Manhattan Distance: 300.0, Mask Weight: 0.940
Epoch 519/20000, Train Loss: 0.2505, Validation Set Manhattan Distance: 300.0, Mask Weight: 0.940
Epoch 520/20000, Train Loss: 0.2514, Validation Set Manhattan Distance: 300.0, Mask Weight: 0.940
Epoch 521/20000, Train Loss: 0.2505, Validation Set Manhattan Distance: 300.0, Mask Weight: 0.940
Epoch 522/20000, Train Loss: 0.2519, Validation Set Manhattan Distance: 300.0, Mask Weight: 0.940
Epoch 523/20000, Train Loss: 0.2511, Validation Set Manhattan Distance: 300.0, Mask Weight: 0.940
Epoch 524/20000, Train Loss: 0.2506, Validation Set Manhattan Distance: 300.0, Mask Weight: 0.940
Epoch 525/20000, Train Loss: 0.2523, Validation Set Manhattan Distance: 300.0, Mask Weight: 0.940
Epoch 526/20000, Train Loss: 0.2498, Validation Set Manhattan Distance: 300.0, Mask Weight: 0.940
Epoch 527/20000, Train Loss: 0.2515, Validation Set Manhattan Distance: 300.0, Mask Weight: 0.940
Epoch 528/20000, Train Loss: 0.2514, Validation Set Manhattan Distance: 300.0, Mask Weight: 0.940
Epoch 529/20000, Train Loss: 0.2505, Validation Set Manhattan Distance: 300.0, Mask Weight: 0.940
Epoch 530/20000, Train Loss: 0.2504, Validation Set Manhattan Distance: 300.0, Mask Weight: 0.940
Epoch 531/20000, Train Loss: 0.2500, Validation Set Manhattan Distance: 300.0, Mask Weight: 0.940
Epoch 532/20000, Train Loss: 0.2514, Validation Set Manhattan Distance: 300.0, Mask Weight: 0.940
Epoch 533/20000, Train Loss: 0.2506, Validation Set Manhattan Distance: 300.0, Mask Weight: 0.940
Epoch 534/20000, Train Loss: 0.2514, Validation Set Manhattan Distance: 300.0, Mask Weight: 0.940
Epoch 535/20000, Train Loss: 0.2506, Validation Set Manhattan Distance: 300.0, Mask Weight: 0.940
Epoch 536/20000, Train Loss: 0.2503, Validation Set Manhattan Distance: 300.0, Mask Weight: 0.940
Epoch 537/20000, Train Loss: 0.2516, Validation Set Manhattan Distance: 300.0, Mask Weight: 0.940
Epoch 538/20000, Train Loss: 0.2504, Validation Set Manhattan Distance: 300.0, Mask Weight: 0.940
Epoch 539/20000, Train Loss: 0.2516, Validation Set Manhattan Distance: 300.0, Mask Weight: 0.940
Epoch 540/20000, Train Loss: 0.2520, Validation Set Manhattan Distance: 300.0, Mask Weight: 0.940
Epoch 541/20000, Train Loss: 0.2505, Validation Set Manhattan Distance: 300.0, Mask Weight: 0.940
Epoch 542/20000, Train Loss: 0.2523, Validation Set Manhattan Distance: 300.0, Mask Weight: 0.940
Epoch 543/20000, Train Loss: 0.2513, Validation Set Manhattan Distance: 300.0, Mask Weight: 0.940
Epoch 544/20000, Train Loss: 0.2532, Validation Set Manhattan Distance: 300.0, Mask Weight: 0.940
Epoch 545/20000, Train Loss: 0.2517, Validation Set Manhattan Distance: 300.0, Mask Weight: 0.940
Epoch 546/20000, Train Loss: 0.2557, Validation Set Manhattan Distance: 300.0, Mask Weight: 0.940
Epoch 547/20000, Train Loss: 0.2514, Validation Set Manhattan Distance: 300.0, Mask Weight: 0.940
Epoch 548/20000, Train Loss: 0.2511, Validation Set Manhattan Distance: 300.0, Mask Weight: 0.940
Epoch 549/20000, Train Loss: 0.2537, Validation Set Manhattan Distance: 300.0, Mask Weight: 0.940
Epoch 550/20000, Train Loss: 0.2515, Validation Set Manhattan Distance: 300.0, Mask Weight: 0.940
Epoch 551/20000, Train Loss: 0.2499, Validation Set Manhattan Distance: 300.0, Mask Weight: 0.940
Epoch 552/20000, Train Loss: 0.2616, Validation Set Manhattan Distance: 300.0, Mask Weight: 0.940
Epoch 553/20000, Train Loss: 0.8272, Validation Set Manhattan Distance: 300.0, Mask Weight: 0.940
Epoch 554/20000, Train Loss: 0.8391, Validation Set Manhattan Distance: 300.0, Mask Weight: 0.940
Epoch 555/20000, Train Loss: 0.7521, Validation Set Manhattan Distance: 300.0, Mask Weight: 0.940
Epoch 556/20000, Train Loss: 0.7263, Validation Set Manhattan Distance: 300.0, Mask Weight: 0.940
Epoch 557/20000, Train Loss: 0.6843, Validation Set Manhattan Distance: 300.0, Mask Weight: 0.940
Epoch 558/20000, Train Loss: 0.6321, Validation Set Manhattan Distance: 300.0, Mask Weight: 0.940
Epoch 559/20000, Train Loss: 0.5729, Validation Set Manhattan Distance: 300.0, Mask Weight: 0.940
Epoch 560/20000, Train Loss: 0.5655, Validation Set Manhattan Distance: 300.0, Mask Weight: 0.940
Epoch 561/20000, Train Loss: 0.5565, Validation Set Manhattan Distance: 300.0, Mask Weight: 0.940
Epoch 562/20000, Train Loss: 0.5563, Validation Set Manhattan Distance: 300.0, Mask Weight: 0.940
Epoch 563/20000, Train Loss: 0.5511, Validation Set Manhattan Distance: 300.0, Mask Weight: 0.940
Epoch 564/20000, Train Loss: 0.5479, Validation Set Manhattan Distance: 300.0, Mask Weight: 0.940
Epoch 565/20000, Train Loss: 0.5414, Validation Set Manhattan Distance: 300.0, Mask Weight: 0.940
Epoch 566/20000, Train Loss: 0.5264, Validation Set Manhattan Distance: 300.0, Mask Weight: 0.940
Epoch 567/20000, Train Loss: 0.5098, Validation Set Manhattan Distance: 300.0, Mask Weight: 0.940
Epoch 568/20000, Train Loss: 0.4711, Validation Set Manhattan Distance: 300.0, Mask Weight: 0.940
Epoch 569/20000, Train Loss: 0.4069, Validation Set Manhattan Distance: 300.0, Mask Weight: 0.940
Epoch 570/20000, Train Loss: 0.3666, Validation Set Manhattan Distance: 300.0, Mask Weight: 0.940
Epoch 571/20000, Train Loss: 0.3621, Validation Set Manhattan Distance: 300.0, Mask Weight: 0.940
Epoch 572/20000, Train Loss: 0.3904, Validation Set Manhattan Distance: 300.0, Mask Weight: 0.940
Epoch 573/20000, Train Loss: 0.4140, Validation Set Manhattan Distance: 300.0, Mask Weight: 0.940
Epoch 574/20000, Train Loss: 0.3539, Validation Set Manhattan Distance: 300.0, Mask Weight: 0.940
Epoch 575/20000, Train Loss: 0.3521, Validation Set Manhattan Distance: 300.0, Mask Weight: 0.940
Epoch 576/20000, Train Loss: 0.3308, Validation Set Manhattan Distance: 300.0, Mask Weight: 0.940
Epoch 577/20000, Train Loss: 0.3115, Validation Set Manhattan Distance: 300.0, Mask Weight: 0.940
Epoch 578/20000, Train Loss: 0.3036, Validation Set Manhattan Distance: 300.0, Mask Weight: 0.940
Epoch 579/20000, Train Loss: 0.3049, Validation Set Manhattan Distance: 300.0, Mask Weight: 0.940
Epoch 580/20000, Train Loss: 0.2951, Validation Set Manhattan Distance: 300.0, Mask Weight: 0.940
Epoch 581/20000, Train Loss: 0.2903, Validation Set Manhattan Distance: 300.0, Mask Weight: 0.940
Epoch 582/20000, Train Loss: 0.2718, Validation Set Manhattan Distance: 300.0, Mask Weight: 0.940
Epoch 583/20000, Train Loss: 0.2724, Validation Set Manhattan Distance: 300.0, Mask Weight: 0.940
Epoch 584/20000, Train Loss: 0.3237, Validation Set Manhattan Distance: 300.0, Mask Weight: 0.940
Epoch 585/20000, Train Loss: 0.3501, Validation Set Manhattan Distance: 300.0, Mask Weight: 0.940
Epoch 586/20000, Train Loss: 0.2924, Validation Set Manhattan Distance: 300.0, Mask Weight: 0.940
Epoch 587/20000, Train Loss: 0.2844, Validation Set Manhattan Distance: 300.0, Mask Weight: 0.940
Epoch 588/20000, Train Loss: 0.2708, Validation Set Manhattan Distance: 300.0, Mask Weight: 0.940
Epoch 589/20000, Train Loss: 0.2668, Validation Set Manhattan Distance: 300.0, Mask Weight: 0.940
Epoch 590/20000, Train Loss: 0.2672, Validation Set Manhattan Distance: 300.0, Mask Weight: 0.940
Epoch 591/20000, Train Loss: 0.2653, Validation Set Manhattan Distance: 300.0, Mask Weight: 0.940
Epoch 592/20000, Train Loss: 0.2647, Validation Set Manhattan Distance: 300.0, Mask Weight: 0.940
Epoch 593/20000, Train Loss: 0.2605, Validation Set Manhattan Distance: 300.0, Mask Weight: 0.940
Epoch 594/20000, Train Loss: 0.2608, Validation Set Manhattan Distance: 300.0, Mask Weight: 0.940
Epoch 595/20000, Train Loss: 0.2585, Validation Set Manhattan Distance: 300.0, Mask Weight: 0.940
Epoch 596/20000, Train Loss: 0.2539, Validation Set Manhattan Distance: 300.0, Mask Weight: 0.940
Epoch 597/20000, Train Loss: 0.2567, Validation Set Manhattan Distance: 300.0, Mask Weight: 0.940
Epoch 598/20000, Train Loss: 0.2543, Validation Set Manhattan Distance: 300.0, Mask Weight: 0.940
Epoch 599/20000, Train Loss: 0.2548, Validation Set Manhattan Distance: 300.0, Mask Weight: 0.940
Epoch 600/20000, Train Loss: 0.2548, Validation Set Manhattan Distance: 300.0, Mask Weight: 0.940
Epoch 601/20000, Train Loss: 0.2531, Validation Set Manhattan Distance: 300.0, Mask Weight: 0.940
Epoch 602/20000, Train Loss: 0.2534, Validation Set Manhattan Distance: 300.0, Mask Weight: 0.940
Epoch 603/20000, Train Loss: 0.2557, Validation Set Manhattan Distance: 300.0, Mask Weight: 0.940
Epoch 604/20000, Train Loss: 0.2552, Validation Set Manhattan Distance: 300.0, Mask Weight: 0.940
Epoch 605/20000, Train Loss: 0.2527, Validation Set Manhattan Distance: 300.0, Mask Weight: 0.940
Epoch 606/20000, Train Loss: 0.2534, Validation Set Manhattan Distance: 300.0, Mask Weight: 0.940
Epoch 607/20000, Train Loss: 0.2520, Validation Set Manhattan Distance: 300.0, Mask Weight: 0.940
Epoch 608/20000, Train Loss: 0.2533, Validation Set Manhattan Distance: 300.0, Mask Weight: 0.940
Epoch 609/20000, Train Loss: 0.2536, Validation Set Manhattan Distance: 300.0, Mask Weight: 0.940
Epoch 610/20000, Train Loss: 0.2520, Validation Set Manhattan Distance: 300.0, Mask Weight: 0.940
Epoch 611/20000, Train Loss: 0.2527, Validation Set Manhattan Distance: 300.0, Mask Weight: 0.940
Epoch 612/20000, Train Loss: 0.2529, Validation Set Manhattan Distance: 300.0, Mask Weight: 0.940
Epoch 613/20000, Train Loss: 0.6417, Validation Set Manhattan Distance: 300.0, Mask Weight: 0.940
Epoch 614/20000, Train Loss: 0.7354, Validation Set Manhattan Distance: 245.0, Mask Weight: 0.940
Epoch 615/20000, Train Loss: 0.7215, Validation Set Manhattan Distance: 180.0, Mask Weight: 0.940
Epoch 616/20000, Train Loss: 0.7059, Validation Set Manhattan Distance: 144.0, Mask Weight: 0.940
Epoch 617/20000, Train Loss: 0.6866, Validation Set Manhattan Distance: 134.0, Mask Weight: 0.940
Epoch 618/20000, Train Loss: 0.6650, Validation Set Manhattan Distance: 128.0, Mask Weight: 0.940
Epoch 619/20000, Train Loss: 0.6421, Validation Set Manhattan Distance: 128.0, Mask Weight: 0.940
Epoch 620/20000, Train Loss: 0.6192, Validation Set Manhattan Distance: 134.0, Mask Weight: 0.940
Epoch 621/20000, Train Loss: 0.5964, Validation Set Manhattan Distance: 140.0, Mask Weight: 0.940
Epoch 622/20000, Train Loss: 0.5762, Validation Set Manhattan Distance: 150.0, Mask Weight: 0.940
Epoch 623/20000, Train Loss: 0.5636, Validation Set Manhattan Distance: 150.0, Mask Weight: 0.940
Epoch 624/20000, Train Loss: 0.5564, Validation Set Manhattan Distance: 156.0, Mask Weight: 0.940
Epoch 625/20000, Train Loss: 0.5526, Validation Set Manhattan Distance: 162.0, Mask Weight: 0.940
Epoch 626/20000, Train Loss: 0.5496, Validation Set Manhattan Distance: 162.0, Mask Weight: 0.940
Epoch 627/20000, Train Loss: 0.5449, Validation Set Manhattan Distance: 168.0, Mask Weight: 0.940
Epoch 628/20000, Train Loss: 0.5413, Validation Set Manhattan Distance: 174.0, Mask Weight: 0.940
Epoch 629/20000, Train Loss: 0.5366, Validation Set Manhattan Distance: 186.0, Mask Weight: 0.940
Epoch 630/20000, Train Loss: 0.5314, Validation Set Manhattan Distance: 192.0, Mask Weight: 0.940
Epoch 631/20000, Train Loss: 0.5250, Validation Set Manhattan Distance: 204.0, Mask Weight: 0.940
Epoch 632/20000, Train Loss: 0.5169, Validation Set Manhattan Distance: 216.0, Mask Weight: 0.940
Epoch 633/20000, Train Loss: 0.5046, Validation Set Manhattan Distance: 222.0, Mask Weight: 0.940
Epoch 634/20000, Train Loss: 0.4887, Validation Set Manhattan Distance: 234.0, Mask Weight: 0.940
Epoch 635/20000, Train Loss: 0.4713, Validation Set Manhattan Distance: 252.0, Mask Weight: 0.940
Epoch 636/20000, Train Loss: 0.4529, Validation Set Manhattan Distance: 262.0, Mask Weight: 0.940
Epoch 637/20000, Train Loss: 0.4377, Validation Set Manhattan Distance: 276.0, Mask Weight: 0.940
Epoch 638/20000, Train Loss: 0.4245, Validation Set Manhattan Distance: 290.0, Mask Weight: 0.940
Epoch 639/20000, Train Loss: 0.4100, Validation Set Manhattan Distance: 300.0, Mask Weight: 0.940
Epoch 640/20000, Train Loss: 0.3910, Validation Set Manhattan Distance: 300.0, Mask Weight: 0.940
Epoch 641/20000, Train Loss: 0.3691, Validation Set Manhattan Distance: 300.0, Mask Weight: 0.940
Epoch 642/20000, Train Loss: 0.3433, Validation Set Manhattan Distance: 300.0, Mask Weight: 0.940
Epoch 643/20000, Train Loss: 0.3169, Validation Set Manhattan Distance: 300.0, Mask Weight: 0.940
Epoch 644/20000, Train Loss: 0.3030, Validation Set Manhattan Distance: 300.0, Mask Weight: 0.940
Epoch 645/20000, Train Loss: 0.3008, Validation Set Manhattan Distance: 300.0, Mask Weight: 0.940
Epoch 646/20000, Train Loss: 0.2882, Validation Set Manhattan Distance: 300.0, Mask Weight: 0.940
Epoch 647/20000, Train Loss: 0.2810, Validation Set Manhattan Distance: 300.0, Mask Weight: 0.940
Epoch 648/20000, Train Loss: 0.3445, Validation Set Manhattan Distance: 300.0, Mask Weight: 0.940
Epoch 649/20000, Train Loss: 0.2979, Validation Set Manhattan Distance: 300.0, Mask Weight: 0.940
Epoch 650/20000, Train Loss: 0.2803, Validation Set Manhattan Distance: 300.0, Mask Weight: 0.940
Epoch 651/20000, Train Loss: 0.2735, Validation Set Manhattan Distance: 300.0, Mask Weight: 0.940
Epoch 652/20000, Train Loss: 0.2691, Validation Set Manhattan Distance: 300.0, Mask Weight: 0.940
Epoch 653/20000, Train Loss: 0.2694, Validation Set Manhattan Distance: 300.0, Mask Weight: 0.940
Epoch 654/20000, Train Loss: 0.2692, Validation Set Manhattan Distance: 300.0, Mask Weight: 0.940
Epoch 655/20000, Train Loss: 0.2611, Validation Set Manhattan Distance: 300.0, Mask Weight: 0.940
Epoch 656/20000, Train Loss: 0.2626, Validation Set Manhattan Distance: 300.0, Mask Weight: 0.940
Epoch 657/20000, Train Loss: 0.2615, Validation Set Manhattan Distance: 300.0, Mask Weight: 0.940
Epoch 658/20000, Train Loss: 0.2573, Validation Set Manhattan Distance: 300.0, Mask Weight: 0.940
Epoch 659/20000, Train Loss: 0.2558, Validation Set Manhattan Distance: 300.0, Mask Weight: 0.940
Epoch 660/20000, Train Loss: 0.2551, Validation Set Manhattan Distance: 300.0, Mask Weight: 0.940
Epoch 661/20000, Train Loss: 0.2536, Validation Set Manhattan Distance: 300.0, Mask Weight: 0.940
Epoch 662/20000, Train Loss: 0.2549, Validation Set Manhattan Distance: 300.0, Mask Weight: 0.940
Epoch 663/20000, Train Loss: 0.2563, Validation Set Manhattan Distance: 300.0, Mask Weight: 0.940
Epoch 664/20000, Train Loss: 0.2551, Validation Set Manhattan Distance: 300.0, Mask Weight: 0.940
Epoch 665/20000, Train Loss: 0.2557, Validation Set Manhattan Distance: 300.0, Mask Weight: 0.940
Epoch 666/20000, Train Loss: 0.2598, Validation Set Manhattan Distance: 300.0, Mask Weight: 0.940
Epoch 667/20000, Train Loss: 0.2538, Validation Set Manhattan Distance: 300.0, Mask Weight: 0.940
Epoch 668/20000, Train Loss: 0.2552, Validation Set Manhattan Distance: 300.0, Mask Weight: 0.940
Epoch 669/20000, Train Loss: 0.2937, Validation Set Manhattan Distance: 300.0, Mask Weight: 0.940
Epoch 670/20000, Train Loss: 0.3810, Validation Set Manhattan Distance: 300.0, Mask Weight: 0.940
Epoch 671/20000, Train Loss: 0.7157, Validation Set Manhattan Distance: 90.0, Mask Weight: 0.940
Epoch 672/20000, Train Loss: 0.7400, Validation Set Manhattan Distance: 60.0, Mask Weight: 0.940
Epoch 673/20000, Train Loss: 0.7136, Validation Set Manhattan Distance: 54.0, Mask Weight: 0.940
Epoch 674/20000, Train Loss: 0.6812, Validation Set Manhattan Distance: 54.0, Mask Weight: 0.940
Epoch 675/20000, Train Loss: 0.6598, Validation Set Manhattan Distance: 60.0, Mask Weight: 0.940
Epoch 676/20000, Train Loss: 0.6382, Validation Set Manhattan Distance: 66.0, Mask Weight: 0.940
Epoch 677/20000, Train Loss: 0.6171, Validation Set Manhattan Distance: 78.0, Mask Weight: 0.940
Epoch 678/20000, Train Loss: 0.5984, Validation Set Manhattan Distance: 90.0, Mask Weight: 0.940
Epoch 679/20000, Train Loss: 0.5803, Validation Set Manhattan Distance: 122.0, Mask Weight: 0.940
Epoch 680/20000, Train Loss: 0.5682, Validation Set Manhattan Distance: 152.0, Mask Weight: 0.940
Epoch 681/20000, Train Loss: 0.5632, Validation Set Manhattan Distance: 176.0, Mask Weight: 0.940
Epoch 682/20000, Train Loss: 0.5614, Validation Set Manhattan Distance: 194.0, Mask Weight: 0.940
Epoch 683/20000, Train Loss: 0.5600, Validation Set Manhattan Distance: 204.0, Mask Weight: 0.940
Epoch 684/20000, Train Loss: 0.5583, Validation Set Manhattan Distance: 216.0, Mask Weight: 0.940
Epoch 685/20000, Train Loss: 0.5564, Validation Set Manhattan Distance: 222.0, Mask Weight: 0.940
Epoch 686/20000, Train Loss: 0.5553, Validation Set Manhattan Distance: 240.0, Mask Weight: 0.940
Epoch 687/20000, Train Loss: 0.5538, Validation Set Manhattan Distance: 256.0, Mask Weight: 0.940
Epoch 688/20000, Train Loss: 0.5522, Validation Set Manhattan Distance: 278.0, Mask Weight: 0.940
Epoch 689/20000, Train Loss: 0.5508, Validation Set Manhattan Distance: 296.0, Mask Weight: 0.940
Epoch 690/20000, Train Loss: 0.5492, Validation Set Manhattan Distance: 300.0, Mask Weight: 0.940
Epoch 691/20000, Train Loss: 0.5473, Validation Set Manhattan Distance: 300.0, Mask Weight: 0.940
Epoch 692/20000, Train Loss: 0.5449, Validation Set Manhattan Distance: 300.0, Mask Weight: 0.940
Epoch 693/20000, Train Loss: 0.5420, Validation Set Manhattan Distance: 300.0, Mask Weight: 0.940
Epoch 694/20000, Train Loss: 0.5378, Validation Set Manhattan Distance: 300.0, Mask Weight: 0.940
Epoch 695/20000, Train Loss: 0.5314, Validation Set Manhattan Distance: 300.0, Mask Weight: 0.940
Epoch 696/20000, Train Loss: 0.5225, Validation Set Manhattan Distance: 300.0, Mask Weight: 0.940
Epoch 697/20000, Train Loss: 0.5067, Validation Set Manhattan Distance: 300.0, Mask Weight: 0.940
Epoch 698/20000, Train Loss: 0.4797, Validation Set Manhattan Distance: 300.0, Mask Weight: 0.940
Epoch 699/20000, Train Loss: 0.4337, Validation Set Manhattan Distance: 300.0, Mask Weight: 0.940
Epoch 700/20000, Train Loss: 0.3782, Validation Set Manhattan Distance: 300.0, Mask Weight: 0.940
Epoch 701/20000, Train Loss: 0.3417, Validation Set Manhattan Distance: 300.0, Mask Weight: 0.940
Epoch 702/20000, Train Loss: 0.3148, Validation Set Manhattan Distance: 300.0, Mask Weight: 0.940
Epoch 703/20000, Train Loss: 0.2930, Validation Set Manhattan Distance: 300.0, Mask Weight: 0.940
Epoch 704/20000, Train Loss: 0.2842, Validation Set Manhattan Distance: 300.0, Mask Weight: 0.940
Epoch 705/20000, Train Loss: 0.2866, Validation Set Manhattan Distance: 300.0, Mask Weight: 0.940
Epoch 706/20000, Train Loss: 0.2806, Validation Set Manhattan Distance: 300.0, Mask Weight: 0.940
Epoch 707/20000, Train Loss: 0.2729, Validation Set Manhattan Distance: 300.0, Mask Weight: 0.940
Epoch 708/20000, Train Loss: 0.2682, Validation Set Manhattan Distance: 300.0, Mask Weight: 0.940
Epoch 709/20000, Train Loss: 0.2624, Validation Set Manhattan Distance: 300.0, Mask Weight: 0.940
Epoch 710/20000, Train Loss: 0.2630, Validation Set Manhattan Distance: 300.0, Mask Weight: 0.940
Epoch 711/20000, Train Loss: 0.2640, Validation Set Manhattan Distance: 300.0, Mask Weight: 0.940
Epoch 712/20000, Train Loss: 0.2607, Validation Set Manhattan Distance: 300.0, Mask Weight: 0.940
Epoch 713/20000, Train Loss: 0.2598, Validation Set Manhattan Distance: 300.0, Mask Weight: 0.940
Epoch 714/20000, Train Loss: 0.2560, Validation Set Manhattan Distance: 300.0, Mask Weight: 0.940
Epoch 715/20000, Train Loss: 0.2618, Validation Set Manhattan Distance: 300.0, Mask Weight: 0.940
Epoch 716/20000, Train Loss: 0.2591, Validation Set Manhattan Distance: 300.0, Mask Weight: 0.940
Epoch 717/20000, Train Loss: 0.2744, Validation Set Manhattan Distance: 300.0, Mask Weight: 0.940
Epoch 718/20000, Train Loss: 0.3198, Validation Set Manhattan Distance: 300.0, Mask Weight: 0.940
Epoch 719/20000, Train Loss: 0.2578, Validation Set Manhattan Distance: 300.0, Mask Weight: 0.940
Epoch 720/20000, Train Loss: 0.2572, Validation Set Manhattan Distance: 300.0, Mask Weight: 0.940
Epoch 721/20000, Train Loss: 0.2573, Validation Set Manhattan Distance: 300.0, Mask Weight: 0.940
Epoch 722/20000, Train Loss: 0.2572, Validation Set Manhattan Distance: 300.0, Mask Weight: 0.940
Epoch 723/20000, Train Loss: 0.2588, Validation Set Manhattan Distance: 300.0, Mask Weight: 0.940
Epoch 724/20000, Train Loss: 0.2558, Validation Set Manhattan Distance: 300.0, Mask Weight: 0.940
Epoch 725/20000, Train Loss: 0.2644, Validation Set Manhattan Distance: 300.0, Mask Weight: 0.940
Epoch 726/20000, Train Loss: 0.2816, Validation Set Manhattan Distance: 300.0, Mask Weight: 0.940
Epoch 727/20000, Train Loss: 0.4505, Validation Set Manhattan Distance: 300.0, Mask Weight: 0.940
Epoch 728/20000, Train Loss: 0.5467, Validation Set Manhattan Distance: 300.0, Mask Weight: 0.940
Epoch 729/20000, Train Loss: 0.4175, Validation Set Manhattan Distance: 300.0, Mask Weight: 0.940
Epoch 730/20000, Train Loss: 0.3238, Validation Set Manhattan Distance: 300.0, Mask Weight: 0.940
Epoch 731/20000, Train Loss: 0.2899, Validation Set Manhattan Distance: 300.0, Mask Weight: 0.940
Epoch 732/20000, Train Loss: 0.2955, Validation Set Manhattan Distance: 300.0, Mask Weight: 0.940
Epoch 733/20000, Train Loss: 0.2757, Validation Set Manhattan Distance: 300.0, Mask Weight: 0.940
Epoch 734/20000, Train Loss: 0.2831, Validation Set Manhattan Distance: 300.0, Mask Weight: 0.940
Epoch 735/20000, Train Loss: 0.2771, Validation Set Manhattan Distance: 300.0, Mask Weight: 0.940
Epoch 736/20000, Train Loss: 0.2630, Validation Set Manhattan Distance: 300.0, Mask Weight: 0.940
Epoch 737/20000, Train Loss: 0.2615, Validation Set Manhattan Distance: 300.0, Mask Weight: 0.940
Epoch 738/20000, Train Loss: 0.2588, Validation Set Manhattan Distance: 300.0, Mask Weight: 0.940
Epoch 739/20000, Train Loss: 0.2587, Validation Set Manhattan Distance: 300.0, Mask Weight: 0.940
Epoch 740/20000, Train Loss: 0.2573, Validation Set Manhattan Distance: 300.0, Mask Weight: 0.940
Epoch 741/20000, Train Loss: 0.2562, Validation Set Manhattan Distance: 300.0, Mask Weight: 0.940
Epoch 742/20000, Train Loss: 0.2563, Validation Set Manhattan Distance: 300.0, Mask Weight: 0.940
Epoch 743/20000, Train Loss: 0.2555, Validation Set Manhattan Distance: 300.0, Mask Weight: 0.940
Epoch 744/20000, Train Loss: 0.2564, Validation Set Manhattan Distance: 300.0, Mask Weight: 0.940
Epoch 745/20000, Train Loss: 0.2559, Validation Set Manhattan Distance: 300.0, Mask Weight: 0.940
Epoch 746/20000, Train Loss: 0.2550, Validation Set Manhattan Distance: 300.0, Mask Weight: 0.940
Epoch 747/20000, Train Loss: 0.2548, Validation Set Manhattan Distance: 300.0, Mask Weight: 0.940
Epoch 748/20000, Train Loss: 0.2532, Validation Set Manhattan Distance: 300.0, Mask Weight: 0.940
Epoch 749/20000, Train Loss: 0.2541, Validation Set Manhattan Distance: 300.0, Mask Weight: 0.940
Epoch 750/20000, Train Loss: 0.2546, Validation Set Manhattan Distance: 300.0, Mask Weight: 0.940
Epoch 751/20000, Train Loss: 0.2536, Validation Set Manhattan Distance: 300.0, Mask Weight: 0.940
Epoch 752/20000, Train Loss: 0.2543, Validation Set Manhattan Distance: 300.0, Mask Weight: 0.940
Epoch 753/20000, Train Loss: 0.2524, Validation Set Manhattan Distance: 300.0, Mask Weight: 0.940
Epoch 754/20000, Train Loss: 0.2531, Validation Set Manhattan Distance: 300.0, Mask Weight: 0.940
Epoch 755/20000, Train Loss: 0.2538, Validation Set Manhattan Distance: 300.0, Mask Weight: 0.940
Epoch 756/20000, Train Loss: 0.2525, Validation Set Manhattan Distance: 300.0, Mask Weight: 0.940
Epoch 757/20000, Train Loss: 0.2531, Validation Set Manhattan Distance: 300.0, Mask Weight: 0.940
Epoch 758/20000, Train Loss: 0.2532, Validation Set Manhattan Distance: 300.0, Mask Weight: 0.940
Epoch 759/20000, Train Loss: 0.2534, Validation Set Manhattan Distance: 300.0, Mask Weight: 0.940
Epoch 760/20000, Train Loss: 0.2542, Validation Set Manhattan Distance: 300.0, Mask Weight: 0.940
Epoch 761/20000, Train Loss: 0.2549, Validation Set Manhattan Distance: 300.0, Mask Weight: 0.940
Epoch 762/20000, Train Loss: 0.2533, Validation Set Manhattan Distance: 300.0, Mask Weight: 0.940
Epoch 763/20000, Train Loss: 0.2533, Validation Set Manhattan Distance: 300.0, Mask Weight: 0.940
Epoch 764/20000, Train Loss: 0.2544, Validation Set Manhattan Distance: 300.0, Mask Weight: 0.940
Epoch 765/20000, Train Loss: 0.2548, Validation Set Manhattan Distance: 300.0, Mask Weight: 0.940
Epoch 766/20000, Train Loss: 0.2529, Validation Set Manhattan Distance: 300.0, Mask Weight: 0.940
Epoch 767/20000, Train Loss: 0.2543, Validation Set Manhattan Distance: 300.0, Mask Weight: 0.940
Epoch 768/20000, Train Loss: 0.2548, Validation Set Manhattan Distance: 300.0, Mask Weight: 0.940
Epoch 769/20000, Train Loss: 0.2555, Validation Set Manhattan Distance: 300.0, Mask Weight: 0.940
Epoch 770/20000, Train Loss: 0.2550, Validation Set Manhattan Distance: 300.0, Mask Weight: 0.940
Epoch 771/20000, Train Loss: 0.2536, Validation Set Manhattan Distance: 300.0, Mask Weight: 0.940
Epoch 772/20000, Train Loss: 0.2540, Validation Set Manhattan Distance: 300.0, Mask Weight: 0.940
Epoch 773/20000, Train Loss: 0.2529, Validation Set Manhattan Distance: 300.0, Mask Weight: 0.940
Epoch 774/20000, Train Loss: 0.2547, Validation Set Manhattan Distance: 300.0, Mask Weight: 0.940
Epoch 775/20000, Train Loss: 0.2514, Validation Set Manhattan Distance: 300.0, Mask Weight: 0.940
Epoch 776/20000, Train Loss: 0.2517, Validation Set Manhattan Distance: 300.0, Mask Weight: 0.940
Epoch 777/20000, Train Loss: 0.2523, Validation Set Manhattan Distance: 300.0, Mask Weight: 0.940
Epoch 778/20000, Train Loss: 0.2525, Validation Set Manhattan Distance: 300.0, Mask Weight: 0.940
Epoch 779/20000, Train Loss: 0.2519, Validation Set Manhattan Distance: 300.0, Mask Weight: 0.940
Epoch 780/20000, Train Loss: 0.2516, Validation Set Manhattan Distance: 300.0, Mask Weight: 0.940
Epoch 781/20000, Train Loss: 0.2528, Validation Set Manhattan Distance: 300.0, Mask Weight: 0.940
Epoch 782/20000, Train Loss: 0.2520, Validation Set Manhattan Distance: 300.0, Mask Weight: 0.940
Epoch 783/20000, Train Loss: 0.2514, Validation Set Manhattan Distance: 300.0, Mask Weight: 0.940
Epoch 784/20000, Train Loss: 0.2550, Validation Set Manhattan Distance: 300.0, Mask Weight: 0.940
Epoch 785/20000, Train Loss: 0.2521, Validation Set Manhattan Distance: 300.0, Mask Weight: 0.940
Epoch 786/20000, Train Loss: 0.2520, Validation Set Manhattan Distance: 300.0, Mask Weight: 0.940
Epoch 787/20000, Train Loss: 0.2525, Validation Set Manhattan Distance: 300.0, Mask Weight: 0.940
Epoch 788/20000, Train Loss: 0.2507, Validation Set Manhattan Distance: 300.0, Mask Weight: 0.940
Epoch 789/20000, Train Loss: 0.2526, Validation Set Manhattan Distance: 300.0, Mask Weight: 0.940
Epoch 790/20000, Train Loss: 0.2520, Validation Set Manhattan Distance: 300.0, Mask Weight: 0.940
Epoch 791/20000, Train Loss: 0.2522, Validation Set Manhattan Distance: 300.0, Mask Weight: 0.940
Epoch 792/20000, Train Loss: 0.2523, Validation Set Manhattan Distance: 300.0, Mask Weight: 0.940
Epoch 793/20000, Train Loss: 0.2527, Validation Set Manhattan Distance: 300.0, Mask Weight: 0.940
Epoch 794/20000, Train Loss: 0.2515, Validation Set Manhattan Distance: 300.0, Mask Weight: 0.940
Epoch 795/20000, Train Loss: 0.2525, Validation Set Manhattan Distance: 300.0, Mask Weight: 0.940
Epoch 796/20000, Train Loss: 0.2523, Validation Set Manhattan Distance: 300.0, Mask Weight: 0.940
Epoch 797/20000, Train Loss: 0.2516, Validation Set Manhattan Distance: 300.0, Mask Weight: 0.940
Epoch 798/20000, Train Loss: 0.2514, Validation Set Manhattan Distance: 300.0, Mask Weight: 0.940
Epoch 799/20000, Train Loss: 0.2526, Validation Set Manhattan Distance: 300.0, Mask Weight: 0.940
Epoch 800/20000, Train Loss: 0.2518, Validation Set Manhattan Distance: 300.0, Mask Weight: 0.940
Epoch 801/20000, Train Loss: 0.2519, Validation Set Manhattan Distance: 300.0, Mask Weight: 0.940
Epoch 802/20000, Train Loss: 0.2516, Validation Set Manhattan Distance: 300.0, Mask Weight: 0.940
Epoch 803/20000, Train Loss: 0.2519, Validation Set Manhattan Distance: 300.0, Mask Weight: 0.940
Epoch 804/20000, Train Loss: 0.2517, Validation Set Manhattan Distance: 300.0, Mask Weight: 0.940
Epoch 805/20000, Train Loss: 0.2514, Validation Set Manhattan Distance: 300.0, Mask Weight: 0.940
Epoch 806/20000, Train Loss: 0.2514, Validation Set Manhattan Distance: 300.0, Mask Weight: 0.940
Epoch 807/20000, Train Loss: 0.2505, Validation Set Manhattan Distance: 300.0, Mask Weight: 0.940
Epoch 808/20000, Train Loss: 0.2518, Validation Set Manhattan Distance: 300.0, Mask Weight: 0.940
Epoch 809/20000, Train Loss: 0.2521, Validation Set Manhattan Distance: 300.0, Mask Weight: 0.940
Epoch 810/20000, Train Loss: 0.2505, Validation Set Manhattan Distance: 300.0, Mask Weight: 0.940
Epoch 811/20000, Train Loss: 0.2508, Validation Set Manhattan Distance: 300.0, Mask Weight: 0.940
Epoch 812/20000, Train Loss: 0.2511, Validation Set Manhattan Distance: 300.0, Mask Weight: 0.940
Epoch 813/20000, Train Loss: 0.2510, Validation Set Manhattan Distance: 300.0, Mask Weight: 0.940
Epoch 814/20000, Train Loss: 0.2505, Validation Set Manhattan Distance: 300.0, Mask Weight: 0.940
Epoch 815/20000, Train Loss: 0.2519, Validation Set Manhattan Distance: 300.0, Mask Weight: 0.940
Epoch 816/20000, Train Loss: 0.2550, Validation Set Manhattan Distance: 300.0, Mask Weight: 0.940
Epoch 817/20000, Train Loss: 0.2515, Validation Set Manhattan Distance: 300.0, Mask Weight: 0.940
Epoch 818/20000, Train Loss: 0.2527, Validation Set Manhattan Distance: 300.0, Mask Weight: 0.940
Epoch 819/20000, Train Loss: 0.2515, Validation Set Manhattan Distance: 300.0, Mask Weight: 0.940
Epoch 820/20000, Train Loss: 0.2512, Validation Set Manhattan Distance: 300.0, Mask Weight: 0.940
Epoch 821/20000, Train Loss: 0.2516, Validation Set Manhattan Distance: 300.0, Mask Weight: 0.940
Epoch 822/20000, Train Loss: 0.2514, Validation Set Manhattan Distance: 300.0, Mask Weight: 0.940
Epoch 823/20000, Train Loss: 0.2530, Validation Set Manhattan Distance: 300.0, Mask Weight: 0.940
Epoch 824/20000, Train Loss: 0.2514, Validation Set Manhattan Distance: 300.0, Mask Weight: 0.940
Epoch 825/20000, Train Loss: 0.2517, Validation Set Manhattan Distance: 300.0, Mask Weight: 0.940
Epoch 826/20000, Train Loss: 0.2513, Validation Set Manhattan Distance: 300.0, Mask Weight: 0.940
Epoch 827/20000, Train Loss: 0.2526, Validation Set Manhattan Distance: 300.0, Mask Weight: 0.940
Epoch 828/20000, Train Loss: 0.2524, Validation Set Manhattan Distance: 300.0, Mask Weight: 0.940
Epoch 829/20000, Train Loss: 0.2528, Validation Set Manhattan Distance: 300.0, Mask Weight: 0.940
Epoch 830/20000, Train Loss: 0.2524, Validation Set Manhattan Distance: 300.0, Mask Weight: 0.940
Epoch 831/20000, Train Loss: 0.2536, Validation Set Manhattan Distance: 300.0, Mask Weight: 0.940
Epoch 832/20000, Train Loss: 0.2522, Validation Set Manhattan Distance: 300.0, Mask Weight: 0.940
Epoch 833/20000, Train Loss: 0.2532, Validation Set Manhattan Distance: 300.0, Mask Weight: 0.940
Epoch 834/20000, Train Loss: 0.2514, Validation Set Manhattan Distance: 300.0, Mask Weight: 0.940
Epoch 835/20000, Train Loss: 0.2520, Validation Set Manhattan Distance: 300.0, Mask Weight: 0.940
Epoch 836/20000, Train Loss: 0.2514, Validation Set Manhattan Distance: 300.0, Mask Weight: 0.940
Epoch 837/20000, Train Loss: 0.2517, Validation Set Manhattan Distance: 300.0, Mask Weight: 0.940
Epoch 838/20000, Train Loss: 0.2515, Validation Set Manhattan Distance: 300.0, Mask Weight: 0.940
Epoch 839/20000, Train Loss: 0.2507, Validation Set Manhattan Distance: 300.0, Mask Weight: 0.940
Epoch 840/20000, Train Loss: 0.2508, Validation Set Manhattan Distance: 300.0, Mask Weight: 0.940
Epoch 841/20000, Train Loss: 0.2521, Validation Set Manhattan Distance: 300.0, Mask Weight: 0.940
Epoch 842/20000, Train Loss: 0.2504, Validation Set Manhattan Distance: 300.0, Mask Weight: 0.940
Epoch 843/20000, Train Loss: 0.2511, Validation Set Manhattan Distance: 300.0, Mask Weight: 0.940
Epoch 844/20000, Train Loss: 0.2517, Validation Set Manhattan Distance: 300.0, Mask Weight: 0.940
Epoch 845/20000, Train Loss: 0.2517, Validation Set Manhattan Distance: 300.0, Mask Weight: 0.940
Epoch 846/20000, Train Loss: 0.2527, Validation Set Manhattan Distance: 300.0, Mask Weight: 0.940
Epoch 847/20000, Train Loss: 0.2507, Validation Set Manhattan Distance: 300.0, Mask Weight: 0.940
Epoch 848/20000, Train Loss: 0.2513, Validation Set Manhattan Distance: 300.0, Mask Weight: 0.940
Epoch 849/20000, Train Loss: 0.2508, Validation Set Manhattan Distance: 300.0, Mask Weight: 0.940
Epoch 850/20000, Train Loss: 0.2507, Validation Set Manhattan Distance: 300.0, Mask Weight: 0.940
Epoch 851/20000, Train Loss: 0.2502, Validation Set Manhattan Distance: 300.0, Mask Weight: 0.940
Epoch 852/20000, Train Loss: 0.2503, Validation Set Manhattan Distance: 300.0, Mask Weight: 0.940
Epoch 853/20000, Train Loss: 0.2531, Validation Set Manhattan Distance: 300.0, Mask Weight: 0.940
Epoch 854/20000, Train Loss: 0.2521, Validation Set Manhattan Distance: 300.0, Mask Weight: 0.940
Epoch 855/20000, Train Loss: 0.2494, Validation Set Manhattan Distance: 300.0, Mask Weight: 0.940
Epoch 856/20000, Train Loss: 0.2504, Validation Set Manhattan Distance: 300.0, Mask Weight: 0.940
Epoch 857/20000, Train Loss: 0.2497, Validation Set Manhattan Distance: 300.0, Mask Weight: 0.940
Epoch 858/20000, Train Loss: 0.2503, Validation Set Manhattan Distance: 300.0, Mask Weight: 0.940
Epoch 859/20000, Train Loss: 0.2504, Validation Set Manhattan Distance: 300.0, Mask Weight: 0.940
Epoch 860/20000, Train Loss: 0.2505, Validation Set Manhattan Distance: 300.0, Mask Weight: 0.940
Epoch 861/20000, Train Loss: 0.2496, Validation Set Manhattan Distance: 300.0, Mask Weight: 0.940
Epoch 862/20000, Train Loss: 0.2509, Validation Set Manhattan Distance: 300.0, Mask Weight: 0.940
Epoch 863/20000, Train Loss: 0.2501, Validation Set Manhattan Distance: 300.0, Mask Weight: 0.940
Epoch 864/20000, Train Loss: 0.2502, Validation Set Manhattan Distance: 300.0, Mask Weight: 0.940
Epoch 865/20000, Train Loss: 0.2512, Validation Set Manhattan Distance: 300.0, Mask Weight: 0.940
Epoch 866/20000, Train Loss: 0.2508, Validation Set Manhattan Distance: 300.0, Mask Weight: 0.940
Epoch 867/20000, Train Loss: 0.2511, Validation Set Manhattan Distance: 300.0, Mask Weight: 0.940
Epoch 868/20000, Train Loss: 0.2517, Validation Set Manhattan Distance: 300.0, Mask Weight: 0.940
Epoch 869/20000, Train Loss: 0.2500, Validation Set Manhattan Distance: 300.0, Mask Weight: 0.940
Epoch 870/20000, Train Loss: 0.2516, Validation Set Manhattan Distance: 300.0, Mask Weight: 0.940
Epoch 871/20000, Train Loss: 0.2493, Validation Set Manhattan Distance: 300.0, Mask Weight: 0.940
Epoch 872/20000, Train Loss: 0.2495, Validation Set Manhattan Distance: 300.0, Mask Weight: 0.940
Epoch 873/20000, Train Loss: 0.2514, Validation Set Manhattan Distance: 300.0, Mask Weight: 0.940
Epoch 874/20000, Train Loss: 0.2516, Validation Set Manhattan Distance: 300.0, Mask Weight: 0.940
Epoch 875/20000, Train Loss: 0.2513, Validation Set Manhattan Distance: 300.0, Mask Weight: 0.940
Epoch 876/20000, Train Loss: 0.2520, Validation Set Manhattan Distance: 300.0, Mask Weight: 0.940
Epoch 877/20000, Train Loss: 0.2501, Validation Set Manhattan Distance: 300.0, Mask Weight: 0.940
Epoch 878/20000, Train Loss: 0.2520, Validation Set Manhattan Distance: 300.0, Mask Weight: 0.940
Epoch 879/20000, Train Loss: 0.2509, Validation Set Manhattan Distance: 300.0, Mask Weight: 0.940
Epoch 880/20000, Train Loss: 0.2502, Validation Set Manhattan Distance: 300.0, Mask Weight: 0.940
Epoch 881/20000, Train Loss: 0.2501, Validation Set Manhattan Distance: 300.0, Mask Weight: 0.940
Epoch 882/20000, Train Loss: 0.2494, Validation Set Manhattan Distance: 300.0, Mask Weight: 0.940
Epoch 883/20000, Train Loss: 0.2522, Validation Set Manhattan Distance: 300.0, Mask Weight: 0.940
Epoch 884/20000, Train Loss: 0.2500, Validation Set Manhattan Distance: 300.0, Mask Weight: 0.940
Epoch 885/20000, Train Loss: 0.2516, Validation Set Manhattan Distance: 300.0, Mask Weight: 0.940
Epoch 886/20000, Train Loss: 0.2509, Validation Set Manhattan Distance: 300.0, Mask Weight: 0.940
Epoch 887/20000, Train Loss: 0.2500, Validation Set Manhattan Distance: 300.0, Mask Weight: 0.940
Epoch 888/20000, Train Loss: 0.2499, Validation Set Manhattan Distance: 300.0, Mask Weight: 0.940
Epoch 889/20000, Train Loss: 0.2498, Validation Set Manhattan Distance: 300.0, Mask Weight: 0.940
Epoch 890/20000, Train Loss: 0.2491, Validation Set Manhattan Distance: 300.0, Mask Weight: 0.940
Epoch 891/20000, Train Loss: 0.2496, Validation Set Manhattan Distance: 300.0, Mask Weight: 0.940
Epoch 892/20000, Train Loss: 0.2510, Validation Set Manhattan Distance: 300.0, Mask Weight: 0.940
Epoch 893/20000, Train Loss: 0.2524, Validation Set Manhattan Distance: 300.0, Mask Weight: 0.940
Epoch 894/20000, Train Loss: 0.2510, Validation Set Manhattan Distance: 300.0, Mask Weight: 0.940
Epoch 895/20000, Train Loss: 0.2510, Validation Set Manhattan Distance: 300.0, Mask Weight: 0.940
Epoch 896/20000, Train Loss: 0.2494, Validation Set Manhattan Distance: 300.0, Mask Weight: 0.940
Epoch 897/20000, Train Loss: 0.2497, Validation Set Manhattan Distance: 300.0, Mask Weight: 0.940
Epoch 898/20000, Train Loss: 0.2503, Validation Set Manhattan Distance: 300.0, Mask Weight: 0.940
Epoch 899/20000, Train Loss: 0.2509, Validation Set Manhattan Distance: 300.0, Mask Weight: 0.940
Epoch 900/20000, Train Loss: 0.2520, Validation Set Manhattan Distance: 300.0, Mask Weight: 0.940
Epoch 901/20000, Train Loss: 0.2496, Validation Set Manhattan Distance: 300.0, Mask Weight: 0.940
Epoch 902/20000, Train Loss: 0.2505, Validation Set Manhattan Distance: 300.0, Mask Weight: 0.940
Epoch 903/20000, Train Loss: 0.2506, Validation Set Manhattan Distance: 300.0, Mask Weight: 0.940
Epoch 904/20000, Train Loss: 0.2507, Validation Set Manhattan Distance: 300.0, Mask Weight: 0.940
Epoch 905/20000, Train Loss: 0.2517, Validation Set Manhattan Distance: 300.0, Mask Weight: 0.940
Epoch 906/20000, Train Loss: 0.2504, Validation Set Manhattan Distance: 300.0, Mask Weight: 0.940
Epoch 907/20000, Train Loss: 0.2509, Validation Set Manhattan Distance: 300.0, Mask Weight: 0.940
Epoch 908/20000, Train Loss: 0.2519, Validation Set Manhattan Distance: 300.0, Mask Weight: 0.940
Epoch 909/20000, Train Loss: 0.2530, Validation Set Manhattan Distance: 300.0, Mask Weight: 0.940
Epoch 910/20000, Train Loss: 0.2511, Validation Set Manhattan Distance: 300.0, Mask Weight: 0.940
Epoch 911/20000, Train Loss: 0.2488, Validation Set Manhattan Distance: 300.0, Mask Weight: 0.940
Epoch 912/20000, Train Loss: 0.2523, Validation Set Manhattan Distance: 300.0, Mask Weight: 0.940
Epoch 913/20000, Train Loss: 0.2521, Validation Set Manhattan Distance: 300.0, Mask Weight: 0.940
Epoch 914/20000, Train Loss: 0.2512, Validation Set Manhattan Distance: 300.0, Mask Weight: 0.940
Epoch 915/20000, Train Loss: 0.2512, Validation Set Manhattan Distance: 300.0, Mask Weight: 0.940
Epoch 916/20000, Train Loss: 0.2521, Validation Set Manhattan Distance: 300.0, Mask Weight: 0.940