Using device: cuda
Starting training with gradient-based adaptive weighted mask...
Epoch 1/20000, Train Loss: 56.0907, Validation Set Manhattan Distance: 12.0, Mask Weight: 1.000
  -> New best Validation Set Manhattan Distance: 12.0. Model saved.
Epoch 2/20000, Train Loss: 43.8580, Validation Set Manhattan Distance: 12.0, Mask Weight: 1.000
Epoch 3/20000, Train Loss: 36.8471, Validation Set Manhattan Distance: 12.0, Mask Weight: 1.000
Epoch 4/20000, Train Loss: 31.5189, Validation Set Manhattan Distance: 12.0, Mask Weight: 1.000
Epoch 5/20000, Train Loss: 27.0547, Validation Set Manhattan Distance: 12.0, Mask Weight: 1.000
Epoch 6/20000, Train Loss: 23.1842, Validation Set Manhattan Distance: 12.0, Mask Weight: 1.000
Epoch 7/20000, Train Loss: 19.8309, Validation Set Manhattan Distance: 12.0, Mask Weight: 1.000
Epoch 8/20000, Train Loss: 16.9074, Validation Set Manhattan Distance: 12.0, Mask Weight: 1.000
Epoch 9/20000, Train Loss: 14.3349, Validation Set Manhattan Distance: 12.0, Mask Weight: 1.000
Epoch 10/20000, Train Loss: 12.0862, Validation Set Manhattan Distance: 12.0, Mask Weight: 1.000
Epoch 11/20000, Train Loss: 10.1372, Validation Set Manhattan Distance: 12.0, Mask Weight: 1.000
Epoch 12/20000, Train Loss: 8.4606, Validation Set Manhattan Distance: 12.0, Mask Weight: 1.000
Epoch 13/20000, Train Loss: 7.0299, Validation Set Manhattan Distance: 12.0, Mask Weight: 1.000
Epoch 14/20000, Train Loss: 5.8174, Validation Set Manhattan Distance: 12.0, Mask Weight: 1.000
Epoch 15/20000, Train Loss: 4.7966, Validation Set Manhattan Distance: 12.0, Mask Weight: 1.000
Epoch 16/20000, Train Loss: 3.9420, Validation Set Manhattan Distance: 12.0, Mask Weight: 1.000
Epoch 17/20000, Train Loss: 3.2298, Validation Set Manhattan Distance: 12.0, Mask Weight: 1.000
Epoch 18/20000, Train Loss: 2.6391, Validation Set Manhattan Distance: 12.0, Mask Weight: 1.000
Epoch 19/20000, Train Loss: 2.1511, Validation Set Manhattan Distance: 12.0, Mask Weight: 1.000
Epoch 20/20000, Train Loss: 1.7493, Validation Set Manhattan Distance: 12.0, Mask Weight: 1.000
Epoch 21/20000, Train Loss: 1.4196, Validation Set Manhattan Distance: 12.0, Mask Weight: 1.000
Epoch 22/20000, Train Loss: 1.1500, Validation Set Manhattan Distance: 12.0, Mask Weight: 1.000
Epoch 23/20000, Train Loss: 0.9302, Validation Set Manhattan Distance: 12.0, Mask Weight: 1.000
Epoch 24/20000, Train Loss: 0.7515, Validation Set Manhattan Distance: 12.0, Mask Weight: 1.000
Epoch 25/20000, Train Loss: 0.6064, Validation Set Manhattan Distance: 12.0, Mask Weight: 1.000
Epoch 26/20000, Train Loss: 0.4889, Validation Set Manhattan Distance: 12.0, Mask Weight: 1.000
Epoch 27/20000, Train Loss: 0.3940, Validation Set Manhattan Distance: 12.0, Mask Weight: 1.000
Epoch 28/20000, Train Loss: 0.3173, Validation Set Manhattan Distance: 12.0, Mask Weight: 1.000
Epoch 29/20000, Train Loss: 0.2555, Validation Set Manhattan Distance: 12.0, Mask Weight: 1.000
Epoch 30/20000, Train Loss: 0.2058, Validation Set Manhattan Distance: 12.0, Mask Weight: 1.000
Epoch 31/20000, Train Loss: 0.1657, Validation Set Manhattan Distance: 12.0, Mask Weight: 1.000
Epoch 32/20000, Train Loss: 0.1336, Validation Set Manhattan Distance: 12.0, Mask Weight: 1.000
Epoch 33/20000, Train Loss: 0.1077, Validation Set Manhattan Distance: 12.0, Mask Weight: 1.000
  -> Train loss below 0.1. Mask weight reduction is now enabled.
Epoch 34/20000, Train Loss: 0.0869, Validation Set Manhattan Distance: 12.0, Mask Weight: 1.000
  -> Validation Set Manhattan Distance did not improve for 10 epochs.
  -> Unmasked Loss (Gradient Magnitude): 0.3259, Calculated Decrement: 0.0153
  -> Reducing mask weight to 0.985.
  -> Mask weight reduction is now disabled until train loss is below 0.001 again.
Epoch 35/20000, Train Loss: 0.3209, Validation Set Manhattan Distance: 12.0, Mask Weight: 0.985
Epoch 36/20000, Train Loss: 0.2079, Validation Set Manhattan Distance: 12.0, Mask Weight: 0.985
Epoch 37/20000, Train Loss: 0.1959, Validation Set Manhattan Distance: 12.0, Mask Weight: 0.985
Epoch 38/20000, Train Loss: 0.1868, Validation Set Manhattan Distance: 12.0, Mask Weight: 0.985
Epoch 39/20000, Train Loss: 0.1790, Validation Set Manhattan Distance: 12.0, Mask Weight: 0.985
Epoch 40/20000, Train Loss: 0.1727, Validation Set Manhattan Distance: 12.0, Mask Weight: 0.985
Epoch 41/20000, Train Loss: 0.1673, Validation Set Manhattan Distance: 12.0, Mask Weight: 0.985
Epoch 42/20000, Train Loss: 0.1627, Validation Set Manhattan Distance: 12.0, Mask Weight: 0.985
Epoch 43/20000, Train Loss: 0.1584, Validation Set Manhattan Distance: 12.0, Mask Weight: 0.985
Epoch 44/20000, Train Loss: 0.1551, Validation Set Manhattan Distance: 12.0, Mask Weight: 0.985
Epoch 45/20000, Train Loss: 0.1526, Validation Set Manhattan Distance: 12.0, Mask Weight: 0.985
Epoch 46/20000, Train Loss: 0.1507, Validation Set Manhattan Distance: 12.0, Mask Weight: 0.985
Epoch 47/20000, Train Loss: 0.1487, Validation Set Manhattan Distance: 12.0, Mask Weight: 0.985
Epoch 48/20000, Train Loss: 0.1470, Validation Set Manhattan Distance: 12.0, Mask Weight: 0.985
Epoch 49/20000, Train Loss: 0.1460, Validation Set Manhattan Distance: 12.0, Mask Weight: 0.985
Epoch 50/20000, Train Loss: 0.1444, Validation Set Manhattan Distance: 12.0, Mask Weight: 0.985
Epoch 51/20000, Train Loss: 0.1438, Validation Set Manhattan Distance: 12.0, Mask Weight: 0.985
Epoch 52/20000, Train Loss: 0.1430, Validation Set Manhattan Distance: 12.0, Mask Weight: 0.985
Epoch 53/20000, Train Loss: 0.1426, Validation Set Manhattan Distance: 12.0, Mask Weight: 0.985
Epoch 54/20000, Train Loss: 0.1429, Validation Set Manhattan Distance: 12.0, Mask Weight: 0.985
Epoch 55/20000, Train Loss: 0.1418, Validation Set Manhattan Distance: 12.0, Mask Weight: 0.985
Epoch 56/20000, Train Loss: 0.1407, Validation Set Manhattan Distance: 12.0, Mask Weight: 0.985
Epoch 57/20000, Train Loss: 0.1404, Validation Set Manhattan Distance: 12.0, Mask Weight: 0.985
Epoch 58/20000, Train Loss: 0.1410, Validation Set Manhattan Distance: 12.0, Mask Weight: 0.985
Epoch 59/20000, Train Loss: 0.1408, Validation Set Manhattan Distance: 12.0, Mask Weight: 0.985
Epoch 60/20000, Train Loss: 0.1391, Validation Set Manhattan Distance: 12.0, Mask Weight: 0.985
Epoch 61/20000, Train Loss: 0.1388, Validation Set Manhattan Distance: 12.0, Mask Weight: 0.985
Epoch 62/20000, Train Loss: 0.1386, Validation Set Manhattan Distance: 12.0, Mask Weight: 0.985
Epoch 63/20000, Train Loss: 0.1367, Validation Set Manhattan Distance: 12.0, Mask Weight: 0.985
Epoch 64/20000, Train Loss: 0.1360, Validation Set Manhattan Distance: 12.0, Mask Weight: 0.985
Epoch 65/20000, Train Loss: 0.1335, Validation Set Manhattan Distance: 12.0, Mask Weight: 0.985
Epoch 66/20000, Train Loss: 0.1283, Validation Set Manhattan Distance: 12.0, Mask Weight: 0.985
Epoch 67/20000, Train Loss: 0.1235, Validation Set Manhattan Distance: 12.0, Mask Weight: 0.985
Epoch 68/20000, Train Loss: 0.1192, Validation Set Manhattan Distance: 12.0, Mask Weight: 0.985
Epoch 69/20000, Train Loss: 0.1153, Validation Set Manhattan Distance: 12.0, Mask Weight: 0.985
Epoch 70/20000, Train Loss: 0.1111, Validation Set Manhattan Distance: 12.0, Mask Weight: 0.985
Epoch 71/20000, Train Loss: 0.1059, Validation Set Manhattan Distance: 12.0, Mask Weight: 0.985
Epoch 72/20000, Train Loss: 0.1020, Validation Set Manhattan Distance: 12.0, Mask Weight: 0.985
  -> Train loss below 0.1. Mask weight reduction is now enabled.
Epoch 73/20000, Train Loss: 0.0994, Validation Set Manhattan Distance: 12.0, Mask Weight: 0.985
  -> Validation Set Manhattan Distance did not improve for 10 epochs.
  -> Unmasked Loss (Gradient Magnitude): 0.0616, Calculated Decrement: 0.0812
  -> Reducing mask weight to 0.903.
  -> Mask weight reduction is now disabled until train loss is below 0.001 again.
Epoch 74/20000, Train Loss: 0.7032, Validation Set Manhattan Distance: 12.0, Mask Weight: 0.903
Epoch 75/20000, Train Loss: 0.7364, Validation Set Manhattan Distance: 12.0, Mask Weight: 0.903
Epoch 76/20000, Train Loss: 0.6804, Validation Set Manhattan Distance: 12.0, Mask Weight: 0.903
Epoch 77/20000, Train Loss: 0.6537, Validation Set Manhattan Distance: 12.0, Mask Weight: 0.903
Epoch 78/20000, Train Loss: 0.6132, Validation Set Manhattan Distance: 12.0, Mask Weight: 0.903
Epoch 79/20000, Train Loss: 0.5822, Validation Set Manhattan Distance: 12.0, Mask Weight: 0.903
Epoch 80/20000, Train Loss: 0.6022, Validation Set Manhattan Distance: 12.0, Mask Weight: 0.903
Epoch 81/20000, Train Loss: 0.5732, Validation Set Manhattan Distance: 12.0, Mask Weight: 0.903
Epoch 82/20000, Train Loss: 0.5390, Validation Set Manhattan Distance: 12.0, Mask Weight: 0.903
Epoch 83/20000, Train Loss: 0.5507, Validation Set Manhattan Distance: 12.0, Mask Weight: 0.903
Epoch 84/20000, Train Loss: 0.6041, Validation Set Manhattan Distance: 12.0, Mask Weight: 0.903
Epoch 85/20000, Train Loss: 0.6119, Validation Set Manhattan Distance: 12.0, Mask Weight: 0.903
Epoch 86/20000, Train Loss: 0.6014, Validation Set Manhattan Distance: 12.0, Mask Weight: 0.903
Epoch 87/20000, Train Loss: 0.5842, Validation Set Manhattan Distance: 12.0, Mask Weight: 0.903
Epoch 88/20000, Train Loss: 0.5517, Validation Set Manhattan Distance: 12.0, Mask Weight: 0.903
Epoch 89/20000, Train Loss: 0.5416, Validation Set Manhattan Distance: 12.0, Mask Weight: 0.903
Epoch 90/20000, Train Loss: 0.5420, Validation Set Manhattan Distance: 12.0, Mask Weight: 0.903
Epoch 91/20000, Train Loss: 0.5594, Validation Set Manhattan Distance: 12.0, Mask Weight: 0.903
Epoch 92/20000, Train Loss: 0.5307, Validation Set Manhattan Distance: 12.0, Mask Weight: 0.903
Epoch 93/20000, Train Loss: 0.5186, Validation Set Manhattan Distance: 12.0, Mask Weight: 0.903
Epoch 94/20000, Train Loss: 0.5133, Validation Set Manhattan Distance: 12.0, Mask Weight: 0.903
Epoch 95/20000, Train Loss: 0.5079, Validation Set Manhattan Distance: 12.0, Mask Weight: 0.903
Epoch 96/20000, Train Loss: 0.5080, Validation Set Manhattan Distance: 12.0, Mask Weight: 0.903
Epoch 97/20000, Train Loss: 0.4871, Validation Set Manhattan Distance: 12.0, Mask Weight: 0.903
Epoch 98/20000, Train Loss: 0.5133, Validation Set Manhattan Distance: 12.0, Mask Weight: 0.903
Epoch 99/20000, Train Loss: 0.4837, Validation Set Manhattan Distance: 12.0, Mask Weight: 0.903
Epoch 100/20000, Train Loss: 0.5219, Validation Set Manhattan Distance: 12.0, Mask Weight: 0.903
Epoch 101/20000, Train Loss: 0.4952, Validation Set Manhattan Distance: 12.0, Mask Weight: 0.903
Epoch 102/20000, Train Loss: 0.4823, Validation Set Manhattan Distance: 12.0, Mask Weight: 0.903
Epoch 103/20000, Train Loss: 0.4911, Validation Set Manhattan Distance: 12.0, Mask Weight: 0.903
Epoch 104/20000, Train Loss: 0.4915, Validation Set Manhattan Distance: 12.0, Mask Weight: 0.903
Epoch 105/20000, Train Loss: 0.5662, Validation Set Manhattan Distance: 12.0, Mask Weight: 0.903
Epoch 106/20000, Train Loss: 0.5545, Validation Set Manhattan Distance: 12.0, Mask Weight: 0.903
Epoch 107/20000, Train Loss: 0.4866, Validation Set Manhattan Distance: 12.0, Mask Weight: 0.903
Epoch 108/20000, Train Loss: 0.4789, Validation Set Manhattan Distance: 12.0, Mask Weight: 0.903
Epoch 109/20000, Train Loss: 0.4619, Validation Set Manhattan Distance: 12.0, Mask Weight: 0.903
Epoch 110/20000, Train Loss: 0.4594, Validation Set Manhattan Distance: 12.0, Mask Weight: 0.903
Epoch 111/20000, Train Loss: 0.4538, Validation Set Manhattan Distance: 12.0, Mask Weight: 0.903
Epoch 112/20000, Train Loss: 0.4529, Validation Set Manhattan Distance: 12.0, Mask Weight: 0.903
Epoch 113/20000, Train Loss: 0.4995, Validation Set Manhattan Distance: 12.0, Mask Weight: 0.903
Epoch 114/20000, Train Loss: 0.5885, Validation Set Manhattan Distance: 12.0, Mask Weight: 0.903
Epoch 115/20000, Train Loss: 0.5068, Validation Set Manhattan Distance: 12.0, Mask Weight: 0.903
Epoch 116/20000, Train Loss: 0.4830, Validation Set Manhattan Distance: 12.0, Mask Weight: 0.903
Epoch 117/20000, Train Loss: 0.4706, Validation Set Manhattan Distance: 12.0, Mask Weight: 0.903
Epoch 118/20000, Train Loss: 0.4604, Validation Set Manhattan Distance: 12.0, Mask Weight: 0.903
Epoch 119/20000, Train Loss: 0.4440, Validation Set Manhattan Distance: 12.0, Mask Weight: 0.903
Epoch 120/20000, Train Loss: 0.4508, Validation Set Manhattan Distance: 12.0, Mask Weight: 0.903
Epoch 121/20000, Train Loss: 0.4447, Validation Set Manhattan Distance: 12.0, Mask Weight: 0.903
Epoch 122/20000, Train Loss: 0.4309, Validation Set Manhattan Distance: 12.0, Mask Weight: 0.903
Epoch 123/20000, Train Loss: 0.4614, Validation Set Manhattan Distance: 12.0, Mask Weight: 0.903
Epoch 124/20000, Train Loss: 0.4556, Validation Set Manhattan Distance: 12.0, Mask Weight: 0.903
Epoch 125/20000, Train Loss: 0.4364, Validation Set Manhattan Distance: 12.0, Mask Weight: 0.903
Epoch 126/20000, Train Loss: 0.4320, Validation Set Manhattan Distance: 12.0, Mask Weight: 0.903
Epoch 127/20000, Train Loss: 0.4303, Validation Set Manhattan Distance: 12.0, Mask Weight: 0.903
Epoch 128/20000, Train Loss: 0.4298, Validation Set Manhattan Distance: 12.0, Mask Weight: 0.903
Epoch 129/20000, Train Loss: 0.4308, Validation Set Manhattan Distance: 12.0, Mask Weight: 0.903
Epoch 130/20000, Train Loss: 0.4237, Validation Set Manhattan Distance: 12.0, Mask Weight: 0.903
Epoch 131/20000, Train Loss: 0.4219, Validation Set Manhattan Distance: 12.0, Mask Weight: 0.903
Epoch 132/20000, Train Loss: 0.4232, Validation Set Manhattan Distance: 12.0, Mask Weight: 0.903
Epoch 133/20000, Train Loss: 0.4239, Validation Set Manhattan Distance: 12.0, Mask Weight: 0.903
Epoch 134/20000, Train Loss: 0.4381, Validation Set Manhattan Distance: 12.0, Mask Weight: 0.903
Epoch 135/20000, Train Loss: 0.4311, Validation Set Manhattan Distance: 12.0, Mask Weight: 0.903
Epoch 136/20000, Train Loss: 0.4412, Validation Set Manhattan Distance: 12.0, Mask Weight: 0.903
Epoch 137/20000, Train Loss: 0.7278, Validation Set Manhattan Distance: 12.0, Mask Weight: 0.903
Epoch 138/20000, Train Loss: 0.5139, Validation Set Manhattan Distance: 12.0, Mask Weight: 0.903
Epoch 139/20000, Train Loss: 0.4839, Validation Set Manhattan Distance: 12.0, Mask Weight: 0.903
Epoch 140/20000, Train Loss: 0.5245, Validation Set Manhattan Distance: 12.0, Mask Weight: 0.903
Epoch 141/20000, Train Loss: 0.4656, Validation Set Manhattan Distance: 12.0, Mask Weight: 0.903
Epoch 142/20000, Train Loss: 0.4641, Validation Set Manhattan Distance: 12.0, Mask Weight: 0.903
Epoch 143/20000, Train Loss: 0.4400, Validation Set Manhattan Distance: 12.0, Mask Weight: 0.903
Epoch 144/20000, Train Loss: 0.4341, Validation Set Manhattan Distance: 12.0, Mask Weight: 0.903
Epoch 145/20000, Train Loss: 0.4349, Validation Set Manhattan Distance: 12.0, Mask Weight: 0.903
Epoch 146/20000, Train Loss: 0.4392, Validation Set Manhattan Distance: 12.0, Mask Weight: 0.903
Epoch 147/20000, Train Loss: 0.4304, Validation Set Manhattan Distance: 12.0, Mask Weight: 0.903
Epoch 148/20000, Train Loss: 0.4278, Validation Set Manhattan Distance: 12.0, Mask Weight: 0.903
Epoch 149/20000, Train Loss: 0.4303, Validation Set Manhattan Distance: 12.0, Mask Weight: 0.903
Epoch 150/20000, Train Loss: 0.4252, Validation Set Manhattan Distance: 12.0, Mask Weight: 0.903
Epoch 151/20000, Train Loss: 0.4337, Validation Set Manhattan Distance: 12.0, Mask Weight: 0.903
Epoch 152/20000, Train Loss: 0.4260, Validation Set Manhattan Distance: 12.0, Mask Weight: 0.903
Epoch 153/20000, Train Loss: 0.4307, Validation Set Manhattan Distance: 12.0, Mask Weight: 0.903
Epoch 154/20000, Train Loss: 0.4304, Validation Set Manhattan Distance: 12.0, Mask Weight: 0.903
Epoch 155/20000, Train Loss: 0.4285, Validation Set Manhattan Distance: 12.0, Mask Weight: 0.903
Epoch 156/20000, Train Loss: 0.5907, Validation Set Manhattan Distance: 12.0, Mask Weight: 0.903
Epoch 157/20000, Train Loss: 0.5215, Validation Set Manhattan Distance: 12.0, Mask Weight: 0.903
Epoch 158/20000, Train Loss: 0.4336, Validation Set Manhattan Distance: 12.0, Mask Weight: 0.903
Epoch 159/20000, Train Loss: 0.4341, Validation Set Manhattan Distance: 12.0, Mask Weight: 0.903
Epoch 160/20000, Train Loss: 0.4568, Validation Set Manhattan Distance: 12.0, Mask Weight: 0.903
Epoch 161/20000, Train Loss: 0.4273, Validation Set Manhattan Distance: 12.0, Mask Weight: 0.903
Epoch 162/20000, Train Loss: 0.4259, Validation Set Manhattan Distance: 12.0, Mask Weight: 0.903
Epoch 163/20000, Train Loss: 0.4192, Validation Set Manhattan Distance: 12.0, Mask Weight: 0.903
Epoch 164/20000, Train Loss: 0.4172, Validation Set Manhattan Distance: 12.0, Mask Weight: 0.903
Epoch 165/20000, Train Loss: 0.4161, Validation Set Manhattan Distance: 12.0, Mask Weight: 0.903
Epoch 166/20000, Train Loss: 0.4142, Validation Set Manhattan Distance: 12.0, Mask Weight: 0.903
Epoch 167/20000, Train Loss: 0.4157, Validation Set Manhattan Distance: 12.0, Mask Weight: 0.903
Epoch 168/20000, Train Loss: 0.4172, Validation Set Manhattan Distance: 12.0, Mask Weight: 0.903
Epoch 169/20000, Train Loss: 0.4190, Validation Set Manhattan Distance: 12.0, Mask Weight: 0.903
Epoch 170/20000, Train Loss: 0.4243, Validation Set Manhattan Distance: 12.0, Mask Weight: 0.903
Epoch 171/20000, Train Loss: 0.4159, Validation Set Manhattan Distance: 12.0, Mask Weight: 0.903
Epoch 172/20000, Train Loss: 0.4165, Validation Set Manhattan Distance: 12.0, Mask Weight: 0.903
Epoch 173/20000, Train Loss: 0.4110, Validation Set Manhattan Distance: 12.0, Mask Weight: 0.903
Epoch 174/20000, Train Loss: 0.4195, Validation Set Manhattan Distance: 12.0, Mask Weight: 0.903
Epoch 175/20000, Train Loss: 0.4167, Validation Set Manhattan Distance: 12.0, Mask Weight: 0.903
Epoch 176/20000, Train Loss: 0.4123, Validation Set Manhattan Distance: 12.0, Mask Weight: 0.903
Epoch 177/20000, Train Loss: 0.4245, Validation Set Manhattan Distance: 12.0, Mask Weight: 0.903
Epoch 178/20000, Train Loss: 0.4249, Validation Set Manhattan Distance: 12.0, Mask Weight: 0.903
Epoch 179/20000, Train Loss: 0.4272, Validation Set Manhattan Distance: 12.0, Mask Weight: 0.903
Epoch 180/20000, Train Loss: 0.4253, Validation Set Manhattan Distance: 12.0, Mask Weight: 0.903
Epoch 181/20000, Train Loss: 0.4327, Validation Set Manhattan Distance: 12.0, Mask Weight: 0.903
Epoch 182/20000, Train Loss: 0.4157, Validation Set Manhattan Distance: 12.0, Mask Weight: 0.903
Epoch 183/20000, Train Loss: 0.4181, Validation Set Manhattan Distance: 12.0, Mask Weight: 0.903
Epoch 184/20000, Train Loss: 0.4186, Validation Set Manhattan Distance: 12.0, Mask Weight: 0.903
Epoch 185/20000, Train Loss: 0.4126, Validation Set Manhattan Distance: 12.0, Mask Weight: 0.903
Epoch 186/20000, Train Loss: 0.4213, Validation Set Manhattan Distance: 12.0, Mask Weight: 0.903
Epoch 187/20000, Train Loss: 0.4185, Validation Set Manhattan Distance: 12.0, Mask Weight: 0.903
Epoch 188/20000, Train Loss: 0.4133, Validation Set Manhattan Distance: 12.0, Mask Weight: 0.903
Epoch 189/20000, Train Loss: 0.4156, Validation Set Manhattan Distance: 12.0, Mask Weight: 0.903
Epoch 190/20000, Train Loss: 0.4170, Validation Set Manhattan Distance: 12.0, Mask Weight: 0.903
Epoch 191/20000, Train Loss: 0.4175, Validation Set Manhattan Distance: 12.0, Mask Weight: 0.903
Epoch 192/20000, Train Loss: 0.4206, Validation Set Manhattan Distance: 12.0, Mask Weight: 0.903
Epoch 193/20000, Train Loss: 0.4182, Validation Set Manhattan Distance: 12.0, Mask Weight: 0.903
Epoch 194/20000, Train Loss: 0.4155, Validation Set Manhattan Distance: 12.0, Mask Weight: 0.903
Epoch 195/20000, Train Loss: 0.4172, Validation Set Manhattan Distance: 12.0, Mask Weight: 0.903
Epoch 196/20000, Train Loss: 0.4161, Validation Set Manhattan Distance: 12.0, Mask Weight: 0.903
Epoch 197/20000, Train Loss: 0.4177, Validation Set Manhattan Distance: 12.0, Mask Weight: 0.903
Epoch 198/20000, Train Loss: 0.4175, Validation Set Manhattan Distance: 12.0, Mask Weight: 0.903
Epoch 199/20000, Train Loss: 0.4181, Validation Set Manhattan Distance: 12.0, Mask Weight: 0.903
Epoch 200/20000, Train Loss: 0.4176, Validation Set Manhattan Distance: 12.0, Mask Weight: 0.903
Epoch 201/20000, Train Loss: 0.4143, Validation Set Manhattan Distance: 12.0, Mask Weight: 0.903
Epoch 202/20000, Train Loss: 0.4171, Validation Set Manhattan Distance: 12.0, Mask Weight: 0.903
Epoch 203/20000, Train Loss: 0.4111, Validation Set Manhattan Distance: 12.0, Mask Weight: 0.903
Epoch 204/20000, Train Loss: 0.4102, Validation Set Manhattan Distance: 12.0, Mask Weight: 0.903
Epoch 205/20000, Train Loss: 0.4148, Validation Set Manhattan Distance: 12.0, Mask Weight: 0.903
Epoch 206/20000, Train Loss: 0.4572, Validation Set Manhattan Distance: 12.0, Mask Weight: 0.903
Epoch 207/20000, Train Loss: 1.0841, Validation Set Manhattan Distance: 12.0, Mask Weight: 0.903
Epoch 208/20000, Train Loss: 1.0945, Validation Set Manhattan Distance: 12.0, Mask Weight: 0.903
Epoch 209/20000, Train Loss: 1.1119, Validation Set Manhattan Distance: 12.0, Mask Weight: 0.903
Epoch 210/20000, Train Loss: 0.9763, Validation Set Manhattan Distance: 12.0, Mask Weight: 0.903
Epoch 211/20000, Train Loss: 0.9020, Validation Set Manhattan Distance: 12.0, Mask Weight: 0.903
Epoch 212/20000, Train Loss: 0.8621, Validation Set Manhattan Distance: 12.0, Mask Weight: 0.903
Epoch 213/20000, Train Loss: 0.8434, Validation Set Manhattan Distance: 12.0, Mask Weight: 0.903
Epoch 214/20000, Train Loss: 0.8283, Validation Set Manhattan Distance: 12.0, Mask Weight: 0.903
Epoch 215/20000, Train Loss: 0.8108, Validation Set Manhattan Distance: 12.0, Mask Weight: 0.903
Epoch 216/20000, Train Loss: 0.7979, Validation Set Manhattan Distance: 12.0, Mask Weight: 0.903
Epoch 217/20000, Train Loss: 0.7864, Validation Set Manhattan Distance: 12.0, Mask Weight: 0.903
Epoch 218/20000, Train Loss: 0.7760, Validation Set Manhattan Distance: 12.0, Mask Weight: 0.903
Epoch 219/20000, Train Loss: 0.7658, Validation Set Manhattan Distance: 12.0, Mask Weight: 0.903
Epoch 220/20000, Train Loss: 0.7556, Validation Set Manhattan Distance: 12.0, Mask Weight: 0.903
Epoch 221/20000, Train Loss: 0.7446, Validation Set Manhattan Distance: 12.0, Mask Weight: 0.903
Epoch 222/20000, Train Loss: 0.7353, Validation Set Manhattan Distance: 12.0, Mask Weight: 0.903
Epoch 223/20000, Train Loss: 0.7228, Validation Set Manhattan Distance: 12.0, Mask Weight: 0.903
Epoch 224/20000, Train Loss: 0.7110, Validation Set Manhattan Distance: 12.0, Mask Weight: 0.903
Epoch 225/20000, Train Loss: 0.7003, Validation Set Manhattan Distance: 12.0, Mask Weight: 0.903
Epoch 226/20000, Train Loss: 0.6870, Validation Set Manhattan Distance: 12.0, Mask Weight: 0.903
Epoch 227/20000, Train Loss: 0.6691, Validation Set Manhattan Distance: 12.0, Mask Weight: 0.903
Epoch 228/20000, Train Loss: 0.6428, Validation Set Manhattan Distance: 12.0, Mask Weight: 0.903
Epoch 229/20000, Train Loss: 0.6068, Validation Set Manhattan Distance: 12.0, Mask Weight: 0.903
Epoch 230/20000, Train Loss: 0.5713, Validation Set Manhattan Distance: 12.0, Mask Weight: 0.903
Epoch 231/20000, Train Loss: 0.5375, Validation Set Manhattan Distance: 12.0, Mask Weight: 0.903
Epoch 232/20000, Train Loss: 0.5106, Validation Set Manhattan Distance: 12.0, Mask Weight: 0.903
Epoch 233/20000, Train Loss: 0.4946, Validation Set Manhattan Distance: 12.0, Mask Weight: 0.903
Epoch 234/20000, Train Loss: 0.4820, Validation Set Manhattan Distance: 12.0, Mask Weight: 0.903
Epoch 235/20000, Train Loss: 0.4559, Validation Set Manhattan Distance: 12.0, Mask Weight: 0.903
Epoch 236/20000, Train Loss: 0.4505, Validation Set Manhattan Distance: 12.0, Mask Weight: 0.903
Epoch 237/20000, Train Loss: 0.4326, Validation Set Manhattan Distance: 12.0, Mask Weight: 0.903
Epoch 238/20000, Train Loss: 0.4348, Validation Set Manhattan Distance: 12.0, Mask Weight: 0.903
Epoch 239/20000, Train Loss: 0.4759, Validation Set Manhattan Distance: 12.0, Mask Weight: 0.903
Epoch 240/20000, Train Loss: 0.4690, Validation Set Manhattan Distance: 12.0, Mask Weight: 0.903
Epoch 241/20000, Train Loss: 0.4330, Validation Set Manhattan Distance: 12.0, Mask Weight: 0.903
Epoch 242/20000, Train Loss: 0.4318, Validation Set Manhattan Distance: 12.0, Mask Weight: 0.903
Epoch 243/20000, Train Loss: 0.4233, Validation Set Manhattan Distance: 12.0, Mask Weight: 0.903
Epoch 244/20000, Train Loss: 0.4330, Validation Set Manhattan Distance: 12.0, Mask Weight: 0.903
Epoch 245/20000, Train Loss: 0.4745, Validation Set Manhattan Distance: 12.0, Mask Weight: 0.903
Epoch 246/20000, Train Loss: 0.5428, Validation Set Manhattan Distance: 12.0, Mask Weight: 0.903
Epoch 247/20000, Train Loss: 0.7105, Validation Set Manhattan Distance: 12.0, Mask Weight: 0.903
Epoch 248/20000, Train Loss: 0.7629, Validation Set Manhattan Distance: 12.0, Mask Weight: 0.903
Epoch 249/20000, Train Loss: 0.5738, Validation Set Manhattan Distance: 12.0, Mask Weight: 0.903
Epoch 250/20000, Train Loss: 0.4999, Validation Set Manhattan Distance: 12.0, Mask Weight: 0.903
Epoch 251/20000, Train Loss: 0.4779, Validation Set Manhattan Distance: 12.0, Mask Weight: 0.903
Epoch 252/20000, Train Loss: 0.4665, Validation Set Manhattan Distance: 12.0, Mask Weight: 0.903
Epoch 253/20000, Train Loss: 0.4526, Validation Set Manhattan Distance: 12.0, Mask Weight: 0.903
Epoch 254/20000, Train Loss: 0.4445, Validation Set Manhattan Distance: 12.0, Mask Weight: 0.903
Epoch 255/20000, Train Loss: 0.4368, Validation Set Manhattan Distance: 12.0, Mask Weight: 0.903
Epoch 256/20000, Train Loss: 0.4283, Validation Set Manhattan Distance: 12.0, Mask Weight: 0.903
Epoch 257/20000, Train Loss: 0.4230, Validation Set Manhattan Distance: 12.0, Mask Weight: 0.903
Epoch 258/20000, Train Loss: 0.4161, Validation Set Manhattan Distance: 12.0, Mask Weight: 0.903
Epoch 259/20000, Train Loss: 0.4224, Validation Set Manhattan Distance: 12.0, Mask Weight: 0.903
Epoch 260/20000, Train Loss: 0.4216, Validation Set Manhattan Distance: 12.0, Mask Weight: 0.903
Epoch 261/20000, Train Loss: 0.4196, Validation Set Manhattan Distance: 12.0, Mask Weight: 0.903
Epoch 262/20000, Train Loss: 0.4191, Validation Set Manhattan Distance: 12.0, Mask Weight: 0.903
Epoch 263/20000, Train Loss: 0.4160, Validation Set Manhattan Distance: 12.0, Mask Weight: 0.903
Epoch 264/20000, Train Loss: 0.4151, Validation Set Manhattan Distance: 12.0, Mask Weight: 0.903
Epoch 265/20000, Train Loss: 0.4167, Validation Set Manhattan Distance: 12.0, Mask Weight: 0.903
Epoch 266/20000, Train Loss: 0.4188, Validation Set Manhattan Distance: 12.0, Mask Weight: 0.903
Epoch 267/20000, Train Loss: 0.4286, Validation Set Manhattan Distance: 12.0, Mask Weight: 0.903
Epoch 268/20000, Train Loss: 0.4188, Validation Set Manhattan Distance: 12.0, Mask Weight: 0.903
Epoch 269/20000, Train Loss: 0.4206, Validation Set Manhattan Distance: 12.0, Mask Weight: 0.903
Epoch 270/20000, Train Loss: 0.4132, Validation Set Manhattan Distance: 12.0, Mask Weight: 0.903
Epoch 271/20000, Train Loss: 0.4176, Validation Set Manhattan Distance: 12.0, Mask Weight: 0.903
Epoch 272/20000, Train Loss: 0.4245, Validation Set Manhattan Distance: 12.0, Mask Weight: 0.903
Epoch 273/20000, Train Loss: 0.4184, Validation Set Manhattan Distance: 12.0, Mask Weight: 0.903
Epoch 274/20000, Train Loss: 0.4195, Validation Set Manhattan Distance: 12.0, Mask Weight: 0.903
Epoch 275/20000, Train Loss: 0.4113, Validation Set Manhattan Distance: 12.0, Mask Weight: 0.903
Epoch 276/20000, Train Loss: 0.4165, Validation Set Manhattan Distance: 12.0, Mask Weight: 0.903
Epoch 277/20000, Train Loss: 0.4137, Validation Set Manhattan Distance: 12.0, Mask Weight: 0.903
Epoch 278/20000, Train Loss: 0.4127, Validation Set Manhattan Distance: 12.0, Mask Weight: 0.903
Epoch 279/20000, Train Loss: 0.4108, Validation Set Manhattan Distance: 12.0, Mask Weight: 0.903
Epoch 280/20000, Train Loss: 0.4123, Validation Set Manhattan Distance: 12.0, Mask Weight: 0.903
Epoch 281/20000, Train Loss: 0.4145, Validation Set Manhattan Distance: 12.0, Mask Weight: 0.903
Epoch 282/20000, Train Loss: 0.4124, Validation Set Manhattan Distance: 12.0, Mask Weight: 0.903
Epoch 283/20000, Train Loss: 0.4137, Validation Set Manhattan Distance: 12.0, Mask Weight: 0.903
Epoch 284/20000, Train Loss: 0.4095, Validation Set Manhattan Distance: 12.0, Mask Weight: 0.903
Epoch 285/20000, Train Loss: 0.4097, Validation Set Manhattan Distance: 12.0, Mask Weight: 0.903
Epoch 286/20000, Train Loss: 0.4123, Validation Set Manhattan Distance: 12.0, Mask Weight: 0.903
Epoch 287/20000, Train Loss: 0.4113, Validation Set Manhattan Distance: 12.0, Mask Weight: 0.903
Epoch 288/20000, Train Loss: 0.4102, Validation Set Manhattan Distance: 12.0, Mask Weight: 0.903
Epoch 289/20000, Train Loss: 0.4111, Validation Set Manhattan Distance: 12.0, Mask Weight: 0.903
Epoch 290/20000, Train Loss: 0.4085, Validation Set Manhattan Distance: 12.0, Mask Weight: 0.903
Epoch 291/20000, Train Loss: 0.4105, Validation Set Manhattan Distance: 12.0, Mask Weight: 0.903
Epoch 292/20000, Train Loss: 0.4173, Validation Set Manhattan Distance: 12.0, Mask Weight: 0.903
Epoch 293/20000, Train Loss: 0.4109, Validation Set Manhattan Distance: 12.0, Mask Weight: 0.903
Epoch 294/20000, Train Loss: 0.4133, Validation Set Manhattan Distance: 12.0, Mask Weight: 0.903
Epoch 295/20000, Train Loss: 0.4133, Validation Set Manhattan Distance: 12.0, Mask Weight: 0.903
Epoch 296/20000, Train Loss: 0.4105, Validation Set Manhattan Distance: 12.0, Mask Weight: 0.903
Epoch 297/20000, Train Loss: 0.4090, Validation Set Manhattan Distance: 12.0, Mask Weight: 0.903
Epoch 298/20000, Train Loss: 0.4096, Validation Set Manhattan Distance: 12.0, Mask Weight: 0.903
Epoch 299/20000, Train Loss: 0.4088, Validation Set Manhattan Distance: 12.0, Mask Weight: 0.903
Epoch 300/20000, Train Loss: 0.4127, Validation Set Manhattan Distance: 12.0, Mask Weight: 0.903
Epoch 301/20000, Train Loss: 0.4141, Validation Set Manhattan Distance: 12.0, Mask Weight: 0.903
Epoch 302/20000, Train Loss: 0.4172, Validation Set Manhattan Distance: 12.0, Mask Weight: 0.903
Epoch 303/20000, Train Loss: 0.4084, Validation Set Manhattan Distance: 12.0, Mask Weight: 0.903
Epoch 304/20000, Train Loss: 0.4095, Validation Set Manhattan Distance: 12.0, Mask Weight: 0.903
Epoch 305/20000, Train Loss: 0.4126, Validation Set Manhattan Distance: 12.0, Mask Weight: 0.903
Epoch 306/20000, Train Loss: 0.4100, Validation Set Manhattan Distance: 12.0, Mask Weight: 0.903
Epoch 307/20000, Train Loss: 0.4267, Validation Set Manhattan Distance: 12.0, Mask Weight: 0.903
Epoch 308/20000, Train Loss: 0.5847, Validation Set Manhattan Distance: 12.0, Mask Weight: 0.903
Epoch 309/20000, Train Loss: 0.9879, Validation Set Manhattan Distance: 12.0, Mask Weight: 0.903
Epoch 310/20000, Train Loss: 0.6500, Validation Set Manhattan Distance: 12.0, Mask Weight: 0.903
Epoch 311/20000, Train Loss: 0.6937, Validation Set Manhattan Distance: 12.0, Mask Weight: 0.903
Epoch 312/20000, Train Loss: 0.4704, Validation Set Manhattan Distance: 12.0, Mask Weight: 0.903
Epoch 313/20000, Train Loss: 0.4813, Validation Set Manhattan Distance: 12.0, Mask Weight: 0.903
Epoch 314/20000, Train Loss: 0.4498, Validation Set Manhattan Distance: 12.0, Mask Weight: 0.903
Epoch 315/20000, Train Loss: 0.4470, Validation Set Manhattan Distance: 12.0, Mask Weight: 0.903
Epoch 316/20000, Train Loss: 0.4359, Validation Set Manhattan Distance: 12.0, Mask Weight: 0.903
Epoch 317/20000, Train Loss: 0.4280, Validation Set Manhattan Distance: 12.0, Mask Weight: 0.903
Epoch 318/20000, Train Loss: 0.4265, Validation Set Manhattan Distance: 12.0, Mask Weight: 0.903
Epoch 319/20000, Train Loss: 0.4217, Validation Set Manhattan Distance: 12.0, Mask Weight: 0.903
Epoch 320/20000, Train Loss: 0.4232, Validation Set Manhattan Distance: 12.0, Mask Weight: 0.903
Epoch 321/20000, Train Loss: 0.4206, Validation Set Manhattan Distance: 12.0, Mask Weight: 0.903
Epoch 322/20000, Train Loss: 0.4206, Validation Set Manhattan Distance: 12.0, Mask Weight: 0.903
Epoch 323/20000, Train Loss: 0.4207, Validation Set Manhattan Distance: 12.0, Mask Weight: 0.903
Epoch 324/20000, Train Loss: 0.4213, Validation Set Manhattan Distance: 12.0, Mask Weight: 0.903
Epoch 325/20000, Train Loss: 0.4157, Validation Set Manhattan Distance: 12.0, Mask Weight: 0.903
Epoch 326/20000, Train Loss: 0.4143, Validation Set Manhattan Distance: 12.0, Mask Weight: 0.903
Epoch 327/20000, Train Loss: 0.4139, Validation Set Manhattan Distance: 12.0, Mask Weight: 0.903
Epoch 328/20000, Train Loss: 0.4132, Validation Set Manhattan Distance: 12.0, Mask Weight: 0.903
Epoch 329/20000, Train Loss: 0.4131, Validation Set Manhattan Distance: 12.0, Mask Weight: 0.903
Epoch 330/20000, Train Loss: 0.4130, Validation Set Manhattan Distance: 12.0, Mask Weight: 0.903
Epoch 331/20000, Train Loss: 0.4169, Validation Set Manhattan Distance: 12.0, Mask Weight: 0.903
Epoch 332/20000, Train Loss: 0.4137, Validation Set Manhattan Distance: 12.0, Mask Weight: 0.903
Epoch 333/20000, Train Loss: 0.4141, Validation Set Manhattan Distance: 12.0, Mask Weight: 0.903
Epoch 334/20000, Train Loss: 0.4157, Validation Set Manhattan Distance: 12.0, Mask Weight: 0.903
Epoch 335/20000, Train Loss: 0.4152, Validation Set Manhattan Distance: 12.0, Mask Weight: 0.903
Epoch 336/20000, Train Loss: 0.4156, Validation Set Manhattan Distance: 12.0, Mask Weight: 0.903
Epoch 337/20000, Train Loss: 0.4216, Validation Set Manhattan Distance: 12.0, Mask Weight: 0.903
Epoch 338/20000, Train Loss: 0.4200, Validation Set Manhattan Distance: 12.0, Mask Weight: 0.903
Epoch 339/20000, Train Loss: 0.4186, Validation Set Manhattan Distance: 12.0, Mask Weight: 0.903
Epoch 340/20000, Train Loss: 0.4107, Validation Set Manhattan Distance: 12.0, Mask Weight: 0.903
Epoch 341/20000, Train Loss: 0.4092, Validation Set Manhattan Distance: 12.0, Mask Weight: 0.903
Epoch 342/20000, Train Loss: 0.4070, Validation Set Manhattan Distance: 12.0, Mask Weight: 0.903
Epoch 343/20000, Train Loss: 0.4115, Validation Set Manhattan Distance: 12.0, Mask Weight: 0.903
Epoch 344/20000, Train Loss: 0.4083, Validation Set Manhattan Distance: 12.0, Mask Weight: 0.903
Epoch 345/20000, Train Loss: 0.4093, Validation Set Manhattan Distance: 12.0, Mask Weight: 0.903
Epoch 346/20000, Train Loss: 0.4117, Validation Set Manhattan Distance: 12.0, Mask Weight: 0.903
Epoch 347/20000, Train Loss: 0.4080, Validation Set Manhattan Distance: 12.0, Mask Weight: 0.903
Epoch 348/20000, Train Loss: 0.4079, Validation Set Manhattan Distance: 12.0, Mask Weight: 0.903
Epoch 349/20000, Train Loss: 0.4091, Validation Set Manhattan Distance: 12.0, Mask Weight: 0.903
Epoch 350/20000, Train Loss: 0.4070, Validation Set Manhattan Distance: 12.0, Mask Weight: 0.903
Epoch 351/20000, Train Loss: 0.4061, Validation Set Manhattan Distance: 12.0, Mask Weight: 0.903
Epoch 352/20000, Train Loss: 0.4083, Validation Set Manhattan Distance: 12.0, Mask Weight: 0.903
Epoch 353/20000, Train Loss: 0.4089, Validation Set Manhattan Distance: 12.0, Mask Weight: 0.903
Epoch 354/20000, Train Loss: 0.4097, Validation Set Manhattan Distance: 12.0, Mask Weight: 0.903
Epoch 355/20000, Train Loss: 0.4097, Validation Set Manhattan Distance: 12.0, Mask Weight: 0.903
Epoch 356/20000, Train Loss: 0.4083, Validation Set Manhattan Distance: 12.0, Mask Weight: 0.903
Epoch 357/20000, Train Loss: 0.4079, Validation Set Manhattan Distance: 12.0, Mask Weight: 0.903
Epoch 358/20000, Train Loss: 0.4071, Validation Set Manhattan Distance: 12.0, Mask Weight: 0.903
Epoch 359/20000, Train Loss: 0.4114, Validation Set Manhattan Distance: 12.0, Mask Weight: 0.903
Epoch 360/20000, Train Loss: 0.4105, Validation Set Manhattan Distance: 12.0, Mask Weight: 0.903
Epoch 361/20000, Train Loss: 0.4065, Validation Set Manhattan Distance: 12.0, Mask Weight: 0.903
Epoch 362/20000, Train Loss: 0.4130, Validation Set Manhattan Distance: 12.0, Mask Weight: 0.903
Epoch 363/20000, Train Loss: 0.4127, Validation Set Manhattan Distance: 12.0, Mask Weight: 0.903
Epoch 364/20000, Train Loss: 0.4093, Validation Set Manhattan Distance: 12.0, Mask Weight: 0.903
Epoch 365/20000, Train Loss: 0.4077, Validation Set Manhattan Distance: 12.0, Mask Weight: 0.903
Epoch 366/20000, Train Loss: 0.4083, Validation Set Manhattan Distance: 12.0, Mask Weight: 0.903
Epoch 367/20000, Train Loss: 0.4091, Validation Set Manhattan Distance: 12.0, Mask Weight: 0.903
Epoch 368/20000, Train Loss: 0.4085, Validation Set Manhattan Distance: 12.0, Mask Weight: 0.903
Epoch 369/20000, Train Loss: 0.4075, Validation Set Manhattan Distance: 12.0, Mask Weight: 0.903
Epoch 370/20000, Train Loss: 0.4099, Validation Set Manhattan Distance: 12.0, Mask Weight: 0.903
Epoch 371/20000, Train Loss: 0.4046, Validation Set Manhattan Distance: 12.0, Mask Weight: 0.903
Epoch 372/20000, Train Loss: 0.4126, Validation Set Manhattan Distance: 12.0, Mask Weight: 0.903
Epoch 373/20000, Train Loss: 0.4103, Validation Set Manhattan Distance: 12.0, Mask Weight: 0.903
Epoch 374/20000, Train Loss: 0.4069, Validation Set Manhattan Distance: 12.0, Mask Weight: 0.903
Epoch 375/20000, Train Loss: 0.4131, Validation Set Manhattan Distance: 12.0, Mask Weight: 0.903
Epoch 376/20000, Train Loss: 0.4069, Validation Set Manhattan Distance: 12.0, Mask Weight: 0.903
Epoch 377/20000, Train Loss: 0.4075, Validation Set Manhattan Distance: 12.0, Mask Weight: 0.903
Epoch 378/20000, Train Loss: 0.4075, Validation Set Manhattan Distance: 12.0, Mask Weight: 0.903
Epoch 379/20000, Train Loss: 0.4087, Validation Set Manhattan Distance: 12.0, Mask Weight: 0.903
Epoch 380/20000, Train Loss: 0.4131, Validation Set Manhattan Distance: 12.0, Mask Weight: 0.903
Epoch 381/20000, Train Loss: 0.4192, Validation Set Manhattan Distance: 12.0, Mask Weight: 0.903
Epoch 382/20000, Train Loss: 0.4185, Validation Set Manhattan Distance: 12.0, Mask Weight: 0.903
Epoch 383/20000, Train Loss: 0.4194, Validation Set Manhattan Distance: 12.0, Mask Weight: 0.903
Epoch 384/20000, Train Loss: 1.0784, Validation Set Manhattan Distance: 12.0, Mask Weight: 0.903
Epoch 385/20000, Train Loss: 1.1610, Validation Set Manhattan Distance: 12.0, Mask Weight: 0.903
Epoch 386/20000, Train Loss: 1.1028, Validation Set Manhattan Distance: 12.0, Mask Weight: 0.903
Epoch 387/20000, Train Loss: 1.0176, Validation Set Manhattan Distance: 12.0, Mask Weight: 0.903
Epoch 388/20000, Train Loss: 0.8855, Validation Set Manhattan Distance: 12.0, Mask Weight: 0.903
Epoch 389/20000, Train Loss: 0.7588, Validation Set Manhattan Distance: 12.0, Mask Weight: 0.903
Epoch 390/20000, Train Loss: 0.6826, Validation Set Manhattan Distance: 12.0, Mask Weight: 0.903
Epoch 391/20000, Train Loss: 0.5990, Validation Set Manhattan Distance: 12.0, Mask Weight: 0.903
Epoch 392/20000, Train Loss: 0.5704, Validation Set Manhattan Distance: 12.0, Mask Weight: 0.903
Epoch 393/20000, Train Loss: 0.5376, Validation Set Manhattan Distance: 12.0, Mask Weight: 0.903
Epoch 394/20000, Train Loss: 0.5150, Validation Set Manhattan Distance: 12.0, Mask Weight: 0.903
Epoch 395/20000, Train Loss: 0.4787, Validation Set Manhattan Distance: 12.0, Mask Weight: 0.903
Epoch 396/20000, Train Loss: 0.4495, Validation Set Manhattan Distance: 12.0, Mask Weight: 0.903
Epoch 397/20000, Train Loss: 0.4366, Validation Set Manhattan Distance: 12.0, Mask Weight: 0.903
Epoch 398/20000, Train Loss: 0.4272, Validation Set Manhattan Distance: 12.0, Mask Weight: 0.903
Epoch 399/20000, Train Loss: 0.4231, Validation Set Manhattan Distance: 12.0, Mask Weight: 0.903
Epoch 400/20000, Train Loss: 0.4322, Validation Set Manhattan Distance: 12.0, Mask Weight: 0.903
Epoch 401/20000, Train Loss: 0.4581, Validation Set Manhattan Distance: 12.0, Mask Weight: 0.903
Epoch 402/20000, Train Loss: 0.6492, Validation Set Manhattan Distance: 12.0, Mask Weight: 0.903
Epoch 403/20000, Train Loss: 0.5126, Validation Set Manhattan Distance: 12.0, Mask Weight: 0.903
Epoch 404/20000, Train Loss: 0.5225, Validation Set Manhattan Distance: 12.0, Mask Weight: 0.903
Epoch 405/20000, Train Loss: 0.5317, Validation Set Manhattan Distance: 12.0, Mask Weight: 0.903
Epoch 406/20000, Train Loss: 0.4707, Validation Set Manhattan Distance: 12.0, Mask Weight: 0.903
Epoch 407/20000, Train Loss: 0.4419, Validation Set Manhattan Distance: 12.0, Mask Weight: 0.903
Epoch 408/20000, Train Loss: 0.4329, Validation Set Manhattan Distance: 12.0, Mask Weight: 0.903
Epoch 409/20000, Train Loss: 0.4224, Validation Set Manhattan Distance: 12.0, Mask Weight: 0.903
Epoch 410/20000, Train Loss: 0.4220, Validation Set Manhattan Distance: 12.0, Mask Weight: 0.903
Epoch 411/20000, Train Loss: 0.4206, Validation Set Manhattan Distance: 12.0, Mask Weight: 0.903
Epoch 412/20000, Train Loss: 0.4163, Validation Set Manhattan Distance: 12.0, Mask Weight: 0.903
Epoch 413/20000, Train Loss: 0.4151, Validation Set Manhattan Distance: 12.0, Mask Weight: 0.903
Epoch 414/20000, Train Loss: 0.4148, Validation Set Manhattan Distance: 12.0, Mask Weight: 0.903
Epoch 415/20000, Train Loss: 0.4119, Validation Set Manhattan Distance: 12.0, Mask Weight: 0.903
Epoch 416/20000, Train Loss: 0.4129, Validation Set Manhattan Distance: 12.0, Mask Weight: 0.903
Epoch 417/20000, Train Loss: 0.4121, Validation Set Manhattan Distance: 12.0, Mask Weight: 0.903
Epoch 418/20000, Train Loss: 0.4122, Validation Set Manhattan Distance: 12.0, Mask Weight: 0.903
Epoch 419/20000, Train Loss: 0.4098, Validation Set Manhattan Distance: 12.0, Mask Weight: 0.903
Epoch 420/20000, Train Loss: 0.4119, Validation Set Manhattan Distance: 12.0, Mask Weight: 0.903
Epoch 421/20000, Train Loss: 0.4121, Validation Set Manhattan Distance: 12.0, Mask Weight: 0.903
Epoch 422/20000, Train Loss: 0.4141, Validation Set Manhattan Distance: 12.0, Mask Weight: 0.903
Epoch 423/20000, Train Loss: 0.4123, Validation Set Manhattan Distance: 12.0, Mask Weight: 0.903
Epoch 424/20000, Train Loss: 0.4142, Validation Set Manhattan Distance: 12.0, Mask Weight: 0.903
Epoch 425/20000, Train Loss: 0.4114, Validation Set Manhattan Distance: 12.0, Mask Weight: 0.903
Epoch 426/20000, Train Loss: 0.4099, Validation Set Manhattan Distance: 12.0, Mask Weight: 0.903
Epoch 427/20000, Train Loss: 0.4189, Validation Set Manhattan Distance: 12.0, Mask Weight: 0.903
Epoch 428/20000, Train Loss: 0.4147, Validation Set Manhattan Distance: 12.0, Mask Weight: 0.903
Epoch 429/20000, Train Loss: 0.4109, Validation Set Manhattan Distance: 12.0, Mask Weight: 0.903
Epoch 430/20000, Train Loss: 0.4130, Validation Set Manhattan Distance: 12.0, Mask Weight: 0.903
Epoch 431/20000, Train Loss: 0.4159, Validation Set Manhattan Distance: 12.0, Mask Weight: 0.903
Epoch 432/20000, Train Loss: 0.4083, Validation Set Manhattan Distance: 12.0, Mask Weight: 0.903
Epoch 433/20000, Train Loss: 0.4103, Validation Set Manhattan Distance: 12.0, Mask Weight: 0.903
Epoch 434/20000, Train Loss: 0.4073, Validation Set Manhattan Distance: 12.0, Mask Weight: 0.903
Epoch 435/20000, Train Loss: 0.4070, Validation Set Manhattan Distance: 12.0, Mask Weight: 0.903
Epoch 436/20000, Train Loss: 0.4089, Validation Set Manhattan Distance: 12.0, Mask Weight: 0.903
Epoch 437/20000, Train Loss: 0.4086, Validation Set Manhattan Distance: 12.0, Mask Weight: 0.903
Epoch 438/20000, Train Loss: 0.4086, Validation Set Manhattan Distance: 12.0, Mask Weight: 0.903
Epoch 439/20000, Train Loss: 0.4079, Validation Set Manhattan Distance: 12.0, Mask Weight: 0.903
Epoch 440/20000, Train Loss: 0.4103, Validation Set Manhattan Distance: 12.0, Mask Weight: 0.903
Epoch 441/20000, Train Loss: 0.4130, Validation Set Manhattan Distance: 12.0, Mask Weight: 0.903
Epoch 442/20000, Train Loss: 0.4106, Validation Set Manhattan Distance: 12.0, Mask Weight: 0.903
Epoch 443/20000, Train Loss: 0.4092, Validation Set Manhattan Distance: 12.0, Mask Weight: 0.903
Epoch 444/20000, Train Loss: 0.4109, Validation Set Manhattan Distance: 12.0, Mask Weight: 0.903
Epoch 445/20000, Train Loss: 0.4094, Validation Set Manhattan Distance: 12.0, Mask Weight: 0.903
Epoch 446/20000, Train Loss: 0.4071, Validation Set Manhattan Distance: 12.0, Mask Weight: 0.903
Epoch 447/20000, Train Loss: 0.4085, Validation Set Manhattan Distance: 12.0, Mask Weight: 0.903
Epoch 448/20000, Train Loss: 0.4119, Validation Set Manhattan Distance: 12.0, Mask Weight: 0.903
Epoch 449/20000, Train Loss: 0.4081, Validation Set Manhattan Distance: 12.0, Mask Weight: 0.903
Epoch 450/20000, Train Loss: 0.4091, Validation Set Manhattan Distance: 12.0, Mask Weight: 0.903
Epoch 451/20000, Train Loss: 0.4079, Validation Set Manhattan Distance: 12.0, Mask Weight: 0.903
Epoch 452/20000, Train Loss: 0.4093, Validation Set Manhattan Distance: 12.0, Mask Weight: 0.903
Epoch 453/20000, Train Loss: 0.4059, Validation Set Manhattan Distance: 12.0, Mask Weight: 0.903
Epoch 454/20000, Train Loss: 0.4074, Validation Set Manhattan Distance: 12.0, Mask Weight: 0.903
Epoch 455/20000, Train Loss: 0.4107, Validation Set Manhattan Distance: 12.0, Mask Weight: 0.903
Epoch 456/20000, Train Loss: 0.4121, Validation Set Manhattan Distance: 12.0, Mask Weight: 0.903
Epoch 457/20000, Train Loss: 0.4086, Validation Set Manhattan Distance: 12.0, Mask Weight: 0.903
Epoch 458/20000, Train Loss: 0.4115, Validation Set Manhattan Distance: 12.0, Mask Weight: 0.903
Epoch 459/20000, Train Loss: 0.4090, Validation Set Manhattan Distance: 12.0, Mask Weight: 0.903
Epoch 460/20000, Train Loss: 0.4115, Validation Set Manhattan Distance: 12.0, Mask Weight: 0.903
Epoch 461/20000, Train Loss: 0.4104, Validation Set Manhattan Distance: 12.0, Mask Weight: 0.903
Epoch 462/20000, Train Loss: 0.4154, Validation Set Manhattan Distance: 12.0, Mask Weight: 0.903
Epoch 463/20000, Train Loss: 0.4101, Validation Set Manhattan Distance: 12.0, Mask Weight: 0.903
Epoch 464/20000, Train Loss: 0.4109, Validation Set Manhattan Distance: 12.0, Mask Weight: 0.903
Epoch 465/20000, Train Loss: 0.4077, Validation Set Manhattan Distance: 12.0, Mask Weight: 0.903
Epoch 466/20000, Train Loss: 0.4075, Validation Set Manhattan Distance: 12.0, Mask Weight: 0.903
Epoch 467/20000, Train Loss: 0.4077, Validation Set Manhattan Distance: 12.0, Mask Weight: 0.903
Epoch 468/20000, Train Loss: 0.4072, Validation Set Manhattan Distance: 12.0, Mask Weight: 0.903
Epoch 469/20000, Train Loss: 0.4064, Validation Set Manhattan Distance: 12.0, Mask Weight: 0.903
Epoch 470/20000, Train Loss: 0.4059, Validation Set Manhattan Distance: 12.0, Mask Weight: 0.903
Epoch 471/20000, Train Loss: 0.4057, Validation Set Manhattan Distance: 12.0, Mask Weight: 0.903
Epoch 472/20000, Train Loss: 0.4072, Validation Set Manhattan Distance: 12.0, Mask Weight: 0.903
Epoch 473/20000, Train Loss: 0.4068, Validation Set Manhattan Distance: 12.0, Mask Weight: 0.903
Epoch 474/20000, Train Loss: 0.4080, Validation Set Manhattan Distance: 12.0, Mask Weight: 0.903
Epoch 475/20000, Train Loss: 0.4081, Validation Set Manhattan Distance: 12.0, Mask Weight: 0.903
Epoch 476/20000, Train Loss: 0.4070, Validation Set Manhattan Distance: 12.0, Mask Weight: 0.903
Epoch 477/20000, Train Loss: 0.4084, Validation Set Manhattan Distance: 12.0, Mask Weight: 0.903
Epoch 478/20000, Train Loss: 0.4087, Validation Set Manhattan Distance: 12.0, Mask Weight: 0.903
Epoch 479/20000, Train Loss: 0.4118, Validation Set Manhattan Distance: 12.0, Mask Weight: 0.903
Epoch 480/20000, Train Loss: 0.4076, Validation Set Manhattan Distance: 12.0, Mask Weight: 0.903
Epoch 481/20000, Train Loss: 0.4083, Validation Set Manhattan Distance: 12.0, Mask Weight: 0.903
Epoch 482/20000, Train Loss: 0.4110, Validation Set Manhattan Distance: 12.0, Mask Weight: 0.903
Epoch 483/20000, Train Loss: 0.4078, Validation Set Manhattan Distance: 12.0, Mask Weight: 0.903
Epoch 484/20000, Train Loss: 0.4084, Validation Set Manhattan Distance: 12.0, Mask Weight: 0.903
Epoch 485/20000, Train Loss: 0.4087, Validation Set Manhattan Distance: 12.0, Mask Weight: 0.903
Epoch 486/20000, Train Loss: 0.4086, Validation Set Manhattan Distance: 12.0, Mask Weight: 0.903
Epoch 487/20000, Train Loss: 0.4067, Validation Set Manhattan Distance: 12.0, Mask Weight: 0.903
Epoch 488/20000, Train Loss: 0.4076, Validation Set Manhattan Distance: 12.0, Mask Weight: 0.903
Epoch 489/20000, Train Loss: 0.4088, Validation Set Manhattan Distance: 12.0, Mask Weight: 0.903
Epoch 490/20000, Train Loss: 0.4061, Validation Set Manhattan Distance: 12.0, Mask Weight: 0.903
Epoch 491/20000, Train Loss: 0.4074, Validation Set Manhattan Distance: 12.0, Mask Weight: 0.903
Epoch 492/20000, Train Loss: 0.4048, Validation Set Manhattan Distance: 12.0, Mask Weight: 0.903
Epoch 493/20000, Train Loss: 0.4094, Validation Set Manhattan Distance: 12.0, Mask Weight: 0.903
Epoch 494/20000, Train Loss: 0.4070, Validation Set Manhattan Distance: 12.0, Mask Weight: 0.903
Epoch 495/20000, Train Loss: 0.4101, Validation Set Manhattan Distance: 12.0, Mask Weight: 0.903
Epoch 496/20000, Train Loss: 0.4075, Validation Set Manhattan Distance: 12.0, Mask Weight: 0.903
Epoch 497/20000, Train Loss: 0.4081, Validation Set Manhattan Distance: 12.0, Mask Weight: 0.903
Epoch 498/20000, Train Loss: 0.4060, Validation Set Manhattan Distance: 12.0, Mask Weight: 0.903
Epoch 499/20000, Train Loss: 0.4094, Validation Set Manhattan Distance: 12.0, Mask Weight: 0.903
Epoch 500/20000, Train Loss: 0.4087, Validation Set Manhattan Distance: 12.0, Mask Weight: 0.903
Epoch 501/20000, Train Loss: 0.4072, Validation Set Manhattan Distance: 12.0, Mask Weight: 0.903
Epoch 502/20000, Train Loss: 0.4078, Validation Set Manhattan Distance: 12.0, Mask Weight: 0.903
Epoch 503/20000, Train Loss: 0.4084, Validation Set Manhattan Distance: 12.0, Mask Weight: 0.903
Epoch 504/20000, Train Loss: 0.4081, Validation Set Manhattan Distance: 12.0, Mask Weight: 0.903
Epoch 505/20000, Train Loss: 0.4066, Validation Set Manhattan Distance: 12.0, Mask Weight: 0.903
Epoch 506/20000, Train Loss: 0.4087, Validation Set Manhattan Distance: 12.0, Mask Weight: 0.903
Epoch 507/20000, Train Loss: 0.4072, Validation Set Manhattan Distance: 12.0, Mask Weight: 0.903
Epoch 508/20000, Train Loss: 0.4065, Validation Set Manhattan Distance: 12.0, Mask Weight: 0.903
Epoch 509/20000, Train Loss: 0.4060, Validation Set Manhattan Distance: 12.0, Mask Weight: 0.903
Epoch 510/20000, Train Loss: 0.4061, Validation Set Manhattan Distance: 12.0, Mask Weight: 0.903
Epoch 511/20000, Train Loss: 0.4062, Validation Set Manhattan Distance: 12.0, Mask Weight: 0.903
Epoch 512/20000, Train Loss: 0.4061, Validation Set Manhattan Distance: 12.0, Mask Weight: 0.903
Epoch 513/20000, Train Loss: 0.4058, Validation Set Manhattan Distance: 12.0, Mask Weight: 0.903
Epoch 514/20000, Train Loss: 0.4061, Validation Set Manhattan Distance: 12.0, Mask Weight: 0.903
Epoch 515/20000, Train Loss: 0.4057, Validation Set Manhattan Distance: 12.0, Mask Weight: 0.903
Epoch 516/20000, Train Loss: 0.4071, Validation Set Manhattan Distance: 12.0, Mask Weight: 0.903
Epoch 517/20000, Train Loss: 0.4074, Validation Set Manhattan Distance: 12.0, Mask Weight: 0.903
Epoch 518/20000, Train Loss: 0.4076, Validation Set Manhattan Distance: 12.0, Mask Weight: 0.903
Epoch 519/20000, Train Loss: 0.4066, Validation Set Manhattan Distance: 12.0, Mask Weight: 0.903
Epoch 520/20000, Train Loss: 0.4068, Validation Set Manhattan Distance: 12.0, Mask Weight: 0.903
Epoch 521/20000, Train Loss: 0.4072, Validation Set Manhattan Distance: 12.0, Mask Weight: 0.903
Epoch 522/20000, Train Loss: 0.4081, Validation Set Manhattan Distance: 12.0, Mask Weight: 0.903
Epoch 523/20000, Train Loss: 0.4057, Validation Set Manhattan Distance: 12.0, Mask Weight: 0.903
Epoch 524/20000, Train Loss: 0.4073, Validation Set Manhattan Distance: 12.0, Mask Weight: 0.903
Epoch 525/20000, Train Loss: 0.4058, Validation Set Manhattan Distance: 12.0, Mask Weight: 0.903
Epoch 526/20000, Train Loss: 0.4058, Validation Set Manhattan Distance: 12.0, Mask Weight: 0.903
Epoch 527/20000, Train Loss: 0.4053, Validation Set Manhattan Distance: 12.0, Mask Weight: 0.903
Epoch 528/20000, Train Loss: 0.4061, Validation Set Manhattan Distance: 12.0, Mask Weight: 0.903
Epoch 529/20000, Train Loss: 0.4051, Validation Set Manhattan Distance: 12.0, Mask Weight: 0.903
Epoch 530/20000, Train Loss: 0.4057, Validation Set Manhattan Distance: 12.0, Mask Weight: 0.903
Epoch 531/20000, Train Loss: 0.4057, Validation Set Manhattan Distance: 12.0, Mask Weight: 0.903
Epoch 532/20000, Train Loss: 0.4065, Validation Set Manhattan Distance: 12.0, Mask Weight: 0.903
Epoch 533/20000, Train Loss: 0.4066, Validation Set Manhattan Distance: 12.0, Mask Weight: 0.903
Epoch 534/20000, Train Loss: 0.4063, Validation Set Manhattan Distance: 12.0, Mask Weight: 0.903
Epoch 535/20000, Train Loss: 0.4070, Validation Set Manhattan Distance: 12.0, Mask Weight: 0.903
Epoch 536/20000, Train Loss: 0.4065, Validation Set Manhattan Distance: 12.0, Mask Weight: 0.903
Epoch 537/20000, Train Loss: 0.4046, Validation Set Manhattan Distance: 12.0, Mask Weight: 0.903
Epoch 538/20000, Train Loss: 0.4058, Validation Set Manhattan Distance: 12.0, Mask Weight: 0.903
Epoch 539/20000, Train Loss: 0.4038, Validation Set Manhattan Distance: 12.0, Mask Weight: 0.903
Epoch 540/20000, Train Loss: 0.4085, Validation Set Manhattan Distance: 12.0, Mask Weight: 0.903
Epoch 541/20000, Train Loss: 0.4060, Validation Set Manhattan Distance: 12.0, Mask Weight: 0.903
Epoch 542/20000, Train Loss: 0.4160, Validation Set Manhattan Distance: 12.0, Mask Weight: 0.903
Epoch 543/20000, Train Loss: 0.4067, Validation Set Manhattan Distance: 12.0, Mask Weight: 0.903
Epoch 544/20000, Train Loss: 0.4105, Validation Set Manhattan Distance: 12.0, Mask Weight: 0.903
Epoch 545/20000, Train Loss: 0.4074, Validation Set Manhattan Distance: 12.0, Mask Weight: 0.903
Epoch 546/20000, Train Loss: 0.4083, Validation Set Manhattan Distance: 12.0, Mask Weight: 0.903
Epoch 547/20000, Train Loss: 0.4097, Validation Set Manhattan Distance: 12.0, Mask Weight: 0.903
Epoch 548/20000, Train Loss: 0.4086, Validation Set Manhattan Distance: 12.0, Mask Weight: 0.903
Epoch 549/20000, Train Loss: 0.4067, Validation Set Manhattan Distance: 12.0, Mask Weight: 0.903
Epoch 550/20000, Train Loss: 0.4079, Validation Set Manhattan Distance: 12.0, Mask Weight: 0.903
Epoch 551/20000, Train Loss: 0.4060, Validation Set Manhattan Distance: 12.0, Mask Weight: 0.903
Epoch 552/20000, Train Loss: 0.4057, Validation Set Manhattan Distance: 12.0, Mask Weight: 0.903
Epoch 553/20000, Train Loss: 0.4058, Validation Set Manhattan Distance: 12.0, Mask Weight: 0.903
Epoch 554/20000, Train Loss: 0.4067, Validation Set Manhattan Distance: 12.0, Mask Weight: 0.903
Epoch 555/20000, Train Loss: 0.4069, Validation Set Manhattan Distance: 12.0, Mask Weight: 0.903
Epoch 556/20000, Train Loss: 0.4042, Validation Set Manhattan Distance: 12.0, Mask Weight: 0.903
Epoch 557/20000, Train Loss: 0.4058, Validation Set Manhattan Distance: 12.0, Mask Weight: 0.903
Epoch 558/20000, Train Loss: 0.4048, Validation Set Manhattan Distance: 12.0, Mask Weight: 0.903
Epoch 559/20000, Train Loss: 0.4053, Validation Set Manhattan Distance: 12.0, Mask Weight: 0.903
Epoch 560/20000, Train Loss: 0.4043, Validation Set Manhattan Distance: 12.0, Mask Weight: 0.903
Epoch 561/20000, Train Loss: 0.4049, Validation Set Manhattan Distance: 12.0, Mask Weight: 0.903
Epoch 562/20000, Train Loss: 0.4041, Validation Set Manhattan Distance: 12.0, Mask Weight: 0.903
Epoch 563/20000, Train Loss: 0.4046, Validation Set Manhattan Distance: 12.0, Mask Weight: 0.903
Epoch 564/20000, Train Loss: 0.4056, Validation Set Manhattan Distance: 12.0, Mask Weight: 0.903
Epoch 565/20000, Train Loss: 0.4053, Validation Set Manhattan Distance: 12.0, Mask Weight: 0.903
Epoch 566/20000, Train Loss: 0.4072, Validation Set Manhattan Distance: 12.0, Mask Weight: 0.903
Epoch 567/20000, Train Loss: 0.4042, Validation Set Manhattan Distance: 12.0, Mask Weight: 0.903
Epoch 568/20000, Train Loss: 0.4067, Validation Set Manhattan Distance: 12.0, Mask Weight: 0.903
Epoch 569/20000, Train Loss: 0.4054, Validation Set Manhattan Distance: 12.0, Mask Weight: 0.903
Epoch 570/20000, Train Loss: 0.4075, Validation Set Manhattan Distance: 12.0, Mask Weight: 0.903
Epoch 571/20000, Train Loss: 0.4056, Validation Set Manhattan Distance: 12.0, Mask Weight: 0.903
Epoch 572/20000, Train Loss: 0.4078, Validation Set Manhattan Distance: 12.0, Mask Weight: 0.903
Epoch 573/20000, Train Loss: 0.4099, Validation Set Manhattan Distance: 12.0, Mask Weight: 0.903
Epoch 574/20000, Train Loss: 0.4069, Validation Set Manhattan Distance: 12.0, Mask Weight: 0.903
Epoch 575/20000, Train Loss: 0.4081, Validation Set Manhattan Distance: 12.0, Mask Weight: 0.903
Epoch 576/20000, Train Loss: 0.4074, Validation Set Manhattan Distance: 12.0, Mask Weight: 0.903
Epoch 577/20000, Train Loss: 0.4080, Validation Set Manhattan Distance: 12.0, Mask Weight: 0.903
Epoch 578/20000, Train Loss: 0.4081, Validation Set Manhattan Distance: 12.0, Mask Weight: 0.903
Epoch 579/20000, Train Loss: 0.4050, Validation Set Manhattan Distance: 12.0, Mask Weight: 0.903
Epoch 580/20000, Train Loss: 0.4063, Validation Set Manhattan Distance: 12.0, Mask Weight: 0.903
Epoch 581/20000, Train Loss: 0.4071, Validation Set Manhattan Distance: 12.0, Mask Weight: 0.903
Epoch 582/20000, Train Loss: 0.4046, Validation Set Manhattan Distance: 12.0, Mask Weight: 0.903
Epoch 583/20000, Train Loss: 0.4068, Validation Set Manhattan Distance: 12.0, Mask Weight: 0.903
Epoch 584/20000, Train Loss: 0.4052, Validation Set Manhattan Distance: 12.0, Mask Weight: 0.903
Epoch 585/20000, Train Loss: 0.4053, Validation Set Manhattan Distance: 12.0, Mask Weight: 0.903
Epoch 586/20000, Train Loss: 0.4042, Validation Set Manhattan Distance: 12.0, Mask Weight: 0.903
Epoch 587/20000, Train Loss: 0.4033, Validation Set Manhattan Distance: 12.0, Mask Weight: 0.903
Epoch 588/20000, Train Loss: 0.4056, Validation Set Manhattan Distance: 12.0, Mask Weight: 0.903
Epoch 589/20000, Train Loss: 0.4063, Validation Set Manhattan Distance: 12.0, Mask Weight: 0.903
Epoch 590/20000, Train Loss: 0.4049, Validation Set Manhattan Distance: 12.0, Mask Weight: 0.903
Epoch 591/20000, Train Loss: 0.4076, Validation Set Manhattan Distance: 12.0, Mask Weight: 0.903
Epoch 592/20000, Train Loss: 0.4055, Validation Set Manhattan Distance: 12.0, Mask Weight: 0.903
Epoch 593/20000, Train Loss: 0.4069, Validation Set Manhattan Distance: 12.0, Mask Weight: 0.903
Epoch 594/20000, Train Loss: 0.4063, Validation Set Manhattan Distance: 12.0, Mask Weight: 0.903
Epoch 595/20000, Train Loss: 0.4047, Validation Set Manhattan Distance: 12.0, Mask Weight: 0.903
Epoch 596/20000, Train Loss: 0.4064, Validation Set Manhattan Distance: 12.0, Mask Weight: 0.903
Epoch 597/20000, Train Loss: 0.4074, Validation Set Manhattan Distance: 12.0, Mask Weight: 0.903
Epoch 598/20000, Train Loss: 0.4043, Validation Set Manhattan Distance: 12.0, Mask Weight: 0.903
Epoch 599/20000, Train Loss: 0.4063, Validation Set Manhattan Distance: 12.0, Mask Weight: 0.903
Epoch 600/20000, Train Loss: 0.4061, Validation Set Manhattan Distance: 12.0, Mask Weight: 0.903
Epoch 601/20000, Train Loss: 0.4069, Validation Set Manhattan Distance: 12.0, Mask Weight: 0.903
Epoch 602/20000, Train Loss: 0.4070, Validation Set Manhattan Distance: 12.0, Mask Weight: 0.903
Epoch 603/20000, Train Loss: 0.4038, Validation Set Manhattan Distance: 12.0, Mask Weight: 0.903
Epoch 604/20000, Train Loss: 0.4045, Validation Set Manhattan Distance: 12.0, Mask Weight: 0.903
Epoch 605/20000, Train Loss: 0.4030, Validation Set Manhattan Distance: 12.0, Mask Weight: 0.903
Epoch 606/20000, Train Loss: 0.4057, Validation Set Manhattan Distance: 12.0, Mask Weight: 0.903
Epoch 607/20000, Train Loss: 0.4038, Validation Set Manhattan Distance: 12.0, Mask Weight: 0.903
Epoch 608/20000, Train Loss: 0.4055, Validation Set Manhattan Distance: 12.0, Mask Weight: 0.903
Epoch 609/20000, Train Loss: 0.4047, Validation Set Manhattan Distance: 12.0, Mask Weight: 0.903
Epoch 610/20000, Train Loss: 0.4056, Validation Set Manhattan Distance: 12.0, Mask Weight: 0.903
Epoch 611/20000, Train Loss: 0.4051, Validation Set Manhattan Distance: 12.0, Mask Weight: 0.903
Epoch 612/20000, Train Loss: 0.4044, Validation Set Manhattan Distance: 12.0, Mask Weight: 0.903
Epoch 613/20000, Train Loss: 0.4062, Validation Set Manhattan Distance: 12.0, Mask Weight: 0.903
Epoch 614/20000, Train Loss: 0.4048, Validation Set Manhattan Distance: 12.0, Mask Weight: 0.903
Epoch 615/20000, Train Loss: 0.4047, Validation Set Manhattan Distance: 12.0, Mask Weight: 0.903
Epoch 616/20000, Train Loss: 0.4038, Validation Set Manhattan Distance: 12.0, Mask Weight: 0.903
Epoch 617/20000, Train Loss: 0.4041, Validation Set Manhattan Distance: 12.0, Mask Weight: 0.903
Epoch 618/20000, Train Loss: 0.4046, Validation Set Manhattan Distance: 12.0, Mask Weight: 0.903
Epoch 619/20000, Train Loss: 0.4058, Validation Set Manhattan Distance: 12.0, Mask Weight: 0.903
Epoch 620/20000, Train Loss: 0.4050, Validation Set Manhattan Distance: 12.0, Mask Weight: 0.903
Epoch 621/20000, Train Loss: 0.4055, Validation Set Manhattan Distance: 12.0, Mask Weight: 0.903
Epoch 622/20000, Train Loss: 0.4071, Validation Set Manhattan Distance: 12.0, Mask Weight: 0.903
Epoch 623/20000, Train Loss: 0.4057, Validation Set Manhattan Distance: 12.0, Mask Weight: 0.903
Epoch 624/20000, Train Loss: 0.4081, Validation Set Manhattan Distance: 12.0, Mask Weight: 0.903
Epoch 625/20000, Train Loss: 0.4088, Validation Set Manhattan Distance: 12.0, Mask Weight: 0.903
Epoch 626/20000, Train Loss: 0.4069, Validation Set Manhattan Distance: 12.0, Mask Weight: 0.903
Epoch 627/20000, Train Loss: 0.4098, Validation Set Manhattan Distance: 12.0, Mask Weight: 0.903
Epoch 628/20000, Train Loss: 0.4105, Validation Set Manhattan Distance: 12.0, Mask Weight: 0.903
Epoch 629/20000, Train Loss: 0.4094, Validation Set Manhattan Distance: 12.0, Mask Weight: 0.903
Epoch 630/20000, Train Loss: 0.4057, Validation Set Manhattan Distance: 12.0, Mask Weight: 0.903
Epoch 631/20000, Train Loss: 0.4050, Validation Set Manhattan Distance: 12.0, Mask Weight: 0.903
Epoch 632/20000, Train Loss: 0.4037, Validation Set Manhattan Distance: 12.0, Mask Weight: 0.903
Epoch 633/20000, Train Loss: 0.4041, Validation Set Manhattan Distance: 12.0, Mask Weight: 0.903
Epoch 634/20000, Train Loss: 0.4034, Validation Set Manhattan Distance: 12.0, Mask Weight: 0.903
Epoch 635/20000, Train Loss: 0.4037, Validation Set Manhattan Distance: 12.0, Mask Weight: 0.903
Epoch 636/20000, Train Loss: 0.4045, Validation Set Manhattan Distance: 12.0, Mask Weight: 0.903
Epoch 637/20000, Train Loss: 0.4036, Validation Set Manhattan Distance: 12.0, Mask Weight: 0.903
Epoch 638/20000, Train Loss: 0.4036, Validation Set Manhattan Distance: 12.0, Mask Weight: 0.903
Epoch 639/20000, Train Loss: 0.4033, Validation Set Manhattan Distance: 12.0, Mask Weight: 0.903
Epoch 640/20000, Train Loss: 0.4055, Validation Set Manhattan Distance: 12.0, Mask Weight: 0.903
Epoch 641/20000, Train Loss: 0.4038, Validation Set Manhattan Distance: 12.0, Mask Weight: 0.903
Epoch 642/20000, Train Loss: 0.4029, Validation Set Manhattan Distance: 12.0, Mask Weight: 0.903
Epoch 643/20000, Train Loss: 0.4097, Validation Set Manhattan Distance: 12.0, Mask Weight: 0.903
Epoch 644/20000, Train Loss: 0.4060, Validation Set Manhattan Distance: 12.0, Mask Weight: 0.903
Epoch 645/20000, Train Loss: 0.4087, Validation Set Manhattan Distance: 12.0, Mask Weight: 0.903
Epoch 646/20000, Train Loss: 0.4078, Validation Set Manhattan Distance: 12.0, Mask Weight: 0.903
Epoch 647/20000, Train Loss: 0.4085, Validation Set Manhattan Distance: 12.0, Mask Weight: 0.903
Epoch 648/20000, Train Loss: 0.4057, Validation Set Manhattan Distance: 12.0, Mask Weight: 0.903
Epoch 649/20000, Train Loss: 0.4055, Validation Set Manhattan Distance: 12.0, Mask Weight: 0.903
Epoch 650/20000, Train Loss: 0.4055, Validation Set Manhattan Distance: 12.0, Mask Weight: 0.903
Epoch 651/20000, Train Loss: 0.4037, Validation Set Manhattan Distance: 12.0, Mask Weight: 0.903
Epoch 652/20000, Train Loss: 0.4067, Validation Set Manhattan Distance: 12.0, Mask Weight: 0.903
Epoch 653/20000, Train Loss: 0.4059, Validation Set Manhattan Distance: 12.0, Mask Weight: 0.903
Epoch 654/20000, Train Loss: 0.4040, Validation Set Manhattan Distance: 12.0, Mask Weight: 0.903
Epoch 655/20000, Train Loss: 0.4048, Validation Set Manhattan Distance: 12.0, Mask Weight: 0.903
Epoch 656/20000, Train Loss: 0.4056, Validation Set Manhattan Distance: 12.0, Mask Weight: 0.903
Epoch 657/20000, Train Loss: 0.4064, Validation Set Manhattan Distance: 12.0, Mask Weight: 0.903
Epoch 658/20000, Train Loss: 0.4088, Validation Set Manhattan Distance: 12.0, Mask Weight: 0.903
Epoch 659/20000, Train Loss: 0.4068, Validation Set Manhattan Distance: 12.0, Mask Weight: 0.903
Epoch 660/20000, Train Loss: 0.4059, Validation Set Manhattan Distance: 12.0, Mask Weight: 0.903
Epoch 661/20000, Train Loss: 0.4072, Validation Set Manhattan Distance: 12.0, Mask Weight: 0.903
Epoch 662/20000, Train Loss: 0.4050, Validation Set Manhattan Distance: 12.0, Mask Weight: 0.903
Epoch 663/20000, Train Loss: 0.4034, Validation Set Manhattan Distance: 12.0, Mask Weight: 0.903
Epoch 664/20000, Train Loss: 0.4033, Validation Set Manhattan Distance: 12.0, Mask Weight: 0.903
Epoch 665/20000, Train Loss: 0.4047, Validation Set Manhattan Distance: 12.0, Mask Weight: 0.903
Epoch 666/20000, Train Loss: 0.4075, Validation Set Manhattan Distance: 12.0, Mask Weight: 0.903
Epoch 667/20000, Train Loss: 0.4050, Validation Set Manhattan Distance: 12.0, Mask Weight: 0.903
Epoch 668/20000, Train Loss: 0.4041, Validation Set Manhattan Distance: 12.0, Mask Weight: 0.903
Epoch 669/20000, Train Loss: 0.4025, Validation Set Manhattan Distance: 12.0, Mask Weight: 0.903
Epoch 670/20000, Train Loss: 0.4033, Validation Set Manhattan Distance: 12.0, Mask Weight: 0.903
Epoch 671/20000, Train Loss: 0.4033, Validation Set Manhattan Distance: 12.0, Mask Weight: 0.903
Epoch 672/20000, Train Loss: 0.4033, Validation Set Manhattan Distance: 12.0, Mask Weight: 0.903
Epoch 673/20000, Train Loss: 0.4073, Validation Set Manhattan Distance: 12.0, Mask Weight: 0.903
Epoch 674/20000, Train Loss: 0.4110, Validation Set Manhattan Distance: 12.0, Mask Weight: 0.903
Epoch 675/20000, Train Loss: 0.4038, Validation Set Manhattan Distance: 12.0, Mask Weight: 0.903
Epoch 676/20000, Train Loss: 0.4057, Validation Set Manhattan Distance: 12.0, Mask Weight: 0.903
Epoch 677/20000, Train Loss: 0.4038, Validation Set Manhattan Distance: 12.0, Mask Weight: 0.903
Epoch 678/20000, Train Loss: 0.4072, Validation Set Manhattan Distance: 12.0, Mask Weight: 0.903
Epoch 679/20000, Train Loss: 0.4054, Validation Set Manhattan Distance: 12.0, Mask Weight: 0.903
Epoch 680/20000, Train Loss: 0.4077, Validation Set Manhattan Distance: 12.0, Mask Weight: 0.903
Epoch 681/20000, Train Loss: 0.4062, Validation Set Manhattan Distance: 12.0, Mask Weight: 0.903
Epoch 682/20000, Train Loss: 0.4060, Validation Set Manhattan Distance: 12.0, Mask Weight: 0.903
Epoch 683/20000, Train Loss: 0.4072, Validation Set Manhattan Distance: 12.0, Mask Weight: 0.903
Epoch 684/20000, Train Loss: 0.4055, Validation Set Manhattan Distance: 12.0, Mask Weight: 0.903
Epoch 685/20000, Train Loss: 0.4054, Validation Set Manhattan Distance: 12.0, Mask Weight: 0.903
Epoch 686/20000, Train Loss: 0.4034, Validation Set Manhattan Distance: 12.0, Mask Weight: 0.903
Epoch 687/20000, Train Loss: 0.4098, Validation Set Manhattan Distance: 12.0, Mask Weight: 0.903
Epoch 688/20000, Train Loss: 0.4045, Validation Set Manhattan Distance: 12.0, Mask Weight: 0.903
Epoch 689/20000, Train Loss: 0.4071, Validation Set Manhattan Distance: 12.0, Mask Weight: 0.903
Epoch 690/20000, Train Loss: 0.4081, Validation Set Manhattan Distance: 12.0, Mask Weight: 0.903
Epoch 691/20000, Train Loss: 0.4053, Validation Set Manhattan Distance: 12.0, Mask Weight: 0.903
Epoch 692/20000, Train Loss: 0.4047, Validation Set Manhattan Distance: 12.0, Mask Weight: 0.903
Epoch 693/20000, Train Loss: 0.4043, Validation Set Manhattan Distance: 12.0, Mask Weight: 0.903
Epoch 694/20000, Train Loss: 0.4056, Validation Set Manhattan Distance: 12.0, Mask Weight: 0.903
Epoch 695/20000, Train Loss: 0.4036, Validation Set Manhattan Distance: 12.0, Mask Weight: 0.903
Epoch 696/20000, Train Loss: 0.4039, Validation Set Manhattan Distance: 12.0, Mask Weight: 0.903
Epoch 697/20000, Train Loss: 0.4039, Validation Set Manhattan Distance: 12.0, Mask Weight: 0.903
Epoch 698/20000, Train Loss: 0.4031, Validation Set Manhattan Distance: 12.0, Mask Weight: 0.903
Epoch 699/20000, Train Loss: 0.4051, Validation Set Manhattan Distance: 12.0, Mask Weight: 0.903
Epoch 700/20000, Train Loss: 0.4029, Validation Set Manhattan Distance: 12.0, Mask Weight: 0.903
Epoch 701/20000, Train Loss: 0.4040, Validation Set Manhattan Distance: 12.0, Mask Weight: 0.903
Epoch 702/20000, Train Loss: 0.4061, Validation Set Manhattan Distance: 12.0, Mask Weight: 0.903
Epoch 703/20000, Train Loss: 0.4053, Validation Set Manhattan Distance: 12.0, Mask Weight: 0.903
Epoch 704/20000, Train Loss: 0.4066, Validation Set Manhattan Distance: 12.0, Mask Weight: 0.903
Epoch 705/20000, Train Loss: 0.4041, Validation Set Manhattan Distance: 12.0, Mask Weight: 0.903
Epoch 706/20000, Train Loss: 0.4057, Validation Set Manhattan Distance: 12.0, Mask Weight: 0.903
Epoch 707/20000, Train Loss: 0.4043, Validation Set Manhattan Distance: 12.0, Mask Weight: 0.903
Epoch 708/20000, Train Loss: 0.4064, Validation Set Manhattan Distance: 12.0, Mask Weight: 0.903
Epoch 709/20000, Train Loss: 0.4054, Validation Set Manhattan Distance: 12.0, Mask Weight: 0.903
Epoch 710/20000, Train Loss: 0.4050, Validation Set Manhattan Distance: 12.0, Mask Weight: 0.903
Epoch 711/20000, Train Loss: 0.4041, Validation Set Manhattan Distance: 12.0, Mask Weight: 0.903
Epoch 712/20000, Train Loss: 0.4062, Validation Set Manhattan Distance: 12.0, Mask Weight: 0.903
Epoch 713/20000, Train Loss: 0.4090, Validation Set Manhattan Distance: 12.0, Mask Weight: 0.903
Epoch 714/20000, Train Loss: 0.4060, Validation Set Manhattan Distance: 12.0, Mask Weight: 0.903
Epoch 715/20000, Train Loss: 0.4057, Validation Set Manhattan Distance: 12.0, Mask Weight: 0.903
Epoch 716/20000, Train Loss: 0.4036, Validation Set Manhattan Distance: 12.0, Mask Weight: 0.903
Epoch 717/20000, Train Loss: 0.4034, Validation Set Manhattan Distance: 12.0, Mask Weight: 0.903
Epoch 718/20000, Train Loss: 0.4037, Validation Set Manhattan Distance: 12.0, Mask Weight: 0.903
Epoch 719/20000, Train Loss: 0.4038, Validation Set Manhattan Distance: 12.0, Mask Weight: 0.903
Epoch 720/20000, Train Loss: 0.4038, Validation Set Manhattan Distance: 12.0, Mask Weight: 0.903
Epoch 721/20000, Train Loss: 0.4042, Validation Set Manhattan Distance: 12.0, Mask Weight: 0.903
Epoch 722/20000, Train Loss: 0.4035, Validation Set Manhattan Distance: 12.0, Mask Weight: 0.903
Epoch 723/20000, Train Loss: 0.4058, Validation Set Manhattan Distance: 12.0, Mask Weight: 0.903
Epoch 724/20000, Train Loss: 0.4062, Validation Set Manhattan Distance: 12.0, Mask Weight: 0.903
Epoch 725/20000, Train Loss: 0.4049, Validation Set Manhattan Distance: 12.0, Mask Weight: 0.903
Epoch 726/20000, Train Loss: 0.4042, Validation Set Manhattan Distance: 12.0, Mask Weight: 0.903
Epoch 727/20000, Train Loss: 0.4065, Validation Set Manhattan Distance: 12.0, Mask Weight: 0.903
Epoch 728/20000, Train Loss: 0.4044, Validation Set Manhattan Distance: 12.0, Mask Weight: 0.903
Epoch 729/20000, Train Loss: 0.4053, Validation Set Manhattan Distance: 12.0, Mask Weight: 0.903
Epoch 730/20000, Train Loss: 0.4045, Validation Set Manhattan Distance: 12.0, Mask Weight: 0.903
Epoch 731/20000, Train Loss: 0.4053, Validation Set Manhattan Distance: 12.0, Mask Weight: 0.903
Epoch 732/20000, Train Loss: 0.4023, Validation Set Manhattan Distance: 12.0, Mask Weight: 0.903
Epoch 733/20000, Train Loss: 0.4041, Validation Set Manhattan Distance: 12.0, Mask Weight: 0.903
Epoch 734/20000, Train Loss: 0.4043, Validation Set Manhattan Distance: 12.0, Mask Weight: 0.903
Epoch 735/20000, Train Loss: 0.4028, Validation Set Manhattan Distance: 12.0, Mask Weight: 0.903
Epoch 736/20000, Train Loss: 0.4031, Validation Set Manhattan Distance: 12.0, Mask Weight: 0.903
Epoch 737/20000, Train Loss: 0.4038, Validation Set Manhattan Distance: 12.0, Mask Weight: 0.903
Epoch 738/20000, Train Loss: 0.4029, Validation Set Manhattan Distance: 12.0, Mask Weight: 0.903
Epoch 739/20000, Train Loss: 0.4037, Validation Set Manhattan Distance: 12.0, Mask Weight: 0.903
Epoch 740/20000, Train Loss: 0.4040, Validation Set Manhattan Distance: 12.0, Mask Weight: 0.903
Epoch 741/20000, Train Loss: 0.4030, Validation Set Manhattan Distance: 12.0, Mask Weight: 0.903
Epoch 742/20000, Train Loss: 0.4038, Validation Set Manhattan Distance: 12.0, Mask Weight: 0.903
Epoch 743/20000, Train Loss: 0.4019, Validation Set Manhattan Distance: 12.0, Mask Weight: 0.903
Epoch 744/20000, Train Loss: 0.4047, Validation Set Manhattan Distance: 12.0, Mask Weight: 0.903
Epoch 745/20000, Train Loss: 0.4027, Validation Set Manhattan Distance: 12.0, Mask Weight: 0.903
Epoch 746/20000, Train Loss: 0.4034, Validation Set Manhattan Distance: 12.0, Mask Weight: 0.903
Epoch 747/20000, Train Loss: 0.4047, Validation Set Manhattan Distance: 12.0, Mask Weight: 0.903
Epoch 748/20000, Train Loss: 0.4029, Validation Set Manhattan Distance: 12.0, Mask Weight: 0.903
Epoch 749/20000, Train Loss: 0.4036, Validation Set Manhattan Distance: 12.0, Mask Weight: 0.903
Epoch 750/20000, Train Loss: 0.4024, Validation Set Manhattan Distance: 12.0, Mask Weight: 0.903
Epoch 751/20000, Train Loss: 0.4036, Validation Set Manhattan Distance: 12.0, Mask Weight: 0.903
Epoch 752/20000, Train Loss: 0.4060, Validation Set Manhattan Distance: 12.0, Mask Weight: 0.903
Epoch 753/20000, Train Loss: 0.4039, Validation Set Manhattan Distance: 12.0, Mask Weight: 0.903
Epoch 754/20000, Train Loss: 0.4046, Validation Set Manhattan Distance: 12.0, Mask Weight: 0.903
Epoch 755/20000, Train Loss: 0.4029, Validation Set Manhattan Distance: 12.0, Mask Weight: 0.903
Epoch 756/20000, Train Loss: 0.4074, Validation Set Manhattan Distance: 12.0, Mask Weight: 0.903
Epoch 757/20000, Train Loss: 0.4165, Validation Set Manhattan Distance: 12.0, Mask Weight: 0.903
Epoch 758/20000, Train Loss: 0.4077, Validation Set Manhattan Distance: 12.0, Mask Weight: 0.903
Epoch 759/20000, Train Loss: 0.4075, Validation Set Manhattan Distance: 12.0, Mask Weight: 0.903
Epoch 760/20000, Train Loss: 0.4074, Validation Set Manhattan Distance: 12.0, Mask Weight: 0.903
Epoch 761/20000, Train Loss: 0.4072, Validation Set Manhattan Distance: 12.0, Mask Weight: 0.903
Epoch 762/20000, Train Loss: 0.7896, Validation Set Manhattan Distance: 12.0, Mask Weight: 0.903
Epoch 763/20000, Train Loss: 0.6814, Validation Set Manhattan Distance: 12.0, Mask Weight: 0.903
Epoch 764/20000, Train Loss: 0.5782, Validation Set Manhattan Distance: 12.0, Mask Weight: 0.903
Epoch 765/20000, Train Loss: 0.5624, Validation Set Manhattan Distance: 12.0, Mask Weight: 0.903
Epoch 766/20000, Train Loss: 0.5278, Validation Set Manhattan Distance: 12.0, Mask Weight: 0.903
Epoch 767/20000, Train Loss: 0.5122, Validation Set Manhattan Distance: 12.0, Mask Weight: 0.903
Epoch 768/20000, Train Loss: 0.4812, Validation Set Manhattan Distance: 12.0, Mask Weight: 0.903
Epoch 769/20000, Train Loss: 0.5044, Validation Set Manhattan Distance: 12.0, Mask Weight: 0.903
Epoch 770/20000, Train Loss: 0.6176, Validation Set Manhattan Distance: 12.0, Mask Weight: 0.903
Epoch 771/20000, Train Loss: 0.4947, Validation Set Manhattan Distance: 12.0, Mask Weight: 0.903
Epoch 772/20000, Train Loss: 0.4998, Validation Set Manhattan Distance: 12.0, Mask Weight: 0.903
Epoch 773/20000, Train Loss: 0.4564, Validation Set Manhattan Distance: 12.0, Mask Weight: 0.903
Epoch 774/20000, Train Loss: 0.4316, Validation Set Manhattan Distance: 12.0, Mask Weight: 0.903
Epoch 775/20000, Train Loss: 0.4176, Validation Set Manhattan Distance: 12.0, Mask Weight: 0.903
Epoch 776/20000, Train Loss: 0.4196, Validation Set Manhattan Distance: 12.0, Mask Weight: 0.903
Epoch 777/20000, Train Loss: 0.5285, Validation Set Manhattan Distance: 12.0, Mask Weight: 0.903
Epoch 778/20000, Train Loss: 0.4816, Validation Set Manhattan Distance: 12.0, Mask Weight: 0.903
Epoch 779/20000, Train Loss: 0.4590, Validation Set Manhattan Distance: 12.0, Mask Weight: 0.903
Epoch 780/20000, Train Loss: 0.4627, Validation Set Manhattan Distance: 12.0, Mask Weight: 0.903
Epoch 781/20000, Train Loss: 0.4433, Validation Set Manhattan Distance: 12.0, Mask Weight: 0.903
Epoch 782/20000, Train Loss: 0.4217, Validation Set Manhattan Distance: 12.0, Mask Weight: 0.903
Epoch 783/20000, Train Loss: 0.4116, Validation Set Manhattan Distance: 12.0, Mask Weight: 0.903
Epoch 784/20000, Train Loss: 0.4088, Validation Set Manhattan Distance: 12.0, Mask Weight: 0.903
Epoch 785/20000, Train Loss: 0.4098, Validation Set Manhattan Distance: 12.0, Mask Weight: 0.903
Epoch 786/20000, Train Loss: 0.4062, Validation Set Manhattan Distance: 12.0, Mask Weight: 0.903
Epoch 787/20000, Train Loss: 0.4069, Validation Set Manhattan Distance: 12.0, Mask Weight: 0.903
Epoch 788/20000, Train Loss: 0.4064, Validation Set Manhattan Distance: 12.0, Mask Weight: 0.903
Epoch 789/20000, Train Loss: 0.4056, Validation Set Manhattan Distance: 12.0, Mask Weight: 0.903
Epoch 790/20000, Train Loss: 0.4047, Validation Set Manhattan Distance: 12.0, Mask Weight: 0.903
Epoch 791/20000, Train Loss: 0.4044, Validation Set Manhattan Distance: 12.0, Mask Weight: 0.903
Epoch 792/20000, Train Loss: 0.4055, Validation Set Manhattan Distance: 12.0, Mask Weight: 0.903
Epoch 793/20000, Train Loss: 0.4073, Validation Set Manhattan Distance: 12.0, Mask Weight: 0.903
Epoch 794/20000, Train Loss: 0.4067, Validation Set Manhattan Distance: 12.0, Mask Weight: 0.903
Epoch 795/20000, Train Loss: 0.4055, Validation Set Manhattan Distance: 12.0, Mask Weight: 0.903
Epoch 796/20000, Train Loss: 0.4059, Validation Set Manhattan Distance: 12.0, Mask Weight: 0.903
Epoch 797/20000, Train Loss: 0.4080, Validation Set Manhattan Distance: 12.0, Mask Weight: 0.903
Epoch 798/20000, Train Loss: 0.4071, Validation Set Manhattan Distance: 12.0, Mask Weight: 0.903
Epoch 799/20000, Train Loss: 0.4064, Validation Set Manhattan Distance: 12.0, Mask Weight: 0.903
Epoch 800/20000, Train Loss: 0.4051, Validation Set Manhattan Distance: 12.0, Mask Weight: 0.903
Epoch 801/20000, Train Loss: 0.4048, Validation Set Manhattan Distance: 12.0, Mask Weight: 0.903
Epoch 802/20000, Train Loss: 0.4047, Validation Set Manhattan Distance: 12.0, Mask Weight: 0.903
Epoch 803/20000, Train Loss: 0.4042, Validation Set Manhattan Distance: 12.0, Mask Weight: 0.903
Epoch 804/20000, Train Loss: 0.4049, Validation Set Manhattan Distance: 12.0, Mask Weight: 0.903
Epoch 805/20000, Train Loss: 0.4040, Validation Set Manhattan Distance: 12.0, Mask Weight: 0.903
Epoch 806/20000, Train Loss: 0.4028, Validation Set Manhattan Distance: 12.0, Mask Weight: 0.903
Epoch 807/20000, Train Loss: 0.4020, Validation Set Manhattan Distance: 12.0, Mask Weight: 0.903
Epoch 808/20000, Train Loss: 0.4060, Validation Set Manhattan Distance: 12.0, Mask Weight: 0.903
Epoch 809/20000, Train Loss: 0.4055, Validation Set Manhattan Distance: 12.0, Mask Weight: 0.903
Epoch 810/20000, Train Loss: 0.4037, Validation Set Manhattan Distance: 12.0, Mask Weight: 0.903
Epoch 811/20000, Train Loss: 0.4034, Validation Set Manhattan Distance: 12.0, Mask Weight: 0.903
Epoch 812/20000, Train Loss: 0.4028, Validation Set Manhattan Distance: 12.0, Mask Weight: 0.903
Epoch 813/20000, Train Loss: 0.4079, Validation Set Manhattan Distance: 12.0, Mask Weight: 0.903
Epoch 814/20000, Train Loss: 0.4046, Validation Set Manhattan Distance: 12.0, Mask Weight: 0.903
Epoch 815/20000, Train Loss: 0.4080, Validation Set Manhattan Distance: 12.0, Mask Weight: 0.903
Epoch 816/20000, Train Loss: 0.4061, Validation Set Manhattan Distance: 12.0, Mask Weight: 0.903
Epoch 817/20000, Train Loss: 0.4038, Validation Set Manhattan Distance: 12.0, Mask Weight: 0.903
Epoch 818/20000, Train Loss: 0.4025, Validation Set Manhattan Distance: 12.0, Mask Weight: 0.903
Epoch 819/20000, Train Loss: 0.4029, Validation Set Manhattan Distance: 12.0, Mask Weight: 0.903
Epoch 820/20000, Train Loss: 0.4025, Validation Set Manhattan Distance: 12.0, Mask Weight: 0.903
Epoch 821/20000, Train Loss: 0.4045, Validation Set Manhattan Distance: 12.0, Mask Weight: 0.903
Epoch 822/20000, Train Loss: 0.4044, Validation Set Manhattan Distance: 12.0, Mask Weight: 0.903
Epoch 823/20000, Train Loss: 0.4026, Validation Set Manhattan Distance: 12.0, Mask Weight: 0.903
Epoch 824/20000, Train Loss: 0.4010, Validation Set Manhattan Distance: 12.0, Mask Weight: 0.903
Epoch 825/20000, Train Loss: 0.4035, Validation Set Manhattan Distance: 12.0, Mask Weight: 0.903
Epoch 826/20000, Train Loss: 0.4056, Validation Set Manhattan Distance: 12.0, Mask Weight: 0.903
Epoch 827/20000, Train Loss: 0.4041, Validation Set Manhattan Distance: 12.0, Mask Weight: 0.903
Epoch 828/20000, Train Loss: 0.4030, Validation Set Manhattan Distance: 12.0, Mask Weight: 0.903
Epoch 829/20000, Train Loss: 0.4070, Validation Set Manhattan Distance: 12.0, Mask Weight: 0.903
Epoch 830/20000, Train Loss: 0.4036, Validation Set Manhattan Distance: 12.0, Mask Weight: 0.903
Epoch 831/20000, Train Loss: 0.4041, Validation Set Manhattan Distance: 12.0, Mask Weight: 0.903
Epoch 832/20000, Train Loss: 0.4038, Validation Set Manhattan Distance: 12.0, Mask Weight: 0.903
Epoch 833/20000, Train Loss: 0.4039, Validation Set Manhattan Distance: 12.0, Mask Weight: 0.903
Epoch 834/20000, Train Loss: 0.4045, Validation Set Manhattan Distance: 12.0, Mask Weight: 0.903
Epoch 835/20000, Train Loss: 0.4039, Validation Set Manhattan Distance: 12.0, Mask Weight: 0.903
Epoch 836/20000, Train Loss: 0.4024, Validation Set Manhattan Distance: 12.0, Mask Weight: 0.903
Epoch 837/20000, Train Loss: 0.4046, Validation Set Manhattan Distance: 12.0, Mask Weight: 0.903
Epoch 838/20000, Train Loss: 0.4043, Validation Set Manhattan Distance: 12.0, Mask Weight: 0.903
Epoch 839/20000, Train Loss: 0.4083, Validation Set Manhattan Distance: 12.0, Mask Weight: 0.903
Epoch 840/20000, Train Loss: 0.4066, Validation Set Manhattan Distance: 12.0, Mask Weight: 0.903
Epoch 841/20000, Train Loss: 0.4036, Validation Set Manhattan Distance: 12.0, Mask Weight: 0.903
Epoch 842/20000, Train Loss: 0.4032, Validation Set Manhattan Distance: 12.0, Mask Weight: 0.903
Epoch 843/20000, Train Loss: 0.4040, Validation Set Manhattan Distance: 12.0, Mask Weight: 0.903
Epoch 844/20000, Train Loss: 0.4039, Validation Set Manhattan Distance: 12.0, Mask Weight: 0.903
Epoch 845/20000, Train Loss: 0.4029, Validation Set Manhattan Distance: 12.0, Mask Weight: 0.903
Epoch 846/20000, Train Loss: 0.4026, Validation Set Manhattan Distance: 12.0, Mask Weight: 0.903
Epoch 847/20000, Train Loss: 0.4023, Validation Set Manhattan Distance: 12.0, Mask Weight: 0.903
Epoch 848/20000, Train Loss: 0.4041, Validation Set Manhattan Distance: 12.0, Mask Weight: 0.903
Epoch 849/20000, Train Loss: 0.4047, Validation Set Manhattan Distance: 12.0, Mask Weight: 0.903
Epoch 850/20000, Train Loss: 0.4034, Validation Set Manhattan Distance: 12.0, Mask Weight: 0.903
Epoch 851/20000, Train Loss: 0.4037, Validation Set Manhattan Distance: 12.0, Mask Weight: 0.903
Epoch 852/20000, Train Loss: 0.4019, Validation Set Manhattan Distance: 12.0, Mask Weight: 0.903
Epoch 853/20000, Train Loss: 0.4040, Validation Set Manhattan Distance: 12.0, Mask Weight: 0.903
Epoch 854/20000, Train Loss: 0.4031, Validation Set Manhattan Distance: 12.0, Mask Weight: 0.903
Epoch 855/20000, Train Loss: 0.4027, Validation Set Manhattan Distance: 12.0, Mask Weight: 0.903
Epoch 856/20000, Train Loss: 0.4045, Validation Set Manhattan Distance: 12.0, Mask Weight: 0.903
Epoch 857/20000, Train Loss: 0.4034, Validation Set Manhattan Distance: 12.0, Mask Weight: 0.903
Epoch 858/20000, Train Loss: 0.4030, Validation Set Manhattan Distance: 12.0, Mask Weight: 0.903
Epoch 859/20000, Train Loss: 0.4051, Validation Set Manhattan Distance: 12.0, Mask Weight: 0.903
Epoch 860/20000, Train Loss: 0.4044, Validation Set Manhattan Distance: 12.0, Mask Weight: 0.903
Epoch 861/20000, Train Loss: 0.4045, Validation Set Manhattan Distance: 12.0, Mask Weight: 0.903
Epoch 862/20000, Train Loss: 0.4032, Validation Set Manhattan Distance: 12.0, Mask Weight: 0.903
Epoch 863/20000, Train Loss: 0.4031, Validation Set Manhattan Distance: 12.0, Mask Weight: 0.903
Epoch 864/20000, Train Loss: 0.4027, Validation Set Manhattan Distance: 12.0, Mask Weight: 0.903
Epoch 865/20000, Train Loss: 0.4052, Validation Set Manhattan Distance: 12.0, Mask Weight: 0.903
Epoch 866/20000, Train Loss: 0.4026, Validation Set Manhattan Distance: 12.0, Mask Weight: 0.903
Epoch 867/20000, Train Loss: 0.4035, Validation Set Manhattan Distance: 12.0, Mask Weight: 0.903
Epoch 868/20000, Train Loss: 0.4020, Validation Set Manhattan Distance: 12.0, Mask Weight: 0.903
Epoch 869/20000, Train Loss: 0.4034, Validation Set Manhattan Distance: 12.0, Mask Weight: 0.903
Epoch 870/20000, Train Loss: 0.4047, Validation Set Manhattan Distance: 12.0, Mask Weight: 0.903
Epoch 871/20000, Train Loss: 0.4045, Validation Set Manhattan Distance: 12.0, Mask Weight: 0.903
Epoch 872/20000, Train Loss: 0.4020, Validation Set Manhattan Distance: 12.0, Mask Weight: 0.903
Epoch 873/20000, Train Loss: 0.4054, Validation Set Manhattan Distance: 12.0, Mask Weight: 0.903
Epoch 874/20000, Train Loss: 0.4043, Validation Set Manhattan Distance: 12.0, Mask Weight: 0.903
Epoch 875/20000, Train Loss: 0.4041, Validation Set Manhattan Distance: 12.0, Mask Weight: 0.903
Epoch 876/20000, Train Loss: 0.4032, Validation Set Manhattan Distance: 12.0, Mask Weight: 0.903
Epoch 877/20000, Train Loss: 0.4035, Validation Set Manhattan Distance: 12.0, Mask Weight: 0.903
Epoch 878/20000, Train Loss: 0.4022, Validation Set Manhattan Distance: 12.0, Mask Weight: 0.903
Epoch 879/20000, Train Loss: 0.4044, Validation Set Manhattan Distance: 12.0, Mask Weight: 0.903
Epoch 880/20000, Train Loss: 0.4024, Validation Set Manhattan Distance: 12.0, Mask Weight: 0.903
Epoch 881/20000, Train Loss: 0.4034, Validation Set Manhattan Distance: 12.0, Mask Weight: 0.903
Epoch 882/20000, Train Loss: 0.4036, Validation Set Manhattan Distance: 12.0, Mask Weight: 0.903
Epoch 883/20000, Train Loss: 0.4046, Validation Set Manhattan Distance: 12.0, Mask Weight: 0.903
Epoch 884/20000, Train Loss: 0.4055, Validation Set Manhattan Distance: 12.0, Mask Weight: 0.903
Epoch 885/20000, Train Loss: 0.4032, Validation Set Manhattan Distance: 12.0, Mask Weight: 0.903
Epoch 886/20000, Train Loss: 0.4041, Validation Set Manhattan Distance: 12.0, Mask Weight: 0.903
Epoch 887/20000, Train Loss: 0.4037, Validation Set Manhattan Distance: 12.0, Mask Weight: 0.903
Epoch 888/20000, Train Loss: 0.4019, Validation Set Manhattan Distance: 12.0, Mask Weight: 0.903
Epoch 889/20000, Train Loss: 0.4032, Validation Set Manhattan Distance: 12.0, Mask Weight: 0.903
Epoch 890/20000, Train Loss: 0.4036, Validation Set Manhattan Distance: 12.0, Mask Weight: 0.903
Epoch 891/20000, Train Loss: 0.4033, Validation Set Manhattan Distance: 12.0, Mask Weight: 0.903
Epoch 892/20000, Train Loss: 0.4037, Validation Set Manhattan Distance: 12.0, Mask Weight: 0.903
Epoch 893/20000, Train Loss: 0.4015, Validation Set Manhattan Distance: 12.0, Mask Weight: 0.903
Epoch 894/20000, Train Loss: 0.4033, Validation Set Manhattan Distance: 12.0, Mask Weight: 0.903
Epoch 895/20000, Train Loss: 0.4024, Validation Set Manhattan Distance: 12.0, Mask Weight: 0.903
Epoch 896/20000, Train Loss: 0.4041, Validation Set Manhattan Distance: 12.0, Mask Weight: 0.903
Epoch 897/20000, Train Loss: 0.4032, Validation Set Manhattan Distance: 12.0, Mask Weight: 0.903
Epoch 898/20000, Train Loss: 0.4029, Validation Set Manhattan Distance: 12.0, Mask Weight: 0.903
Epoch 899/20000, Train Loss: 0.4030, Validation Set Manhattan Distance: 12.0, Mask Weight: 0.903
Epoch 900/20000, Train Loss: 0.4035, Validation Set Manhattan Distance: 12.0, Mask Weight: 0.903
Epoch 901/20000, Train Loss: 0.4034, Validation Set Manhattan Distance: 12.0, Mask Weight: 0.903
Epoch 902/20000, Train Loss: 0.4063, Validation Set Manhattan Distance: 12.0, Mask Weight: 0.903
Epoch 903/20000, Train Loss: 0.4053, Validation Set Manhattan Distance: 12.0, Mask Weight: 0.903
Epoch 904/20000, Train Loss: 0.4029, Validation Set Manhattan Distance: 12.0, Mask Weight: 0.903
Epoch 905/20000, Train Loss: 0.4026, Validation Set Manhattan Distance: 12.0, Mask Weight: 0.903
Epoch 906/20000, Train Loss: 0.4074, Validation Set Manhattan Distance: 12.0, Mask Weight: 0.903
Epoch 907/20000, Train Loss: 0.4068, Validation Set Manhattan Distance: 12.0, Mask Weight: 0.903
Epoch 908/20000, Train Loss: 0.4018, Validation Set Manhattan Distance: 12.0, Mask Weight: 0.903
Epoch 909/20000, Train Loss: 0.4065, Validation Set Manhattan Distance: 12.0, Mask Weight: 0.903
Epoch 910/20000, Train Loss: 0.4020, Validation Set Manhattan Distance: 12.0, Mask Weight: 0.903
Epoch 911/20000, Train Loss: 0.4048, Validation Set Manhattan Distance: 12.0, Mask Weight: 0.903
Epoch 912/20000, Train Loss: 0.4029, Validation Set Manhattan Distance: 12.0, Mask Weight: 0.903
Epoch 913/20000, Train Loss: 0.4047, Validation Set Manhattan Distance: 12.0, Mask Weight: 0.903
Epoch 914/20000, Train Loss: 0.4056, Validation Set Manhattan Distance: 12.0, Mask Weight: 0.903
Epoch 915/20000, Train Loss: 0.4017, Validation Set Manhattan Distance: 12.0, Mask Weight: 0.903
Epoch 916/20000, Train Loss: 0.4032, Validation Set Manhattan Distance: 12.0, Mask Weight: 0.903
Epoch 917/20000, Train Loss: 0.4018, Validation Set Manhattan Distance: 12.0, Mask Weight: 0.903
Epoch 918/20000, Train Loss: 0.4031, Validation Set Manhattan Distance: 12.0, Mask Weight: 0.903
Epoch 919/20000, Train Loss: 0.4033, Validation Set Manhattan Distance: 12.0, Mask Weight: 0.903
Epoch 920/20000, Train Loss: 0.4013, Validation Set Manhattan Distance: 12.0, Mask Weight: 0.903
Epoch 921/20000, Train Loss: 0.4017, Validation Set Manhattan Distance: 12.0, Mask Weight: 0.903
Epoch 922/20000, Train Loss: 0.4029, Validation Set Manhattan Distance: 12.0, Mask Weight: 0.903
Epoch 923/20000, Train Loss: 0.4038, Validation Set Manhattan Distance: 12.0, Mask Weight: 0.903
Epoch 924/20000, Train Loss: 0.4016, Validation Set Manhattan Distance: 12.0, Mask Weight: 0.903
Epoch 925/20000, Train Loss: 0.4020, Validation Set Manhattan Distance: 12.0, Mask Weight: 0.903
Epoch 926/20000, Train Loss: 0.4025, Validation Set Manhattan Distance: 12.0, Mask Weight: 0.903
Epoch 927/20000, Train Loss: 0.4037, Validation Set Manhattan Distance: 12.0, Mask Weight: 0.903