Using device: cuda
Starting training with gradient-based adaptive weighted mask...
Epoch 1/20000, Train Loss: 60.7925, Validation Set Manhattan Distance: 382.0, Mask Weight: 1.000
  -> New best Validation Set Manhattan Distance: 382.0. Model saved.
Epoch 2/20000, Train Loss: 45.0143, Validation Set Manhattan Distance: 384.0, Mask Weight: 1.000
Epoch 3/20000, Train Loss: 34.6115, Validation Set Manhattan Distance: 388.0, Mask Weight: 1.000
Epoch 4/20000, Train Loss: 27.3279, Validation Set Manhattan Distance: 384.0, Mask Weight: 1.000
Epoch 5/20000, Train Loss: 22.3772, Validation Set Manhattan Distance: 382.0, Mask Weight: 1.000
Epoch 6/20000, Train Loss: 18.5097, Validation Set Manhattan Distance: 382.0, Mask Weight: 1.000
Epoch 7/20000, Train Loss: 15.3568, Validation Set Manhattan Distance: 388.0, Mask Weight: 1.000
Epoch 8/20000, Train Loss: 12.7594, Validation Set Manhattan Distance: 390.0, Mask Weight: 1.000
Epoch 9/20000, Train Loss: 10.5568, Validation Set Manhattan Distance: 386.0, Mask Weight: 1.000
Epoch 10/20000, Train Loss: 8.6998, Validation Set Manhattan Distance: 386.0, Mask Weight: 1.000
Epoch 11/20000, Train Loss: 7.1488, Validation Set Manhattan Distance: 386.0, Mask Weight: 1.000
Epoch 12/20000, Train Loss: 5.8520, Validation Set Manhattan Distance: 387.0, Mask Weight: 1.000
Epoch 13/20000, Train Loss: 4.7764, Validation Set Manhattan Distance: 394.0, Mask Weight: 1.000
Epoch 14/20000, Train Loss: 3.8842, Validation Set Manhattan Distance: 392.0, Mask Weight: 1.000
Epoch 15/20000, Train Loss: 3.1530, Validation Set Manhattan Distance: 388.0, Mask Weight: 1.000
Epoch 16/20000, Train Loss: 2.5550, Validation Set Manhattan Distance: 388.0, Mask Weight: 1.000
Epoch 17/20000, Train Loss: 2.0662, Validation Set Manhattan Distance: 388.0, Mask Weight: 1.000
Epoch 18/20000, Train Loss: 1.6701, Validation Set Manhattan Distance: 388.0, Mask Weight: 1.000
Epoch 19/20000, Train Loss: 1.3470, Validation Set Manhattan Distance: 388.0, Mask Weight: 1.000
Epoch 20/20000, Train Loss: 1.0864, Validation Set Manhattan Distance: 388.0, Mask Weight: 1.000
Epoch 21/20000, Train Loss: 0.8768, Validation Set Manhattan Distance: 388.0, Mask Weight: 1.000
Epoch 22/20000, Train Loss: 0.7058, Validation Set Manhattan Distance: 388.0, Mask Weight: 1.000
Epoch 23/20000, Train Loss: 0.5682, Validation Set Manhattan Distance: 382.0, Mask Weight: 1.000
Epoch 24/20000, Train Loss: 0.4590, Validation Set Manhattan Distance: 382.0, Mask Weight: 1.000
Epoch 25/20000, Train Loss: 0.3697, Validation Set Manhattan Distance: 382.0, Mask Weight: 1.000
Epoch 26/20000, Train Loss: 0.2973, Validation Set Manhattan Distance: 382.0, Mask Weight: 1.000
Epoch 27/20000, Train Loss: 0.2408, Validation Set Manhattan Distance: 382.0, Mask Weight: 1.000
Epoch 28/20000, Train Loss: 0.1938, Validation Set Manhattan Distance: 390.0, Mask Weight: 1.000
Epoch 29/20000, Train Loss: 0.1585, Validation Set Manhattan Distance: 382.0, Mask Weight: 1.000
Epoch 30/20000, Train Loss: 0.1278, Validation Set Manhattan Distance: 382.0, Mask Weight: 1.000
Epoch 31/20000, Train Loss: 0.1042, Validation Set Manhattan Distance: 382.0, Mask Weight: 1.000
  -> Train loss below 0.1. Mask weight reduction is now enabled.
Epoch 32/20000, Train Loss: 0.0869, Validation Set Manhattan Distance: 382.0, Mask Weight: 1.000
  -> Validation Set Manhattan Distance did not improve for 10 epochs.
  -> Unmasked Loss (Gradient Magnitude): 0.6270, Calculated Decrement: 0.0080
  -> Reducing mask weight to 0.992.
  -> Mask weight reduction is now disabled until train loss is below 0.001 again.
Epoch 33/20000, Train Loss: 0.2880, Validation Set Manhattan Distance: 12.0, Mask Weight: 0.992
  -> New best Validation Set Manhattan Distance: 12.0. Model saved.
Epoch 34/20000, Train Loss: 0.1370, Validation Set Manhattan Distance: 12.0, Mask Weight: 0.992
Epoch 35/20000, Train Loss: 0.1274, Validation Set Manhattan Distance: 12.0, Mask Weight: 0.992
Epoch 36/20000, Train Loss: 0.1180, Validation Set Manhattan Distance: 12.0, Mask Weight: 0.992
Epoch 37/20000, Train Loss: 0.1116, Validation Set Manhattan Distance: 12.0, Mask Weight: 0.992
Epoch 38/20000, Train Loss: 0.1059, Validation Set Manhattan Distance: 12.0, Mask Weight: 0.992
Epoch 39/20000, Train Loss: 0.1013, Validation Set Manhattan Distance: 12.0, Mask Weight: 0.992
  -> Train loss below 0.1. Mask weight reduction is now enabled.
Epoch 40/20000, Train Loss: 0.0990, Validation Set Manhattan Distance: 12.0, Mask Weight: 0.992
Epoch 41/20000, Train Loss: 0.0961, Validation Set Manhattan Distance: 12.0, Mask Weight: 0.992
Epoch 42/20000, Train Loss: 0.0938, Validation Set Manhattan Distance: 12.0, Mask Weight: 0.992
Epoch 43/20000, Train Loss: 0.0912, Validation Set Manhattan Distance: 12.0, Mask Weight: 0.992
  -> Validation Set Manhattan Distance did not improve for 10 epochs.
  -> Unmasked Loss (Gradient Magnitude): 0.0940, Calculated Decrement: 0.0532
  -> Reducing mask weight to 0.939.
  -> Mask weight reduction is now disabled until train loss is below 0.001 again.
Epoch 44/20000, Train Loss: 0.5926, Validation Set Manhattan Distance: 12.0, Mask Weight: 0.939
Epoch 45/20000, Train Loss: 0.5866, Validation Set Manhattan Distance: 12.0, Mask Weight: 0.939
Epoch 46/20000, Train Loss: 0.5843, Validation Set Manhattan Distance: 12.0, Mask Weight: 0.939
Epoch 47/20000, Train Loss: 0.5835, Validation Set Manhattan Distance: 12.0, Mask Weight: 0.939
Epoch 48/20000, Train Loss: 0.5792, Validation Set Manhattan Distance: 12.0, Mask Weight: 0.939
Epoch 49/20000, Train Loss: 0.5740, Validation Set Manhattan Distance: 12.0, Mask Weight: 0.939
Epoch 50/20000, Train Loss: 0.5707, Validation Set Manhattan Distance: 12.0, Mask Weight: 0.939
Epoch 51/20000, Train Loss: 0.5687, Validation Set Manhattan Distance: 12.0, Mask Weight: 0.939
Epoch 52/20000, Train Loss: 0.5802, Validation Set Manhattan Distance: 12.0, Mask Weight: 0.939
Epoch 53/20000, Train Loss: 0.5723, Validation Set Manhattan Distance: 12.0, Mask Weight: 0.939
Epoch 54/20000, Train Loss: 0.5620, Validation Set Manhattan Distance: 12.0, Mask Weight: 0.939
Epoch 55/20000, Train Loss: 0.5648, Validation Set Manhattan Distance: 12.0, Mask Weight: 0.939
Epoch 56/20000, Train Loss: 0.5557, Validation Set Manhattan Distance: 12.0, Mask Weight: 0.939
Epoch 57/20000, Train Loss: 0.5443, Validation Set Manhattan Distance: 12.0, Mask Weight: 0.939
Epoch 58/20000, Train Loss: 0.5255, Validation Set Manhattan Distance: 12.0, Mask Weight: 0.939
Epoch 59/20000, Train Loss: 0.5015, Validation Set Manhattan Distance: 12.0, Mask Weight: 0.939
Epoch 60/20000, Train Loss: 0.4836, Validation Set Manhattan Distance: 12.0, Mask Weight: 0.939
Epoch 61/20000, Train Loss: 0.4718, Validation Set Manhattan Distance: 12.0, Mask Weight: 0.939
Epoch 62/20000, Train Loss: 0.4557, Validation Set Manhattan Distance: 12.0, Mask Weight: 0.939
Epoch 63/20000, Train Loss: 0.4296, Validation Set Manhattan Distance: 12.0, Mask Weight: 0.939
Epoch 64/20000, Train Loss: 0.4080, Validation Set Manhattan Distance: 12.0, Mask Weight: 0.939
Epoch 65/20000, Train Loss: 0.4088, Validation Set Manhattan Distance: 12.0, Mask Weight: 0.939
Epoch 66/20000, Train Loss: 0.3841, Validation Set Manhattan Distance: 12.0, Mask Weight: 0.939
Epoch 67/20000, Train Loss: 0.3885, Validation Set Manhattan Distance: 12.0, Mask Weight: 0.939
Epoch 68/20000, Train Loss: 0.3671, Validation Set Manhattan Distance: 12.0, Mask Weight: 0.939
Epoch 69/20000, Train Loss: 0.3755, Validation Set Manhattan Distance: 12.0, Mask Weight: 0.939
Epoch 70/20000, Train Loss: 0.3771, Validation Set Manhattan Distance: 12.0, Mask Weight: 0.939
Epoch 71/20000, Train Loss: 0.3588, Validation Set Manhattan Distance: 12.0, Mask Weight: 0.939
Epoch 72/20000, Train Loss: 0.3680, Validation Set Manhattan Distance: 12.0, Mask Weight: 0.939
Epoch 73/20000, Train Loss: 0.3479, Validation Set Manhattan Distance: 12.0, Mask Weight: 0.939
Epoch 74/20000, Train Loss: 0.3451, Validation Set Manhattan Distance: 12.0, Mask Weight: 0.939
Epoch 75/20000, Train Loss: 0.3966, Validation Set Manhattan Distance: 12.0, Mask Weight: 0.939
Epoch 76/20000, Train Loss: 0.3893, Validation Set Manhattan Distance: 12.0, Mask Weight: 0.939
Epoch 77/20000, Train Loss: 0.3772, Validation Set Manhattan Distance: 12.0, Mask Weight: 0.939
Epoch 78/20000, Train Loss: 0.3580, Validation Set Manhattan Distance: 12.0, Mask Weight: 0.939
Epoch 79/20000, Train Loss: 0.3456, Validation Set Manhattan Distance: 12.0, Mask Weight: 0.939
Epoch 80/20000, Train Loss: 0.3326, Validation Set Manhattan Distance: 12.0, Mask Weight: 0.939
Epoch 81/20000, Train Loss: 0.3396, Validation Set Manhattan Distance: 12.0, Mask Weight: 0.939
Epoch 82/20000, Train Loss: 0.3310, Validation Set Manhattan Distance: 12.0, Mask Weight: 0.939
Epoch 83/20000, Train Loss: 0.3198, Validation Set Manhattan Distance: 12.0, Mask Weight: 0.939
Epoch 84/20000, Train Loss: 0.3124, Validation Set Manhattan Distance: 12.0, Mask Weight: 0.939
Epoch 85/20000, Train Loss: 0.3158, Validation Set Manhattan Distance: 12.0, Mask Weight: 0.939
Epoch 86/20000, Train Loss: 0.3363, Validation Set Manhattan Distance: 12.0, Mask Weight: 0.939
Epoch 87/20000, Train Loss: 0.3391, Validation Set Manhattan Distance: 12.0, Mask Weight: 0.939
Epoch 88/20000, Train Loss: 0.3725, Validation Set Manhattan Distance: 12.0, Mask Weight: 0.939
Epoch 89/20000, Train Loss: 0.3219, Validation Set Manhattan Distance: 12.0, Mask Weight: 0.939
Epoch 90/20000, Train Loss: 0.3231, Validation Set Manhattan Distance: 12.0, Mask Weight: 0.939
Epoch 91/20000, Train Loss: 0.3212, Validation Set Manhattan Distance: 12.0, Mask Weight: 0.939
Epoch 92/20000, Train Loss: 0.3384, Validation Set Manhattan Distance: 12.0, Mask Weight: 0.939
Epoch 93/20000, Train Loss: 0.3429, Validation Set Manhattan Distance: 12.0, Mask Weight: 0.939
Epoch 94/20000, Train Loss: 0.3216, Validation Set Manhattan Distance: 12.0, Mask Weight: 0.939
Epoch 95/20000, Train Loss: 0.3301, Validation Set Manhattan Distance: 12.0, Mask Weight: 0.939
Epoch 96/20000, Train Loss: 0.3332, Validation Set Manhattan Distance: 12.0, Mask Weight: 0.939
Epoch 97/20000, Train Loss: 0.3257, Validation Set Manhattan Distance: 12.0, Mask Weight: 0.939
Epoch 98/20000, Train Loss: 0.3077, Validation Set Manhattan Distance: 12.0, Mask Weight: 0.939
Epoch 99/20000, Train Loss: 0.3105, Validation Set Manhattan Distance: 12.0, Mask Weight: 0.939
Epoch 100/20000, Train Loss: 0.3204, Validation Set Manhattan Distance: 12.0, Mask Weight: 0.939
Epoch 101/20000, Train Loss: 0.3079, Validation Set Manhattan Distance: 12.0, Mask Weight: 0.939
Epoch 102/20000, Train Loss: 0.3152, Validation Set Manhattan Distance: 12.0, Mask Weight: 0.939
Epoch 103/20000, Train Loss: 0.3092, Validation Set Manhattan Distance: 12.0, Mask Weight: 0.939
Epoch 104/20000, Train Loss: 0.2881, Validation Set Manhattan Distance: 12.0, Mask Weight: 0.939
Epoch 105/20000, Train Loss: 0.2887, Validation Set Manhattan Distance: 12.0, Mask Weight: 0.939
Epoch 106/20000, Train Loss: 0.2876, Validation Set Manhattan Distance: 12.0, Mask Weight: 0.939
Epoch 107/20000, Train Loss: 0.2840, Validation Set Manhattan Distance: 12.0, Mask Weight: 0.939
Epoch 108/20000, Train Loss: 0.2814, Validation Set Manhattan Distance: 12.0, Mask Weight: 0.939
Epoch 109/20000, Train Loss: 0.2914, Validation Set Manhattan Distance: 12.0, Mask Weight: 0.939
Epoch 110/20000, Train Loss: 0.3497, Validation Set Manhattan Distance: 12.0, Mask Weight: 0.939
Epoch 111/20000, Train Loss: 0.3110, Validation Set Manhattan Distance: 12.0, Mask Weight: 0.939
Epoch 112/20000, Train Loss: 0.2833, Validation Set Manhattan Distance: 12.0, Mask Weight: 0.939
Epoch 113/20000, Train Loss: 0.2771, Validation Set Manhattan Distance: 12.0, Mask Weight: 0.939
Epoch 114/20000, Train Loss: 0.2760, Validation Set Manhattan Distance: 12.0, Mask Weight: 0.939
Epoch 115/20000, Train Loss: 0.2783, Validation Set Manhattan Distance: 12.0, Mask Weight: 0.939
Epoch 116/20000, Train Loss: 0.2750, Validation Set Manhattan Distance: 12.0, Mask Weight: 0.939
Epoch 117/20000, Train Loss: 0.2821, Validation Set Manhattan Distance: 12.0, Mask Weight: 0.939
Epoch 118/20000, Train Loss: 0.4035, Validation Set Manhattan Distance: 12.0, Mask Weight: 0.939
Epoch 119/20000, Train Loss: 0.3372, Validation Set Manhattan Distance: 12.0, Mask Weight: 0.939
Epoch 120/20000, Train Loss: 0.2955, Validation Set Manhattan Distance: 12.0, Mask Weight: 0.939
Epoch 121/20000, Train Loss: 0.2896, Validation Set Manhattan Distance: 12.0, Mask Weight: 0.939
Epoch 122/20000, Train Loss: 0.2840, Validation Set Manhattan Distance: 12.0, Mask Weight: 0.939
Epoch 123/20000, Train Loss: 0.2874, Validation Set Manhattan Distance: 12.0, Mask Weight: 0.939
Epoch 124/20000, Train Loss: 0.2782, Validation Set Manhattan Distance: 12.0, Mask Weight: 0.939
Epoch 125/20000, Train Loss: 0.2769, Validation Set Manhattan Distance: 12.0, Mask Weight: 0.939
Epoch 126/20000, Train Loss: 0.2754, Validation Set Manhattan Distance: 12.0, Mask Weight: 0.939
Epoch 127/20000, Train Loss: 0.2710, Validation Set Manhattan Distance: 12.0, Mask Weight: 0.939
Epoch 128/20000, Train Loss: 0.2699, Validation Set Manhattan Distance: 12.0, Mask Weight: 0.939
Epoch 129/20000, Train Loss: 0.2687, Validation Set Manhattan Distance: 12.0, Mask Weight: 0.939
Epoch 130/20000, Train Loss: 0.2698, Validation Set Manhattan Distance: 12.0, Mask Weight: 0.939
Epoch 131/20000, Train Loss: 0.2698, Validation Set Manhattan Distance: 12.0, Mask Weight: 0.939
Epoch 132/20000, Train Loss: 0.2695, Validation Set Manhattan Distance: 12.0, Mask Weight: 0.939
Epoch 133/20000, Train Loss: 0.2658, Validation Set Manhattan Distance: 12.0, Mask Weight: 0.939
Epoch 134/20000, Train Loss: 0.2732, Validation Set Manhattan Distance: 12.0, Mask Weight: 0.939
Epoch 135/20000, Train Loss: 0.2765, Validation Set Manhattan Distance: 12.0, Mask Weight: 0.939
Epoch 136/20000, Train Loss: 0.2748, Validation Set Manhattan Distance: 12.0, Mask Weight: 0.939
Epoch 137/20000, Train Loss: 0.2683, Validation Set Manhattan Distance: 12.0, Mask Weight: 0.939
Epoch 138/20000, Train Loss: 0.2688, Validation Set Manhattan Distance: 12.0, Mask Weight: 0.939
Epoch 139/20000, Train Loss: 0.2664, Validation Set Manhattan Distance: 12.0, Mask Weight: 0.939
Epoch 140/20000, Train Loss: 0.2680, Validation Set Manhattan Distance: 12.0, Mask Weight: 0.939
Epoch 141/20000, Train Loss: 0.2687, Validation Set Manhattan Distance: 12.0, Mask Weight: 0.939
Epoch 142/20000, Train Loss: 0.2680, Validation Set Manhattan Distance: 12.0, Mask Weight: 0.939
Epoch 143/20000, Train Loss: 0.2665, Validation Set Manhattan Distance: 12.0, Mask Weight: 0.939
Epoch 144/20000, Train Loss: 0.2673, Validation Set Manhattan Distance: 12.0, Mask Weight: 0.939
Epoch 145/20000, Train Loss: 0.2670, Validation Set Manhattan Distance: 12.0, Mask Weight: 0.939
Epoch 146/20000, Train Loss: 0.2673, Validation Set Manhattan Distance: 12.0, Mask Weight: 0.939
Epoch 147/20000, Train Loss: 0.2647, Validation Set Manhattan Distance: 12.0, Mask Weight: 0.939
Epoch 148/20000, Train Loss: 0.2724, Validation Set Manhattan Distance: 12.0, Mask Weight: 0.939
Epoch 149/20000, Train Loss: 0.2944, Validation Set Manhattan Distance: 12.0, Mask Weight: 0.939
Epoch 150/20000, Train Loss: 0.4903, Validation Set Manhattan Distance: 12.0, Mask Weight: 0.939
Epoch 151/20000, Train Loss: 0.4414, Validation Set Manhattan Distance: 12.0, Mask Weight: 0.939
Epoch 152/20000, Train Loss: 0.4343, Validation Set Manhattan Distance: 12.0, Mask Weight: 0.939
Epoch 153/20000, Train Loss: 0.3448, Validation Set Manhattan Distance: 12.0, Mask Weight: 0.939
Epoch 154/20000, Train Loss: 0.3365, Validation Set Manhattan Distance: 12.0, Mask Weight: 0.939
Epoch 155/20000, Train Loss: 0.3225, Validation Set Manhattan Distance: 12.0, Mask Weight: 0.939
Epoch 156/20000, Train Loss: 0.3128, Validation Set Manhattan Distance: 12.0, Mask Weight: 0.939
Epoch 157/20000, Train Loss: 0.3089, Validation Set Manhattan Distance: 12.0, Mask Weight: 0.939
Epoch 158/20000, Train Loss: 0.3038, Validation Set Manhattan Distance: 12.0, Mask Weight: 0.939
Epoch 159/20000, Train Loss: 0.2936, Validation Set Manhattan Distance: 12.0, Mask Weight: 0.939
Epoch 160/20000, Train Loss: 0.2911, Validation Set Manhattan Distance: 12.0, Mask Weight: 0.939
Epoch 161/20000, Train Loss: 0.2873, Validation Set Manhattan Distance: 12.0, Mask Weight: 0.939
Epoch 162/20000, Train Loss: 0.2842, Validation Set Manhattan Distance: 12.0, Mask Weight: 0.939
Epoch 163/20000, Train Loss: 0.2775, Validation Set Manhattan Distance: 12.0, Mask Weight: 0.939
Epoch 164/20000, Train Loss: 0.2779, Validation Set Manhattan Distance: 12.0, Mask Weight: 0.939
Epoch 165/20000, Train Loss: 0.2806, Validation Set Manhattan Distance: 12.0, Mask Weight: 0.939
Epoch 166/20000, Train Loss: 0.2840, Validation Set Manhattan Distance: 12.0, Mask Weight: 0.939
Epoch 167/20000, Train Loss: 0.2892, Validation Set Manhattan Distance: 12.0, Mask Weight: 0.939
Epoch 168/20000, Train Loss: 0.2804, Validation Set Manhattan Distance: 12.0, Mask Weight: 0.939
Epoch 169/20000, Train Loss: 0.2874, Validation Set Manhattan Distance: 12.0, Mask Weight: 0.939
Epoch 170/20000, Train Loss: 0.2891, Validation Set Manhattan Distance: 12.0, Mask Weight: 0.939
Epoch 171/20000, Train Loss: 0.2972, Validation Set Manhattan Distance: 12.0, Mask Weight: 0.939
Epoch 172/20000, Train Loss: 0.2781, Validation Set Manhattan Distance: 12.0, Mask Weight: 0.939
Epoch 173/20000, Train Loss: 0.2774, Validation Set Manhattan Distance: 12.0, Mask Weight: 0.939
Epoch 174/20000, Train Loss: 0.2712, Validation Set Manhattan Distance: 12.0, Mask Weight: 0.939
Epoch 175/20000, Train Loss: 0.2709, Validation Set Manhattan Distance: 12.0, Mask Weight: 0.939
Epoch 176/20000, Train Loss: 0.2675, Validation Set Manhattan Distance: 12.0, Mask Weight: 0.939
Epoch 177/20000, Train Loss: 0.2652, Validation Set Manhattan Distance: 12.0, Mask Weight: 0.939
Epoch 178/20000, Train Loss: 0.2654, Validation Set Manhattan Distance: 12.0, Mask Weight: 0.939
Epoch 179/20000, Train Loss: 0.2642, Validation Set Manhattan Distance: 12.0, Mask Weight: 0.939
Epoch 180/20000, Train Loss: 0.2671, Validation Set Manhattan Distance: 12.0, Mask Weight: 0.939
Epoch 181/20000, Train Loss: 0.2708, Validation Set Manhattan Distance: 12.0, Mask Weight: 0.939
Epoch 182/20000, Train Loss: 0.2678, Validation Set Manhattan Distance: 12.0, Mask Weight: 0.939
Epoch 183/20000, Train Loss: 0.2655, Validation Set Manhattan Distance: 12.0, Mask Weight: 0.939
Epoch 184/20000, Train Loss: 0.2661, Validation Set Manhattan Distance: 12.0, Mask Weight: 0.939
Epoch 185/20000, Train Loss: 0.2665, Validation Set Manhattan Distance: 12.0, Mask Weight: 0.939
Epoch 186/20000, Train Loss: 0.2643, Validation Set Manhattan Distance: 12.0, Mask Weight: 0.939
Epoch 187/20000, Train Loss: 0.2649, Validation Set Manhattan Distance: 12.0, Mask Weight: 0.939
Epoch 188/20000, Train Loss: 0.2661, Validation Set Manhattan Distance: 12.0, Mask Weight: 0.939
Epoch 189/20000, Train Loss: 0.2648, Validation Set Manhattan Distance: 12.0, Mask Weight: 0.939
Epoch 190/20000, Train Loss: 0.2662, Validation Set Manhattan Distance: 12.0, Mask Weight: 0.939
Epoch 191/20000, Train Loss: 0.2653, Validation Set Manhattan Distance: 12.0, Mask Weight: 0.939
Epoch 192/20000, Train Loss: 0.2641, Validation Set Manhattan Distance: 12.0, Mask Weight: 0.939
Epoch 193/20000, Train Loss: 0.2647, Validation Set Manhattan Distance: 12.0, Mask Weight: 0.939
Epoch 194/20000, Train Loss: 0.2657, Validation Set Manhattan Distance: 12.0, Mask Weight: 0.939
Epoch 195/20000, Train Loss: 0.2634, Validation Set Manhattan Distance: 12.0, Mask Weight: 0.939
Epoch 196/20000, Train Loss: 0.2645, Validation Set Manhattan Distance: 12.0, Mask Weight: 0.939
Epoch 197/20000, Train Loss: 0.2626, Validation Set Manhattan Distance: 12.0, Mask Weight: 0.939
Epoch 198/20000, Train Loss: 0.2618, Validation Set Manhattan Distance: 12.0, Mask Weight: 0.939
Epoch 199/20000, Train Loss: 0.2622, Validation Set Manhattan Distance: 12.0, Mask Weight: 0.939
Epoch 200/20000, Train Loss: 0.2630, Validation Set Manhattan Distance: 12.0, Mask Weight: 0.939
Epoch 201/20000, Train Loss: 0.2637, Validation Set Manhattan Distance: 12.0, Mask Weight: 0.939
Epoch 202/20000, Train Loss: 0.2633, Validation Set Manhattan Distance: 12.0, Mask Weight: 0.939
Epoch 203/20000, Train Loss: 0.2643, Validation Set Manhattan Distance: 12.0, Mask Weight: 0.939
Epoch 204/20000, Train Loss: 0.2662, Validation Set Manhattan Distance: 12.0, Mask Weight: 0.939
Epoch 205/20000, Train Loss: 0.2659, Validation Set Manhattan Distance: 12.0, Mask Weight: 0.939
Epoch 206/20000, Train Loss: 0.2660, Validation Set Manhattan Distance: 12.0, Mask Weight: 0.939
Epoch 207/20000, Train Loss: 0.2634, Validation Set Manhattan Distance: 12.0, Mask Weight: 0.939
Epoch 208/20000, Train Loss: 0.2613, Validation Set Manhattan Distance: 12.0, Mask Weight: 0.939
Epoch 209/20000, Train Loss: 0.2637, Validation Set Manhattan Distance: 12.0, Mask Weight: 0.939
Epoch 210/20000, Train Loss: 0.2626, Validation Set Manhattan Distance: 12.0, Mask Weight: 0.939
Epoch 211/20000, Train Loss: 0.2660, Validation Set Manhattan Distance: 12.0, Mask Weight: 0.939
Epoch 212/20000, Train Loss: 0.2627, Validation Set Manhattan Distance: 12.0, Mask Weight: 0.939
Epoch 213/20000, Train Loss: 0.2624, Validation Set Manhattan Distance: 12.0, Mask Weight: 0.939
Epoch 214/20000, Train Loss: 0.2640, Validation Set Manhattan Distance: 12.0, Mask Weight: 0.939
Epoch 215/20000, Train Loss: 0.2642, Validation Set Manhattan Distance: 12.0, Mask Weight: 0.939
Epoch 216/20000, Train Loss: 0.2642, Validation Set Manhattan Distance: 12.0, Mask Weight: 0.939
Epoch 217/20000, Train Loss: 0.2628, Validation Set Manhattan Distance: 12.0, Mask Weight: 0.939
Epoch 218/20000, Train Loss: 0.2614, Validation Set Manhattan Distance: 12.0, Mask Weight: 0.939
Epoch 219/20000, Train Loss: 0.2628, Validation Set Manhattan Distance: 12.0, Mask Weight: 0.939
Epoch 220/20000, Train Loss: 0.2637, Validation Set Manhattan Distance: 12.0, Mask Weight: 0.939
Epoch 221/20000, Train Loss: 0.2612, Validation Set Manhattan Distance: 12.0, Mask Weight: 0.939
Epoch 222/20000, Train Loss: 0.2624, Validation Set Manhattan Distance: 12.0, Mask Weight: 0.939
Epoch 223/20000, Train Loss: 0.2630, Validation Set Manhattan Distance: 12.0, Mask Weight: 0.939
Epoch 224/20000, Train Loss: 0.2628, Validation Set Manhattan Distance: 12.0, Mask Weight: 0.939
Epoch 225/20000, Train Loss: 0.2610, Validation Set Manhattan Distance: 12.0, Mask Weight: 0.939
Epoch 226/20000, Train Loss: 0.2625, Validation Set Manhattan Distance: 12.0, Mask Weight: 0.939
Epoch 227/20000, Train Loss: 0.2631, Validation Set Manhattan Distance: 12.0, Mask Weight: 0.939
Epoch 228/20000, Train Loss: 0.2628, Validation Set Manhattan Distance: 12.0, Mask Weight: 0.939
Epoch 229/20000, Train Loss: 0.2622, Validation Set Manhattan Distance: 12.0, Mask Weight: 0.939
Epoch 230/20000, Train Loss: 0.2604, Validation Set Manhattan Distance: 12.0, Mask Weight: 0.939
Epoch 231/20000, Train Loss: 0.2615, Validation Set Manhattan Distance: 12.0, Mask Weight: 0.939
Epoch 232/20000, Train Loss: 0.2621, Validation Set Manhattan Distance: 12.0, Mask Weight: 0.939
Epoch 233/20000, Train Loss: 0.2625, Validation Set Manhattan Distance: 12.0, Mask Weight: 0.939
Epoch 234/20000, Train Loss: 0.2616, Validation Set Manhattan Distance: 12.0, Mask Weight: 0.939
Epoch 235/20000, Train Loss: 0.2593, Validation Set Manhattan Distance: 12.0, Mask Weight: 0.939
Epoch 236/20000, Train Loss: 0.2627, Validation Set Manhattan Distance: 12.0, Mask Weight: 0.939
Epoch 237/20000, Train Loss: 0.2626, Validation Set Manhattan Distance: 12.0, Mask Weight: 0.939
Epoch 238/20000, Train Loss: 0.2624, Validation Set Manhattan Distance: 12.0, Mask Weight: 0.939
Epoch 239/20000, Train Loss: 0.2615, Validation Set Manhattan Distance: 12.0, Mask Weight: 0.939
Epoch 240/20000, Train Loss: 0.2610, Validation Set Manhattan Distance: 12.0, Mask Weight: 0.939
Epoch 241/20000, Train Loss: 0.2606, Validation Set Manhattan Distance: 12.0, Mask Weight: 0.939
Epoch 242/20000, Train Loss: 0.2766, Validation Set Manhattan Distance: 12.0, Mask Weight: 0.939
Epoch 243/20000, Train Loss: 0.6647, Validation Set Manhattan Distance: 12.0, Mask Weight: 0.939
Epoch 244/20000, Train Loss: 0.6940, Validation Set Manhattan Distance: 12.0, Mask Weight: 0.939
Epoch 245/20000, Train Loss: 0.7262, Validation Set Manhattan Distance: 12.0, Mask Weight: 0.939
Epoch 246/20000, Train Loss: 0.6866, Validation Set Manhattan Distance: 12.0, Mask Weight: 0.939
Epoch 247/20000, Train Loss: 0.6089, Validation Set Manhattan Distance: 12.0, Mask Weight: 0.939
Epoch 248/20000, Train Loss: 0.5513, Validation Set Manhattan Distance: 12.0, Mask Weight: 0.939
Epoch 249/20000, Train Loss: 0.5332, Validation Set Manhattan Distance: 12.0, Mask Weight: 0.939
Epoch 250/20000, Train Loss: 0.5154, Validation Set Manhattan Distance: 12.0, Mask Weight: 0.939
Epoch 251/20000, Train Loss: 0.4999, Validation Set Manhattan Distance: 12.0, Mask Weight: 0.939
Epoch 252/20000, Train Loss: 0.4902, Validation Set Manhattan Distance: 12.0, Mask Weight: 0.939
Epoch 253/20000, Train Loss: 0.4811, Validation Set Manhattan Distance: 12.0, Mask Weight: 0.939
Epoch 254/20000, Train Loss: 0.4745, Validation Set Manhattan Distance: 12.0, Mask Weight: 0.939
Epoch 255/20000, Train Loss: 0.4707, Validation Set Manhattan Distance: 12.0, Mask Weight: 0.939
Epoch 256/20000, Train Loss: 0.4679, Validation Set Manhattan Distance: 12.0, Mask Weight: 0.939
Epoch 257/20000, Train Loss: 0.4631, Validation Set Manhattan Distance: 12.0, Mask Weight: 0.939
Epoch 258/20000, Train Loss: 0.4569, Validation Set Manhattan Distance: 12.0, Mask Weight: 0.939
Epoch 259/20000, Train Loss: 0.4528, Validation Set Manhattan Distance: 12.0, Mask Weight: 0.939
Epoch 260/20000, Train Loss: 0.4468, Validation Set Manhattan Distance: 12.0, Mask Weight: 0.939
Epoch 261/20000, Train Loss: 0.4397, Validation Set Manhattan Distance: 12.0, Mask Weight: 0.939
Epoch 262/20000, Train Loss: 0.4325, Validation Set Manhattan Distance: 12.0, Mask Weight: 0.939
Epoch 263/20000, Train Loss: 0.4251, Validation Set Manhattan Distance: 12.0, Mask Weight: 0.939
Epoch 264/20000, Train Loss: 0.4159, Validation Set Manhattan Distance: 12.0, Mask Weight: 0.939
Epoch 265/20000, Train Loss: 0.4067, Validation Set Manhattan Distance: 12.0, Mask Weight: 0.939
Epoch 266/20000, Train Loss: 0.3986, Validation Set Manhattan Distance: 12.0, Mask Weight: 0.939
Epoch 267/20000, Train Loss: 0.3950, Validation Set Manhattan Distance: 12.0, Mask Weight: 0.939
Epoch 268/20000, Train Loss: 0.3835, Validation Set Manhattan Distance: 12.0, Mask Weight: 0.939
Epoch 269/20000, Train Loss: 0.3794, Validation Set Manhattan Distance: 12.0, Mask Weight: 0.939
Epoch 270/20000, Train Loss: 0.3777, Validation Set Manhattan Distance: 12.0, Mask Weight: 0.939
Epoch 271/20000, Train Loss: 0.3706, Validation Set Manhattan Distance: 12.0, Mask Weight: 0.939
Epoch 272/20000, Train Loss: 0.3627, Validation Set Manhattan Distance: 12.0, Mask Weight: 0.939
Epoch 273/20000, Train Loss: 0.3527, Validation Set Manhattan Distance: 12.0, Mask Weight: 0.939
Epoch 274/20000, Train Loss: 0.3461, Validation Set Manhattan Distance: 12.0, Mask Weight: 0.939
Epoch 275/20000, Train Loss: 0.3405, Validation Set Manhattan Distance: 12.0, Mask Weight: 0.939
Epoch 276/20000, Train Loss: 0.3426, Validation Set Manhattan Distance: 12.0, Mask Weight: 0.939
Epoch 277/20000, Train Loss: 0.3266, Validation Set Manhattan Distance: 12.0, Mask Weight: 0.939
Epoch 278/20000, Train Loss: 0.3135, Validation Set Manhattan Distance: 12.0, Mask Weight: 0.939
Epoch 279/20000, Train Loss: 0.3068, Validation Set Manhattan Distance: 12.0, Mask Weight: 0.939
Epoch 280/20000, Train Loss: 0.3012, Validation Set Manhattan Distance: 12.0, Mask Weight: 0.939
Epoch 281/20000, Train Loss: 0.3002, Validation Set Manhattan Distance: 12.0, Mask Weight: 0.939
Epoch 282/20000, Train Loss: 0.2884, Validation Set Manhattan Distance: 12.0, Mask Weight: 0.939
Epoch 283/20000, Train Loss: 0.2989, Validation Set Manhattan Distance: 12.0, Mask Weight: 0.939
Epoch 284/20000, Train Loss: 0.2912, Validation Set Manhattan Distance: 12.0, Mask Weight: 0.939
Epoch 285/20000, Train Loss: 0.2886, Validation Set Manhattan Distance: 12.0, Mask Weight: 0.939
Epoch 286/20000, Train Loss: 0.2748, Validation Set Manhattan Distance: 12.0, Mask Weight: 0.939
Epoch 287/20000, Train Loss: 0.2744, Validation Set Manhattan Distance: 12.0, Mask Weight: 0.939
Epoch 288/20000, Train Loss: 0.3522, Validation Set Manhattan Distance: 12.0, Mask Weight: 0.939
Epoch 289/20000, Train Loss: 0.3421, Validation Set Manhattan Distance: 12.0, Mask Weight: 0.939
Epoch 290/20000, Train Loss: 0.4009, Validation Set Manhattan Distance: 12.0, Mask Weight: 0.939
Epoch 291/20000, Train Loss: 0.3809, Validation Set Manhattan Distance: 12.0, Mask Weight: 0.939
Epoch 292/20000, Train Loss: 0.3573, Validation Set Manhattan Distance: 12.0, Mask Weight: 0.939
Epoch 293/20000, Train Loss: 0.3110, Validation Set Manhattan Distance: 12.0, Mask Weight: 0.939
Epoch 294/20000, Train Loss: 0.3044, Validation Set Manhattan Distance: 12.0, Mask Weight: 0.939
Epoch 295/20000, Train Loss: 0.2996, Validation Set Manhattan Distance: 12.0, Mask Weight: 0.939
Epoch 296/20000, Train Loss: 0.2905, Validation Set Manhattan Distance: 12.0, Mask Weight: 0.939
Epoch 297/20000, Train Loss: 0.2827, Validation Set Manhattan Distance: 12.0, Mask Weight: 0.939
Epoch 298/20000, Train Loss: 0.2788, Validation Set Manhattan Distance: 12.0, Mask Weight: 0.939
Epoch 299/20000, Train Loss: 0.2762, Validation Set Manhattan Distance: 12.0, Mask Weight: 0.939
Epoch 300/20000, Train Loss: 0.2728, Validation Set Manhattan Distance: 12.0, Mask Weight: 0.939
Epoch 301/20000, Train Loss: 0.2696, Validation Set Manhattan Distance: 12.0, Mask Weight: 0.939
Epoch 302/20000, Train Loss: 0.2709, Validation Set Manhattan Distance: 12.0, Mask Weight: 0.939
Epoch 303/20000, Train Loss: 0.2670, Validation Set Manhattan Distance: 12.0, Mask Weight: 0.939
Epoch 304/20000, Train Loss: 0.2667, Validation Set Manhattan Distance: 12.0, Mask Weight: 0.939
Epoch 305/20000, Train Loss: 0.2697, Validation Set Manhattan Distance: 12.0, Mask Weight: 0.939
Epoch 306/20000, Train Loss: 0.2690, Validation Set Manhattan Distance: 12.0, Mask Weight: 0.939
Epoch 307/20000, Train Loss: 0.2653, Validation Set Manhattan Distance: 12.0, Mask Weight: 0.939
Epoch 308/20000, Train Loss: 0.2646, Validation Set Manhattan Distance: 12.0, Mask Weight: 0.939
Epoch 309/20000, Train Loss: 0.2648, Validation Set Manhattan Distance: 12.0, Mask Weight: 0.939
Epoch 310/20000, Train Loss: 0.2669, Validation Set Manhattan Distance: 12.0, Mask Weight: 0.939
Epoch 311/20000, Train Loss: 0.2647, Validation Set Manhattan Distance: 12.0, Mask Weight: 0.939
Epoch 312/20000, Train Loss: 0.2645, Validation Set Manhattan Distance: 12.0, Mask Weight: 0.939
Epoch 313/20000, Train Loss: 0.2650, Validation Set Manhattan Distance: 12.0, Mask Weight: 0.939
Epoch 314/20000, Train Loss: 0.2644, Validation Set Manhattan Distance: 12.0, Mask Weight: 0.939
Epoch 315/20000, Train Loss: 0.2640, Validation Set Manhattan Distance: 12.0, Mask Weight: 0.939
Epoch 316/20000, Train Loss: 0.2641, Validation Set Manhattan Distance: 12.0, Mask Weight: 0.939
Epoch 317/20000, Train Loss: 0.2614, Validation Set Manhattan Distance: 12.0, Mask Weight: 0.939
Epoch 318/20000, Train Loss: 0.2629, Validation Set Manhattan Distance: 12.0, Mask Weight: 0.939
Epoch 319/20000, Train Loss: 0.2646, Validation Set Manhattan Distance: 12.0, Mask Weight: 0.939
Epoch 320/20000, Train Loss: 0.2604, Validation Set Manhattan Distance: 12.0, Mask Weight: 0.939
Epoch 321/20000, Train Loss: 0.2661, Validation Set Manhattan Distance: 12.0, Mask Weight: 0.939
Epoch 322/20000, Train Loss: 0.2650, Validation Set Manhattan Distance: 12.0, Mask Weight: 0.939
Epoch 323/20000, Train Loss: 0.2622, Validation Set Manhattan Distance: 12.0, Mask Weight: 0.939
Epoch 324/20000, Train Loss: 0.2624, Validation Set Manhattan Distance: 12.0, Mask Weight: 0.939
Epoch 325/20000, Train Loss: 0.2635, Validation Set Manhattan Distance: 12.0, Mask Weight: 0.939
Epoch 326/20000, Train Loss: 0.2614, Validation Set Manhattan Distance: 12.0, Mask Weight: 0.939
Epoch 327/20000, Train Loss: 0.2618, Validation Set Manhattan Distance: 12.0, Mask Weight: 0.939
Epoch 328/20000, Train Loss: 0.2622, Validation Set Manhattan Distance: 12.0, Mask Weight: 0.939
Epoch 329/20000, Train Loss: 0.2623, Validation Set Manhattan Distance: 12.0, Mask Weight: 0.939
Epoch 330/20000, Train Loss: 0.2602, Validation Set Manhattan Distance: 12.0, Mask Weight: 0.939
Epoch 331/20000, Train Loss: 0.2615, Validation Set Manhattan Distance: 12.0, Mask Weight: 0.939
Epoch 332/20000, Train Loss: 0.2609, Validation Set Manhattan Distance: 12.0, Mask Weight: 0.939
Epoch 333/20000, Train Loss: 0.2616, Validation Set Manhattan Distance: 12.0, Mask Weight: 0.939
Epoch 334/20000, Train Loss: 0.2607, Validation Set Manhattan Distance: 12.0, Mask Weight: 0.939
Epoch 335/20000, Train Loss: 0.2616, Validation Set Manhattan Distance: 12.0, Mask Weight: 0.939
Epoch 336/20000, Train Loss: 0.2611, Validation Set Manhattan Distance: 12.0, Mask Weight: 0.939
Epoch 337/20000, Train Loss: 0.2604, Validation Set Manhattan Distance: 12.0, Mask Weight: 0.939
Epoch 338/20000, Train Loss: 0.2624, Validation Set Manhattan Distance: 12.0, Mask Weight: 0.939
Epoch 339/20000, Train Loss: 0.2610, Validation Set Manhattan Distance: 12.0, Mask Weight: 0.939
Epoch 340/20000, Train Loss: 0.2638, Validation Set Manhattan Distance: 12.0, Mask Weight: 0.939
Epoch 341/20000, Train Loss: 0.2613, Validation Set Manhattan Distance: 12.0, Mask Weight: 0.939
Epoch 342/20000, Train Loss: 0.2600, Validation Set Manhattan Distance: 12.0, Mask Weight: 0.939
Epoch 343/20000, Train Loss: 0.2610, Validation Set Manhattan Distance: 12.0, Mask Weight: 0.939
Epoch 344/20000, Train Loss: 0.2599, Validation Set Manhattan Distance: 12.0, Mask Weight: 0.939
Epoch 345/20000, Train Loss: 0.2623, Validation Set Manhattan Distance: 12.0, Mask Weight: 0.939
Epoch 346/20000, Train Loss: 0.2611, Validation Set Manhattan Distance: 12.0, Mask Weight: 0.939
Epoch 347/20000, Train Loss: 0.2594, Validation Set Manhattan Distance: 12.0, Mask Weight: 0.939
Epoch 348/20000, Train Loss: 0.2673, Validation Set Manhattan Distance: 12.0, Mask Weight: 0.939
Epoch 349/20000, Train Loss: 0.2680, Validation Set Manhattan Distance: 12.0, Mask Weight: 0.939
Epoch 350/20000, Train Loss: 0.2635, Validation Set Manhattan Distance: 12.0, Mask Weight: 0.939
Epoch 351/20000, Train Loss: 0.2611, Validation Set Manhattan Distance: 12.0, Mask Weight: 0.939
Epoch 352/20000, Train Loss: 0.2600, Validation Set Manhattan Distance: 12.0, Mask Weight: 0.939
Epoch 353/20000, Train Loss: 0.2605, Validation Set Manhattan Distance: 12.0, Mask Weight: 0.939
Epoch 354/20000, Train Loss: 0.2607, Validation Set Manhattan Distance: 12.0, Mask Weight: 0.939
Epoch 355/20000, Train Loss: 0.2604, Validation Set Manhattan Distance: 12.0, Mask Weight: 0.939
Epoch 356/20000, Train Loss: 0.2608, Validation Set Manhattan Distance: 12.0, Mask Weight: 0.939
Epoch 357/20000, Train Loss: 0.2612, Validation Set Manhattan Distance: 12.0, Mask Weight: 0.939
Epoch 358/20000, Train Loss: 0.2599, Validation Set Manhattan Distance: 12.0, Mask Weight: 0.939
Epoch 359/20000, Train Loss: 0.2606, Validation Set Manhattan Distance: 12.0, Mask Weight: 0.939
Epoch 360/20000, Train Loss: 0.2595, Validation Set Manhattan Distance: 12.0, Mask Weight: 0.939
Epoch 361/20000, Train Loss: 0.2613, Validation Set Manhattan Distance: 12.0, Mask Weight: 0.939
Epoch 362/20000, Train Loss: 0.2607, Validation Set Manhattan Distance: 12.0, Mask Weight: 0.939
Epoch 363/20000, Train Loss: 0.2598, Validation Set Manhattan Distance: 12.0, Mask Weight: 0.939
Epoch 364/20000, Train Loss: 0.2599, Validation Set Manhattan Distance: 12.0, Mask Weight: 0.939
Epoch 365/20000, Train Loss: 0.2600, Validation Set Manhattan Distance: 12.0, Mask Weight: 0.939
Epoch 366/20000, Train Loss: 0.2602, Validation Set Manhattan Distance: 12.0, Mask Weight: 0.939
Epoch 367/20000, Train Loss: 0.2593, Validation Set Manhattan Distance: 12.0, Mask Weight: 0.939
Epoch 368/20000, Train Loss: 0.2608, Validation Set Manhattan Distance: 12.0, Mask Weight: 0.939
Epoch 369/20000, Train Loss: 0.2597, Validation Set Manhattan Distance: 12.0, Mask Weight: 0.939
Epoch 370/20000, Train Loss: 0.2589, Validation Set Manhattan Distance: 12.0, Mask Weight: 0.939
Epoch 371/20000, Train Loss: 0.2602, Validation Set Manhattan Distance: 12.0, Mask Weight: 0.939
Epoch 372/20000, Train Loss: 0.2613, Validation Set Manhattan Distance: 12.0, Mask Weight: 0.939
Epoch 373/20000, Train Loss: 0.2594, Validation Set Manhattan Distance: 12.0, Mask Weight: 0.939
Epoch 374/20000, Train Loss: 0.2601, Validation Set Manhattan Distance: 12.0, Mask Weight: 0.939
Epoch 375/20000, Train Loss: 0.2612, Validation Set Manhattan Distance: 12.0, Mask Weight: 0.939
Epoch 376/20000, Train Loss: 0.2592, Validation Set Manhattan Distance: 12.0, Mask Weight: 0.939
Epoch 377/20000, Train Loss: 0.2594, Validation Set Manhattan Distance: 12.0, Mask Weight: 0.939
Epoch 378/20000, Train Loss: 0.2604, Validation Set Manhattan Distance: 12.0, Mask Weight: 0.939
Epoch 379/20000, Train Loss: 0.2618, Validation Set Manhattan Distance: 12.0, Mask Weight: 0.939
Epoch 380/20000, Train Loss: 0.2606, Validation Set Manhattan Distance: 12.0, Mask Weight: 0.939
Epoch 381/20000, Train Loss: 0.2650, Validation Set Manhattan Distance: 12.0, Mask Weight: 0.939
Epoch 382/20000, Train Loss: 0.2621, Validation Set Manhattan Distance: 12.0, Mask Weight: 0.939
Epoch 383/20000, Train Loss: 0.2613, Validation Set Manhattan Distance: 12.0, Mask Weight: 0.939
Epoch 384/20000, Train Loss: 0.2637, Validation Set Manhattan Distance: 12.0, Mask Weight: 0.939
Epoch 385/20000, Train Loss: 0.2640, Validation Set Manhattan Distance: 12.0, Mask Weight: 0.939
Epoch 386/20000, Train Loss: 0.2629, Validation Set Manhattan Distance: 12.0, Mask Weight: 0.939
Epoch 387/20000, Train Loss: 0.2623, Validation Set Manhattan Distance: 12.0, Mask Weight: 0.939
Epoch 388/20000, Train Loss: 0.2608, Validation Set Manhattan Distance: 12.0, Mask Weight: 0.939
Epoch 389/20000, Train Loss: 0.2607, Validation Set Manhattan Distance: 12.0, Mask Weight: 0.939
Epoch 390/20000, Train Loss: 0.2593, Validation Set Manhattan Distance: 12.0, Mask Weight: 0.939
Epoch 391/20000, Train Loss: 0.2590, Validation Set Manhattan Distance: 12.0, Mask Weight: 0.939
Epoch 392/20000, Train Loss: 0.2623, Validation Set Manhattan Distance: 12.0, Mask Weight: 0.939
Epoch 393/20000, Train Loss: 0.2595, Validation Set Manhattan Distance: 12.0, Mask Weight: 0.939
Epoch 394/20000, Train Loss: 0.2615, Validation Set Manhattan Distance: 12.0, Mask Weight: 0.939
Epoch 395/20000, Train Loss: 0.2589, Validation Set Manhattan Distance: 12.0, Mask Weight: 0.939
Epoch 396/20000, Train Loss: 0.2590, Validation Set Manhattan Distance: 12.0, Mask Weight: 0.939
Epoch 397/20000, Train Loss: 0.2614, Validation Set Manhattan Distance: 12.0, Mask Weight: 0.939
Epoch 398/20000, Train Loss: 0.2621, Validation Set Manhattan Distance: 12.0, Mask Weight: 0.939
Epoch 399/20000, Train Loss: 0.2599, Validation Set Manhattan Distance: 12.0, Mask Weight: 0.939
Epoch 400/20000, Train Loss: 0.2610, Validation Set Manhattan Distance: 12.0, Mask Weight: 0.939
Epoch 401/20000, Train Loss: 0.2600, Validation Set Manhattan Distance: 12.0, Mask Weight: 0.939
Epoch 402/20000, Train Loss: 0.2597, Validation Set Manhattan Distance: 12.0, Mask Weight: 0.939
Epoch 403/20000, Train Loss: 0.2598, Validation Set Manhattan Distance: 12.0, Mask Weight: 0.939
Epoch 404/20000, Train Loss: 0.2611, Validation Set Manhattan Distance: 12.0, Mask Weight: 0.939
Epoch 405/20000, Train Loss: 0.2583, Validation Set Manhattan Distance: 12.0, Mask Weight: 0.939
Epoch 406/20000, Train Loss: 0.2607, Validation Set Manhattan Distance: 12.0, Mask Weight: 0.939
Epoch 407/20000, Train Loss: 0.2626, Validation Set Manhattan Distance: 12.0, Mask Weight: 0.939
Epoch 408/20000, Train Loss: 0.2611, Validation Set Manhattan Distance: 12.0, Mask Weight: 0.939
Epoch 409/20000, Train Loss: 0.2597, Validation Set Manhattan Distance: 12.0, Mask Weight: 0.939
Epoch 410/20000, Train Loss: 0.2594, Validation Set Manhattan Distance: 12.0, Mask Weight: 0.939
Epoch 411/20000, Train Loss: 0.2592, Validation Set Manhattan Distance: 12.0, Mask Weight: 0.939
Epoch 412/20000, Train Loss: 0.2589, Validation Set Manhattan Distance: 12.0, Mask Weight: 0.939
Epoch 413/20000, Train Loss: 0.2590, Validation Set Manhattan Distance: 12.0, Mask Weight: 0.939
Epoch 414/20000, Train Loss: 0.2592, Validation Set Manhattan Distance: 12.0, Mask Weight: 0.939
Epoch 415/20000, Train Loss: 0.2584, Validation Set Manhattan Distance: 12.0, Mask Weight: 0.939
Epoch 416/20000, Train Loss: 0.2594, Validation Set Manhattan Distance: 12.0, Mask Weight: 0.939