Using device: cuda
Starting training with gradient-based adaptive weighted mask...
Epoch 1/20000, Train Loss: 66.3104, Validation Set Manhattan Distance: 12.0, Mask Weight: 1.000
  -> New best Validation Set Manhattan Distance: 12.0. Model saved.
Epoch 2/20000, Train Loss: 49.6454, Validation Set Manhattan Distance: 12.0, Mask Weight: 1.000
Epoch 3/20000, Train Loss: 39.4451, Validation Set Manhattan Distance: 12.0, Mask Weight: 1.000
Epoch 4/20000, Train Loss: 31.9624, Validation Set Manhattan Distance: 12.0, Mask Weight: 1.000
Epoch 5/20000, Train Loss: 26.7192, Validation Set Manhattan Distance: 12.0, Mask Weight: 1.000
Epoch 6/20000, Train Loss: 22.3229, Validation Set Manhattan Distance: 12.0, Mask Weight: 1.000
Epoch 7/20000, Train Loss: 18.7693, Validation Set Manhattan Distance: 12.0, Mask Weight: 1.000
Epoch 8/20000, Train Loss: 15.8046, Validation Set Manhattan Distance: 12.0, Mask Weight: 1.000
Epoch 9/20000, Train Loss: 13.2741, Validation Set Manhattan Distance: 12.0, Mask Weight: 1.000
Epoch 10/20000, Train Loss: 11.1350, Validation Set Manhattan Distance: 12.0, Mask Weight: 1.000
Epoch 11/20000, Train Loss: 9.3517, Validation Set Manhattan Distance: 12.0, Mask Weight: 1.000
Epoch 12/20000, Train Loss: 7.8605, Validation Set Manhattan Distance: 12.0, Mask Weight: 1.000
Epoch 13/20000, Train Loss: 6.6146, Validation Set Manhattan Distance: 12.0, Mask Weight: 1.000
Epoch 14/20000, Train Loss: 5.5737, Validation Set Manhattan Distance: 12.0, Mask Weight: 1.000
Epoch 15/20000, Train Loss: 4.7031, Validation Set Manhattan Distance: 12.0, Mask Weight: 1.000
Epoch 16/20000, Train Loss: 3.9737, Validation Set Manhattan Distance: 12.0, Mask Weight: 1.000
Epoch 17/20000, Train Loss: 3.3616, Validation Set Manhattan Distance: 12.0, Mask Weight: 1.000
Epoch 18/20000, Train Loss: 2.8469, Validation Set Manhattan Distance: 12.0, Mask Weight: 1.000
Epoch 19/20000, Train Loss: 2.4138, Validation Set Manhattan Distance: 12.0, Mask Weight: 1.000
Epoch 20/20000, Train Loss: 2.0486, Validation Set Manhattan Distance: 12.0, Mask Weight: 1.000
Epoch 21/20000, Train Loss: 1.7402, Validation Set Manhattan Distance: 12.0, Mask Weight: 1.000
Epoch 22/20000, Train Loss: 1.4792, Validation Set Manhattan Distance: 12.0, Mask Weight: 1.000
Epoch 23/20000, Train Loss: 1.2583, Validation Set Manhattan Distance: 12.0, Mask Weight: 1.000
Epoch 24/20000, Train Loss: 1.0709, Validation Set Manhattan Distance: 12.0, Mask Weight: 1.000
Epoch 25/20000, Train Loss: 0.9117, Validation Set Manhattan Distance: 12.0, Mask Weight: 1.000
Epoch 26/20000, Train Loss: 0.7763, Validation Set Manhattan Distance: 12.0, Mask Weight: 1.000
Epoch 27/20000, Train Loss: 0.6610, Validation Set Manhattan Distance: 12.0, Mask Weight: 1.000
Epoch 28/20000, Train Loss: 0.5628, Validation Set Manhattan Distance: 12.0, Mask Weight: 1.000
Epoch 29/20000, Train Loss: 0.4791, Validation Set Manhattan Distance: 12.0, Mask Weight: 1.000
Epoch 30/20000, Train Loss: 0.4075, Validation Set Manhattan Distance: 12.0, Mask Weight: 1.000
Epoch 31/20000, Train Loss: 0.3465, Validation Set Manhattan Distance: 12.0, Mask Weight: 1.000
Epoch 32/20000, Train Loss: 0.2943, Validation Set Manhattan Distance: 12.0, Mask Weight: 1.000
Epoch 33/20000, Train Loss: 0.2497, Validation Set Manhattan Distance: 12.0, Mask Weight: 1.000
Epoch 34/20000, Train Loss: 0.2116, Validation Set Manhattan Distance: 12.0, Mask Weight: 1.000
Epoch 35/20000, Train Loss: 0.1791, Validation Set Manhattan Distance: 12.0, Mask Weight: 1.000
Epoch 36/20000, Train Loss: 0.1514, Validation Set Manhattan Distance: 12.0, Mask Weight: 1.000
Epoch 37/20000, Train Loss: 0.1277, Validation Set Manhattan Distance: 12.0, Mask Weight: 1.000
Epoch 38/20000, Train Loss: 0.1076, Validation Set Manhattan Distance: 12.0, Mask Weight: 1.000
  -> Train loss below 0.1. Mask weight reduction is now enabled.
Epoch 39/20000, Train Loss: 0.0904, Validation Set Manhattan Distance: 12.0, Mask Weight: 1.000
  -> Validation Set Manhattan Distance did not improve for 10 epochs.
  -> Unmasked Loss (Gradient Magnitude): 0.4073, Calculated Decrement: 0.0123
  -> Reducing mask weight to 0.988.
  -> Mask weight reduction is now disabled until train loss is below 0.001 again.
Epoch 40/20000, Train Loss: 0.3165, Validation Set Manhattan Distance: 12.0, Mask Weight: 0.988
Epoch 41/20000, Train Loss: 0.1849, Validation Set Manhattan Distance: 12.0, Mask Weight: 0.988
Epoch 42/20000, Train Loss: 0.1756, Validation Set Manhattan Distance: 12.0, Mask Weight: 0.988
Epoch 43/20000, Train Loss: 0.1643, Validation Set Manhattan Distance: 12.0, Mask Weight: 0.988
Epoch 44/20000, Train Loss: 0.1569, Validation Set Manhattan Distance: 12.0, Mask Weight: 0.988
Epoch 45/20000, Train Loss: 0.1502, Validation Set Manhattan Distance: 12.0, Mask Weight: 0.988
Epoch 46/20000, Train Loss: 0.1448, Validation Set Manhattan Distance: 12.0, Mask Weight: 0.988
Epoch 47/20000, Train Loss: 0.1400, Validation Set Manhattan Distance: 12.0, Mask Weight: 0.988
Epoch 48/20000, Train Loss: 0.1359, Validation Set Manhattan Distance: 12.0, Mask Weight: 0.988
Epoch 49/20000, Train Loss: 0.1323, Validation Set Manhattan Distance: 12.0, Mask Weight: 0.988
Epoch 50/20000, Train Loss: 0.1289, Validation Set Manhattan Distance: 12.0, Mask Weight: 0.988
Epoch 51/20000, Train Loss: 0.1260, Validation Set Manhattan Distance: 12.0, Mask Weight: 0.988
Epoch 52/20000, Train Loss: 0.1240, Validation Set Manhattan Distance: 12.0, Mask Weight: 0.988
Epoch 53/20000, Train Loss: 0.1221, Validation Set Manhattan Distance: 12.0, Mask Weight: 0.988
Epoch 54/20000, Train Loss: 0.1203, Validation Set Manhattan Distance: 12.0, Mask Weight: 0.988
Epoch 55/20000, Train Loss: 0.1189, Validation Set Manhattan Distance: 12.0, Mask Weight: 0.988
Epoch 56/20000, Train Loss: 0.1179, Validation Set Manhattan Distance: 12.0, Mask Weight: 0.988
Epoch 57/20000, Train Loss: 0.1169, Validation Set Manhattan Distance: 12.0, Mask Weight: 0.988
Epoch 58/20000, Train Loss: 0.1167, Validation Set Manhattan Distance: 12.0, Mask Weight: 0.988
Epoch 59/20000, Train Loss: 0.1158, Validation Set Manhattan Distance: 12.0, Mask Weight: 0.988
Epoch 60/20000, Train Loss: 0.1151, Validation Set Manhattan Distance: 12.0, Mask Weight: 0.988
Epoch 61/20000, Train Loss: 0.1144, Validation Set Manhattan Distance: 12.0, Mask Weight: 0.988
Epoch 62/20000, Train Loss: 0.1139, Validation Set Manhattan Distance: 12.0, Mask Weight: 0.988
Epoch 63/20000, Train Loss: 0.1139, Validation Set Manhattan Distance: 12.0, Mask Weight: 0.988
Epoch 64/20000, Train Loss: 0.1131, Validation Set Manhattan Distance: 12.0, Mask Weight: 0.988
Epoch 65/20000, Train Loss: 0.1127, Validation Set Manhattan Distance: 12.0, Mask Weight: 0.988
Epoch 66/20000, Train Loss: 0.1125, Validation Set Manhattan Distance: 12.0, Mask Weight: 0.988
Epoch 67/20000, Train Loss: 0.1120, Validation Set Manhattan Distance: 12.0, Mask Weight: 0.988
Epoch 68/20000, Train Loss: 0.1112, Validation Set Manhattan Distance: 12.0, Mask Weight: 0.988
Epoch 69/20000, Train Loss: 0.1111, Validation Set Manhattan Distance: 12.0, Mask Weight: 0.988
Epoch 70/20000, Train Loss: 0.1097, Validation Set Manhattan Distance: 12.0, Mask Weight: 0.988
Epoch 71/20000, Train Loss: 0.1096, Validation Set Manhattan Distance: 12.0, Mask Weight: 0.988
Epoch 72/20000, Train Loss: 0.1062, Validation Set Manhattan Distance: 12.0, Mask Weight: 0.988
Epoch 73/20000, Train Loss: 0.1034, Validation Set Manhattan Distance: 12.0, Mask Weight: 0.988
Epoch 74/20000, Train Loss: 0.1006, Validation Set Manhattan Distance: 12.0, Mask Weight: 0.988
  -> Train loss below 0.1. Mask weight reduction is now enabled.
Epoch 75/20000, Train Loss: 0.0965, Validation Set Manhattan Distance: 12.0, Mask Weight: 0.988
  -> Validation Set Manhattan Distance did not improve for 10 epochs.
  -> Unmasked Loss (Gradient Magnitude): 0.0779, Calculated Decrement: 0.0642
  -> Reducing mask weight to 0.924.
  -> Mask weight reduction is now disabled until train loss is below 0.001 again.
Epoch 76/20000, Train Loss: 0.5919, Validation Set Manhattan Distance: 12.0, Mask Weight: 0.924
Epoch 77/20000, Train Loss: 0.5710, Validation Set Manhattan Distance: 12.0, Mask Weight: 0.924
Epoch 78/20000, Train Loss: 0.5398, Validation Set Manhattan Distance: 12.0, Mask Weight: 0.924
Epoch 79/20000, Train Loss: 0.5153, Validation Set Manhattan Distance: 12.0, Mask Weight: 0.924
Epoch 80/20000, Train Loss: 0.4943, Validation Set Manhattan Distance: 12.0, Mask Weight: 0.924
Epoch 81/20000, Train Loss: 0.4958, Validation Set Manhattan Distance: 12.0, Mask Weight: 0.924
Epoch 82/20000, Train Loss: 0.5042, Validation Set Manhattan Distance: 12.0, Mask Weight: 0.924
Epoch 83/20000, Train Loss: 0.4812, Validation Set Manhattan Distance: 12.0, Mask Weight: 0.924
Epoch 84/20000, Train Loss: 0.4794, Validation Set Manhattan Distance: 12.0, Mask Weight: 0.924
Epoch 85/20000, Train Loss: 0.4775, Validation Set Manhattan Distance: 12.0, Mask Weight: 0.924
Epoch 86/20000, Train Loss: 0.4707, Validation Set Manhattan Distance: 12.0, Mask Weight: 0.924
Epoch 87/20000, Train Loss: 0.4460, Validation Set Manhattan Distance: 18.0, Mask Weight: 0.924
Epoch 88/20000, Train Loss: 0.4498, Validation Set Manhattan Distance: 12.0, Mask Weight: 0.924
Epoch 89/20000, Train Loss: 0.4198, Validation Set Manhattan Distance: 24.0, Mask Weight: 0.924
Epoch 90/20000, Train Loss: 0.4196, Validation Set Manhattan Distance: 24.0, Mask Weight: 0.924
Epoch 91/20000, Train Loss: 0.4243, Validation Set Manhattan Distance: 24.0, Mask Weight: 0.924
Epoch 92/20000, Train Loss: 0.4252, Validation Set Manhattan Distance: 24.0, Mask Weight: 0.924
Epoch 93/20000, Train Loss: 0.4824, Validation Set Manhattan Distance: 24.0, Mask Weight: 0.924
Epoch 94/20000, Train Loss: 0.5058, Validation Set Manhattan Distance: 18.0, Mask Weight: 0.924
Epoch 95/20000, Train Loss: 0.4621, Validation Set Manhattan Distance: 12.0, Mask Weight: 0.924
Epoch 96/20000, Train Loss: 0.4611, Validation Set Manhattan Distance: 12.0, Mask Weight: 0.924
Epoch 97/20000, Train Loss: 0.4385, Validation Set Manhattan Distance: 24.0, Mask Weight: 0.924
Epoch 98/20000, Train Loss: 0.4278, Validation Set Manhattan Distance: 24.0, Mask Weight: 0.924
Epoch 99/20000, Train Loss: 0.4124, Validation Set Manhattan Distance: 24.0, Mask Weight: 0.924
Epoch 100/20000, Train Loss: 0.4059, Validation Set Manhattan Distance: 30.0, Mask Weight: 0.924
Epoch 101/20000, Train Loss: 0.3975, Validation Set Manhattan Distance: 24.0, Mask Weight: 0.924
Epoch 102/20000, Train Loss: 0.3963, Validation Set Manhattan Distance: 36.0, Mask Weight: 0.924
Epoch 103/20000, Train Loss: 0.4331, Validation Set Manhattan Distance: 30.0, Mask Weight: 0.924
Epoch 104/20000, Train Loss: 0.5325, Validation Set Manhattan Distance: 24.0, Mask Weight: 0.924
Epoch 105/20000, Train Loss: 0.4437, Validation Set Manhattan Distance: 24.0, Mask Weight: 0.924
Epoch 106/20000, Train Loss: 0.4173, Validation Set Manhattan Distance: 24.0, Mask Weight: 0.924
Epoch 107/20000, Train Loss: 0.4080, Validation Set Manhattan Distance: 24.0, Mask Weight: 0.924
Epoch 108/20000, Train Loss: 0.4033, Validation Set Manhattan Distance: 30.0, Mask Weight: 0.924
Epoch 109/20000, Train Loss: 0.3974, Validation Set Manhattan Distance: 30.0, Mask Weight: 0.924
Epoch 110/20000, Train Loss: 0.3903, Validation Set Manhattan Distance: 36.0, Mask Weight: 0.924
Epoch 111/20000, Train Loss: 0.3779, Validation Set Manhattan Distance: 42.0, Mask Weight: 0.924
Epoch 112/20000, Train Loss: 0.3733, Validation Set Manhattan Distance: 54.0, Mask Weight: 0.924
Epoch 113/20000, Train Loss: 0.3741, Validation Set Manhattan Distance: 102.0, Mask Weight: 0.924
Epoch 114/20000, Train Loss: 0.3788, Validation Set Manhattan Distance: 114.0, Mask Weight: 0.924
Epoch 115/20000, Train Loss: 0.3618, Validation Set Manhattan Distance: 204.0, Mask Weight: 0.924
Epoch 116/20000, Train Loss: 0.3586, Validation Set Manhattan Distance: 234.0, Mask Weight: 0.924
Epoch 117/20000, Train Loss: 0.3668, Validation Set Manhattan Distance: 222.0, Mask Weight: 0.924
Epoch 118/20000, Train Loss: 0.3562, Validation Set Manhattan Distance: 260.0, Mask Weight: 0.924
Epoch 119/20000, Train Loss: 0.3552, Validation Set Manhattan Distance: 234.0, Mask Weight: 0.924
Epoch 120/20000, Train Loss: 0.3560, Validation Set Manhattan Distance: 264.0, Mask Weight: 0.924
Epoch 121/20000, Train Loss: 0.3826, Validation Set Manhattan Distance: 216.0, Mask Weight: 0.924
Epoch 122/20000, Train Loss: 0.3840, Validation Set Manhattan Distance: 234.0, Mask Weight: 0.924
Epoch 123/20000, Train Loss: 0.5456, Validation Set Manhattan Distance: 142.0, Mask Weight: 0.924
Epoch 124/20000, Train Loss: 0.7608, Validation Set Manhattan Distance: 24.0, Mask Weight: 0.924
Epoch 125/20000, Train Loss: 0.4932, Validation Set Manhattan Distance: 12.0, Mask Weight: 0.924
Epoch 126/20000, Train Loss: 0.4732, Validation Set Manhattan Distance: 12.0, Mask Weight: 0.924
Epoch 127/20000, Train Loss: 0.4495, Validation Set Manhattan Distance: 12.0, Mask Weight: 0.924
Epoch 128/20000, Train Loss: 0.4301, Validation Set Manhattan Distance: 18.0, Mask Weight: 0.924
Epoch 129/20000, Train Loss: 0.4069, Validation Set Manhattan Distance: 18.0, Mask Weight: 0.924
Epoch 130/20000, Train Loss: 0.3912, Validation Set Manhattan Distance: 24.0, Mask Weight: 0.924
Epoch 131/20000, Train Loss: 0.3799, Validation Set Manhattan Distance: 30.0, Mask Weight: 0.924
Epoch 132/20000, Train Loss: 0.3719, Validation Set Manhattan Distance: 36.0, Mask Weight: 0.924
Epoch 133/20000, Train Loss: 0.3684, Validation Set Manhattan Distance: 36.0, Mask Weight: 0.924
Epoch 134/20000, Train Loss: 0.3594, Validation Set Manhattan Distance: 102.0, Mask Weight: 0.924
Epoch 135/20000, Train Loss: 0.3597, Validation Set Manhattan Distance: 102.0, Mask Weight: 0.924
Epoch 136/20000, Train Loss: 0.3583, Validation Set Manhattan Distance: 180.0, Mask Weight: 0.924
Epoch 137/20000, Train Loss: 0.3587, Validation Set Manhattan Distance: 192.0, Mask Weight: 0.924
Epoch 138/20000, Train Loss: 0.3515, Validation Set Manhattan Distance: 198.0, Mask Weight: 0.924
Epoch 139/20000, Train Loss: 0.3560, Validation Set Manhattan Distance: 228.0, Mask Weight: 0.924
Epoch 140/20000, Train Loss: 0.3573, Validation Set Manhattan Distance: 228.0, Mask Weight: 0.924
Epoch 141/20000, Train Loss: 0.4342, Validation Set Manhattan Distance: 234.0, Mask Weight: 0.924
Epoch 142/20000, Train Loss: 0.3728, Validation Set Manhattan Distance: 240.0, Mask Weight: 0.924
Epoch 143/20000, Train Loss: 0.3724, Validation Set Manhattan Distance: 216.0, Mask Weight: 0.924
Epoch 144/20000, Train Loss: 0.3546, Validation Set Manhattan Distance: 240.0, Mask Weight: 0.924
Epoch 145/20000, Train Loss: 0.3483, Validation Set Manhattan Distance: 258.0, Mask Weight: 0.924
Epoch 146/20000, Train Loss: 0.3463, Validation Set Manhattan Distance: 252.0, Mask Weight: 0.924
Epoch 147/20000, Train Loss: 0.3465, Validation Set Manhattan Distance: 258.0, Mask Weight: 0.924
Epoch 148/20000, Train Loss: 0.3448, Validation Set Manhattan Distance: 264.0, Mask Weight: 0.924
Epoch 149/20000, Train Loss: 0.3467, Validation Set Manhattan Distance: 276.0, Mask Weight: 0.924
Epoch 150/20000, Train Loss: 0.3439, Validation Set Manhattan Distance: 270.0, Mask Weight: 0.924
Epoch 151/20000, Train Loss: 0.3766, Validation Set Manhattan Distance: 294.0, Mask Weight: 0.924
Epoch 152/20000, Train Loss: 0.5157, Validation Set Manhattan Distance: 258.0, Mask Weight: 0.924
Epoch 153/20000, Train Loss: 0.4074, Validation Set Manhattan Distance: 142.0, Mask Weight: 0.924
Epoch 154/20000, Train Loss: 0.4582, Validation Set Manhattan Distance: 30.0, Mask Weight: 0.924
Epoch 155/20000, Train Loss: 0.4507, Validation Set Manhattan Distance: 30.0, Mask Weight: 0.924
Epoch 156/20000, Train Loss: 0.4106, Validation Set Manhattan Distance: 36.0, Mask Weight: 0.924
Epoch 157/20000, Train Loss: 0.3981, Validation Set Manhattan Distance: 36.0, Mask Weight: 0.924
Epoch 158/20000, Train Loss: 0.3700, Validation Set Manhattan Distance: 36.0, Mask Weight: 0.924
Epoch 159/20000, Train Loss: 0.3662, Validation Set Manhattan Distance: 198.0, Mask Weight: 0.924
Epoch 160/20000, Train Loss: 0.3633, Validation Set Manhattan Distance: 234.0, Mask Weight: 0.924
Epoch 161/20000, Train Loss: 0.3662, Validation Set Manhattan Distance: 258.0, Mask Weight: 0.924
Epoch 162/20000, Train Loss: 0.3580, Validation Set Manhattan Distance: 264.0, Mask Weight: 0.924
Epoch 163/20000, Train Loss: 0.3459, Validation Set Manhattan Distance: 276.0, Mask Weight: 0.924
Epoch 164/20000, Train Loss: 0.3450, Validation Set Manhattan Distance: 288.0, Mask Weight: 0.924
Epoch 165/20000, Train Loss: 0.3413, Validation Set Manhattan Distance: 294.0, Mask Weight: 0.924
Epoch 166/20000, Train Loss: 0.3441, Validation Set Manhattan Distance: 294.0, Mask Weight: 0.924
Epoch 167/20000, Train Loss: 0.3443, Validation Set Manhattan Distance: 294.0, Mask Weight: 0.924
Epoch 168/20000, Train Loss: 0.3433, Validation Set Manhattan Distance: 294.0, Mask Weight: 0.924
Epoch 169/20000, Train Loss: 0.3432, Validation Set Manhattan Distance: 300.0, Mask Weight: 0.924
Epoch 170/20000, Train Loss: 0.3417, Validation Set Manhattan Distance: 294.0, Mask Weight: 0.924
Epoch 171/20000, Train Loss: 0.3388, Validation Set Manhattan Distance: 300.0, Mask Weight: 0.924
Epoch 172/20000, Train Loss: 0.3385, Validation Set Manhattan Distance: 300.0, Mask Weight: 0.924
Epoch 173/20000, Train Loss: 0.3393, Validation Set Manhattan Distance: 300.0, Mask Weight: 0.924
Epoch 174/20000, Train Loss: 0.3384, Validation Set Manhattan Distance: 300.0, Mask Weight: 0.924
Epoch 175/20000, Train Loss: 0.3427, Validation Set Manhattan Distance: 300.0, Mask Weight: 0.924
Epoch 176/20000, Train Loss: 0.3413, Validation Set Manhattan Distance: 300.0, Mask Weight: 0.924
Epoch 177/20000, Train Loss: 0.3383, Validation Set Manhattan Distance: 300.0, Mask Weight: 0.924
Epoch 178/20000, Train Loss: 0.3381, Validation Set Manhattan Distance: 300.0, Mask Weight: 0.924
Epoch 179/20000, Train Loss: 0.3349, Validation Set Manhattan Distance: 300.0, Mask Weight: 0.924
Epoch 180/20000, Train Loss: 0.3370, Validation Set Manhattan Distance: 300.0, Mask Weight: 0.924
Epoch 181/20000, Train Loss: 0.3348, Validation Set Manhattan Distance: 300.0, Mask Weight: 0.924
Epoch 182/20000, Train Loss: 0.3381, Validation Set Manhattan Distance: 300.0, Mask Weight: 0.924
Epoch 183/20000, Train Loss: 0.3404, Validation Set Manhattan Distance: 300.0, Mask Weight: 0.924
Epoch 184/20000, Train Loss: 0.3434, Validation Set Manhattan Distance: 300.0, Mask Weight: 0.924
Epoch 185/20000, Train Loss: 0.3333, Validation Set Manhattan Distance: 300.0, Mask Weight: 0.924
Epoch 186/20000, Train Loss: 0.3383, Validation Set Manhattan Distance: 300.0, Mask Weight: 0.924
Epoch 187/20000, Train Loss: 0.3422, Validation Set Manhattan Distance: 300.0, Mask Weight: 0.924
Epoch 188/20000, Train Loss: 0.3362, Validation Set Manhattan Distance: 300.0, Mask Weight: 0.924
Epoch 189/20000, Train Loss: 0.3369, Validation Set Manhattan Distance: 300.0, Mask Weight: 0.924
Epoch 190/20000, Train Loss: 0.3392, Validation Set Manhattan Distance: 300.0, Mask Weight: 0.924
Epoch 191/20000, Train Loss: 0.3395, Validation Set Manhattan Distance: 300.0, Mask Weight: 0.924
Epoch 192/20000, Train Loss: 0.3417, Validation Set Manhattan Distance: 300.0, Mask Weight: 0.924
Epoch 193/20000, Train Loss: 0.3408, Validation Set Manhattan Distance: 300.0, Mask Weight: 0.924
Epoch 194/20000, Train Loss: 0.3366, Validation Set Manhattan Distance: 300.0, Mask Weight: 0.924
Epoch 195/20000, Train Loss: 0.3359, Validation Set Manhattan Distance: 300.0, Mask Weight: 0.924
Epoch 196/20000, Train Loss: 0.3389, Validation Set Manhattan Distance: 300.0, Mask Weight: 0.924
Epoch 197/20000, Train Loss: 0.3375, Validation Set Manhattan Distance: 300.0, Mask Weight: 0.924
Epoch 198/20000, Train Loss: 0.3364, Validation Set Manhattan Distance: 300.0, Mask Weight: 0.924
Epoch 199/20000, Train Loss: 0.3360, Validation Set Manhattan Distance: 300.0, Mask Weight: 0.924
Epoch 200/20000, Train Loss: 0.3354, Validation Set Manhattan Distance: 300.0, Mask Weight: 0.924
Epoch 201/20000, Train Loss: 0.3384, Validation Set Manhattan Distance: 300.0, Mask Weight: 0.924
Epoch 202/20000, Train Loss: 0.3341, Validation Set Manhattan Distance: 300.0, Mask Weight: 0.924
Epoch 203/20000, Train Loss: 0.3374, Validation Set Manhattan Distance: 300.0, Mask Weight: 0.924
Epoch 204/20000, Train Loss: 0.3366, Validation Set Manhattan Distance: 300.0, Mask Weight: 0.924
Epoch 205/20000, Train Loss: 0.3312, Validation Set Manhattan Distance: 300.0, Mask Weight: 0.924
Epoch 206/20000, Train Loss: 0.3331, Validation Set Manhattan Distance: 300.0, Mask Weight: 0.924
Epoch 207/20000, Train Loss: 0.3353, Validation Set Manhattan Distance: 300.0, Mask Weight: 0.924
Epoch 208/20000, Train Loss: 0.3311, Validation Set Manhattan Distance: 300.0, Mask Weight: 0.924
Epoch 209/20000, Train Loss: 0.3304, Validation Set Manhattan Distance: 300.0, Mask Weight: 0.924
Epoch 210/20000, Train Loss: 0.3308, Validation Set Manhattan Distance: 300.0, Mask Weight: 0.924
Epoch 211/20000, Train Loss: 0.3345, Validation Set Manhattan Distance: 300.0, Mask Weight: 0.924
Epoch 212/20000, Train Loss: 0.3335, Validation Set Manhattan Distance: 300.0, Mask Weight: 0.924
Epoch 213/20000, Train Loss: 0.3347, Validation Set Manhattan Distance: 300.0, Mask Weight: 0.924
Epoch 214/20000, Train Loss: 0.3321, Validation Set Manhattan Distance: 300.0, Mask Weight: 0.924
Epoch 215/20000, Train Loss: 0.3299, Validation Set Manhattan Distance: 300.0, Mask Weight: 0.924
Epoch 216/20000, Train Loss: 0.3347, Validation Set Manhattan Distance: 300.0, Mask Weight: 0.924
Epoch 217/20000, Train Loss: 0.3415, Validation Set Manhattan Distance: 300.0, Mask Weight: 0.924
Epoch 218/20000, Train Loss: 0.3384, Validation Set Manhattan Distance: 300.0, Mask Weight: 0.924
Epoch 219/20000, Train Loss: 0.3338, Validation Set Manhattan Distance: 300.0, Mask Weight: 0.924
Epoch 220/20000, Train Loss: 0.3311, Validation Set Manhattan Distance: 300.0, Mask Weight: 0.924
Epoch 221/20000, Train Loss: 0.3308, Validation Set Manhattan Distance: 300.0, Mask Weight: 0.924
Epoch 222/20000, Train Loss: 0.3361, Validation Set Manhattan Distance: 300.0, Mask Weight: 0.924
Epoch 223/20000, Train Loss: 0.3313, Validation Set Manhattan Distance: 300.0, Mask Weight: 0.924
Epoch 224/20000, Train Loss: 0.3301, Validation Set Manhattan Distance: 300.0, Mask Weight: 0.924
Epoch 225/20000, Train Loss: 0.3304, Validation Set Manhattan Distance: 300.0, Mask Weight: 0.924
Epoch 226/20000, Train Loss: 0.3307, Validation Set Manhattan Distance: 300.0, Mask Weight: 0.924
Epoch 227/20000, Train Loss: 0.3289, Validation Set Manhattan Distance: 300.0, Mask Weight: 0.924
Epoch 228/20000, Train Loss: 0.3319, Validation Set Manhattan Distance: 300.0, Mask Weight: 0.924
Epoch 229/20000, Train Loss: 0.3483, Validation Set Manhattan Distance: 300.0, Mask Weight: 0.924
Epoch 230/20000, Train Loss: 0.8877, Validation Set Manhattan Distance: 246.0, Mask Weight: 0.924
Epoch 231/20000, Train Loss: 0.9403, Validation Set Manhattan Distance: 30.0, Mask Weight: 0.924
Epoch 232/20000, Train Loss: 0.8754, Validation Set Manhattan Distance: 24.0, Mask Weight: 0.924
Epoch 233/20000, Train Loss: 0.8125, Validation Set Manhattan Distance: 18.0, Mask Weight: 0.924
Epoch 234/20000, Train Loss: 0.7399, Validation Set Manhattan Distance: 18.0, Mask Weight: 0.924
Epoch 235/20000, Train Loss: 0.6950, Validation Set Manhattan Distance: 18.0, Mask Weight: 0.924
Epoch 236/20000, Train Loss: 0.6802, Validation Set Manhattan Distance: 24.0, Mask Weight: 0.924
Epoch 237/20000, Train Loss: 0.6527, Validation Set Manhattan Distance: 30.0, Mask Weight: 0.924
Epoch 238/20000, Train Loss: 0.6254, Validation Set Manhattan Distance: 228.0, Mask Weight: 0.924
Epoch 239/20000, Train Loss: 0.6052, Validation Set Manhattan Distance: 228.0, Mask Weight: 0.924
Epoch 240/20000, Train Loss: 0.5835, Validation Set Manhattan Distance: 258.0, Mask Weight: 0.924
Epoch 241/20000, Train Loss: 0.5736, Validation Set Manhattan Distance: 288.0, Mask Weight: 0.924
Epoch 242/20000, Train Loss: 0.5622, Validation Set Manhattan Distance: 300.0, Mask Weight: 0.924
Epoch 243/20000, Train Loss: 0.5481, Validation Set Manhattan Distance: 300.0, Mask Weight: 0.924
Epoch 244/20000, Train Loss: 0.5302, Validation Set Manhattan Distance: 300.0, Mask Weight: 0.924
Epoch 245/20000, Train Loss: 0.5096, Validation Set Manhattan Distance: 300.0, Mask Weight: 0.924
Epoch 246/20000, Train Loss: 0.4908, Validation Set Manhattan Distance: 300.0, Mask Weight: 0.924
Epoch 247/20000, Train Loss: 0.4646, Validation Set Manhattan Distance: 300.0, Mask Weight: 0.924
Epoch 248/20000, Train Loss: 0.4457, Validation Set Manhattan Distance: 300.0, Mask Weight: 0.924
Epoch 249/20000, Train Loss: 0.4307, Validation Set Manhattan Distance: 300.0, Mask Weight: 0.924
Epoch 250/20000, Train Loss: 0.4361, Validation Set Manhattan Distance: 300.0, Mask Weight: 0.924
Epoch 251/20000, Train Loss: 0.4787, Validation Set Manhattan Distance: 300.0, Mask Weight: 0.924
Epoch 252/20000, Train Loss: 0.4751, Validation Set Manhattan Distance: 300.0, Mask Weight: 0.924
Epoch 253/20000, Train Loss: 0.4632, Validation Set Manhattan Distance: 300.0, Mask Weight: 0.924
Epoch 254/20000, Train Loss: 0.4623, Validation Set Manhattan Distance: 300.0, Mask Weight: 0.924
Epoch 255/20000, Train Loss: 0.4531, Validation Set Manhattan Distance: 300.0, Mask Weight: 0.924
Epoch 256/20000, Train Loss: 0.4230, Validation Set Manhattan Distance: 300.0, Mask Weight: 0.924
Epoch 257/20000, Train Loss: 0.4174, Validation Set Manhattan Distance: 300.0, Mask Weight: 0.924
Epoch 258/20000, Train Loss: 0.4162, Validation Set Manhattan Distance: 300.0, Mask Weight: 0.924
Epoch 259/20000, Train Loss: 0.4255, Validation Set Manhattan Distance: 300.0, Mask Weight: 0.924
Epoch 260/20000, Train Loss: 0.4028, Validation Set Manhattan Distance: 300.0, Mask Weight: 0.924
Epoch 261/20000, Train Loss: 0.3798, Validation Set Manhattan Distance: 300.0, Mask Weight: 0.924
Epoch 262/20000, Train Loss: 0.4150, Validation Set Manhattan Distance: 300.0, Mask Weight: 0.924
Epoch 263/20000, Train Loss: 0.3850, Validation Set Manhattan Distance: 300.0, Mask Weight: 0.924
Epoch 264/20000, Train Loss: 0.4154, Validation Set Manhattan Distance: 300.0, Mask Weight: 0.924
Epoch 265/20000, Train Loss: 0.3845, Validation Set Manhattan Distance: 300.0, Mask Weight: 0.924
Epoch 266/20000, Train Loss: 0.3589, Validation Set Manhattan Distance: 300.0, Mask Weight: 0.924
Epoch 267/20000, Train Loss: 0.3514, Validation Set Manhattan Distance: 300.0, Mask Weight: 0.924
Epoch 268/20000, Train Loss: 0.3492, Validation Set Manhattan Distance: 300.0, Mask Weight: 0.924
Epoch 269/20000, Train Loss: 0.3427, Validation Set Manhattan Distance: 300.0, Mask Weight: 0.924
Epoch 270/20000, Train Loss: 0.3392, Validation Set Manhattan Distance: 300.0, Mask Weight: 0.924
Epoch 271/20000, Train Loss: 0.3405, Validation Set Manhattan Distance: 300.0, Mask Weight: 0.924
Epoch 272/20000, Train Loss: 0.3388, Validation Set Manhattan Distance: 300.0, Mask Weight: 0.924
Epoch 273/20000, Train Loss: 0.3393, Validation Set Manhattan Distance: 300.0, Mask Weight: 0.924
Epoch 274/20000, Train Loss: 0.3346, Validation Set Manhattan Distance: 300.0, Mask Weight: 0.924
Epoch 275/20000, Train Loss: 0.3813, Validation Set Manhattan Distance: 300.0, Mask Weight: 0.924
Epoch 276/20000, Train Loss: 0.3691, Validation Set Manhattan Distance: 300.0, Mask Weight: 0.924
Epoch 277/20000, Train Loss: 0.4167, Validation Set Manhattan Distance: 300.0, Mask Weight: 0.924
Epoch 278/20000, Train Loss: 0.4045, Validation Set Manhattan Distance: 300.0, Mask Weight: 0.924
Epoch 279/20000, Train Loss: 0.3754, Validation Set Manhattan Distance: 300.0, Mask Weight: 0.924
Epoch 280/20000, Train Loss: 0.3709, Validation Set Manhattan Distance: 300.0, Mask Weight: 0.924
Epoch 281/20000, Train Loss: 0.3809, Validation Set Manhattan Distance: 300.0, Mask Weight: 0.924
Epoch 282/20000, Train Loss: 0.3848, Validation Set Manhattan Distance: 300.0, Mask Weight: 0.924
Epoch 283/20000, Train Loss: 0.4037, Validation Set Manhattan Distance: 300.0, Mask Weight: 0.924
Epoch 284/20000, Train Loss: 0.3667, Validation Set Manhattan Distance: 300.0, Mask Weight: 0.924
Epoch 285/20000, Train Loss: 0.3464, Validation Set Manhattan Distance: 300.0, Mask Weight: 0.924
Epoch 286/20000, Train Loss: 0.3454, Validation Set Manhattan Distance: 300.0, Mask Weight: 0.924
Epoch 287/20000, Train Loss: 0.3568, Validation Set Manhattan Distance: 300.0, Mask Weight: 0.924
Epoch 288/20000, Train Loss: 0.3615, Validation Set Manhattan Distance: 300.0, Mask Weight: 0.924
Epoch 289/20000, Train Loss: 0.3483, Validation Set Manhattan Distance: 300.0, Mask Weight: 0.924
Epoch 290/20000, Train Loss: 0.3430, Validation Set Manhattan Distance: 300.0, Mask Weight: 0.924
Epoch 291/20000, Train Loss: 0.3666, Validation Set Manhattan Distance: 300.0, Mask Weight: 0.924
Epoch 292/20000, Train Loss: 0.3632, Validation Set Manhattan Distance: 300.0, Mask Weight: 0.924
Epoch 293/20000, Train Loss: 0.4281, Validation Set Manhattan Distance: 300.0, Mask Weight: 0.924
Epoch 294/20000, Train Loss: 0.3760, Validation Set Manhattan Distance: 300.0, Mask Weight: 0.924
Epoch 295/20000, Train Loss: 0.3632, Validation Set Manhattan Distance: 300.0, Mask Weight: 0.924
Epoch 296/20000, Train Loss: 0.3446, Validation Set Manhattan Distance: 300.0, Mask Weight: 0.924
Epoch 297/20000, Train Loss: 0.3395, Validation Set Manhattan Distance: 300.0, Mask Weight: 0.924
Epoch 298/20000, Train Loss: 0.3335, Validation Set Manhattan Distance: 300.0, Mask Weight: 0.924
Epoch 299/20000, Train Loss: 0.3323, Validation Set Manhattan Distance: 300.0, Mask Weight: 0.924
Epoch 300/20000, Train Loss: 0.3331, Validation Set Manhattan Distance: 300.0, Mask Weight: 0.924
Epoch 301/20000, Train Loss: 0.3293, Validation Set Manhattan Distance: 300.0, Mask Weight: 0.924
Epoch 302/20000, Train Loss: 0.3325, Validation Set Manhattan Distance: 300.0, Mask Weight: 0.924
Epoch 303/20000, Train Loss: 0.3323, Validation Set Manhattan Distance: 300.0, Mask Weight: 0.924
Epoch 304/20000, Train Loss: 0.3344, Validation Set Manhattan Distance: 300.0, Mask Weight: 0.924
Epoch 305/20000, Train Loss: 0.3271, Validation Set Manhattan Distance: 300.0, Mask Weight: 0.924
Epoch 306/20000, Train Loss: 0.3319, Validation Set Manhattan Distance: 300.0, Mask Weight: 0.924
Epoch 307/20000, Train Loss: 0.3291, Validation Set Manhattan Distance: 300.0, Mask Weight: 0.924
Epoch 308/20000, Train Loss: 0.3297, Validation Set Manhattan Distance: 300.0, Mask Weight: 0.924
Epoch 309/20000, Train Loss: 0.3316, Validation Set Manhattan Distance: 300.0, Mask Weight: 0.924
Epoch 310/20000, Train Loss: 0.3296, Validation Set Manhattan Distance: 300.0, Mask Weight: 0.924
Epoch 311/20000, Train Loss: 0.3344, Validation Set Manhattan Distance: 300.0, Mask Weight: 0.924
Epoch 312/20000, Train Loss: 0.3267, Validation Set Manhattan Distance: 300.0, Mask Weight: 0.924
Epoch 313/20000, Train Loss: 0.3284, Validation Set Manhattan Distance: 300.0, Mask Weight: 0.924
Epoch 314/20000, Train Loss: 0.3283, Validation Set Manhattan Distance: 300.0, Mask Weight: 0.924
Epoch 315/20000, Train Loss: 0.3325, Validation Set Manhattan Distance: 300.0, Mask Weight: 0.924
Epoch 316/20000, Train Loss: 0.3324, Validation Set Manhattan Distance: 300.0, Mask Weight: 0.924
Epoch 317/20000, Train Loss: 0.3322, Validation Set Manhattan Distance: 300.0, Mask Weight: 0.924
Epoch 318/20000, Train Loss: 0.3362, Validation Set Manhattan Distance: 300.0, Mask Weight: 0.924
Epoch 319/20000, Train Loss: 0.3324, Validation Set Manhattan Distance: 300.0, Mask Weight: 0.924
Epoch 320/20000, Train Loss: 0.3322, Validation Set Manhattan Distance: 300.0, Mask Weight: 0.924
Epoch 321/20000, Train Loss: 0.3292, Validation Set Manhattan Distance: 300.0, Mask Weight: 0.924
Epoch 322/20000, Train Loss: 0.3249, Validation Set Manhattan Distance: 300.0, Mask Weight: 0.924
Epoch 323/20000, Train Loss: 0.3320, Validation Set Manhattan Distance: 300.0, Mask Weight: 0.924
Epoch 324/20000, Train Loss: 0.3301, Validation Set Manhattan Distance: 300.0, Mask Weight: 0.924
Epoch 325/20000, Train Loss: 0.3255, Validation Set Manhattan Distance: 300.0, Mask Weight: 0.924
Epoch 326/20000, Train Loss: 0.3273, Validation Set Manhattan Distance: 300.0, Mask Weight: 0.924
Epoch 327/20000, Train Loss: 0.3283, Validation Set Manhattan Distance: 300.0, Mask Weight: 0.924
Epoch 328/20000, Train Loss: 0.3292, Validation Set Manhattan Distance: 300.0, Mask Weight: 0.924
Epoch 329/20000, Train Loss: 0.3278, Validation Set Manhattan Distance: 300.0, Mask Weight: 0.924
Epoch 330/20000, Train Loss: 0.3339, Validation Set Manhattan Distance: 300.0, Mask Weight: 0.924
Epoch 331/20000, Train Loss: 0.3313, Validation Set Manhattan Distance: 300.0, Mask Weight: 0.924
Epoch 332/20000, Train Loss: 0.3385, Validation Set Manhattan Distance: 300.0, Mask Weight: 0.924
Epoch 333/20000, Train Loss: 0.3297, Validation Set Manhattan Distance: 300.0, Mask Weight: 0.924
Epoch 334/20000, Train Loss: 0.3296, Validation Set Manhattan Distance: 300.0, Mask Weight: 0.924
Epoch 335/20000, Train Loss: 0.3272, Validation Set Manhattan Distance: 300.0, Mask Weight: 0.924
Epoch 336/20000, Train Loss: 0.3260, Validation Set Manhattan Distance: 300.0, Mask Weight: 0.924
Epoch 337/20000, Train Loss: 0.3292, Validation Set Manhattan Distance: 300.0, Mask Weight: 0.924
Epoch 338/20000, Train Loss: 0.3327, Validation Set Manhattan Distance: 300.0, Mask Weight: 0.924
Epoch 339/20000, Train Loss: 0.3281, Validation Set Manhattan Distance: 300.0, Mask Weight: 0.924
Epoch 340/20000, Train Loss: 0.3263, Validation Set Manhattan Distance: 300.0, Mask Weight: 0.924
Epoch 341/20000, Train Loss: 0.3246, Validation Set Manhattan Distance: 300.0, Mask Weight: 0.924
Epoch 342/20000, Train Loss: 0.3245, Validation Set Manhattan Distance: 300.0, Mask Weight: 0.924
Epoch 343/20000, Train Loss: 0.3287, Validation Set Manhattan Distance: 300.0, Mask Weight: 0.924
Epoch 344/20000, Train Loss: 0.3320, Validation Set Manhattan Distance: 300.0, Mask Weight: 0.924
Epoch 345/20000, Train Loss: 0.3344, Validation Set Manhattan Distance: 300.0, Mask Weight: 0.924
Epoch 346/20000, Train Loss: 0.3343, Validation Set Manhattan Distance: 300.0, Mask Weight: 0.924
Epoch 347/20000, Train Loss: 0.3284, Validation Set Manhattan Distance: 300.0, Mask Weight: 0.924
Epoch 348/20000, Train Loss: 0.3311, Validation Set Manhattan Distance: 300.0, Mask Weight: 0.924
Epoch 349/20000, Train Loss: 0.3277, Validation Set Manhattan Distance: 300.0, Mask Weight: 0.924
Epoch 350/20000, Train Loss: 0.3266, Validation Set Manhattan Distance: 300.0, Mask Weight: 0.924
Epoch 351/20000, Train Loss: 0.3272, Validation Set Manhattan Distance: 300.0, Mask Weight: 0.924
Epoch 352/20000, Train Loss: 0.3332, Validation Set Manhattan Distance: 300.0, Mask Weight: 0.924
Epoch 353/20000, Train Loss: 0.3482, Validation Set Manhattan Distance: 300.0, Mask Weight: 0.924
Epoch 354/20000, Train Loss: 0.3340, Validation Set Manhattan Distance: 300.0, Mask Weight: 0.924
Epoch 355/20000, Train Loss: 0.3347, Validation Set Manhattan Distance: 300.0, Mask Weight: 0.924
Epoch 356/20000, Train Loss: 0.3289, Validation Set Manhattan Distance: 300.0, Mask Weight: 0.924
Epoch 357/20000, Train Loss: 0.3304, Validation Set Manhattan Distance: 300.0, Mask Weight: 0.924
Epoch 358/20000, Train Loss: 0.3280, Validation Set Manhattan Distance: 300.0, Mask Weight: 0.924
Epoch 359/20000, Train Loss: 0.3260, Validation Set Manhattan Distance: 300.0, Mask Weight: 0.924
Epoch 360/20000, Train Loss: 0.3267, Validation Set Manhattan Distance: 300.0, Mask Weight: 0.924
Epoch 361/20000, Train Loss: 0.3265, Validation Set Manhattan Distance: 300.0, Mask Weight: 0.924
Epoch 362/20000, Train Loss: 0.3250, Validation Set Manhattan Distance: 300.0, Mask Weight: 0.924
Epoch 363/20000, Train Loss: 0.3255, Validation Set Manhattan Distance: 300.0, Mask Weight: 0.924
Epoch 364/20000, Train Loss: 0.3254, Validation Set Manhattan Distance: 300.0, Mask Weight: 0.924
Epoch 365/20000, Train Loss: 0.3292, Validation Set Manhattan Distance: 300.0, Mask Weight: 0.924
Epoch 366/20000, Train Loss: 0.3324, Validation Set Manhattan Distance: 300.0, Mask Weight: 0.924
Epoch 367/20000, Train Loss: 0.3261, Validation Set Manhattan Distance: 300.0, Mask Weight: 0.924
Epoch 368/20000, Train Loss: 0.3257, Validation Set Manhattan Distance: 300.0, Mask Weight: 0.924
Epoch 369/20000, Train Loss: 0.3283, Validation Set Manhattan Distance: 300.0, Mask Weight: 0.924
Epoch 370/20000, Train Loss: 0.3331, Validation Set Manhattan Distance: 300.0, Mask Weight: 0.924
Epoch 371/20000, Train Loss: 0.3376, Validation Set Manhattan Distance: 300.0, Mask Weight: 0.924
Epoch 372/20000, Train Loss: 0.3327, Validation Set Manhattan Distance: 300.0, Mask Weight: 0.924
Epoch 373/20000, Train Loss: 0.3338, Validation Set Manhattan Distance: 300.0, Mask Weight: 0.924
Epoch 374/20000, Train Loss: 0.3259, Validation Set Manhattan Distance: 300.0, Mask Weight: 0.924
Epoch 375/20000, Train Loss: 0.3269, Validation Set Manhattan Distance: 300.0, Mask Weight: 0.924
Epoch 376/20000, Train Loss: 0.3312, Validation Set Manhattan Distance: 300.0, Mask Weight: 0.924
Epoch 377/20000, Train Loss: 0.3291, Validation Set Manhattan Distance: 300.0, Mask Weight: 0.924
Epoch 378/20000, Train Loss: 0.3300, Validation Set Manhattan Distance: 300.0, Mask Weight: 0.924
Epoch 379/20000, Train Loss: 0.3256, Validation Set Manhattan Distance: 300.0, Mask Weight: 0.924
Epoch 380/20000, Train Loss: 0.3270, Validation Set Manhattan Distance: 300.0, Mask Weight: 0.924
Epoch 381/20000, Train Loss: 0.3248, Validation Set Manhattan Distance: 300.0, Mask Weight: 0.924
Epoch 382/20000, Train Loss: 0.3257, Validation Set Manhattan Distance: 300.0, Mask Weight: 0.924
Epoch 383/20000, Train Loss: 0.3294, Validation Set Manhattan Distance: 300.0, Mask Weight: 0.924
Epoch 384/20000, Train Loss: 0.3274, Validation Set Manhattan Distance: 300.0, Mask Weight: 0.924
Epoch 385/20000, Train Loss: 0.3289, Validation Set Manhattan Distance: 300.0, Mask Weight: 0.924
Epoch 386/20000, Train Loss: 0.3245, Validation Set Manhattan Distance: 300.0, Mask Weight: 0.924
Epoch 387/20000, Train Loss: 0.3280, Validation Set Manhattan Distance: 300.0, Mask Weight: 0.924
Epoch 388/20000, Train Loss: 0.3308, Validation Set Manhattan Distance: 300.0, Mask Weight: 0.924
Epoch 389/20000, Train Loss: 0.3296, Validation Set Manhattan Distance: 300.0, Mask Weight: 0.924
Epoch 390/20000, Train Loss: 0.3260, Validation Set Manhattan Distance: 300.0, Mask Weight: 0.924
Epoch 391/20000, Train Loss: 0.3247, Validation Set Manhattan Distance: 300.0, Mask Weight: 0.924
Epoch 392/20000, Train Loss: 0.3289, Validation Set Manhattan Distance: 300.0, Mask Weight: 0.924
Epoch 393/20000, Train Loss: 0.3287, Validation Set Manhattan Distance: 300.0, Mask Weight: 0.924
Epoch 394/20000, Train Loss: 0.3254, Validation Set Manhattan Distance: 300.0, Mask Weight: 0.924
Epoch 395/20000, Train Loss: 0.3254, Validation Set Manhattan Distance: 300.0, Mask Weight: 0.924
Epoch 396/20000, Train Loss: 0.3325, Validation Set Manhattan Distance: 300.0, Mask Weight: 0.924
Epoch 397/20000, Train Loss: 0.3274, Validation Set Manhattan Distance: 300.0, Mask Weight: 0.924
Epoch 398/20000, Train Loss: 0.3312, Validation Set Manhattan Distance: 300.0, Mask Weight: 0.924
Epoch 399/20000, Train Loss: 0.3341, Validation Set Manhattan Distance: 300.0, Mask Weight: 0.924
Epoch 400/20000, Train Loss: 0.3304, Validation Set Manhattan Distance: 300.0, Mask Weight: 0.924
Epoch 401/20000, Train Loss: 0.3308, Validation Set Manhattan Distance: 300.0, Mask Weight: 0.924
Epoch 402/20000, Train Loss: 0.3291, Validation Set Manhattan Distance: 300.0, Mask Weight: 0.924
Epoch 403/20000, Train Loss: 0.3273, Validation Set Manhattan Distance: 300.0, Mask Weight: 0.924
Epoch 404/20000, Train Loss: 0.3326, Validation Set Manhattan Distance: 300.0, Mask Weight: 0.924
Epoch 405/20000, Train Loss: 0.3288, Validation Set Manhattan Distance: 300.0, Mask Weight: 0.924
Epoch 406/20000, Train Loss: 0.3275, Validation Set Manhattan Distance: 300.0, Mask Weight: 0.924
Epoch 407/20000, Train Loss: 0.3269, Validation Set Manhattan Distance: 300.0, Mask Weight: 0.924
Epoch 408/20000, Train Loss: 0.3298, Validation Set Manhattan Distance: 300.0, Mask Weight: 0.924
Epoch 409/20000, Train Loss: 0.3280, Validation Set Manhattan Distance: 300.0, Mask Weight: 0.924
Epoch 410/20000, Train Loss: 0.3271, Validation Set Manhattan Distance: 300.0, Mask Weight: 0.924
Epoch 411/20000, Train Loss: 0.3265, Validation Set Manhattan Distance: 300.0, Mask Weight: 0.924
Epoch 412/20000, Train Loss: 0.3252, Validation Set Manhattan Distance: 300.0, Mask Weight: 0.924
Epoch 413/20000, Train Loss: 0.3268, Validation Set Manhattan Distance: 300.0, Mask Weight: 0.924
Epoch 414/20000, Train Loss: 0.3263, Validation Set Manhattan Distance: 300.0, Mask Weight: 0.924
Epoch 415/20000, Train Loss: 0.3262, Validation Set Manhattan Distance: 300.0, Mask Weight: 0.924
Epoch 416/20000, Train Loss: 0.3261, Validation Set Manhattan Distance: 300.0, Mask Weight: 0.924
Epoch 417/20000, Train Loss: 0.3255, Validation Set Manhattan Distance: 300.0, Mask Weight: 0.924
Epoch 418/20000, Train Loss: 0.3257, Validation Set Manhattan Distance: 300.0, Mask Weight: 0.924
Epoch 419/20000, Train Loss: 0.3265, Validation Set Manhattan Distance: 300.0, Mask Weight: 0.924
Epoch 420/20000, Train Loss: 0.3245, Validation Set Manhattan Distance: 300.0, Mask Weight: 0.924
Epoch 421/20000, Train Loss: 0.3269, Validation Set Manhattan Distance: 300.0, Mask Weight: 0.924
Epoch 422/20000, Train Loss: 0.3276, Validation Set Manhattan Distance: 300.0, Mask Weight: 0.924
Epoch 423/20000, Train Loss: 0.3227, Validation Set Manhattan Distance: 300.0, Mask Weight: 0.924
Epoch 424/20000, Train Loss: 0.3235, Validation Set Manhattan Distance: 300.0, Mask Weight: 0.924
Epoch 425/20000, Train Loss: 0.3258, Validation Set Manhattan Distance: 300.0, Mask Weight: 0.924
Epoch 426/20000, Train Loss: 0.3258, Validation Set Manhattan Distance: 300.0, Mask Weight: 0.924
Epoch 427/20000, Train Loss: 0.3233, Validation Set Manhattan Distance: 300.0, Mask Weight: 0.924
Epoch 428/20000, Train Loss: 0.3229, Validation Set Manhattan Distance: 300.0, Mask Weight: 0.924
Epoch 429/20000, Train Loss: 0.3237, Validation Set Manhattan Distance: 300.0, Mask Weight: 0.924
Epoch 430/20000, Train Loss: 0.3249, Validation Set Manhattan Distance: 300.0, Mask Weight: 0.924
Epoch 431/20000, Train Loss: 0.3257, Validation Set Manhattan Distance: 300.0, Mask Weight: 0.924
Epoch 432/20000, Train Loss: 0.3266, Validation Set Manhattan Distance: 300.0, Mask Weight: 0.924
Epoch 433/20000, Train Loss: 0.3243, Validation Set Manhattan Distance: 300.0, Mask Weight: 0.924
Epoch 434/20000, Train Loss: 0.3249, Validation Set Manhattan Distance: 300.0, Mask Weight: 0.924
Epoch 435/20000, Train Loss: 0.3296, Validation Set Manhattan Distance: 300.0, Mask Weight: 0.924
Epoch 436/20000, Train Loss: 0.3274, Validation Set Manhattan Distance: 300.0, Mask Weight: 0.924
Epoch 437/20000, Train Loss: 0.3257, Validation Set Manhattan Distance: 300.0, Mask Weight: 0.924
Epoch 438/20000, Train Loss: 0.3263, Validation Set Manhattan Distance: 300.0, Mask Weight: 0.924
Epoch 439/20000, Train Loss: 0.3263, Validation Set Manhattan Distance: 300.0, Mask Weight: 0.924
Epoch 440/20000, Train Loss: 0.3235, Validation Set Manhattan Distance: 300.0, Mask Weight: 0.924
Epoch 441/20000, Train Loss: 0.3246, Validation Set Manhattan Distance: 300.0, Mask Weight: 0.924
Epoch 442/20000, Train Loss: 0.3231, Validation Set Manhattan Distance: 300.0, Mask Weight: 0.924
Epoch 443/20000, Train Loss: 0.3334, Validation Set Manhattan Distance: 300.0, Mask Weight: 0.924
Epoch 444/20000, Train Loss: 0.3487, Validation Set Manhattan Distance: 300.0, Mask Weight: 0.924
Epoch 445/20000, Train Loss: 0.3238, Validation Set Manhattan Distance: 300.0, Mask Weight: 0.924
Epoch 446/20000, Train Loss: 0.3271, Validation Set Manhattan Distance: 300.0, Mask Weight: 0.924
Epoch 447/20000, Train Loss: 0.3291, Validation Set Manhattan Distance: 300.0, Mask Weight: 0.924
Epoch 448/20000, Train Loss: 0.3228, Validation Set Manhattan Distance: 300.0, Mask Weight: 0.924
Epoch 449/20000, Train Loss: 0.3303, Validation Set Manhattan Distance: 300.0, Mask Weight: 0.924
Epoch 450/20000, Train Loss: 0.3260, Validation Set Manhattan Distance: 300.0, Mask Weight: 0.924
Epoch 451/20000, Train Loss: 0.3243, Validation Set Manhattan Distance: 300.0, Mask Weight: 0.924
Epoch 452/20000, Train Loss: 0.3229, Validation Set Manhattan Distance: 300.0, Mask Weight: 0.924
Epoch 453/20000, Train Loss: 0.3237, Validation Set Manhattan Distance: 300.0, Mask Weight: 0.924
Epoch 454/20000, Train Loss: 0.3234, Validation Set Manhattan Distance: 300.0, Mask Weight: 0.924
Epoch 455/20000, Train Loss: 0.3269, Validation Set Manhattan Distance: 300.0, Mask Weight: 0.924
Epoch 456/20000, Train Loss: 0.3253, Validation Set Manhattan Distance: 300.0, Mask Weight: 0.924
Epoch 457/20000, Train Loss: 0.3238, Validation Set Manhattan Distance: 300.0, Mask Weight: 0.924
Epoch 458/20000, Train Loss: 0.3295, Validation Set Manhattan Distance: 300.0, Mask Weight: 0.924
Epoch 459/20000, Train Loss: 0.3245, Validation Set Manhattan Distance: 300.0, Mask Weight: 0.924
Epoch 460/20000, Train Loss: 0.3282, Validation Set Manhattan Distance: 300.0, Mask Weight: 0.924
Epoch 461/20000, Train Loss: 0.3256, Validation Set Manhattan Distance: 300.0, Mask Weight: 0.924
Epoch 462/20000, Train Loss: 0.3250, Validation Set Manhattan Distance: 300.0, Mask Weight: 0.924
Epoch 463/20000, Train Loss: 0.3249, Validation Set Manhattan Distance: 300.0, Mask Weight: 0.924
Epoch 464/20000, Train Loss: 0.3254, Validation Set Manhattan Distance: 300.0, Mask Weight: 0.924
Epoch 465/20000, Train Loss: 0.3313, Validation Set Manhattan Distance: 300.0, Mask Weight: 0.924
Epoch 466/20000, Train Loss: 0.3264, Validation Set Manhattan Distance: 300.0, Mask Weight: 0.924
Epoch 467/20000, Train Loss: 0.3259, Validation Set Manhattan Distance: 300.0, Mask Weight: 0.924
Epoch 468/20000, Train Loss: 0.3230, Validation Set Manhattan Distance: 300.0, Mask Weight: 0.924
Epoch 469/20000, Train Loss: 0.3276, Validation Set Manhattan Distance: 300.0, Mask Weight: 0.924
Epoch 470/20000, Train Loss: 0.3289, Validation Set Manhattan Distance: 300.0, Mask Weight: 0.924
Epoch 471/20000, Train Loss: 0.3228, Validation Set Manhattan Distance: 300.0, Mask Weight: 0.924
Epoch 472/20000, Train Loss: 0.3274, Validation Set Manhattan Distance: 300.0, Mask Weight: 0.924
Epoch 473/20000, Train Loss: 0.3273, Validation Set Manhattan Distance: 300.0, Mask Weight: 0.924
Epoch 474/20000, Train Loss: 0.3278, Validation Set Manhattan Distance: 300.0, Mask Weight: 0.924
Epoch 475/20000, Train Loss: 0.3266, Validation Set Manhattan Distance: 300.0, Mask Weight: 0.924
Epoch 476/20000, Train Loss: 0.3245, Validation Set Manhattan Distance: 300.0, Mask Weight: 0.924
Epoch 477/20000, Train Loss: 0.3258, Validation Set Manhattan Distance: 300.0, Mask Weight: 0.924
Epoch 478/20000, Train Loss: 0.3232, Validation Set Manhattan Distance: 300.0, Mask Weight: 0.924
Epoch 479/20000, Train Loss: 0.3273, Validation Set Manhattan Distance: 300.0, Mask Weight: 0.924
Epoch 480/20000, Train Loss: 0.3250, Validation Set Manhattan Distance: 300.0, Mask Weight: 0.924
Epoch 481/20000, Train Loss: 0.3283, Validation Set Manhattan Distance: 300.0, Mask Weight: 0.924
Epoch 482/20000, Train Loss: 0.3287, Validation Set Manhattan Distance: 300.0, Mask Weight: 0.924
Epoch 483/20000, Train Loss: 0.3243, Validation Set Manhattan Distance: 300.0, Mask Weight: 0.924
Epoch 484/20000, Train Loss: 0.3224, Validation Set Manhattan Distance: 300.0, Mask Weight: 0.924
Epoch 485/20000, Train Loss: 0.3272, Validation Set Manhattan Distance: 300.0, Mask Weight: 0.924
Epoch 486/20000, Train Loss: 0.3294, Validation Set Manhattan Distance: 300.0, Mask Weight: 0.924
Epoch 487/20000, Train Loss: 0.3335, Validation Set Manhattan Distance: 300.0, Mask Weight: 0.924
Epoch 488/20000, Train Loss: 0.3290, Validation Set Manhattan Distance: 300.0, Mask Weight: 0.924
Epoch 489/20000, Train Loss: 0.3232, Validation Set Manhattan Distance: 300.0, Mask Weight: 0.924
Epoch 490/20000, Train Loss: 0.3249, Validation Set Manhattan Distance: 300.0, Mask Weight: 0.924
Epoch 491/20000, Train Loss: 0.3245, Validation Set Manhattan Distance: 300.0, Mask Weight: 0.924
Epoch 492/20000, Train Loss: 0.3241, Validation Set Manhattan Distance: 300.0, Mask Weight: 0.924
Epoch 493/20000, Train Loss: 0.3251, Validation Set Manhattan Distance: 300.0, Mask Weight: 0.924
Epoch 494/20000, Train Loss: 0.3235, Validation Set Manhattan Distance: 300.0, Mask Weight: 0.924
Epoch 495/20000, Train Loss: 0.3254, Validation Set Manhattan Distance: 300.0, Mask Weight: 0.924
Epoch 496/20000, Train Loss: 0.3279, Validation Set Manhattan Distance: 300.0, Mask Weight: 0.924
Epoch 497/20000, Train Loss: 0.3249, Validation Set Manhattan Distance: 300.0, Mask Weight: 0.924
Epoch 498/20000, Train Loss: 0.3277, Validation Set Manhattan Distance: 300.0, Mask Weight: 0.924
Epoch 499/20000, Train Loss: 0.3263, Validation Set Manhattan Distance: 300.0, Mask Weight: 0.924
Epoch 500/20000, Train Loss: 0.4080, Validation Set Manhattan Distance: 300.0, Mask Weight: 0.924
Epoch 501/20000, Train Loss: 1.3766, Validation Set Manhattan Distance: 300.0, Mask Weight: 0.924
Epoch 502/20000, Train Loss: 0.9702, Validation Set Manhattan Distance: 300.0, Mask Weight: 0.924
Epoch 503/20000, Train Loss: 0.8891, Validation Set Manhattan Distance: 282.0, Mask Weight: 0.924
Epoch 504/20000, Train Loss: 0.7259, Validation Set Manhattan Distance: 282.0, Mask Weight: 0.924
Epoch 505/20000, Train Loss: 0.6157, Validation Set Manhattan Distance: 276.0, Mask Weight: 0.924
Epoch 506/20000, Train Loss: 0.5818, Validation Set Manhattan Distance: 282.0, Mask Weight: 0.924
Epoch 507/20000, Train Loss: 0.5641, Validation Set Manhattan Distance: 300.0, Mask Weight: 0.924
Epoch 508/20000, Train Loss: 0.5548, Validation Set Manhattan Distance: 300.0, Mask Weight: 0.924
Epoch 509/20000, Train Loss: 0.5513, Validation Set Manhattan Distance: 300.0, Mask Weight: 0.924
Epoch 510/20000, Train Loss: 0.5336, Validation Set Manhattan Distance: 300.0, Mask Weight: 0.924
Epoch 511/20000, Train Loss: 0.5180, Validation Set Manhattan Distance: 300.0, Mask Weight: 0.924
Epoch 512/20000, Train Loss: 0.4983, Validation Set Manhattan Distance: 300.0, Mask Weight: 0.924
Epoch 513/20000, Train Loss: 0.4722, Validation Set Manhattan Distance: 300.0, Mask Weight: 0.924
Epoch 514/20000, Train Loss: 0.4532, Validation Set Manhattan Distance: 300.0, Mask Weight: 0.924
Epoch 515/20000, Train Loss: 0.4367, Validation Set Manhattan Distance: 300.0, Mask Weight: 0.924
Epoch 516/20000, Train Loss: 0.4202, Validation Set Manhattan Distance: 300.0, Mask Weight: 0.924
Epoch 517/20000, Train Loss: 0.4002, Validation Set Manhattan Distance: 300.0, Mask Weight: 0.924
Epoch 518/20000, Train Loss: 0.3878, Validation Set Manhattan Distance: 300.0, Mask Weight: 0.924
Epoch 519/20000, Train Loss: 0.3860, Validation Set Manhattan Distance: 300.0, Mask Weight: 0.924
Epoch 520/20000, Train Loss: 0.4094, Validation Set Manhattan Distance: 300.0, Mask Weight: 0.924
Epoch 521/20000, Train Loss: 0.3647, Validation Set Manhattan Distance: 300.0, Mask Weight: 0.924
Epoch 522/20000, Train Loss: 0.3771, Validation Set Manhattan Distance: 300.0, Mask Weight: 0.924
Epoch 523/20000, Train Loss: 0.3654, Validation Set Manhattan Distance: 300.0, Mask Weight: 0.924
Epoch 524/20000, Train Loss: 0.3595, Validation Set Manhattan Distance: 300.0, Mask Weight: 0.924
Epoch 525/20000, Train Loss: 0.3481, Validation Set Manhattan Distance: 300.0, Mask Weight: 0.924
Epoch 526/20000, Train Loss: 0.3465, Validation Set Manhattan Distance: 300.0, Mask Weight: 0.924
Epoch 527/20000, Train Loss: 0.3530, Validation Set Manhattan Distance: 300.0, Mask Weight: 0.924
Epoch 528/20000, Train Loss: 0.5442, Validation Set Manhattan Distance: 300.0, Mask Weight: 0.924
Epoch 529/20000, Train Loss: 0.7249, Validation Set Manhattan Distance: 300.0, Mask Weight: 0.924
Epoch 530/20000, Train Loss: 0.7660, Validation Set Manhattan Distance: 300.0, Mask Weight: 0.924
Epoch 531/20000, Train Loss: 0.7000, Validation Set Manhattan Distance: 300.0, Mask Weight: 0.924
Epoch 532/20000, Train Loss: 0.6278, Validation Set Manhattan Distance: 300.0, Mask Weight: 0.924
Epoch 533/20000, Train Loss: 0.5707, Validation Set Manhattan Distance: 300.0, Mask Weight: 0.924
Epoch 534/20000, Train Loss: 0.5326, Validation Set Manhattan Distance: 300.0, Mask Weight: 0.924
Epoch 535/20000, Train Loss: 0.5027, Validation Set Manhattan Distance: 300.0, Mask Weight: 0.924
Epoch 536/20000, Train Loss: 0.4802, Validation Set Manhattan Distance: 300.0, Mask Weight: 0.924
Epoch 537/20000, Train Loss: 0.4600, Validation Set Manhattan Distance: 300.0, Mask Weight: 0.924
Epoch 538/20000, Train Loss: 0.4380, Validation Set Manhattan Distance: 300.0, Mask Weight: 0.924
Epoch 539/20000, Train Loss: 0.4237, Validation Set Manhattan Distance: 300.0, Mask Weight: 0.924
Epoch 540/20000, Train Loss: 0.4076, Validation Set Manhattan Distance: 300.0, Mask Weight: 0.924
Epoch 541/20000, Train Loss: 0.3911, Validation Set Manhattan Distance: 300.0, Mask Weight: 0.924
Epoch 542/20000, Train Loss: 0.3785, Validation Set Manhattan Distance: 300.0, Mask Weight: 0.924
Epoch 543/20000, Train Loss: 0.3718, Validation Set Manhattan Distance: 300.0, Mask Weight: 0.924
Epoch 544/20000, Train Loss: 0.3623, Validation Set Manhattan Distance: 300.0, Mask Weight: 0.924
Epoch 545/20000, Train Loss: 0.3633, Validation Set Manhattan Distance: 300.0, Mask Weight: 0.924
Epoch 546/20000, Train Loss: 0.3516, Validation Set Manhattan Distance: 300.0, Mask Weight: 0.924
Epoch 547/20000, Train Loss: 0.3464, Validation Set Manhattan Distance: 300.0, Mask Weight: 0.924
Epoch 548/20000, Train Loss: 0.3441, Validation Set Manhattan Distance: 300.0, Mask Weight: 0.924
Epoch 549/20000, Train Loss: 0.3425, Validation Set Manhattan Distance: 300.0, Mask Weight: 0.924
Epoch 550/20000, Train Loss: 0.3404, Validation Set Manhattan Distance: 300.0, Mask Weight: 0.924
Epoch 551/20000, Train Loss: 0.3387, Validation Set Manhattan Distance: 300.0, Mask Weight: 0.924
Epoch 552/20000, Train Loss: 0.3370, Validation Set Manhattan Distance: 300.0, Mask Weight: 0.924
Epoch 553/20000, Train Loss: 0.3356, Validation Set Manhattan Distance: 300.0, Mask Weight: 0.924
Epoch 554/20000, Train Loss: 0.3626, Validation Set Manhattan Distance: 300.0, Mask Weight: 0.924
Epoch 555/20000, Train Loss: 0.7325, Validation Set Manhattan Distance: 300.0, Mask Weight: 0.924
Epoch 556/20000, Train Loss: 0.7730, Validation Set Manhattan Distance: 300.0, Mask Weight: 0.924
Epoch 557/20000, Train Loss: 0.7257, Validation Set Manhattan Distance: 300.0, Mask Weight: 0.924
Epoch 558/20000, Train Loss: 0.6710, Validation Set Manhattan Distance: 300.0, Mask Weight: 0.924
Epoch 559/20000, Train Loss: 0.6300, Validation Set Manhattan Distance: 300.0, Mask Weight: 0.924
Epoch 560/20000, Train Loss: 0.6051, Validation Set Manhattan Distance: 300.0, Mask Weight: 0.924
Epoch 561/20000, Train Loss: 0.5859, Validation Set Manhattan Distance: 300.0, Mask Weight: 0.924
Epoch 562/20000, Train Loss: 0.5715, Validation Set Manhattan Distance: 300.0, Mask Weight: 0.924
Epoch 563/20000, Train Loss: 0.5575, Validation Set Manhattan Distance: 300.0, Mask Weight: 0.924
Epoch 564/20000, Train Loss: 0.5436, Validation Set Manhattan Distance: 300.0, Mask Weight: 0.924
Epoch 565/20000, Train Loss: 0.5316, Validation Set Manhattan Distance: 300.0, Mask Weight: 0.924
Epoch 566/20000, Train Loss: 0.5168, Validation Set Manhattan Distance: 300.0, Mask Weight: 0.924
Epoch 567/20000, Train Loss: 0.4982, Validation Set Manhattan Distance: 300.0, Mask Weight: 0.924
Epoch 568/20000, Train Loss: 0.4720, Validation Set Manhattan Distance: 300.0, Mask Weight: 0.924
Epoch 569/20000, Train Loss: 0.4386, Validation Set Manhattan Distance: 300.0, Mask Weight: 0.924
Epoch 570/20000, Train Loss: 0.4025, Validation Set Manhattan Distance: 300.0, Mask Weight: 0.924
Epoch 571/20000, Train Loss: 0.3686, Validation Set Manhattan Distance: 300.0, Mask Weight: 0.924
Epoch 572/20000, Train Loss: 0.3487, Validation Set Manhattan Distance: 300.0, Mask Weight: 0.924
Epoch 573/20000, Train Loss: 0.3362, Validation Set Manhattan Distance: 300.0, Mask Weight: 0.924
Epoch 574/20000, Train Loss: 0.3346, Validation Set Manhattan Distance: 300.0, Mask Weight: 0.924
Epoch 575/20000, Train Loss: 0.3331, Validation Set Manhattan Distance: 300.0, Mask Weight: 0.924
Epoch 576/20000, Train Loss: 0.3351, Validation Set Manhattan Distance: 300.0, Mask Weight: 0.924
Epoch 577/20000, Train Loss: 0.3323, Validation Set Manhattan Distance: 300.0, Mask Weight: 0.924
Epoch 578/20000, Train Loss: 0.3327, Validation Set Manhattan Distance: 300.0, Mask Weight: 0.924
Epoch 579/20000, Train Loss: 0.3354, Validation Set Manhattan Distance: 300.0, Mask Weight: 0.924
Epoch 580/20000, Train Loss: 0.3328, Validation Set Manhattan Distance: 300.0, Mask Weight: 0.924
Epoch 581/20000, Train Loss: 0.3344, Validation Set Manhattan Distance: 300.0, Mask Weight: 0.924
Epoch 582/20000, Train Loss: 0.3329, Validation Set Manhattan Distance: 300.0, Mask Weight: 0.924
Epoch 583/20000, Train Loss: 0.3504, Validation Set Manhattan Distance: 300.0, Mask Weight: 0.924
Epoch 584/20000, Train Loss: 0.3417, Validation Set Manhattan Distance: 300.0, Mask Weight: 0.924
Epoch 585/20000, Train Loss: 0.3373, Validation Set Manhattan Distance: 300.0, Mask Weight: 0.924
Epoch 586/20000, Train Loss: 0.5415, Validation Set Manhattan Distance: 300.0, Mask Weight: 0.924
Epoch 587/20000, Train Loss: 0.7754, Validation Set Manhattan Distance: 300.0, Mask Weight: 0.924
Epoch 588/20000, Train Loss: 0.7395, Validation Set Manhattan Distance: 300.0, Mask Weight: 0.924
Epoch 589/20000, Train Loss: 0.6868, Validation Set Manhattan Distance: 300.0, Mask Weight: 0.924
Epoch 590/20000, Train Loss: 0.6055, Validation Set Manhattan Distance: 300.0, Mask Weight: 0.924
Epoch 591/20000, Train Loss: 0.4793, Validation Set Manhattan Distance: 300.0, Mask Weight: 0.924
Epoch 592/20000, Train Loss: 0.4572, Validation Set Manhattan Distance: 300.0, Mask Weight: 0.924
Epoch 593/20000, Train Loss: 0.4279, Validation Set Manhattan Distance: 300.0, Mask Weight: 0.924
Epoch 594/20000, Train Loss: 0.4177, Validation Set Manhattan Distance: 300.0, Mask Weight: 0.924
Epoch 595/20000, Train Loss: 0.4139, Validation Set Manhattan Distance: 300.0, Mask Weight: 0.924
Epoch 596/20000, Train Loss: 0.3856, Validation Set Manhattan Distance: 300.0, Mask Weight: 0.924
Epoch 597/20000, Train Loss: 0.3700, Validation Set Manhattan Distance: 300.0, Mask Weight: 0.924
Epoch 598/20000, Train Loss: 0.3625, Validation Set Manhattan Distance: 300.0, Mask Weight: 0.924
Epoch 599/20000, Train Loss: 0.3553, Validation Set Manhattan Distance: 300.0, Mask Weight: 0.924
Epoch 600/20000, Train Loss: 0.3440, Validation Set Manhattan Distance: 300.0, Mask Weight: 0.924
Epoch 601/20000, Train Loss: 0.3417, Validation Set Manhattan Distance: 300.0, Mask Weight: 0.924
Epoch 602/20000, Train Loss: 0.3377, Validation Set Manhattan Distance: 300.0, Mask Weight: 0.924
Epoch 603/20000, Train Loss: 0.3315, Validation Set Manhattan Distance: 300.0, Mask Weight: 0.924
Epoch 604/20000, Train Loss: 0.3320, Validation Set Manhattan Distance: 300.0, Mask Weight: 0.924
Epoch 605/20000, Train Loss: 0.3313, Validation Set Manhattan Distance: 300.0, Mask Weight: 0.924
Epoch 606/20000, Train Loss: 0.3355, Validation Set Manhattan Distance: 300.0, Mask Weight: 0.924
Epoch 607/20000, Train Loss: 0.3542, Validation Set Manhattan Distance: 300.0, Mask Weight: 0.924
Epoch 608/20000, Train Loss: 0.3367, Validation Set Manhattan Distance: 300.0, Mask Weight: 0.924
Epoch 609/20000, Train Loss: 0.3408, Validation Set Manhattan Distance: 300.0, Mask Weight: 0.924
Epoch 610/20000, Train Loss: 0.3444, Validation Set Manhattan Distance: 300.0, Mask Weight: 0.924
Epoch 611/20000, Train Loss: 0.3294, Validation Set Manhattan Distance: 300.0, Mask Weight: 0.924
Epoch 612/20000, Train Loss: 0.3340, Validation Set Manhattan Distance: 300.0, Mask Weight: 0.924
Epoch 613/20000, Train Loss: 0.3306, Validation Set Manhattan Distance: 300.0, Mask Weight: 0.924
Epoch 614/20000, Train Loss: 0.3277, Validation Set Manhattan Distance: 300.0, Mask Weight: 0.924
Epoch 615/20000, Train Loss: 0.3295, Validation Set Manhattan Distance: 300.0, Mask Weight: 0.924
Epoch 616/20000, Train Loss: 0.3274, Validation Set Manhattan Distance: 300.0, Mask Weight: 0.924
Epoch 617/20000, Train Loss: 0.3258, Validation Set Manhattan Distance: 300.0, Mask Weight: 0.924
Epoch 618/20000, Train Loss: 0.3269, Validation Set Manhattan Distance: 300.0, Mask Weight: 0.924
Epoch 619/20000, Train Loss: 0.3261, Validation Set Manhattan Distance: 300.0, Mask Weight: 0.924
Epoch 620/20000, Train Loss: 0.3267, Validation Set Manhattan Distance: 300.0, Mask Weight: 0.924
Epoch 621/20000, Train Loss: 0.3274, Validation Set Manhattan Distance: 300.0, Mask Weight: 0.924
Epoch 622/20000, Train Loss: 0.3400, Validation Set Manhattan Distance: 300.0, Mask Weight: 0.924
Epoch 623/20000, Train Loss: 0.3364, Validation Set Manhattan Distance: 300.0, Mask Weight: 0.924
Epoch 624/20000, Train Loss: 0.3238, Validation Set Manhattan Distance: 300.0, Mask Weight: 0.924
Epoch 625/20000, Train Loss: 0.3312, Validation Set Manhattan Distance: 300.0, Mask Weight: 0.924
Epoch 626/20000, Train Loss: 0.3339, Validation Set Manhattan Distance: 300.0, Mask Weight: 0.924
Epoch 627/20000, Train Loss: 0.3303, Validation Set Manhattan Distance: 300.0, Mask Weight: 0.924
Epoch 628/20000, Train Loss: 0.3297, Validation Set Manhattan Distance: 300.0, Mask Weight: 0.924
Epoch 629/20000, Train Loss: 0.3304, Validation Set Manhattan Distance: 300.0, Mask Weight: 0.924
Epoch 630/20000, Train Loss: 0.3258, Validation Set Manhattan Distance: 300.0, Mask Weight: 0.924
Epoch 631/20000, Train Loss: 0.3286, Validation Set Manhattan Distance: 300.0, Mask Weight: 0.924
Epoch 632/20000, Train Loss: 0.3322, Validation Set Manhattan Distance: 300.0, Mask Weight: 0.924
Epoch 633/20000, Train Loss: 0.3288, Validation Set Manhattan Distance: 300.0, Mask Weight: 0.924
Epoch 634/20000, Train Loss: 0.3287, Validation Set Manhattan Distance: 300.0, Mask Weight: 0.924
Epoch 635/20000, Train Loss: 0.3277, Validation Set Manhattan Distance: 300.0, Mask Weight: 0.924
Epoch 636/20000, Train Loss: 0.3247, Validation Set Manhattan Distance: 300.0, Mask Weight: 0.924
Epoch 637/20000, Train Loss: 0.3249, Validation Set Manhattan Distance: 300.0, Mask Weight: 0.924
Epoch 638/20000, Train Loss: 0.3252, Validation Set Manhattan Distance: 300.0, Mask Weight: 0.924
Epoch 639/20000, Train Loss: 0.3257, Validation Set Manhattan Distance: 300.0, Mask Weight: 0.924
Epoch 640/20000, Train Loss: 0.3257, Validation Set Manhattan Distance: 300.0, Mask Weight: 0.924
Epoch 641/20000, Train Loss: 0.3243, Validation Set Manhattan Distance: 300.0, Mask Weight: 0.924
Epoch 642/20000, Train Loss: 0.3396, Validation Set Manhattan Distance: 300.0, Mask Weight: 0.924
Epoch 643/20000, Train Loss: 0.3562, Validation Set Manhattan Distance: 300.0, Mask Weight: 0.924
Epoch 644/20000, Train Loss: 0.3382, Validation Set Manhattan Distance: 300.0, Mask Weight: 0.924
Epoch 645/20000, Train Loss: 0.3318, Validation Set Manhattan Distance: 300.0, Mask Weight: 0.924
Epoch 646/20000, Train Loss: 0.3268, Validation Set Manhattan Distance: 300.0, Mask Weight: 0.924
Epoch 647/20000, Train Loss: 0.3259, Validation Set Manhattan Distance: 300.0, Mask Weight: 0.924
Epoch 648/20000, Train Loss: 0.3257, Validation Set Manhattan Distance: 300.0, Mask Weight: 0.924
Epoch 649/20000, Train Loss: 0.3251, Validation Set Manhattan Distance: 300.0, Mask Weight: 0.924
Epoch 650/20000, Train Loss: 0.3256, Validation Set Manhattan Distance: 300.0, Mask Weight: 0.924
Epoch 651/20000, Train Loss: 0.3286, Validation Set Manhattan Distance: 300.0, Mask Weight: 0.924
Epoch 652/20000, Train Loss: 0.3262, Validation Set Manhattan Distance: 300.0, Mask Weight: 0.924
Epoch 653/20000, Train Loss: 0.3305, Validation Set Manhattan Distance: 300.0, Mask Weight: 0.924
Epoch 654/20000, Train Loss: 0.3269, Validation Set Manhattan Distance: 300.0, Mask Weight: 0.924
Epoch 655/20000, Train Loss: 0.3253, Validation Set Manhattan Distance: 300.0, Mask Weight: 0.924
Epoch 656/20000, Train Loss: 0.3265, Validation Set Manhattan Distance: 300.0, Mask Weight: 0.924
Epoch 657/20000, Train Loss: 0.3293, Validation Set Manhattan Distance: 300.0, Mask Weight: 0.924
Epoch 658/20000, Train Loss: 0.3245, Validation Set Manhattan Distance: 300.0, Mask Weight: 0.924
Epoch 659/20000, Train Loss: 0.3239, Validation Set Manhattan Distance: 300.0, Mask Weight: 0.924
Epoch 660/20000, Train Loss: 0.3287, Validation Set Manhattan Distance: 300.0, Mask Weight: 0.924
Epoch 661/20000, Train Loss: 0.3271, Validation Set Manhattan Distance: 300.0, Mask Weight: 0.924
Epoch 662/20000, Train Loss: 0.3250, Validation Set Manhattan Distance: 300.0, Mask Weight: 0.924
Epoch 663/20000, Train Loss: 0.3256, Validation Set Manhattan Distance: 300.0, Mask Weight: 0.924
Epoch 664/20000, Train Loss: 0.3277, Validation Set Manhattan Distance: 300.0, Mask Weight: 0.924
Epoch 665/20000, Train Loss: 0.3242, Validation Set Manhattan Distance: 300.0, Mask Weight: 0.924
Epoch 666/20000, Train Loss: 0.3254, Validation Set Manhattan Distance: 300.0, Mask Weight: 0.924
Epoch 667/20000, Train Loss: 0.3249, Validation Set Manhattan Distance: 300.0, Mask Weight: 0.924
Epoch 668/20000, Train Loss: 0.3233, Validation Set Manhattan Distance: 300.0, Mask Weight: 0.924
Epoch 669/20000, Train Loss: 0.3231, Validation Set Manhattan Distance: 300.0, Mask Weight: 0.924
Epoch 670/20000, Train Loss: 0.3259, Validation Set Manhattan Distance: 300.0, Mask Weight: 0.924
Epoch 671/20000, Train Loss: 0.3266, Validation Set Manhattan Distance: 300.0, Mask Weight: 0.924
Epoch 672/20000, Train Loss: 0.3343, Validation Set Manhattan Distance: 300.0, Mask Weight: 0.924
Epoch 673/20000, Train Loss: 0.3393, Validation Set Manhattan Distance: 300.0, Mask Weight: 0.924
Epoch 674/20000, Train Loss: 0.3287, Validation Set Manhattan Distance: 300.0, Mask Weight: 0.924
Epoch 675/20000, Train Loss: 0.3327, Validation Set Manhattan Distance: 300.0, Mask Weight: 0.924
Epoch 676/20000, Train Loss: 0.3330, Validation Set Manhattan Distance: 300.0, Mask Weight: 0.924
Epoch 677/20000, Train Loss: 0.3222, Validation Set Manhattan Distance: 300.0, Mask Weight: 0.924
Epoch 678/20000, Train Loss: 0.3348, Validation Set Manhattan Distance: 300.0, Mask Weight: 0.924
Epoch 679/20000, Train Loss: 0.3271, Validation Set Manhattan Distance: 300.0, Mask Weight: 0.924
Epoch 680/20000, Train Loss: 0.3303, Validation Set Manhattan Distance: 300.0, Mask Weight: 0.924
Epoch 681/20000, Train Loss: 0.6220, Validation Set Manhattan Distance: 300.0, Mask Weight: 0.924
Epoch 682/20000, Train Loss: 0.8366, Validation Set Manhattan Distance: 300.0, Mask Weight: 0.924
Epoch 683/20000, Train Loss: 0.8008, Validation Set Manhattan Distance: 300.0, Mask Weight: 0.924
Epoch 684/20000, Train Loss: 0.7411, Validation Set Manhattan Distance: 300.0, Mask Weight: 0.924
Epoch 685/20000, Train Loss: 0.6974, Validation Set Manhattan Distance: 300.0, Mask Weight: 0.924
Epoch 686/20000, Train Loss: 0.6629, Validation Set Manhattan Distance: 300.0, Mask Weight: 0.924
Epoch 687/20000, Train Loss: 0.6370, Validation Set Manhattan Distance: 300.0, Mask Weight: 0.924
Epoch 688/20000, Train Loss: 0.6192, Validation Set Manhattan Distance: 300.0, Mask Weight: 0.924
Epoch 689/20000, Train Loss: 0.6076, Validation Set Manhattan Distance: 300.0, Mask Weight: 0.924
Epoch 690/20000, Train Loss: 0.5999, Validation Set Manhattan Distance: 300.0, Mask Weight: 0.924
Epoch 691/20000, Train Loss: 0.5920, Validation Set Manhattan Distance: 300.0, Mask Weight: 0.924
Epoch 692/20000, Train Loss: 0.5845, Validation Set Manhattan Distance: 300.0, Mask Weight: 0.924
Epoch 693/20000, Train Loss: 0.5756, Validation Set Manhattan Distance: 300.0, Mask Weight: 0.924
Epoch 694/20000, Train Loss: 0.5677, Validation Set Manhattan Distance: 300.0, Mask Weight: 0.924
Epoch 695/20000, Train Loss: 0.5595, Validation Set Manhattan Distance: 300.0, Mask Weight: 0.924
Epoch 696/20000, Train Loss: 0.5505, Validation Set Manhattan Distance: 300.0, Mask Weight: 0.924
Epoch 697/20000, Train Loss: 0.5416, Validation Set Manhattan Distance: 300.0, Mask Weight: 0.924
Epoch 698/20000, Train Loss: 0.5318, Validation Set Manhattan Distance: 300.0, Mask Weight: 0.924
Epoch 699/20000, Train Loss: 0.5204, Validation Set Manhattan Distance: 300.0, Mask Weight: 0.924
Epoch 700/20000, Train Loss: 0.5040, Validation Set Manhattan Distance: 300.0, Mask Weight: 0.924
Epoch 701/20000, Train Loss: 0.4876, Validation Set Manhattan Distance: 300.0, Mask Weight: 0.924
Epoch 702/20000, Train Loss: 0.4634, Validation Set Manhattan Distance: 300.0, Mask Weight: 0.924
Epoch 703/20000, Train Loss: 0.4432, Validation Set Manhattan Distance: 300.0, Mask Weight: 0.924
Epoch 704/20000, Train Loss: 0.4214, Validation Set Manhattan Distance: 300.0, Mask Weight: 0.924
Epoch 705/20000, Train Loss: 0.4036, Validation Set Manhattan Distance: 300.0, Mask Weight: 0.924
Epoch 706/20000, Train Loss: 0.4019, Validation Set Manhattan Distance: 300.0, Mask Weight: 0.924
Epoch 707/20000, Train Loss: 0.3782, Validation Set Manhattan Distance: 300.0, Mask Weight: 0.924
Epoch 708/20000, Train Loss: 0.3664, Validation Set Manhattan Distance: 300.0, Mask Weight: 0.924
Epoch 709/20000, Train Loss: 0.3738, Validation Set Manhattan Distance: 300.0, Mask Weight: 0.924
Epoch 710/20000, Train Loss: 0.3550, Validation Set Manhattan Distance: 300.0, Mask Weight: 0.924
Epoch 711/20000, Train Loss: 0.3417, Validation Set Manhattan Distance: 300.0, Mask Weight: 0.924
Epoch 712/20000, Train Loss: 0.3424, Validation Set Manhattan Distance: 300.0, Mask Weight: 0.924
Epoch 713/20000, Train Loss: 0.3396, Validation Set Manhattan Distance: 300.0, Mask Weight: 0.924
Epoch 714/20000, Train Loss: 0.3539, Validation Set Manhattan Distance: 300.0, Mask Weight: 0.924
Epoch 715/20000, Train Loss: 0.3430, Validation Set Manhattan Distance: 300.0, Mask Weight: 0.924
Epoch 716/20000, Train Loss: 0.3305, Validation Set Manhattan Distance: 300.0, Mask Weight: 0.924
Epoch 717/20000, Train Loss: 0.3314, Validation Set Manhattan Distance: 300.0, Mask Weight: 0.924
Epoch 718/20000, Train Loss: 0.3292, Validation Set Manhattan Distance: 300.0, Mask Weight: 0.924
Epoch 719/20000, Train Loss: 0.3282, Validation Set Manhattan Distance: 300.0, Mask Weight: 0.924
Epoch 720/20000, Train Loss: 0.3308, Validation Set Manhattan Distance: 300.0, Mask Weight: 0.924
Epoch 721/20000, Train Loss: 0.3270, Validation Set Manhattan Distance: 300.0, Mask Weight: 0.924
Epoch 722/20000, Train Loss: 0.3285, Validation Set Manhattan Distance: 300.0, Mask Weight: 0.924
Epoch 723/20000, Train Loss: 0.3262, Validation Set Manhattan Distance: 300.0, Mask Weight: 0.924
Epoch 724/20000, Train Loss: 0.3279, Validation Set Manhattan Distance: 300.0, Mask Weight: 0.924
Epoch 725/20000, Train Loss: 0.3263, Validation Set Manhattan Distance: 300.0, Mask Weight: 0.924
Epoch 726/20000, Train Loss: 0.3281, Validation Set Manhattan Distance: 300.0, Mask Weight: 0.924
Epoch 727/20000, Train Loss: 0.3269, Validation Set Manhattan Distance: 300.0, Mask Weight: 0.924
Epoch 728/20000, Train Loss: 0.3288, Validation Set Manhattan Distance: 300.0, Mask Weight: 0.924
Epoch 729/20000, Train Loss: 0.3261, Validation Set Manhattan Distance: 300.0, Mask Weight: 0.924
Epoch 730/20000, Train Loss: 0.3253, Validation Set Manhattan Distance: 300.0, Mask Weight: 0.924
Epoch 731/20000, Train Loss: 0.3242, Validation Set Manhattan Distance: 300.0, Mask Weight: 0.924
Epoch 732/20000, Train Loss: 0.3289, Validation Set Manhattan Distance: 300.0, Mask Weight: 0.924
Epoch 733/20000, Train Loss: 0.3286, Validation Set Manhattan Distance: 300.0, Mask Weight: 0.924
Epoch 734/20000, Train Loss: 0.3265, Validation Set Manhattan Distance: 300.0, Mask Weight: 0.924
Epoch 735/20000, Train Loss: 0.3265, Validation Set Manhattan Distance: 300.0, Mask Weight: 0.924
Epoch 736/20000, Train Loss: 0.3322, Validation Set Manhattan Distance: 300.0, Mask Weight: 0.924
Epoch 737/20000, Train Loss: 0.3239, Validation Set Manhattan Distance: 300.0, Mask Weight: 0.924
Epoch 738/20000, Train Loss: 0.3285, Validation Set Manhattan Distance: 300.0, Mask Weight: 0.924
Epoch 739/20000, Train Loss: 0.3265, Validation Set Manhattan Distance: 300.0, Mask Weight: 0.924
Epoch 740/20000, Train Loss: 0.3249, Validation Set Manhattan Distance: 300.0, Mask Weight: 0.924
Epoch 741/20000, Train Loss: 0.3247, Validation Set Manhattan Distance: 300.0, Mask Weight: 0.924
Epoch 742/20000, Train Loss: 0.3250, Validation Set Manhattan Distance: 300.0, Mask Weight: 0.924
Epoch 743/20000, Train Loss: 0.3250, Validation Set Manhattan Distance: 300.0, Mask Weight: 0.924
Epoch 744/20000, Train Loss: 0.3249, Validation Set Manhattan Distance: 300.0, Mask Weight: 0.924
Epoch 745/20000, Train Loss: 0.3233, Validation Set Manhattan Distance: 300.0, Mask Weight: 0.924
Epoch 746/20000, Train Loss: 0.3251, Validation Set Manhattan Distance: 300.0, Mask Weight: 0.924
Epoch 747/20000, Train Loss: 0.3254, Validation Set Manhattan Distance: 300.0, Mask Weight: 0.924
Epoch 748/20000, Train Loss: 0.3263, Validation Set Manhattan Distance: 300.0, Mask Weight: 0.924
Epoch 749/20000, Train Loss: 0.3247, Validation Set Manhattan Distance: 300.0, Mask Weight: 0.924
Epoch 750/20000, Train Loss: 0.3229, Validation Set Manhattan Distance: 300.0, Mask Weight: 0.924
Epoch 751/20000, Train Loss: 0.3234, Validation Set Manhattan Distance: 300.0, Mask Weight: 0.924
Epoch 752/20000, Train Loss: 0.3221, Validation Set Manhattan Distance: 300.0, Mask Weight: 0.924
Epoch 753/20000, Train Loss: 0.3221, Validation Set Manhattan Distance: 300.0, Mask Weight: 0.924
Epoch 754/20000, Train Loss: 0.3251, Validation Set Manhattan Distance: 300.0, Mask Weight: 0.924
Epoch 755/20000, Train Loss: 0.3241, Validation Set Manhattan Distance: 300.0, Mask Weight: 0.924
Epoch 756/20000, Train Loss: 0.3237, Validation Set Manhattan Distance: 300.0, Mask Weight: 0.924
Epoch 757/20000, Train Loss: 0.3217, Validation Set Manhattan Distance: 300.0, Mask Weight: 0.924
Epoch 758/20000, Train Loss: 0.3222, Validation Set Manhattan Distance: 300.0, Mask Weight: 0.924
Epoch 759/20000, Train Loss: 0.3291, Validation Set Manhattan Distance: 300.0, Mask Weight: 0.924
Epoch 760/20000, Train Loss: 0.3236, Validation Set Manhattan Distance: 300.0, Mask Weight: 0.924
Epoch 761/20000, Train Loss: 0.3229, Validation Set Manhattan Distance: 300.0, Mask Weight: 0.924
Epoch 762/20000, Train Loss: 0.3238, Validation Set Manhattan Distance: 300.0, Mask Weight: 0.924
Epoch 763/20000, Train Loss: 0.3226, Validation Set Manhattan Distance: 300.0, Mask Weight: 0.924
Epoch 764/20000, Train Loss: 0.3220, Validation Set Manhattan Distance: 300.0, Mask Weight: 0.924
Epoch 765/20000, Train Loss: 0.3231, Validation Set Manhattan Distance: 300.0, Mask Weight: 0.924
Epoch 766/20000, Train Loss: 0.3233, Validation Set Manhattan Distance: 300.0, Mask Weight: 0.924
Epoch 767/20000, Train Loss: 0.3234, Validation Set Manhattan Distance: 300.0, Mask Weight: 0.924
Epoch 768/20000, Train Loss: 0.3244, Validation Set Manhattan Distance: 300.0, Mask Weight: 0.924
Epoch 769/20000, Train Loss: 0.3246, Validation Set Manhattan Distance: 300.0, Mask Weight: 0.924
Epoch 770/20000, Train Loss: 0.3227, Validation Set Manhattan Distance: 300.0, Mask Weight: 0.924
Epoch 771/20000, Train Loss: 0.3257, Validation Set Manhattan Distance: 300.0, Mask Weight: 0.924
Epoch 772/20000, Train Loss: 0.3271, Validation Set Manhattan Distance: 300.0, Mask Weight: 0.924
Epoch 773/20000, Train Loss: 0.3314, Validation Set Manhattan Distance: 300.0, Mask Weight: 0.924
Epoch 774/20000, Train Loss: 0.3275, Validation Set Manhattan Distance: 300.0, Mask Weight: 0.924
Epoch 775/20000, Train Loss: 0.3241, Validation Set Manhattan Distance: 300.0, Mask Weight: 0.924
Epoch 776/20000, Train Loss: 0.3259, Validation Set Manhattan Distance: 300.0, Mask Weight: 0.924
Epoch 777/20000, Train Loss: 0.3230, Validation Set Manhattan Distance: 300.0, Mask Weight: 0.924
Epoch 778/20000, Train Loss: 0.3239, Validation Set Manhattan Distance: 300.0, Mask Weight: 0.924
Epoch 779/20000, Train Loss: 0.3232, Validation Set Manhattan Distance: 300.0, Mask Weight: 0.924
Epoch 780/20000, Train Loss: 0.3249, Validation Set Manhattan Distance: 300.0, Mask Weight: 0.924
Epoch 781/20000, Train Loss: 0.3243, Validation Set Manhattan Distance: 300.0, Mask Weight: 0.924
Epoch 782/20000, Train Loss: 0.3274, Validation Set Manhattan Distance: 300.0, Mask Weight: 0.924
Epoch 783/20000, Train Loss: 0.3258, Validation Set Manhattan Distance: 300.0, Mask Weight: 0.924
Epoch 784/20000, Train Loss: 0.3224, Validation Set Manhattan Distance: 300.0, Mask Weight: 0.924
Epoch 785/20000, Train Loss: 0.3228, Validation Set Manhattan Distance: 300.0, Mask Weight: 0.924
Epoch 786/20000, Train Loss: 0.3239, Validation Set Manhattan Distance: 300.0, Mask Weight: 0.924
Epoch 787/20000, Train Loss: 0.3251, Validation Set Manhattan Distance: 300.0, Mask Weight: 0.924
Epoch 788/20000, Train Loss: 0.3245, Validation Set Manhattan Distance: 300.0, Mask Weight: 0.924
Epoch 789/20000, Train Loss: 0.3230, Validation Set Manhattan Distance: 300.0, Mask Weight: 0.924
Epoch 790/20000, Train Loss: 0.3255, Validation Set Manhattan Distance: 300.0, Mask Weight: 0.924
Epoch 791/20000, Train Loss: 0.3226, Validation Set Manhattan Distance: 300.0, Mask Weight: 0.924
Epoch 792/20000, Train Loss: 0.3253, Validation Set Manhattan Distance: 300.0, Mask Weight: 0.924
Epoch 793/20000, Train Loss: 0.3260, Validation Set Manhattan Distance: 300.0, Mask Weight: 0.924
Epoch 794/20000, Train Loss: 0.3220, Validation Set Manhattan Distance: 300.0, Mask Weight: 0.924
Epoch 795/20000, Train Loss: 0.3260, Validation Set Manhattan Distance: 300.0, Mask Weight: 0.924
Epoch 796/20000, Train Loss: 0.3222, Validation Set Manhattan Distance: 300.0, Mask Weight: 0.924
Epoch 797/20000, Train Loss: 0.3219, Validation Set Manhattan Distance: 300.0, Mask Weight: 0.924
Epoch 798/20000, Train Loss: 0.3223, Validation Set Manhattan Distance: 300.0, Mask Weight: 0.924
Epoch 799/20000, Train Loss: 0.3238, Validation Set Manhattan Distance: 300.0, Mask Weight: 0.924
Epoch 800/20000, Train Loss: 0.3222, Validation Set Manhattan Distance: 300.0, Mask Weight: 0.924
Epoch 801/20000, Train Loss: 0.3252, Validation Set Manhattan Distance: 300.0, Mask Weight: 0.924
Epoch 802/20000, Train Loss: 0.3214, Validation Set Manhattan Distance: 300.0, Mask Weight: 0.924
Epoch 803/20000, Train Loss: 0.3242, Validation Set Manhattan Distance: 300.0, Mask Weight: 0.924
Epoch 804/20000, Train Loss: 0.3322, Validation Set Manhattan Distance: 300.0, Mask Weight: 0.924
Epoch 805/20000, Train Loss: 0.3257, Validation Set Manhattan Distance: 300.0, Mask Weight: 0.924
Epoch 806/20000, Train Loss: 0.3220, Validation Set Manhattan Distance: 300.0, Mask Weight: 0.924
Epoch 807/20000, Train Loss: 0.3228, Validation Set Manhattan Distance: 300.0, Mask Weight: 0.924
Epoch 808/20000, Train Loss: 0.3266, Validation Set Manhattan Distance: 300.0, Mask Weight: 0.924
Epoch 809/20000, Train Loss: 0.3247, Validation Set Manhattan Distance: 300.0, Mask Weight: 0.924
Epoch 810/20000, Train Loss: 0.3254, Validation Set Manhattan Distance: 300.0, Mask Weight: 0.924
Epoch 811/20000, Train Loss: 0.3244, Validation Set Manhattan Distance: 300.0, Mask Weight: 0.924
Epoch 812/20000, Train Loss: 0.3243, Validation Set Manhattan Distance: 300.0, Mask Weight: 0.924
Epoch 813/20000, Train Loss: 0.3238, Validation Set Manhattan Distance: 300.0, Mask Weight: 0.924
Epoch 814/20000, Train Loss: 0.3250, Validation Set Manhattan Distance: 300.0, Mask Weight: 0.924
Epoch 815/20000, Train Loss: 0.3238, Validation Set Manhattan Distance: 300.0, Mask Weight: 0.924
Epoch 816/20000, Train Loss: 0.3235, Validation Set Manhattan Distance: 300.0, Mask Weight: 0.924
Epoch 817/20000, Train Loss: 0.3224, Validation Set Manhattan Distance: 300.0, Mask Weight: 0.924
Epoch 818/20000, Train Loss: 0.3221, Validation Set Manhattan Distance: 300.0, Mask Weight: 0.924
Epoch 819/20000, Train Loss: 0.3242, Validation Set Manhattan Distance: 300.0, Mask Weight: 0.924
Epoch 820/20000, Train Loss: 0.3224, Validation Set Manhattan Distance: 300.0, Mask Weight: 0.924
Epoch 821/20000, Train Loss: 0.3218, Validation Set Manhattan Distance: 300.0, Mask Weight: 0.924
Epoch 822/20000, Train Loss: 0.3222, Validation Set Manhattan Distance: 300.0, Mask Weight: 0.924
Epoch 823/20000, Train Loss: 0.3235, Validation Set Manhattan Distance: 300.0, Mask Weight: 0.924
Epoch 824/20000, Train Loss: 0.3234, Validation Set Manhattan Distance: 300.0, Mask Weight: 0.924
Epoch 825/20000, Train Loss: 0.3231, Validation Set Manhattan Distance: 300.0, Mask Weight: 0.924
Epoch 826/20000, Train Loss: 0.3215, Validation Set Manhattan Distance: 300.0, Mask Weight: 0.924
Epoch 827/20000, Train Loss: 0.3220, Validation Set Manhattan Distance: 300.0, Mask Weight: 0.924
Epoch 828/20000, Train Loss: 0.3220, Validation Set Manhattan Distance: 300.0, Mask Weight: 0.924
Epoch 829/20000, Train Loss: 0.3203, Validation Set Manhattan Distance: 300.0, Mask Weight: 0.924
Epoch 830/20000, Train Loss: 0.3221, Validation Set Manhattan Distance: 300.0, Mask Weight: 0.924
Epoch 831/20000, Train Loss: 0.3211, Validation Set Manhattan Distance: 300.0, Mask Weight: 0.924
Epoch 832/20000, Train Loss: 0.3190, Validation Set Manhattan Distance: 300.0, Mask Weight: 0.924
Epoch 833/20000, Train Loss: 0.3219, Validation Set Manhattan Distance: 300.0, Mask Weight: 0.924
Epoch 834/20000, Train Loss: 0.3245, Validation Set Manhattan Distance: 300.0, Mask Weight: 0.924
Epoch 835/20000, Train Loss: 0.3249, Validation Set Manhattan Distance: 300.0, Mask Weight: 0.924
Epoch 836/20000, Train Loss: 0.3229, Validation Set Manhattan Distance: 300.0, Mask Weight: 0.924
Epoch 837/20000, Train Loss: 0.3212, Validation Set Manhattan Distance: 300.0, Mask Weight: 0.924
Epoch 838/20000, Train Loss: 0.3358, Validation Set Manhattan Distance: 300.0, Mask Weight: 0.924
Epoch 839/20000, Train Loss: 0.3279, Validation Set Manhattan Distance: 300.0, Mask Weight: 0.924
Epoch 840/20000, Train Loss: 0.3243, Validation Set Manhattan Distance: 300.0, Mask Weight: 0.924
Epoch 841/20000, Train Loss: 0.3236, Validation Set Manhattan Distance: 300.0, Mask Weight: 0.924
Epoch 842/20000, Train Loss: 0.3215, Validation Set Manhattan Distance: 300.0, Mask Weight: 0.924
Epoch 843/20000, Train Loss: 0.3222, Validation Set Manhattan Distance: 300.0, Mask Weight: 0.924
Epoch 844/20000, Train Loss: 0.3212, Validation Set Manhattan Distance: 300.0, Mask Weight: 0.924
Epoch 845/20000, Train Loss: 0.3208, Validation Set Manhattan Distance: 300.0, Mask Weight: 0.924
Epoch 846/20000, Train Loss: 0.3222, Validation Set Manhattan Distance: 300.0, Mask Weight: 0.924
Epoch 847/20000, Train Loss: 0.3228, Validation Set Manhattan Distance: 300.0, Mask Weight: 0.924
Epoch 848/20000, Train Loss: 0.3223, Validation Set Manhattan Distance: 300.0, Mask Weight: 0.924
Epoch 849/20000, Train Loss: 0.3266, Validation Set Manhattan Distance: 300.0, Mask Weight: 0.924
Epoch 850/20000, Train Loss: 0.3275, Validation Set Manhattan Distance: 300.0, Mask Weight: 0.924
Epoch 851/20000, Train Loss: 0.3230, Validation Set Manhattan Distance: 300.0, Mask Weight: 0.924
Epoch 852/20000, Train Loss: 0.3233, Validation Set Manhattan Distance: 300.0, Mask Weight: 0.924
Epoch 853/20000, Train Loss: 0.3254, Validation Set Manhattan Distance: 300.0, Mask Weight: 0.924
Epoch 854/20000, Train Loss: 0.3262, Validation Set Manhattan Distance: 300.0, Mask Weight: 0.924
Epoch 855/20000, Train Loss: 0.3203, Validation Set Manhattan Distance: 300.0, Mask Weight: 0.924
Epoch 856/20000, Train Loss: 0.3262, Validation Set Manhattan Distance: 300.0, Mask Weight: 0.924
Epoch 857/20000, Train Loss: 0.3233, Validation Set Manhattan Distance: 300.0, Mask Weight: 0.924
Epoch 858/20000, Train Loss: 0.3229, Validation Set Manhattan Distance: 300.0, Mask Weight: 0.924
Epoch 859/20000, Train Loss: 0.3232, Validation Set Manhattan Distance: 300.0, Mask Weight: 0.924
Epoch 860/20000, Train Loss: 0.3203, Validation Set Manhattan Distance: 300.0, Mask Weight: 0.924
Epoch 861/20000, Train Loss: 0.3213, Validation Set Manhattan Distance: 300.0, Mask Weight: 0.924
Epoch 862/20000, Train Loss: 0.3213, Validation Set Manhattan Distance: 300.0, Mask Weight: 0.924
Epoch 863/20000, Train Loss: 0.3199, Validation Set Manhattan Distance: 300.0, Mask Weight: 0.924
Epoch 864/20000, Train Loss: 0.3201, Validation Set Manhattan Distance: 300.0, Mask Weight: 0.924
Epoch 865/20000, Train Loss: 0.3230, Validation Set Manhattan Distance: 300.0, Mask Weight: 0.924
Epoch 866/20000, Train Loss: 0.3210, Validation Set Manhattan Distance: 300.0, Mask Weight: 0.924
Epoch 867/20000, Train Loss: 0.3202, Validation Set Manhattan Distance: 300.0, Mask Weight: 0.924
Epoch 868/20000, Train Loss: 0.3203, Validation Set Manhattan Distance: 300.0, Mask Weight: 0.924
Epoch 869/20000, Train Loss: 0.3216, Validation Set Manhattan Distance: 300.0, Mask Weight: 0.924
Epoch 870/20000, Train Loss: 0.3197, Validation Set Manhattan Distance: 300.0, Mask Weight: 0.924
Epoch 871/20000, Train Loss: 0.3211, Validation Set Manhattan Distance: 300.0, Mask Weight: 0.924
Epoch 872/20000, Train Loss: 0.3216, Validation Set Manhattan Distance: 300.0, Mask Weight: 0.924
Epoch 873/20000, Train Loss: 0.3222, Validation Set Manhattan Distance: 300.0, Mask Weight: 0.924
Epoch 874/20000, Train Loss: 0.3220, Validation Set Manhattan Distance: 300.0, Mask Weight: 0.924
Epoch 875/20000, Train Loss: 0.3217, Validation Set Manhattan Distance: 300.0, Mask Weight: 0.924
Epoch 876/20000, Train Loss: 0.3218, Validation Set Manhattan Distance: 300.0, Mask Weight: 0.924
Epoch 877/20000, Train Loss: 0.3235, Validation Set Manhattan Distance: 300.0, Mask Weight: 0.924
Epoch 878/20000, Train Loss: 0.3246, Validation Set Manhattan Distance: 300.0, Mask Weight: 0.924
Epoch 879/20000, Train Loss: 0.3228, Validation Set Manhattan Distance: 300.0, Mask Weight: 0.924
Epoch 880/20000, Train Loss: 0.3231, Validation Set Manhattan Distance: 300.0, Mask Weight: 0.924
Epoch 881/20000, Train Loss: 0.3197, Validation Set Manhattan Distance: 300.0, Mask Weight: 0.924
Epoch 882/20000, Train Loss: 0.3227, Validation Set Manhattan Distance: 300.0, Mask Weight: 0.924
Epoch 883/20000, Train Loss: 0.3240, Validation Set Manhattan Distance: 300.0, Mask Weight: 0.924
Epoch 884/20000, Train Loss: 0.3218, Validation Set Manhattan Distance: 300.0, Mask Weight: 0.924
Epoch 885/20000, Train Loss: 0.3228, Validation Set Manhattan Distance: 300.0, Mask Weight: 0.924
Epoch 886/20000, Train Loss: 0.3206, Validation Set Manhattan Distance: 300.0, Mask Weight: 0.924
Epoch 887/20000, Train Loss: 0.3226, Validation Set Manhattan Distance: 300.0, Mask Weight: 0.924
Epoch 888/20000, Train Loss: 0.3230, Validation Set Manhattan Distance: 300.0, Mask Weight: 0.924
Epoch 889/20000, Train Loss: 0.3211, Validation Set Manhattan Distance: 300.0, Mask Weight: 0.924
Epoch 890/20000, Train Loss: 0.3220, Validation Set Manhattan Distance: 300.0, Mask Weight: 0.924
Epoch 891/20000, Train Loss: 0.3213, Validation Set Manhattan Distance: 300.0, Mask Weight: 0.924
Epoch 892/20000, Train Loss: 0.3206, Validation Set Manhattan Distance: 300.0, Mask Weight: 0.924
Epoch 893/20000, Train Loss: 0.3219, Validation Set Manhattan Distance: 300.0, Mask Weight: 0.924
Epoch 894/20000, Train Loss: 0.3226, Validation Set Manhattan Distance: 300.0, Mask Weight: 0.924
Epoch 895/20000, Train Loss: 0.3206, Validation Set Manhattan Distance: 300.0, Mask Weight: 0.924
Epoch 896/20000, Train Loss: 0.3212, Validation Set Manhattan Distance: 300.0, Mask Weight: 0.924
Epoch 897/20000, Train Loss: 0.3212, Validation Set Manhattan Distance: 300.0, Mask Weight: 0.924
Epoch 898/20000, Train Loss: 0.3215, Validation Set Manhattan Distance: 300.0, Mask Weight: 0.924
Epoch 899/20000, Train Loss: 0.3199, Validation Set Manhattan Distance: 300.0, Mask Weight: 0.924
Epoch 900/20000, Train Loss: 0.3230, Validation Set Manhattan Distance: 300.0, Mask Weight: 0.924
Epoch 901/20000, Train Loss: 0.3213, Validation Set Manhattan Distance: 300.0, Mask Weight: 0.924
Epoch 902/20000, Train Loss: 0.3236, Validation Set Manhattan Distance: 300.0, Mask Weight: 0.924
Epoch 903/20000, Train Loss: 0.3210, Validation Set Manhattan Distance: 300.0, Mask Weight: 0.924
Epoch 904/20000, Train Loss: 0.3222, Validation Set Manhattan Distance: 300.0, Mask Weight: 0.924
Epoch 905/20000, Train Loss: 0.3258, Validation Set Manhattan Distance: 300.0, Mask Weight: 0.924
Epoch 906/20000, Train Loss: 0.3310, Validation Set Manhattan Distance: 300.0, Mask Weight: 0.924
Epoch 907/20000, Train Loss: 0.3263, Validation Set Manhattan Distance: 300.0, Mask Weight: 0.924
Epoch 908/20000, Train Loss: 0.3277, Validation Set Manhattan Distance: 300.0, Mask Weight: 0.924
Epoch 909/20000, Train Loss: 0.3237, Validation Set Manhattan Distance: 300.0, Mask Weight: 0.924
Epoch 910/20000, Train Loss: 0.3235, Validation Set Manhattan Distance: 300.0, Mask Weight: 0.924
Epoch 911/20000, Train Loss: 0.3225, Validation Set Manhattan Distance: 300.0, Mask Weight: 0.924
Epoch 912/20000, Train Loss: 0.3205, Validation Set Manhattan Distance: 300.0, Mask Weight: 0.924
Epoch 913/20000, Train Loss: 0.3205, Validation Set Manhattan Distance: 300.0, Mask Weight: 0.924
Epoch 914/20000, Train Loss: 0.3194, Validation Set Manhattan Distance: 300.0, Mask Weight: 0.924
Epoch 915/20000, Train Loss: 0.3205, Validation Set Manhattan Distance: 300.0, Mask Weight: 0.924
Epoch 916/20000, Train Loss: 0.3210, Validation Set Manhattan Distance: 300.0, Mask Weight: 0.924
Epoch 917/20000, Train Loss: 0.3182, Validation Set Manhattan Distance: 300.0, Mask Weight: 0.924
Epoch 918/20000, Train Loss: 0.3199, Validation Set Manhattan Distance: 300.0, Mask Weight: 0.924