Using device: cuda
Starting training with gradient-based adaptive weighted mask...
Epoch 1/20000, Train Loss: 57.2453, Validation Set Manhattan Distance: 588.0, Mask Weight: 1.000
  -> New best Validation Set Manhattan Distance: 588.0. Model saved.
Epoch 2/20000, Train Loss: 44.4495, Validation Set Manhattan Distance: 588.0, Mask Weight: 1.000
Epoch 3/20000, Train Loss: 37.7557, Validation Set Manhattan Distance: 588.0, Mask Weight: 1.000
Epoch 4/20000, Train Loss: 32.0379, Validation Set Manhattan Distance: 588.0, Mask Weight: 1.000
Epoch 5/20000, Train Loss: 27.2233, Validation Set Manhattan Distance: 588.0, Mask Weight: 1.000
Epoch 6/20000, Train Loss: 23.1685, Validation Set Manhattan Distance: 588.0, Mask Weight: 1.000
Epoch 7/20000, Train Loss: 19.6329, Validation Set Manhattan Distance: 588.0, Mask Weight: 1.000
Epoch 8/20000, Train Loss: 16.5408, Validation Set Manhattan Distance: 588.0, Mask Weight: 1.000
Epoch 9/20000, Train Loss: 13.8570, Validation Set Manhattan Distance: 588.0, Mask Weight: 1.000
Epoch 10/20000, Train Loss: 11.5347, Validation Set Manhattan Distance: 588.0, Mask Weight: 1.000
Epoch 11/20000, Train Loss: 9.5514, Validation Set Manhattan Distance: 588.0, Mask Weight: 1.000
Epoch 12/20000, Train Loss: 7.8746, Validation Set Manhattan Distance: 588.0, Mask Weight: 1.000
Epoch 13/20000, Train Loss: 6.4711, Validation Set Manhattan Distance: 588.0, Mask Weight: 1.000
Epoch 14/20000, Train Loss: 5.3056, Validation Set Manhattan Distance: 588.0, Mask Weight: 1.000
Epoch 15/20000, Train Loss: 4.3433, Validation Set Manhattan Distance: 588.0, Mask Weight: 1.000
Epoch 16/20000, Train Loss: 3.5508, Validation Set Manhattan Distance: 588.0, Mask Weight: 1.000
Epoch 17/20000, Train Loss: 2.9002, Validation Set Manhattan Distance: 588.0, Mask Weight: 1.000
Epoch 18/20000, Train Loss: 2.3670, Validation Set Manhattan Distance: 588.0, Mask Weight: 1.000
Epoch 19/20000, Train Loss: 1.9307, Validation Set Manhattan Distance: 588.0, Mask Weight: 1.000
Epoch 20/20000, Train Loss: 1.5744, Validation Set Manhattan Distance: 588.0, Mask Weight: 1.000
Epoch 21/20000, Train Loss: 1.2832, Validation Set Manhattan Distance: 588.0, Mask Weight: 1.000
Epoch 22/20000, Train Loss: 1.0464, Validation Set Manhattan Distance: 588.0, Mask Weight: 1.000
Epoch 23/20000, Train Loss: 0.8529, Validation Set Manhattan Distance: 588.0, Mask Weight: 1.000
Epoch 24/20000, Train Loss: 0.6954, Validation Set Manhattan Distance: 588.0, Mask Weight: 1.000
Epoch 25/20000, Train Loss: 0.5671, Validation Set Manhattan Distance: 588.0, Mask Weight: 1.000
Epoch 26/20000, Train Loss: 0.4633, Validation Set Manhattan Distance: 588.0, Mask Weight: 1.000
Epoch 27/20000, Train Loss: 0.3787, Validation Set Manhattan Distance: 588.0, Mask Weight: 1.000
Epoch 28/20000, Train Loss: 0.3100, Validation Set Manhattan Distance: 588.0, Mask Weight: 1.000
Epoch 29/20000, Train Loss: 0.2541, Validation Set Manhattan Distance: 588.0, Mask Weight: 1.000
Epoch 30/20000, Train Loss: 0.2082, Validation Set Manhattan Distance: 588.0, Mask Weight: 1.000
Epoch 31/20000, Train Loss: 0.1707, Validation Set Manhattan Distance: 588.0, Mask Weight: 1.000
Epoch 32/20000, Train Loss: 0.1415, Validation Set Manhattan Distance: 588.0, Mask Weight: 1.000
Epoch 33/20000, Train Loss: 0.1176, Validation Set Manhattan Distance: 588.0, Mask Weight: 1.000
  -> Train loss below 0.1. Mask weight reduction is now enabled.
Epoch 34/20000, Train Loss: 0.0968, Validation Set Manhattan Distance: 588.0, Mask Weight: 1.000
  -> Validation Set Manhattan Distance did not improve for 10 epochs.
  -> Unmasked Loss (Gradient Magnitude): 0.3770, Calculated Decrement: 0.0133
  -> Reducing mask weight to 0.987.
  -> Mask weight reduction is now disabled until train loss is below 0.001 again.
Epoch 35/20000, Train Loss: 0.3332, Validation Set Manhattan Distance: 12.0, Mask Weight: 0.987
  -> New best Validation Set Manhattan Distance: 12.0. Model saved.
Epoch 36/20000, Train Loss: 0.1969, Validation Set Manhattan Distance: 12.0, Mask Weight: 0.987
Epoch 37/20000, Train Loss: 0.1865, Validation Set Manhattan Distance: 12.0, Mask Weight: 0.987
Epoch 38/20000, Train Loss: 0.1762, Validation Set Manhattan Distance: 12.0, Mask Weight: 0.987
Epoch 39/20000, Train Loss: 0.1698, Validation Set Manhattan Distance: 12.0, Mask Weight: 0.987
Epoch 40/20000, Train Loss: 0.1620, Validation Set Manhattan Distance: 12.0, Mask Weight: 0.987
Epoch 41/20000, Train Loss: 0.1558, Validation Set Manhattan Distance: 12.0, Mask Weight: 0.987
Epoch 42/20000, Train Loss: 0.1498, Validation Set Manhattan Distance: 12.0, Mask Weight: 0.987
Epoch 43/20000, Train Loss: 0.1452, Validation Set Manhattan Distance: 12.0, Mask Weight: 0.987
Epoch 44/20000, Train Loss: 0.1416, Validation Set Manhattan Distance: 12.0, Mask Weight: 0.987
Epoch 45/20000, Train Loss: 0.1382, Validation Set Manhattan Distance: 12.0, Mask Weight: 0.987
Epoch 46/20000, Train Loss: 0.1360, Validation Set Manhattan Distance: 12.0, Mask Weight: 0.987
Epoch 47/20000, Train Loss: 0.1336, Validation Set Manhattan Distance: 12.0, Mask Weight: 0.987
Epoch 48/20000, Train Loss: 0.1322, Validation Set Manhattan Distance: 12.0, Mask Weight: 0.987
Epoch 49/20000, Train Loss: 0.1309, Validation Set Manhattan Distance: 12.0, Mask Weight: 0.987
Epoch 50/20000, Train Loss: 0.1299, Validation Set Manhattan Distance: 12.0, Mask Weight: 0.987
Epoch 51/20000, Train Loss: 0.1286, Validation Set Manhattan Distance: 12.0, Mask Weight: 0.987
Epoch 52/20000, Train Loss: 0.1280, Validation Set Manhattan Distance: 12.0, Mask Weight: 0.987
Epoch 53/20000, Train Loss: 0.1266, Validation Set Manhattan Distance: 12.0, Mask Weight: 0.987
Epoch 54/20000, Train Loss: 0.1274, Validation Set Manhattan Distance: 12.0, Mask Weight: 0.987
Epoch 55/20000, Train Loss: 0.1266, Validation Set Manhattan Distance: 12.0, Mask Weight: 0.987
Epoch 56/20000, Train Loss: 0.1259, Validation Set Manhattan Distance: 12.0, Mask Weight: 0.987
Epoch 57/20000, Train Loss: 0.1247, Validation Set Manhattan Distance: 12.0, Mask Weight: 0.987
Epoch 58/20000, Train Loss: 0.1240, Validation Set Manhattan Distance: 12.0, Mask Weight: 0.987
Epoch 59/20000, Train Loss: 0.1242, Validation Set Manhattan Distance: 12.0, Mask Weight: 0.987
Epoch 60/20000, Train Loss: 0.1237, Validation Set Manhattan Distance: 12.0, Mask Weight: 0.987
Epoch 61/20000, Train Loss: 0.1226, Validation Set Manhattan Distance: 12.0, Mask Weight: 0.987
Epoch 62/20000, Train Loss: 0.1234, Validation Set Manhattan Distance: 12.0, Mask Weight: 0.987
Epoch 63/20000, Train Loss: 0.1239, Validation Set Manhattan Distance: 12.0, Mask Weight: 0.987
Epoch 64/20000, Train Loss: 0.1212, Validation Set Manhattan Distance: 12.0, Mask Weight: 0.987
Epoch 65/20000, Train Loss: 0.1211, Validation Set Manhattan Distance: 12.0, Mask Weight: 0.987
Epoch 66/20000, Train Loss: 0.1191, Validation Set Manhattan Distance: 12.0, Mask Weight: 0.987
Epoch 67/20000, Train Loss: 0.1184, Validation Set Manhattan Distance: 12.0, Mask Weight: 0.987
Epoch 68/20000, Train Loss: 0.1171, Validation Set Manhattan Distance: 12.0, Mask Weight: 0.987
Epoch 69/20000, Train Loss: 0.1148, Validation Set Manhattan Distance: 12.0, Mask Weight: 0.987
Epoch 70/20000, Train Loss: 0.1125, Validation Set Manhattan Distance: 12.0, Mask Weight: 0.987
Epoch 71/20000, Train Loss: 0.1095, Validation Set Manhattan Distance: 12.0, Mask Weight: 0.987
Epoch 72/20000, Train Loss: 0.1072, Validation Set Manhattan Distance: 12.0, Mask Weight: 0.987
Epoch 73/20000, Train Loss: 0.1063, Validation Set Manhattan Distance: 12.0, Mask Weight: 0.987
Epoch 74/20000, Train Loss: 0.1054, Validation Set Manhattan Distance: 12.0, Mask Weight: 0.987
Epoch 75/20000, Train Loss: 0.1043, Validation Set Manhattan Distance: 12.0, Mask Weight: 0.987
Epoch 76/20000, Train Loss: 0.1026, Validation Set Manhattan Distance: 12.0, Mask Weight: 0.987
Epoch 77/20000, Train Loss: 0.1006, Validation Set Manhattan Distance: 12.0, Mask Weight: 0.987
  -> Train loss below 0.1. Mask weight reduction is now enabled.
Epoch 78/20000, Train Loss: 0.0971, Validation Set Manhattan Distance: 12.0, Mask Weight: 0.987
  -> Validation Set Manhattan Distance did not improve for 10 epochs.
  -> Unmasked Loss (Gradient Magnitude): 0.0692, Calculated Decrement: 0.0722
  -> Reducing mask weight to 0.915.
  -> Mask weight reduction is now disabled until train loss is below 0.001 again.
Epoch 79/20000, Train Loss: 0.6149, Validation Set Manhattan Distance: 12.0, Mask Weight: 0.915
Epoch 80/20000, Train Loss: 0.6193, Validation Set Manhattan Distance: 12.0, Mask Weight: 0.915
Epoch 81/20000, Train Loss: 0.5911, Validation Set Manhattan Distance: 12.0, Mask Weight: 0.915
Epoch 82/20000, Train Loss: 0.5777, Validation Set Manhattan Distance: 12.0, Mask Weight: 0.915
Epoch 83/20000, Train Loss: 0.5448, Validation Set Manhattan Distance: 12.0, Mask Weight: 0.915
Epoch 84/20000, Train Loss: 0.5356, Validation Set Manhattan Distance: 12.0, Mask Weight: 0.915
Epoch 85/20000, Train Loss: 0.4982, Validation Set Manhattan Distance: 12.0, Mask Weight: 0.915
Epoch 86/20000, Train Loss: 0.5070, Validation Set Manhattan Distance: 12.0, Mask Weight: 0.915
Epoch 87/20000, Train Loss: 0.6984, Validation Set Manhattan Distance: 12.0, Mask Weight: 0.915
Epoch 88/20000, Train Loss: 0.6628, Validation Set Manhattan Distance: 12.0, Mask Weight: 0.915
Epoch 89/20000, Train Loss: 0.5664, Validation Set Manhattan Distance: 12.0, Mask Weight: 0.915
Epoch 90/20000, Train Loss: 0.5537, Validation Set Manhattan Distance: 12.0, Mask Weight: 0.915
Epoch 91/20000, Train Loss: 0.5275, Validation Set Manhattan Distance: 12.0, Mask Weight: 0.915
Epoch 92/20000, Train Loss: 0.5052, Validation Set Manhattan Distance: 12.0, Mask Weight: 0.915
Epoch 93/20000, Train Loss: 0.4904, Validation Set Manhattan Distance: 12.0, Mask Weight: 0.915
Epoch 94/20000, Train Loss: 0.4815, Validation Set Manhattan Distance: 12.0, Mask Weight: 0.915
Epoch 95/20000, Train Loss: 0.4657, Validation Set Manhattan Distance: 12.0, Mask Weight: 0.915
Epoch 96/20000, Train Loss: 0.4865, Validation Set Manhattan Distance: 12.0, Mask Weight: 0.915
Epoch 97/20000, Train Loss: 0.4765, Validation Set Manhattan Distance: 12.0, Mask Weight: 0.915
Epoch 98/20000, Train Loss: 0.4602, Validation Set Manhattan Distance: 12.0, Mask Weight: 0.915
Epoch 99/20000, Train Loss: 0.5190, Validation Set Manhattan Distance: 12.0, Mask Weight: 0.915
Epoch 100/20000, Train Loss: 0.4599, Validation Set Manhattan Distance: 12.0, Mask Weight: 0.915
Epoch 101/20000, Train Loss: 0.4583, Validation Set Manhattan Distance: 12.0, Mask Weight: 0.915
Epoch 102/20000, Train Loss: 0.4365, Validation Set Manhattan Distance: 12.0, Mask Weight: 0.915
Epoch 103/20000, Train Loss: 0.4387, Validation Set Manhattan Distance: 12.0, Mask Weight: 0.915
Epoch 104/20000, Train Loss: 0.4379, Validation Set Manhattan Distance: 12.0, Mask Weight: 0.915
Epoch 105/20000, Train Loss: 0.4475, Validation Set Manhattan Distance: 12.0, Mask Weight: 0.915
Epoch 106/20000, Train Loss: 0.5262, Validation Set Manhattan Distance: 12.0, Mask Weight: 0.915
Epoch 107/20000, Train Loss: 0.4893, Validation Set Manhattan Distance: 12.0, Mask Weight: 0.915
Epoch 108/20000, Train Loss: 0.4768, Validation Set Manhattan Distance: 12.0, Mask Weight: 0.915
Epoch 109/20000, Train Loss: 0.4734, Validation Set Manhattan Distance: 12.0, Mask Weight: 0.915
Epoch 110/20000, Train Loss: 0.4550, Validation Set Manhattan Distance: 12.0, Mask Weight: 0.915
Epoch 111/20000, Train Loss: 0.4629, Validation Set Manhattan Distance: 12.0, Mask Weight: 0.915
Epoch 112/20000, Train Loss: 0.4503, Validation Set Manhattan Distance: 12.0, Mask Weight: 0.915
Epoch 113/20000, Train Loss: 0.4345, Validation Set Manhattan Distance: 12.0, Mask Weight: 0.915
Epoch 114/20000, Train Loss: 0.4375, Validation Set Manhattan Distance: 12.0, Mask Weight: 0.915
Epoch 115/20000, Train Loss: 0.4317, Validation Set Manhattan Distance: 12.0, Mask Weight: 0.915
Epoch 116/20000, Train Loss: 0.4242, Validation Set Manhattan Distance: 12.0, Mask Weight: 0.915
Epoch 117/20000, Train Loss: 0.4233, Validation Set Manhattan Distance: 12.0, Mask Weight: 0.915
Epoch 118/20000, Train Loss: 0.4066, Validation Set Manhattan Distance: 12.0, Mask Weight: 0.915
Epoch 119/20000, Train Loss: 0.4165, Validation Set Manhattan Distance: 12.0, Mask Weight: 0.915
Epoch 120/20000, Train Loss: 0.3953, Validation Set Manhattan Distance: 12.0, Mask Weight: 0.915
Epoch 121/20000, Train Loss: 0.3906, Validation Set Manhattan Distance: 12.0, Mask Weight: 0.915
Epoch 122/20000, Train Loss: 0.3933, Validation Set Manhattan Distance: 12.0, Mask Weight: 0.915
Epoch 123/20000, Train Loss: 0.3971, Validation Set Manhattan Distance: 12.0, Mask Weight: 0.915
Epoch 124/20000, Train Loss: 0.4397, Validation Set Manhattan Distance: 12.0, Mask Weight: 0.915
Epoch 125/20000, Train Loss: 0.4262, Validation Set Manhattan Distance: 12.0, Mask Weight: 0.915
Epoch 126/20000, Train Loss: 0.4475, Validation Set Manhattan Distance: 12.0, Mask Weight: 0.915
Epoch 127/20000, Train Loss: 0.5411, Validation Set Manhattan Distance: 12.0, Mask Weight: 0.915
Epoch 128/20000, Train Loss: 0.5099, Validation Set Manhattan Distance: 12.0, Mask Weight: 0.915
Epoch 129/20000, Train Loss: 0.4424, Validation Set Manhattan Distance: 12.0, Mask Weight: 0.915
Epoch 130/20000, Train Loss: 0.4254, Validation Set Manhattan Distance: 12.0, Mask Weight: 0.915
Epoch 131/20000, Train Loss: 0.4047, Validation Set Manhattan Distance: 12.0, Mask Weight: 0.915
Epoch 132/20000, Train Loss: 0.4010, Validation Set Manhattan Distance: 12.0, Mask Weight: 0.915
Epoch 133/20000, Train Loss: 0.3988, Validation Set Manhattan Distance: 12.0, Mask Weight: 0.915
Epoch 134/20000, Train Loss: 0.3926, Validation Set Manhattan Distance: 12.0, Mask Weight: 0.915
Epoch 135/20000, Train Loss: 0.3840, Validation Set Manhattan Distance: 12.0, Mask Weight: 0.915
Epoch 136/20000, Train Loss: 0.3821, Validation Set Manhattan Distance: 12.0, Mask Weight: 0.915
Epoch 137/20000, Train Loss: 0.3863, Validation Set Manhattan Distance: 12.0, Mask Weight: 0.915
Epoch 138/20000, Train Loss: 0.3851, Validation Set Manhattan Distance: 12.0, Mask Weight: 0.915
Epoch 139/20000, Train Loss: 0.3869, Validation Set Manhattan Distance: 12.0, Mask Weight: 0.915
Epoch 140/20000, Train Loss: 0.3751, Validation Set Manhattan Distance: 12.0, Mask Weight: 0.915
Epoch 141/20000, Train Loss: 0.3839, Validation Set Manhattan Distance: 12.0, Mask Weight: 0.915
Epoch 142/20000, Train Loss: 0.3890, Validation Set Manhattan Distance: 12.0, Mask Weight: 0.915
Epoch 143/20000, Train Loss: 0.3757, Validation Set Manhattan Distance: 12.0, Mask Weight: 0.915
Epoch 144/20000, Train Loss: 0.3736, Validation Set Manhattan Distance: 12.0, Mask Weight: 0.915
Epoch 145/20000, Train Loss: 0.3886, Validation Set Manhattan Distance: 12.0, Mask Weight: 0.915
Epoch 146/20000, Train Loss: 0.4115, Validation Set Manhattan Distance: 12.0, Mask Weight: 0.915
Epoch 147/20000, Train Loss: 0.4053, Validation Set Manhattan Distance: 12.0, Mask Weight: 0.915
Epoch 148/20000, Train Loss: 0.4683, Validation Set Manhattan Distance: 12.0, Mask Weight: 0.915
Epoch 149/20000, Train Loss: 0.4201, Validation Set Manhattan Distance: 12.0, Mask Weight: 0.915
Epoch 150/20000, Train Loss: 0.3878, Validation Set Manhattan Distance: 12.0, Mask Weight: 0.915
Epoch 151/20000, Train Loss: 0.3829, Validation Set Manhattan Distance: 12.0, Mask Weight: 0.915
Epoch 152/20000, Train Loss: 0.3839, Validation Set Manhattan Distance: 12.0, Mask Weight: 0.915
Epoch 153/20000, Train Loss: 0.3914, Validation Set Manhattan Distance: 12.0, Mask Weight: 0.915
Epoch 154/20000, Train Loss: 0.3827, Validation Set Manhattan Distance: 12.0, Mask Weight: 0.915
Epoch 155/20000, Train Loss: 0.3768, Validation Set Manhattan Distance: 12.0, Mask Weight: 0.915
Epoch 156/20000, Train Loss: 0.3703, Validation Set Manhattan Distance: 12.0, Mask Weight: 0.915
Epoch 157/20000, Train Loss: 0.3701, Validation Set Manhattan Distance: 12.0, Mask Weight: 0.915
Epoch 158/20000, Train Loss: 0.3690, Validation Set Manhattan Distance: 12.0, Mask Weight: 0.915
Epoch 159/20000, Train Loss: 0.3709, Validation Set Manhattan Distance: 12.0, Mask Weight: 0.915
Epoch 160/20000, Train Loss: 0.3779, Validation Set Manhattan Distance: 12.0, Mask Weight: 0.915
Epoch 161/20000, Train Loss: 0.3733, Validation Set Manhattan Distance: 12.0, Mask Weight: 0.915
Epoch 162/20000, Train Loss: 0.3712, Validation Set Manhattan Distance: 12.0, Mask Weight: 0.915
Epoch 163/20000, Train Loss: 0.3778, Validation Set Manhattan Distance: 12.0, Mask Weight: 0.915
Epoch 164/20000, Train Loss: 0.3728, Validation Set Manhattan Distance: 12.0, Mask Weight: 0.915
Epoch 165/20000, Train Loss: 0.3753, Validation Set Manhattan Distance: 12.0, Mask Weight: 0.915
Epoch 166/20000, Train Loss: 0.3764, Validation Set Manhattan Distance: 12.0, Mask Weight: 0.915
Epoch 167/20000, Train Loss: 0.4162, Validation Set Manhattan Distance: 12.0, Mask Weight: 0.915
Epoch 168/20000, Train Loss: 0.5067, Validation Set Manhattan Distance: 12.0, Mask Weight: 0.915
Epoch 169/20000, Train Loss: 1.0691, Validation Set Manhattan Distance: 12.0, Mask Weight: 0.915
Epoch 170/20000, Train Loss: 0.9026, Validation Set Manhattan Distance: 12.0, Mask Weight: 0.915
Epoch 171/20000, Train Loss: 0.5743, Validation Set Manhattan Distance: 12.0, Mask Weight: 0.915
Epoch 172/20000, Train Loss: 0.5868, Validation Set Manhattan Distance: 12.0, Mask Weight: 0.915
Epoch 173/20000, Train Loss: 0.5368, Validation Set Manhattan Distance: 12.0, Mask Weight: 0.915
Epoch 174/20000, Train Loss: 0.4958, Validation Set Manhattan Distance: 12.0, Mask Weight: 0.915
Epoch 175/20000, Train Loss: 0.4586, Validation Set Manhattan Distance: 12.0, Mask Weight: 0.915
Epoch 176/20000, Train Loss: 0.4283, Validation Set Manhattan Distance: 12.0, Mask Weight: 0.915
Epoch 177/20000, Train Loss: 0.4129, Validation Set Manhattan Distance: 12.0, Mask Weight: 0.915
Epoch 178/20000, Train Loss: 0.4000, Validation Set Manhattan Distance: 12.0, Mask Weight: 0.915
Epoch 179/20000, Train Loss: 0.3999, Validation Set Manhattan Distance: 12.0, Mask Weight: 0.915
Epoch 180/20000, Train Loss: 0.3950, Validation Set Manhattan Distance: 12.0, Mask Weight: 0.915
Epoch 181/20000, Train Loss: 0.3880, Validation Set Manhattan Distance: 12.0, Mask Weight: 0.915
Epoch 182/20000, Train Loss: 0.3773, Validation Set Manhattan Distance: 12.0, Mask Weight: 0.915
Epoch 183/20000, Train Loss: 0.3742, Validation Set Manhattan Distance: 12.0, Mask Weight: 0.915
Epoch 184/20000, Train Loss: 0.3726, Validation Set Manhattan Distance: 12.0, Mask Weight: 0.915
Epoch 185/20000, Train Loss: 0.3721, Validation Set Manhattan Distance: 12.0, Mask Weight: 0.915
Epoch 186/20000, Train Loss: 0.3707, Validation Set Manhattan Distance: 12.0, Mask Weight: 0.915
Epoch 187/20000, Train Loss: 0.3689, Validation Set Manhattan Distance: 12.0, Mask Weight: 0.915
Epoch 188/20000, Train Loss: 0.3699, Validation Set Manhattan Distance: 12.0, Mask Weight: 0.915
Epoch 189/20000, Train Loss: 0.3699, Validation Set Manhattan Distance: 12.0, Mask Weight: 0.915
Epoch 190/20000, Train Loss: 0.3692, Validation Set Manhattan Distance: 12.0, Mask Weight: 0.915
Epoch 191/20000, Train Loss: 0.3683, Validation Set Manhattan Distance: 12.0, Mask Weight: 0.915
Epoch 192/20000, Train Loss: 0.3678, Validation Set Manhattan Distance: 12.0, Mask Weight: 0.915
Epoch 193/20000, Train Loss: 0.3691, Validation Set Manhattan Distance: 12.0, Mask Weight: 0.915
Epoch 194/20000, Train Loss: 0.3676, Validation Set Manhattan Distance: 12.0, Mask Weight: 0.915
Epoch 195/20000, Train Loss: 0.3664, Validation Set Manhattan Distance: 12.0, Mask Weight: 0.915
Epoch 196/20000, Train Loss: 0.3708, Validation Set Manhattan Distance: 12.0, Mask Weight: 0.915
Epoch 197/20000, Train Loss: 0.3748, Validation Set Manhattan Distance: 12.0, Mask Weight: 0.915
Epoch 198/20000, Train Loss: 0.3719, Validation Set Manhattan Distance: 12.0, Mask Weight: 0.915
Epoch 199/20000, Train Loss: 0.3728, Validation Set Manhattan Distance: 12.0, Mask Weight: 0.915
Epoch 200/20000, Train Loss: 0.3704, Validation Set Manhattan Distance: 12.0, Mask Weight: 0.915
Epoch 201/20000, Train Loss: 0.3660, Validation Set Manhattan Distance: 12.0, Mask Weight: 0.915
Epoch 202/20000, Train Loss: 0.3691, Validation Set Manhattan Distance: 12.0, Mask Weight: 0.915
Epoch 203/20000, Train Loss: 0.3671, Validation Set Manhattan Distance: 12.0, Mask Weight: 0.915
Epoch 204/20000, Train Loss: 0.3657, Validation Set Manhattan Distance: 12.0, Mask Weight: 0.915
Epoch 205/20000, Train Loss: 0.3653, Validation Set Manhattan Distance: 12.0, Mask Weight: 0.915
Epoch 206/20000, Train Loss: 0.3655, Validation Set Manhattan Distance: 12.0, Mask Weight: 0.915
Epoch 207/20000, Train Loss: 0.3696, Validation Set Manhattan Distance: 12.0, Mask Weight: 0.915
Epoch 208/20000, Train Loss: 0.3652, Validation Set Manhattan Distance: 12.0, Mask Weight: 0.915
Epoch 209/20000, Train Loss: 0.3671, Validation Set Manhattan Distance: 12.0, Mask Weight: 0.915
Epoch 210/20000, Train Loss: 0.3652, Validation Set Manhattan Distance: 12.0, Mask Weight: 0.915
Epoch 211/20000, Train Loss: 0.3660, Validation Set Manhattan Distance: 12.0, Mask Weight: 0.915
Epoch 212/20000, Train Loss: 0.3664, Validation Set Manhattan Distance: 12.0, Mask Weight: 0.915
Epoch 213/20000, Train Loss: 0.3640, Validation Set Manhattan Distance: 12.0, Mask Weight: 0.915
Epoch 214/20000, Train Loss: 0.3646, Validation Set Manhattan Distance: 12.0, Mask Weight: 0.915
Epoch 215/20000, Train Loss: 0.3632, Validation Set Manhattan Distance: 12.0, Mask Weight: 0.915
Epoch 216/20000, Train Loss: 0.3642, Validation Set Manhattan Distance: 12.0, Mask Weight: 0.915
Epoch 217/20000, Train Loss: 0.3643, Validation Set Manhattan Distance: 12.0, Mask Weight: 0.915
Epoch 218/20000, Train Loss: 0.3650, Validation Set Manhattan Distance: 12.0, Mask Weight: 0.915
Epoch 219/20000, Train Loss: 0.3637, Validation Set Manhattan Distance: 12.0, Mask Weight: 0.915
Epoch 220/20000, Train Loss: 0.3632, Validation Set Manhattan Distance: 12.0, Mask Weight: 0.915
Epoch 221/20000, Train Loss: 0.3709, Validation Set Manhattan Distance: 12.0, Mask Weight: 0.915
Epoch 222/20000, Train Loss: 0.3665, Validation Set Manhattan Distance: 12.0, Mask Weight: 0.915
Epoch 223/20000, Train Loss: 0.3683, Validation Set Manhattan Distance: 12.0, Mask Weight: 0.915
Epoch 224/20000, Train Loss: 0.3710, Validation Set Manhattan Distance: 12.0, Mask Weight: 0.915
Epoch 225/20000, Train Loss: 0.3642, Validation Set Manhattan Distance: 12.0, Mask Weight: 0.915
Epoch 226/20000, Train Loss: 0.3684, Validation Set Manhattan Distance: 12.0, Mask Weight: 0.915
Epoch 227/20000, Train Loss: 0.4951, Validation Set Manhattan Distance: 12.0, Mask Weight: 0.915
Epoch 228/20000, Train Loss: 0.5076, Validation Set Manhattan Distance: 12.0, Mask Weight: 0.915
Epoch 229/20000, Train Loss: 0.5397, Validation Set Manhattan Distance: 12.0, Mask Weight: 0.915
Epoch 230/20000, Train Loss: 0.4422, Validation Set Manhattan Distance: 12.0, Mask Weight: 0.915
Epoch 231/20000, Train Loss: 0.3952, Validation Set Manhattan Distance: 12.0, Mask Weight: 0.915
Epoch 232/20000, Train Loss: 0.4045, Validation Set Manhattan Distance: 12.0, Mask Weight: 0.915
Epoch 233/20000, Train Loss: 0.3758, Validation Set Manhattan Distance: 12.0, Mask Weight: 0.915
Epoch 234/20000, Train Loss: 0.3787, Validation Set Manhattan Distance: 12.0, Mask Weight: 0.915
Epoch 235/20000, Train Loss: 0.3731, Validation Set Manhattan Distance: 12.0, Mask Weight: 0.915
Epoch 236/20000, Train Loss: 0.3699, Validation Set Manhattan Distance: 12.0, Mask Weight: 0.915
Epoch 237/20000, Train Loss: 0.3700, Validation Set Manhattan Distance: 12.0, Mask Weight: 0.915
Epoch 238/20000, Train Loss: 0.3690, Validation Set Manhattan Distance: 12.0, Mask Weight: 0.915
Epoch 239/20000, Train Loss: 0.3702, Validation Set Manhattan Distance: 12.0, Mask Weight: 0.915
Epoch 240/20000, Train Loss: 0.3677, Validation Set Manhattan Distance: 12.0, Mask Weight: 0.915
Epoch 241/20000, Train Loss: 0.3674, Validation Set Manhattan Distance: 12.0, Mask Weight: 0.915
Epoch 242/20000, Train Loss: 0.3654, Validation Set Manhattan Distance: 12.0, Mask Weight: 0.915
Epoch 243/20000, Train Loss: 0.3644, Validation Set Manhattan Distance: 12.0, Mask Weight: 0.915
Epoch 244/20000, Train Loss: 0.3663, Validation Set Manhattan Distance: 12.0, Mask Weight: 0.915
Epoch 245/20000, Train Loss: 0.3652, Validation Set Manhattan Distance: 12.0, Mask Weight: 0.915
Epoch 246/20000, Train Loss: 0.3652, Validation Set Manhattan Distance: 12.0, Mask Weight: 0.915
Epoch 247/20000, Train Loss: 0.3656, Validation Set Manhattan Distance: 12.0, Mask Weight: 0.915
Epoch 248/20000, Train Loss: 0.3637, Validation Set Manhattan Distance: 12.0, Mask Weight: 0.915
Epoch 249/20000, Train Loss: 0.3655, Validation Set Manhattan Distance: 12.0, Mask Weight: 0.915
Epoch 250/20000, Train Loss: 0.3635, Validation Set Manhattan Distance: 12.0, Mask Weight: 0.915
Epoch 251/20000, Train Loss: 0.3678, Validation Set Manhattan Distance: 12.0, Mask Weight: 0.915
Epoch 252/20000, Train Loss: 0.3659, Validation Set Manhattan Distance: 12.0, Mask Weight: 0.915
Epoch 253/20000, Train Loss: 0.3677, Validation Set Manhattan Distance: 12.0, Mask Weight: 0.915
Epoch 254/20000, Train Loss: 0.3657, Validation Set Manhattan Distance: 12.0, Mask Weight: 0.915
Epoch 255/20000, Train Loss: 0.3651, Validation Set Manhattan Distance: 12.0, Mask Weight: 0.915
Epoch 256/20000, Train Loss: 0.3650, Validation Set Manhattan Distance: 12.0, Mask Weight: 0.915
Epoch 257/20000, Train Loss: 0.3643, Validation Set Manhattan Distance: 12.0, Mask Weight: 0.915
Epoch 258/20000, Train Loss: 0.3659, Validation Set Manhattan Distance: 12.0, Mask Weight: 0.915
Epoch 259/20000, Train Loss: 0.3612, Validation Set Manhattan Distance: 12.0, Mask Weight: 0.915
Epoch 260/20000, Train Loss: 0.3727, Validation Set Manhattan Distance: 12.0, Mask Weight: 0.915
Epoch 261/20000, Train Loss: 0.3686, Validation Set Manhattan Distance: 12.0, Mask Weight: 0.915
Epoch 262/20000, Train Loss: 0.3677, Validation Set Manhattan Distance: 12.0, Mask Weight: 0.915
Epoch 263/20000, Train Loss: 0.3648, Validation Set Manhattan Distance: 12.0, Mask Weight: 0.915
Epoch 264/20000, Train Loss: 0.3687, Validation Set Manhattan Distance: 12.0, Mask Weight: 0.915
Epoch 265/20000, Train Loss: 0.4015, Validation Set Manhattan Distance: 12.0, Mask Weight: 0.915
Epoch 266/20000, Train Loss: 0.5323, Validation Set Manhattan Distance: 12.0, Mask Weight: 0.915
Epoch 267/20000, Train Loss: 0.5466, Validation Set Manhattan Distance: 12.0, Mask Weight: 0.915
Epoch 268/20000, Train Loss: 0.4327, Validation Set Manhattan Distance: 12.0, Mask Weight: 0.915
Epoch 269/20000, Train Loss: 0.3750, Validation Set Manhattan Distance: 12.0, Mask Weight: 0.915
Epoch 270/20000, Train Loss: 0.3764, Validation Set Manhattan Distance: 12.0, Mask Weight: 0.915
Epoch 271/20000, Train Loss: 0.3722, Validation Set Manhattan Distance: 12.0, Mask Weight: 0.915
Epoch 272/20000, Train Loss: 0.3702, Validation Set Manhattan Distance: 12.0, Mask Weight: 0.915
Epoch 273/20000, Train Loss: 0.3683, Validation Set Manhattan Distance: 12.0, Mask Weight: 0.915
Epoch 274/20000, Train Loss: 0.3690, Validation Set Manhattan Distance: 12.0, Mask Weight: 0.915
Epoch 275/20000, Train Loss: 0.3696, Validation Set Manhattan Distance: 12.0, Mask Weight: 0.915
Epoch 276/20000, Train Loss: 0.3676, Validation Set Manhattan Distance: 12.0, Mask Weight: 0.915
Epoch 277/20000, Train Loss: 0.3646, Validation Set Manhattan Distance: 12.0, Mask Weight: 0.915
Epoch 278/20000, Train Loss: 0.3665, Validation Set Manhattan Distance: 12.0, Mask Weight: 0.915
Epoch 279/20000, Train Loss: 0.3644, Validation Set Manhattan Distance: 12.0, Mask Weight: 0.915
Epoch 280/20000, Train Loss: 0.3662, Validation Set Manhattan Distance: 12.0, Mask Weight: 0.915
Epoch 281/20000, Train Loss: 0.3639, Validation Set Manhattan Distance: 12.0, Mask Weight: 0.915
Epoch 282/20000, Train Loss: 0.3647, Validation Set Manhattan Distance: 12.0, Mask Weight: 0.915
Epoch 283/20000, Train Loss: 0.3625, Validation Set Manhattan Distance: 12.0, Mask Weight: 0.915
Epoch 284/20000, Train Loss: 0.3655, Validation Set Manhattan Distance: 12.0, Mask Weight: 0.915
Epoch 285/20000, Train Loss: 0.3647, Validation Set Manhattan Distance: 12.0, Mask Weight: 0.915
Epoch 286/20000, Train Loss: 0.3650, Validation Set Manhattan Distance: 12.0, Mask Weight: 0.915
Epoch 287/20000, Train Loss: 0.3643, Validation Set Manhattan Distance: 12.0, Mask Weight: 0.915
Epoch 288/20000, Train Loss: 0.3635, Validation Set Manhattan Distance: 12.0, Mask Weight: 0.915
Epoch 289/20000, Train Loss: 0.3638, Validation Set Manhattan Distance: 12.0, Mask Weight: 0.915
Epoch 290/20000, Train Loss: 0.3628, Validation Set Manhattan Distance: 12.0, Mask Weight: 0.915
Epoch 291/20000, Train Loss: 0.3611, Validation Set Manhattan Distance: 12.0, Mask Weight: 0.915
Epoch 292/20000, Train Loss: 0.3643, Validation Set Manhattan Distance: 12.0, Mask Weight: 0.915
Epoch 293/20000, Train Loss: 0.3701, Validation Set Manhattan Distance: 12.0, Mask Weight: 0.915
Epoch 294/20000, Train Loss: 0.3712, Validation Set Manhattan Distance: 12.0, Mask Weight: 0.915
Epoch 295/20000, Train Loss: 0.3648, Validation Set Manhattan Distance: 12.0, Mask Weight: 0.915
Epoch 296/20000, Train Loss: 0.3647, Validation Set Manhattan Distance: 12.0, Mask Weight: 0.915
Epoch 297/20000, Train Loss: 0.3636, Validation Set Manhattan Distance: 12.0, Mask Weight: 0.915
Epoch 298/20000, Train Loss: 0.3656, Validation Set Manhattan Distance: 12.0, Mask Weight: 0.915
Epoch 299/20000, Train Loss: 0.3635, Validation Set Manhattan Distance: 12.0, Mask Weight: 0.915
Epoch 300/20000, Train Loss: 0.3628, Validation Set Manhattan Distance: 12.0, Mask Weight: 0.915
Epoch 301/20000, Train Loss: 0.3629, Validation Set Manhattan Distance: 12.0, Mask Weight: 0.915
Epoch 302/20000, Train Loss: 0.3633, Validation Set Manhattan Distance: 12.0, Mask Weight: 0.915
Epoch 303/20000, Train Loss: 0.3626, Validation Set Manhattan Distance: 12.0, Mask Weight: 0.915
Epoch 304/20000, Train Loss: 0.3634, Validation Set Manhattan Distance: 12.0, Mask Weight: 0.915
Epoch 305/20000, Train Loss: 0.3632, Validation Set Manhattan Distance: 12.0, Mask Weight: 0.915
Epoch 306/20000, Train Loss: 0.3629, Validation Set Manhattan Distance: 12.0, Mask Weight: 0.915
Epoch 307/20000, Train Loss: 0.3619, Validation Set Manhattan Distance: 12.0, Mask Weight: 0.915
Epoch 308/20000, Train Loss: 0.3635, Validation Set Manhattan Distance: 12.0, Mask Weight: 0.915
Epoch 309/20000, Train Loss: 0.3626, Validation Set Manhattan Distance: 12.0, Mask Weight: 0.915
Epoch 310/20000, Train Loss: 0.3619, Validation Set Manhattan Distance: 12.0, Mask Weight: 0.915
Epoch 311/20000, Train Loss: 0.3631, Validation Set Manhattan Distance: 12.0, Mask Weight: 0.915
Epoch 312/20000, Train Loss: 0.3632, Validation Set Manhattan Distance: 12.0, Mask Weight: 0.915
Epoch 313/20000, Train Loss: 0.3627, Validation Set Manhattan Distance: 12.0, Mask Weight: 0.915
Epoch 314/20000, Train Loss: 0.3611, Validation Set Manhattan Distance: 12.0, Mask Weight: 0.915
Epoch 315/20000, Train Loss: 0.3672, Validation Set Manhattan Distance: 12.0, Mask Weight: 0.915
Epoch 316/20000, Train Loss: 0.3614, Validation Set Manhattan Distance: 12.0, Mask Weight: 0.915
Epoch 317/20000, Train Loss: 0.3626, Validation Set Manhattan Distance: 12.0, Mask Weight: 0.915
Epoch 318/20000, Train Loss: 0.3633, Validation Set Manhattan Distance: 12.0, Mask Weight: 0.915
Epoch 319/20000, Train Loss: 0.3618, Validation Set Manhattan Distance: 12.0, Mask Weight: 0.915
Epoch 320/20000, Train Loss: 0.3634, Validation Set Manhattan Distance: 12.0, Mask Weight: 0.915
Epoch 321/20000, Train Loss: 0.3638, Validation Set Manhattan Distance: 12.0, Mask Weight: 0.915
Epoch 322/20000, Train Loss: 0.3642, Validation Set Manhattan Distance: 12.0, Mask Weight: 0.915
Epoch 323/20000, Train Loss: 0.3639, Validation Set Manhattan Distance: 12.0, Mask Weight: 0.915
Epoch 324/20000, Train Loss: 0.3629, Validation Set Manhattan Distance: 12.0, Mask Weight: 0.915
Epoch 325/20000, Train Loss: 0.3609, Validation Set Manhattan Distance: 12.0, Mask Weight: 0.915
Epoch 326/20000, Train Loss: 0.3626, Validation Set Manhattan Distance: 12.0, Mask Weight: 0.915
Epoch 327/20000, Train Loss: 0.3630, Validation Set Manhattan Distance: 12.0, Mask Weight: 0.915
Epoch 328/20000, Train Loss: 0.3620, Validation Set Manhattan Distance: 12.0, Mask Weight: 0.915
Epoch 329/20000, Train Loss: 0.3606, Validation Set Manhattan Distance: 12.0, Mask Weight: 0.915
Epoch 330/20000, Train Loss: 0.3618, Validation Set Manhattan Distance: 12.0, Mask Weight: 0.915
Epoch 331/20000, Train Loss: 0.3603, Validation Set Manhattan Distance: 12.0, Mask Weight: 0.915
Epoch 332/20000, Train Loss: 0.3622, Validation Set Manhattan Distance: 12.0, Mask Weight: 0.915
Epoch 333/20000, Train Loss: 0.3586, Validation Set Manhattan Distance: 12.0, Mask Weight: 0.915
Epoch 334/20000, Train Loss: 0.3655, Validation Set Manhattan Distance: 12.0, Mask Weight: 0.915
Epoch 335/20000, Train Loss: 0.3628, Validation Set Manhattan Distance: 12.0, Mask Weight: 0.915
Epoch 336/20000, Train Loss: 0.3678, Validation Set Manhattan Distance: 12.0, Mask Weight: 0.915
Epoch 337/20000, Train Loss: 0.3620, Validation Set Manhattan Distance: 12.0, Mask Weight: 0.915
Epoch 338/20000, Train Loss: 0.3622, Validation Set Manhattan Distance: 12.0, Mask Weight: 0.915
Epoch 339/20000, Train Loss: 0.3624, Validation Set Manhattan Distance: 12.0, Mask Weight: 0.915
Epoch 340/20000, Train Loss: 0.3651, Validation Set Manhattan Distance: 12.0, Mask Weight: 0.915
Epoch 341/20000, Train Loss: 0.3617, Validation Set Manhattan Distance: 12.0, Mask Weight: 0.915
Epoch 342/20000, Train Loss: 0.3646, Validation Set Manhattan Distance: 12.0, Mask Weight: 0.915
Epoch 343/20000, Train Loss: 0.3610, Validation Set Manhattan Distance: 12.0, Mask Weight: 0.915
Epoch 344/20000, Train Loss: 0.3618, Validation Set Manhattan Distance: 12.0, Mask Weight: 0.915
Epoch 345/20000, Train Loss: 0.3604, Validation Set Manhattan Distance: 12.0, Mask Weight: 0.915
Epoch 346/20000, Train Loss: 0.3609, Validation Set Manhattan Distance: 12.0, Mask Weight: 0.915
Epoch 347/20000, Train Loss: 0.3591, Validation Set Manhattan Distance: 12.0, Mask Weight: 0.915
Epoch 348/20000, Train Loss: 0.3626, Validation Set Manhattan Distance: 12.0, Mask Weight: 0.915
Epoch 349/20000, Train Loss: 0.3612, Validation Set Manhattan Distance: 12.0, Mask Weight: 0.915
Epoch 350/20000, Train Loss: 0.3630, Validation Set Manhattan Distance: 12.0, Mask Weight: 0.915
Epoch 351/20000, Train Loss: 0.3610, Validation Set Manhattan Distance: 12.0, Mask Weight: 0.915
Epoch 352/20000, Train Loss: 0.3614, Validation Set Manhattan Distance: 12.0, Mask Weight: 0.915
Epoch 353/20000, Train Loss: 0.3624, Validation Set Manhattan Distance: 12.0, Mask Weight: 0.915
Epoch 354/20000, Train Loss: 0.3603, Validation Set Manhattan Distance: 12.0, Mask Weight: 0.915
Epoch 355/20000, Train Loss: 0.3643, Validation Set Manhattan Distance: 12.0, Mask Weight: 0.915
Epoch 356/20000, Train Loss: 0.3626, Validation Set Manhattan Distance: 12.0, Mask Weight: 0.915
Epoch 357/20000, Train Loss: 0.3618, Validation Set Manhattan Distance: 12.0, Mask Weight: 0.915
Epoch 358/20000, Train Loss: 0.3678, Validation Set Manhattan Distance: 12.0, Mask Weight: 0.915
Epoch 359/20000, Train Loss: 0.3672, Validation Set Manhattan Distance: 12.0, Mask Weight: 0.915
Epoch 360/20000, Train Loss: 0.3609, Validation Set Manhattan Distance: 12.0, Mask Weight: 0.915
Epoch 361/20000, Train Loss: 0.3645, Validation Set Manhattan Distance: 12.0, Mask Weight: 0.915
Epoch 362/20000, Train Loss: 0.3661, Validation Set Manhattan Distance: 12.0, Mask Weight: 0.915
Epoch 363/20000, Train Loss: 0.3632, Validation Set Manhattan Distance: 12.0, Mask Weight: 0.915
Epoch 364/20000, Train Loss: 0.3642, Validation Set Manhattan Distance: 12.0, Mask Weight: 0.915
Epoch 365/20000, Train Loss: 0.3614, Validation Set Manhattan Distance: 12.0, Mask Weight: 0.915
Epoch 366/20000, Train Loss: 0.3619, Validation Set Manhattan Distance: 12.0, Mask Weight: 0.915
Epoch 367/20000, Train Loss: 0.3632, Validation Set Manhattan Distance: 12.0, Mask Weight: 0.915
Epoch 368/20000, Train Loss: 0.3621, Validation Set Manhattan Distance: 12.0, Mask Weight: 0.915
Epoch 369/20000, Train Loss: 0.3620, Validation Set Manhattan Distance: 12.0, Mask Weight: 0.915
Epoch 370/20000, Train Loss: 0.3654, Validation Set Manhattan Distance: 12.0, Mask Weight: 0.915
Epoch 371/20000, Train Loss: 0.3658, Validation Set Manhattan Distance: 12.0, Mask Weight: 0.915
Epoch 372/20000, Train Loss: 0.3649, Validation Set Manhattan Distance: 12.0, Mask Weight: 0.915
Epoch 373/20000, Train Loss: 0.3633, Validation Set Manhattan Distance: 12.0, Mask Weight: 0.915
Epoch 374/20000, Train Loss: 0.3630, Validation Set Manhattan Distance: 12.0, Mask Weight: 0.915
Epoch 375/20000, Train Loss: 0.3614, Validation Set Manhattan Distance: 12.0, Mask Weight: 0.915
Epoch 376/20000, Train Loss: 0.3619, Validation Set Manhattan Distance: 12.0, Mask Weight: 0.915
Epoch 377/20000, Train Loss: 0.3592, Validation Set Manhattan Distance: 12.0, Mask Weight: 0.915
Epoch 378/20000, Train Loss: 0.3609, Validation Set Manhattan Distance: 12.0, Mask Weight: 0.915
Epoch 379/20000, Train Loss: 0.3612, Validation Set Manhattan Distance: 12.0, Mask Weight: 0.915
Epoch 380/20000, Train Loss: 0.3639, Validation Set Manhattan Distance: 12.0, Mask Weight: 0.915
Epoch 381/20000, Train Loss: 0.3598, Validation Set Manhattan Distance: 12.0, Mask Weight: 0.915
Epoch 382/20000, Train Loss: 0.3624, Validation Set Manhattan Distance: 12.0, Mask Weight: 0.915
Epoch 383/20000, Train Loss: 0.3595, Validation Set Manhattan Distance: 12.0, Mask Weight: 0.915
Epoch 384/20000, Train Loss: 0.3599, Validation Set Manhattan Distance: 12.0, Mask Weight: 0.915
Epoch 385/20000, Train Loss: 0.3593, Validation Set Manhattan Distance: 12.0, Mask Weight: 0.915
Epoch 386/20000, Train Loss: 0.3614, Validation Set Manhattan Distance: 12.0, Mask Weight: 0.915
Epoch 387/20000, Train Loss: 0.3601, Validation Set Manhattan Distance: 12.0, Mask Weight: 0.915
Epoch 388/20000, Train Loss: 0.3599, Validation Set Manhattan Distance: 12.0, Mask Weight: 0.915
Epoch 389/20000, Train Loss: 0.3597, Validation Set Manhattan Distance: 12.0, Mask Weight: 0.915
Epoch 390/20000, Train Loss: 0.3617, Validation Set Manhattan Distance: 12.0, Mask Weight: 0.915
Epoch 391/20000, Train Loss: 0.3610, Validation Set Manhattan Distance: 12.0, Mask Weight: 0.915
Epoch 392/20000, Train Loss: 0.3595, Validation Set Manhattan Distance: 12.0, Mask Weight: 0.915
Epoch 393/20000, Train Loss: 0.3617, Validation Set Manhattan Distance: 12.0, Mask Weight: 0.915
Epoch 394/20000, Train Loss: 0.3590, Validation Set Manhattan Distance: 12.0, Mask Weight: 0.915
Epoch 395/20000, Train Loss: 0.3600, Validation Set Manhattan Distance: 12.0, Mask Weight: 0.915
Epoch 396/20000, Train Loss: 0.3618, Validation Set Manhattan Distance: 12.0, Mask Weight: 0.915
Epoch 397/20000, Train Loss: 0.3588, Validation Set Manhattan Distance: 12.0, Mask Weight: 0.915
Epoch 398/20000, Train Loss: 0.3677, Validation Set Manhattan Distance: 12.0, Mask Weight: 0.915
Epoch 399/20000, Train Loss: 0.3651, Validation Set Manhattan Distance: 12.0, Mask Weight: 0.915
Epoch 400/20000, Train Loss: 0.3630, Validation Set Manhattan Distance: 12.0, Mask Weight: 0.915
Epoch 401/20000, Train Loss: 0.3632, Validation Set Manhattan Distance: 12.0, Mask Weight: 0.915
Epoch 402/20000, Train Loss: 0.3608, Validation Set Manhattan Distance: 12.0, Mask Weight: 0.915
Epoch 403/20000, Train Loss: 0.3624, Validation Set Manhattan Distance: 12.0, Mask Weight: 0.915
Epoch 404/20000, Train Loss: 0.3654, Validation Set Manhattan Distance: 12.0, Mask Weight: 0.915
Epoch 405/20000, Train Loss: 0.3625, Validation Set Manhattan Distance: 12.0, Mask Weight: 0.915
Epoch 406/20000, Train Loss: 0.3606, Validation Set Manhattan Distance: 12.0, Mask Weight: 0.915
Epoch 407/20000, Train Loss: 0.3604, Validation Set Manhattan Distance: 12.0, Mask Weight: 0.915
Epoch 408/20000, Train Loss: 0.3594, Validation Set Manhattan Distance: 12.0, Mask Weight: 0.915
Epoch 409/20000, Train Loss: 0.3596, Validation Set Manhattan Distance: 12.0, Mask Weight: 0.915
Epoch 410/20000, Train Loss: 0.3585, Validation Set Manhattan Distance: 12.0, Mask Weight: 0.915
Epoch 411/20000, Train Loss: 0.3601, Validation Set Manhattan Distance: 12.0, Mask Weight: 0.915
Epoch 412/20000, Train Loss: 0.3616, Validation Set Manhattan Distance: 12.0, Mask Weight: 0.915
Epoch 413/20000, Train Loss: 0.3589, Validation Set Manhattan Distance: 12.0, Mask Weight: 0.915
Epoch 414/20000, Train Loss: 0.3610, Validation Set Manhattan Distance: 12.0, Mask Weight: 0.915
Epoch 415/20000, Train Loss: 0.3590, Validation Set Manhattan Distance: 12.0, Mask Weight: 0.915
Epoch 416/20000, Train Loss: 0.3616, Validation Set Manhattan Distance: 12.0, Mask Weight: 0.915
Epoch 417/20000, Train Loss: 0.3594, Validation Set Manhattan Distance: 12.0, Mask Weight: 0.915
Epoch 418/20000, Train Loss: 0.3600, Validation Set Manhattan Distance: 12.0, Mask Weight: 0.915
Epoch 419/20000, Train Loss: 0.3609, Validation Set Manhattan Distance: 12.0, Mask Weight: 0.915
Epoch 420/20000, Train Loss: 0.3588, Validation Set Manhattan Distance: 12.0, Mask Weight: 0.915
Epoch 421/20000, Train Loss: 0.3589, Validation Set Manhattan Distance: 12.0, Mask Weight: 0.915
Epoch 422/20000, Train Loss: 0.3605, Validation Set Manhattan Distance: 12.0, Mask Weight: 0.915
Epoch 423/20000, Train Loss: 0.3618, Validation Set Manhattan Distance: 12.0, Mask Weight: 0.915
Epoch 424/20000, Train Loss: 0.3593, Validation Set Manhattan Distance: 12.0, Mask Weight: 0.915
Epoch 425/20000, Train Loss: 0.3610, Validation Set Manhattan Distance: 12.0, Mask Weight: 0.915
Epoch 426/20000, Train Loss: 0.3600, Validation Set Manhattan Distance: 12.0, Mask Weight: 0.915
Epoch 427/20000, Train Loss: 0.3599, Validation Set Manhattan Distance: 12.0, Mask Weight: 0.915
Epoch 428/20000, Train Loss: 0.3588, Validation Set Manhattan Distance: 12.0, Mask Weight: 0.915
Epoch 429/20000, Train Loss: 0.3608, Validation Set Manhattan Distance: 12.0, Mask Weight: 0.915
Epoch 430/20000, Train Loss: 0.3579, Validation Set Manhattan Distance: 12.0, Mask Weight: 0.915
Epoch 431/20000, Train Loss: 0.3614, Validation Set Manhattan Distance: 12.0, Mask Weight: 0.915
Epoch 432/20000, Train Loss: 0.3597, Validation Set Manhattan Distance: 12.0, Mask Weight: 0.915
Epoch 433/20000, Train Loss: 0.3586, Validation Set Manhattan Distance: 12.0, Mask Weight: 0.915
Epoch 434/20000, Train Loss: 0.3594, Validation Set Manhattan Distance: 12.0, Mask Weight: 0.915
Epoch 435/20000, Train Loss: 0.3584, Validation Set Manhattan Distance: 12.0, Mask Weight: 0.915
Epoch 436/20000, Train Loss: 0.3568, Validation Set Manhattan Distance: 12.0, Mask Weight: 0.915
Epoch 437/20000, Train Loss: 0.3588, Validation Set Manhattan Distance: 12.0, Mask Weight: 0.915
Epoch 438/20000, Train Loss: 0.3612, Validation Set Manhattan Distance: 12.0, Mask Weight: 0.915
Epoch 439/20000, Train Loss: 0.3600, Validation Set Manhattan Distance: 12.0, Mask Weight: 0.915
Epoch 440/20000, Train Loss: 0.3609, Validation Set Manhattan Distance: 12.0, Mask Weight: 0.915
Epoch 441/20000, Train Loss: 0.3603, Validation Set Manhattan Distance: 12.0, Mask Weight: 0.915
Epoch 442/20000, Train Loss: 0.3589, Validation Set Manhattan Distance: 12.0, Mask Weight: 0.915
Epoch 443/20000, Train Loss: 0.3615, Validation Set Manhattan Distance: 12.0, Mask Weight: 0.915
Epoch 444/20000, Train Loss: 0.3603, Validation Set Manhattan Distance: 12.0, Mask Weight: 0.915
Epoch 445/20000, Train Loss: 0.3617, Validation Set Manhattan Distance: 12.0, Mask Weight: 0.915
Epoch 446/20000, Train Loss: 0.3599, Validation Set Manhattan Distance: 12.0, Mask Weight: 0.915
Epoch 447/20000, Train Loss: 0.3640, Validation Set Manhattan Distance: 12.0, Mask Weight: 0.915
Epoch 448/20000, Train Loss: 0.3602, Validation Set Manhattan Distance: 12.0, Mask Weight: 0.915
Epoch 449/20000, Train Loss: 0.3634, Validation Set Manhattan Distance: 12.0, Mask Weight: 0.915
Epoch 450/20000, Train Loss: 0.3595, Validation Set Manhattan Distance: 12.0, Mask Weight: 0.915
Epoch 451/20000, Train Loss: 0.3611, Validation Set Manhattan Distance: 12.0, Mask Weight: 0.915
Epoch 452/20000, Train Loss: 0.3601, Validation Set Manhattan Distance: 12.0, Mask Weight: 0.915
Epoch 453/20000, Train Loss: 0.3601, Validation Set Manhattan Distance: 12.0, Mask Weight: 0.915
Epoch 454/20000, Train Loss: 0.3589, Validation Set Manhattan Distance: 12.0, Mask Weight: 0.915
Epoch 455/20000, Train Loss: 0.3590, Validation Set Manhattan Distance: 12.0, Mask Weight: 0.915
Epoch 456/20000, Train Loss: 0.3613, Validation Set Manhattan Distance: 12.0, Mask Weight: 0.915
Epoch 457/20000, Train Loss: 0.3582, Validation Set Manhattan Distance: 12.0, Mask Weight: 0.915
Epoch 458/20000, Train Loss: 0.3594, Validation Set Manhattan Distance: 12.0, Mask Weight: 0.915
Epoch 459/20000, Train Loss: 0.3604, Validation Set Manhattan Distance: 12.0, Mask Weight: 0.915
Epoch 460/20000, Train Loss: 0.3585, Validation Set Manhattan Distance: 12.0, Mask Weight: 0.915
Epoch 461/20000, Train Loss: 0.3590, Validation Set Manhattan Distance: 12.0, Mask Weight: 0.915
Epoch 462/20000, Train Loss: 0.3593, Validation Set Manhattan Distance: 12.0, Mask Weight: 0.915
Epoch 463/20000, Train Loss: 0.3586, Validation Set Manhattan Distance: 12.0, Mask Weight: 0.915
Epoch 464/20000, Train Loss: 0.3595, Validation Set Manhattan Distance: 12.0, Mask Weight: 0.915
Epoch 465/20000, Train Loss: 0.3601, Validation Set Manhattan Distance: 12.0, Mask Weight: 0.915
Epoch 466/20000, Train Loss: 0.3595, Validation Set Manhattan Distance: 12.0, Mask Weight: 0.915
Epoch 467/20000, Train Loss: 0.3634, Validation Set Manhattan Distance: 12.0, Mask Weight: 0.915
Epoch 468/20000, Train Loss: 0.3598, Validation Set Manhattan Distance: 12.0, Mask Weight: 0.915
Epoch 469/20000, Train Loss: 0.3615, Validation Set Manhattan Distance: 12.0, Mask Weight: 0.915
Epoch 470/20000, Train Loss: 0.3600, Validation Set Manhattan Distance: 12.0, Mask Weight: 0.915
Epoch 471/20000, Train Loss: 0.3604, Validation Set Manhattan Distance: 12.0, Mask Weight: 0.915
Epoch 472/20000, Train Loss: 0.3636, Validation Set Manhattan Distance: 12.0, Mask Weight: 0.915
Epoch 473/20000, Train Loss: 0.3606, Validation Set Manhattan Distance: 12.0, Mask Weight: 0.915
Epoch 474/20000, Train Loss: 0.3627, Validation Set Manhattan Distance: 12.0, Mask Weight: 0.915
Epoch 475/20000, Train Loss: 0.3597, Validation Set Manhattan Distance: 12.0, Mask Weight: 0.915
Epoch 476/20000, Train Loss: 0.3610, Validation Set Manhattan Distance: 12.0, Mask Weight: 0.915
Epoch 477/20000, Train Loss: 0.3617, Validation Set Manhattan Distance: 12.0, Mask Weight: 0.915
Epoch 478/20000, Train Loss: 0.3580, Validation Set Manhattan Distance: 12.0, Mask Weight: 0.915
Epoch 479/20000, Train Loss: 0.3609, Validation Set Manhattan Distance: 12.0, Mask Weight: 0.915
Epoch 480/20000, Train Loss: 0.3612, Validation Set Manhattan Distance: 12.0, Mask Weight: 0.915
Epoch 481/20000, Train Loss: 0.3634, Validation Set Manhattan Distance: 12.0, Mask Weight: 0.915
Epoch 482/20000, Train Loss: 0.3578, Validation Set Manhattan Distance: 12.0, Mask Weight: 0.915
Epoch 483/20000, Train Loss: 0.3585, Validation Set Manhattan Distance: 12.0, Mask Weight: 0.915
Epoch 484/20000, Train Loss: 0.3637, Validation Set Manhattan Distance: 12.0, Mask Weight: 0.915
Epoch 485/20000, Train Loss: 0.3604, Validation Set Manhattan Distance: 12.0, Mask Weight: 0.915
Epoch 486/20000, Train Loss: 0.3604, Validation Set Manhattan Distance: 12.0, Mask Weight: 0.915
Epoch 487/20000, Train Loss: 0.3650, Validation Set Manhattan Distance: 12.0, Mask Weight: 0.915
Epoch 488/20000, Train Loss: 0.3604, Validation Set Manhattan Distance: 12.0, Mask Weight: 0.915
Epoch 489/20000, Train Loss: 0.3624, Validation Set Manhattan Distance: 12.0, Mask Weight: 0.915
Epoch 490/20000, Train Loss: 0.3605, Validation Set Manhattan Distance: 12.0, Mask Weight: 0.915
Epoch 491/20000, Train Loss: 0.3605, Validation Set Manhattan Distance: 12.0, Mask Weight: 0.915
Epoch 492/20000, Train Loss: 0.3602, Validation Set Manhattan Distance: 12.0, Mask Weight: 0.915
Epoch 493/20000, Train Loss: 0.3597, Validation Set Manhattan Distance: 12.0, Mask Weight: 0.915
Epoch 494/20000, Train Loss: 0.3636, Validation Set Manhattan Distance: 12.0, Mask Weight: 0.915
Epoch 495/20000, Train Loss: 0.3599, Validation Set Manhattan Distance: 12.0, Mask Weight: 0.915
Epoch 496/20000, Train Loss: 0.3595, Validation Set Manhattan Distance: 12.0, Mask Weight: 0.915
Epoch 497/20000, Train Loss: 0.3580, Validation Set Manhattan Distance: 12.0, Mask Weight: 0.915
Epoch 498/20000, Train Loss: 0.3587, Validation Set Manhattan Distance: 12.0, Mask Weight: 0.915
Epoch 499/20000, Train Loss: 0.3586, Validation Set Manhattan Distance: 12.0, Mask Weight: 0.915
Epoch 500/20000, Train Loss: 0.3613, Validation Set Manhattan Distance: 12.0, Mask Weight: 0.915
Epoch 501/20000, Train Loss: 0.3600, Validation Set Manhattan Distance: 12.0, Mask Weight: 0.915
Epoch 502/20000, Train Loss: 0.3573, Validation Set Manhattan Distance: 12.0, Mask Weight: 0.915
Epoch 503/20000, Train Loss: 0.3567, Validation Set Manhattan Distance: 12.0, Mask Weight: 0.915
Epoch 504/20000, Train Loss: 0.3596, Validation Set Manhattan Distance: 12.0, Mask Weight: 0.915
Epoch 505/20000, Train Loss: 0.3589, Validation Set Manhattan Distance: 12.0, Mask Weight: 0.915
Epoch 506/20000, Train Loss: 0.3597, Validation Set Manhattan Distance: 12.0, Mask Weight: 0.915
Epoch 507/20000, Train Loss: 0.3625, Validation Set Manhattan Distance: 12.0, Mask Weight: 0.915
Epoch 508/20000, Train Loss: 0.3596, Validation Set Manhattan Distance: 12.0, Mask Weight: 0.915
Epoch 509/20000, Train Loss: 0.3621, Validation Set Manhattan Distance: 12.0, Mask Weight: 0.915
Epoch 510/20000, Train Loss: 0.3593, Validation Set Manhattan Distance: 12.0, Mask Weight: 0.915
Epoch 511/20000, Train Loss: 0.3586, Validation Set Manhattan Distance: 12.0, Mask Weight: 0.915
Epoch 512/20000, Train Loss: 0.3610, Validation Set Manhattan Distance: 12.0, Mask Weight: 0.915
Epoch 513/20000, Train Loss: 0.3590, Validation Set Manhattan Distance: 12.0, Mask Weight: 0.915
Epoch 514/20000, Train Loss: 0.3583, Validation Set Manhattan Distance: 12.0, Mask Weight: 0.915
Epoch 515/20000, Train Loss: 0.3619, Validation Set Manhattan Distance: 12.0, Mask Weight: 0.915
Epoch 516/20000, Train Loss: 0.3590, Validation Set Manhattan Distance: 12.0, Mask Weight: 0.915
Epoch 517/20000, Train Loss: 0.3609, Validation Set Manhattan Distance: 12.0, Mask Weight: 0.915
Epoch 518/20000, Train Loss: 0.3588, Validation Set Manhattan Distance: 12.0, Mask Weight: 0.915
Epoch 519/20000, Train Loss: 0.3580, Validation Set Manhattan Distance: 12.0, Mask Weight: 0.915
Epoch 520/20000, Train Loss: 0.3575, Validation Set Manhattan Distance: 12.0, Mask Weight: 0.915
Epoch 521/20000, Train Loss: 0.3573, Validation Set Manhattan Distance: 12.0, Mask Weight: 0.915
Epoch 522/20000, Train Loss: 0.3608, Validation Set Manhattan Distance: 12.0, Mask Weight: 0.915
Epoch 523/20000, Train Loss: 0.3584, Validation Set Manhattan Distance: 12.0, Mask Weight: 0.915
Epoch 524/20000, Train Loss: 0.3592, Validation Set Manhattan Distance: 12.0, Mask Weight: 0.915
Epoch 525/20000, Train Loss: 0.3605, Validation Set Manhattan Distance: 12.0, Mask Weight: 0.915
Epoch 526/20000, Train Loss: 0.3564, Validation Set Manhattan Distance: 12.0, Mask Weight: 0.915
Epoch 527/20000, Train Loss: 0.3591, Validation Set Manhattan Distance: 12.0, Mask Weight: 0.915
Epoch 528/20000, Train Loss: 0.3606, Validation Set Manhattan Distance: 12.0, Mask Weight: 0.915
Epoch 529/20000, Train Loss: 0.3597, Validation Set Manhattan Distance: 12.0, Mask Weight: 0.915
Epoch 530/20000, Train Loss: 0.3592, Validation Set Manhattan Distance: 12.0, Mask Weight: 0.915
Epoch 531/20000, Train Loss: 0.3600, Validation Set Manhattan Distance: 12.0, Mask Weight: 0.915
Epoch 532/20000, Train Loss: 0.3605, Validation Set Manhattan Distance: 12.0, Mask Weight: 0.915
Epoch 533/20000, Train Loss: 0.3589, Validation Set Manhattan Distance: 12.0, Mask Weight: 0.915
Epoch 534/20000, Train Loss: 0.3595, Validation Set Manhattan Distance: 12.0, Mask Weight: 0.915
Epoch 535/20000, Train Loss: 0.3596, Validation Set Manhattan Distance: 12.0, Mask Weight: 0.915
Epoch 536/20000, Train Loss: 0.3593, Validation Set Manhattan Distance: 12.0, Mask Weight: 0.915
Epoch 537/20000, Train Loss: 0.3584, Validation Set Manhattan Distance: 12.0, Mask Weight: 0.915
Epoch 538/20000, Train Loss: 0.3583, Validation Set Manhattan Distance: 12.0, Mask Weight: 0.915
Epoch 539/20000, Train Loss: 0.3600, Validation Set Manhattan Distance: 12.0, Mask Weight: 0.915
Epoch 540/20000, Train Loss: 0.3593, Validation Set Manhattan Distance: 12.0, Mask Weight: 0.915
Epoch 541/20000, Train Loss: 0.3595, Validation Set Manhattan Distance: 12.0, Mask Weight: 0.915
Epoch 542/20000, Train Loss: 0.3585, Validation Set Manhattan Distance: 12.0, Mask Weight: 0.915
Epoch 543/20000, Train Loss: 0.3555, Validation Set Manhattan Distance: 12.0, Mask Weight: 0.915
Epoch 544/20000, Train Loss: 0.3591, Validation Set Manhattan Distance: 12.0, Mask Weight: 0.915
Epoch 545/20000, Train Loss: 0.3599, Validation Set Manhattan Distance: 12.0, Mask Weight: 0.915
Epoch 546/20000, Train Loss: 0.3593, Validation Set Manhattan Distance: 12.0, Mask Weight: 0.915
Epoch 547/20000, Train Loss: 0.3610, Validation Set Manhattan Distance: 12.0, Mask Weight: 0.915
Epoch 548/20000, Train Loss: 0.3582, Validation Set Manhattan Distance: 12.0, Mask Weight: 0.915
Epoch 549/20000, Train Loss: 0.3591, Validation Set Manhattan Distance: 12.0, Mask Weight: 0.915
Epoch 550/20000, Train Loss: 0.3615, Validation Set Manhattan Distance: 12.0, Mask Weight: 0.915
Epoch 551/20000, Train Loss: 0.3600, Validation Set Manhattan Distance: 12.0, Mask Weight: 0.915
Epoch 552/20000, Train Loss: 0.3588, Validation Set Manhattan Distance: 12.0, Mask Weight: 0.915
Epoch 553/20000, Train Loss: 0.3596, Validation Set Manhattan Distance: 12.0, Mask Weight: 0.915
Epoch 554/20000, Train Loss: 0.3593, Validation Set Manhattan Distance: 12.0, Mask Weight: 0.915
Epoch 555/20000, Train Loss: 0.3579, Validation Set Manhattan Distance: 12.0, Mask Weight: 0.915
Epoch 556/20000, Train Loss: 0.3594, Validation Set Manhattan Distance: 12.0, Mask Weight: 0.915
Epoch 557/20000, Train Loss: 0.3573, Validation Set Manhattan Distance: 12.0, Mask Weight: 0.915
Epoch 558/20000, Train Loss: 0.3580, Validation Set Manhattan Distance: 12.0, Mask Weight: 0.915
Epoch 559/20000, Train Loss: 0.3599, Validation Set Manhattan Distance: 12.0, Mask Weight: 0.915
Epoch 560/20000, Train Loss: 0.3590, Validation Set Manhattan Distance: 12.0, Mask Weight: 0.915
Epoch 561/20000, Train Loss: 0.3571, Validation Set Manhattan Distance: 12.0, Mask Weight: 0.915
Epoch 562/20000, Train Loss: 0.3609, Validation Set Manhattan Distance: 12.0, Mask Weight: 0.915
Epoch 563/20000, Train Loss: 0.3612, Validation Set Manhattan Distance: 12.0, Mask Weight: 0.915
Epoch 564/20000, Train Loss: 0.3577, Validation Set Manhattan Distance: 12.0, Mask Weight: 0.915
Epoch 565/20000, Train Loss: 0.3597, Validation Set Manhattan Distance: 12.0, Mask Weight: 0.915
Epoch 566/20000, Train Loss: 0.3570, Validation Set Manhattan Distance: 12.0, Mask Weight: 0.915
Epoch 567/20000, Train Loss: 0.3575, Validation Set Manhattan Distance: 12.0, Mask Weight: 0.915
Epoch 568/20000, Train Loss: 0.3570, Validation Set Manhattan Distance: 12.0, Mask Weight: 0.915
Epoch 569/20000, Train Loss: 0.3597, Validation Set Manhattan Distance: 12.0, Mask Weight: 0.915
Epoch 570/20000, Train Loss: 0.3581, Validation Set Manhattan Distance: 12.0, Mask Weight: 0.915
Epoch 571/20000, Train Loss: 0.3588, Validation Set Manhattan Distance: 12.0, Mask Weight: 0.915
Epoch 572/20000, Train Loss: 0.3570, Validation Set Manhattan Distance: 12.0, Mask Weight: 0.915
Epoch 573/20000, Train Loss: 0.3588, Validation Set Manhattan Distance: 12.0, Mask Weight: 0.915
Epoch 574/20000, Train Loss: 0.3579, Validation Set Manhattan Distance: 12.0, Mask Weight: 0.915
Epoch 575/20000, Train Loss: 0.3582, Validation Set Manhattan Distance: 12.0, Mask Weight: 0.915
Epoch 576/20000, Train Loss: 0.3587, Validation Set Manhattan Distance: 12.0, Mask Weight: 0.915
Epoch 577/20000, Train Loss: 0.3590, Validation Set Manhattan Distance: 12.0, Mask Weight: 0.915
Epoch 578/20000, Train Loss: 0.3580, Validation Set Manhattan Distance: 12.0, Mask Weight: 0.915
Epoch 579/20000, Train Loss: 0.3598, Validation Set Manhattan Distance: 12.0, Mask Weight: 0.915
Epoch 580/20000, Train Loss: 0.3576, Validation Set Manhattan Distance: 12.0, Mask Weight: 0.915
Epoch 581/20000, Train Loss: 0.3555, Validation Set Manhattan Distance: 12.0, Mask Weight: 0.915
Epoch 582/20000, Train Loss: 0.3591, Validation Set Manhattan Distance: 12.0, Mask Weight: 0.915
Epoch 583/20000, Train Loss: 0.3599, Validation Set Manhattan Distance: 12.0, Mask Weight: 0.915
Epoch 584/20000, Train Loss: 0.3594, Validation Set Manhattan Distance: 12.0, Mask Weight: 0.915
Epoch 585/20000, Train Loss: 0.3577, Validation Set Manhattan Distance: 12.0, Mask Weight: 0.915
Epoch 586/20000, Train Loss: 0.3585, Validation Set Manhattan Distance: 12.0, Mask Weight: 0.915
Epoch 587/20000, Train Loss: 0.3570, Validation Set Manhattan Distance: 12.0, Mask Weight: 0.915
Epoch 588/20000, Train Loss: 0.3575, Validation Set Manhattan Distance: 12.0, Mask Weight: 0.915
Epoch 589/20000, Train Loss: 0.3583, Validation Set Manhattan Distance: 12.0, Mask Weight: 0.915
Epoch 590/20000, Train Loss: 0.3594, Validation Set Manhattan Distance: 12.0, Mask Weight: 0.915
Epoch 591/20000, Train Loss: 0.3578, Validation Set Manhattan Distance: 12.0, Mask Weight: 0.915
Epoch 592/20000, Train Loss: 0.3589, Validation Set Manhattan Distance: 12.0, Mask Weight: 0.915
Epoch 593/20000, Train Loss: 0.3603, Validation Set Manhattan Distance: 12.0, Mask Weight: 0.915
Epoch 594/20000, Train Loss: 0.3596, Validation Set Manhattan Distance: 12.0, Mask Weight: 0.915
Epoch 595/20000, Train Loss: 0.3590, Validation Set Manhattan Distance: 12.0, Mask Weight: 0.915
Epoch 596/20000, Train Loss: 0.3571, Validation Set Manhattan Distance: 12.0, Mask Weight: 0.915
Epoch 597/20000, Train Loss: 0.3617, Validation Set Manhattan Distance: 12.0, Mask Weight: 0.915
Epoch 598/20000, Train Loss: 0.3591, Validation Set Manhattan Distance: 12.0, Mask Weight: 0.915
Epoch 599/20000, Train Loss: 0.3587, Validation Set Manhattan Distance: 12.0, Mask Weight: 0.915
Epoch 600/20000, Train Loss: 0.3590, Validation Set Manhattan Distance: 12.0, Mask Weight: 0.915
Epoch 601/20000, Train Loss: 0.3589, Validation Set Manhattan Distance: 12.0, Mask Weight: 0.915
Epoch 602/20000, Train Loss: 0.3597, Validation Set Manhattan Distance: 12.0, Mask Weight: 0.915
Epoch 603/20000, Train Loss: 0.5246, Validation Set Manhattan Distance: 12.0, Mask Weight: 0.915
Epoch 604/20000, Train Loss: 1.0394, Validation Set Manhattan Distance: 12.0, Mask Weight: 0.915
Epoch 605/20000, Train Loss: 0.7694, Validation Set Manhattan Distance: 12.0, Mask Weight: 0.915
Epoch 606/20000, Train Loss: 0.6489, Validation Set Manhattan Distance: 12.0, Mask Weight: 0.915
Epoch 607/20000, Train Loss: 0.6100, Validation Set Manhattan Distance: 12.0, Mask Weight: 0.915
Epoch 608/20000, Train Loss: 0.5808, Validation Set Manhattan Distance: 12.0, Mask Weight: 0.915
Epoch 609/20000, Train Loss: 0.5428, Validation Set Manhattan Distance: 12.0, Mask Weight: 0.915
Epoch 610/20000, Train Loss: 0.5001, Validation Set Manhattan Distance: 12.0, Mask Weight: 0.915
Epoch 611/20000, Train Loss: 0.4450, Validation Set Manhattan Distance: 12.0, Mask Weight: 0.915
Epoch 612/20000, Train Loss: 0.4098, Validation Set Manhattan Distance: 12.0, Mask Weight: 0.915
Epoch 613/20000, Train Loss: 0.4723, Validation Set Manhattan Distance: 12.0, Mask Weight: 0.915
Epoch 614/20000, Train Loss: 0.5690, Validation Set Manhattan Distance: 12.0, Mask Weight: 0.915
Epoch 615/20000, Train Loss: 0.5342, Validation Set Manhattan Distance: 12.0, Mask Weight: 0.915
Epoch 616/20000, Train Loss: 0.4392, Validation Set Manhattan Distance: 12.0, Mask Weight: 0.915
Epoch 617/20000, Train Loss: 0.4440, Validation Set Manhattan Distance: 12.0, Mask Weight: 0.915
Epoch 618/20000, Train Loss: 0.4213, Validation Set Manhattan Distance: 12.0, Mask Weight: 0.915
Epoch 619/20000, Train Loss: 0.4359, Validation Set Manhattan Distance: 12.0, Mask Weight: 0.915
Epoch 620/20000, Train Loss: 0.4037, Validation Set Manhattan Distance: 12.0, Mask Weight: 0.915
Epoch 621/20000, Train Loss: 0.3887, Validation Set Manhattan Distance: 12.0, Mask Weight: 0.915
Epoch 622/20000, Train Loss: 0.3806, Validation Set Manhattan Distance: 12.0, Mask Weight: 0.915
Epoch 623/20000, Train Loss: 0.3717, Validation Set Manhattan Distance: 12.0, Mask Weight: 0.915
Epoch 624/20000, Train Loss: 0.3808, Validation Set Manhattan Distance: 12.0, Mask Weight: 0.915
Epoch 625/20000, Train Loss: 0.4336, Validation Set Manhattan Distance: 12.0, Mask Weight: 0.915
Epoch 626/20000, Train Loss: 0.4066, Validation Set Manhattan Distance: 12.0, Mask Weight: 0.915
Epoch 627/20000, Train Loss: 0.3774, Validation Set Manhattan Distance: 12.0, Mask Weight: 0.915
Epoch 628/20000, Train Loss: 0.3753, Validation Set Manhattan Distance: 12.0, Mask Weight: 0.915
Epoch 629/20000, Train Loss: 0.3750, Validation Set Manhattan Distance: 12.0, Mask Weight: 0.915
Epoch 630/20000, Train Loss: 0.3668, Validation Set Manhattan Distance: 12.0, Mask Weight: 0.915
Epoch 631/20000, Train Loss: 0.3628, Validation Set Manhattan Distance: 12.0, Mask Weight: 0.915
Epoch 632/20000, Train Loss: 0.3647, Validation Set Manhattan Distance: 12.0, Mask Weight: 0.915
Epoch 633/20000, Train Loss: 0.3622, Validation Set Manhattan Distance: 12.0, Mask Weight: 0.915
Epoch 634/20000, Train Loss: 0.5931, Validation Set Manhattan Distance: 12.0, Mask Weight: 0.915
Epoch 635/20000, Train Loss: 0.5691, Validation Set Manhattan Distance: 12.0, Mask Weight: 0.915
Epoch 636/20000, Train Loss: 0.5478, Validation Set Manhattan Distance: 12.0, Mask Weight: 0.915
Epoch 637/20000, Train Loss: 0.4710, Validation Set Manhattan Distance: 12.0, Mask Weight: 0.915
Epoch 638/20000, Train Loss: 0.4362, Validation Set Manhattan Distance: 12.0, Mask Weight: 0.915
Epoch 639/20000, Train Loss: 0.4116, Validation Set Manhattan Distance: 12.0, Mask Weight: 0.915
Epoch 640/20000, Train Loss: 0.3965, Validation Set Manhattan Distance: 12.0, Mask Weight: 0.915
Epoch 641/20000, Train Loss: 0.3864, Validation Set Manhattan Distance: 12.0, Mask Weight: 0.915
Epoch 642/20000, Train Loss: 0.3772, Validation Set Manhattan Distance: 12.0, Mask Weight: 0.915
Epoch 643/20000, Train Loss: 0.3699, Validation Set Manhattan Distance: 12.0, Mask Weight: 0.915
Epoch 644/20000, Train Loss: 0.3641, Validation Set Manhattan Distance: 12.0, Mask Weight: 0.915
Epoch 645/20000, Train Loss: 0.3648, Validation Set Manhattan Distance: 12.0, Mask Weight: 0.915
Epoch 646/20000, Train Loss: 0.3647, Validation Set Manhattan Distance: 12.0, Mask Weight: 0.915
Epoch 647/20000, Train Loss: 0.3619, Validation Set Manhattan Distance: 12.0, Mask Weight: 0.915
Epoch 648/20000, Train Loss: 0.3642, Validation Set Manhattan Distance: 12.0, Mask Weight: 0.915
Epoch 649/20000, Train Loss: 0.3624, Validation Set Manhattan Distance: 12.0, Mask Weight: 0.915
Epoch 650/20000, Train Loss: 0.3640, Validation Set Manhattan Distance: 12.0, Mask Weight: 0.915
Epoch 651/20000, Train Loss: 0.3640, Validation Set Manhattan Distance: 12.0, Mask Weight: 0.915
Epoch 652/20000, Train Loss: 0.3615, Validation Set Manhattan Distance: 12.0, Mask Weight: 0.915
Epoch 653/20000, Train Loss: 0.3610, Validation Set Manhattan Distance: 12.0, Mask Weight: 0.915
Epoch 654/20000, Train Loss: 0.3606, Validation Set Manhattan Distance: 12.0, Mask Weight: 0.915
Epoch 655/20000, Train Loss: 0.3618, Validation Set Manhattan Distance: 12.0, Mask Weight: 0.915
Epoch 656/20000, Train Loss: 0.3592, Validation Set Manhattan Distance: 12.0, Mask Weight: 0.915
Epoch 657/20000, Train Loss: 0.3610, Validation Set Manhattan Distance: 12.0, Mask Weight: 0.915
Epoch 658/20000, Train Loss: 0.3622, Validation Set Manhattan Distance: 12.0, Mask Weight: 0.915
Epoch 659/20000, Train Loss: 0.3593, Validation Set Manhattan Distance: 12.0, Mask Weight: 0.915
Epoch 660/20000, Train Loss: 0.3614, Validation Set Manhattan Distance: 12.0, Mask Weight: 0.915
Epoch 661/20000, Train Loss: 0.3581, Validation Set Manhattan Distance: 12.0, Mask Weight: 0.915
Epoch 662/20000, Train Loss: 0.3597, Validation Set Manhattan Distance: 12.0, Mask Weight: 0.915
Epoch 663/20000, Train Loss: 0.3580, Validation Set Manhattan Distance: 12.0, Mask Weight: 0.915
Epoch 664/20000, Train Loss: 0.3591, Validation Set Manhattan Distance: 12.0, Mask Weight: 0.915
Epoch 665/20000, Train Loss: 0.3595, Validation Set Manhattan Distance: 12.0, Mask Weight: 0.915
Epoch 666/20000, Train Loss: 0.3583, Validation Set Manhattan Distance: 12.0, Mask Weight: 0.915
Epoch 667/20000, Train Loss: 0.3598, Validation Set Manhattan Distance: 12.0, Mask Weight: 0.915
Epoch 668/20000, Train Loss: 0.3570, Validation Set Manhattan Distance: 12.0, Mask Weight: 0.915
Epoch 669/20000, Train Loss: 0.3582, Validation Set Manhattan Distance: 12.0, Mask Weight: 0.915
Epoch 670/20000, Train Loss: 0.3586, Validation Set Manhattan Distance: 12.0, Mask Weight: 0.915
Epoch 671/20000, Train Loss: 0.3613, Validation Set Manhattan Distance: 12.0, Mask Weight: 0.915
Epoch 672/20000, Train Loss: 0.3584, Validation Set Manhattan Distance: 12.0, Mask Weight: 0.915
Epoch 673/20000, Train Loss: 0.3592, Validation Set Manhattan Distance: 12.0, Mask Weight: 0.915
Epoch 674/20000, Train Loss: 0.3585, Validation Set Manhattan Distance: 12.0, Mask Weight: 0.915
Epoch 675/20000, Train Loss: 0.3573, Validation Set Manhattan Distance: 12.0, Mask Weight: 0.915
Epoch 676/20000, Train Loss: 0.3586, Validation Set Manhattan Distance: 12.0, Mask Weight: 0.915
Epoch 677/20000, Train Loss: 0.3616, Validation Set Manhattan Distance: 12.0, Mask Weight: 0.915
Epoch 678/20000, Train Loss: 0.3610, Validation Set Manhattan Distance: 12.0, Mask Weight: 0.915
Epoch 679/20000, Train Loss: 0.3609, Validation Set Manhattan Distance: 12.0, Mask Weight: 0.915
Epoch 680/20000, Train Loss: 0.3592, Validation Set Manhattan Distance: 12.0, Mask Weight: 0.915
Epoch 681/20000, Train Loss: 0.3581, Validation Set Manhattan Distance: 12.0, Mask Weight: 0.915
Epoch 682/20000, Train Loss: 0.3592, Validation Set Manhattan Distance: 12.0, Mask Weight: 0.915
Epoch 683/20000, Train Loss: 0.3585, Validation Set Manhattan Distance: 12.0, Mask Weight: 0.915
Epoch 684/20000, Train Loss: 0.3607, Validation Set Manhattan Distance: 12.0, Mask Weight: 0.915
Epoch 685/20000, Train Loss: 0.3595, Validation Set Manhattan Distance: 12.0, Mask Weight: 0.915
Epoch 686/20000, Train Loss: 0.3591, Validation Set Manhattan Distance: 12.0, Mask Weight: 0.915
Epoch 687/20000, Train Loss: 0.3588, Validation Set Manhattan Distance: 12.0, Mask Weight: 0.915
Epoch 688/20000, Train Loss: 0.3589, Validation Set Manhattan Distance: 12.0, Mask Weight: 0.915
Epoch 689/20000, Train Loss: 0.3601, Validation Set Manhattan Distance: 12.0, Mask Weight: 0.915
Epoch 690/20000, Train Loss: 0.3580, Validation Set Manhattan Distance: 12.0, Mask Weight: 0.915
Epoch 691/20000, Train Loss: 0.3598, Validation Set Manhattan Distance: 12.0, Mask Weight: 0.915
Epoch 692/20000, Train Loss: 0.3582, Validation Set Manhattan Distance: 12.0, Mask Weight: 0.915
Epoch 693/20000, Train Loss: 0.3583, Validation Set Manhattan Distance: 12.0, Mask Weight: 0.915
Epoch 694/20000, Train Loss: 0.3580, Validation Set Manhattan Distance: 12.0, Mask Weight: 0.915
Epoch 695/20000, Train Loss: 0.3566, Validation Set Manhattan Distance: 12.0, Mask Weight: 0.915
Epoch 696/20000, Train Loss: 0.3580, Validation Set Manhattan Distance: 12.0, Mask Weight: 0.915
Epoch 697/20000, Train Loss: 0.3578, Validation Set Manhattan Distance: 12.0, Mask Weight: 0.915
Epoch 698/20000, Train Loss: 0.3559, Validation Set Manhattan Distance: 12.0, Mask Weight: 0.915
Epoch 699/20000, Train Loss: 0.3585, Validation Set Manhattan Distance: 12.0, Mask Weight: 0.915
Epoch 700/20000, Train Loss: 0.3570, Validation Set Manhattan Distance: 12.0, Mask Weight: 0.915
Epoch 701/20000, Train Loss: 0.3606, Validation Set Manhattan Distance: 12.0, Mask Weight: 0.915
Epoch 702/20000, Train Loss: 0.3573, Validation Set Manhattan Distance: 12.0, Mask Weight: 0.915
Epoch 703/20000, Train Loss: 0.3574, Validation Set Manhattan Distance: 12.0, Mask Weight: 0.915
Epoch 704/20000, Train Loss: 0.3574, Validation Set Manhattan Distance: 12.0, Mask Weight: 0.915
Epoch 705/20000, Train Loss: 0.3564, Validation Set Manhattan Distance: 12.0, Mask Weight: 0.915
Epoch 706/20000, Train Loss: 0.3588, Validation Set Manhattan Distance: 12.0, Mask Weight: 0.915
Epoch 707/20000, Train Loss: 0.3582, Validation Set Manhattan Distance: 12.0, Mask Weight: 0.915
Epoch 708/20000, Train Loss: 0.3582, Validation Set Manhattan Distance: 12.0, Mask Weight: 0.915
Epoch 709/20000, Train Loss: 0.3582, Validation Set Manhattan Distance: 12.0, Mask Weight: 0.915
Epoch 710/20000, Train Loss: 0.3585, Validation Set Manhattan Distance: 12.0, Mask Weight: 0.915
Epoch 711/20000, Train Loss: 0.3576, Validation Set Manhattan Distance: 12.0, Mask Weight: 0.915
Epoch 712/20000, Train Loss: 0.3581, Validation Set Manhattan Distance: 12.0, Mask Weight: 0.915
Epoch 713/20000, Train Loss: 0.3584, Validation Set Manhattan Distance: 12.0, Mask Weight: 0.915
Epoch 714/20000, Train Loss: 0.3564, Validation Set Manhattan Distance: 12.0, Mask Weight: 0.915
Epoch 715/20000, Train Loss: 0.3597, Validation Set Manhattan Distance: 12.0, Mask Weight: 0.915
Epoch 716/20000, Train Loss: 0.3595, Validation Set Manhattan Distance: 12.0, Mask Weight: 0.915
Epoch 717/20000, Train Loss: 0.3588, Validation Set Manhattan Distance: 12.0, Mask Weight: 0.915
Epoch 718/20000, Train Loss: 0.3574, Validation Set Manhattan Distance: 12.0, Mask Weight: 0.915
Epoch 719/20000, Train Loss: 0.3581, Validation Set Manhattan Distance: 12.0, Mask Weight: 0.915
Epoch 720/20000, Train Loss: 0.3581, Validation Set Manhattan Distance: 12.0, Mask Weight: 0.915
Epoch 721/20000, Train Loss: 0.3594, Validation Set Manhattan Distance: 12.0, Mask Weight: 0.915
Epoch 722/20000, Train Loss: 0.3584, Validation Set Manhattan Distance: 12.0, Mask Weight: 0.915
Epoch 723/20000, Train Loss: 0.3629, Validation Set Manhattan Distance: 12.0, Mask Weight: 0.915
Epoch 724/20000, Train Loss: 0.3621, Validation Set Manhattan Distance: 12.0, Mask Weight: 0.915
Epoch 725/20000, Train Loss: 0.3573, Validation Set Manhattan Distance: 12.0, Mask Weight: 0.915
Epoch 726/20000, Train Loss: 0.3564, Validation Set Manhattan Distance: 12.0, Mask Weight: 0.915
Epoch 727/20000, Train Loss: 0.3584, Validation Set Manhattan Distance: 12.0, Mask Weight: 0.915
Epoch 728/20000, Train Loss: 0.3574, Validation Set Manhattan Distance: 12.0, Mask Weight: 0.915
Epoch 729/20000, Train Loss: 0.3592, Validation Set Manhattan Distance: 12.0, Mask Weight: 0.915
Epoch 730/20000, Train Loss: 0.3581, Validation Set Manhattan Distance: 12.0, Mask Weight: 0.915
Epoch 731/20000, Train Loss: 0.3580, Validation Set Manhattan Distance: 12.0, Mask Weight: 0.915
Epoch 732/20000, Train Loss: 0.3568, Validation Set Manhattan Distance: 12.0, Mask Weight: 0.915
Epoch 733/20000, Train Loss: 0.3581, Validation Set Manhattan Distance: 12.0, Mask Weight: 0.915
Epoch 734/20000, Train Loss: 0.3577, Validation Set Manhattan Distance: 12.0, Mask Weight: 0.915
Epoch 735/20000, Train Loss: 0.3571, Validation Set Manhattan Distance: 12.0, Mask Weight: 0.915
Epoch 736/20000, Train Loss: 0.3608, Validation Set Manhattan Distance: 12.0, Mask Weight: 0.915
Epoch 737/20000, Train Loss: 0.3582, Validation Set Manhattan Distance: 12.0, Mask Weight: 0.915
Epoch 738/20000, Train Loss: 0.3586, Validation Set Manhattan Distance: 12.0, Mask Weight: 0.915
Epoch 739/20000, Train Loss: 0.3583, Validation Set Manhattan Distance: 12.0, Mask Weight: 0.915
Epoch 740/20000, Train Loss: 0.3572, Validation Set Manhattan Distance: 12.0, Mask Weight: 0.915
Epoch 741/20000, Train Loss: 0.3580, Validation Set Manhattan Distance: 12.0, Mask Weight: 0.915
Epoch 742/20000, Train Loss: 0.3592, Validation Set Manhattan Distance: 12.0, Mask Weight: 0.915
Epoch 743/20000, Train Loss: 0.3576, Validation Set Manhattan Distance: 12.0, Mask Weight: 0.915
Epoch 744/20000, Train Loss: 0.3572, Validation Set Manhattan Distance: 12.0, Mask Weight: 0.915
Epoch 745/20000, Train Loss: 0.3572, Validation Set Manhattan Distance: 12.0, Mask Weight: 0.915
Epoch 746/20000, Train Loss: 0.3581, Validation Set Manhattan Distance: 12.0, Mask Weight: 0.915
Epoch 747/20000, Train Loss: 0.3567, Validation Set Manhattan Distance: 12.0, Mask Weight: 0.915
Epoch 748/20000, Train Loss: 0.3566, Validation Set Manhattan Distance: 12.0, Mask Weight: 0.915
Epoch 749/20000, Train Loss: 0.3567, Validation Set Manhattan Distance: 12.0, Mask Weight: 0.915
Epoch 750/20000, Train Loss: 0.3575, Validation Set Manhattan Distance: 12.0, Mask Weight: 0.915
Epoch 751/20000, Train Loss: 0.3575, Validation Set Manhattan Distance: 12.0, Mask Weight: 0.915
Epoch 752/20000, Train Loss: 0.3560, Validation Set Manhattan Distance: 12.0, Mask Weight: 0.915
Epoch 753/20000, Train Loss: 0.3572, Validation Set Manhattan Distance: 12.0, Mask Weight: 0.915
Epoch 754/20000, Train Loss: 0.3561, Validation Set Manhattan Distance: 12.0, Mask Weight: 0.915
Epoch 755/20000, Train Loss: 0.3561, Validation Set Manhattan Distance: 12.0, Mask Weight: 0.915
Epoch 756/20000, Train Loss: 0.3578, Validation Set Manhattan Distance: 12.0, Mask Weight: 0.915
Epoch 757/20000, Train Loss: 0.3598, Validation Set Manhattan Distance: 12.0, Mask Weight: 0.915
Epoch 758/20000, Train Loss: 0.3575, Validation Set Manhattan Distance: 12.0, Mask Weight: 0.915
Epoch 759/20000, Train Loss: 0.3581, Validation Set Manhattan Distance: 12.0, Mask Weight: 0.915
Epoch 760/20000, Train Loss: 0.3574, Validation Set Manhattan Distance: 12.0, Mask Weight: 0.915
Epoch 761/20000, Train Loss: 0.3582, Validation Set Manhattan Distance: 12.0, Mask Weight: 0.915
Epoch 762/20000, Train Loss: 0.3579, Validation Set Manhattan Distance: 12.0, Mask Weight: 0.915
Epoch 763/20000, Train Loss: 0.3567, Validation Set Manhattan Distance: 12.0, Mask Weight: 0.915
Epoch 764/20000, Train Loss: 0.3593, Validation Set Manhattan Distance: 12.0, Mask Weight: 0.915
Epoch 765/20000, Train Loss: 0.3584, Validation Set Manhattan Distance: 12.0, Mask Weight: 0.915
Epoch 766/20000, Train Loss: 0.3580, Validation Set Manhattan Distance: 12.0, Mask Weight: 0.915
Epoch 767/20000, Train Loss: 0.3587, Validation Set Manhattan Distance: 12.0, Mask Weight: 0.915
Epoch 768/20000, Train Loss: 0.3581, Validation Set Manhattan Distance: 12.0, Mask Weight: 0.915
Epoch 769/20000, Train Loss: 0.3576, Validation Set Manhattan Distance: 12.0, Mask Weight: 0.915
Epoch 770/20000, Train Loss: 0.3560, Validation Set Manhattan Distance: 12.0, Mask Weight: 0.915
Epoch 771/20000, Train Loss: 0.3566, Validation Set Manhattan Distance: 12.0, Mask Weight: 0.915
Epoch 772/20000, Train Loss: 0.3565, Validation Set Manhattan Distance: 12.0, Mask Weight: 0.915
Epoch 773/20000, Train Loss: 0.3590, Validation Set Manhattan Distance: 12.0, Mask Weight: 0.915
Epoch 774/20000, Train Loss: 0.3561, Validation Set Manhattan Distance: 12.0, Mask Weight: 0.915
Epoch 775/20000, Train Loss: 0.3587, Validation Set Manhattan Distance: 12.0, Mask Weight: 0.915
Epoch 776/20000, Train Loss: 0.3595, Validation Set Manhattan Distance: 12.0, Mask Weight: 0.915
Epoch 777/20000, Train Loss: 0.3587, Validation Set Manhattan Distance: 12.0, Mask Weight: 0.915
Epoch 778/20000, Train Loss: 0.3586, Validation Set Manhattan Distance: 12.0, Mask Weight: 0.915
Epoch 779/20000, Train Loss: 0.3585, Validation Set Manhattan Distance: 12.0, Mask Weight: 0.915
Epoch 780/20000, Train Loss: 0.3587, Validation Set Manhattan Distance: 12.0, Mask Weight: 0.915
Epoch 781/20000, Train Loss: 0.3577, Validation Set Manhattan Distance: 12.0, Mask Weight: 0.915
Epoch 782/20000, Train Loss: 0.3562, Validation Set Manhattan Distance: 12.0, Mask Weight: 0.915
Epoch 783/20000, Train Loss: 0.3575, Validation Set Manhattan Distance: 12.0, Mask Weight: 0.915
Epoch 784/20000, Train Loss: 0.3565, Validation Set Manhattan Distance: 12.0, Mask Weight: 0.915
Epoch 785/20000, Train Loss: 0.3554, Validation Set Manhattan Distance: 12.0, Mask Weight: 0.915
Epoch 786/20000, Train Loss: 0.3590, Validation Set Manhattan Distance: 12.0, Mask Weight: 0.915
Epoch 787/20000, Train Loss: 0.3581, Validation Set Manhattan Distance: 12.0, Mask Weight: 0.915
Epoch 788/20000, Train Loss: 0.3588, Validation Set Manhattan Distance: 12.0, Mask Weight: 0.915
Epoch 789/20000, Train Loss: 0.3577, Validation Set Manhattan Distance: 12.0, Mask Weight: 0.915
Epoch 790/20000, Train Loss: 0.3577, Validation Set Manhattan Distance: 12.0, Mask Weight: 0.915
Epoch 791/20000, Train Loss: 0.3562, Validation Set Manhattan Distance: 12.0, Mask Weight: 0.915
Epoch 792/20000, Train Loss: 0.3582, Validation Set Manhattan Distance: 12.0, Mask Weight: 0.915
Epoch 793/20000, Train Loss: 0.3562, Validation Set Manhattan Distance: 12.0, Mask Weight: 0.915
Epoch 794/20000, Train Loss: 0.3570, Validation Set Manhattan Distance: 12.0, Mask Weight: 0.915
Epoch 795/20000, Train Loss: 0.3588, Validation Set Manhattan Distance: 12.0, Mask Weight: 0.915
Epoch 796/20000, Train Loss: 0.3564, Validation Set Manhattan Distance: 12.0, Mask Weight: 0.915
Epoch 797/20000, Train Loss: 0.3564, Validation Set Manhattan Distance: 12.0, Mask Weight: 0.915
Epoch 798/20000, Train Loss: 0.3562, Validation Set Manhattan Distance: 12.0, Mask Weight: 0.915
Epoch 799/20000, Train Loss: 0.3559, Validation Set Manhattan Distance: 12.0, Mask Weight: 0.915
Epoch 800/20000, Train Loss: 0.3581, Validation Set Manhattan Distance: 12.0, Mask Weight: 0.915
Epoch 801/20000, Train Loss: 0.3565, Validation Set Manhattan Distance: 12.0, Mask Weight: 0.915
Epoch 802/20000, Train Loss: 0.3563, Validation Set Manhattan Distance: 12.0, Mask Weight: 0.915
Epoch 803/20000, Train Loss: 0.3571, Validation Set Manhattan Distance: 12.0, Mask Weight: 0.915
Epoch 804/20000, Train Loss: 0.3565, Validation Set Manhattan Distance: 12.0, Mask Weight: 0.915
Epoch 805/20000, Train Loss: 0.3570, Validation Set Manhattan Distance: 12.0, Mask Weight: 0.915
Epoch 806/20000, Train Loss: 0.3545, Validation Set Manhattan Distance: 12.0, Mask Weight: 0.915
Epoch 807/20000, Train Loss: 0.3558, Validation Set Manhattan Distance: 12.0, Mask Weight: 0.915
Epoch 808/20000, Train Loss: 0.3558, Validation Set Manhattan Distance: 12.0, Mask Weight: 0.915
Epoch 809/20000, Train Loss: 0.3582, Validation Set Manhattan Distance: 12.0, Mask Weight: 0.915
Epoch 810/20000, Train Loss: 0.3577, Validation Set Manhattan Distance: 12.0, Mask Weight: 0.915
Epoch 811/20000, Train Loss: 0.3557, Validation Set Manhattan Distance: 12.0, Mask Weight: 0.915
Epoch 812/20000, Train Loss: 0.3579, Validation Set Manhattan Distance: 12.0, Mask Weight: 0.915
Epoch 813/20000, Train Loss: 0.3580, Validation Set Manhattan Distance: 12.0, Mask Weight: 0.915
Epoch 814/20000, Train Loss: 0.3567, Validation Set Manhattan Distance: 12.0, Mask Weight: 0.915
Epoch 815/20000, Train Loss: 0.3571, Validation Set Manhattan Distance: 12.0, Mask Weight: 0.915
Epoch 816/20000, Train Loss: 0.3575, Validation Set Manhattan Distance: 12.0, Mask Weight: 0.915
Epoch 817/20000, Train Loss: 0.3571, Validation Set Manhattan Distance: 12.0, Mask Weight: 0.915
Epoch 818/20000, Train Loss: 0.3573, Validation Set Manhattan Distance: 12.0, Mask Weight: 0.915
Epoch 819/20000, Train Loss: 0.3563, Validation Set Manhattan Distance: 12.0, Mask Weight: 0.915
Epoch 820/20000, Train Loss: 0.3591, Validation Set Manhattan Distance: 12.0, Mask Weight: 0.915
Epoch 821/20000, Train Loss: 0.3580, Validation Set Manhattan Distance: 12.0, Mask Weight: 0.915
Epoch 822/20000, Train Loss: 0.3601, Validation Set Manhattan Distance: 12.0, Mask Weight: 0.915
Epoch 823/20000, Train Loss: 0.3583, Validation Set Manhattan Distance: 12.0, Mask Weight: 0.915
Epoch 824/20000, Train Loss: 0.3552, Validation Set Manhattan Distance: 12.0, Mask Weight: 0.915
Epoch 825/20000, Train Loss: 0.3566, Validation Set Manhattan Distance: 12.0, Mask Weight: 0.915
Epoch 826/20000, Train Loss: 0.3572, Validation Set Manhattan Distance: 12.0, Mask Weight: 0.915
Epoch 827/20000, Train Loss: 0.3578, Validation Set Manhattan Distance: 12.0, Mask Weight: 0.915
Epoch 828/20000, Train Loss: 0.3578, Validation Set Manhattan Distance: 12.0, Mask Weight: 0.915
Epoch 829/20000, Train Loss: 0.3571, Validation Set Manhattan Distance: 12.0, Mask Weight: 0.915
Epoch 830/20000, Train Loss: 0.3584, Validation Set Manhattan Distance: 12.0, Mask Weight: 0.915
Epoch 831/20000, Train Loss: 0.3580, Validation Set Manhattan Distance: 12.0, Mask Weight: 0.915
Epoch 832/20000, Train Loss: 0.3568, Validation Set Manhattan Distance: 12.0, Mask Weight: 0.915
Epoch 833/20000, Train Loss: 0.3568, Validation Set Manhattan Distance: 12.0, Mask Weight: 0.915
Epoch 834/20000, Train Loss: 0.3576, Validation Set Manhattan Distance: 12.0, Mask Weight: 0.915
Epoch 835/20000, Train Loss: 0.3575, Validation Set Manhattan Distance: 12.0, Mask Weight: 0.915
Epoch 836/20000, Train Loss: 0.3565, Validation Set Manhattan Distance: 12.0, Mask Weight: 0.915
Epoch 837/20000, Train Loss: 0.3568, Validation Set Manhattan Distance: 12.0, Mask Weight: 0.915
Epoch 838/20000, Train Loss: 0.3591, Validation Set Manhattan Distance: 12.0, Mask Weight: 0.915
Epoch 839/20000, Train Loss: 0.3578, Validation Set Manhattan Distance: 12.0, Mask Weight: 0.915
Epoch 840/20000, Train Loss: 0.3566, Validation Set Manhattan Distance: 12.0, Mask Weight: 0.915
Epoch 841/20000, Train Loss: 0.3569, Validation Set Manhattan Distance: 12.0, Mask Weight: 0.915
Epoch 842/20000, Train Loss: 0.3573, Validation Set Manhattan Distance: 12.0, Mask Weight: 0.915
Epoch 843/20000, Train Loss: 0.3541, Validation Set Manhattan Distance: 12.0, Mask Weight: 0.915
Epoch 844/20000, Train Loss: 0.3590, Validation Set Manhattan Distance: 12.0, Mask Weight: 0.915
Epoch 845/20000, Train Loss: 0.3547, Validation Set Manhattan Distance: 12.0, Mask Weight: 0.915
Epoch 846/20000, Train Loss: 0.3552, Validation Set Manhattan Distance: 12.0, Mask Weight: 0.915
Epoch 847/20000, Train Loss: 0.3564, Validation Set Manhattan Distance: 12.0, Mask Weight: 0.915
Epoch 848/20000, Train Loss: 0.3572, Validation Set Manhattan Distance: 12.0, Mask Weight: 0.915
Epoch 849/20000, Train Loss: 0.3551, Validation Set Manhattan Distance: 12.0, Mask Weight: 0.915
Epoch 850/20000, Train Loss: 0.3582, Validation Set Manhattan Distance: 12.0, Mask Weight: 0.915
Epoch 851/20000, Train Loss: 0.3567, Validation Set Manhattan Distance: 12.0, Mask Weight: 0.915
Epoch 852/20000, Train Loss: 0.3579, Validation Set Manhattan Distance: 12.0, Mask Weight: 0.915
Epoch 853/20000, Train Loss: 0.3591, Validation Set Manhattan Distance: 12.0, Mask Weight: 0.915
Epoch 854/20000, Train Loss: 0.3584, Validation Set Manhattan Distance: 12.0, Mask Weight: 0.915
Epoch 855/20000, Train Loss: 0.3589, Validation Set Manhattan Distance: 12.0, Mask Weight: 0.915
Epoch 856/20000, Train Loss: 0.3574, Validation Set Manhattan Distance: 12.0, Mask Weight: 0.915
Epoch 857/20000, Train Loss: 0.3569, Validation Set Manhattan Distance: 12.0, Mask Weight: 0.915
Epoch 858/20000, Train Loss: 0.3584, Validation Set Manhattan Distance: 12.0, Mask Weight: 0.915
Epoch 859/20000, Train Loss: 0.3571, Validation Set Manhattan Distance: 12.0, Mask Weight: 0.915
Epoch 860/20000, Train Loss: 0.3554, Validation Set Manhattan Distance: 12.0, Mask Weight: 0.915
Epoch 861/20000, Train Loss: 0.3561, Validation Set Manhattan Distance: 12.0, Mask Weight: 0.915
Epoch 862/20000, Train Loss: 0.3562, Validation Set Manhattan Distance: 12.0, Mask Weight: 0.915
Epoch 863/20000, Train Loss: 0.3569, Validation Set Manhattan Distance: 12.0, Mask Weight: 0.915
Epoch 864/20000, Train Loss: 0.3560, Validation Set Manhattan Distance: 12.0, Mask Weight: 0.915
Epoch 865/20000, Train Loss: 0.3573, Validation Set Manhattan Distance: 12.0, Mask Weight: 0.915
Epoch 866/20000, Train Loss: 0.3563, Validation Set Manhattan Distance: 12.0, Mask Weight: 0.915
Epoch 867/20000, Train Loss: 0.3552, Validation Set Manhattan Distance: 12.0, Mask Weight: 0.915
Epoch 868/20000, Train Loss: 0.3569, Validation Set Manhattan Distance: 12.0, Mask Weight: 0.915
Epoch 869/20000, Train Loss: 0.3553, Validation Set Manhattan Distance: 12.0, Mask Weight: 0.915
Epoch 870/20000, Train Loss: 0.3566, Validation Set Manhattan Distance: 12.0, Mask Weight: 0.915
Epoch 871/20000, Train Loss: 0.3608, Validation Set Manhattan Distance: 12.0, Mask Weight: 0.915
Epoch 872/20000, Train Loss: 0.3555, Validation Set Manhattan Distance: 12.0, Mask Weight: 0.915
Epoch 873/20000, Train Loss: 0.3579, Validation Set Manhattan Distance: 12.0, Mask Weight: 0.915
Epoch 874/20000, Train Loss: 0.3566, Validation Set Manhattan Distance: 12.0, Mask Weight: 0.915
Epoch 875/20000, Train Loss: 0.3558, Validation Set Manhattan Distance: 12.0, Mask Weight: 0.915
Epoch 876/20000, Train Loss: 0.3583, Validation Set Manhattan Distance: 12.0, Mask Weight: 0.915
Epoch 877/20000, Train Loss: 0.3582, Validation Set Manhattan Distance: 12.0, Mask Weight: 0.915
Epoch 878/20000, Train Loss: 0.3556, Validation Set Manhattan Distance: 12.0, Mask Weight: 0.915
Epoch 879/20000, Train Loss: 0.3584, Validation Set Manhattan Distance: 12.0, Mask Weight: 0.915
Epoch 880/20000, Train Loss: 0.3584, Validation Set Manhattan Distance: 12.0, Mask Weight: 0.915
Epoch 881/20000, Train Loss: 0.3559, Validation Set Manhattan Distance: 12.0, Mask Weight: 0.915
Epoch 882/20000, Train Loss: 0.3560, Validation Set Manhattan Distance: 12.0, Mask Weight: 0.915
Epoch 883/20000, Train Loss: 0.3552, Validation Set Manhattan Distance: 12.0, Mask Weight: 0.915
Epoch 884/20000, Train Loss: 0.3553, Validation Set Manhattan Distance: 12.0, Mask Weight: 0.915
Epoch 885/20000, Train Loss: 0.3553, Validation Set Manhattan Distance: 12.0, Mask Weight: 0.915
Epoch 886/20000, Train Loss: 0.3590, Validation Set Manhattan Distance: 12.0, Mask Weight: 0.915
Epoch 887/20000, Train Loss: 0.3555, Validation Set Manhattan Distance: 12.0, Mask Weight: 0.915
Epoch 888/20000, Train Loss: 0.3565, Validation Set Manhattan Distance: 12.0, Mask Weight: 0.915
Epoch 889/20000, Train Loss: 0.3575, Validation Set Manhattan Distance: 12.0, Mask Weight: 0.915
Epoch 890/20000, Train Loss: 0.3575, Validation Set Manhattan Distance: 12.0, Mask Weight: 0.915
Epoch 891/20000, Train Loss: 0.3552, Validation Set Manhattan Distance: 12.0, Mask Weight: 0.915
Epoch 892/20000, Train Loss: 0.3554, Validation Set Manhattan Distance: 12.0, Mask Weight: 0.915
Epoch 893/20000, Train Loss: 0.3564, Validation Set Manhattan Distance: 12.0, Mask Weight: 0.915
Epoch 894/20000, Train Loss: 0.3588, Validation Set Manhattan Distance: 12.0, Mask Weight: 0.915
Epoch 895/20000, Train Loss: 0.3566, Validation Set Manhattan Distance: 12.0, Mask Weight: 0.915
Epoch 896/20000, Train Loss: 0.3562, Validation Set Manhattan Distance: 12.0, Mask Weight: 0.915
Epoch 897/20000, Train Loss: 0.3573, Validation Set Manhattan Distance: 12.0, Mask Weight: 0.915
Epoch 898/20000, Train Loss: 0.3566, Validation Set Manhattan Distance: 12.0, Mask Weight: 0.915
Epoch 899/20000, Train Loss: 0.3580, Validation Set Manhattan Distance: 12.0, Mask Weight: 0.915
Epoch 900/20000, Train Loss: 0.3573, Validation Set Manhattan Distance: 12.0, Mask Weight: 0.915
Epoch 901/20000, Train Loss: 0.3582, Validation Set Manhattan Distance: 12.0, Mask Weight: 0.915
Epoch 902/20000, Train Loss: 0.3564, Validation Set Manhattan Distance: 12.0, Mask Weight: 0.915
Epoch 903/20000, Train Loss: 0.3565, Validation Set Manhattan Distance: 12.0, Mask Weight: 0.915
Epoch 904/20000, Train Loss: 0.3557, Validation Set Manhattan Distance: 12.0, Mask Weight: 0.915
Epoch 905/20000, Train Loss: 0.3553, Validation Set Manhattan Distance: 12.0, Mask Weight: 0.915
Epoch 906/20000, Train Loss: 0.3562, Validation Set Manhattan Distance: 12.0, Mask Weight: 0.915
Epoch 907/20000, Train Loss: 0.3599, Validation Set Manhattan Distance: 12.0, Mask Weight: 0.915
Epoch 908/20000, Train Loss: 0.3578, Validation Set Manhattan Distance: 12.0, Mask Weight: 0.915
Epoch 909/20000, Train Loss: 0.3549, Validation Set Manhattan Distance: 12.0, Mask Weight: 0.915
Epoch 910/20000, Train Loss: 0.3557, Validation Set Manhattan Distance: 12.0, Mask Weight: 0.915
Epoch 911/20000, Train Loss: 0.3579, Validation Set Manhattan Distance: 12.0, Mask Weight: 0.915
Epoch 912/20000, Train Loss: 0.3572, Validation Set Manhattan Distance: 12.0, Mask Weight: 0.915
Epoch 913/20000, Train Loss: 0.3563, Validation Set Manhattan Distance: 12.0, Mask Weight: 0.915
Epoch 914/20000, Train Loss: 0.3567, Validation Set Manhattan Distance: 12.0, Mask Weight: 0.915
Epoch 915/20000, Train Loss: 0.3567, Validation Set Manhattan Distance: 12.0, Mask Weight: 0.915
Epoch 916/20000, Train Loss: 0.3571, Validation Set Manhattan Distance: 12.0, Mask Weight: 0.915
Epoch 917/20000, Train Loss: 0.3568, Validation Set Manhattan Distance: 12.0, Mask Weight: 0.915
Epoch 918/20000, Train Loss: 0.3545, Validation Set Manhattan Distance: 12.0, Mask Weight: 0.915
Epoch 919/20000, Train Loss: 0.3585, Validation Set Manhattan Distance: 12.0, Mask Weight: 0.915
Epoch 920/20000, Train Loss: 0.3572, Validation Set Manhattan Distance: 12.0, Mask Weight: 0.915
Epoch 921/20000, Train Loss: 0.3562, Validation Set Manhattan Distance: 12.0, Mask Weight: 0.915
Epoch 922/20000, Train Loss: 0.3556, Validation Set Manhattan Distance: 12.0, Mask Weight: 0.915
Epoch 923/20000, Train Loss: 0.3561, Validation Set Manhattan Distance: 12.0, Mask Weight: 0.915
Epoch 924/20000, Train Loss: 0.3567, Validation Set Manhattan Distance: 12.0, Mask Weight: 0.915
Epoch 925/20000, Train Loss: 0.3559, Validation Set Manhattan Distance: 12.0, Mask Weight: 0.915
Epoch 926/20000, Train Loss: 0.3571, Validation Set Manhattan Distance: 12.0, Mask Weight: 0.915