Using device: cuda
Starting training with gradient-based adaptive weighted mask...
Epoch 1/20000, Train Loss: 56.4602, Validation Set Manhattan Distance: 588.0, Mask Weight: 1.000
  -> New best Validation Set Manhattan Distance: 588.0. Model saved.
Epoch 2/20000, Train Loss: 43.7994, Validation Set Manhattan Distance: 588.0, Mask Weight: 1.000
Epoch 3/20000, Train Loss: 35.2876, Validation Set Manhattan Distance: 588.0, Mask Weight: 1.000
Epoch 4/20000, Train Loss: 28.8959, Validation Set Manhattan Distance: 588.0, Mask Weight: 1.000
Epoch 5/20000, Train Loss: 23.9166, Validation Set Manhattan Distance: 588.0, Mask Weight: 1.000
Epoch 6/20000, Train Loss: 19.8652, Validation Set Manhattan Distance: 588.0, Mask Weight: 1.000
Epoch 7/20000, Train Loss: 16.5259, Validation Set Manhattan Distance: 588.0, Mask Weight: 1.000
Epoch 8/20000, Train Loss: 13.7156, Validation Set Manhattan Distance: 588.0, Mask Weight: 1.000
Epoch 9/20000, Train Loss: 11.3456, Validation Set Manhattan Distance: 588.0, Mask Weight: 1.000
Epoch 10/20000, Train Loss: 9.3389, Validation Set Manhattan Distance: 588.0, Mask Weight: 1.000
Epoch 11/20000, Train Loss: 7.6596, Validation Set Manhattan Distance: 588.0, Mask Weight: 1.000
Epoch 12/20000, Train Loss: 6.2728, Validation Set Manhattan Distance: 588.0, Mask Weight: 1.000
Epoch 13/20000, Train Loss: 5.1298, Validation Set Manhattan Distance: 588.0, Mask Weight: 1.000
Epoch 14/20000, Train Loss: 4.1868, Validation Set Manhattan Distance: 588.0, Mask Weight: 1.000
Epoch 15/20000, Train Loss: 3.4162, Validation Set Manhattan Distance: 588.0, Mask Weight: 1.000
Epoch 16/20000, Train Loss: 2.7851, Validation Set Manhattan Distance: 588.0, Mask Weight: 1.000
Epoch 17/20000, Train Loss: 2.2697, Validation Set Manhattan Distance: 588.0, Mask Weight: 1.000
Epoch 18/20000, Train Loss: 1.8517, Validation Set Manhattan Distance: 588.0, Mask Weight: 1.000
Epoch 19/20000, Train Loss: 1.5076, Validation Set Manhattan Distance: 588.0, Mask Weight: 1.000
Epoch 20/20000, Train Loss: 1.2311, Validation Set Manhattan Distance: 588.0, Mask Weight: 1.000
Epoch 21/20000, Train Loss: 1.0020, Validation Set Manhattan Distance: 588.0, Mask Weight: 1.000
Epoch 22/20000, Train Loss: 0.8167, Validation Set Manhattan Distance: 588.0, Mask Weight: 1.000
Epoch 23/20000, Train Loss: 0.6676, Validation Set Manhattan Distance: 588.0, Mask Weight: 1.000
Epoch 24/20000, Train Loss: 0.5430, Validation Set Manhattan Distance: 588.0, Mask Weight: 1.000
Epoch 25/20000, Train Loss: 0.4440, Validation Set Manhattan Distance: 588.0, Mask Weight: 1.000
Epoch 26/20000, Train Loss: 0.3604, Validation Set Manhattan Distance: 588.0, Mask Weight: 1.000
Epoch 27/20000, Train Loss: 0.2945, Validation Set Manhattan Distance: 588.0, Mask Weight: 1.000
Epoch 28/20000, Train Loss: 0.2403, Validation Set Manhattan Distance: 588.0, Mask Weight: 1.000
Epoch 29/20000, Train Loss: 0.1965, Validation Set Manhattan Distance: 588.0, Mask Weight: 1.000
Epoch 30/20000, Train Loss: 0.1596, Validation Set Manhattan Distance: 588.0, Mask Weight: 1.000
Epoch 31/20000, Train Loss: 0.1302, Validation Set Manhattan Distance: 588.0, Mask Weight: 1.000
Epoch 32/20000, Train Loss: 0.1079, Validation Set Manhattan Distance: 588.0, Mask Weight: 1.000
  -> Train loss below 0.1. Mask weight reduction is now enabled.
Epoch 33/20000, Train Loss: 0.0884, Validation Set Manhattan Distance: 588.0, Mask Weight: 1.000
  -> Validation Set Manhattan Distance did not improve for 10 epochs.
  -> Unmasked Loss (Gradient Magnitude): 0.8380, Calculated Decrement: 0.0060
  -> Reducing mask weight to 0.994.
  -> Mask weight reduction is now disabled until train loss is below 0.001 again.
Epoch 34/20000, Train Loss: 0.2964, Validation Set Manhattan Distance: 12.0, Mask Weight: 0.994
  -> New best Validation Set Manhattan Distance: 12.0. Model saved.
Epoch 35/20000, Train Loss: 0.1186, Validation Set Manhattan Distance: 12.0, Mask Weight: 0.994
Epoch 36/20000, Train Loss: 0.1068, Validation Set Manhattan Distance: 12.0, Mask Weight: 0.994
  -> Train loss below 0.1. Mask weight reduction is now enabled.
Epoch 37/20000, Train Loss: 0.0977, Validation Set Manhattan Distance: 12.0, Mask Weight: 0.994
Epoch 38/20000, Train Loss: 0.0911, Validation Set Manhattan Distance: 12.0, Mask Weight: 0.994
Epoch 39/20000, Train Loss: 0.0859, Validation Set Manhattan Distance: 12.0, Mask Weight: 0.994
Epoch 40/20000, Train Loss: 0.0821, Validation Set Manhattan Distance: 12.0, Mask Weight: 0.994
Epoch 41/20000, Train Loss: 0.0778, Validation Set Manhattan Distance: 12.0, Mask Weight: 0.994
Epoch 42/20000, Train Loss: 0.0749, Validation Set Manhattan Distance: 12.0, Mask Weight: 0.994
Epoch 43/20000, Train Loss: 0.0722, Validation Set Manhattan Distance: 12.0, Mask Weight: 0.994
Epoch 44/20000, Train Loss: 0.0701, Validation Set Manhattan Distance: 12.0, Mask Weight: 0.994
  -> Validation Set Manhattan Distance did not improve for 10 epochs.
  -> Unmasked Loss (Gradient Magnitude): 0.0953, Calculated Decrement: 0.0524
  -> Reducing mask weight to 0.942.
  -> Mask weight reduction is now disabled until train loss is below 0.001 again.
Epoch 45/20000, Train Loss: 0.5686, Validation Set Manhattan Distance: 12.0, Mask Weight: 0.942
Epoch 46/20000, Train Loss: 0.5643, Validation Set Manhattan Distance: 12.0, Mask Weight: 0.942
Epoch 47/20000, Train Loss: 0.5590, Validation Set Manhattan Distance: 12.0, Mask Weight: 0.942
Epoch 48/20000, Train Loss: 0.5540, Validation Set Manhattan Distance: 12.0, Mask Weight: 0.942
Epoch 49/20000, Train Loss: 0.5517, Validation Set Manhattan Distance: 12.0, Mask Weight: 0.942
Epoch 50/20000, Train Loss: 0.5457, Validation Set Manhattan Distance: 12.0, Mask Weight: 0.942
Epoch 51/20000, Train Loss: 0.5467, Validation Set Manhattan Distance: 12.0, Mask Weight: 0.942
Epoch 52/20000, Train Loss: 0.5432, Validation Set Manhattan Distance: 12.0, Mask Weight: 0.942
Epoch 53/20000, Train Loss: 0.5419, Validation Set Manhattan Distance: 12.0, Mask Weight: 0.942
Epoch 54/20000, Train Loss: 0.5433, Validation Set Manhattan Distance: 12.0, Mask Weight: 0.942
Epoch 55/20000, Train Loss: 0.5381, Validation Set Manhattan Distance: 12.0, Mask Weight: 0.942
Epoch 56/20000, Train Loss: 0.5296, Validation Set Manhattan Distance: 12.0, Mask Weight: 0.942
Epoch 57/20000, Train Loss: 0.5252, Validation Set Manhattan Distance: 12.0, Mask Weight: 0.942
Epoch 58/20000, Train Loss: 0.5150, Validation Set Manhattan Distance: 12.0, Mask Weight: 0.942
Epoch 59/20000, Train Loss: 0.5132, Validation Set Manhattan Distance: 12.0, Mask Weight: 0.942
Epoch 60/20000, Train Loss: 0.4938, Validation Set Manhattan Distance: 12.0, Mask Weight: 0.942
Epoch 61/20000, Train Loss: 0.4812, Validation Set Manhattan Distance: 12.0, Mask Weight: 0.942
Epoch 62/20000, Train Loss: 0.4674, Validation Set Manhattan Distance: 12.0, Mask Weight: 0.942
Epoch 63/20000, Train Loss: 0.4577, Validation Set Manhattan Distance: 12.0, Mask Weight: 0.942
Epoch 64/20000, Train Loss: 0.4481, Validation Set Manhattan Distance: 12.0, Mask Weight: 0.942
Epoch 65/20000, Train Loss: 0.4412, Validation Set Manhattan Distance: 12.0, Mask Weight: 0.942
Epoch 66/20000, Train Loss: 0.4304, Validation Set Manhattan Distance: 12.0, Mask Weight: 0.942
Epoch 67/20000, Train Loss: 0.4159, Validation Set Manhattan Distance: 12.0, Mask Weight: 0.942
Epoch 68/20000, Train Loss: 0.3955, Validation Set Manhattan Distance: 12.0, Mask Weight: 0.942
Epoch 69/20000, Train Loss: 0.3750, Validation Set Manhattan Distance: 12.0, Mask Weight: 0.942
Epoch 70/20000, Train Loss: 0.3625, Validation Set Manhattan Distance: 12.0, Mask Weight: 0.942
Epoch 71/20000, Train Loss: 0.3600, Validation Set Manhattan Distance: 12.0, Mask Weight: 0.942
Epoch 72/20000, Train Loss: 0.3519, Validation Set Manhattan Distance: 12.0, Mask Weight: 0.942
Epoch 73/20000, Train Loss: 0.3639, Validation Set Manhattan Distance: 12.0, Mask Weight: 0.942
Epoch 74/20000, Train Loss: 0.3541, Validation Set Manhattan Distance: 12.0, Mask Weight: 0.942
Epoch 75/20000, Train Loss: 0.3354, Validation Set Manhattan Distance: 12.0, Mask Weight: 0.942
Epoch 76/20000, Train Loss: 0.3301, Validation Set Manhattan Distance: 12.0, Mask Weight: 0.942
Epoch 77/20000, Train Loss: 0.3350, Validation Set Manhattan Distance: 12.0, Mask Weight: 0.942
Epoch 78/20000, Train Loss: 0.3449, Validation Set Manhattan Distance: 12.0, Mask Weight: 0.942
Epoch 79/20000, Train Loss: 0.3603, Validation Set Manhattan Distance: 12.0, Mask Weight: 0.942
Epoch 80/20000, Train Loss: 0.3145, Validation Set Manhattan Distance: 12.0, Mask Weight: 0.942
Epoch 81/20000, Train Loss: 0.3224, Validation Set Manhattan Distance: 18.0, Mask Weight: 0.942
Epoch 82/20000, Train Loss: 0.3325, Validation Set Manhattan Distance: 18.0, Mask Weight: 0.942
Epoch 83/20000, Train Loss: 0.3322, Validation Set Manhattan Distance: 18.0, Mask Weight: 0.942
Epoch 84/20000, Train Loss: 0.3330, Validation Set Manhattan Distance: 18.0, Mask Weight: 0.942
Epoch 85/20000, Train Loss: 0.3255, Validation Set Manhattan Distance: 18.0, Mask Weight: 0.942
Epoch 86/20000, Train Loss: 0.3085, Validation Set Manhattan Distance: 18.0, Mask Weight: 0.942
Epoch 87/20000, Train Loss: 0.3094, Validation Set Manhattan Distance: 18.0, Mask Weight: 0.942
Epoch 88/20000, Train Loss: 0.3106, Validation Set Manhattan Distance: 18.0, Mask Weight: 0.942
Epoch 89/20000, Train Loss: 0.3056, Validation Set Manhattan Distance: 18.0, Mask Weight: 0.942
Epoch 90/20000, Train Loss: 0.2953, Validation Set Manhattan Distance: 18.0, Mask Weight: 0.942
Epoch 91/20000, Train Loss: 0.3024, Validation Set Manhattan Distance: 18.0, Mask Weight: 0.942
Epoch 92/20000, Train Loss: 0.3167, Validation Set Manhattan Distance: 18.0, Mask Weight: 0.942
Epoch 93/20000, Train Loss: 0.3231, Validation Set Manhattan Distance: 18.0, Mask Weight: 0.942
Epoch 94/20000, Train Loss: 0.3698, Validation Set Manhattan Distance: 18.0, Mask Weight: 0.942
Epoch 95/20000, Train Loss: 0.3653, Validation Set Manhattan Distance: 28.0, Mask Weight: 0.942
Epoch 96/20000, Train Loss: 0.3631, Validation Set Manhattan Distance: 30.0, Mask Weight: 0.942
Epoch 97/20000, Train Loss: 0.3534, Validation Set Manhattan Distance: 18.0, Mask Weight: 0.942
Epoch 98/20000, Train Loss: 0.3432, Validation Set Manhattan Distance: 30.0, Mask Weight: 0.942
Epoch 99/20000, Train Loss: 0.3152, Validation Set Manhattan Distance: 34.0, Mask Weight: 0.942
Epoch 100/20000, Train Loss: 0.3083, Validation Set Manhattan Distance: 36.0, Mask Weight: 0.942
Epoch 101/20000, Train Loss: 0.3059, Validation Set Manhattan Distance: 28.0, Mask Weight: 0.942
Epoch 102/20000, Train Loss: 0.2968, Validation Set Manhattan Distance: 24.0, Mask Weight: 0.942
Epoch 103/20000, Train Loss: 0.2913, Validation Set Manhattan Distance: 24.0, Mask Weight: 0.942
Epoch 104/20000, Train Loss: 0.2848, Validation Set Manhattan Distance: 24.0, Mask Weight: 0.942
Epoch 105/20000, Train Loss: 0.2791, Validation Set Manhattan Distance: 24.0, Mask Weight: 0.942
Epoch 106/20000, Train Loss: 0.2876, Validation Set Manhattan Distance: 30.0, Mask Weight: 0.942
Epoch 107/20000, Train Loss: 0.2852, Validation Set Manhattan Distance: 30.0, Mask Weight: 0.942
Epoch 108/20000, Train Loss: 0.2886, Validation Set Manhattan Distance: 34.0, Mask Weight: 0.942
Epoch 109/20000, Train Loss: 0.3147, Validation Set Manhattan Distance: 32.0, Mask Weight: 0.942
Epoch 110/20000, Train Loss: 0.2850, Validation Set Manhattan Distance: 28.0, Mask Weight: 0.942
Epoch 111/20000, Train Loss: 0.3186, Validation Set Manhattan Distance: 34.0, Mask Weight: 0.942
Epoch 112/20000, Train Loss: 0.3374, Validation Set Manhattan Distance: 28.0, Mask Weight: 0.942
Epoch 113/20000, Train Loss: 0.2888, Validation Set Manhattan Distance: 28.0, Mask Weight: 0.942
Epoch 114/20000, Train Loss: 0.2870, Validation Set Manhattan Distance: 28.0, Mask Weight: 0.942
Epoch 115/20000, Train Loss: 0.2762, Validation Set Manhattan Distance: 28.0, Mask Weight: 0.942
Epoch 116/20000, Train Loss: 0.2714, Validation Set Manhattan Distance: 28.0, Mask Weight: 0.942
Epoch 117/20000, Train Loss: 0.2700, Validation Set Manhattan Distance: 28.0, Mask Weight: 0.942
Epoch 118/20000, Train Loss: 0.2730, Validation Set Manhattan Distance: 30.0, Mask Weight: 0.942
Epoch 119/20000, Train Loss: 0.2729, Validation Set Manhattan Distance: 34.0, Mask Weight: 0.942
Epoch 120/20000, Train Loss: 0.2698, Validation Set Manhattan Distance: 34.0, Mask Weight: 0.942
Epoch 121/20000, Train Loss: 0.2663, Validation Set Manhattan Distance: 32.0, Mask Weight: 0.942
Epoch 122/20000, Train Loss: 0.2649, Validation Set Manhattan Distance: 34.0, Mask Weight: 0.942
Epoch 123/20000, Train Loss: 0.2728, Validation Set Manhattan Distance: 40.0, Mask Weight: 0.942
Epoch 124/20000, Train Loss: 0.2686, Validation Set Manhattan Distance: 38.0, Mask Weight: 0.942
Epoch 125/20000, Train Loss: 0.3113, Validation Set Manhattan Distance: 38.0, Mask Weight: 0.942
Epoch 126/20000, Train Loss: 0.3495, Validation Set Manhattan Distance: 34.0, Mask Weight: 0.942
Epoch 127/20000, Train Loss: 0.3078, Validation Set Manhattan Distance: 32.0, Mask Weight: 0.942
Epoch 128/20000, Train Loss: 0.2903, Validation Set Manhattan Distance: 38.0, Mask Weight: 0.942
Epoch 129/20000, Train Loss: 0.2774, Validation Set Manhattan Distance: 46.0, Mask Weight: 0.942
Epoch 130/20000, Train Loss: 0.2712, Validation Set Manhattan Distance: 38.0, Mask Weight: 0.942
Epoch 131/20000, Train Loss: 0.2776, Validation Set Manhattan Distance: 40.0, Mask Weight: 0.942
Epoch 132/20000, Train Loss: 0.2727, Validation Set Manhattan Distance: 38.0, Mask Weight: 0.942
Epoch 133/20000, Train Loss: 0.2670, Validation Set Manhattan Distance: 38.0, Mask Weight: 0.942
Epoch 134/20000, Train Loss: 0.2610, Validation Set Manhattan Distance: 34.0, Mask Weight: 0.942
Epoch 135/20000, Train Loss: 0.2629, Validation Set Manhattan Distance: 32.0, Mask Weight: 0.942
Epoch 136/20000, Train Loss: 0.2629, Validation Set Manhattan Distance: 32.0, Mask Weight: 0.942
Epoch 137/20000, Train Loss: 0.2614, Validation Set Manhattan Distance: 32.0, Mask Weight: 0.942
Epoch 138/20000, Train Loss: 0.2570, Validation Set Manhattan Distance: 32.0, Mask Weight: 0.942
Epoch 139/20000, Train Loss: 0.2574, Validation Set Manhattan Distance: 34.0, Mask Weight: 0.942
Epoch 140/20000, Train Loss: 0.2584, Validation Set Manhattan Distance: 38.0, Mask Weight: 0.942
Epoch 141/20000, Train Loss: 0.2558, Validation Set Manhattan Distance: 38.0, Mask Weight: 0.942
Epoch 142/20000, Train Loss: 0.2554, Validation Set Manhattan Distance: 38.0, Mask Weight: 0.942
Epoch 143/20000, Train Loss: 0.2580, Validation Set Manhattan Distance: 34.0, Mask Weight: 0.942
Epoch 144/20000, Train Loss: 0.3032, Validation Set Manhattan Distance: 38.0, Mask Weight: 0.942
Epoch 145/20000, Train Loss: 0.3463, Validation Set Manhattan Distance: 38.0, Mask Weight: 0.942
Epoch 146/20000, Train Loss: 0.3710, Validation Set Manhattan Distance: 50.0, Mask Weight: 0.942
Epoch 147/20000, Train Loss: 0.2887, Validation Set Manhattan Distance: 50.0, Mask Weight: 0.942
Epoch 148/20000, Train Loss: 0.2767, Validation Set Manhattan Distance: 44.0, Mask Weight: 0.942
Epoch 149/20000, Train Loss: 0.2720, Validation Set Manhattan Distance: 44.0, Mask Weight: 0.942
Epoch 150/20000, Train Loss: 0.2689, Validation Set Manhattan Distance: 38.0, Mask Weight: 0.942
Epoch 151/20000, Train Loss: 0.2837, Validation Set Manhattan Distance: 36.0, Mask Weight: 0.942
Epoch 152/20000, Train Loss: 0.2662, Validation Set Manhattan Distance: 44.0, Mask Weight: 0.942
Epoch 153/20000, Train Loss: 0.2609, Validation Set Manhattan Distance: 42.0, Mask Weight: 0.942
Epoch 154/20000, Train Loss: 0.2638, Validation Set Manhattan Distance: 42.0, Mask Weight: 0.942
Epoch 155/20000, Train Loss: 0.2570, Validation Set Manhattan Distance: 42.0, Mask Weight: 0.942
Epoch 156/20000, Train Loss: 0.2566, Validation Set Manhattan Distance: 44.0, Mask Weight: 0.942
Epoch 157/20000, Train Loss: 0.2570, Validation Set Manhattan Distance: 44.0, Mask Weight: 0.942
Epoch 158/20000, Train Loss: 0.2533, Validation Set Manhattan Distance: 38.0, Mask Weight: 0.942
Epoch 159/20000, Train Loss: 0.2540, Validation Set Manhattan Distance: 38.0, Mask Weight: 0.942
Epoch 160/20000, Train Loss: 0.2532, Validation Set Manhattan Distance: 38.0, Mask Weight: 0.942
Epoch 161/20000, Train Loss: 0.2519, Validation Set Manhattan Distance: 42.0, Mask Weight: 0.942
Epoch 162/20000, Train Loss: 0.2612, Validation Set Manhattan Distance: 38.0, Mask Weight: 0.942
Epoch 163/20000, Train Loss: 0.2614, Validation Set Manhattan Distance: 40.0, Mask Weight: 0.942
Epoch 164/20000, Train Loss: 0.2546, Validation Set Manhattan Distance: 44.0, Mask Weight: 0.942
Epoch 165/20000, Train Loss: 0.2531, Validation Set Manhattan Distance: 44.0, Mask Weight: 0.942
Epoch 166/20000, Train Loss: 0.2523, Validation Set Manhattan Distance: 42.0, Mask Weight: 0.942
Epoch 167/20000, Train Loss: 0.2525, Validation Set Manhattan Distance: 44.0, Mask Weight: 0.942
Epoch 168/20000, Train Loss: 0.2568, Validation Set Manhattan Distance: 44.0, Mask Weight: 0.942
Epoch 169/20000, Train Loss: 0.2618, Validation Set Manhattan Distance: 44.0, Mask Weight: 0.942
Epoch 170/20000, Train Loss: 0.2547, Validation Set Manhattan Distance: 42.0, Mask Weight: 0.942
Epoch 171/20000, Train Loss: 0.3044, Validation Set Manhattan Distance: 44.0, Mask Weight: 0.942
Epoch 172/20000, Train Loss: 0.2818, Validation Set Manhattan Distance: 48.0, Mask Weight: 0.942
Epoch 173/20000, Train Loss: 0.2706, Validation Set Manhattan Distance: 48.0, Mask Weight: 0.942
Epoch 174/20000, Train Loss: 0.3949, Validation Set Manhattan Distance: 56.0, Mask Weight: 0.942
Epoch 175/20000, Train Loss: 0.2842, Validation Set Manhattan Distance: 60.0, Mask Weight: 0.942
Epoch 176/20000, Train Loss: 0.2748, Validation Set Manhattan Distance: 60.0, Mask Weight: 0.942
Epoch 177/20000, Train Loss: 0.2723, Validation Set Manhattan Distance: 62.0, Mask Weight: 0.942
Epoch 178/20000, Train Loss: 0.2631, Validation Set Manhattan Distance: 60.0, Mask Weight: 0.942
Epoch 179/20000, Train Loss: 0.2576, Validation Set Manhattan Distance: 60.0, Mask Weight: 0.942
Epoch 180/20000, Train Loss: 0.2575, Validation Set Manhattan Distance: 54.0, Mask Weight: 0.942
Epoch 181/20000, Train Loss: 0.2572, Validation Set Manhattan Distance: 54.0, Mask Weight: 0.942
Epoch 182/20000, Train Loss: 0.2539, Validation Set Manhattan Distance: 54.0, Mask Weight: 0.942
Epoch 183/20000, Train Loss: 0.2570, Validation Set Manhattan Distance: 48.0, Mask Weight: 0.942
Epoch 184/20000, Train Loss: 0.2527, Validation Set Manhattan Distance: 48.0, Mask Weight: 0.942
Epoch 185/20000, Train Loss: 0.2508, Validation Set Manhattan Distance: 48.0, Mask Weight: 0.942
Epoch 186/20000, Train Loss: 0.2503, Validation Set Manhattan Distance: 48.0, Mask Weight: 0.942
Epoch 187/20000, Train Loss: 0.2518, Validation Set Manhattan Distance: 48.0, Mask Weight: 0.942
Epoch 188/20000, Train Loss: 0.2540, Validation Set Manhattan Distance: 48.0, Mask Weight: 0.942
Epoch 189/20000, Train Loss: 0.2493, Validation Set Manhattan Distance: 48.0, Mask Weight: 0.942
Epoch 190/20000, Train Loss: 0.2502, Validation Set Manhattan Distance: 48.0, Mask Weight: 0.942
Epoch 191/20000, Train Loss: 0.2513, Validation Set Manhattan Distance: 48.0, Mask Weight: 0.942
Epoch 192/20000, Train Loss: 0.2502, Validation Set Manhattan Distance: 48.0, Mask Weight: 0.942
Epoch 193/20000, Train Loss: 0.2553, Validation Set Manhattan Distance: 48.0, Mask Weight: 0.942
Epoch 194/20000, Train Loss: 0.2495, Validation Set Manhattan Distance: 48.0, Mask Weight: 0.942
Epoch 195/20000, Train Loss: 0.2503, Validation Set Manhattan Distance: 50.0, Mask Weight: 0.942
Epoch 196/20000, Train Loss: 0.2498, Validation Set Manhattan Distance: 50.0, Mask Weight: 0.942
Epoch 197/20000, Train Loss: 0.2499, Validation Set Manhattan Distance: 50.0, Mask Weight: 0.942
Epoch 198/20000, Train Loss: 0.2509, Validation Set Manhattan Distance: 44.0, Mask Weight: 0.942
Epoch 199/20000, Train Loss: 0.2501, Validation Set Manhattan Distance: 44.0, Mask Weight: 0.942
Epoch 200/20000, Train Loss: 0.2493, Validation Set Manhattan Distance: 50.0, Mask Weight: 0.942
Epoch 201/20000, Train Loss: 0.2506, Validation Set Manhattan Distance: 44.0, Mask Weight: 0.942
Epoch 202/20000, Train Loss: 0.2508, Validation Set Manhattan Distance: 44.0, Mask Weight: 0.942
Epoch 203/20000, Train Loss: 0.2488, Validation Set Manhattan Distance: 44.0, Mask Weight: 0.942
Epoch 204/20000, Train Loss: 0.2486, Validation Set Manhattan Distance: 50.0, Mask Weight: 0.942
Epoch 205/20000, Train Loss: 0.2503, Validation Set Manhattan Distance: 50.0, Mask Weight: 0.942
Epoch 206/20000, Train Loss: 0.2498, Validation Set Manhattan Distance: 44.0, Mask Weight: 0.942
Epoch 207/20000, Train Loss: 0.2515, Validation Set Manhattan Distance: 42.0, Mask Weight: 0.942
Epoch 208/20000, Train Loss: 0.2472, Validation Set Manhattan Distance: 44.0, Mask Weight: 0.942
Epoch 209/20000, Train Loss: 0.2502, Validation Set Manhattan Distance: 42.0, Mask Weight: 0.942
Epoch 210/20000, Train Loss: 0.2514, Validation Set Manhattan Distance: 42.0, Mask Weight: 0.942
Epoch 211/20000, Train Loss: 0.2491, Validation Set Manhattan Distance: 44.0, Mask Weight: 0.942
Epoch 212/20000, Train Loss: 0.2527, Validation Set Manhattan Distance: 50.0, Mask Weight: 0.942
Epoch 213/20000, Train Loss: 0.2918, Validation Set Manhattan Distance: 44.0, Mask Weight: 0.942
Epoch 214/20000, Train Loss: 0.4519, Validation Set Manhattan Distance: 38.0, Mask Weight: 0.942
Epoch 215/20000, Train Loss: 0.3731, Validation Set Manhattan Distance: 34.0, Mask Weight: 0.942
Epoch 216/20000, Train Loss: 0.3874, Validation Set Manhattan Distance: 40.0, Mask Weight: 0.942
Epoch 217/20000, Train Loss: 0.3477, Validation Set Manhattan Distance: 18.0, Mask Weight: 0.942
Epoch 218/20000, Train Loss: 0.3340, Validation Set Manhattan Distance: 34.0, Mask Weight: 0.942
Epoch 219/20000, Train Loss: 0.3166, Validation Set Manhattan Distance: 28.0, Mask Weight: 0.942
Epoch 220/20000, Train Loss: 0.3014, Validation Set Manhattan Distance: 38.0, Mask Weight: 0.942
Epoch 221/20000, Train Loss: 0.2789, Validation Set Manhattan Distance: 44.0, Mask Weight: 0.942
Epoch 222/20000, Train Loss: 0.2681, Validation Set Manhattan Distance: 44.0, Mask Weight: 0.942
Epoch 223/20000, Train Loss: 0.2598, Validation Set Manhattan Distance: 44.0, Mask Weight: 0.942
Epoch 224/20000, Train Loss: 0.2543, Validation Set Manhattan Distance: 44.0, Mask Weight: 0.942
Epoch 225/20000, Train Loss: 0.2585, Validation Set Manhattan Distance: 44.0, Mask Weight: 0.942
Epoch 226/20000, Train Loss: 0.2539, Validation Set Manhattan Distance: 44.0, Mask Weight: 0.942
Epoch 227/20000, Train Loss: 0.2541, Validation Set Manhattan Distance: 48.0, Mask Weight: 0.942
Epoch 228/20000, Train Loss: 0.2511, Validation Set Manhattan Distance: 44.0, Mask Weight: 0.942
Epoch 229/20000, Train Loss: 0.2519, Validation Set Manhattan Distance: 46.0, Mask Weight: 0.942
Epoch 230/20000, Train Loss: 0.2496, Validation Set Manhattan Distance: 46.0, Mask Weight: 0.942
Epoch 231/20000, Train Loss: 0.2542, Validation Set Manhattan Distance: 44.0, Mask Weight: 0.942
Epoch 232/20000, Train Loss: 0.2565, Validation Set Manhattan Distance: 42.0, Mask Weight: 0.942
Epoch 233/20000, Train Loss: 0.2531, Validation Set Manhattan Distance: 46.0, Mask Weight: 0.942
Epoch 234/20000, Train Loss: 0.2575, Validation Set Manhattan Distance: 44.0, Mask Weight: 0.942
Epoch 235/20000, Train Loss: 0.2563, Validation Set Manhattan Distance: 48.0, Mask Weight: 0.942
Epoch 236/20000, Train Loss: 0.2585, Validation Set Manhattan Distance: 48.0, Mask Weight: 0.942
Epoch 237/20000, Train Loss: 0.2587, Validation Set Manhattan Distance: 48.0, Mask Weight: 0.942
Epoch 238/20000, Train Loss: 0.2599, Validation Set Manhattan Distance: 48.0, Mask Weight: 0.942
Epoch 239/20000, Train Loss: 0.2785, Validation Set Manhattan Distance: 44.0, Mask Weight: 0.942
Epoch 240/20000, Train Loss: 0.4170, Validation Set Manhattan Distance: 40.0, Mask Weight: 0.942
Epoch 241/20000, Train Loss: 0.3576, Validation Set Manhattan Distance: 38.0, Mask Weight: 0.942
Epoch 242/20000, Train Loss: 0.3010, Validation Set Manhattan Distance: 46.0, Mask Weight: 0.942
Epoch 243/20000, Train Loss: 0.3085, Validation Set Manhattan Distance: 60.0, Mask Weight: 0.942
Epoch 244/20000, Train Loss: 0.2773, Validation Set Manhattan Distance: 60.0, Mask Weight: 0.942
Epoch 245/20000, Train Loss: 0.2740, Validation Set Manhattan Distance: 58.0, Mask Weight: 0.942
Epoch 246/20000, Train Loss: 0.2642, Validation Set Manhattan Distance: 60.0, Mask Weight: 0.942
Epoch 247/20000, Train Loss: 0.2584, Validation Set Manhattan Distance: 60.0, Mask Weight: 0.942
Epoch 248/20000, Train Loss: 0.2552, Validation Set Manhattan Distance: 54.0, Mask Weight: 0.942
Epoch 249/20000, Train Loss: 0.2542, Validation Set Manhattan Distance: 54.0, Mask Weight: 0.942
Epoch 250/20000, Train Loss: 0.2533, Validation Set Manhattan Distance: 54.0, Mask Weight: 0.942
Epoch 251/20000, Train Loss: 0.2540, Validation Set Manhattan Distance: 54.0, Mask Weight: 0.942
Epoch 252/20000, Train Loss: 0.2513, Validation Set Manhattan Distance: 54.0, Mask Weight: 0.942
Epoch 253/20000, Train Loss: 0.2505, Validation Set Manhattan Distance: 54.0, Mask Weight: 0.942
Epoch 254/20000, Train Loss: 0.2497, Validation Set Manhattan Distance: 54.0, Mask Weight: 0.942
Epoch 255/20000, Train Loss: 0.2478, Validation Set Manhattan Distance: 52.0, Mask Weight: 0.942
Epoch 256/20000, Train Loss: 0.2505, Validation Set Manhattan Distance: 54.0, Mask Weight: 0.942
Epoch 257/20000, Train Loss: 0.2492, Validation Set Manhattan Distance: 56.0, Mask Weight: 0.942
Epoch 258/20000, Train Loss: 0.2481, Validation Set Manhattan Distance: 54.0, Mask Weight: 0.942
Epoch 259/20000, Train Loss: 0.2493, Validation Set Manhattan Distance: 54.0, Mask Weight: 0.942
Epoch 260/20000, Train Loss: 0.2477, Validation Set Manhattan Distance: 54.0, Mask Weight: 0.942
Epoch 261/20000, Train Loss: 0.2493, Validation Set Manhattan Distance: 54.0, Mask Weight: 0.942
Epoch 262/20000, Train Loss: 0.2483, Validation Set Manhattan Distance: 52.0, Mask Weight: 0.942
Epoch 263/20000, Train Loss: 0.2482, Validation Set Manhattan Distance: 54.0, Mask Weight: 0.942
Epoch 264/20000, Train Loss: 0.2486, Validation Set Manhattan Distance: 54.0, Mask Weight: 0.942
Epoch 265/20000, Train Loss: 0.2487, Validation Set Manhattan Distance: 52.0, Mask Weight: 0.942
Epoch 266/20000, Train Loss: 0.2458, Validation Set Manhattan Distance: 54.0, Mask Weight: 0.942
Epoch 267/20000, Train Loss: 0.2486, Validation Set Manhattan Distance: 54.0, Mask Weight: 0.942
Epoch 268/20000, Train Loss: 0.2490, Validation Set Manhattan Distance: 54.0, Mask Weight: 0.942
Epoch 269/20000, Train Loss: 0.2507, Validation Set Manhattan Distance: 54.0, Mask Weight: 0.942
Epoch 270/20000, Train Loss: 0.2491, Validation Set Manhattan Distance: 52.0, Mask Weight: 0.942
Epoch 271/20000, Train Loss: 0.2516, Validation Set Manhattan Distance: 54.0, Mask Weight: 0.942
Epoch 272/20000, Train Loss: 0.2511, Validation Set Manhattan Distance: 54.0, Mask Weight: 0.942
Epoch 273/20000, Train Loss: 0.2495, Validation Set Manhattan Distance: 54.0, Mask Weight: 0.942
Epoch 274/20000, Train Loss: 0.2496, Validation Set Manhattan Distance: 52.0, Mask Weight: 0.942
Epoch 275/20000, Train Loss: 0.2511, Validation Set Manhattan Distance: 54.0, Mask Weight: 0.942
Epoch 276/20000, Train Loss: 0.2556, Validation Set Manhattan Distance: 52.0, Mask Weight: 0.942
Epoch 277/20000, Train Loss: 0.2526, Validation Set Manhattan Distance: 54.0, Mask Weight: 0.942
Epoch 278/20000, Train Loss: 0.2501, Validation Set Manhattan Distance: 56.0, Mask Weight: 0.942
Epoch 279/20000, Train Loss: 0.2482, Validation Set Manhattan Distance: 52.0, Mask Weight: 0.942
Epoch 280/20000, Train Loss: 0.2675, Validation Set Manhattan Distance: 42.0, Mask Weight: 0.942
Epoch 281/20000, Train Loss: 0.6100, Validation Set Manhattan Distance: 48.0, Mask Weight: 0.942
Epoch 282/20000, Train Loss: 0.4530, Validation Set Manhattan Distance: 24.0, Mask Weight: 0.942
Epoch 283/20000, Train Loss: 0.4709, Validation Set Manhattan Distance: 12.0, Mask Weight: 0.942
Epoch 284/20000, Train Loss: 0.3571, Validation Set Manhattan Distance: 12.0, Mask Weight: 0.942
Epoch 285/20000, Train Loss: 0.3468, Validation Set Manhattan Distance: 12.0, Mask Weight: 0.942
Epoch 286/20000, Train Loss: 0.3387, Validation Set Manhattan Distance: 12.0, Mask Weight: 0.942
Epoch 287/20000, Train Loss: 0.3274, Validation Set Manhattan Distance: 12.0, Mask Weight: 0.942
Epoch 288/20000, Train Loss: 0.3176, Validation Set Manhattan Distance: 12.0, Mask Weight: 0.942
Epoch 289/20000, Train Loss: 0.3032, Validation Set Manhattan Distance: 12.0, Mask Weight: 0.942
Epoch 290/20000, Train Loss: 0.2917, Validation Set Manhattan Distance: 12.0, Mask Weight: 0.942
Epoch 291/20000, Train Loss: 0.2828, Validation Set Manhattan Distance: 12.0, Mask Weight: 0.942
Epoch 292/20000, Train Loss: 0.2727, Validation Set Manhattan Distance: 12.0, Mask Weight: 0.942
Epoch 293/20000, Train Loss: 0.2655, Validation Set Manhattan Distance: 12.0, Mask Weight: 0.942
Epoch 294/20000, Train Loss: 0.2657, Validation Set Manhattan Distance: 12.0, Mask Weight: 0.942
Epoch 295/20000, Train Loss: 0.2589, Validation Set Manhattan Distance: 12.0, Mask Weight: 0.942
Epoch 296/20000, Train Loss: 0.2608, Validation Set Manhattan Distance: 12.0, Mask Weight: 0.942
Epoch 297/20000, Train Loss: 0.2555, Validation Set Manhattan Distance: 12.0, Mask Weight: 0.942
Epoch 298/20000, Train Loss: 0.2511, Validation Set Manhattan Distance: 16.0, Mask Weight: 0.942
Epoch 299/20000, Train Loss: 0.2511, Validation Set Manhattan Distance: 16.0, Mask Weight: 0.942
Epoch 300/20000, Train Loss: 0.2493, Validation Set Manhattan Distance: 22.0, Mask Weight: 0.942
Epoch 301/20000, Train Loss: 0.2506, Validation Set Manhattan Distance: 22.0, Mask Weight: 0.942
Epoch 302/20000, Train Loss: 0.2501, Validation Set Manhattan Distance: 22.0, Mask Weight: 0.942
Epoch 303/20000, Train Loss: 0.2492, Validation Set Manhattan Distance: 22.0, Mask Weight: 0.942
Epoch 304/20000, Train Loss: 0.2484, Validation Set Manhattan Distance: 22.0, Mask Weight: 0.942
Epoch 305/20000, Train Loss: 0.2485, Validation Set Manhattan Distance: 22.0, Mask Weight: 0.942
Epoch 306/20000, Train Loss: 0.2489, Validation Set Manhattan Distance: 22.0, Mask Weight: 0.942
Epoch 307/20000, Train Loss: 0.2498, Validation Set Manhattan Distance: 22.0, Mask Weight: 0.942
Epoch 308/20000, Train Loss: 0.2487, Validation Set Manhattan Distance: 22.0, Mask Weight: 0.942
Epoch 309/20000, Train Loss: 0.2489, Validation Set Manhattan Distance: 16.0, Mask Weight: 0.942
Epoch 310/20000, Train Loss: 0.2486, Validation Set Manhattan Distance: 16.0, Mask Weight: 0.942
Epoch 311/20000, Train Loss: 0.2491, Validation Set Manhattan Distance: 22.0, Mask Weight: 0.942
Epoch 312/20000, Train Loss: 0.2506, Validation Set Manhattan Distance: 16.0, Mask Weight: 0.942
Epoch 313/20000, Train Loss: 0.2509, Validation Set Manhattan Distance: 22.0, Mask Weight: 0.942
Epoch 314/20000, Train Loss: 0.2512, Validation Set Manhattan Distance: 16.0, Mask Weight: 0.942
Epoch 315/20000, Train Loss: 0.2522, Validation Set Manhattan Distance: 22.0, Mask Weight: 0.942
Epoch 316/20000, Train Loss: 0.2698, Validation Set Manhattan Distance: 16.0, Mask Weight: 0.942
Epoch 317/20000, Train Loss: 0.3297, Validation Set Manhattan Distance: 16.0, Mask Weight: 0.942
Epoch 318/20000, Train Loss: 0.2621, Validation Set Manhattan Distance: 16.0, Mask Weight: 0.942
Epoch 319/20000, Train Loss: 0.2558, Validation Set Manhattan Distance: 16.0, Mask Weight: 0.942
Epoch 320/20000, Train Loss: 0.2622, Validation Set Manhattan Distance: 22.0, Mask Weight: 0.942
Epoch 321/20000, Train Loss: 0.2602, Validation Set Manhattan Distance: 18.0, Mask Weight: 0.942
Epoch 322/20000, Train Loss: 0.2551, Validation Set Manhattan Distance: 24.0, Mask Weight: 0.942
Epoch 323/20000, Train Loss: 0.2771, Validation Set Manhattan Distance: 18.0, Mask Weight: 0.942
Epoch 324/20000, Train Loss: 0.2634, Validation Set Manhattan Distance: 18.0, Mask Weight: 0.942
Epoch 325/20000, Train Loss: 0.2567, Validation Set Manhattan Distance: 18.0, Mask Weight: 0.942
Epoch 326/20000, Train Loss: 0.2523, Validation Set Manhattan Distance: 24.0, Mask Weight: 0.942
Epoch 327/20000, Train Loss: 0.2490, Validation Set Manhattan Distance: 24.0, Mask Weight: 0.942
Epoch 328/20000, Train Loss: 0.2492, Validation Set Manhattan Distance: 24.0, Mask Weight: 0.942
Epoch 329/20000, Train Loss: 0.2481, Validation Set Manhattan Distance: 24.0, Mask Weight: 0.942
Epoch 330/20000, Train Loss: 0.2514, Validation Set Manhattan Distance: 24.0, Mask Weight: 0.942
Epoch 331/20000, Train Loss: 0.2498, Validation Set Manhattan Distance: 24.0, Mask Weight: 0.942
Epoch 332/20000, Train Loss: 0.2494, Validation Set Manhattan Distance: 24.0, Mask Weight: 0.942
Epoch 333/20000, Train Loss: 0.2492, Validation Set Manhattan Distance: 24.0, Mask Weight: 0.942
Epoch 334/20000, Train Loss: 0.2476, Validation Set Manhattan Distance: 28.0, Mask Weight: 0.942
Epoch 335/20000, Train Loss: 0.2481, Validation Set Manhattan Distance: 22.0, Mask Weight: 0.942
Epoch 336/20000, Train Loss: 0.2483, Validation Set Manhattan Distance: 28.0, Mask Weight: 0.942
Epoch 337/20000, Train Loss: 0.2478, Validation Set Manhattan Distance: 28.0, Mask Weight: 0.942
Epoch 338/20000, Train Loss: 0.2461, Validation Set Manhattan Distance: 28.0, Mask Weight: 0.942
Epoch 339/20000, Train Loss: 0.2466, Validation Set Manhattan Distance: 28.0, Mask Weight: 0.942
Epoch 340/20000, Train Loss: 0.2476, Validation Set Manhattan Distance: 22.0, Mask Weight: 0.942
Epoch 341/20000, Train Loss: 0.2483, Validation Set Manhattan Distance: 24.0, Mask Weight: 0.942
Epoch 342/20000, Train Loss: 0.2468, Validation Set Manhattan Distance: 28.0, Mask Weight: 0.942
Epoch 343/20000, Train Loss: 0.2530, Validation Set Manhattan Distance: 22.0, Mask Weight: 0.942
Epoch 344/20000, Train Loss: 0.2525, Validation Set Manhattan Distance: 24.0, Mask Weight: 0.942
Epoch 345/20000, Train Loss: 0.2524, Validation Set Manhattan Distance: 22.0, Mask Weight: 0.942
Epoch 346/20000, Train Loss: 0.2490, Validation Set Manhattan Distance: 28.0, Mask Weight: 0.942
Epoch 347/20000, Train Loss: 0.2489, Validation Set Manhattan Distance: 28.0, Mask Weight: 0.942
Epoch 348/20000, Train Loss: 0.2493, Validation Set Manhattan Distance: 28.0, Mask Weight: 0.942
Epoch 349/20000, Train Loss: 0.2478, Validation Set Manhattan Distance: 28.0, Mask Weight: 0.942
Epoch 350/20000, Train Loss: 0.2490, Validation Set Manhattan Distance: 28.0, Mask Weight: 0.942
Epoch 351/20000, Train Loss: 0.2483, Validation Set Manhattan Distance: 28.0, Mask Weight: 0.942
Epoch 352/20000, Train Loss: 0.2507, Validation Set Manhattan Distance: 28.0, Mask Weight: 0.942
Epoch 353/20000, Train Loss: 0.2488, Validation Set Manhattan Distance: 28.0, Mask Weight: 0.942
Epoch 354/20000, Train Loss: 0.2483, Validation Set Manhattan Distance: 28.0, Mask Weight: 0.942
Epoch 355/20000, Train Loss: 0.2471, Validation Set Manhattan Distance: 28.0, Mask Weight: 0.942
Epoch 356/20000, Train Loss: 0.2471, Validation Set Manhattan Distance: 28.0, Mask Weight: 0.942
Epoch 357/20000, Train Loss: 0.2493, Validation Set Manhattan Distance: 28.0, Mask Weight: 0.942
Epoch 358/20000, Train Loss: 0.2490, Validation Set Manhattan Distance: 28.0, Mask Weight: 0.942
Epoch 359/20000, Train Loss: 0.2491, Validation Set Manhattan Distance: 28.0, Mask Weight: 0.942
Epoch 360/20000, Train Loss: 0.2478, Validation Set Manhattan Distance: 34.0, Mask Weight: 0.942
Epoch 361/20000, Train Loss: 0.2483, Validation Set Manhattan Distance: 28.0, Mask Weight: 0.942
Epoch 362/20000, Train Loss: 0.2491, Validation Set Manhattan Distance: 28.0, Mask Weight: 0.942
Epoch 363/20000, Train Loss: 0.2465, Validation Set Manhattan Distance: 28.0, Mask Weight: 0.942
Epoch 364/20000, Train Loss: 0.2471, Validation Set Manhattan Distance: 28.0, Mask Weight: 0.942
Epoch 365/20000, Train Loss: 0.2455, Validation Set Manhattan Distance: 28.0, Mask Weight: 0.942
Epoch 366/20000, Train Loss: 0.2478, Validation Set Manhattan Distance: 28.0, Mask Weight: 0.942
Epoch 367/20000, Train Loss: 0.2449, Validation Set Manhattan Distance: 34.0, Mask Weight: 0.942
Epoch 368/20000, Train Loss: 0.2463, Validation Set Manhattan Distance: 28.0, Mask Weight: 0.942
Epoch 369/20000, Train Loss: 0.2484, Validation Set Manhattan Distance: 26.0, Mask Weight: 0.942
Epoch 370/20000, Train Loss: 0.2467, Validation Set Manhattan Distance: 34.0, Mask Weight: 0.942
Epoch 371/20000, Train Loss: 0.2467, Validation Set Manhattan Distance: 28.0, Mask Weight: 0.942
Epoch 372/20000, Train Loss: 0.2458, Validation Set Manhattan Distance: 28.0, Mask Weight: 0.942
Epoch 373/20000, Train Loss: 0.2471, Validation Set Manhattan Distance: 28.0, Mask Weight: 0.942
Epoch 374/20000, Train Loss: 0.2489, Validation Set Manhattan Distance: 28.0, Mask Weight: 0.942
Epoch 375/20000, Train Loss: 0.2459, Validation Set Manhattan Distance: 28.0, Mask Weight: 0.942
Epoch 376/20000, Train Loss: 0.2491, Validation Set Manhattan Distance: 28.0, Mask Weight: 0.942
Epoch 377/20000, Train Loss: 0.2466, Validation Set Manhattan Distance: 28.0, Mask Weight: 0.942
Epoch 378/20000, Train Loss: 0.2480, Validation Set Manhattan Distance: 28.0, Mask Weight: 0.942
Epoch 379/20000, Train Loss: 0.2494, Validation Set Manhattan Distance: 28.0, Mask Weight: 0.942
Epoch 380/20000, Train Loss: 0.2496, Validation Set Manhattan Distance: 28.0, Mask Weight: 0.942
Epoch 381/20000, Train Loss: 0.2495, Validation Set Manhattan Distance: 28.0, Mask Weight: 0.942
Epoch 382/20000, Train Loss: 0.2479, Validation Set Manhattan Distance: 28.0, Mask Weight: 0.942
Epoch 383/20000, Train Loss: 0.2513, Validation Set Manhattan Distance: 28.0, Mask Weight: 0.942
Epoch 384/20000, Train Loss: 0.2499, Validation Set Manhattan Distance: 28.0, Mask Weight: 0.942
Epoch 385/20000, Train Loss: 0.2495, Validation Set Manhattan Distance: 24.0, Mask Weight: 0.942
Epoch 386/20000, Train Loss: 0.2486, Validation Set Manhattan Distance: 22.0, Mask Weight: 0.942
Epoch 387/20000, Train Loss: 0.2494, Validation Set Manhattan Distance: 28.0, Mask Weight: 0.942
Epoch 388/20000, Train Loss: 0.2489, Validation Set Manhattan Distance: 28.0, Mask Weight: 0.942
Epoch 389/20000, Train Loss: 0.2484, Validation Set Manhattan Distance: 28.0, Mask Weight: 0.942
Epoch 390/20000, Train Loss: 0.2487, Validation Set Manhattan Distance: 28.0, Mask Weight: 0.942
Epoch 391/20000, Train Loss: 0.2482, Validation Set Manhattan Distance: 28.0, Mask Weight: 0.942
Epoch 392/20000, Train Loss: 0.2460, Validation Set Manhattan Distance: 28.0, Mask Weight: 0.942
Epoch 393/20000, Train Loss: 0.2471, Validation Set Manhattan Distance: 22.0, Mask Weight: 0.942
Epoch 394/20000, Train Loss: 0.2457, Validation Set Manhattan Distance: 28.0, Mask Weight: 0.942
Epoch 395/20000, Train Loss: 0.2458, Validation Set Manhattan Distance: 28.0, Mask Weight: 0.942
Epoch 396/20000, Train Loss: 0.2466, Validation Set Manhattan Distance: 28.0, Mask Weight: 0.942
Epoch 397/20000, Train Loss: 0.2455, Validation Set Manhattan Distance: 28.0, Mask Weight: 0.942
Epoch 398/20000, Train Loss: 0.2445, Validation Set Manhattan Distance: 28.0, Mask Weight: 0.942
Epoch 399/20000, Train Loss: 0.2454, Validation Set Manhattan Distance: 28.0, Mask Weight: 0.942
Epoch 400/20000, Train Loss: 0.2459, Validation Set Manhattan Distance: 28.0, Mask Weight: 0.942
Epoch 401/20000, Train Loss: 0.2470, Validation Set Manhattan Distance: 28.0, Mask Weight: 0.942
Epoch 402/20000, Train Loss: 0.2461, Validation Set Manhattan Distance: 22.0, Mask Weight: 0.942
Epoch 403/20000, Train Loss: 0.2461, Validation Set Manhattan Distance: 28.0, Mask Weight: 0.942
Epoch 404/20000, Train Loss: 0.2482, Validation Set Manhattan Distance: 24.0, Mask Weight: 0.942
Epoch 405/20000, Train Loss: 0.2459, Validation Set Manhattan Distance: 28.0, Mask Weight: 0.942
Epoch 406/20000, Train Loss: 0.2466, Validation Set Manhattan Distance: 28.0, Mask Weight: 0.942
Epoch 407/20000, Train Loss: 0.2452, Validation Set Manhattan Distance: 28.0, Mask Weight: 0.942
Epoch 408/20000, Train Loss: 0.2451, Validation Set Manhattan Distance: 28.0, Mask Weight: 0.942
Epoch 409/20000, Train Loss: 0.2463, Validation Set Manhattan Distance: 28.0, Mask Weight: 0.942
Epoch 410/20000, Train Loss: 0.2451, Validation Set Manhattan Distance: 28.0, Mask Weight: 0.942
Epoch 411/20000, Train Loss: 0.2453, Validation Set Manhattan Distance: 28.0, Mask Weight: 0.942
Epoch 412/20000, Train Loss: 0.2465, Validation Set Manhattan Distance: 28.0, Mask Weight: 0.942
Epoch 413/20000, Train Loss: 0.2453, Validation Set Manhattan Distance: 28.0, Mask Weight: 0.942
Epoch 414/20000, Train Loss: 0.2451, Validation Set Manhattan Distance: 28.0, Mask Weight: 0.942
Epoch 415/20000, Train Loss: 0.2467, Validation Set Manhattan Distance: 28.0, Mask Weight: 0.942
Epoch 416/20000, Train Loss: 0.2463, Validation Set Manhattan Distance: 28.0, Mask Weight: 0.942
Epoch 417/20000, Train Loss: 0.2458, Validation Set Manhattan Distance: 28.0, Mask Weight: 0.942
Epoch 418/20000, Train Loss: 0.2473, Validation Set Manhattan Distance: 22.0, Mask Weight: 0.942
Epoch 419/20000, Train Loss: 0.2455, Validation Set Manhattan Distance: 28.0, Mask Weight: 0.942
Epoch 420/20000, Train Loss: 0.2446, Validation Set Manhattan Distance: 28.0, Mask Weight: 0.942
Epoch 421/20000, Train Loss: 0.2472, Validation Set Manhattan Distance: 28.0, Mask Weight: 0.942
Epoch 422/20000, Train Loss: 0.2457, Validation Set Manhattan Distance: 28.0, Mask Weight: 0.942
Epoch 423/20000, Train Loss: 0.2458, Validation Set Manhattan Distance: 28.0, Mask Weight: 0.942
Epoch 424/20000, Train Loss: 0.2464, Validation Set Manhattan Distance: 22.0, Mask Weight: 0.942
Epoch 425/20000, Train Loss: 0.2456, Validation Set Manhattan Distance: 28.0, Mask Weight: 0.942
Epoch 426/20000, Train Loss: 0.2455, Validation Set Manhattan Distance: 28.0, Mask Weight: 0.942
Epoch 427/20000, Train Loss: 0.2477, Validation Set Manhattan Distance: 28.0, Mask Weight: 0.942
Epoch 428/20000, Train Loss: 0.2466, Validation Set Manhattan Distance: 28.0, Mask Weight: 0.942
Epoch 429/20000, Train Loss: 0.2469, Validation Set Manhattan Distance: 28.0, Mask Weight: 0.942
Epoch 430/20000, Train Loss: 0.2465, Validation Set Manhattan Distance: 28.0, Mask Weight: 0.942
Epoch 431/20000, Train Loss: 0.2464, Validation Set Manhattan Distance: 28.0, Mask Weight: 0.942
Epoch 432/20000, Train Loss: 0.2461, Validation Set Manhattan Distance: 28.0, Mask Weight: 0.942
Epoch 433/20000, Train Loss: 0.2481, Validation Set Manhattan Distance: 34.0, Mask Weight: 0.942
Epoch 434/20000, Train Loss: 0.2481, Validation Set Manhattan Distance: 28.0, Mask Weight: 0.942
Epoch 435/20000, Train Loss: 0.2487, Validation Set Manhattan Distance: 28.0, Mask Weight: 0.942
Epoch 436/20000, Train Loss: 0.2497, Validation Set Manhattan Distance: 28.0, Mask Weight: 0.942
Epoch 437/20000, Train Loss: 0.2480, Validation Set Manhattan Distance: 28.0, Mask Weight: 0.942
Epoch 438/20000, Train Loss: 0.2463, Validation Set Manhattan Distance: 30.0, Mask Weight: 0.942
Epoch 439/20000, Train Loss: 0.2474, Validation Set Manhattan Distance: 30.0, Mask Weight: 0.942
Epoch 440/20000, Train Loss: 0.2468, Validation Set Manhattan Distance: 30.0, Mask Weight: 0.942
Epoch 441/20000, Train Loss: 0.2468, Validation Set Manhattan Distance: 34.0, Mask Weight: 0.942
Epoch 442/20000, Train Loss: 0.2483, Validation Set Manhattan Distance: 28.0, Mask Weight: 0.942
Epoch 443/20000, Train Loss: 0.2473, Validation Set Manhattan Distance: 28.0, Mask Weight: 0.942
Epoch 444/20000, Train Loss: 0.2475, Validation Set Manhattan Distance: 34.0, Mask Weight: 0.942
Epoch 445/20000, Train Loss: 0.2471, Validation Set Manhattan Distance: 34.0, Mask Weight: 0.942
Epoch 446/20000, Train Loss: 0.2468, Validation Set Manhattan Distance: 34.0, Mask Weight: 0.942
Epoch 447/20000, Train Loss: 0.2471, Validation Set Manhattan Distance: 34.0, Mask Weight: 0.942
Epoch 448/20000, Train Loss: 0.2464, Validation Set Manhattan Distance: 28.0, Mask Weight: 0.942
Epoch 449/20000, Train Loss: 0.2459, Validation Set Manhattan Distance: 28.0, Mask Weight: 0.942
Epoch 450/20000, Train Loss: 0.2476, Validation Set Manhattan Distance: 28.0, Mask Weight: 0.942
Epoch 451/20000, Train Loss: 0.2456, Validation Set Manhattan Distance: 28.0, Mask Weight: 0.942
Epoch 452/20000, Train Loss: 0.2464, Validation Set Manhattan Distance: 28.0, Mask Weight: 0.942
Epoch 453/20000, Train Loss: 0.2454, Validation Set Manhattan Distance: 28.0, Mask Weight: 0.942
Epoch 454/20000, Train Loss: 0.2455, Validation Set Manhattan Distance: 28.0, Mask Weight: 0.942
Epoch 455/20000, Train Loss: 0.2470, Validation Set Manhattan Distance: 28.0, Mask Weight: 0.942
Epoch 456/20000, Train Loss: 0.2465, Validation Set Manhattan Distance: 28.0, Mask Weight: 0.942
Epoch 457/20000, Train Loss: 0.2461, Validation Set Manhattan Distance: 28.0, Mask Weight: 0.942
Epoch 458/20000, Train Loss: 0.2461, Validation Set Manhattan Distance: 28.0, Mask Weight: 0.942
Epoch 459/20000, Train Loss: 0.2492, Validation Set Manhattan Distance: 28.0, Mask Weight: 0.942
Epoch 460/20000, Train Loss: 0.2470, Validation Set Manhattan Distance: 28.0, Mask Weight: 0.942
Epoch 461/20000, Train Loss: 0.2495, Validation Set Manhattan Distance: 28.0, Mask Weight: 0.942
Epoch 462/20000, Train Loss: 0.2466, Validation Set Manhattan Distance: 28.0, Mask Weight: 0.942
Epoch 463/20000, Train Loss: 0.2494, Validation Set Manhattan Distance: 28.0, Mask Weight: 0.942
Epoch 464/20000, Train Loss: 0.2451, Validation Set Manhattan Distance: 28.0, Mask Weight: 0.942
Epoch 465/20000, Train Loss: 0.2458, Validation Set Manhattan Distance: 28.0, Mask Weight: 0.942
Epoch 466/20000, Train Loss: 0.2463, Validation Set Manhattan Distance: 28.0, Mask Weight: 0.942
Epoch 467/20000, Train Loss: 0.2471, Validation Set Manhattan Distance: 28.0, Mask Weight: 0.942
Epoch 468/20000, Train Loss: 0.2459, Validation Set Manhattan Distance: 28.0, Mask Weight: 0.942
Epoch 469/20000, Train Loss: 0.2464, Validation Set Manhattan Distance: 28.0, Mask Weight: 0.942
Epoch 470/20000, Train Loss: 0.2461, Validation Set Manhattan Distance: 28.0, Mask Weight: 0.942
Epoch 471/20000, Train Loss: 0.2456, Validation Set Manhattan Distance: 28.0, Mask Weight: 0.942
Epoch 472/20000, Train Loss: 0.2444, Validation Set Manhattan Distance: 28.0, Mask Weight: 0.942
Epoch 473/20000, Train Loss: 0.2452, Validation Set Manhattan Distance: 28.0, Mask Weight: 0.942
Epoch 474/20000, Train Loss: 0.2444, Validation Set Manhattan Distance: 28.0, Mask Weight: 0.942
Epoch 475/20000, Train Loss: 0.2442, Validation Set Manhattan Distance: 28.0, Mask Weight: 0.942
Epoch 476/20000, Train Loss: 0.2444, Validation Set Manhattan Distance: 28.0, Mask Weight: 0.942
Epoch 477/20000, Train Loss: 0.2447, Validation Set Manhattan Distance: 28.0, Mask Weight: 0.942
Epoch 478/20000, Train Loss: 0.2448, Validation Set Manhattan Distance: 28.0, Mask Weight: 0.942
Epoch 479/20000, Train Loss: 0.2445, Validation Set Manhattan Distance: 28.0, Mask Weight: 0.942
Epoch 480/20000, Train Loss: 0.2460, Validation Set Manhattan Distance: 28.0, Mask Weight: 0.942
Epoch 481/20000, Train Loss: 0.2445, Validation Set Manhattan Distance: 28.0, Mask Weight: 0.942
Epoch 482/20000, Train Loss: 0.2439, Validation Set Manhattan Distance: 28.0, Mask Weight: 0.942
Epoch 483/20000, Train Loss: 0.2471, Validation Set Manhattan Distance: 28.0, Mask Weight: 0.942
Epoch 484/20000, Train Loss: 0.2477, Validation Set Manhattan Distance: 24.0, Mask Weight: 0.942
Epoch 485/20000, Train Loss: 0.2460, Validation Set Manhattan Distance: 28.0, Mask Weight: 0.942
Epoch 486/20000, Train Loss: 0.2474, Validation Set Manhattan Distance: 28.0, Mask Weight: 0.942
Epoch 487/20000, Train Loss: 0.2457, Validation Set Manhattan Distance: 28.0, Mask Weight: 0.942
Epoch 488/20000, Train Loss: 0.2457, Validation Set Manhattan Distance: 28.0, Mask Weight: 0.942
Epoch 489/20000, Train Loss: 0.2462, Validation Set Manhattan Distance: 28.0, Mask Weight: 0.942
Epoch 490/20000, Train Loss: 0.2462, Validation Set Manhattan Distance: 28.0, Mask Weight: 0.942
Epoch 491/20000, Train Loss: 0.2472, Validation Set Manhattan Distance: 28.0, Mask Weight: 0.942
Epoch 492/20000, Train Loss: 0.2478, Validation Set Manhattan Distance: 28.0, Mask Weight: 0.942
Epoch 493/20000, Train Loss: 0.2478, Validation Set Manhattan Distance: 22.0, Mask Weight: 0.942
Epoch 494/20000, Train Loss: 0.2480, Validation Set Manhattan Distance: 28.0, Mask Weight: 0.942
Epoch 495/20000, Train Loss: 0.2494, Validation Set Manhattan Distance: 28.0, Mask Weight: 0.942
Epoch 496/20000, Train Loss: 0.2466, Validation Set Manhattan Distance: 28.0, Mask Weight: 0.942
Epoch 497/20000, Train Loss: 0.2485, Validation Set Manhattan Distance: 24.0, Mask Weight: 0.942
Epoch 498/20000, Train Loss: 0.2454, Validation Set Manhattan Distance: 24.0, Mask Weight: 0.942
Epoch 499/20000, Train Loss: 0.2446, Validation Set Manhattan Distance: 22.0, Mask Weight: 0.942
Epoch 500/20000, Train Loss: 0.2450, Validation Set Manhattan Distance: 22.0, Mask Weight: 0.942
Epoch 501/20000, Train Loss: 0.2482, Validation Set Manhattan Distance: 22.0, Mask Weight: 0.942
Epoch 502/20000, Train Loss: 0.2467, Validation Set Manhattan Distance: 24.0, Mask Weight: 0.942
Epoch 503/20000, Train Loss: 0.2453, Validation Set Manhattan Distance: 22.0, Mask Weight: 0.942
Epoch 504/20000, Train Loss: 0.2461, Validation Set Manhattan Distance: 22.0, Mask Weight: 0.942
Epoch 505/20000, Train Loss: 0.2446, Validation Set Manhattan Distance: 28.0, Mask Weight: 0.942
Epoch 506/20000, Train Loss: 0.2449, Validation Set Manhattan Distance: 28.0, Mask Weight: 0.942
Epoch 507/20000, Train Loss: 0.2484, Validation Set Manhattan Distance: 22.0, Mask Weight: 0.942
Epoch 508/20000, Train Loss: 0.2474, Validation Set Manhattan Distance: 24.0, Mask Weight: 0.942
Epoch 509/20000, Train Loss: 0.2472, Validation Set Manhattan Distance: 22.0, Mask Weight: 0.942
Epoch 510/20000, Train Loss: 0.2469, Validation Set Manhattan Distance: 24.0, Mask Weight: 0.942
Epoch 511/20000, Train Loss: 0.2472, Validation Set Manhattan Distance: 24.0, Mask Weight: 0.942
Epoch 512/20000, Train Loss: 0.2471, Validation Set Manhattan Distance: 24.0, Mask Weight: 0.942
Epoch 513/20000, Train Loss: 0.2459, Validation Set Manhattan Distance: 22.0, Mask Weight: 0.942
Epoch 514/20000, Train Loss: 0.2458, Validation Set Manhattan Distance: 22.0, Mask Weight: 0.942
Epoch 515/20000, Train Loss: 0.2460, Validation Set Manhattan Distance: 28.0, Mask Weight: 0.942
Epoch 516/20000, Train Loss: 0.2479, Validation Set Manhattan Distance: 22.0, Mask Weight: 0.942
Epoch 517/20000, Train Loss: 0.2457, Validation Set Manhattan Distance: 24.0, Mask Weight: 0.942
Epoch 518/20000, Train Loss: 0.2465, Validation Set Manhattan Distance: 24.0, Mask Weight: 0.942
Epoch 519/20000, Train Loss: 0.2462, Validation Set Manhattan Distance: 24.0, Mask Weight: 0.942
Epoch 520/20000, Train Loss: 0.2455, Validation Set Manhattan Distance: 22.0, Mask Weight: 0.942
Epoch 521/20000, Train Loss: 0.2443, Validation Set Manhattan Distance: 22.0, Mask Weight: 0.942
Epoch 522/20000, Train Loss: 0.2443, Validation Set Manhattan Distance: 22.0, Mask Weight: 0.942
Epoch 523/20000, Train Loss: 0.2454, Validation Set Manhattan Distance: 22.0, Mask Weight: 0.942
Epoch 524/20000, Train Loss: 0.2445, Validation Set Manhattan Distance: 22.0, Mask Weight: 0.942
Epoch 525/20000, Train Loss: 0.2459, Validation Set Manhattan Distance: 22.0, Mask Weight: 0.942
Epoch 526/20000, Train Loss: 0.2478, Validation Set Manhattan Distance: 22.0, Mask Weight: 0.942
Epoch 527/20000, Train Loss: 0.2461, Validation Set Manhattan Distance: 24.0, Mask Weight: 0.942
Epoch 528/20000, Train Loss: 0.2460, Validation Set Manhattan Distance: 22.0, Mask Weight: 0.942
Epoch 529/20000, Train Loss: 0.2464, Validation Set Manhattan Distance: 28.0, Mask Weight: 0.942
Epoch 530/20000, Train Loss: 0.2460, Validation Set Manhattan Distance: 28.0, Mask Weight: 0.942
Epoch 531/20000, Train Loss: 0.3136, Validation Set Manhattan Distance: 54.0, Mask Weight: 0.942
Epoch 532/20000, Train Loss: 1.0417, Validation Set Manhattan Distance: 106.0, Mask Weight: 0.942
Epoch 533/20000, Train Loss: 0.9187, Validation Set Manhattan Distance: 112.0, Mask Weight: 0.942
Epoch 534/20000, Train Loss: 0.7773, Validation Set Manhattan Distance: 112.0, Mask Weight: 0.942
Epoch 535/20000, Train Loss: 0.6988, Validation Set Manhattan Distance: 118.0, Mask Weight: 0.942
Epoch 536/20000, Train Loss: 0.5896, Validation Set Manhattan Distance: 132.0, Mask Weight: 0.942
Epoch 537/20000, Train Loss: 0.5702, Validation Set Manhattan Distance: 124.0, Mask Weight: 0.942
Epoch 538/20000, Train Loss: 0.5568, Validation Set Manhattan Distance: 126.0, Mask Weight: 0.942
Epoch 539/20000, Train Loss: 0.5551, Validation Set Manhattan Distance: 124.0, Mask Weight: 0.942
Epoch 540/20000, Train Loss: 0.5475, Validation Set Manhattan Distance: 132.0, Mask Weight: 0.942
Epoch 541/20000, Train Loss: 0.5420, Validation Set Manhattan Distance: 126.0, Mask Weight: 0.942
Epoch 542/20000, Train Loss: 0.5362, Validation Set Manhattan Distance: 130.0, Mask Weight: 0.942
Epoch 543/20000, Train Loss: 0.5299, Validation Set Manhattan Distance: 130.0, Mask Weight: 0.942
Epoch 544/20000, Train Loss: 0.5216, Validation Set Manhattan Distance: 126.0, Mask Weight: 0.942
Epoch 545/20000, Train Loss: 0.5120, Validation Set Manhattan Distance: 118.0, Mask Weight: 0.942
Epoch 546/20000, Train Loss: 0.4994, Validation Set Manhattan Distance: 108.0, Mask Weight: 0.942
Epoch 547/20000, Train Loss: 0.4813, Validation Set Manhattan Distance: 100.0, Mask Weight: 0.942
Epoch 548/20000, Train Loss: 0.4562, Validation Set Manhattan Distance: 90.0, Mask Weight: 0.942
Epoch 549/20000, Train Loss: 0.4247, Validation Set Manhattan Distance: 70.0, Mask Weight: 0.942
Epoch 550/20000, Train Loss: 0.3899, Validation Set Manhattan Distance: 60.0, Mask Weight: 0.942
Epoch 551/20000, Train Loss: 0.3840, Validation Set Manhattan Distance: 42.0, Mask Weight: 0.942
Epoch 552/20000, Train Loss: 0.3677, Validation Set Manhattan Distance: 28.0, Mask Weight: 0.942
Epoch 553/20000, Train Loss: 0.3476, Validation Set Manhattan Distance: 18.0, Mask Weight: 0.942
Epoch 554/20000, Train Loss: 0.3302, Validation Set Manhattan Distance: 18.0, Mask Weight: 0.942
Epoch 555/20000, Train Loss: 0.3119, Validation Set Manhattan Distance: 18.0, Mask Weight: 0.942
Epoch 556/20000, Train Loss: 0.2942, Validation Set Manhattan Distance: 18.0, Mask Weight: 0.942
Epoch 557/20000, Train Loss: 0.3018, Validation Set Manhattan Distance: 12.0, Mask Weight: 0.942
Epoch 558/20000, Train Loss: 0.3202, Validation Set Manhattan Distance: 12.0, Mask Weight: 0.942
Epoch 559/20000, Train Loss: 0.3186, Validation Set Manhattan Distance: 12.0, Mask Weight: 0.942
Epoch 560/20000, Train Loss: 0.2901, Validation Set Manhattan Distance: 12.0, Mask Weight: 0.942
Epoch 561/20000, Train Loss: 0.2799, Validation Set Manhattan Distance: 12.0, Mask Weight: 0.942
Epoch 562/20000, Train Loss: 0.2745, Validation Set Manhattan Distance: 12.0, Mask Weight: 0.942
Epoch 563/20000, Train Loss: 0.3021, Validation Set Manhattan Distance: 12.0, Mask Weight: 0.942
Epoch 564/20000, Train Loss: 0.4277, Validation Set Manhattan Distance: 12.0, Mask Weight: 0.942
Epoch 565/20000, Train Loss: 0.3952, Validation Set Manhattan Distance: 12.0, Mask Weight: 0.942
Epoch 566/20000, Train Loss: 0.3268, Validation Set Manhattan Distance: 12.0, Mask Weight: 0.942
Epoch 567/20000, Train Loss: 0.3226, Validation Set Manhattan Distance: 12.0, Mask Weight: 0.942
Epoch 568/20000, Train Loss: 0.3072, Validation Set Manhattan Distance: 12.0, Mask Weight: 0.942
Epoch 569/20000, Train Loss: 0.2935, Validation Set Manhattan Distance: 12.0, Mask Weight: 0.942
Epoch 570/20000, Train Loss: 0.2883, Validation Set Manhattan Distance: 12.0, Mask Weight: 0.942
Epoch 571/20000, Train Loss: 0.2757, Validation Set Manhattan Distance: 12.0, Mask Weight: 0.942
Epoch 572/20000, Train Loss: 0.2753, Validation Set Manhattan Distance: 12.0, Mask Weight: 0.942
Epoch 573/20000, Train Loss: 0.2687, Validation Set Manhattan Distance: 12.0, Mask Weight: 0.942
Epoch 574/20000, Train Loss: 0.2655, Validation Set Manhattan Distance: 12.0, Mask Weight: 0.942
Epoch 575/20000, Train Loss: 0.2588, Validation Set Manhattan Distance: 12.0, Mask Weight: 0.942
Epoch 576/20000, Train Loss: 0.2536, Validation Set Manhattan Distance: 12.0, Mask Weight: 0.942
Epoch 577/20000, Train Loss: 0.2530, Validation Set Manhattan Distance: 12.0, Mask Weight: 0.942
Epoch 578/20000, Train Loss: 0.2808, Validation Set Manhattan Distance: 12.0, Mask Weight: 0.942
Epoch 579/20000, Train Loss: 0.4074, Validation Set Manhattan Distance: 12.0, Mask Weight: 0.942
Epoch 580/20000, Train Loss: 0.4887, Validation Set Manhattan Distance: 12.0, Mask Weight: 0.942
Epoch 581/20000, Train Loss: 0.3252, Validation Set Manhattan Distance: 12.0, Mask Weight: 0.942
Epoch 582/20000, Train Loss: 0.3307, Validation Set Manhattan Distance: 12.0, Mask Weight: 0.942
Epoch 583/20000, Train Loss: 0.3115, Validation Set Manhattan Distance: 12.0, Mask Weight: 0.942
Epoch 584/20000, Train Loss: 0.3024, Validation Set Manhattan Distance: 12.0, Mask Weight: 0.942
Epoch 585/20000, Train Loss: 0.2920, Validation Set Manhattan Distance: 18.0, Mask Weight: 0.942
Epoch 586/20000, Train Loss: 0.2763, Validation Set Manhattan Distance: 18.0, Mask Weight: 0.942
Epoch 587/20000, Train Loss: 0.2679, Validation Set Manhattan Distance: 18.0, Mask Weight: 0.942
Epoch 588/20000, Train Loss: 0.2623, Validation Set Manhattan Distance: 18.0, Mask Weight: 0.942
Epoch 589/20000, Train Loss: 0.2552, Validation Set Manhattan Distance: 18.0, Mask Weight: 0.942
Epoch 590/20000, Train Loss: 0.2529, Validation Set Manhattan Distance: 12.0, Mask Weight: 0.942
Epoch 591/20000, Train Loss: 0.2534, Validation Set Manhattan Distance: 12.0, Mask Weight: 0.942
Epoch 592/20000, Train Loss: 0.2511, Validation Set Manhattan Distance: 12.0, Mask Weight: 0.942
Epoch 593/20000, Train Loss: 0.2506, Validation Set Manhattan Distance: 12.0, Mask Weight: 0.942
Epoch 594/20000, Train Loss: 0.2511, Validation Set Manhattan Distance: 12.0, Mask Weight: 0.942
Epoch 595/20000, Train Loss: 0.2481, Validation Set Manhattan Distance: 12.0, Mask Weight: 0.942
Epoch 596/20000, Train Loss: 0.2487, Validation Set Manhattan Distance: 12.0, Mask Weight: 0.942
Epoch 597/20000, Train Loss: 0.2512, Validation Set Manhattan Distance: 12.0, Mask Weight: 0.942
Epoch 598/20000, Train Loss: 0.2494, Validation Set Manhattan Distance: 12.0, Mask Weight: 0.942
Epoch 599/20000, Train Loss: 0.2480, Validation Set Manhattan Distance: 12.0, Mask Weight: 0.942
Epoch 600/20000, Train Loss: 0.2487, Validation Set Manhattan Distance: 12.0, Mask Weight: 0.942
Epoch 601/20000, Train Loss: 0.2480, Validation Set Manhattan Distance: 12.0, Mask Weight: 0.942
Epoch 602/20000, Train Loss: 0.2481, Validation Set Manhattan Distance: 12.0, Mask Weight: 0.942
Epoch 603/20000, Train Loss: 0.2547, Validation Set Manhattan Distance: 12.0, Mask Weight: 0.942
Epoch 604/20000, Train Loss: 0.3461, Validation Set Manhattan Distance: 12.0, Mask Weight: 0.942
Epoch 605/20000, Train Loss: 0.3258, Validation Set Manhattan Distance: 12.0, Mask Weight: 0.942
Epoch 606/20000, Train Loss: 0.2938, Validation Set Manhattan Distance: 12.0, Mask Weight: 0.942
Epoch 607/20000, Train Loss: 0.2721, Validation Set Manhattan Distance: 12.0, Mask Weight: 0.942
Epoch 608/20000, Train Loss: 0.2611, Validation Set Manhattan Distance: 12.0, Mask Weight: 0.942
Epoch 609/20000, Train Loss: 0.2603, Validation Set Manhattan Distance: 12.0, Mask Weight: 0.942
Epoch 610/20000, Train Loss: 0.2569, Validation Set Manhattan Distance: 12.0, Mask Weight: 0.942
Epoch 611/20000, Train Loss: 0.2542, Validation Set Manhattan Distance: 18.0, Mask Weight: 0.942
Epoch 612/20000, Train Loss: 0.2523, Validation Set Manhattan Distance: 18.0, Mask Weight: 0.942
Epoch 613/20000, Train Loss: 0.2495, Validation Set Manhattan Distance: 12.0, Mask Weight: 0.942
Epoch 614/20000, Train Loss: 0.2499, Validation Set Manhattan Distance: 18.0, Mask Weight: 0.942
Epoch 615/20000, Train Loss: 0.2497, Validation Set Manhattan Distance: 18.0, Mask Weight: 0.942
Epoch 616/20000, Train Loss: 0.2506, Validation Set Manhattan Distance: 12.0, Mask Weight: 0.942
Epoch 617/20000, Train Loss: 0.2494, Validation Set Manhattan Distance: 18.0, Mask Weight: 0.942
Epoch 618/20000, Train Loss: 0.2491, Validation Set Manhattan Distance: 12.0, Mask Weight: 0.942
Epoch 619/20000, Train Loss: 0.2490, Validation Set Manhattan Distance: 12.0, Mask Weight: 0.942
Epoch 620/20000, Train Loss: 0.2481, Validation Set Manhattan Distance: 18.0, Mask Weight: 0.942
Epoch 621/20000, Train Loss: 0.2477, Validation Set Manhattan Distance: 18.0, Mask Weight: 0.942
Epoch 622/20000, Train Loss: 0.2466, Validation Set Manhattan Distance: 18.0, Mask Weight: 0.942
Epoch 623/20000, Train Loss: 0.2472, Validation Set Manhattan Distance: 18.0, Mask Weight: 0.942
Epoch 624/20000, Train Loss: 0.2458, Validation Set Manhattan Distance: 18.0, Mask Weight: 0.942
Epoch 625/20000, Train Loss: 0.2465, Validation Set Manhattan Distance: 18.0, Mask Weight: 0.942
Epoch 626/20000, Train Loss: 0.2456, Validation Set Manhattan Distance: 18.0, Mask Weight: 0.942
Epoch 627/20000, Train Loss: 0.2484, Validation Set Manhattan Distance: 18.0, Mask Weight: 0.942
Epoch 628/20000, Train Loss: 0.2470, Validation Set Manhattan Distance: 18.0, Mask Weight: 0.942
Epoch 629/20000, Train Loss: 0.2461, Validation Set Manhattan Distance: 18.0, Mask Weight: 0.942
Epoch 630/20000, Train Loss: 0.2481, Validation Set Manhattan Distance: 18.0, Mask Weight: 0.942
Epoch 631/20000, Train Loss: 0.2475, Validation Set Manhattan Distance: 18.0, Mask Weight: 0.942
Epoch 632/20000, Train Loss: 0.2468, Validation Set Manhattan Distance: 18.0, Mask Weight: 0.942
Epoch 633/20000, Train Loss: 0.2467, Validation Set Manhattan Distance: 18.0, Mask Weight: 0.942
Epoch 634/20000, Train Loss: 0.2506, Validation Set Manhattan Distance: 18.0, Mask Weight: 0.942
Epoch 635/20000, Train Loss: 0.2497, Validation Set Manhattan Distance: 18.0, Mask Weight: 0.942
Epoch 636/20000, Train Loss: 0.2492, Validation Set Manhattan Distance: 18.0, Mask Weight: 0.942
Epoch 637/20000, Train Loss: 0.2483, Validation Set Manhattan Distance: 18.0, Mask Weight: 0.942
Epoch 638/20000, Train Loss: 0.2486, Validation Set Manhattan Distance: 18.0, Mask Weight: 0.942
Epoch 639/20000, Train Loss: 0.2484, Validation Set Manhattan Distance: 18.0, Mask Weight: 0.942
Epoch 640/20000, Train Loss: 0.2488, Validation Set Manhattan Distance: 18.0, Mask Weight: 0.942
Epoch 641/20000, Train Loss: 0.2462, Validation Set Manhattan Distance: 12.0, Mask Weight: 0.942
Epoch 642/20000, Train Loss: 0.2454, Validation Set Manhattan Distance: 12.0, Mask Weight: 0.942
Epoch 643/20000, Train Loss: 0.2457, Validation Set Manhattan Distance: 12.0, Mask Weight: 0.942
Epoch 644/20000, Train Loss: 0.2467, Validation Set Manhattan Distance: 12.0, Mask Weight: 0.942
Epoch 645/20000, Train Loss: 0.2469, Validation Set Manhattan Distance: 12.0, Mask Weight: 0.942
Epoch 646/20000, Train Loss: 0.2472, Validation Set Manhattan Distance: 12.0, Mask Weight: 0.942
Epoch 647/20000, Train Loss: 0.2471, Validation Set Manhattan Distance: 12.0, Mask Weight: 0.942
Epoch 648/20000, Train Loss: 0.2451, Validation Set Manhattan Distance: 12.0, Mask Weight: 0.942
Epoch 649/20000, Train Loss: 0.2466, Validation Set Manhattan Distance: 12.0, Mask Weight: 0.942
Epoch 650/20000, Train Loss: 0.2446, Validation Set Manhattan Distance: 12.0, Mask Weight: 0.942
Epoch 651/20000, Train Loss: 0.2480, Validation Set Manhattan Distance: 12.0, Mask Weight: 0.942
Epoch 652/20000, Train Loss: 0.2457, Validation Set Manhattan Distance: 12.0, Mask Weight: 0.942
Epoch 653/20000, Train Loss: 0.2455, Validation Set Manhattan Distance: 12.0, Mask Weight: 0.942
Epoch 654/20000, Train Loss: 0.2454, Validation Set Manhattan Distance: 12.0, Mask Weight: 0.942
Epoch 655/20000, Train Loss: 0.2457, Validation Set Manhattan Distance: 12.0, Mask Weight: 0.942
Epoch 656/20000, Train Loss: 0.2445, Validation Set Manhattan Distance: 12.0, Mask Weight: 0.942
Epoch 657/20000, Train Loss: 0.2455, Validation Set Manhattan Distance: 12.0, Mask Weight: 0.942
Epoch 658/20000, Train Loss: 0.2448, Validation Set Manhattan Distance: 12.0, Mask Weight: 0.942
Epoch 659/20000, Train Loss: 0.2451, Validation Set Manhattan Distance: 12.0, Mask Weight: 0.942
Epoch 660/20000, Train Loss: 0.2451, Validation Set Manhattan Distance: 12.0, Mask Weight: 0.942
Epoch 661/20000, Train Loss: 0.2453, Validation Set Manhattan Distance: 12.0, Mask Weight: 0.942
Epoch 662/20000, Train Loss: 0.2464, Validation Set Manhattan Distance: 12.0, Mask Weight: 0.942
Epoch 663/20000, Train Loss: 0.2445, Validation Set Manhattan Distance: 12.0, Mask Weight: 0.942
Epoch 664/20000, Train Loss: 0.2449, Validation Set Manhattan Distance: 12.0, Mask Weight: 0.942
Epoch 665/20000, Train Loss: 0.2450, Validation Set Manhattan Distance: 12.0, Mask Weight: 0.942
Epoch 666/20000, Train Loss: 0.2454, Validation Set Manhattan Distance: 12.0, Mask Weight: 0.942
Epoch 667/20000, Train Loss: 0.2449, Validation Set Manhattan Distance: 12.0, Mask Weight: 0.942
Epoch 668/20000, Train Loss: 0.2448, Validation Set Manhattan Distance: 12.0, Mask Weight: 0.942
Epoch 669/20000, Train Loss: 0.2437, Validation Set Manhattan Distance: 12.0, Mask Weight: 0.942
Epoch 670/20000, Train Loss: 0.2446, Validation Set Manhattan Distance: 12.0, Mask Weight: 0.942
Epoch 671/20000, Train Loss: 0.2458, Validation Set Manhattan Distance: 12.0, Mask Weight: 0.942
Epoch 672/20000, Train Loss: 0.2451, Validation Set Manhattan Distance: 12.0, Mask Weight: 0.942
Epoch 673/20000, Train Loss: 0.2451, Validation Set Manhattan Distance: 12.0, Mask Weight: 0.942
Epoch 674/20000, Train Loss: 0.2456, Validation Set Manhattan Distance: 12.0, Mask Weight: 0.942
Epoch 675/20000, Train Loss: 0.2484, Validation Set Manhattan Distance: 12.0, Mask Weight: 0.942
Epoch 676/20000, Train Loss: 0.4255, Validation Set Manhattan Distance: 12.0, Mask Weight: 0.942
Epoch 677/20000, Train Loss: 0.3160, Validation Set Manhattan Distance: 12.0, Mask Weight: 0.942
Epoch 678/20000, Train Loss: 0.2924, Validation Set Manhattan Distance: 12.0, Mask Weight: 0.942
Epoch 679/20000, Train Loss: 0.2788, Validation Set Manhattan Distance: 12.0, Mask Weight: 0.942
Epoch 680/20000, Train Loss: 0.2855, Validation Set Manhattan Distance: 12.0, Mask Weight: 0.942
Epoch 681/20000, Train Loss: 0.2767, Validation Set Manhattan Distance: 12.0, Mask Weight: 0.942
Epoch 682/20000, Train Loss: 0.2676, Validation Set Manhattan Distance: 12.0, Mask Weight: 0.942
Epoch 683/20000, Train Loss: 0.2649, Validation Set Manhattan Distance: 12.0, Mask Weight: 0.942
Epoch 684/20000, Train Loss: 0.2546, Validation Set Manhattan Distance: 12.0, Mask Weight: 0.942
Epoch 685/20000, Train Loss: 0.2521, Validation Set Manhattan Distance: 12.0, Mask Weight: 0.942
Epoch 686/20000, Train Loss: 0.2541, Validation Set Manhattan Distance: 12.0, Mask Weight: 0.942
Epoch 687/20000, Train Loss: 0.2535, Validation Set Manhattan Distance: 12.0, Mask Weight: 0.942
Epoch 688/20000, Train Loss: 0.2539, Validation Set Manhattan Distance: 12.0, Mask Weight: 0.942
Epoch 689/20000, Train Loss: 0.2655, Validation Set Manhattan Distance: 12.0, Mask Weight: 0.942
Epoch 690/20000, Train Loss: 0.2536, Validation Set Manhattan Distance: 12.0, Mask Weight: 0.942
Epoch 691/20000, Train Loss: 0.2650, Validation Set Manhattan Distance: 18.0, Mask Weight: 0.942
Epoch 692/20000, Train Loss: 0.3042, Validation Set Manhattan Distance: 12.0, Mask Weight: 0.942
Epoch 693/20000, Train Loss: 0.2556, Validation Set Manhattan Distance: 12.0, Mask Weight: 0.942
Epoch 694/20000, Train Loss: 0.2537, Validation Set Manhattan Distance: 12.0, Mask Weight: 0.942
Epoch 695/20000, Train Loss: 0.2606, Validation Set Manhattan Distance: 12.0, Mask Weight: 0.942
Epoch 696/20000, Train Loss: 0.2524, Validation Set Manhattan Distance: 12.0, Mask Weight: 0.942
Epoch 697/20000, Train Loss: 0.2529, Validation Set Manhattan Distance: 12.0, Mask Weight: 0.942
Epoch 698/20000, Train Loss: 0.2479, Validation Set Manhattan Distance: 18.0, Mask Weight: 0.942
Epoch 699/20000, Train Loss: 0.2475, Validation Set Manhattan Distance: 18.0, Mask Weight: 0.942
Epoch 700/20000, Train Loss: 0.2464, Validation Set Manhattan Distance: 18.0, Mask Weight: 0.942
Epoch 701/20000, Train Loss: 0.2473, Validation Set Manhattan Distance: 12.0, Mask Weight: 0.942
Epoch 702/20000, Train Loss: 0.2469, Validation Set Manhattan Distance: 12.0, Mask Weight: 0.942
Epoch 703/20000, Train Loss: 0.2453, Validation Set Manhattan Distance: 12.0, Mask Weight: 0.942
Epoch 704/20000, Train Loss: 0.2471, Validation Set Manhattan Distance: 12.0, Mask Weight: 0.942
Epoch 705/20000, Train Loss: 0.2447, Validation Set Manhattan Distance: 12.0, Mask Weight: 0.942
Epoch 706/20000, Train Loss: 0.2470, Validation Set Manhattan Distance: 12.0, Mask Weight: 0.942
Epoch 707/20000, Train Loss: 0.2462, Validation Set Manhattan Distance: 12.0, Mask Weight: 0.942
Epoch 708/20000, Train Loss: 0.2457, Validation Set Manhattan Distance: 12.0, Mask Weight: 0.942
Epoch 709/20000, Train Loss: 0.2466, Validation Set Manhattan Distance: 12.0, Mask Weight: 0.942
Epoch 710/20000, Train Loss: 0.2460, Validation Set Manhattan Distance: 12.0, Mask Weight: 0.942
Epoch 711/20000, Train Loss: 0.2470, Validation Set Manhattan Distance: 12.0, Mask Weight: 0.942
Epoch 712/20000, Train Loss: 0.2449, Validation Set Manhattan Distance: 12.0, Mask Weight: 0.942
Epoch 713/20000, Train Loss: 0.2447, Validation Set Manhattan Distance: 12.0, Mask Weight: 0.942
Epoch 714/20000, Train Loss: 0.2455, Validation Set Manhattan Distance: 12.0, Mask Weight: 0.942
Epoch 715/20000, Train Loss: 0.2467, Validation Set Manhattan Distance: 12.0, Mask Weight: 0.942
Epoch 716/20000, Train Loss: 0.2462, Validation Set Manhattan Distance: 12.0, Mask Weight: 0.942
Epoch 717/20000, Train Loss: 0.2457, Validation Set Manhattan Distance: 12.0, Mask Weight: 0.942
Epoch 718/20000, Train Loss: 0.2448, Validation Set Manhattan Distance: 12.0, Mask Weight: 0.942
Epoch 719/20000, Train Loss: 0.2455, Validation Set Manhattan Distance: 12.0, Mask Weight: 0.942
Epoch 720/20000, Train Loss: 0.2450, Validation Set Manhattan Distance: 12.0, Mask Weight: 0.942
Epoch 721/20000, Train Loss: 0.2448, Validation Set Manhattan Distance: 12.0, Mask Weight: 0.942
Epoch 722/20000, Train Loss: 0.2450, Validation Set Manhattan Distance: 12.0, Mask Weight: 0.942
Epoch 723/20000, Train Loss: 0.2451, Validation Set Manhattan Distance: 12.0, Mask Weight: 0.942
Epoch 724/20000, Train Loss: 0.2455, Validation Set Manhattan Distance: 12.0, Mask Weight: 0.942
Epoch 725/20000, Train Loss: 0.2463, Validation Set Manhattan Distance: 12.0, Mask Weight: 0.942
Epoch 726/20000, Train Loss: 0.2455, Validation Set Manhattan Distance: 12.0, Mask Weight: 0.942
Epoch 727/20000, Train Loss: 0.2452, Validation Set Manhattan Distance: 12.0, Mask Weight: 0.942
Epoch 728/20000, Train Loss: 0.2461, Validation Set Manhattan Distance: 12.0, Mask Weight: 0.942
Epoch 729/20000, Train Loss: 0.2458, Validation Set Manhattan Distance: 12.0, Mask Weight: 0.942
Epoch 730/20000, Train Loss: 0.2467, Validation Set Manhattan Distance: 12.0, Mask Weight: 0.942
Epoch 731/20000, Train Loss: 0.2453, Validation Set Manhattan Distance: 12.0, Mask Weight: 0.942
Epoch 732/20000, Train Loss: 0.2459, Validation Set Manhattan Distance: 12.0, Mask Weight: 0.942
Epoch 733/20000, Train Loss: 0.2456, Validation Set Manhattan Distance: 12.0, Mask Weight: 0.942
Epoch 734/20000, Train Loss: 0.2469, Validation Set Manhattan Distance: 12.0, Mask Weight: 0.942
Epoch 735/20000, Train Loss: 0.2461, Validation Set Manhattan Distance: 12.0, Mask Weight: 0.942
Epoch 736/20000, Train Loss: 0.2452, Validation Set Manhattan Distance: 12.0, Mask Weight: 0.942
Epoch 737/20000, Train Loss: 0.2451, Validation Set Manhattan Distance: 12.0, Mask Weight: 0.942
Epoch 738/20000, Train Loss: 0.2451, Validation Set Manhattan Distance: 12.0, Mask Weight: 0.942
Epoch 739/20000, Train Loss: 0.2457, Validation Set Manhattan Distance: 12.0, Mask Weight: 0.942
Epoch 740/20000, Train Loss: 0.2458, Validation Set Manhattan Distance: 12.0, Mask Weight: 0.942
Epoch 741/20000, Train Loss: 0.2472, Validation Set Manhattan Distance: 12.0, Mask Weight: 0.942
Epoch 742/20000, Train Loss: 0.2460, Validation Set Manhattan Distance: 12.0, Mask Weight: 0.942
Epoch 743/20000, Train Loss: 0.2465, Validation Set Manhattan Distance: 12.0, Mask Weight: 0.942
Epoch 744/20000, Train Loss: 0.2473, Validation Set Manhattan Distance: 12.0, Mask Weight: 0.942
Epoch 745/20000, Train Loss: 0.2478, Validation Set Manhattan Distance: 12.0, Mask Weight: 0.942
Epoch 746/20000, Train Loss: 0.2458, Validation Set Manhattan Distance: 12.0, Mask Weight: 0.942
Epoch 747/20000, Train Loss: 0.2457, Validation Set Manhattan Distance: 12.0, Mask Weight: 0.942
Epoch 748/20000, Train Loss: 0.2481, Validation Set Manhattan Distance: 12.0, Mask Weight: 0.942
Epoch 749/20000, Train Loss: 0.2459, Validation Set Manhattan Distance: 12.0, Mask Weight: 0.942
Epoch 750/20000, Train Loss: 0.2437, Validation Set Manhattan Distance: 12.0, Mask Weight: 0.942
Epoch 751/20000, Train Loss: 0.2452, Validation Set Manhattan Distance: 12.0, Mask Weight: 0.942
Epoch 752/20000, Train Loss: 0.2444, Validation Set Manhattan Distance: 12.0, Mask Weight: 0.942
Epoch 753/20000, Train Loss: 0.2449, Validation Set Manhattan Distance: 12.0, Mask Weight: 0.942
Epoch 754/20000, Train Loss: 0.2451, Validation Set Manhattan Distance: 12.0, Mask Weight: 0.942
Epoch 755/20000, Train Loss: 0.2446, Validation Set Manhattan Distance: 12.0, Mask Weight: 0.942
Epoch 756/20000, Train Loss: 0.2441, Validation Set Manhattan Distance: 12.0, Mask Weight: 0.942
Epoch 757/20000, Train Loss: 0.2438, Validation Set Manhattan Distance: 12.0, Mask Weight: 0.942
Epoch 758/20000, Train Loss: 0.2445, Validation Set Manhattan Distance: 12.0, Mask Weight: 0.942
Epoch 759/20000, Train Loss: 0.2448, Validation Set Manhattan Distance: 12.0, Mask Weight: 0.942
Epoch 760/20000, Train Loss: 0.2445, Validation Set Manhattan Distance: 12.0, Mask Weight: 0.942
Epoch 761/20000, Train Loss: 0.2443, Validation Set Manhattan Distance: 12.0, Mask Weight: 0.942
Epoch 762/20000, Train Loss: 0.2448, Validation Set Manhattan Distance: 12.0, Mask Weight: 0.942
Epoch 763/20000, Train Loss: 0.2450, Validation Set Manhattan Distance: 12.0, Mask Weight: 0.942
Epoch 764/20000, Train Loss: 0.2461, Validation Set Manhattan Distance: 12.0, Mask Weight: 0.942
Epoch 765/20000, Train Loss: 0.2444, Validation Set Manhattan Distance: 12.0, Mask Weight: 0.942
Epoch 766/20000, Train Loss: 0.2454, Validation Set Manhattan Distance: 12.0, Mask Weight: 0.942
Epoch 767/20000, Train Loss: 0.2455, Validation Set Manhattan Distance: 12.0, Mask Weight: 0.942
Epoch 768/20000, Train Loss: 0.2468, Validation Set Manhattan Distance: 12.0, Mask Weight: 0.942
Epoch 769/20000, Train Loss: 0.2460, Validation Set Manhattan Distance: 12.0, Mask Weight: 0.942
Epoch 770/20000, Train Loss: 0.2456, Validation Set Manhattan Distance: 12.0, Mask Weight: 0.942
Epoch 771/20000, Train Loss: 0.2468, Validation Set Manhattan Distance: 12.0, Mask Weight: 0.942
Epoch 772/20000, Train Loss: 0.2467, Validation Set Manhattan Distance: 12.0, Mask Weight: 0.942
Epoch 773/20000, Train Loss: 0.2464, Validation Set Manhattan Distance: 12.0, Mask Weight: 0.942
Epoch 774/20000, Train Loss: 0.2460, Validation Set Manhattan Distance: 12.0, Mask Weight: 0.942
Epoch 775/20000, Train Loss: 0.2455, Validation Set Manhattan Distance: 12.0, Mask Weight: 0.942
Epoch 776/20000, Train Loss: 0.2452, Validation Set Manhattan Distance: 12.0, Mask Weight: 0.942
Epoch 777/20000, Train Loss: 0.2457, Validation Set Manhattan Distance: 12.0, Mask Weight: 0.942
Epoch 778/20000, Train Loss: 0.2462, Validation Set Manhattan Distance: 12.0, Mask Weight: 0.942
Epoch 779/20000, Train Loss: 0.2452, Validation Set Manhattan Distance: 12.0, Mask Weight: 0.942
Epoch 780/20000, Train Loss: 0.2447, Validation Set Manhattan Distance: 12.0, Mask Weight: 0.942
Epoch 781/20000, Train Loss: 0.2460, Validation Set Manhattan Distance: 12.0, Mask Weight: 0.942
Epoch 782/20000, Train Loss: 0.2449, Validation Set Manhattan Distance: 12.0, Mask Weight: 0.942
Epoch 783/20000, Train Loss: 0.2454, Validation Set Manhattan Distance: 12.0, Mask Weight: 0.942
Epoch 784/20000, Train Loss: 0.2459, Validation Set Manhattan Distance: 12.0, Mask Weight: 0.942
Epoch 785/20000, Train Loss: 0.2460, Validation Set Manhattan Distance: 12.0, Mask Weight: 0.942
Epoch 786/20000, Train Loss: 0.2464, Validation Set Manhattan Distance: 12.0, Mask Weight: 0.942
Epoch 787/20000, Train Loss: 0.2457, Validation Set Manhattan Distance: 12.0, Mask Weight: 0.942
Epoch 788/20000, Train Loss: 0.2443, Validation Set Manhattan Distance: 12.0, Mask Weight: 0.942
Epoch 789/20000, Train Loss: 0.2471, Validation Set Manhattan Distance: 12.0, Mask Weight: 0.942
Epoch 790/20000, Train Loss: 0.2448, Validation Set Manhattan Distance: 12.0, Mask Weight: 0.942
Epoch 791/20000, Train Loss: 0.2455, Validation Set Manhattan Distance: 12.0, Mask Weight: 0.942
Epoch 792/20000, Train Loss: 0.2453, Validation Set Manhattan Distance: 12.0, Mask Weight: 0.942
Epoch 793/20000, Train Loss: 0.2452, Validation Set Manhattan Distance: 12.0, Mask Weight: 0.942
Epoch 794/20000, Train Loss: 0.2463, Validation Set Manhattan Distance: 12.0, Mask Weight: 0.942
Epoch 795/20000, Train Loss: 0.2470, Validation Set Manhattan Distance: 12.0, Mask Weight: 0.942
Epoch 796/20000, Train Loss: 0.2456, Validation Set Manhattan Distance: 12.0, Mask Weight: 0.942
Epoch 797/20000, Train Loss: 0.2447, Validation Set Manhattan Distance: 12.0, Mask Weight: 0.942
Epoch 798/20000, Train Loss: 0.2436, Validation Set Manhattan Distance: 12.0, Mask Weight: 0.942
Epoch 799/20000, Train Loss: 0.2447, Validation Set Manhattan Distance: 12.0, Mask Weight: 0.942
Epoch 800/20000, Train Loss: 0.2459, Validation Set Manhattan Distance: 12.0, Mask Weight: 0.942
Epoch 801/20000, Train Loss: 0.2432, Validation Set Manhattan Distance: 12.0, Mask Weight: 0.942
Epoch 802/20000, Train Loss: 0.2441, Validation Set Manhattan Distance: 12.0, Mask Weight: 0.942
Epoch 803/20000, Train Loss: 0.2448, Validation Set Manhattan Distance: 12.0, Mask Weight: 0.942
Epoch 804/20000, Train Loss: 0.2455, Validation Set Manhattan Distance: 12.0, Mask Weight: 0.942
Epoch 805/20000, Train Loss: 0.2438, Validation Set Manhattan Distance: 12.0, Mask Weight: 0.942
Epoch 806/20000, Train Loss: 0.2454, Validation Set Manhattan Distance: 12.0, Mask Weight: 0.942
Epoch 807/20000, Train Loss: 0.2445, Validation Set Manhattan Distance: 12.0, Mask Weight: 0.942
Epoch 808/20000, Train Loss: 0.2445, Validation Set Manhattan Distance: 12.0, Mask Weight: 0.942
Epoch 809/20000, Train Loss: 0.2453, Validation Set Manhattan Distance: 12.0, Mask Weight: 0.942
Epoch 810/20000, Train Loss: 0.2446, Validation Set Manhattan Distance: 12.0, Mask Weight: 0.942
Epoch 811/20000, Train Loss: 0.2446, Validation Set Manhattan Distance: 12.0, Mask Weight: 0.942
Epoch 812/20000, Train Loss: 0.2443, Validation Set Manhattan Distance: 12.0, Mask Weight: 0.942
Epoch 813/20000, Train Loss: 0.2438, Validation Set Manhattan Distance: 12.0, Mask Weight: 0.942
Epoch 814/20000, Train Loss: 0.2435, Validation Set Manhattan Distance: 12.0, Mask Weight: 0.942
Epoch 815/20000, Train Loss: 0.2456, Validation Set Manhattan Distance: 12.0, Mask Weight: 0.942
Epoch 816/20000, Train Loss: 0.2442, Validation Set Manhattan Distance: 12.0, Mask Weight: 0.942
Epoch 817/20000, Train Loss: 0.2434, Validation Set Manhattan Distance: 12.0, Mask Weight: 0.942
Epoch 818/20000, Train Loss: 0.2443, Validation Set Manhattan Distance: 12.0, Mask Weight: 0.942
Epoch 819/20000, Train Loss: 0.2444, Validation Set Manhattan Distance: 12.0, Mask Weight: 0.942
Epoch 820/20000, Train Loss: 0.2452, Validation Set Manhattan Distance: 12.0, Mask Weight: 0.942
Epoch 821/20000, Train Loss: 0.2436, Validation Set Manhattan Distance: 12.0, Mask Weight: 0.942
Epoch 822/20000, Train Loss: 0.2441, Validation Set Manhattan Distance: 12.0, Mask Weight: 0.942
Epoch 823/20000, Train Loss: 0.2451, Validation Set Manhattan Distance: 12.0, Mask Weight: 0.942
Epoch 824/20000, Train Loss: 0.2453, Validation Set Manhattan Distance: 12.0, Mask Weight: 0.942
Epoch 825/20000, Train Loss: 0.2452, Validation Set Manhattan Distance: 12.0, Mask Weight: 0.942
Epoch 826/20000, Train Loss: 0.2445, Validation Set Manhattan Distance: 12.0, Mask Weight: 0.942
Epoch 827/20000, Train Loss: 0.2457, Validation Set Manhattan Distance: 12.0, Mask Weight: 0.942
Epoch 828/20000, Train Loss: 0.2438, Validation Set Manhattan Distance: 12.0, Mask Weight: 0.942
Epoch 829/20000, Train Loss: 0.2448, Validation Set Manhattan Distance: 12.0, Mask Weight: 0.942
Epoch 830/20000, Train Loss: 0.2453, Validation Set Manhattan Distance: 12.0, Mask Weight: 0.942
Epoch 831/20000, Train Loss: 0.2453, Validation Set Manhattan Distance: 12.0, Mask Weight: 0.942
Epoch 832/20000, Train Loss: 0.2448, Validation Set Manhattan Distance: 12.0, Mask Weight: 0.942
Epoch 833/20000, Train Loss: 0.2438, Validation Set Manhattan Distance: 12.0, Mask Weight: 0.942
Epoch 834/20000, Train Loss: 0.2446, Validation Set Manhattan Distance: 12.0, Mask Weight: 0.942
Epoch 835/20000, Train Loss: 0.2437, Validation Set Manhattan Distance: 12.0, Mask Weight: 0.942
Epoch 836/20000, Train Loss: 0.2443, Validation Set Manhattan Distance: 12.0, Mask Weight: 0.942
Epoch 837/20000, Train Loss: 0.2451, Validation Set Manhattan Distance: 12.0, Mask Weight: 0.942
Epoch 838/20000, Train Loss: 0.2437, Validation Set Manhattan Distance: 12.0, Mask Weight: 0.942
Epoch 839/20000, Train Loss: 0.2454, Validation Set Manhattan Distance: 12.0, Mask Weight: 0.942
Epoch 840/20000, Train Loss: 0.2442, Validation Set Manhattan Distance: 12.0, Mask Weight: 0.942
Epoch 841/20000, Train Loss: 0.2454, Validation Set Manhattan Distance: 12.0, Mask Weight: 0.942
Epoch 842/20000, Train Loss: 0.2442, Validation Set Manhattan Distance: 12.0, Mask Weight: 0.942
Epoch 843/20000, Train Loss: 0.2445, Validation Set Manhattan Distance: 12.0, Mask Weight: 0.942
Epoch 844/20000, Train Loss: 0.2440, Validation Set Manhattan Distance: 12.0, Mask Weight: 0.942
Epoch 845/20000, Train Loss: 0.2438, Validation Set Manhattan Distance: 12.0, Mask Weight: 0.942
Epoch 846/20000, Train Loss: 0.2440, Validation Set Manhattan Distance: 12.0, Mask Weight: 0.942
Epoch 847/20000, Train Loss: 0.2444, Validation Set Manhattan Distance: 12.0, Mask Weight: 0.942
Epoch 848/20000, Train Loss: 0.2434, Validation Set Manhattan Distance: 12.0, Mask Weight: 0.942
Epoch 849/20000, Train Loss: 0.2442, Validation Set Manhattan Distance: 12.0, Mask Weight: 0.942
Epoch 850/20000, Train Loss: 0.2435, Validation Set Manhattan Distance: 12.0, Mask Weight: 0.942
Epoch 851/20000, Train Loss: 0.2433, Validation Set Manhattan Distance: 12.0, Mask Weight: 0.942
Epoch 852/20000, Train Loss: 0.2444, Validation Set Manhattan Distance: 12.0, Mask Weight: 0.942
Epoch 853/20000, Train Loss: 0.2433, Validation Set Manhattan Distance: 12.0, Mask Weight: 0.942
Epoch 854/20000, Train Loss: 0.2435, Validation Set Manhattan Distance: 12.0, Mask Weight: 0.942
Epoch 855/20000, Train Loss: 0.2464, Validation Set Manhattan Distance: 12.0, Mask Weight: 0.942
Epoch 856/20000, Train Loss: 0.2442, Validation Set Manhattan Distance: 12.0, Mask Weight: 0.942
Epoch 857/20000, Train Loss: 0.2449, Validation Set Manhattan Distance: 12.0, Mask Weight: 0.942
Epoch 858/20000, Train Loss: 0.2441, Validation Set Manhattan Distance: 12.0, Mask Weight: 0.942
Epoch 859/20000, Train Loss: 0.2445, Validation Set Manhattan Distance: 12.0, Mask Weight: 0.942
Epoch 860/20000, Train Loss: 0.2479, Validation Set Manhattan Distance: 12.0, Mask Weight: 0.942
Epoch 861/20000, Train Loss: 0.2463, Validation Set Manhattan Distance: 12.0, Mask Weight: 0.942
Epoch 862/20000, Train Loss: 0.2464, Validation Set Manhattan Distance: 12.0, Mask Weight: 0.942
Epoch 863/20000, Train Loss: 0.2450, Validation Set Manhattan Distance: 12.0, Mask Weight: 0.942
Epoch 864/20000, Train Loss: 0.2458, Validation Set Manhattan Distance: 12.0, Mask Weight: 0.942
Epoch 865/20000, Train Loss: 0.2442, Validation Set Manhattan Distance: 12.0, Mask Weight: 0.942
Epoch 866/20000, Train Loss: 0.2442, Validation Set Manhattan Distance: 12.0, Mask Weight: 0.942
Epoch 867/20000, Train Loss: 0.2428, Validation Set Manhattan Distance: 12.0, Mask Weight: 0.942
Epoch 868/20000, Train Loss: 0.2434, Validation Set Manhattan Distance: 12.0, Mask Weight: 0.942
Epoch 869/20000, Train Loss: 0.2443, Validation Set Manhattan Distance: 12.0, Mask Weight: 0.942
Epoch 870/20000, Train Loss: 0.2442, Validation Set Manhattan Distance: 12.0, Mask Weight: 0.942
Epoch 871/20000, Train Loss: 0.2450, Validation Set Manhattan Distance: 12.0, Mask Weight: 0.942
Epoch 872/20000, Train Loss: 0.2456, Validation Set Manhattan Distance: 12.0, Mask Weight: 0.942
Epoch 873/20000, Train Loss: 0.2461, Validation Set Manhattan Distance: 12.0, Mask Weight: 0.942
Epoch 874/20000, Train Loss: 0.2443, Validation Set Manhattan Distance: 12.0, Mask Weight: 0.942
Epoch 875/20000, Train Loss: 0.2451, Validation Set Manhattan Distance: 12.0, Mask Weight: 0.942
Epoch 876/20000, Train Loss: 0.2451, Validation Set Manhattan Distance: 12.0, Mask Weight: 0.942
Epoch 877/20000, Train Loss: 0.2459, Validation Set Manhattan Distance: 12.0, Mask Weight: 0.942
Epoch 878/20000, Train Loss: 0.2457, Validation Set Manhattan Distance: 12.0, Mask Weight: 0.942
Epoch 879/20000, Train Loss: 0.2449, Validation Set Manhattan Distance: 12.0, Mask Weight: 0.942
Epoch 880/20000, Train Loss: 0.2448, Validation Set Manhattan Distance: 12.0, Mask Weight: 0.942
Epoch 881/20000, Train Loss: 0.2432, Validation Set Manhattan Distance: 12.0, Mask Weight: 0.942
Epoch 882/20000, Train Loss: 0.2445, Validation Set Manhattan Distance: 12.0, Mask Weight: 0.942
Epoch 883/20000, Train Loss: 0.2450, Validation Set Manhattan Distance: 12.0, Mask Weight: 0.942
Epoch 884/20000, Train Loss: 0.2427, Validation Set Manhattan Distance: 12.0, Mask Weight: 0.942
Epoch 885/20000, Train Loss: 0.2446, Validation Set Manhattan Distance: 12.0, Mask Weight: 0.942
Epoch 886/20000, Train Loss: 0.2434, Validation Set Manhattan Distance: 12.0, Mask Weight: 0.942
Epoch 887/20000, Train Loss: 0.2436, Validation Set Manhattan Distance: 12.0, Mask Weight: 0.942
Epoch 888/20000, Train Loss: 0.2437, Validation Set Manhattan Distance: 12.0, Mask Weight: 0.942
Epoch 889/20000, Train Loss: 0.2427, Validation Set Manhattan Distance: 12.0, Mask Weight: 0.942
Epoch 890/20000, Train Loss: 0.2434, Validation Set Manhattan Distance: 12.0, Mask Weight: 0.942
Epoch 891/20000, Train Loss: 0.2433, Validation Set Manhattan Distance: 12.0, Mask Weight: 0.942
Epoch 892/20000, Train Loss: 0.2444, Validation Set Manhattan Distance: 12.0, Mask Weight: 0.942
Epoch 893/20000, Train Loss: 0.2451, Validation Set Manhattan Distance: 12.0, Mask Weight: 0.942
Epoch 894/20000, Train Loss: 0.2430, Validation Set Manhattan Distance: 12.0, Mask Weight: 0.942
Epoch 895/20000, Train Loss: 0.2436, Validation Set Manhattan Distance: 12.0, Mask Weight: 0.942
Epoch 896/20000, Train Loss: 0.2434, Validation Set Manhattan Distance: 12.0, Mask Weight: 0.942
Epoch 897/20000, Train Loss: 0.2427, Validation Set Manhattan Distance: 12.0, Mask Weight: 0.942
Epoch 898/20000, Train Loss: 0.2428, Validation Set Manhattan Distance: 12.0, Mask Weight: 0.942
Epoch 899/20000, Train Loss: 0.2438, Validation Set Manhattan Distance: 12.0, Mask Weight: 0.942
Epoch 900/20000, Train Loss: 0.2433, Validation Set Manhattan Distance: 12.0, Mask Weight: 0.942
Epoch 901/20000, Train Loss: 0.2439, Validation Set Manhattan Distance: 12.0, Mask Weight: 0.942
Epoch 902/20000, Train Loss: 0.2454, Validation Set Manhattan Distance: 12.0, Mask Weight: 0.942
Epoch 903/20000, Train Loss: 0.2463, Validation Set Manhattan Distance: 12.0, Mask Weight: 0.942
Epoch 904/20000, Train Loss: 0.2454, Validation Set Manhattan Distance: 12.0, Mask Weight: 0.942
Epoch 905/20000, Train Loss: 0.2448, Validation Set Manhattan Distance: 12.0, Mask Weight: 0.942
Epoch 906/20000, Train Loss: 0.2446, Validation Set Manhattan Distance: 12.0, Mask Weight: 0.942
Epoch 907/20000, Train Loss: 0.2441, Validation Set Manhattan Distance: 12.0, Mask Weight: 0.942
Epoch 908/20000, Train Loss: 0.2432, Validation Set Manhattan Distance: 12.0, Mask Weight: 0.942
Epoch 909/20000, Train Loss: 0.2445, Validation Set Manhattan Distance: 12.0, Mask Weight: 0.942
Epoch 910/20000, Train Loss: 0.2447, Validation Set Manhattan Distance: 12.0, Mask Weight: 0.942
Epoch 911/20000, Train Loss: 0.2441, Validation Set Manhattan Distance: 12.0, Mask Weight: 0.942
Epoch 912/20000, Train Loss: 0.2462, Validation Set Manhattan Distance: 12.0, Mask Weight: 0.942
Epoch 913/20000, Train Loss: 0.2437, Validation Set Manhattan Distance: 12.0, Mask Weight: 0.942
Epoch 914/20000, Train Loss: 0.2455, Validation Set Manhattan Distance: 12.0, Mask Weight: 0.942
Epoch 915/20000, Train Loss: 0.2447, Validation Set Manhattan Distance: 12.0, Mask Weight: 0.942
Epoch 916/20000, Train Loss: 0.2449, Validation Set Manhattan Distance: 12.0, Mask Weight: 0.942
Epoch 917/20000, Train Loss: 0.2448, Validation Set Manhattan Distance: 12.0, Mask Weight: 0.942
Epoch 918/20000, Train Loss: 0.2444, Validation Set Manhattan Distance: 12.0, Mask Weight: 0.942
Epoch 919/20000, Train Loss: 0.2439, Validation Set Manhattan Distance: 12.0, Mask Weight: 0.942
Epoch 920/20000, Train Loss: 0.2460, Validation Set Manhattan Distance: 12.0, Mask Weight: 0.942
Epoch 921/20000, Train Loss: 0.2438, Validation Set Manhattan Distance: 12.0, Mask Weight: 0.942
Epoch 922/20000, Train Loss: 0.2436, Validation Set Manhattan Distance: 12.0, Mask Weight: 0.942
Epoch 923/20000, Train Loss: 0.2441, Validation Set Manhattan Distance: 12.0, Mask Weight: 0.942
Epoch 924/20000, Train Loss: 0.2438, Validation Set Manhattan Distance: 12.0, Mask Weight: 0.942
Epoch 925/20000, Train Loss: 0.2438, Validation Set Manhattan Distance: 12.0, Mask Weight: 0.942
Epoch 926/20000, Train Loss: 0.2439, Validation Set Manhattan Distance: 12.0, Mask Weight: 0.942