Using device: cuda
Starting training with gradient-based adaptive weighted mask...
Epoch 1/20000, Train Loss: 57.1338, Validation Set Manhattan Distance: 12.0, Mask Weight: 1.000
  -> New best Validation Set Manhattan Distance: 12.0. Model saved.
Epoch 2/20000, Train Loss: 42.7722, Validation Set Manhattan Distance: 12.0, Mask Weight: 1.000
Epoch 3/20000, Train Loss: 33.4254, Validation Set Manhattan Distance: 12.0, Mask Weight: 1.000
Epoch 4/20000, Train Loss: 26.9519, Validation Set Manhattan Distance: 12.0, Mask Weight: 1.000
Epoch 5/20000, Train Loss: 22.2656, Validation Set Manhattan Distance: 12.0, Mask Weight: 1.000
Epoch 6/20000, Train Loss: 18.4101, Validation Set Manhattan Distance: 12.0, Mask Weight: 1.000
Epoch 7/20000, Train Loss: 15.2795, Validation Set Manhattan Distance: 12.0, Mask Weight: 1.000
Epoch 8/20000, Train Loss: 12.7242, Validation Set Manhattan Distance: 12.0, Mask Weight: 1.000
Epoch 9/20000, Train Loss: 10.5845, Validation Set Manhattan Distance: 12.0, Mask Weight: 1.000
Epoch 10/20000, Train Loss: 8.8108, Validation Set Manhattan Distance: 12.0, Mask Weight: 1.000
Epoch 11/20000, Train Loss: 7.3272, Validation Set Manhattan Distance: 12.0, Mask Weight: 1.000
Epoch 12/20000, Train Loss: 6.0888, Validation Set Manhattan Distance: 12.0, Mask Weight: 1.000
Epoch 13/20000, Train Loss: 5.0567, Validation Set Manhattan Distance: 12.0, Mask Weight: 1.000
Epoch 14/20000, Train Loss: 4.1980, Validation Set Manhattan Distance: 12.0, Mask Weight: 1.000
Epoch 15/20000, Train Loss: 3.4849, Validation Set Manhattan Distance: 12.0, Mask Weight: 1.000
Epoch 16/20000, Train Loss: 2.8902, Validation Set Manhattan Distance: 12.0, Mask Weight: 1.000
Epoch 17/20000, Train Loss: 2.3970, Validation Set Manhattan Distance: 12.0, Mask Weight: 1.000
Epoch 18/20000, Train Loss: 1.9848, Validation Set Manhattan Distance: 12.0, Mask Weight: 1.000
Epoch 19/20000, Train Loss: 1.6464, Validation Set Manhattan Distance: 12.0, Mask Weight: 1.000
Epoch 20/20000, Train Loss: 1.3629, Validation Set Manhattan Distance: 12.0, Mask Weight: 1.000
Epoch 21/20000, Train Loss: 1.1276, Validation Set Manhattan Distance: 12.0, Mask Weight: 1.000
Epoch 22/20000, Train Loss: 0.9338, Validation Set Manhattan Distance: 12.0, Mask Weight: 1.000
Epoch 23/20000, Train Loss: 0.7723, Validation Set Manhattan Distance: 12.0, Mask Weight: 1.000
Epoch 24/20000, Train Loss: 0.6381, Validation Set Manhattan Distance: 12.0, Mask Weight: 1.000
Epoch 25/20000, Train Loss: 0.5275, Validation Set Manhattan Distance: 12.0, Mask Weight: 1.000
Epoch 26/20000, Train Loss: 0.4359, Validation Set Manhattan Distance: 12.0, Mask Weight: 1.000
Epoch 27/20000, Train Loss: 0.3597, Validation Set Manhattan Distance: 12.0, Mask Weight: 1.000
Epoch 28/20000, Train Loss: 0.2982, Validation Set Manhattan Distance: 12.0, Mask Weight: 1.000
Epoch 29/20000, Train Loss: 0.2468, Validation Set Manhattan Distance: 12.0, Mask Weight: 1.000
Epoch 30/20000, Train Loss: 0.2035, Validation Set Manhattan Distance: 12.0, Mask Weight: 1.000
Epoch 31/20000, Train Loss: 0.1675, Validation Set Manhattan Distance: 12.0, Mask Weight: 1.000
Epoch 32/20000, Train Loss: 0.1383, Validation Set Manhattan Distance: 12.0, Mask Weight: 1.000
Epoch 33/20000, Train Loss: 0.1131, Validation Set Manhattan Distance: 12.0, Mask Weight: 1.000
  -> Train loss below 0.1. Mask weight reduction is now enabled.
Epoch 34/20000, Train Loss: 0.0933, Validation Set Manhattan Distance: 12.0, Mask Weight: 1.000
  -> Validation Set Manhattan Distance did not improve for 10 epochs.
  -> Unmasked Loss (Gradient Magnitude): 0.5203, Calculated Decrement: 0.0096
  -> Reducing mask weight to 0.990.
  -> Mask weight reduction is now disabled until train loss is below 0.001 again.
Epoch 35/20000, Train Loss: 0.2958, Validation Set Manhattan Distance: 12.0, Mask Weight: 0.990
Epoch 36/20000, Train Loss: 0.1604, Validation Set Manhattan Distance: 12.0, Mask Weight: 0.990
Epoch 37/20000, Train Loss: 0.1484, Validation Set Manhattan Distance: 12.0, Mask Weight: 0.990
Epoch 38/20000, Train Loss: 0.1394, Validation Set Manhattan Distance: 12.0, Mask Weight: 0.990
Epoch 39/20000, Train Loss: 0.1323, Validation Set Manhattan Distance: 12.0, Mask Weight: 0.990
Epoch 40/20000, Train Loss: 0.1269, Validation Set Manhattan Distance: 12.0, Mask Weight: 0.990
Epoch 41/20000, Train Loss: 0.1245, Validation Set Manhattan Distance: 12.0, Mask Weight: 0.990
Epoch 42/20000, Train Loss: 0.1178, Validation Set Manhattan Distance: 12.0, Mask Weight: 0.990
Epoch 43/20000, Train Loss: 0.1130, Validation Set Manhattan Distance: 12.0, Mask Weight: 0.990
Epoch 44/20000, Train Loss: 0.1100, Validation Set Manhattan Distance: 12.0, Mask Weight: 0.990
Epoch 45/20000, Train Loss: 0.1079, Validation Set Manhattan Distance: 12.0, Mask Weight: 0.990
Epoch 46/20000, Train Loss: 0.1056, Validation Set Manhattan Distance: 12.0, Mask Weight: 0.990
Epoch 47/20000, Train Loss: 0.1036, Validation Set Manhattan Distance: 12.0, Mask Weight: 0.990
Epoch 48/20000, Train Loss: 0.1010, Validation Set Manhattan Distance: 12.0, Mask Weight: 0.990
Epoch 49/20000, Train Loss: 0.1003, Validation Set Manhattan Distance: 12.0, Mask Weight: 0.990
  -> Train loss below 0.1. Mask weight reduction is now enabled.
Epoch 50/20000, Train Loss: 0.0987, Validation Set Manhattan Distance: 12.0, Mask Weight: 0.990
  -> Validation Set Manhattan Distance did not improve for 10 epochs.
  -> Unmasked Loss (Gradient Magnitude): 0.0940, Calculated Decrement: 0.0532
  -> Reducing mask weight to 0.937.
  -> Mask weight reduction is now disabled until train loss is below 0.001 again.
Epoch 51/20000, Train Loss: 0.5961, Validation Set Manhattan Distance: 12.0, Mask Weight: 0.937
Epoch 52/20000, Train Loss: 0.5986, Validation Set Manhattan Distance: 12.0, Mask Weight: 0.937
Epoch 53/20000, Train Loss: 0.5946, Validation Set Manhattan Distance: 12.0, Mask Weight: 0.937
Epoch 54/20000, Train Loss: 0.5940, Validation Set Manhattan Distance: 12.0, Mask Weight: 0.937
Epoch 55/20000, Train Loss: 0.5848, Validation Set Manhattan Distance: 12.0, Mask Weight: 0.937
Epoch 56/20000, Train Loss: 0.5827, Validation Set Manhattan Distance: 12.0, Mask Weight: 0.937
Epoch 57/20000, Train Loss: 0.5790, Validation Set Manhattan Distance: 12.0, Mask Weight: 0.937
Epoch 58/20000, Train Loss: 0.5808, Validation Set Manhattan Distance: 12.0, Mask Weight: 0.937
Epoch 59/20000, Train Loss: 0.5787, Validation Set Manhattan Distance: 12.0, Mask Weight: 0.937
Epoch 60/20000, Train Loss: 0.5752, Validation Set Manhattan Distance: 12.0, Mask Weight: 0.937
Epoch 61/20000, Train Loss: 0.5743, Validation Set Manhattan Distance: 12.0, Mask Weight: 0.937
Epoch 62/20000, Train Loss: 0.5727, Validation Set Manhattan Distance: 12.0, Mask Weight: 0.937
Epoch 63/20000, Train Loss: 0.5647, Validation Set Manhattan Distance: 12.0, Mask Weight: 0.937
Epoch 64/20000, Train Loss: 0.5580, Validation Set Manhattan Distance: 12.0, Mask Weight: 0.937
Epoch 65/20000, Train Loss: 0.5486, Validation Set Manhattan Distance: 12.0, Mask Weight: 0.937
Epoch 66/20000, Train Loss: 0.5348, Validation Set Manhattan Distance: 12.0, Mask Weight: 0.937
Epoch 67/20000, Train Loss: 0.5453, Validation Set Manhattan Distance: 12.0, Mask Weight: 0.937
Epoch 68/20000, Train Loss: 0.5299, Validation Set Manhattan Distance: 12.0, Mask Weight: 0.937
Epoch 69/20000, Train Loss: 0.5282, Validation Set Manhattan Distance: 12.0, Mask Weight: 0.937
Epoch 70/20000, Train Loss: 0.5149, Validation Set Manhattan Distance: 12.0, Mask Weight: 0.937
Epoch 71/20000, Train Loss: 0.5057, Validation Set Manhattan Distance: 12.0, Mask Weight: 0.937
Epoch 72/20000, Train Loss: 0.4980, Validation Set Manhattan Distance: 12.0, Mask Weight: 0.937
Epoch 73/20000, Train Loss: 0.4902, Validation Set Manhattan Distance: 12.0, Mask Weight: 0.937
Epoch 74/20000, Train Loss: 0.4836, Validation Set Manhattan Distance: 12.0, Mask Weight: 0.937
Epoch 75/20000, Train Loss: 0.4768, Validation Set Manhattan Distance: 12.0, Mask Weight: 0.937
Epoch 76/20000, Train Loss: 0.4630, Validation Set Manhattan Distance: 12.0, Mask Weight: 0.937
Epoch 77/20000, Train Loss: 0.4449, Validation Set Manhattan Distance: 12.0, Mask Weight: 0.937
Epoch 78/20000, Train Loss: 0.4337, Validation Set Manhattan Distance: 12.0, Mask Weight: 0.937
Epoch 79/20000, Train Loss: 0.4331, Validation Set Manhattan Distance: 12.0, Mask Weight: 0.937
Epoch 80/20000, Train Loss: 0.4138, Validation Set Manhattan Distance: 12.0, Mask Weight: 0.937
Epoch 81/20000, Train Loss: 0.4255, Validation Set Manhattan Distance: 12.0, Mask Weight: 0.937
Epoch 82/20000, Train Loss: 0.4265, Validation Set Manhattan Distance: 12.0, Mask Weight: 0.937
Epoch 83/20000, Train Loss: 0.3898, Validation Set Manhattan Distance: 12.0, Mask Weight: 0.937
Epoch 84/20000, Train Loss: 0.3842, Validation Set Manhattan Distance: 12.0, Mask Weight: 0.937
Epoch 85/20000, Train Loss: 0.3788, Validation Set Manhattan Distance: 12.0, Mask Weight: 0.937
Epoch 86/20000, Train Loss: 0.4124, Validation Set Manhattan Distance: 12.0, Mask Weight: 0.937
Epoch 87/20000, Train Loss: 0.3759, Validation Set Manhattan Distance: 12.0, Mask Weight: 0.937
Epoch 88/20000, Train Loss: 0.3808, Validation Set Manhattan Distance: 12.0, Mask Weight: 0.937
Epoch 89/20000, Train Loss: 0.3696, Validation Set Manhattan Distance: 12.0, Mask Weight: 0.937
Epoch 90/20000, Train Loss: 0.3699, Validation Set Manhattan Distance: 12.0, Mask Weight: 0.937
Epoch 91/20000, Train Loss: 0.3478, Validation Set Manhattan Distance: 12.0, Mask Weight: 0.937
Epoch 92/20000, Train Loss: 0.3458, Validation Set Manhattan Distance: 12.0, Mask Weight: 0.937
Epoch 93/20000, Train Loss: 0.3451, Validation Set Manhattan Distance: 12.0, Mask Weight: 0.937
Epoch 94/20000, Train Loss: 0.3293, Validation Set Manhattan Distance: 12.0, Mask Weight: 0.937
Epoch 95/20000, Train Loss: 0.3458, Validation Set Manhattan Distance: 12.0, Mask Weight: 0.937
Epoch 96/20000, Train Loss: 0.3728, Validation Set Manhattan Distance: 12.0, Mask Weight: 0.937
Epoch 97/20000, Train Loss: 0.3790, Validation Set Manhattan Distance: 12.0, Mask Weight: 0.937
Epoch 98/20000, Train Loss: 0.3752, Validation Set Manhattan Distance: 12.0, Mask Weight: 0.937
Epoch 99/20000, Train Loss: 0.3439, Validation Set Manhattan Distance: 12.0, Mask Weight: 0.937
Epoch 100/20000, Train Loss: 0.3591, Validation Set Manhattan Distance: 12.0, Mask Weight: 0.937
Epoch 101/20000, Train Loss: 0.3344, Validation Set Manhattan Distance: 12.0, Mask Weight: 0.937
Epoch 102/20000, Train Loss: 0.3290, Validation Set Manhattan Distance: 12.0, Mask Weight: 0.937
Epoch 103/20000, Train Loss: 0.3219, Validation Set Manhattan Distance: 12.0, Mask Weight: 0.937
Epoch 104/20000, Train Loss: 0.3158, Validation Set Manhattan Distance: 12.0, Mask Weight: 0.937
Epoch 105/20000, Train Loss: 0.3076, Validation Set Manhattan Distance: 12.0, Mask Weight: 0.937
Epoch 106/20000, Train Loss: 0.3236, Validation Set Manhattan Distance: 12.0, Mask Weight: 0.937
Epoch 107/20000, Train Loss: 0.3762, Validation Set Manhattan Distance: 12.0, Mask Weight: 0.937
Epoch 108/20000, Train Loss: 0.3825, Validation Set Manhattan Distance: 12.0, Mask Weight: 0.937
Epoch 109/20000, Train Loss: 0.3530, Validation Set Manhattan Distance: 12.0, Mask Weight: 0.937
Epoch 110/20000, Train Loss: 0.3507, Validation Set Manhattan Distance: 12.0, Mask Weight: 0.937
Epoch 111/20000, Train Loss: 0.3384, Validation Set Manhattan Distance: 12.0, Mask Weight: 0.937
Epoch 112/20000, Train Loss: 0.3423, Validation Set Manhattan Distance: 12.0, Mask Weight: 0.937
Epoch 113/20000, Train Loss: 0.3266, Validation Set Manhattan Distance: 12.0, Mask Weight: 0.937
Epoch 114/20000, Train Loss: 0.3471, Validation Set Manhattan Distance: 12.0, Mask Weight: 0.937
Epoch 115/20000, Train Loss: 0.3395, Validation Set Manhattan Distance: 12.0, Mask Weight: 0.937
Epoch 116/20000, Train Loss: 0.3302, Validation Set Manhattan Distance: 12.0, Mask Weight: 0.937
Epoch 117/20000, Train Loss: 0.3176, Validation Set Manhattan Distance: 12.0, Mask Weight: 0.937
Epoch 118/20000, Train Loss: 0.3093, Validation Set Manhattan Distance: 12.0, Mask Weight: 0.937
Epoch 119/20000, Train Loss: 0.3050, Validation Set Manhattan Distance: 12.0, Mask Weight: 0.937
Epoch 120/20000, Train Loss: 0.3035, Validation Set Manhattan Distance: 12.0, Mask Weight: 0.937
Epoch 121/20000, Train Loss: 0.2998, Validation Set Manhattan Distance: 12.0, Mask Weight: 0.937
Epoch 122/20000, Train Loss: 0.3001, Validation Set Manhattan Distance: 12.0, Mask Weight: 0.937
Epoch 123/20000, Train Loss: 0.2989, Validation Set Manhattan Distance: 12.0, Mask Weight: 0.937
Epoch 124/20000, Train Loss: 0.2922, Validation Set Manhattan Distance: 12.0, Mask Weight: 0.937
Epoch 125/20000, Train Loss: 0.2889, Validation Set Manhattan Distance: 12.0, Mask Weight: 0.937
Epoch 126/20000, Train Loss: 0.2912, Validation Set Manhattan Distance: 12.0, Mask Weight: 0.937
Epoch 127/20000, Train Loss: 0.3088, Validation Set Manhattan Distance: 12.0, Mask Weight: 0.937
Epoch 128/20000, Train Loss: 0.2901, Validation Set Manhattan Distance: 12.0, Mask Weight: 0.937
Epoch 129/20000, Train Loss: 0.3846, Validation Set Manhattan Distance: 12.0, Mask Weight: 0.937
Epoch 130/20000, Train Loss: 0.3861, Validation Set Manhattan Distance: 12.0, Mask Weight: 0.937
Epoch 131/20000, Train Loss: 0.3668, Validation Set Manhattan Distance: 12.0, Mask Weight: 0.937
Epoch 132/20000, Train Loss: 0.3390, Validation Set Manhattan Distance: 12.0, Mask Weight: 0.937
Epoch 133/20000, Train Loss: 0.3199, Validation Set Manhattan Distance: 12.0, Mask Weight: 0.937
Epoch 134/20000, Train Loss: 0.3195, Validation Set Manhattan Distance: 12.0, Mask Weight: 0.937
Epoch 135/20000, Train Loss: 0.3239, Validation Set Manhattan Distance: 12.0, Mask Weight: 0.937
Epoch 136/20000, Train Loss: 0.3314, Validation Set Manhattan Distance: 12.0, Mask Weight: 0.937
Epoch 137/20000, Train Loss: 0.3157, Validation Set Manhattan Distance: 12.0, Mask Weight: 0.937
Epoch 138/20000, Train Loss: 0.3100, Validation Set Manhattan Distance: 12.0, Mask Weight: 0.937
Epoch 139/20000, Train Loss: 0.3065, Validation Set Manhattan Distance: 12.0, Mask Weight: 0.937
Epoch 140/20000, Train Loss: 0.2943, Validation Set Manhattan Distance: 12.0, Mask Weight: 0.937
Epoch 141/20000, Train Loss: 0.2892, Validation Set Manhattan Distance: 12.0, Mask Weight: 0.937
Epoch 142/20000, Train Loss: 0.2872, Validation Set Manhattan Distance: 12.0, Mask Weight: 0.937
Epoch 143/20000, Train Loss: 0.2867, Validation Set Manhattan Distance: 12.0, Mask Weight: 0.937
Epoch 144/20000, Train Loss: 0.2850, Validation Set Manhattan Distance: 12.0, Mask Weight: 0.937
Epoch 145/20000, Train Loss: 0.2842, Validation Set Manhattan Distance: 12.0, Mask Weight: 0.937
Epoch 146/20000, Train Loss: 0.2847, Validation Set Manhattan Distance: 12.0, Mask Weight: 0.937
Epoch 147/20000, Train Loss: 0.2854, Validation Set Manhattan Distance: 12.0, Mask Weight: 0.937
Epoch 148/20000, Train Loss: 0.2835, Validation Set Manhattan Distance: 12.0, Mask Weight: 0.937
Epoch 149/20000, Train Loss: 0.2820, Validation Set Manhattan Distance: 12.0, Mask Weight: 0.937
Epoch 150/20000, Train Loss: 0.2815, Validation Set Manhattan Distance: 12.0, Mask Weight: 0.937
Epoch 151/20000, Train Loss: 0.2802, Validation Set Manhattan Distance: 12.0, Mask Weight: 0.937
Epoch 152/20000, Train Loss: 0.2819, Validation Set Manhattan Distance: 12.0, Mask Weight: 0.937
Epoch 153/20000, Train Loss: 0.2798, Validation Set Manhattan Distance: 12.0, Mask Weight: 0.937
Epoch 154/20000, Train Loss: 0.2828, Validation Set Manhattan Distance: 12.0, Mask Weight: 0.937
Epoch 155/20000, Train Loss: 0.2882, Validation Set Manhattan Distance: 12.0, Mask Weight: 0.937
Epoch 156/20000, Train Loss: 0.3203, Validation Set Manhattan Distance: 12.0, Mask Weight: 0.937
Epoch 157/20000, Train Loss: 0.4007, Validation Set Manhattan Distance: 12.0, Mask Weight: 0.937
Epoch 158/20000, Train Loss: 0.4336, Validation Set Manhattan Distance: 12.0, Mask Weight: 0.937
Epoch 159/20000, Train Loss: 0.3335, Validation Set Manhattan Distance: 12.0, Mask Weight: 0.937
Epoch 160/20000, Train Loss: 0.3162, Validation Set Manhattan Distance: 12.0, Mask Weight: 0.937
Epoch 161/20000, Train Loss: 0.2888, Validation Set Manhattan Distance: 12.0, Mask Weight: 0.937
Epoch 162/20000, Train Loss: 0.2963, Validation Set Manhattan Distance: 12.0, Mask Weight: 0.937
Epoch 163/20000, Train Loss: 0.2901, Validation Set Manhattan Distance: 12.0, Mask Weight: 0.937
Epoch 164/20000, Train Loss: 0.2934, Validation Set Manhattan Distance: 12.0, Mask Weight: 0.937
Epoch 165/20000, Train Loss: 0.2819, Validation Set Manhattan Distance: 12.0, Mask Weight: 0.937
Epoch 166/20000, Train Loss: 0.2832, Validation Set Manhattan Distance: 12.0, Mask Weight: 0.937
Epoch 167/20000, Train Loss: 0.2792, Validation Set Manhattan Distance: 12.0, Mask Weight: 0.937
Epoch 168/20000, Train Loss: 0.2807, Validation Set Manhattan Distance: 12.0, Mask Weight: 0.937
Epoch 169/20000, Train Loss: 0.2896, Validation Set Manhattan Distance: 12.0, Mask Weight: 0.937
Epoch 170/20000, Train Loss: 0.2865, Validation Set Manhattan Distance: 12.0, Mask Weight: 0.937
Epoch 171/20000, Train Loss: 0.2841, Validation Set Manhattan Distance: 12.0, Mask Weight: 0.937
Epoch 172/20000, Train Loss: 0.2777, Validation Set Manhattan Distance: 12.0, Mask Weight: 0.937
Epoch 173/20000, Train Loss: 0.2790, Validation Set Manhattan Distance: 12.0, Mask Weight: 0.937
Epoch 174/20000, Train Loss: 0.2783, Validation Set Manhattan Distance: 12.0, Mask Weight: 0.937
Epoch 175/20000, Train Loss: 0.2777, Validation Set Manhattan Distance: 12.0, Mask Weight: 0.937
Epoch 176/20000, Train Loss: 0.2759, Validation Set Manhattan Distance: 12.0, Mask Weight: 0.937
Epoch 177/20000, Train Loss: 0.2776, Validation Set Manhattan Distance: 12.0, Mask Weight: 0.937
Epoch 178/20000, Train Loss: 0.2828, Validation Set Manhattan Distance: 12.0, Mask Weight: 0.937
Epoch 179/20000, Train Loss: 0.2889, Validation Set Manhattan Distance: 12.0, Mask Weight: 0.937
Epoch 180/20000, Train Loss: 0.3067, Validation Set Manhattan Distance: 12.0, Mask Weight: 0.937
Epoch 181/20000, Train Loss: 0.3948, Validation Set Manhattan Distance: 12.0, Mask Weight: 0.937
Epoch 182/20000, Train Loss: 0.3276, Validation Set Manhattan Distance: 12.0, Mask Weight: 0.937
Epoch 183/20000, Train Loss: 0.3134, Validation Set Manhattan Distance: 12.0, Mask Weight: 0.937
Epoch 184/20000, Train Loss: 0.2943, Validation Set Manhattan Distance: 12.0, Mask Weight: 0.937
Epoch 185/20000, Train Loss: 0.2980, Validation Set Manhattan Distance: 12.0, Mask Weight: 0.937
Epoch 186/20000, Train Loss: 0.2831, Validation Set Manhattan Distance: 12.0, Mask Weight: 0.937
Epoch 187/20000, Train Loss: 0.2848, Validation Set Manhattan Distance: 12.0, Mask Weight: 0.937
Epoch 188/20000, Train Loss: 0.2798, Validation Set Manhattan Distance: 12.0, Mask Weight: 0.937
Epoch 189/20000, Train Loss: 0.2788, Validation Set Manhattan Distance: 12.0, Mask Weight: 0.937
Epoch 190/20000, Train Loss: 0.2771, Validation Set Manhattan Distance: 12.0, Mask Weight: 0.937
Epoch 191/20000, Train Loss: 0.2789, Validation Set Manhattan Distance: 12.0, Mask Weight: 0.937
Epoch 192/20000, Train Loss: 0.2791, Validation Set Manhattan Distance: 12.0, Mask Weight: 0.937
Epoch 193/20000, Train Loss: 0.2766, Validation Set Manhattan Distance: 12.0, Mask Weight: 0.937
Epoch 194/20000, Train Loss: 0.2792, Validation Set Manhattan Distance: 12.0, Mask Weight: 0.937
Epoch 195/20000, Train Loss: 0.2760, Validation Set Manhattan Distance: 12.0, Mask Weight: 0.937
Epoch 196/20000, Train Loss: 0.2765, Validation Set Manhattan Distance: 12.0, Mask Weight: 0.937
Epoch 197/20000, Train Loss: 0.2751, Validation Set Manhattan Distance: 12.0, Mask Weight: 0.937
Epoch 198/20000, Train Loss: 0.2764, Validation Set Manhattan Distance: 12.0, Mask Weight: 0.937
Epoch 199/20000, Train Loss: 0.2782, Validation Set Manhattan Distance: 12.0, Mask Weight: 0.937
Epoch 200/20000, Train Loss: 0.2742, Validation Set Manhattan Distance: 12.0, Mask Weight: 0.937
Epoch 201/20000, Train Loss: 0.2744, Validation Set Manhattan Distance: 12.0, Mask Weight: 0.937
Epoch 202/20000, Train Loss: 0.2755, Validation Set Manhattan Distance: 12.0, Mask Weight: 0.937
Epoch 203/20000, Train Loss: 0.2749, Validation Set Manhattan Distance: 12.0, Mask Weight: 0.937
Epoch 204/20000, Train Loss: 0.2726, Validation Set Manhattan Distance: 12.0, Mask Weight: 0.937
Epoch 205/20000, Train Loss: 0.2729, Validation Set Manhattan Distance: 12.0, Mask Weight: 0.937
Epoch 206/20000, Train Loss: 0.2737, Validation Set Manhattan Distance: 12.0, Mask Weight: 0.937
Epoch 207/20000, Train Loss: 0.2718, Validation Set Manhattan Distance: 12.0, Mask Weight: 0.937
Epoch 208/20000, Train Loss: 0.2740, Validation Set Manhattan Distance: 12.0, Mask Weight: 0.937
Epoch 209/20000, Train Loss: 0.2828, Validation Set Manhattan Distance: 12.0, Mask Weight: 0.937
Epoch 210/20000, Train Loss: 0.2781, Validation Set Manhattan Distance: 12.0, Mask Weight: 0.937
Epoch 211/20000, Train Loss: 0.2726, Validation Set Manhattan Distance: 12.0, Mask Weight: 0.937
Epoch 212/20000, Train Loss: 0.2755, Validation Set Manhattan Distance: 12.0, Mask Weight: 0.937
Epoch 213/20000, Train Loss: 0.2775, Validation Set Manhattan Distance: 12.0, Mask Weight: 0.937
Epoch 214/20000, Train Loss: 0.2740, Validation Set Manhattan Distance: 12.0, Mask Weight: 0.937
Epoch 215/20000, Train Loss: 0.2736, Validation Set Manhattan Distance: 12.0, Mask Weight: 0.937
Epoch 216/20000, Train Loss: 0.2759, Validation Set Manhattan Distance: 12.0, Mask Weight: 0.937
Epoch 217/20000, Train Loss: 0.2777, Validation Set Manhattan Distance: 12.0, Mask Weight: 0.937
Epoch 218/20000, Train Loss: 0.2831, Validation Set Manhattan Distance: 12.0, Mask Weight: 0.937
Epoch 219/20000, Train Loss: 0.2784, Validation Set Manhattan Distance: 12.0, Mask Weight: 0.937
Epoch 220/20000, Train Loss: 0.2901, Validation Set Manhattan Distance: 12.0, Mask Weight: 0.937
Epoch 221/20000, Train Loss: 0.2849, Validation Set Manhattan Distance: 12.0, Mask Weight: 0.937
Epoch 222/20000, Train Loss: 0.3425, Validation Set Manhattan Distance: 12.0, Mask Weight: 0.937
Epoch 223/20000, Train Loss: 0.5190, Validation Set Manhattan Distance: 12.0, Mask Weight: 0.937
Epoch 224/20000, Train Loss: 0.4780, Validation Set Manhattan Distance: 12.0, Mask Weight: 0.937
Epoch 225/20000, Train Loss: 0.3232, Validation Set Manhattan Distance: 12.0, Mask Weight: 0.937
Epoch 226/20000, Train Loss: 0.2884, Validation Set Manhattan Distance: 12.0, Mask Weight: 0.937
Epoch 227/20000, Train Loss: 0.2823, Validation Set Manhattan Distance: 12.0, Mask Weight: 0.937
Epoch 228/20000, Train Loss: 0.2807, Validation Set Manhattan Distance: 12.0, Mask Weight: 0.937
Epoch 229/20000, Train Loss: 0.2769, Validation Set Manhattan Distance: 12.0, Mask Weight: 0.937
Epoch 230/20000, Train Loss: 0.2800, Validation Set Manhattan Distance: 12.0, Mask Weight: 0.937
Epoch 231/20000, Train Loss: 0.2794, Validation Set Manhattan Distance: 12.0, Mask Weight: 0.937
Epoch 232/20000, Train Loss: 0.2810, Validation Set Manhattan Distance: 12.0, Mask Weight: 0.937
Epoch 233/20000, Train Loss: 0.2749, Validation Set Manhattan Distance: 12.0, Mask Weight: 0.937
Epoch 234/20000, Train Loss: 0.2752, Validation Set Manhattan Distance: 12.0, Mask Weight: 0.937
Epoch 235/20000, Train Loss: 0.2744, Validation Set Manhattan Distance: 12.0, Mask Weight: 0.937
Epoch 236/20000, Train Loss: 0.2728, Validation Set Manhattan Distance: 12.0, Mask Weight: 0.937
Epoch 237/20000, Train Loss: 0.2732, Validation Set Manhattan Distance: 12.0, Mask Weight: 0.937
Epoch 238/20000, Train Loss: 0.2733, Validation Set Manhattan Distance: 12.0, Mask Weight: 0.937
Epoch 239/20000, Train Loss: 0.2741, Validation Set Manhattan Distance: 12.0, Mask Weight: 0.937
Epoch 240/20000, Train Loss: 0.2739, Validation Set Manhattan Distance: 12.0, Mask Weight: 0.937
Epoch 241/20000, Train Loss: 0.2733, Validation Set Manhattan Distance: 12.0, Mask Weight: 0.937
Epoch 242/20000, Train Loss: 0.2724, Validation Set Manhattan Distance: 12.0, Mask Weight: 0.937
Epoch 243/20000, Train Loss: 0.2762, Validation Set Manhattan Distance: 12.0, Mask Weight: 0.937
Epoch 244/20000, Train Loss: 0.2768, Validation Set Manhattan Distance: 12.0, Mask Weight: 0.937
Epoch 245/20000, Train Loss: 0.2759, Validation Set Manhattan Distance: 12.0, Mask Weight: 0.937
Epoch 246/20000, Train Loss: 0.2791, Validation Set Manhattan Distance: 12.0, Mask Weight: 0.937
Epoch 247/20000, Train Loss: 0.2739, Validation Set Manhattan Distance: 12.0, Mask Weight: 0.937
Epoch 248/20000, Train Loss: 0.2733, Validation Set Manhattan Distance: 12.0, Mask Weight: 0.937
Epoch 249/20000, Train Loss: 0.2713, Validation Set Manhattan Distance: 12.0, Mask Weight: 0.937
Epoch 250/20000, Train Loss: 0.2729, Validation Set Manhattan Distance: 12.0, Mask Weight: 0.937
Epoch 251/20000, Train Loss: 0.2731, Validation Set Manhattan Distance: 12.0, Mask Weight: 0.937
Epoch 252/20000, Train Loss: 0.2747, Validation Set Manhattan Distance: 12.0, Mask Weight: 0.937
Epoch 253/20000, Train Loss: 0.2716, Validation Set Manhattan Distance: 12.0, Mask Weight: 0.937
Epoch 254/20000, Train Loss: 0.2713, Validation Set Manhattan Distance: 12.0, Mask Weight: 0.937
Epoch 255/20000, Train Loss: 0.2713, Validation Set Manhattan Distance: 12.0, Mask Weight: 0.937
Epoch 256/20000, Train Loss: 0.2788, Validation Set Manhattan Distance: 12.0, Mask Weight: 0.937
Epoch 257/20000, Train Loss: 0.2741, Validation Set Manhattan Distance: 12.0, Mask Weight: 0.937
Epoch 258/20000, Train Loss: 0.2770, Validation Set Manhattan Distance: 12.0, Mask Weight: 0.937
Epoch 259/20000, Train Loss: 0.2773, Validation Set Manhattan Distance: 12.0, Mask Weight: 0.937
Epoch 260/20000, Train Loss: 0.2776, Validation Set Manhattan Distance: 12.0, Mask Weight: 0.937
Epoch 261/20000, Train Loss: 0.2747, Validation Set Manhattan Distance: 12.0, Mask Weight: 0.937
Epoch 262/20000, Train Loss: 0.2710, Validation Set Manhattan Distance: 12.0, Mask Weight: 0.937
Epoch 263/20000, Train Loss: 0.2702, Validation Set Manhattan Distance: 12.0, Mask Weight: 0.937
Epoch 264/20000, Train Loss: 0.2747, Validation Set Manhattan Distance: 12.0, Mask Weight: 0.937
Epoch 265/20000, Train Loss: 0.2741, Validation Set Manhattan Distance: 12.0, Mask Weight: 0.937
Epoch 266/20000, Train Loss: 0.2707, Validation Set Manhattan Distance: 12.0, Mask Weight: 0.937
Epoch 267/20000, Train Loss: 0.2711, Validation Set Manhattan Distance: 12.0, Mask Weight: 0.937
Epoch 268/20000, Train Loss: 0.2717, Validation Set Manhattan Distance: 12.0, Mask Weight: 0.937
Epoch 269/20000, Train Loss: 0.2744, Validation Set Manhattan Distance: 12.0, Mask Weight: 0.937
Epoch 270/20000, Train Loss: 0.2708, Validation Set Manhattan Distance: 12.0, Mask Weight: 0.937
Epoch 271/20000, Train Loss: 0.2713, Validation Set Manhattan Distance: 12.0, Mask Weight: 0.937
Epoch 272/20000, Train Loss: 0.2704, Validation Set Manhattan Distance: 12.0, Mask Weight: 0.937
Epoch 273/20000, Train Loss: 0.2708, Validation Set Manhattan Distance: 12.0, Mask Weight: 0.937
Epoch 274/20000, Train Loss: 0.2713, Validation Set Manhattan Distance: 12.0, Mask Weight: 0.937
Epoch 275/20000, Train Loss: 0.2728, Validation Set Manhattan Distance: 12.0, Mask Weight: 0.937
Epoch 276/20000, Train Loss: 0.2727, Validation Set Manhattan Distance: 12.0, Mask Weight: 0.937
Epoch 277/20000, Train Loss: 0.2736, Validation Set Manhattan Distance: 12.0, Mask Weight: 0.937
Epoch 278/20000, Train Loss: 0.2733, Validation Set Manhattan Distance: 12.0, Mask Weight: 0.937
Epoch 279/20000, Train Loss: 0.2719, Validation Set Manhattan Distance: 12.0, Mask Weight: 0.937
Epoch 280/20000, Train Loss: 0.2759, Validation Set Manhattan Distance: 12.0, Mask Weight: 0.937
Epoch 281/20000, Train Loss: 0.2751, Validation Set Manhattan Distance: 12.0, Mask Weight: 0.937
Epoch 282/20000, Train Loss: 0.2801, Validation Set Manhattan Distance: 12.0, Mask Weight: 0.937
Epoch 283/20000, Train Loss: 0.3696, Validation Set Manhattan Distance: 12.0, Mask Weight: 0.937
Epoch 284/20000, Train Loss: 0.3186, Validation Set Manhattan Distance: 12.0, Mask Weight: 0.937
Epoch 285/20000, Train Loss: 0.3004, Validation Set Manhattan Distance: 12.0, Mask Weight: 0.937
Epoch 286/20000, Train Loss: 0.2795, Validation Set Manhattan Distance: 12.0, Mask Weight: 0.937
Epoch 287/20000, Train Loss: 0.2815, Validation Set Manhattan Distance: 12.0, Mask Weight: 0.937
Epoch 288/20000, Train Loss: 0.2808, Validation Set Manhattan Distance: 12.0, Mask Weight: 0.937
Epoch 289/20000, Train Loss: 0.2728, Validation Set Manhattan Distance: 12.0, Mask Weight: 0.937
Epoch 290/20000, Train Loss: 0.2711, Validation Set Manhattan Distance: 12.0, Mask Weight: 0.937
Epoch 291/20000, Train Loss: 0.2717, Validation Set Manhattan Distance: 12.0, Mask Weight: 0.937
Epoch 292/20000, Train Loss: 0.2710, Validation Set Manhattan Distance: 12.0, Mask Weight: 0.937
Epoch 293/20000, Train Loss: 0.2705, Validation Set Manhattan Distance: 12.0, Mask Weight: 0.937
Epoch 294/20000, Train Loss: 0.2744, Validation Set Manhattan Distance: 12.0, Mask Weight: 0.937
Epoch 295/20000, Train Loss: 0.2788, Validation Set Manhattan Distance: 12.0, Mask Weight: 0.937
Epoch 296/20000, Train Loss: 0.2827, Validation Set Manhattan Distance: 12.0, Mask Weight: 0.937
Epoch 297/20000, Train Loss: 0.2769, Validation Set Manhattan Distance: 12.0, Mask Weight: 0.937
Epoch 298/20000, Train Loss: 0.2774, Validation Set Manhattan Distance: 12.0, Mask Weight: 0.937
Epoch 299/20000, Train Loss: 0.2721, Validation Set Manhattan Distance: 12.0, Mask Weight: 0.937
Epoch 300/20000, Train Loss: 0.2727, Validation Set Manhattan Distance: 12.0, Mask Weight: 0.937
Epoch 301/20000, Train Loss: 0.2706, Validation Set Manhattan Distance: 12.0, Mask Weight: 0.937
Epoch 302/20000, Train Loss: 0.2727, Validation Set Manhattan Distance: 12.0, Mask Weight: 0.937
Epoch 303/20000, Train Loss: 0.2699, Validation Set Manhattan Distance: 12.0, Mask Weight: 0.937
Epoch 304/20000, Train Loss: 0.2725, Validation Set Manhattan Distance: 12.0, Mask Weight: 0.937
Epoch 305/20000, Train Loss: 0.2698, Validation Set Manhattan Distance: 12.0, Mask Weight: 0.937
Epoch 306/20000, Train Loss: 0.2766, Validation Set Manhattan Distance: 12.0, Mask Weight: 0.937
Epoch 307/20000, Train Loss: 0.2799, Validation Set Manhattan Distance: 12.0, Mask Weight: 0.937
Epoch 308/20000, Train Loss: 0.2737, Validation Set Manhattan Distance: 12.0, Mask Weight: 0.937
Epoch 309/20000, Train Loss: 0.2807, Validation Set Manhattan Distance: 12.0, Mask Weight: 0.937
Epoch 310/20000, Train Loss: 0.2742, Validation Set Manhattan Distance: 12.0, Mask Weight: 0.937
Epoch 311/20000, Train Loss: 0.2715, Validation Set Manhattan Distance: 12.0, Mask Weight: 0.937
Epoch 312/20000, Train Loss: 0.2724, Validation Set Manhattan Distance: 12.0, Mask Weight: 0.937
Epoch 313/20000, Train Loss: 0.2770, Validation Set Manhattan Distance: 12.0, Mask Weight: 0.937
Epoch 314/20000, Train Loss: 0.2945, Validation Set Manhattan Distance: 12.0, Mask Weight: 0.937
Epoch 315/20000, Train Loss: 0.5679, Validation Set Manhattan Distance: 12.0, Mask Weight: 0.937
Epoch 316/20000, Train Loss: 0.5139, Validation Set Manhattan Distance: 12.0, Mask Weight: 0.937
Epoch 317/20000, Train Loss: 0.4379, Validation Set Manhattan Distance: 12.0, Mask Weight: 0.937
Epoch 318/20000, Train Loss: 0.3928, Validation Set Manhattan Distance: 12.0, Mask Weight: 0.937
Epoch 319/20000, Train Loss: 0.3384, Validation Set Manhattan Distance: 12.0, Mask Weight: 0.937
Epoch 320/20000, Train Loss: 0.3157, Validation Set Manhattan Distance: 12.0, Mask Weight: 0.937
Epoch 321/20000, Train Loss: 0.3052, Validation Set Manhattan Distance: 12.0, Mask Weight: 0.937
Epoch 322/20000, Train Loss: 0.2824, Validation Set Manhattan Distance: 12.0, Mask Weight: 0.937
Epoch 323/20000, Train Loss: 0.2778, Validation Set Manhattan Distance: 12.0, Mask Weight: 0.937
Epoch 324/20000, Train Loss: 0.2769, Validation Set Manhattan Distance: 12.0, Mask Weight: 0.937
Epoch 325/20000, Train Loss: 0.2745, Validation Set Manhattan Distance: 12.0, Mask Weight: 0.937
Epoch 326/20000, Train Loss: 0.2747, Validation Set Manhattan Distance: 12.0, Mask Weight: 0.937
Epoch 327/20000, Train Loss: 0.2734, Validation Set Manhattan Distance: 12.0, Mask Weight: 0.937
Epoch 328/20000, Train Loss: 0.2720, Validation Set Manhattan Distance: 12.0, Mask Weight: 0.937
Epoch 329/20000, Train Loss: 0.2740, Validation Set Manhattan Distance: 12.0, Mask Weight: 0.937
Epoch 330/20000, Train Loss: 0.2730, Validation Set Manhattan Distance: 12.0, Mask Weight: 0.937
Epoch 331/20000, Train Loss: 0.2714, Validation Set Manhattan Distance: 12.0, Mask Weight: 0.937
Epoch 332/20000, Train Loss: 0.2726, Validation Set Manhattan Distance: 12.0, Mask Weight: 0.937
Epoch 333/20000, Train Loss: 0.2726, Validation Set Manhattan Distance: 12.0, Mask Weight: 0.937
Epoch 334/20000, Train Loss: 0.2727, Validation Set Manhattan Distance: 12.0, Mask Weight: 0.937
Epoch 335/20000, Train Loss: 0.2721, Validation Set Manhattan Distance: 12.0, Mask Weight: 0.937
Epoch 336/20000, Train Loss: 0.2720, Validation Set Manhattan Distance: 12.0, Mask Weight: 0.937
Epoch 337/20000, Train Loss: 0.2734, Validation Set Manhattan Distance: 12.0, Mask Weight: 0.937
Epoch 338/20000, Train Loss: 0.2739, Validation Set Manhattan Distance: 12.0, Mask Weight: 0.937
Epoch 339/20000, Train Loss: 0.2743, Validation Set Manhattan Distance: 12.0, Mask Weight: 0.937
Epoch 340/20000, Train Loss: 0.2700, Validation Set Manhattan Distance: 12.0, Mask Weight: 0.937
Epoch 341/20000, Train Loss: 0.2717, Validation Set Manhattan Distance: 12.0, Mask Weight: 0.937
Epoch 342/20000, Train Loss: 0.2704, Validation Set Manhattan Distance: 12.0, Mask Weight: 0.937
Epoch 343/20000, Train Loss: 0.2746, Validation Set Manhattan Distance: 12.0, Mask Weight: 0.937
Epoch 344/20000, Train Loss: 0.2713, Validation Set Manhattan Distance: 12.0, Mask Weight: 0.937
Epoch 345/20000, Train Loss: 0.2694, Validation Set Manhattan Distance: 12.0, Mask Weight: 0.937
Epoch 346/20000, Train Loss: 0.2704, Validation Set Manhattan Distance: 12.0, Mask Weight: 0.937
Epoch 347/20000, Train Loss: 0.2698, Validation Set Manhattan Distance: 12.0, Mask Weight: 0.937
Epoch 348/20000, Train Loss: 0.2704, Validation Set Manhattan Distance: 12.0, Mask Weight: 0.937
Epoch 349/20000, Train Loss: 0.2714, Validation Set Manhattan Distance: 12.0, Mask Weight: 0.937
Epoch 350/20000, Train Loss: 0.2718, Validation Set Manhattan Distance: 12.0, Mask Weight: 0.937
Epoch 351/20000, Train Loss: 0.2741, Validation Set Manhattan Distance: 12.0, Mask Weight: 0.937
Epoch 352/20000, Train Loss: 0.2699, Validation Set Manhattan Distance: 12.0, Mask Weight: 0.937
Epoch 353/20000, Train Loss: 0.2698, Validation Set Manhattan Distance: 12.0, Mask Weight: 0.937
Epoch 354/20000, Train Loss: 0.2701, Validation Set Manhattan Distance: 12.0, Mask Weight: 0.937
Epoch 355/20000, Train Loss: 0.2753, Validation Set Manhattan Distance: 12.0, Mask Weight: 0.937
Epoch 356/20000, Train Loss: 0.2727, Validation Set Manhattan Distance: 12.0, Mask Weight: 0.937
Epoch 357/20000, Train Loss: 0.2725, Validation Set Manhattan Distance: 12.0, Mask Weight: 0.937
Epoch 358/20000, Train Loss: 0.2701, Validation Set Manhattan Distance: 12.0, Mask Weight: 0.937
Epoch 359/20000, Train Loss: 0.2698, Validation Set Manhattan Distance: 12.0, Mask Weight: 0.937
Epoch 360/20000, Train Loss: 0.2701, Validation Set Manhattan Distance: 12.0, Mask Weight: 0.937
Epoch 361/20000, Train Loss: 0.2741, Validation Set Manhattan Distance: 12.0, Mask Weight: 0.937
Epoch 362/20000, Train Loss: 0.2690, Validation Set Manhattan Distance: 12.0, Mask Weight: 0.937
Epoch 363/20000, Train Loss: 0.2707, Validation Set Manhattan Distance: 12.0, Mask Weight: 0.937
Epoch 364/20000, Train Loss: 0.2705, Validation Set Manhattan Distance: 12.0, Mask Weight: 0.937
Epoch 365/20000, Train Loss: 0.2725, Validation Set Manhattan Distance: 12.0, Mask Weight: 0.937
Epoch 366/20000, Train Loss: 0.2693, Validation Set Manhattan Distance: 12.0, Mask Weight: 0.937
Epoch 367/20000, Train Loss: 0.2720, Validation Set Manhattan Distance: 12.0, Mask Weight: 0.937
Epoch 368/20000, Train Loss: 0.2689, Validation Set Manhattan Distance: 12.0, Mask Weight: 0.937
Epoch 369/20000, Train Loss: 0.2693, Validation Set Manhattan Distance: 12.0, Mask Weight: 0.937
Epoch 370/20000, Train Loss: 0.2693, Validation Set Manhattan Distance: 12.0, Mask Weight: 0.937
Epoch 371/20000, Train Loss: 0.2689, Validation Set Manhattan Distance: 12.0, Mask Weight: 0.937
Epoch 372/20000, Train Loss: 0.2708, Validation Set Manhattan Distance: 12.0, Mask Weight: 0.937
Epoch 373/20000, Train Loss: 0.2701, Validation Set Manhattan Distance: 12.0, Mask Weight: 0.937
Epoch 374/20000, Train Loss: 0.2710, Validation Set Manhattan Distance: 12.0, Mask Weight: 0.937
Epoch 375/20000, Train Loss: 0.2733, Validation Set Manhattan Distance: 12.0, Mask Weight: 0.937
Epoch 376/20000, Train Loss: 0.2726, Validation Set Manhattan Distance: 12.0, Mask Weight: 0.937
Epoch 377/20000, Train Loss: 0.2686, Validation Set Manhattan Distance: 12.0, Mask Weight: 0.937
Epoch 378/20000, Train Loss: 0.2686, Validation Set Manhattan Distance: 12.0, Mask Weight: 0.937
Epoch 379/20000, Train Loss: 0.2678, Validation Set Manhattan Distance: 12.0, Mask Weight: 0.937
Epoch 380/20000, Train Loss: 0.2718, Validation Set Manhattan Distance: 12.0, Mask Weight: 0.937
Epoch 381/20000, Train Loss: 0.2795, Validation Set Manhattan Distance: 12.0, Mask Weight: 0.937
Epoch 382/20000, Train Loss: 0.2682, Validation Set Manhattan Distance: 12.0, Mask Weight: 0.937
Epoch 383/20000, Train Loss: 0.2705, Validation Set Manhattan Distance: 12.0, Mask Weight: 0.937
Epoch 384/20000, Train Loss: 0.2710, Validation Set Manhattan Distance: 12.0, Mask Weight: 0.937
Epoch 385/20000, Train Loss: 0.2713, Validation Set Manhattan Distance: 12.0, Mask Weight: 0.937
Epoch 386/20000, Train Loss: 0.2702, Validation Set Manhattan Distance: 12.0, Mask Weight: 0.937
Epoch 387/20000, Train Loss: 0.2677, Validation Set Manhattan Distance: 12.0, Mask Weight: 0.937
Epoch 388/20000, Train Loss: 0.2684, Validation Set Manhattan Distance: 12.0, Mask Weight: 0.937
Epoch 389/20000, Train Loss: 0.2685, Validation Set Manhattan Distance: 12.0, Mask Weight: 0.937
Epoch 390/20000, Train Loss: 0.2735, Validation Set Manhattan Distance: 12.0, Mask Weight: 0.937
Epoch 391/20000, Train Loss: 0.2683, Validation Set Manhattan Distance: 12.0, Mask Weight: 0.937
Epoch 392/20000, Train Loss: 0.2694, Validation Set Manhattan Distance: 12.0, Mask Weight: 0.937
Epoch 393/20000, Train Loss: 0.2705, Validation Set Manhattan Distance: 12.0, Mask Weight: 0.937
Epoch 394/20000, Train Loss: 0.2696, Validation Set Manhattan Distance: 12.0, Mask Weight: 0.937
Epoch 395/20000, Train Loss: 0.2694, Validation Set Manhattan Distance: 12.0, Mask Weight: 0.937
Epoch 396/20000, Train Loss: 0.2710, Validation Set Manhattan Distance: 12.0, Mask Weight: 0.937
Epoch 397/20000, Train Loss: 0.2696, Validation Set Manhattan Distance: 12.0, Mask Weight: 0.937
Epoch 398/20000, Train Loss: 0.2724, Validation Set Manhattan Distance: 12.0, Mask Weight: 0.937
Epoch 399/20000, Train Loss: 0.2688, Validation Set Manhattan Distance: 12.0, Mask Weight: 0.937
Epoch 400/20000, Train Loss: 0.2680, Validation Set Manhattan Distance: 12.0, Mask Weight: 0.937
Epoch 401/20000, Train Loss: 0.2671, Validation Set Manhattan Distance: 12.0, Mask Weight: 0.937
Epoch 402/20000, Train Loss: 0.2689, Validation Set Manhattan Distance: 12.0, Mask Weight: 0.937
Epoch 403/20000, Train Loss: 0.2688, Validation Set Manhattan Distance: 12.0, Mask Weight: 0.937
Epoch 404/20000, Train Loss: 0.2688, Validation Set Manhattan Distance: 12.0, Mask Weight: 0.937
Epoch 405/20000, Train Loss: 0.2679, Validation Set Manhattan Distance: 12.0, Mask Weight: 0.937
Epoch 406/20000, Train Loss: 0.2714, Validation Set Manhattan Distance: 12.0, Mask Weight: 0.937
Epoch 407/20000, Train Loss: 0.2719, Validation Set Manhattan Distance: 12.0, Mask Weight: 0.937
Epoch 408/20000, Train Loss: 0.2697, Validation Set Manhattan Distance: 12.0, Mask Weight: 0.937
Epoch 409/20000, Train Loss: 0.2752, Validation Set Manhattan Distance: 12.0, Mask Weight: 0.937
Epoch 410/20000, Train Loss: 0.2710, Validation Set Manhattan Distance: 12.0, Mask Weight: 0.937
Epoch 411/20000, Train Loss: 0.2679, Validation Set Manhattan Distance: 12.0, Mask Weight: 0.937
Epoch 412/20000, Train Loss: 0.2685, Validation Set Manhattan Distance: 12.0, Mask Weight: 0.937
Epoch 413/20000, Train Loss: 0.2678, Validation Set Manhattan Distance: 12.0, Mask Weight: 0.937
Epoch 414/20000, Train Loss: 0.2686, Validation Set Manhattan Distance: 12.0, Mask Weight: 0.937
Epoch 415/20000, Train Loss: 0.2682, Validation Set Manhattan Distance: 12.0, Mask Weight: 0.937
Epoch 416/20000, Train Loss: 0.2694, Validation Set Manhattan Distance: 12.0, Mask Weight: 0.937
Epoch 417/20000, Train Loss: 0.2712, Validation Set Manhattan Distance: 12.0, Mask Weight: 0.937