Using device: cuda
Starting training with gradient-based adaptive weighted mask...
Epoch 1/20000, Train Loss: 56.8186, Validation Set Manhattan Distance: 588.0, Mask Weight: 1.000
  -> New best Validation Set Manhattan Distance: 588.0. Model saved.
Epoch 2/20000, Train Loss: 44.5730, Validation Set Manhattan Distance: 588.0, Mask Weight: 1.000
Epoch 3/20000, Train Loss: 36.5234, Validation Set Manhattan Distance: 576.0, Mask Weight: 1.000
  -> New best Validation Set Manhattan Distance: 576.0. Model saved.
Epoch 4/20000, Train Loss: 30.7542, Validation Set Manhattan Distance: 576.0, Mask Weight: 1.000
Epoch 5/20000, Train Loss: 26.2852, Validation Set Manhattan Distance: 570.0, Mask Weight: 1.000
  -> New best Validation Set Manhattan Distance: 570.0. Model saved.
Epoch 6/20000, Train Loss: 22.3887, Validation Set Manhattan Distance: 570.0, Mask Weight: 1.000
Epoch 7/20000, Train Loss: 19.0277, Validation Set Manhattan Distance: 570.0, Mask Weight: 1.000
Epoch 8/20000, Train Loss: 16.1554, Validation Set Manhattan Distance: 570.0, Mask Weight: 1.000
Epoch 9/20000, Train Loss: 13.6873, Validation Set Manhattan Distance: 570.0, Mask Weight: 1.000
Epoch 10/20000, Train Loss: 11.5734, Validation Set Manhattan Distance: 570.0, Mask Weight: 1.000
Epoch 11/20000, Train Loss: 9.7633, Validation Set Manhattan Distance: 570.0, Mask Weight: 1.000
Epoch 12/20000, Train Loss: 8.2203, Validation Set Manhattan Distance: 564.0, Mask Weight: 1.000
  -> New best Validation Set Manhattan Distance: 564.0. Model saved.
Epoch 13/20000, Train Loss: 6.9089, Validation Set Manhattan Distance: 564.0, Mask Weight: 1.000
Epoch 14/20000, Train Loss: 5.7955, Validation Set Manhattan Distance: 564.0, Mask Weight: 1.000
Epoch 15/20000, Train Loss: 4.8517, Validation Set Manhattan Distance: 564.0, Mask Weight: 1.000
Epoch 16/20000, Train Loss: 4.0536, Validation Set Manhattan Distance: 564.0, Mask Weight: 1.000
Epoch 17/20000, Train Loss: 3.3795, Validation Set Manhattan Distance: 564.0, Mask Weight: 1.000
Epoch 18/20000, Train Loss: 2.8123, Validation Set Manhattan Distance: 564.0, Mask Weight: 1.000
Epoch 19/20000, Train Loss: 2.3361, Validation Set Manhattan Distance: 564.0, Mask Weight: 1.000
Epoch 20/20000, Train Loss: 1.9375, Validation Set Manhattan Distance: 564.0, Mask Weight: 1.000
Epoch 21/20000, Train Loss: 1.6048, Validation Set Manhattan Distance: 564.0, Mask Weight: 1.000
Epoch 22/20000, Train Loss: 1.3277, Validation Set Manhattan Distance: 564.0, Mask Weight: 1.000
Epoch 23/20000, Train Loss: 1.0976, Validation Set Manhattan Distance: 564.0, Mask Weight: 1.000
Epoch 24/20000, Train Loss: 0.9069, Validation Set Manhattan Distance: 564.0, Mask Weight: 1.000
Epoch 25/20000, Train Loss: 0.7491, Validation Set Manhattan Distance: 564.0, Mask Weight: 1.000
Epoch 26/20000, Train Loss: 0.6187, Validation Set Manhattan Distance: 564.0, Mask Weight: 1.000
Epoch 27/20000, Train Loss: 0.5110, Validation Set Manhattan Distance: 564.0, Mask Weight: 1.000
Epoch 28/20000, Train Loss: 0.4222, Validation Set Manhattan Distance: 564.0, Mask Weight: 1.000
Epoch 29/20000, Train Loss: 0.3490, Validation Set Manhattan Distance: 564.0, Mask Weight: 1.000
Epoch 30/20000, Train Loss: 0.2887, Validation Set Manhattan Distance: 564.0, Mask Weight: 1.000
Epoch 31/20000, Train Loss: 0.2389, Validation Set Manhattan Distance: 564.0, Mask Weight: 1.000
Epoch 32/20000, Train Loss: 0.1980, Validation Set Manhattan Distance: 564.0, Mask Weight: 1.000
Epoch 33/20000, Train Loss: 0.1641, Validation Set Manhattan Distance: 564.0, Mask Weight: 1.000
Epoch 34/20000, Train Loss: 0.1361, Validation Set Manhattan Distance: 564.0, Mask Weight: 1.000
Epoch 35/20000, Train Loss: 0.1130, Validation Set Manhattan Distance: 564.0, Mask Weight: 1.000
  -> Train loss below 0.1. Mask weight reduction is now enabled.
Epoch 36/20000, Train Loss: 0.0939, Validation Set Manhattan Distance: 564.0, Mask Weight: 1.000
  -> Validation Set Manhattan Distance did not improve for 10 epochs.
  -> Unmasked Loss (Gradient Magnitude): 1.1274, Calculated Decrement: 0.0044
  -> Reducing mask weight to 0.996.
  -> Mask weight reduction is now disabled until train loss is below 0.001 again.
Epoch 37/20000, Train Loss: 0.2941, Validation Set Manhattan Distance: 12.0, Mask Weight: 0.996
  -> New best Validation Set Manhattan Distance: 12.0. Model saved.
Epoch 38/20000, Train Loss: 0.1092, Validation Set Manhattan Distance: 12.0, Mask Weight: 0.996
  -> Train loss below 0.1. Mask weight reduction is now enabled.
Epoch 39/20000, Train Loss: 0.0996, Validation Set Manhattan Distance: 12.0, Mask Weight: 0.996
Epoch 40/20000, Train Loss: 0.0899, Validation Set Manhattan Distance: 12.0, Mask Weight: 0.996
Epoch 41/20000, Train Loss: 0.0812, Validation Set Manhattan Distance: 12.0, Mask Weight: 0.996
Epoch 42/20000, Train Loss: 0.0749, Validation Set Manhattan Distance: 12.0, Mask Weight: 0.996
Epoch 43/20000, Train Loss: 0.0695, Validation Set Manhattan Distance: 12.0, Mask Weight: 0.996
Epoch 44/20000, Train Loss: 0.0651, Validation Set Manhattan Distance: 12.0, Mask Weight: 0.996
Epoch 45/20000, Train Loss: 0.0614, Validation Set Manhattan Distance: 12.0, Mask Weight: 0.996
Epoch 46/20000, Train Loss: 0.0583, Validation Set Manhattan Distance: 12.0, Mask Weight: 0.996
Epoch 47/20000, Train Loss: 0.0557, Validation Set Manhattan Distance: 12.0, Mask Weight: 0.996
  -> Validation Set Manhattan Distance did not improve for 10 epochs.
  -> Unmasked Loss (Gradient Magnitude): 0.0968, Calculated Decrement: 0.0516
  -> Reducing mask weight to 0.944.
  -> Mask weight reduction is now disabled until train loss is below 0.001 again.
Epoch 48/20000, Train Loss: 0.5521, Validation Set Manhattan Distance: 12.0, Mask Weight: 0.944
Epoch 49/20000, Train Loss: 0.5448, Validation Set Manhattan Distance: 12.0, Mask Weight: 0.944
Epoch 50/20000, Train Loss: 0.5379, Validation Set Manhattan Distance: 12.0, Mask Weight: 0.944
Epoch 51/20000, Train Loss: 0.5317, Validation Set Manhattan Distance: 12.0, Mask Weight: 0.944
Epoch 52/20000, Train Loss: 0.5260, Validation Set Manhattan Distance: 12.0, Mask Weight: 0.944
Epoch 53/20000, Train Loss: 0.5228, Validation Set Manhattan Distance: 12.0, Mask Weight: 0.944
Epoch 54/20000, Train Loss: 0.5214, Validation Set Manhattan Distance: 12.0, Mask Weight: 0.944
Epoch 55/20000, Train Loss: 0.5170, Validation Set Manhattan Distance: 12.0, Mask Weight: 0.944
Epoch 56/20000, Train Loss: 0.5168, Validation Set Manhattan Distance: 12.0, Mask Weight: 0.944
Epoch 57/20000, Train Loss: 0.5130, Validation Set Manhattan Distance: 12.0, Mask Weight: 0.944
Epoch 58/20000, Train Loss: 0.5134, Validation Set Manhattan Distance: 12.0, Mask Weight: 0.944
Epoch 59/20000, Train Loss: 0.5132, Validation Set Manhattan Distance: 12.0, Mask Weight: 0.944
Epoch 60/20000, Train Loss: 0.5104, Validation Set Manhattan Distance: 12.0, Mask Weight: 0.944
Epoch 61/20000, Train Loss: 0.5108, Validation Set Manhattan Distance: 12.0, Mask Weight: 0.944
Epoch 62/20000, Train Loss: 0.5027, Validation Set Manhattan Distance: 12.0, Mask Weight: 0.944
Epoch 63/20000, Train Loss: 0.4975, Validation Set Manhattan Distance: 12.0, Mask Weight: 0.944
Epoch 64/20000, Train Loss: 0.4876, Validation Set Manhattan Distance: 12.0, Mask Weight: 0.944
Epoch 65/20000, Train Loss: 0.4763, Validation Set Manhattan Distance: 12.0, Mask Weight: 0.944
Epoch 66/20000, Train Loss: 0.4599, Validation Set Manhattan Distance: 12.0, Mask Weight: 0.944
Epoch 67/20000, Train Loss: 0.4268, Validation Set Manhattan Distance: 12.0, Mask Weight: 0.944
Epoch 68/20000, Train Loss: 0.3774, Validation Set Manhattan Distance: 12.0, Mask Weight: 0.944
Epoch 69/20000, Train Loss: 0.3405, Validation Set Manhattan Distance: 12.0, Mask Weight: 0.944
Epoch 70/20000, Train Loss: 0.3660, Validation Set Manhattan Distance: 12.0, Mask Weight: 0.944
Epoch 71/20000, Train Loss: 0.3871, Validation Set Manhattan Distance: 12.0, Mask Weight: 0.944
Epoch 72/20000, Train Loss: 0.3532, Validation Set Manhattan Distance: 12.0, Mask Weight: 0.944
Epoch 73/20000, Train Loss: 0.3393, Validation Set Manhattan Distance: 12.0, Mask Weight: 0.944
Epoch 74/20000, Train Loss: 0.3332, Validation Set Manhattan Distance: 12.0, Mask Weight: 0.944
Epoch 75/20000, Train Loss: 0.3273, Validation Set Manhattan Distance: 12.0, Mask Weight: 0.944
Epoch 76/20000, Train Loss: 0.3248, Validation Set Manhattan Distance: 12.0, Mask Weight: 0.944
Epoch 77/20000, Train Loss: 0.3481, Validation Set Manhattan Distance: 12.0, Mask Weight: 0.944
Epoch 78/20000, Train Loss: 0.3023, Validation Set Manhattan Distance: 12.0, Mask Weight: 0.944
Epoch 79/20000, Train Loss: 0.2969, Validation Set Manhattan Distance: 12.0, Mask Weight: 0.944
Epoch 80/20000, Train Loss: 0.2899, Validation Set Manhattan Distance: 12.0, Mask Weight: 0.944
Epoch 81/20000, Train Loss: 0.2755, Validation Set Manhattan Distance: 12.0, Mask Weight: 0.944
Epoch 82/20000, Train Loss: 0.2686, Validation Set Manhattan Distance: 12.0, Mask Weight: 0.944
Epoch 83/20000, Train Loss: 0.2841, Validation Set Manhattan Distance: 12.0, Mask Weight: 0.944
Epoch 84/20000, Train Loss: 0.3147, Validation Set Manhattan Distance: 12.0, Mask Weight: 0.944
Epoch 85/20000, Train Loss: 0.3508, Validation Set Manhattan Distance: 12.0, Mask Weight: 0.944
Epoch 86/20000, Train Loss: 0.2922, Validation Set Manhattan Distance: 12.0, Mask Weight: 0.944
Epoch 87/20000, Train Loss: 0.2814, Validation Set Manhattan Distance: 12.0, Mask Weight: 0.944
Epoch 88/20000, Train Loss: 0.2784, Validation Set Manhattan Distance: 12.0, Mask Weight: 0.944
Epoch 89/20000, Train Loss: 0.2864, Validation Set Manhattan Distance: 12.0, Mask Weight: 0.944
Epoch 90/20000, Train Loss: 0.2678, Validation Set Manhattan Distance: 12.0, Mask Weight: 0.944
Epoch 91/20000, Train Loss: 0.2625, Validation Set Manhattan Distance: 12.0, Mask Weight: 0.944
Epoch 92/20000, Train Loss: 0.2624, Validation Set Manhattan Distance: 12.0, Mask Weight: 0.944
Epoch 93/20000, Train Loss: 0.2595, Validation Set Manhattan Distance: 12.0, Mask Weight: 0.944
Epoch 94/20000, Train Loss: 0.2772, Validation Set Manhattan Distance: 12.0, Mask Weight: 0.944
Epoch 95/20000, Train Loss: 0.2609, Validation Set Manhattan Distance: 12.0, Mask Weight: 0.944
Epoch 96/20000, Train Loss: 0.2572, Validation Set Manhattan Distance: 12.0, Mask Weight: 0.944
Epoch 97/20000, Train Loss: 0.2567, Validation Set Manhattan Distance: 12.0, Mask Weight: 0.944
Epoch 98/20000, Train Loss: 0.2555, Validation Set Manhattan Distance: 12.0, Mask Weight: 0.944
Epoch 99/20000, Train Loss: 0.2583, Validation Set Manhattan Distance: 12.0, Mask Weight: 0.944
Epoch 100/20000, Train Loss: 0.3081, Validation Set Manhattan Distance: 12.0, Mask Weight: 0.944
Epoch 101/20000, Train Loss: 0.2752, Validation Set Manhattan Distance: 12.0, Mask Weight: 0.944
Epoch 102/20000, Train Loss: 0.2578, Validation Set Manhattan Distance: 12.0, Mask Weight: 0.944
Epoch 103/20000, Train Loss: 0.2609, Validation Set Manhattan Distance: 12.0, Mask Weight: 0.944
Epoch 104/20000, Train Loss: 0.2509, Validation Set Manhattan Distance: 12.0, Mask Weight: 0.944
Epoch 105/20000, Train Loss: 0.2507, Validation Set Manhattan Distance: 12.0, Mask Weight: 0.944
Epoch 106/20000, Train Loss: 0.2491, Validation Set Manhattan Distance: 12.0, Mask Weight: 0.944
Epoch 107/20000, Train Loss: 0.2493, Validation Set Manhattan Distance: 12.0, Mask Weight: 0.944
Epoch 108/20000, Train Loss: 0.2516, Validation Set Manhattan Distance: 12.0, Mask Weight: 0.944
Epoch 109/20000, Train Loss: 0.2527, Validation Set Manhattan Distance: 12.0, Mask Weight: 0.944
Epoch 110/20000, Train Loss: 0.2486, Validation Set Manhattan Distance: 12.0, Mask Weight: 0.944
Epoch 111/20000, Train Loss: 0.2537, Validation Set Manhattan Distance: 12.0, Mask Weight: 0.944
Epoch 112/20000, Train Loss: 0.2466, Validation Set Manhattan Distance: 12.0, Mask Weight: 0.944
Epoch 113/20000, Train Loss: 0.2471, Validation Set Manhattan Distance: 12.0, Mask Weight: 0.944
Epoch 114/20000, Train Loss: 0.2490, Validation Set Manhattan Distance: 12.0, Mask Weight: 0.944
Epoch 115/20000, Train Loss: 0.2490, Validation Set Manhattan Distance: 12.0, Mask Weight: 0.944
Epoch 116/20000, Train Loss: 0.2471, Validation Set Manhattan Distance: 12.0, Mask Weight: 0.944
Epoch 117/20000, Train Loss: 0.2459, Validation Set Manhattan Distance: 12.0, Mask Weight: 0.944
Epoch 118/20000, Train Loss: 0.2468, Validation Set Manhattan Distance: 12.0, Mask Weight: 0.944
Epoch 119/20000, Train Loss: 0.2447, Validation Set Manhattan Distance: 12.0, Mask Weight: 0.944
Epoch 120/20000, Train Loss: 0.2459, Validation Set Manhattan Distance: 12.0, Mask Weight: 0.944
Epoch 121/20000, Train Loss: 0.2444, Validation Set Manhattan Distance: 12.0, Mask Weight: 0.944
Epoch 122/20000, Train Loss: 0.2438, Validation Set Manhattan Distance: 12.0, Mask Weight: 0.944
Epoch 123/20000, Train Loss: 0.2450, Validation Set Manhattan Distance: 12.0, Mask Weight: 0.944
Epoch 124/20000, Train Loss: 0.2443, Validation Set Manhattan Distance: 12.0, Mask Weight: 0.944
Epoch 125/20000, Train Loss: 0.2439, Validation Set Manhattan Distance: 12.0, Mask Weight: 0.944
Epoch 126/20000, Train Loss: 0.2463, Validation Set Manhattan Distance: 12.0, Mask Weight: 0.944
Epoch 127/20000, Train Loss: 0.2455, Validation Set Manhattan Distance: 12.0, Mask Weight: 0.944
Epoch 128/20000, Train Loss: 0.2481, Validation Set Manhattan Distance: 12.0, Mask Weight: 0.944
Epoch 129/20000, Train Loss: 0.2485, Validation Set Manhattan Distance: 12.0, Mask Weight: 0.944
Epoch 130/20000, Train Loss: 0.2438, Validation Set Manhattan Distance: 12.0, Mask Weight: 0.944
Epoch 131/20000, Train Loss: 0.2442, Validation Set Manhattan Distance: 12.0, Mask Weight: 0.944
Epoch 132/20000, Train Loss: 0.2456, Validation Set Manhattan Distance: 12.0, Mask Weight: 0.944
Epoch 133/20000, Train Loss: 0.2467, Validation Set Manhattan Distance: 12.0, Mask Weight: 0.944
Epoch 134/20000, Train Loss: 0.2420, Validation Set Manhattan Distance: 12.0, Mask Weight: 0.944
Epoch 135/20000, Train Loss: 0.2430, Validation Set Manhattan Distance: 12.0, Mask Weight: 0.944
Epoch 136/20000, Train Loss: 0.2412, Validation Set Manhattan Distance: 12.0, Mask Weight: 0.944
Epoch 137/20000, Train Loss: 0.2422, Validation Set Manhattan Distance: 12.0, Mask Weight: 0.944
Epoch 138/20000, Train Loss: 0.2427, Validation Set Manhattan Distance: 12.0, Mask Weight: 0.944
Epoch 139/20000, Train Loss: 0.2429, Validation Set Manhattan Distance: 12.0, Mask Weight: 0.944
Epoch 140/20000, Train Loss: 0.2466, Validation Set Manhattan Distance: 12.0, Mask Weight: 0.944
Epoch 141/20000, Train Loss: 0.2415, Validation Set Manhattan Distance: 12.0, Mask Weight: 0.944
Epoch 142/20000, Train Loss: 0.2488, Validation Set Manhattan Distance: 12.0, Mask Weight: 0.944
Epoch 143/20000, Train Loss: 0.2507, Validation Set Manhattan Distance: 12.0, Mask Weight: 0.944
Epoch 144/20000, Train Loss: 0.2433, Validation Set Manhattan Distance: 12.0, Mask Weight: 0.944
Epoch 145/20000, Train Loss: 0.2416, Validation Set Manhattan Distance: 12.0, Mask Weight: 0.944
Epoch 146/20000, Train Loss: 0.2453, Validation Set Manhattan Distance: 12.0, Mask Weight: 0.944
Epoch 147/20000, Train Loss: 0.2449, Validation Set Manhattan Distance: 12.0, Mask Weight: 0.944
Epoch 148/20000, Train Loss: 0.2456, Validation Set Manhattan Distance: 12.0, Mask Weight: 0.944
Epoch 149/20000, Train Loss: 0.2408, Validation Set Manhattan Distance: 12.0, Mask Weight: 0.944
Epoch 150/20000, Train Loss: 0.2419, Validation Set Manhattan Distance: 12.0, Mask Weight: 0.944
Epoch 151/20000, Train Loss: 0.2429, Validation Set Manhattan Distance: 12.0, Mask Weight: 0.944
Epoch 152/20000, Train Loss: 0.2416, Validation Set Manhattan Distance: 12.0, Mask Weight: 0.944
Epoch 153/20000, Train Loss: 0.2418, Validation Set Manhattan Distance: 12.0, Mask Weight: 0.944
Epoch 154/20000, Train Loss: 0.2396, Validation Set Manhattan Distance: 12.0, Mask Weight: 0.944
Epoch 155/20000, Train Loss: 0.2469, Validation Set Manhattan Distance: 12.0, Mask Weight: 0.944
Epoch 156/20000, Train Loss: 0.2437, Validation Set Manhattan Distance: 12.0, Mask Weight: 0.944
Epoch 157/20000, Train Loss: 0.2464, Validation Set Manhattan Distance: 12.0, Mask Weight: 0.944
Epoch 158/20000, Train Loss: 0.2428, Validation Set Manhattan Distance: 12.0, Mask Weight: 0.944
Epoch 159/20000, Train Loss: 0.2395, Validation Set Manhattan Distance: 12.0, Mask Weight: 0.944
Epoch 160/20000, Train Loss: 0.2414, Validation Set Manhattan Distance: 12.0, Mask Weight: 0.944
Epoch 161/20000, Train Loss: 0.2399, Validation Set Manhattan Distance: 12.0, Mask Weight: 0.944
Epoch 162/20000, Train Loss: 0.2397, Validation Set Manhattan Distance: 12.0, Mask Weight: 0.944
Epoch 163/20000, Train Loss: 0.2402, Validation Set Manhattan Distance: 12.0, Mask Weight: 0.944
Epoch 164/20000, Train Loss: 0.2416, Validation Set Manhattan Distance: 12.0, Mask Weight: 0.944
Epoch 165/20000, Train Loss: 0.2400, Validation Set Manhattan Distance: 12.0, Mask Weight: 0.944
Epoch 166/20000, Train Loss: 0.2416, Validation Set Manhattan Distance: 12.0, Mask Weight: 0.944
Epoch 167/20000, Train Loss: 0.2428, Validation Set Manhattan Distance: 12.0, Mask Weight: 0.944
Epoch 168/20000, Train Loss: 0.2429, Validation Set Manhattan Distance: 12.0, Mask Weight: 0.944
Epoch 169/20000, Train Loss: 0.2447, Validation Set Manhattan Distance: 12.0, Mask Weight: 0.944
Epoch 170/20000, Train Loss: 0.2453, Validation Set Manhattan Distance: 12.0, Mask Weight: 0.944
Epoch 171/20000, Train Loss: 0.2433, Validation Set Manhattan Distance: 12.0, Mask Weight: 0.944
Epoch 172/20000, Train Loss: 0.2419, Validation Set Manhattan Distance: 12.0, Mask Weight: 0.944
Epoch 173/20000, Train Loss: 0.2415, Validation Set Manhattan Distance: 12.0, Mask Weight: 0.944
Epoch 174/20000, Train Loss: 0.2426, Validation Set Manhattan Distance: 12.0, Mask Weight: 0.944
Epoch 175/20000, Train Loss: 0.2425, Validation Set Manhattan Distance: 12.0, Mask Weight: 0.944
Epoch 176/20000, Train Loss: 0.2408, Validation Set Manhattan Distance: 12.0, Mask Weight: 0.944
Epoch 177/20000, Train Loss: 0.2418, Validation Set Manhattan Distance: 12.0, Mask Weight: 0.944
Epoch 178/20000, Train Loss: 0.2428, Validation Set Manhattan Distance: 12.0, Mask Weight: 0.944
Epoch 179/20000, Train Loss: 0.2426, Validation Set Manhattan Distance: 12.0, Mask Weight: 0.944
Epoch 180/20000, Train Loss: 0.2411, Validation Set Manhattan Distance: 12.0, Mask Weight: 0.944
Epoch 181/20000, Train Loss: 0.2432, Validation Set Manhattan Distance: 12.0, Mask Weight: 0.944
Epoch 182/20000, Train Loss: 0.2424, Validation Set Manhattan Distance: 12.0, Mask Weight: 0.944
Epoch 183/20000, Train Loss: 0.2437, Validation Set Manhattan Distance: 12.0, Mask Weight: 0.944
Epoch 184/20000, Train Loss: 0.2457, Validation Set Manhattan Distance: 12.0, Mask Weight: 0.944
Epoch 185/20000, Train Loss: 0.2473, Validation Set Manhattan Distance: 12.0, Mask Weight: 0.944
Epoch 186/20000, Train Loss: 0.2400, Validation Set Manhattan Distance: 12.0, Mask Weight: 0.944
Epoch 187/20000, Train Loss: 0.2425, Validation Set Manhattan Distance: 12.0, Mask Weight: 0.944
Epoch 188/20000, Train Loss: 0.2418, Validation Set Manhattan Distance: 12.0, Mask Weight: 0.944
Epoch 189/20000, Train Loss: 0.2400, Validation Set Manhattan Distance: 12.0, Mask Weight: 0.944
Epoch 190/20000, Train Loss: 0.2419, Validation Set Manhattan Distance: 12.0, Mask Weight: 0.944
Epoch 191/20000, Train Loss: 0.2396, Validation Set Manhattan Distance: 12.0, Mask Weight: 0.944
Epoch 192/20000, Train Loss: 0.2383, Validation Set Manhattan Distance: 12.0, Mask Weight: 0.944
Epoch 193/20000, Train Loss: 0.2387, Validation Set Manhattan Distance: 12.0, Mask Weight: 0.944
Epoch 194/20000, Train Loss: 0.2392, Validation Set Manhattan Distance: 12.0, Mask Weight: 0.944
Epoch 195/20000, Train Loss: 0.2430, Validation Set Manhattan Distance: 12.0, Mask Weight: 0.944
Epoch 196/20000, Train Loss: 0.2396, Validation Set Manhattan Distance: 12.0, Mask Weight: 0.944
Epoch 197/20000, Train Loss: 0.2407, Validation Set Manhattan Distance: 12.0, Mask Weight: 0.944
Epoch 198/20000, Train Loss: 0.2399, Validation Set Manhattan Distance: 12.0, Mask Weight: 0.944
Epoch 199/20000, Train Loss: 0.2405, Validation Set Manhattan Distance: 12.0, Mask Weight: 0.944
Epoch 200/20000, Train Loss: 0.2431, Validation Set Manhattan Distance: 12.0, Mask Weight: 0.944
Epoch 201/20000, Train Loss: 0.2471, Validation Set Manhattan Distance: 12.0, Mask Weight: 0.944
Epoch 202/20000, Train Loss: 0.2437, Validation Set Manhattan Distance: 12.0, Mask Weight: 0.944
Epoch 203/20000, Train Loss: 0.2428, Validation Set Manhattan Distance: 12.0, Mask Weight: 0.944
Epoch 204/20000, Train Loss: 0.2423, Validation Set Manhattan Distance: 12.0, Mask Weight: 0.944
Epoch 205/20000, Train Loss: 0.2407, Validation Set Manhattan Distance: 12.0, Mask Weight: 0.944
Epoch 206/20000, Train Loss: 0.2395, Validation Set Manhattan Distance: 12.0, Mask Weight: 0.944
Epoch 207/20000, Train Loss: 0.2406, Validation Set Manhattan Distance: 12.0, Mask Weight: 0.944
Epoch 208/20000, Train Loss: 0.2394, Validation Set Manhattan Distance: 12.0, Mask Weight: 0.944
Epoch 209/20000, Train Loss: 0.2410, Validation Set Manhattan Distance: 12.0, Mask Weight: 0.944
Epoch 210/20000, Train Loss: 0.2379, Validation Set Manhattan Distance: 12.0, Mask Weight: 0.944
Epoch 211/20000, Train Loss: 0.2387, Validation Set Manhattan Distance: 12.0, Mask Weight: 0.944
Epoch 212/20000, Train Loss: 0.2396, Validation Set Manhattan Distance: 12.0, Mask Weight: 0.944
Epoch 213/20000, Train Loss: 0.2401, Validation Set Manhattan Distance: 12.0, Mask Weight: 0.944
Epoch 214/20000, Train Loss: 0.2393, Validation Set Manhattan Distance: 12.0, Mask Weight: 0.944
Epoch 215/20000, Train Loss: 0.2383, Validation Set Manhattan Distance: 12.0, Mask Weight: 0.944
Epoch 216/20000, Train Loss: 0.2400, Validation Set Manhattan Distance: 12.0, Mask Weight: 0.944
Epoch 217/20000, Train Loss: 0.2391, Validation Set Manhattan Distance: 12.0, Mask Weight: 0.944
Epoch 218/20000, Train Loss: 0.3474, Validation Set Manhattan Distance: 12.0, Mask Weight: 0.944
Epoch 219/20000, Train Loss: 0.6961, Validation Set Manhattan Distance: 12.0, Mask Weight: 0.944
Epoch 220/20000, Train Loss: 0.6106, Validation Set Manhattan Distance: 12.0, Mask Weight: 0.944
Epoch 221/20000, Train Loss: 0.5070, Validation Set Manhattan Distance: 12.0, Mask Weight: 0.944
Epoch 222/20000, Train Loss: 0.4683, Validation Set Manhattan Distance: 12.0, Mask Weight: 0.944
Epoch 223/20000, Train Loss: 0.4540, Validation Set Manhattan Distance: 12.0, Mask Weight: 0.944
Epoch 224/20000, Train Loss: 0.4460, Validation Set Manhattan Distance: 12.0, Mask Weight: 0.944
Epoch 225/20000, Train Loss: 0.4401, Validation Set Manhattan Distance: 12.0, Mask Weight: 0.944
Epoch 226/20000, Train Loss: 0.4329, Validation Set Manhattan Distance: 12.0, Mask Weight: 0.944
Epoch 227/20000, Train Loss: 0.4270, Validation Set Manhattan Distance: 12.0, Mask Weight: 0.944
Epoch 228/20000, Train Loss: 0.4232, Validation Set Manhattan Distance: 12.0, Mask Weight: 0.944
Epoch 229/20000, Train Loss: 0.4197, Validation Set Manhattan Distance: 12.0, Mask Weight: 0.944
Epoch 230/20000, Train Loss: 0.4139, Validation Set Manhattan Distance: 12.0, Mask Weight: 0.944
Epoch 231/20000, Train Loss: 0.4060, Validation Set Manhattan Distance: 12.0, Mask Weight: 0.944
Epoch 232/20000, Train Loss: 0.3958, Validation Set Manhattan Distance: 12.0, Mask Weight: 0.944
Epoch 233/20000, Train Loss: 0.3826, Validation Set Manhattan Distance: 12.0, Mask Weight: 0.944
Epoch 234/20000, Train Loss: 0.3768, Validation Set Manhattan Distance: 12.0, Mask Weight: 0.944
Epoch 235/20000, Train Loss: 0.3556, Validation Set Manhattan Distance: 12.0, Mask Weight: 0.944
Epoch 236/20000, Train Loss: 0.3478, Validation Set Manhattan Distance: 12.0, Mask Weight: 0.944
Epoch 237/20000, Train Loss: 0.3614, Validation Set Manhattan Distance: 12.0, Mask Weight: 0.944
Epoch 238/20000, Train Loss: 0.3206, Validation Set Manhattan Distance: 12.0, Mask Weight: 0.944
Epoch 239/20000, Train Loss: 0.3024, Validation Set Manhattan Distance: 12.0, Mask Weight: 0.944
Epoch 240/20000, Train Loss: 0.2895, Validation Set Manhattan Distance: 12.0, Mask Weight: 0.944
Epoch 241/20000, Train Loss: 0.2701, Validation Set Manhattan Distance: 12.0, Mask Weight: 0.944
Epoch 242/20000, Train Loss: 0.2833, Validation Set Manhattan Distance: 12.0, Mask Weight: 0.944
Epoch 243/20000, Train Loss: 0.2744, Validation Set Manhattan Distance: 12.0, Mask Weight: 0.944
Epoch 244/20000, Train Loss: 0.3479, Validation Set Manhattan Distance: 12.0, Mask Weight: 0.944
Epoch 245/20000, Train Loss: 0.3257, Validation Set Manhattan Distance: 12.0, Mask Weight: 0.944
Epoch 246/20000, Train Loss: 0.2911, Validation Set Manhattan Distance: 12.0, Mask Weight: 0.944
Epoch 247/20000, Train Loss: 0.2679, Validation Set Manhattan Distance: 12.0, Mask Weight: 0.944
Epoch 248/20000, Train Loss: 0.2684, Validation Set Manhattan Distance: 12.0, Mask Weight: 0.944
Epoch 249/20000, Train Loss: 0.2609, Validation Set Manhattan Distance: 12.0, Mask Weight: 0.944
Epoch 250/20000, Train Loss: 0.2576, Validation Set Manhattan Distance: 12.0, Mask Weight: 0.944
Epoch 251/20000, Train Loss: 0.2540, Validation Set Manhattan Distance: 12.0, Mask Weight: 0.944
Epoch 252/20000, Train Loss: 0.2462, Validation Set Manhattan Distance: 12.0, Mask Weight: 0.944
Epoch 253/20000, Train Loss: 0.2474, Validation Set Manhattan Distance: 12.0, Mask Weight: 0.944
Epoch 254/20000, Train Loss: 0.2413, Validation Set Manhattan Distance: 12.0, Mask Weight: 0.944
Epoch 255/20000, Train Loss: 0.2429, Validation Set Manhattan Distance: 12.0, Mask Weight: 0.944
Epoch 256/20000, Train Loss: 0.2410, Validation Set Manhattan Distance: 12.0, Mask Weight: 0.944
Epoch 257/20000, Train Loss: 0.2396, Validation Set Manhattan Distance: 12.0, Mask Weight: 0.944
Epoch 258/20000, Train Loss: 0.2426, Validation Set Manhattan Distance: 12.0, Mask Weight: 0.944
Epoch 259/20000, Train Loss: 0.2410, Validation Set Manhattan Distance: 12.0, Mask Weight: 0.944
Epoch 260/20000, Train Loss: 0.2388, Validation Set Manhattan Distance: 12.0, Mask Weight: 0.944
Epoch 261/20000, Train Loss: 0.2409, Validation Set Manhattan Distance: 12.0, Mask Weight: 0.944
Epoch 262/20000, Train Loss: 0.2386, Validation Set Manhattan Distance: 12.0, Mask Weight: 0.944
Epoch 263/20000, Train Loss: 0.2413, Validation Set Manhattan Distance: 12.0, Mask Weight: 0.944
Epoch 264/20000, Train Loss: 0.2397, Validation Set Manhattan Distance: 12.0, Mask Weight: 0.944
Epoch 265/20000, Train Loss: 0.2400, Validation Set Manhattan Distance: 12.0, Mask Weight: 0.944
Epoch 266/20000, Train Loss: 0.2422, Validation Set Manhattan Distance: 12.0, Mask Weight: 0.944
Epoch 267/20000, Train Loss: 0.2415, Validation Set Manhattan Distance: 12.0, Mask Weight: 0.944
Epoch 268/20000, Train Loss: 0.2401, Validation Set Manhattan Distance: 12.0, Mask Weight: 0.944
Epoch 269/20000, Train Loss: 0.2423, Validation Set Manhattan Distance: 12.0, Mask Weight: 0.944
Epoch 270/20000, Train Loss: 0.2415, Validation Set Manhattan Distance: 12.0, Mask Weight: 0.944
Epoch 271/20000, Train Loss: 0.2440, Validation Set Manhattan Distance: 12.0, Mask Weight: 0.944
Epoch 272/20000, Train Loss: 0.8071, Validation Set Manhattan Distance: 12.0, Mask Weight: 0.944
Epoch 273/20000, Train Loss: 0.6718, Validation Set Manhattan Distance: 12.0, Mask Weight: 0.944
Epoch 274/20000, Train Loss: 0.6387, Validation Set Manhattan Distance: 12.0, Mask Weight: 0.944
Epoch 275/20000, Train Loss: 0.5794, Validation Set Manhattan Distance: 12.0, Mask Weight: 0.944
Epoch 276/20000, Train Loss: 0.5043, Validation Set Manhattan Distance: 12.0, Mask Weight: 0.944
Epoch 277/20000, Train Loss: 0.4669, Validation Set Manhattan Distance: 12.0, Mask Weight: 0.944
Epoch 278/20000, Train Loss: 0.4593, Validation Set Manhattan Distance: 12.0, Mask Weight: 0.944
Epoch 279/20000, Train Loss: 0.4490, Validation Set Manhattan Distance: 12.0, Mask Weight: 0.944
Epoch 280/20000, Train Loss: 0.4408, Validation Set Manhattan Distance: 12.0, Mask Weight: 0.944
Epoch 281/20000, Train Loss: 0.4311, Validation Set Manhattan Distance: 12.0, Mask Weight: 0.944
Epoch 282/20000, Train Loss: 0.4218, Validation Set Manhattan Distance: 12.0, Mask Weight: 0.944
Epoch 283/20000, Train Loss: 0.4108, Validation Set Manhattan Distance: 12.0, Mask Weight: 0.944
Epoch 284/20000, Train Loss: 0.4020, Validation Set Manhattan Distance: 12.0, Mask Weight: 0.944
Epoch 285/20000, Train Loss: 0.3938, Validation Set Manhattan Distance: 12.0, Mask Weight: 0.944
Epoch 286/20000, Train Loss: 0.3824, Validation Set Manhattan Distance: 12.0, Mask Weight: 0.944
Epoch 287/20000, Train Loss: 0.3697, Validation Set Manhattan Distance: 12.0, Mask Weight: 0.944
Epoch 288/20000, Train Loss: 0.3549, Validation Set Manhattan Distance: 12.0, Mask Weight: 0.944
Epoch 289/20000, Train Loss: 0.3418, Validation Set Manhattan Distance: 12.0, Mask Weight: 0.944
Epoch 290/20000, Train Loss: 0.3279, Validation Set Manhattan Distance: 12.0, Mask Weight: 0.944
Epoch 291/20000, Train Loss: 0.3121, Validation Set Manhattan Distance: 12.0, Mask Weight: 0.944
Epoch 292/20000, Train Loss: 0.3086, Validation Set Manhattan Distance: 12.0, Mask Weight: 0.944
Epoch 293/20000, Train Loss: 0.2959, Validation Set Manhattan Distance: 12.0, Mask Weight: 0.944
Epoch 294/20000, Train Loss: 0.2982, Validation Set Manhattan Distance: 12.0, Mask Weight: 0.944
Epoch 295/20000, Train Loss: 0.2763, Validation Set Manhattan Distance: 12.0, Mask Weight: 0.944
Epoch 296/20000, Train Loss: 0.2735, Validation Set Manhattan Distance: 12.0, Mask Weight: 0.944
Epoch 297/20000, Train Loss: 0.2601, Validation Set Manhattan Distance: 12.0, Mask Weight: 0.944
Epoch 298/20000, Train Loss: 0.2697, Validation Set Manhattan Distance: 12.0, Mask Weight: 0.944
Epoch 299/20000, Train Loss: 0.2923, Validation Set Manhattan Distance: 12.0, Mask Weight: 0.944
Epoch 300/20000, Train Loss: 0.2613, Validation Set Manhattan Distance: 12.0, Mask Weight: 0.944
Epoch 301/20000, Train Loss: 0.2549, Validation Set Manhattan Distance: 12.0, Mask Weight: 0.944
Epoch 302/20000, Train Loss: 0.2524, Validation Set Manhattan Distance: 12.0, Mask Weight: 0.944
Epoch 303/20000, Train Loss: 0.2463, Validation Set Manhattan Distance: 12.0, Mask Weight: 0.944
Epoch 304/20000, Train Loss: 0.2459, Validation Set Manhattan Distance: 12.0, Mask Weight: 0.944
Epoch 305/20000, Train Loss: 0.2460, Validation Set Manhattan Distance: 12.0, Mask Weight: 0.944
Epoch 306/20000, Train Loss: 0.2464, Validation Set Manhattan Distance: 12.0, Mask Weight: 0.944
Epoch 307/20000, Train Loss: 0.2504, Validation Set Manhattan Distance: 12.0, Mask Weight: 0.944
Epoch 308/20000, Train Loss: 0.2501, Validation Set Manhattan Distance: 12.0, Mask Weight: 0.944
Epoch 309/20000, Train Loss: 0.2479, Validation Set Manhattan Distance: 12.0, Mask Weight: 0.944
Epoch 310/20000, Train Loss: 0.2473, Validation Set Manhattan Distance: 12.0, Mask Weight: 0.944
Epoch 311/20000, Train Loss: 0.3169, Validation Set Manhattan Distance: 12.0, Mask Weight: 0.944
Epoch 312/20000, Train Loss: 0.5956, Validation Set Manhattan Distance: 12.0, Mask Weight: 0.944
Epoch 313/20000, Train Loss: 0.6509, Validation Set Manhattan Distance: 12.0, Mask Weight: 0.944
Epoch 314/20000, Train Loss: 0.6262, Validation Set Manhattan Distance: 12.0, Mask Weight: 0.944
Epoch 315/20000, Train Loss: 0.5916, Validation Set Manhattan Distance: 12.0, Mask Weight: 0.944
Epoch 316/20000, Train Loss: 0.5540, Validation Set Manhattan Distance: 12.0, Mask Weight: 0.944
Epoch 317/20000, Train Loss: 0.5174, Validation Set Manhattan Distance: 12.0, Mask Weight: 0.944
Epoch 318/20000, Train Loss: 0.4855, Validation Set Manhattan Distance: 12.0, Mask Weight: 0.944
Epoch 319/20000, Train Loss: 0.4630, Validation Set Manhattan Distance: 12.0, Mask Weight: 0.944
Epoch 320/20000, Train Loss: 0.4463, Validation Set Manhattan Distance: 12.0, Mask Weight: 0.944
Epoch 321/20000, Train Loss: 0.4319, Validation Set Manhattan Distance: 12.0, Mask Weight: 0.944
Epoch 322/20000, Train Loss: 0.4192, Validation Set Manhattan Distance: 12.0, Mask Weight: 0.944
Epoch 323/20000, Train Loss: 0.4057, Validation Set Manhattan Distance: 12.0, Mask Weight: 0.944
Epoch 324/20000, Train Loss: 0.3944, Validation Set Manhattan Distance: 12.0, Mask Weight: 0.944
Epoch 325/20000, Train Loss: 0.3819, Validation Set Manhattan Distance: 12.0, Mask Weight: 0.944
Epoch 326/20000, Train Loss: 0.3661, Validation Set Manhattan Distance: 12.0, Mask Weight: 0.944
Epoch 327/20000, Train Loss: 0.3472, Validation Set Manhattan Distance: 12.0, Mask Weight: 0.944
Epoch 328/20000, Train Loss: 0.3276, Validation Set Manhattan Distance: 12.0, Mask Weight: 0.944
Epoch 329/20000, Train Loss: 0.3079, Validation Set Manhattan Distance: 12.0, Mask Weight: 0.944
Epoch 330/20000, Train Loss: 0.2897, Validation Set Manhattan Distance: 12.0, Mask Weight: 0.944
Epoch 331/20000, Train Loss: 0.2757, Validation Set Manhattan Distance: 12.0, Mask Weight: 0.944
Epoch 332/20000, Train Loss: 0.2614, Validation Set Manhattan Distance: 12.0, Mask Weight: 0.944
Epoch 333/20000, Train Loss: 0.2583, Validation Set Manhattan Distance: 12.0, Mask Weight: 0.944
Epoch 334/20000, Train Loss: 0.2572, Validation Set Manhattan Distance: 12.0, Mask Weight: 0.944
Epoch 335/20000, Train Loss: 0.2487, Validation Set Manhattan Distance: 12.0, Mask Weight: 0.944
Epoch 336/20000, Train Loss: 0.2508, Validation Set Manhattan Distance: 12.0, Mask Weight: 0.944
Epoch 337/20000, Train Loss: 0.2452, Validation Set Manhattan Distance: 12.0, Mask Weight: 0.944
Epoch 338/20000, Train Loss: 0.2477, Validation Set Manhattan Distance: 12.0, Mask Weight: 0.944
Epoch 339/20000, Train Loss: 0.2465, Validation Set Manhattan Distance: 12.0, Mask Weight: 0.944
Epoch 340/20000, Train Loss: 0.2428, Validation Set Manhattan Distance: 12.0, Mask Weight: 0.944
Epoch 341/20000, Train Loss: 0.2424, Validation Set Manhattan Distance: 12.0, Mask Weight: 0.944
Epoch 342/20000, Train Loss: 0.2403, Validation Set Manhattan Distance: 12.0, Mask Weight: 0.944
Epoch 343/20000, Train Loss: 0.2413, Validation Set Manhattan Distance: 12.0, Mask Weight: 0.944
Epoch 344/20000, Train Loss: 0.2424, Validation Set Manhattan Distance: 12.0, Mask Weight: 0.944
Epoch 345/20000, Train Loss: 0.2402, Validation Set Manhattan Distance: 12.0, Mask Weight: 0.944
Epoch 346/20000, Train Loss: 0.2403, Validation Set Manhattan Distance: 12.0, Mask Weight: 0.944
Epoch 347/20000, Train Loss: 0.2403, Validation Set Manhattan Distance: 12.0, Mask Weight: 0.944
Epoch 348/20000, Train Loss: 0.2407, Validation Set Manhattan Distance: 12.0, Mask Weight: 0.944
Epoch 349/20000, Train Loss: 0.2401, Validation Set Manhattan Distance: 12.0, Mask Weight: 0.944
Epoch 350/20000, Train Loss: 0.2413, Validation Set Manhattan Distance: 12.0, Mask Weight: 0.944
Epoch 351/20000, Train Loss: 0.2413, Validation Set Manhattan Distance: 12.0, Mask Weight: 0.944
Epoch 352/20000, Train Loss: 0.2414, Validation Set Manhattan Distance: 12.0, Mask Weight: 0.944
Epoch 353/20000, Train Loss: 0.2410, Validation Set Manhattan Distance: 12.0, Mask Weight: 0.944
Epoch 354/20000, Train Loss: 0.2399, Validation Set Manhattan Distance: 12.0, Mask Weight: 0.944
Epoch 355/20000, Train Loss: 0.2387, Validation Set Manhattan Distance: 12.0, Mask Weight: 0.944
Epoch 356/20000, Train Loss: 0.2392, Validation Set Manhattan Distance: 12.0, Mask Weight: 0.944
Epoch 357/20000, Train Loss: 0.2404, Validation Set Manhattan Distance: 12.0, Mask Weight: 0.944
Epoch 358/20000, Train Loss: 0.2403, Validation Set Manhattan Distance: 12.0, Mask Weight: 0.944
Epoch 359/20000, Train Loss: 0.2397, Validation Set Manhattan Distance: 12.0, Mask Weight: 0.944
Epoch 360/20000, Train Loss: 0.2401, Validation Set Manhattan Distance: 12.0, Mask Weight: 0.944
Epoch 361/20000, Train Loss: 0.2411, Validation Set Manhattan Distance: 12.0, Mask Weight: 0.944
Epoch 362/20000, Train Loss: 0.2406, Validation Set Manhattan Distance: 12.0, Mask Weight: 0.944
Epoch 363/20000, Train Loss: 0.2400, Validation Set Manhattan Distance: 12.0, Mask Weight: 0.944
Epoch 364/20000, Train Loss: 0.2420, Validation Set Manhattan Distance: 12.0, Mask Weight: 0.944
Epoch 365/20000, Train Loss: 0.2474, Validation Set Manhattan Distance: 12.0, Mask Weight: 0.944
Epoch 366/20000, Train Loss: 0.2416, Validation Set Manhattan Distance: 12.0, Mask Weight: 0.944
Epoch 367/20000, Train Loss: 0.2419, Validation Set Manhattan Distance: 12.0, Mask Weight: 0.944
Epoch 368/20000, Train Loss: 0.2400, Validation Set Manhattan Distance: 12.0, Mask Weight: 0.944
Epoch 369/20000, Train Loss: 0.2385, Validation Set Manhattan Distance: 12.0, Mask Weight: 0.944
Epoch 370/20000, Train Loss: 0.2393, Validation Set Manhattan Distance: 12.0, Mask Weight: 0.944
Epoch 371/20000, Train Loss: 0.2393, Validation Set Manhattan Distance: 12.0, Mask Weight: 0.944
Epoch 372/20000, Train Loss: 0.2384, Validation Set Manhattan Distance: 12.0, Mask Weight: 0.944
Epoch 373/20000, Train Loss: 0.2391, Validation Set Manhattan Distance: 12.0, Mask Weight: 0.944
Epoch 374/20000, Train Loss: 0.2381, Validation Set Manhattan Distance: 12.0, Mask Weight: 0.944
Epoch 375/20000, Train Loss: 0.2379, Validation Set Manhattan Distance: 12.0, Mask Weight: 0.944
Epoch 376/20000, Train Loss: 0.2397, Validation Set Manhattan Distance: 12.0, Mask Weight: 0.944
Epoch 377/20000, Train Loss: 0.2385, Validation Set Manhattan Distance: 12.0, Mask Weight: 0.944
Epoch 378/20000, Train Loss: 0.2403, Validation Set Manhattan Distance: 12.0, Mask Weight: 0.944
Epoch 379/20000, Train Loss: 0.2389, Validation Set Manhattan Distance: 12.0, Mask Weight: 0.944
Epoch 380/20000, Train Loss: 0.2395, Validation Set Manhattan Distance: 12.0, Mask Weight: 0.944
Epoch 381/20000, Train Loss: 0.2406, Validation Set Manhattan Distance: 12.0, Mask Weight: 0.944
Epoch 382/20000, Train Loss: 0.2412, Validation Set Manhattan Distance: 12.0, Mask Weight: 0.944
Epoch 383/20000, Train Loss: 0.2393, Validation Set Manhattan Distance: 12.0, Mask Weight: 0.944
Epoch 384/20000, Train Loss: 0.2391, Validation Set Manhattan Distance: 12.0, Mask Weight: 0.944
Epoch 385/20000, Train Loss: 0.2392, Validation Set Manhattan Distance: 12.0, Mask Weight: 0.944
Epoch 386/20000, Train Loss: 0.2393, Validation Set Manhattan Distance: 12.0, Mask Weight: 0.944
Epoch 387/20000, Train Loss: 0.2376, Validation Set Manhattan Distance: 12.0, Mask Weight: 0.944
Epoch 388/20000, Train Loss: 0.2390, Validation Set Manhattan Distance: 12.0, Mask Weight: 0.944
Epoch 389/20000, Train Loss: 0.2383, Validation Set Manhattan Distance: 12.0, Mask Weight: 0.944
Epoch 390/20000, Train Loss: 0.2370, Validation Set Manhattan Distance: 12.0, Mask Weight: 0.944
Epoch 391/20000, Train Loss: 0.2373, Validation Set Manhattan Distance: 12.0, Mask Weight: 0.944
Epoch 392/20000, Train Loss: 0.2371, Validation Set Manhattan Distance: 12.0, Mask Weight: 0.944
Epoch 393/20000, Train Loss: 0.2375, Validation Set Manhattan Distance: 12.0, Mask Weight: 0.944
Epoch 394/20000, Train Loss: 0.2376, Validation Set Manhattan Distance: 12.0, Mask Weight: 0.944
Epoch 395/20000, Train Loss: 0.2380, Validation Set Manhattan Distance: 12.0, Mask Weight: 0.944
Epoch 396/20000, Train Loss: 0.2381, Validation Set Manhattan Distance: 12.0, Mask Weight: 0.944
Epoch 397/20000, Train Loss: 0.2372, Validation Set Manhattan Distance: 12.0, Mask Weight: 0.944
Epoch 398/20000, Train Loss: 0.2371, Validation Set Manhattan Distance: 12.0, Mask Weight: 0.944
Epoch 399/20000, Train Loss: 0.2385, Validation Set Manhattan Distance: 12.0, Mask Weight: 0.944
Epoch 400/20000, Train Loss: 0.2375, Validation Set Manhattan Distance: 12.0, Mask Weight: 0.944
Epoch 401/20000, Train Loss: 0.2384, Validation Set Manhattan Distance: 12.0, Mask Weight: 0.944
Epoch 402/20000, Train Loss: 0.2376, Validation Set Manhattan Distance: 12.0, Mask Weight: 0.944
Epoch 403/20000, Train Loss: 0.2370, Validation Set Manhattan Distance: 12.0, Mask Weight: 0.944
Epoch 404/20000, Train Loss: 0.2372, Validation Set Manhattan Distance: 12.0, Mask Weight: 0.944
Epoch 405/20000, Train Loss: 0.2367, Validation Set Manhattan Distance: 12.0, Mask Weight: 0.944
Epoch 406/20000, Train Loss: 0.2393, Validation Set Manhattan Distance: 12.0, Mask Weight: 0.944
Epoch 407/20000, Train Loss: 0.2368, Validation Set Manhattan Distance: 12.0, Mask Weight: 0.944
Epoch 408/20000, Train Loss: 0.2384, Validation Set Manhattan Distance: 12.0, Mask Weight: 0.944
Epoch 409/20000, Train Loss: 0.2361, Validation Set Manhattan Distance: 12.0, Mask Weight: 0.944
Epoch 410/20000, Train Loss: 0.2427, Validation Set Manhattan Distance: 12.0, Mask Weight: 0.944
Epoch 411/20000, Train Loss: 0.2426, Validation Set Manhattan Distance: 12.0, Mask Weight: 0.944
Epoch 412/20000, Train Loss: 0.2380, Validation Set Manhattan Distance: 12.0, Mask Weight: 0.944
Epoch 413/20000, Train Loss: 0.2417, Validation Set Manhattan Distance: 12.0, Mask Weight: 0.944
Epoch 414/20000, Train Loss: 0.2411, Validation Set Manhattan Distance: 12.0, Mask Weight: 0.944
Epoch 415/20000, Train Loss: 0.2362, Validation Set Manhattan Distance: 12.0, Mask Weight: 0.944
Epoch 416/20000, Train Loss: 0.2404, Validation Set Manhattan Distance: 12.0, Mask Weight: 0.944
Epoch 417/20000, Train Loss: 0.2393, Validation Set Manhattan Distance: 12.0, Mask Weight: 0.944
Epoch 418/20000, Train Loss: 0.2382, Validation Set Manhattan Distance: 12.0, Mask Weight: 0.944
Epoch 419/20000, Train Loss: 0.2390, Validation Set Manhattan Distance: 12.0, Mask Weight: 0.944
Epoch 420/20000, Train Loss: 0.2381, Validation Set Manhattan Distance: 12.0, Mask Weight: 0.944
Epoch 421/20000, Train Loss: 0.2386, Validation Set Manhattan Distance: 12.0, Mask Weight: 0.944
Epoch 422/20000, Train Loss: 0.2372, Validation Set Manhattan Distance: 12.0, Mask Weight: 0.944
Epoch 423/20000, Train Loss: 0.2371, Validation Set Manhattan Distance: 12.0, Mask Weight: 0.944
Epoch 424/20000, Train Loss: 0.2369, Validation Set Manhattan Distance: 12.0, Mask Weight: 0.944
Epoch 425/20000, Train Loss: 0.2372, Validation Set Manhattan Distance: 12.0, Mask Weight: 0.944
Epoch 426/20000, Train Loss: 0.2357, Validation Set Manhattan Distance: 12.0, Mask Weight: 0.944
Epoch 427/20000, Train Loss: 0.2364, Validation Set Manhattan Distance: 12.0, Mask Weight: 0.944
Epoch 428/20000, Train Loss: 0.2368, Validation Set Manhattan Distance: 12.0, Mask Weight: 0.944
Epoch 429/20000, Train Loss: 0.2364, Validation Set Manhattan Distance: 12.0, Mask Weight: 0.944
Epoch 430/20000, Train Loss: 0.2365, Validation Set Manhattan Distance: 12.0, Mask Weight: 0.944
Epoch 431/20000, Train Loss: 0.2364, Validation Set Manhattan Distance: 12.0, Mask Weight: 0.944
Epoch 432/20000, Train Loss: 0.2365, Validation Set Manhattan Distance: 12.0, Mask Weight: 0.944
Epoch 433/20000, Train Loss: 0.2398, Validation Set Manhattan Distance: 12.0, Mask Weight: 0.944
Epoch 434/20000, Train Loss: 0.2373, Validation Set Manhattan Distance: 12.0, Mask Weight: 0.944
Epoch 435/20000, Train Loss: 0.2401, Validation Set Manhattan Distance: 12.0, Mask Weight: 0.944
Epoch 436/20000, Train Loss: 0.2385, Validation Set Manhattan Distance: 12.0, Mask Weight: 0.944
Epoch 437/20000, Train Loss: 0.2387, Validation Set Manhattan Distance: 12.0, Mask Weight: 0.944
Epoch 438/20000, Train Loss: 0.2387, Validation Set Manhattan Distance: 12.0, Mask Weight: 0.944
Epoch 439/20000, Train Loss: 0.2392, Validation Set Manhattan Distance: 12.0, Mask Weight: 0.944
Epoch 440/20000, Train Loss: 0.2387, Validation Set Manhattan Distance: 12.0, Mask Weight: 0.944
Epoch 441/20000, Train Loss: 0.2370, Validation Set Manhattan Distance: 12.0, Mask Weight: 0.944
Epoch 442/20000, Train Loss: 0.2373, Validation Set Manhattan Distance: 12.0, Mask Weight: 0.944
Epoch 443/20000, Train Loss: 0.2390, Validation Set Manhattan Distance: 12.0, Mask Weight: 0.944
Epoch 444/20000, Train Loss: 0.2391, Validation Set Manhattan Distance: 12.0, Mask Weight: 0.944
Epoch 445/20000, Train Loss: 0.2383, Validation Set Manhattan Distance: 12.0, Mask Weight: 0.944
Epoch 446/20000, Train Loss: 0.2399, Validation Set Manhattan Distance: 12.0, Mask Weight: 0.944
Epoch 447/20000, Train Loss: 0.2383, Validation Set Manhattan Distance: 12.0, Mask Weight: 0.944
Epoch 448/20000, Train Loss: 0.2392, Validation Set Manhattan Distance: 12.0, Mask Weight: 0.944
Epoch 449/20000, Train Loss: 0.2374, Validation Set Manhattan Distance: 12.0, Mask Weight: 0.944
Epoch 450/20000, Train Loss: 0.2386, Validation Set Manhattan Distance: 12.0, Mask Weight: 0.944
Epoch 451/20000, Train Loss: 0.2377, Validation Set Manhattan Distance: 12.0, Mask Weight: 0.944
Epoch 452/20000, Train Loss: 0.2386, Validation Set Manhattan Distance: 12.0, Mask Weight: 0.944
Epoch 453/20000, Train Loss: 0.2386, Validation Set Manhattan Distance: 12.0, Mask Weight: 0.944
Epoch 454/20000, Train Loss: 0.2387, Validation Set Manhattan Distance: 12.0, Mask Weight: 0.944
Epoch 455/20000, Train Loss: 0.2394, Validation Set Manhattan Distance: 12.0, Mask Weight: 0.944
Epoch 456/20000, Train Loss: 0.2397, Validation Set Manhattan Distance: 12.0, Mask Weight: 0.944
Epoch 457/20000, Train Loss: 0.2382, Validation Set Manhattan Distance: 12.0, Mask Weight: 0.944
Epoch 458/20000, Train Loss: 0.2396, Validation Set Manhattan Distance: 12.0, Mask Weight: 0.944
Epoch 459/20000, Train Loss: 0.2401, Validation Set Manhattan Distance: 12.0, Mask Weight: 0.944
Epoch 460/20000, Train Loss: 0.2400, Validation Set Manhattan Distance: 12.0, Mask Weight: 0.944
Epoch 461/20000, Train Loss: 0.2381, Validation Set Manhattan Distance: 12.0, Mask Weight: 0.944
Epoch 462/20000, Train Loss: 0.2371, Validation Set Manhattan Distance: 12.0, Mask Weight: 0.944
Epoch 463/20000, Train Loss: 0.2362, Validation Set Manhattan Distance: 12.0, Mask Weight: 0.944
Epoch 464/20000, Train Loss: 0.2368, Validation Set Manhattan Distance: 12.0, Mask Weight: 0.944
Epoch 465/20000, Train Loss: 0.2372, Validation Set Manhattan Distance: 12.0, Mask Weight: 0.944
Epoch 466/20000, Train Loss: 0.2364, Validation Set Manhattan Distance: 12.0, Mask Weight: 0.944
Epoch 467/20000, Train Loss: 0.2404, Validation Set Manhattan Distance: 12.0, Mask Weight: 0.944
Epoch 468/20000, Train Loss: 0.2365, Validation Set Manhattan Distance: 12.0, Mask Weight: 0.944
Epoch 469/20000, Train Loss: 0.2363, Validation Set Manhattan Distance: 12.0, Mask Weight: 0.944
Epoch 470/20000, Train Loss: 0.2382, Validation Set Manhattan Distance: 12.0, Mask Weight: 0.944
Epoch 471/20000, Train Loss: 0.2385, Validation Set Manhattan Distance: 12.0, Mask Weight: 0.944
Epoch 472/20000, Train Loss: 0.2381, Validation Set Manhattan Distance: 12.0, Mask Weight: 0.944
Epoch 473/20000, Train Loss: 0.2376, Validation Set Manhattan Distance: 12.0, Mask Weight: 0.944
Epoch 474/20000, Train Loss: 0.2360, Validation Set Manhattan Distance: 12.0, Mask Weight: 0.944
Epoch 475/20000, Train Loss: 0.2391, Validation Set Manhattan Distance: 12.0, Mask Weight: 0.944
Epoch 476/20000, Train Loss: 0.2381, Validation Set Manhattan Distance: 12.0, Mask Weight: 0.944
Epoch 477/20000, Train Loss: 0.2372, Validation Set Manhattan Distance: 12.0, Mask Weight: 0.944
Epoch 478/20000, Train Loss: 0.2370, Validation Set Manhattan Distance: 12.0, Mask Weight: 0.944
Epoch 479/20000, Train Loss: 0.2360, Validation Set Manhattan Distance: 12.0, Mask Weight: 0.944
Epoch 480/20000, Train Loss: 0.2358, Validation Set Manhattan Distance: 12.0, Mask Weight: 0.944
Epoch 481/20000, Train Loss: 0.2355, Validation Set Manhattan Distance: 12.0, Mask Weight: 0.944
Epoch 482/20000, Train Loss: 0.2360, Validation Set Manhattan Distance: 12.0, Mask Weight: 0.944
Epoch 483/20000, Train Loss: 0.2377, Validation Set Manhattan Distance: 12.0, Mask Weight: 0.944
Epoch 484/20000, Train Loss: 0.2350, Validation Set Manhattan Distance: 12.0, Mask Weight: 0.944
Epoch 485/20000, Train Loss: 0.2362, Validation Set Manhattan Distance: 12.0, Mask Weight: 0.944
Epoch 486/20000, Train Loss: 0.2365, Validation Set Manhattan Distance: 12.0, Mask Weight: 0.944
Epoch 487/20000, Train Loss: 0.2362, Validation Set Manhattan Distance: 12.0, Mask Weight: 0.944
Epoch 488/20000, Train Loss: 0.2351, Validation Set Manhattan Distance: 12.0, Mask Weight: 0.944
Epoch 489/20000, Train Loss: 0.2366, Validation Set Manhattan Distance: 12.0, Mask Weight: 0.944
Epoch 490/20000, Train Loss: 0.2355, Validation Set Manhattan Distance: 12.0, Mask Weight: 0.944
Epoch 491/20000, Train Loss: 0.2359, Validation Set Manhattan Distance: 12.0, Mask Weight: 0.944
Epoch 492/20000, Train Loss: 0.2349, Validation Set Manhattan Distance: 12.0, Mask Weight: 0.944
Epoch 493/20000, Train Loss: 0.2358, Validation Set Manhattan Distance: 12.0, Mask Weight: 0.944
Epoch 494/20000, Train Loss: 0.2356, Validation Set Manhattan Distance: 12.0, Mask Weight: 0.944
Epoch 495/20000, Train Loss: 0.2368, Validation Set Manhattan Distance: 12.0, Mask Weight: 0.944
Epoch 496/20000, Train Loss: 0.2355, Validation Set Manhattan Distance: 12.0, Mask Weight: 0.944
Epoch 497/20000, Train Loss: 0.2357, Validation Set Manhattan Distance: 12.0, Mask Weight: 0.944
Epoch 498/20000, Train Loss: 0.2351, Validation Set Manhattan Distance: 12.0, Mask Weight: 0.944
Epoch 499/20000, Train Loss: 0.2369, Validation Set Manhattan Distance: 12.0, Mask Weight: 0.944
Epoch 500/20000, Train Loss: 0.2356, Validation Set Manhattan Distance: 12.0, Mask Weight: 0.944
Epoch 501/20000, Train Loss: 0.2354, Validation Set Manhattan Distance: 12.0, Mask Weight: 0.944
Epoch 502/20000, Train Loss: 0.2355, Validation Set Manhattan Distance: 12.0, Mask Weight: 0.944
Epoch 503/20000, Train Loss: 0.2348, Validation Set Manhattan Distance: 12.0, Mask Weight: 0.944
Epoch 504/20000, Train Loss: 0.2354, Validation Set Manhattan Distance: 12.0, Mask Weight: 0.944
Epoch 505/20000, Train Loss: 0.2361, Validation Set Manhattan Distance: 12.0, Mask Weight: 0.944
Epoch 506/20000, Train Loss: 0.2359, Validation Set Manhattan Distance: 12.0, Mask Weight: 0.944
Epoch 507/20000, Train Loss: 0.2373, Validation Set Manhattan Distance: 12.0, Mask Weight: 0.944
Epoch 508/20000, Train Loss: 0.2361, Validation Set Manhattan Distance: 12.0, Mask Weight: 0.944
Epoch 509/20000, Train Loss: 0.2377, Validation Set Manhattan Distance: 12.0, Mask Weight: 0.944
Epoch 510/20000, Train Loss: 0.2364, Validation Set Manhattan Distance: 12.0, Mask Weight: 0.944
Epoch 511/20000, Train Loss: 0.2367, Validation Set Manhattan Distance: 12.0, Mask Weight: 0.944
Epoch 512/20000, Train Loss: 0.2354, Validation Set Manhattan Distance: 12.0, Mask Weight: 0.944
Epoch 513/20000, Train Loss: 0.2370, Validation Set Manhattan Distance: 12.0, Mask Weight: 0.944
Epoch 514/20000, Train Loss: 0.2371, Validation Set Manhattan Distance: 12.0, Mask Weight: 0.944
Epoch 515/20000, Train Loss: 0.2369, Validation Set Manhattan Distance: 12.0, Mask Weight: 0.944
Epoch 516/20000, Train Loss: 0.2369, Validation Set Manhattan Distance: 12.0, Mask Weight: 0.944
Epoch 517/20000, Train Loss: 0.2377, Validation Set Manhattan Distance: 12.0, Mask Weight: 0.944
Epoch 518/20000, Train Loss: 0.2369, Validation Set Manhattan Distance: 12.0, Mask Weight: 0.944
Epoch 519/20000, Train Loss: 0.2353, Validation Set Manhattan Distance: 12.0, Mask Weight: 0.944
Epoch 520/20000, Train Loss: 0.2356, Validation Set Manhattan Distance: 12.0, Mask Weight: 0.944
Epoch 521/20000, Train Loss: 0.2356, Validation Set Manhattan Distance: 12.0, Mask Weight: 0.944
Epoch 522/20000, Train Loss: 0.2347, Validation Set Manhattan Distance: 12.0, Mask Weight: 0.944
Epoch 523/20000, Train Loss: 0.2360, Validation Set Manhattan Distance: 12.0, Mask Weight: 0.944
Epoch 524/20000, Train Loss: 0.2350, Validation Set Manhattan Distance: 12.0, Mask Weight: 0.944
Epoch 525/20000, Train Loss: 0.2361, Validation Set Manhattan Distance: 12.0, Mask Weight: 0.944
Epoch 526/20000, Train Loss: 0.2372, Validation Set Manhattan Distance: 12.0, Mask Weight: 0.944
Epoch 527/20000, Train Loss: 0.2357, Validation Set Manhattan Distance: 12.0, Mask Weight: 0.944
Epoch 528/20000, Train Loss: 0.2365, Validation Set Manhattan Distance: 12.0, Mask Weight: 0.944
Epoch 529/20000, Train Loss: 0.2364, Validation Set Manhattan Distance: 12.0, Mask Weight: 0.944
Epoch 530/20000, Train Loss: 0.2361, Validation Set Manhattan Distance: 12.0, Mask Weight: 0.944
Epoch 531/20000, Train Loss: 0.2356, Validation Set Manhattan Distance: 12.0, Mask Weight: 0.944
Epoch 532/20000, Train Loss: 0.2361, Validation Set Manhattan Distance: 12.0, Mask Weight: 0.944
Epoch 533/20000, Train Loss: 0.2368, Validation Set Manhattan Distance: 12.0, Mask Weight: 0.944
Epoch 534/20000, Train Loss: 0.2366, Validation Set Manhattan Distance: 12.0, Mask Weight: 0.944
Epoch 535/20000, Train Loss: 0.2358, Validation Set Manhattan Distance: 12.0, Mask Weight: 0.944
Epoch 536/20000, Train Loss: 0.2362, Validation Set Manhattan Distance: 12.0, Mask Weight: 0.944
Epoch 537/20000, Train Loss: 0.2359, Validation Set Manhattan Distance: 12.0, Mask Weight: 0.944
Epoch 538/20000, Train Loss: 0.2357, Validation Set Manhattan Distance: 12.0, Mask Weight: 0.944
Epoch 539/20000, Train Loss: 0.2363, Validation Set Manhattan Distance: 12.0, Mask Weight: 0.944
Epoch 540/20000, Train Loss: 0.2350, Validation Set Manhattan Distance: 12.0, Mask Weight: 0.944
Epoch 541/20000, Train Loss: 0.2351, Validation Set Manhattan Distance: 12.0, Mask Weight: 0.944
Epoch 542/20000, Train Loss: 0.2404, Validation Set Manhattan Distance: 12.0, Mask Weight: 0.944
Epoch 543/20000, Train Loss: 0.2380, Validation Set Manhattan Distance: 12.0, Mask Weight: 0.944
Epoch 544/20000, Train Loss: 0.2348, Validation Set Manhattan Distance: 12.0, Mask Weight: 0.944
Epoch 545/20000, Train Loss: 0.2373, Validation Set Manhattan Distance: 12.0, Mask Weight: 0.944
Epoch 546/20000, Train Loss: 0.2353, Validation Set Manhattan Distance: 12.0, Mask Weight: 0.944
Epoch 547/20000, Train Loss: 0.2356, Validation Set Manhattan Distance: 12.0, Mask Weight: 0.944
Epoch 548/20000, Train Loss: 0.2359, Validation Set Manhattan Distance: 12.0, Mask Weight: 0.944
Epoch 549/20000, Train Loss: 0.2364, Validation Set Manhattan Distance: 12.0, Mask Weight: 0.944
Epoch 550/20000, Train Loss: 0.2357, Validation Set Manhattan Distance: 12.0, Mask Weight: 0.944
Epoch 551/20000, Train Loss: 0.2351, Validation Set Manhattan Distance: 12.0, Mask Weight: 0.944
Epoch 552/20000, Train Loss: 0.2361, Validation Set Manhattan Distance: 12.0, Mask Weight: 0.944
Epoch 553/20000, Train Loss: 0.2362, Validation Set Manhattan Distance: 12.0, Mask Weight: 0.944
Epoch 554/20000, Train Loss: 0.2358, Validation Set Manhattan Distance: 12.0, Mask Weight: 0.944
Epoch 555/20000, Train Loss: 0.2354, Validation Set Manhattan Distance: 12.0, Mask Weight: 0.944
Epoch 556/20000, Train Loss: 0.2349, Validation Set Manhattan Distance: 12.0, Mask Weight: 0.944
Epoch 557/20000, Train Loss: 0.2353, Validation Set Manhattan Distance: 12.0, Mask Weight: 0.944
Epoch 558/20000, Train Loss: 0.2360, Validation Set Manhattan Distance: 12.0, Mask Weight: 0.944
Epoch 559/20000, Train Loss: 0.2365, Validation Set Manhattan Distance: 12.0, Mask Weight: 0.944
Epoch 560/20000, Train Loss: 0.2346, Validation Set Manhattan Distance: 12.0, Mask Weight: 0.944
Epoch 561/20000, Train Loss: 0.2371, Validation Set Manhattan Distance: 12.0, Mask Weight: 0.944
Epoch 562/20000, Train Loss: 0.2366, Validation Set Manhattan Distance: 12.0, Mask Weight: 0.944
Epoch 563/20000, Train Loss: 0.2366, Validation Set Manhattan Distance: 12.0, Mask Weight: 0.944
Epoch 564/20000, Train Loss: 0.2359, Validation Set Manhattan Distance: 12.0, Mask Weight: 0.944
Epoch 565/20000, Train Loss: 0.2363, Validation Set Manhattan Distance: 12.0, Mask Weight: 0.944
Epoch 566/20000, Train Loss: 0.2352, Validation Set Manhattan Distance: 12.0, Mask Weight: 0.944
Epoch 567/20000, Train Loss: 0.2364, Validation Set Manhattan Distance: 12.0, Mask Weight: 0.944
Epoch 568/20000, Train Loss: 0.2340, Validation Set Manhattan Distance: 12.0, Mask Weight: 0.944
Epoch 569/20000, Train Loss: 0.2372, Validation Set Manhattan Distance: 12.0, Mask Weight: 0.944
Epoch 570/20000, Train Loss: 0.2346, Validation Set Manhattan Distance: 12.0, Mask Weight: 0.944
Epoch 571/20000, Train Loss: 0.2344, Validation Set Manhattan Distance: 12.0, Mask Weight: 0.944
Epoch 572/20000, Train Loss: 0.2342, Validation Set Manhattan Distance: 12.0, Mask Weight: 0.944
Epoch 573/20000, Train Loss: 0.2349, Validation Set Manhattan Distance: 12.0, Mask Weight: 0.944
Epoch 574/20000, Train Loss: 0.2341, Validation Set Manhattan Distance: 12.0, Mask Weight: 0.944
Epoch 575/20000, Train Loss: 0.2343, Validation Set Manhattan Distance: 12.0, Mask Weight: 0.944
Epoch 576/20000, Train Loss: 0.2362, Validation Set Manhattan Distance: 12.0, Mask Weight: 0.944
Epoch 577/20000, Train Loss: 0.2342, Validation Set Manhattan Distance: 12.0, Mask Weight: 0.944
Epoch 578/20000, Train Loss: 0.2341, Validation Set Manhattan Distance: 12.0, Mask Weight: 0.944
Epoch 579/20000, Train Loss: 0.2355, Validation Set Manhattan Distance: 12.0, Mask Weight: 0.944
Epoch 580/20000, Train Loss: 0.2354, Validation Set Manhattan Distance: 12.0, Mask Weight: 0.944
Epoch 581/20000, Train Loss: 0.2351, Validation Set Manhattan Distance: 12.0, Mask Weight: 0.944
Epoch 582/20000, Train Loss: 0.2349, Validation Set Manhattan Distance: 12.0, Mask Weight: 0.944
Epoch 583/20000, Train Loss: 0.2360, Validation Set Manhattan Distance: 12.0, Mask Weight: 0.944
Epoch 584/20000, Train Loss: 0.2341, Validation Set Manhattan Distance: 12.0, Mask Weight: 0.944
Epoch 585/20000, Train Loss: 0.2354, Validation Set Manhattan Distance: 12.0, Mask Weight: 0.944
Epoch 586/20000, Train Loss: 0.2346, Validation Set Manhattan Distance: 12.0, Mask Weight: 0.944
Epoch 587/20000, Train Loss: 0.2349, Validation Set Manhattan Distance: 12.0, Mask Weight: 0.944
Epoch 588/20000, Train Loss: 0.2335, Validation Set Manhattan Distance: 12.0, Mask Weight: 0.944
Epoch 589/20000, Train Loss: 0.2352, Validation Set Manhattan Distance: 12.0, Mask Weight: 0.944
Epoch 590/20000, Train Loss: 0.2347, Validation Set Manhattan Distance: 12.0, Mask Weight: 0.944
Epoch 591/20000, Train Loss: 0.2355, Validation Set Manhattan Distance: 12.0, Mask Weight: 0.944
Epoch 592/20000, Train Loss: 0.2346, Validation Set Manhattan Distance: 12.0, Mask Weight: 0.944
Epoch 593/20000, Train Loss: 0.2349, Validation Set Manhattan Distance: 12.0, Mask Weight: 0.944
Epoch 594/20000, Train Loss: 0.2352, Validation Set Manhattan Distance: 12.0, Mask Weight: 0.944
Epoch 595/20000, Train Loss: 0.2355, Validation Set Manhattan Distance: 12.0, Mask Weight: 0.944
Epoch 596/20000, Train Loss: 0.2352, Validation Set Manhattan Distance: 12.0, Mask Weight: 0.944
Epoch 597/20000, Train Loss: 0.2357, Validation Set Manhattan Distance: 12.0, Mask Weight: 0.944
Epoch 598/20000, Train Loss: 0.2344, Validation Set Manhattan Distance: 12.0, Mask Weight: 0.944
Epoch 599/20000, Train Loss: 0.2353, Validation Set Manhattan Distance: 12.0, Mask Weight: 0.944
Epoch 600/20000, Train Loss: 0.2386, Validation Set Manhattan Distance: 12.0, Mask Weight: 0.944
Epoch 601/20000, Train Loss: 0.2368, Validation Set Manhattan Distance: 12.0, Mask Weight: 0.944
Epoch 602/20000, Train Loss: 0.2370, Validation Set Manhattan Distance: 12.0, Mask Weight: 0.944
Epoch 603/20000, Train Loss: 0.2372, Validation Set Manhattan Distance: 12.0, Mask Weight: 0.944
Epoch 604/20000, Train Loss: 0.2377, Validation Set Manhattan Distance: 12.0, Mask Weight: 0.944
Epoch 605/20000, Train Loss: 0.2373, Validation Set Manhattan Distance: 12.0, Mask Weight: 0.944
Epoch 606/20000, Train Loss: 0.2366, Validation Set Manhattan Distance: 12.0, Mask Weight: 0.944
Epoch 607/20000, Train Loss: 0.2348, Validation Set Manhattan Distance: 12.0, Mask Weight: 0.944
Epoch 608/20000, Train Loss: 0.2351, Validation Set Manhattan Distance: 12.0, Mask Weight: 0.944
Epoch 609/20000, Train Loss: 0.2335, Validation Set Manhattan Distance: 12.0, Mask Weight: 0.944
Epoch 610/20000, Train Loss: 0.2349, Validation Set Manhattan Distance: 12.0, Mask Weight: 0.944
Epoch 611/20000, Train Loss: 0.2350, Validation Set Manhattan Distance: 12.0, Mask Weight: 0.944
Epoch 612/20000, Train Loss: 0.2366, Validation Set Manhattan Distance: 12.0, Mask Weight: 0.944
Epoch 613/20000, Train Loss: 0.2339, Validation Set Manhattan Distance: 12.0, Mask Weight: 0.944
Epoch 614/20000, Train Loss: 0.2344, Validation Set Manhattan Distance: 12.0, Mask Weight: 0.944
Epoch 615/20000, Train Loss: 0.2342, Validation Set Manhattan Distance: 12.0, Mask Weight: 0.944
Epoch 616/20000, Train Loss: 0.2342, Validation Set Manhattan Distance: 12.0, Mask Weight: 0.944
Epoch 617/20000, Train Loss: 0.2349, Validation Set Manhattan Distance: 12.0, Mask Weight: 0.944
Epoch 618/20000, Train Loss: 0.2352, Validation Set Manhattan Distance: 12.0, Mask Weight: 0.944
Epoch 619/20000, Train Loss: 0.2353, Validation Set Manhattan Distance: 12.0, Mask Weight: 0.944
Epoch 620/20000, Train Loss: 0.2354, Validation Set Manhattan Distance: 12.0, Mask Weight: 0.944
Epoch 621/20000, Train Loss: 0.2367, Validation Set Manhattan Distance: 12.0, Mask Weight: 0.944
Epoch 622/20000, Train Loss: 0.2361, Validation Set Manhattan Distance: 12.0, Mask Weight: 0.944
Epoch 623/20000, Train Loss: 0.2354, Validation Set Manhattan Distance: 12.0, Mask Weight: 0.944
Epoch 624/20000, Train Loss: 0.2349, Validation Set Manhattan Distance: 12.0, Mask Weight: 0.944
Epoch 625/20000, Train Loss: 0.2379, Validation Set Manhattan Distance: 12.0, Mask Weight: 0.944
Epoch 626/20000, Train Loss: 0.2362, Validation Set Manhattan Distance: 12.0, Mask Weight: 0.944
Epoch 627/20000, Train Loss: 0.2364, Validation Set Manhattan Distance: 12.0, Mask Weight: 0.944
Epoch 628/20000, Train Loss: 0.2372, Validation Set Manhattan Distance: 12.0, Mask Weight: 0.944
Epoch 629/20000, Train Loss: 0.2360, Validation Set Manhattan Distance: 12.0, Mask Weight: 0.944
Epoch 630/20000, Train Loss: 0.2378, Validation Set Manhattan Distance: 12.0, Mask Weight: 0.944
Epoch 631/20000, Train Loss: 0.2382, Validation Set Manhattan Distance: 12.0, Mask Weight: 0.944
Epoch 632/20000, Train Loss: 0.2369, Validation Set Manhattan Distance: 12.0, Mask Weight: 0.944
Epoch 633/20000, Train Loss: 0.2356, Validation Set Manhattan Distance: 12.0, Mask Weight: 0.944
Epoch 634/20000, Train Loss: 0.2340, Validation Set Manhattan Distance: 12.0, Mask Weight: 0.944
Epoch 635/20000, Train Loss: 0.2359, Validation Set Manhattan Distance: 12.0, Mask Weight: 0.944
Epoch 636/20000, Train Loss: 0.2373, Validation Set Manhattan Distance: 12.0, Mask Weight: 0.944
Epoch 637/20000, Train Loss: 0.2348, Validation Set Manhattan Distance: 12.0, Mask Weight: 0.944
Epoch 638/20000, Train Loss: 0.2336, Validation Set Manhattan Distance: 12.0, Mask Weight: 0.944
Epoch 639/20000, Train Loss: 0.2352, Validation Set Manhattan Distance: 12.0, Mask Weight: 0.944
Epoch 640/20000, Train Loss: 0.2344, Validation Set Manhattan Distance: 12.0, Mask Weight: 0.944
Epoch 641/20000, Train Loss: 0.2390, Validation Set Manhattan Distance: 12.0, Mask Weight: 0.944
Epoch 642/20000, Train Loss: 0.2357, Validation Set Manhattan Distance: 12.0, Mask Weight: 0.944
Epoch 643/20000, Train Loss: 0.2348, Validation Set Manhattan Distance: 12.0, Mask Weight: 0.944
Epoch 644/20000, Train Loss: 0.2351, Validation Set Manhattan Distance: 12.0, Mask Weight: 0.944
Epoch 645/20000, Train Loss: 0.2367, Validation Set Manhattan Distance: 12.0, Mask Weight: 0.944
Epoch 646/20000, Train Loss: 0.2342, Validation Set Manhattan Distance: 12.0, Mask Weight: 0.944
Epoch 647/20000, Train Loss: 0.2341, Validation Set Manhattan Distance: 12.0, Mask Weight: 0.944
Epoch 648/20000, Train Loss: 0.2343, Validation Set Manhattan Distance: 12.0, Mask Weight: 0.944
Epoch 649/20000, Train Loss: 0.2341, Validation Set Manhattan Distance: 12.0, Mask Weight: 0.944
Epoch 650/20000, Train Loss: 0.2355, Validation Set Manhattan Distance: 12.0, Mask Weight: 0.944
Epoch 651/20000, Train Loss: 0.2334, Validation Set Manhattan Distance: 12.0, Mask Weight: 0.944
Epoch 652/20000, Train Loss: 0.2342, Validation Set Manhattan Distance: 12.0, Mask Weight: 0.944
Epoch 653/20000, Train Loss: 0.2342, Validation Set Manhattan Distance: 12.0, Mask Weight: 0.944
Epoch 654/20000, Train Loss: 0.2343, Validation Set Manhattan Distance: 12.0, Mask Weight: 0.944
Epoch 655/20000, Train Loss: 0.2332, Validation Set Manhattan Distance: 12.0, Mask Weight: 0.944
Epoch 656/20000, Train Loss: 0.2336, Validation Set Manhattan Distance: 12.0, Mask Weight: 0.944
Epoch 657/20000, Train Loss: 0.2359, Validation Set Manhattan Distance: 12.0, Mask Weight: 0.944
Epoch 658/20000, Train Loss: 0.2341, Validation Set Manhattan Distance: 12.0, Mask Weight: 0.944
Epoch 659/20000, Train Loss: 0.2350, Validation Set Manhattan Distance: 12.0, Mask Weight: 0.944
Epoch 660/20000, Train Loss: 0.2356, Validation Set Manhattan Distance: 12.0, Mask Weight: 0.944
Epoch 661/20000, Train Loss: 0.2353, Validation Set Manhattan Distance: 12.0, Mask Weight: 0.944
Epoch 662/20000, Train Loss: 0.2364, Validation Set Manhattan Distance: 12.0, Mask Weight: 0.944
Epoch 663/20000, Train Loss: 0.2355, Validation Set Manhattan Distance: 12.0, Mask Weight: 0.944
Epoch 664/20000, Train Loss: 0.2355, Validation Set Manhattan Distance: 12.0, Mask Weight: 0.944
Epoch 665/20000, Train Loss: 0.2356, Validation Set Manhattan Distance: 12.0, Mask Weight: 0.944
Epoch 666/20000, Train Loss: 0.2363, Validation Set Manhattan Distance: 12.0, Mask Weight: 0.944
Epoch 667/20000, Train Loss: 0.2342, Validation Set Manhattan Distance: 12.0, Mask Weight: 0.944
Epoch 668/20000, Train Loss: 0.2334, Validation Set Manhattan Distance: 12.0, Mask Weight: 0.944
Epoch 669/20000, Train Loss: 0.2335, Validation Set Manhattan Distance: 12.0, Mask Weight: 0.944
Epoch 670/20000, Train Loss: 0.2340, Validation Set Manhattan Distance: 12.0, Mask Weight: 0.944
Epoch 671/20000, Train Loss: 0.2328, Validation Set Manhattan Distance: 12.0, Mask Weight: 0.944
Epoch 672/20000, Train Loss: 0.2352, Validation Set Manhattan Distance: 12.0, Mask Weight: 0.944
Epoch 673/20000, Train Loss: 0.2335, Validation Set Manhattan Distance: 12.0, Mask Weight: 0.944
Epoch 674/20000, Train Loss: 0.2347, Validation Set Manhattan Distance: 12.0, Mask Weight: 0.944
Epoch 675/20000, Train Loss: 0.2342, Validation Set Manhattan Distance: 12.0, Mask Weight: 0.944
Epoch 676/20000, Train Loss: 0.2339, Validation Set Manhattan Distance: 12.0, Mask Weight: 0.944
Epoch 677/20000, Train Loss: 0.2344, Validation Set Manhattan Distance: 12.0, Mask Weight: 0.944
Epoch 678/20000, Train Loss: 0.2332, Validation Set Manhattan Distance: 12.0, Mask Weight: 0.944
Epoch 679/20000, Train Loss: 0.2361, Validation Set Manhattan Distance: 12.0, Mask Weight: 0.944
Epoch 680/20000, Train Loss: 0.2364, Validation Set Manhattan Distance: 12.0, Mask Weight: 0.944
Epoch 681/20000, Train Loss: 0.2354, Validation Set Manhattan Distance: 12.0, Mask Weight: 0.944
Epoch 682/20000, Train Loss: 0.2357, Validation Set Manhattan Distance: 12.0, Mask Weight: 0.944
Epoch 683/20000, Train Loss: 0.2347, Validation Set Manhattan Distance: 12.0, Mask Weight: 0.944
Epoch 684/20000, Train Loss: 0.2345, Validation Set Manhattan Distance: 12.0, Mask Weight: 0.944
Epoch 685/20000, Train Loss: 0.2340, Validation Set Manhattan Distance: 12.0, Mask Weight: 0.944
Epoch 686/20000, Train Loss: 0.2359, Validation Set Manhattan Distance: 12.0, Mask Weight: 0.944
Epoch 687/20000, Train Loss: 0.2370, Validation Set Manhattan Distance: 12.0, Mask Weight: 0.944
Epoch 688/20000, Train Loss: 0.2350, Validation Set Manhattan Distance: 12.0, Mask Weight: 0.944
Epoch 689/20000, Train Loss: 0.2344, Validation Set Manhattan Distance: 12.0, Mask Weight: 0.944
Epoch 690/20000, Train Loss: 0.2352, Validation Set Manhattan Distance: 12.0, Mask Weight: 0.944
Epoch 691/20000, Train Loss: 0.2366, Validation Set Manhattan Distance: 12.0, Mask Weight: 0.944
Epoch 692/20000, Train Loss: 0.2356, Validation Set Manhattan Distance: 12.0, Mask Weight: 0.944
Epoch 693/20000, Train Loss: 0.2347, Validation Set Manhattan Distance: 12.0, Mask Weight: 0.944
Epoch 694/20000, Train Loss: 0.2343, Validation Set Manhattan Distance: 12.0, Mask Weight: 0.944
Epoch 695/20000, Train Loss: 0.2341, Validation Set Manhattan Distance: 12.0, Mask Weight: 0.944
Epoch 696/20000, Train Loss: 0.2342, Validation Set Manhattan Distance: 12.0, Mask Weight: 0.944
Epoch 697/20000, Train Loss: 0.2325, Validation Set Manhattan Distance: 12.0, Mask Weight: 0.944
Epoch 698/20000, Train Loss: 0.2340, Validation Set Manhattan Distance: 12.0, Mask Weight: 0.944
Epoch 699/20000, Train Loss: 0.2336, Validation Set Manhattan Distance: 12.0, Mask Weight: 0.944
Epoch 700/20000, Train Loss: 0.2336, Validation Set Manhattan Distance: 12.0, Mask Weight: 0.944
Epoch 701/20000, Train Loss: 0.2335, Validation Set Manhattan Distance: 12.0, Mask Weight: 0.944
Epoch 702/20000, Train Loss: 0.2350, Validation Set Manhattan Distance: 12.0, Mask Weight: 0.944
Epoch 703/20000, Train Loss: 0.2346, Validation Set Manhattan Distance: 12.0, Mask Weight: 0.944
Epoch 704/20000, Train Loss: 0.2340, Validation Set Manhattan Distance: 12.0, Mask Weight: 0.944
Epoch 705/20000, Train Loss: 0.2341, Validation Set Manhattan Distance: 12.0, Mask Weight: 0.944
Epoch 706/20000, Train Loss: 0.2346, Validation Set Manhattan Distance: 12.0, Mask Weight: 0.944
Epoch 707/20000, Train Loss: 0.2340, Validation Set Manhattan Distance: 12.0, Mask Weight: 0.944
Epoch 708/20000, Train Loss: 0.2350, Validation Set Manhattan Distance: 12.0, Mask Weight: 0.944
Epoch 709/20000, Train Loss: 0.2350, Validation Set Manhattan Distance: 12.0, Mask Weight: 0.944
Epoch 710/20000, Train Loss: 0.2356, Validation Set Manhattan Distance: 12.0, Mask Weight: 0.944
Epoch 711/20000, Train Loss: 0.2340, Validation Set Manhattan Distance: 12.0, Mask Weight: 0.944
Epoch 712/20000, Train Loss: 0.2354, Validation Set Manhattan Distance: 12.0, Mask Weight: 0.944
Epoch 713/20000, Train Loss: 0.2345, Validation Set Manhattan Distance: 12.0, Mask Weight: 0.944
Epoch 714/20000, Train Loss: 0.2342, Validation Set Manhattan Distance: 12.0, Mask Weight: 0.944
Epoch 715/20000, Train Loss: 0.2339, Validation Set Manhattan Distance: 12.0, Mask Weight: 0.944
Epoch 716/20000, Train Loss: 0.2336, Validation Set Manhattan Distance: 12.0, Mask Weight: 0.944
Epoch 717/20000, Train Loss: 0.2340, Validation Set Manhattan Distance: 12.0, Mask Weight: 0.944
Epoch 718/20000, Train Loss: 0.2341, Validation Set Manhattan Distance: 12.0, Mask Weight: 0.944
Epoch 719/20000, Train Loss: 0.2335, Validation Set Manhattan Distance: 12.0, Mask Weight: 0.944
Epoch 720/20000, Train Loss: 0.2325, Validation Set Manhattan Distance: 12.0, Mask Weight: 0.944
Epoch 721/20000, Train Loss: 0.2339, Validation Set Manhattan Distance: 12.0, Mask Weight: 0.944
Epoch 722/20000, Train Loss: 0.2329, Validation Set Manhattan Distance: 12.0, Mask Weight: 0.944
Epoch 723/20000, Train Loss: 0.2354, Validation Set Manhattan Distance: 12.0, Mask Weight: 0.944
Epoch 724/20000, Train Loss: 0.2358, Validation Set Manhattan Distance: 12.0, Mask Weight: 0.944
Epoch 725/20000, Train Loss: 0.2355, Validation Set Manhattan Distance: 12.0, Mask Weight: 0.944
Epoch 726/20000, Train Loss: 0.2350, Validation Set Manhattan Distance: 12.0, Mask Weight: 0.944
Epoch 727/20000, Train Loss: 0.2341, Validation Set Manhattan Distance: 12.0, Mask Weight: 0.944
Epoch 728/20000, Train Loss: 0.2363, Validation Set Manhattan Distance: 12.0, Mask Weight: 0.944
Epoch 729/20000, Train Loss: 0.2369, Validation Set Manhattan Distance: 12.0, Mask Weight: 0.944
Epoch 730/20000, Train Loss: 0.2364, Validation Set Manhattan Distance: 12.0, Mask Weight: 0.944
Epoch 731/20000, Train Loss: 0.2371, Validation Set Manhattan Distance: 12.0, Mask Weight: 0.944
Epoch 732/20000, Train Loss: 0.2359, Validation Set Manhattan Distance: 12.0, Mask Weight: 0.944
Epoch 733/20000, Train Loss: 0.2350, Validation Set Manhattan Distance: 12.0, Mask Weight: 0.944
Epoch 734/20000, Train Loss: 0.2349, Validation Set Manhattan Distance: 12.0, Mask Weight: 0.944
Epoch 735/20000, Train Loss: 0.2334, Validation Set Manhattan Distance: 12.0, Mask Weight: 0.944
Epoch 736/20000, Train Loss: 0.2384, Validation Set Manhattan Distance: 12.0, Mask Weight: 0.944
Epoch 737/20000, Train Loss: 0.2342, Validation Set Manhattan Distance: 12.0, Mask Weight: 0.944
Epoch 738/20000, Train Loss: 0.2354, Validation Set Manhattan Distance: 12.0, Mask Weight: 0.944
Epoch 739/20000, Train Loss: 0.2342, Validation Set Manhattan Distance: 12.0, Mask Weight: 0.944
Epoch 740/20000, Train Loss: 0.2331, Validation Set Manhattan Distance: 12.0, Mask Weight: 0.944
Epoch 741/20000, Train Loss: 0.2342, Validation Set Manhattan Distance: 12.0, Mask Weight: 0.944
Epoch 742/20000, Train Loss: 0.2335, Validation Set Manhattan Distance: 12.0, Mask Weight: 0.944
Epoch 743/20000, Train Loss: 0.2341, Validation Set Manhattan Distance: 12.0, Mask Weight: 0.944
Epoch 744/20000, Train Loss: 0.2336, Validation Set Manhattan Distance: 12.0, Mask Weight: 0.944
Epoch 745/20000, Train Loss: 0.2331, Validation Set Manhattan Distance: 12.0, Mask Weight: 0.944
Epoch 746/20000, Train Loss: 0.2329, Validation Set Manhattan Distance: 12.0, Mask Weight: 0.944
Epoch 747/20000, Train Loss: 0.2332, Validation Set Manhattan Distance: 12.0, Mask Weight: 0.944
Epoch 748/20000, Train Loss: 0.2333, Validation Set Manhattan Distance: 12.0, Mask Weight: 0.944
Epoch 749/20000, Train Loss: 0.2330, Validation Set Manhattan Distance: 12.0, Mask Weight: 0.944
Epoch 750/20000, Train Loss: 0.2324, Validation Set Manhattan Distance: 12.0, Mask Weight: 0.944
Epoch 751/20000, Train Loss: 0.2330, Validation Set Manhattan Distance: 12.0, Mask Weight: 0.944
Epoch 752/20000, Train Loss: 0.2347, Validation Set Manhattan Distance: 12.0, Mask Weight: 0.944
Epoch 753/20000, Train Loss: 0.2331, Validation Set Manhattan Distance: 12.0, Mask Weight: 0.944
Epoch 754/20000, Train Loss: 0.2334, Validation Set Manhattan Distance: 12.0, Mask Weight: 0.944
Epoch 755/20000, Train Loss: 0.2331, Validation Set Manhattan Distance: 12.0, Mask Weight: 0.944
Epoch 756/20000, Train Loss: 0.2352, Validation Set Manhattan Distance: 12.0, Mask Weight: 0.944
Epoch 757/20000, Train Loss: 0.2342, Validation Set Manhattan Distance: 12.0, Mask Weight: 0.944
Epoch 758/20000, Train Loss: 0.2371, Validation Set Manhattan Distance: 12.0, Mask Weight: 0.944
Epoch 759/20000, Train Loss: 0.2348, Validation Set Manhattan Distance: 12.0, Mask Weight: 0.944
Epoch 760/20000, Train Loss: 0.2342, Validation Set Manhattan Distance: 12.0, Mask Weight: 0.944
Epoch 761/20000, Train Loss: 0.2356, Validation Set Manhattan Distance: 12.0, Mask Weight: 0.944
Epoch 762/20000, Train Loss: 0.2347, Validation Set Manhattan Distance: 12.0, Mask Weight: 0.944
Epoch 763/20000, Train Loss: 0.2345, Validation Set Manhattan Distance: 12.0, Mask Weight: 0.944
Epoch 764/20000, Train Loss: 0.2331, Validation Set Manhattan Distance: 12.0, Mask Weight: 0.944
Epoch 765/20000, Train Loss: 0.2331, Validation Set Manhattan Distance: 12.0, Mask Weight: 0.944
Epoch 766/20000, Train Loss: 0.2328, Validation Set Manhattan Distance: 12.0, Mask Weight: 0.944
Epoch 767/20000, Train Loss: 0.2332, Validation Set Manhattan Distance: 12.0, Mask Weight: 0.944
Epoch 768/20000, Train Loss: 0.2327, Validation Set Manhattan Distance: 12.0, Mask Weight: 0.944
Epoch 769/20000, Train Loss: 0.2350, Validation Set Manhattan Distance: 12.0, Mask Weight: 0.944
Epoch 770/20000, Train Loss: 0.2326, Validation Set Manhattan Distance: 12.0, Mask Weight: 0.944
Epoch 771/20000, Train Loss: 0.2342, Validation Set Manhattan Distance: 12.0, Mask Weight: 0.944
Epoch 772/20000, Train Loss: 0.2332, Validation Set Manhattan Distance: 12.0, Mask Weight: 0.944
Epoch 773/20000, Train Loss: 0.2334, Validation Set Manhattan Distance: 12.0, Mask Weight: 0.944
Epoch 774/20000, Train Loss: 0.2329, Validation Set Manhattan Distance: 12.0, Mask Weight: 0.944
Epoch 775/20000, Train Loss: 0.2335, Validation Set Manhattan Distance: 12.0, Mask Weight: 0.944
Epoch 776/20000, Train Loss: 0.2332, Validation Set Manhattan Distance: 12.0, Mask Weight: 0.944
Epoch 777/20000, Train Loss: 0.2335, Validation Set Manhattan Distance: 12.0, Mask Weight: 0.944
Epoch 778/20000, Train Loss: 0.2330, Validation Set Manhattan Distance: 12.0, Mask Weight: 0.944
Epoch 779/20000, Train Loss: 0.2342, Validation Set Manhattan Distance: 12.0, Mask Weight: 0.944
Epoch 780/20000, Train Loss: 0.2339, Validation Set Manhattan Distance: 12.0, Mask Weight: 0.944
Epoch 781/20000, Train Loss: 0.2359, Validation Set Manhattan Distance: 12.0, Mask Weight: 0.944
Epoch 782/20000, Train Loss: 0.2346, Validation Set Manhattan Distance: 12.0, Mask Weight: 0.944
Epoch 783/20000, Train Loss: 0.2348, Validation Set Manhattan Distance: 12.0, Mask Weight: 0.944
Epoch 784/20000, Train Loss: 0.2338, Validation Set Manhattan Distance: 12.0, Mask Weight: 0.944
Epoch 785/20000, Train Loss: 1.3360, Validation Set Manhattan Distance: 12.0, Mask Weight: 0.944
Epoch 786/20000, Train Loss: 0.7960, Validation Set Manhattan Distance: 12.0, Mask Weight: 0.944
Epoch 787/20000, Train Loss: 0.7487, Validation Set Manhattan Distance: 12.0, Mask Weight: 0.944
Epoch 788/20000, Train Loss: 0.6983, Validation Set Manhattan Distance: 12.0, Mask Weight: 0.944
Epoch 789/20000, Train Loss: 0.6130, Validation Set Manhattan Distance: 12.0, Mask Weight: 0.944
Epoch 790/20000, Train Loss: 0.5516, Validation Set Manhattan Distance: 12.0, Mask Weight: 0.944
Epoch 791/20000, Train Loss: 0.5454, Validation Set Manhattan Distance: 12.0, Mask Weight: 0.944
Epoch 792/20000, Train Loss: 0.5415, Validation Set Manhattan Distance: 12.0, Mask Weight: 0.944
Epoch 793/20000, Train Loss: 0.5354, Validation Set Manhattan Distance: 12.0, Mask Weight: 0.944
Epoch 794/20000, Train Loss: 0.5339, Validation Set Manhattan Distance: 12.0, Mask Weight: 0.944
Epoch 795/20000, Train Loss: 0.5311, Validation Set Manhattan Distance: 12.0, Mask Weight: 0.944
Epoch 796/20000, Train Loss: 0.5285, Validation Set Manhattan Distance: 12.0, Mask Weight: 0.944
Epoch 797/20000, Train Loss: 0.5260, Validation Set Manhattan Distance: 12.0, Mask Weight: 0.944
Epoch 798/20000, Train Loss: 0.5238, Validation Set Manhattan Distance: 12.0, Mask Weight: 0.944
Epoch 799/20000, Train Loss: 0.5201, Validation Set Manhattan Distance: 12.0, Mask Weight: 0.944
Epoch 800/20000, Train Loss: 0.5163, Validation Set Manhattan Distance: 12.0, Mask Weight: 0.944
Epoch 801/20000, Train Loss: 0.5129, Validation Set Manhattan Distance: 12.0, Mask Weight: 0.944
Epoch 802/20000, Train Loss: 0.5089, Validation Set Manhattan Distance: 12.0, Mask Weight: 0.944
Epoch 803/20000, Train Loss: 0.5068, Validation Set Manhattan Distance: 12.0, Mask Weight: 0.944
Epoch 804/20000, Train Loss: 0.5009, Validation Set Manhattan Distance: 12.0, Mask Weight: 0.944
Epoch 805/20000, Train Loss: 0.4955, Validation Set Manhattan Distance: 12.0, Mask Weight: 0.944
Epoch 806/20000, Train Loss: 0.4907, Validation Set Manhattan Distance: 12.0, Mask Weight: 0.944
Epoch 807/20000, Train Loss: 0.4813, Validation Set Manhattan Distance: 12.0, Mask Weight: 0.944
Epoch 808/20000, Train Loss: 0.4738, Validation Set Manhattan Distance: 12.0, Mask Weight: 0.944
Epoch 809/20000, Train Loss: 0.4563, Validation Set Manhattan Distance: 12.0, Mask Weight: 0.944
Epoch 810/20000, Train Loss: 0.4245, Validation Set Manhattan Distance: 12.0, Mask Weight: 0.944
Epoch 811/20000, Train Loss: 0.3845, Validation Set Manhattan Distance: 12.0, Mask Weight: 0.944
Epoch 812/20000, Train Loss: 0.3508, Validation Set Manhattan Distance: 12.0, Mask Weight: 0.944
Epoch 813/20000, Train Loss: 0.3388, Validation Set Manhattan Distance: 12.0, Mask Weight: 0.944
Epoch 814/20000, Train Loss: 0.3303, Validation Set Manhattan Distance: 12.0, Mask Weight: 0.944
Epoch 815/20000, Train Loss: 0.3221, Validation Set Manhattan Distance: 12.0, Mask Weight: 0.944
Epoch 816/20000, Train Loss: 0.3398, Validation Set Manhattan Distance: 12.0, Mask Weight: 0.944
Epoch 817/20000, Train Loss: 0.3044, Validation Set Manhattan Distance: 12.0, Mask Weight: 0.944
Epoch 818/20000, Train Loss: 0.2941, Validation Set Manhattan Distance: 12.0, Mask Weight: 0.944
Epoch 819/20000, Train Loss: 0.2880, Validation Set Manhattan Distance: 12.0, Mask Weight: 0.944
Epoch 820/20000, Train Loss: 0.2749, Validation Set Manhattan Distance: 12.0, Mask Weight: 0.944
Epoch 821/20000, Train Loss: 0.2739, Validation Set Manhattan Distance: 12.0, Mask Weight: 0.944
Epoch 822/20000, Train Loss: 0.2983, Validation Set Manhattan Distance: 12.0, Mask Weight: 0.944
Epoch 823/20000, Train Loss: 0.3021, Validation Set Manhattan Distance: 12.0, Mask Weight: 0.944
Epoch 824/20000, Train Loss: 0.3543, Validation Set Manhattan Distance: 12.0, Mask Weight: 0.944
Epoch 825/20000, Train Loss: 0.2947, Validation Set Manhattan Distance: 12.0, Mask Weight: 0.944
Epoch 826/20000, Train Loss: 0.2806, Validation Set Manhattan Distance: 12.0, Mask Weight: 0.944
Epoch 827/20000, Train Loss: 0.2768, Validation Set Manhattan Distance: 12.0, Mask Weight: 0.944
Epoch 828/20000, Train Loss: 0.2698, Validation Set Manhattan Distance: 12.0, Mask Weight: 0.944
Epoch 829/20000, Train Loss: 0.2650, Validation Set Manhattan Distance: 12.0, Mask Weight: 0.944
Epoch 830/20000, Train Loss: 0.2563, Validation Set Manhattan Distance: 12.0, Mask Weight: 0.944
Epoch 831/20000, Train Loss: 0.2629, Validation Set Manhattan Distance: 12.0, Mask Weight: 0.944
Epoch 832/20000, Train Loss: 0.2528, Validation Set Manhattan Distance: 12.0, Mask Weight: 0.944
Epoch 833/20000, Train Loss: 0.2486, Validation Set Manhattan Distance: 12.0, Mask Weight: 0.944
Epoch 834/20000, Train Loss: 0.2500, Validation Set Manhattan Distance: 12.0, Mask Weight: 0.944
Epoch 835/20000, Train Loss: 0.2774, Validation Set Manhattan Distance: 12.0, Mask Weight: 0.944
Epoch 836/20000, Train Loss: 0.2715, Validation Set Manhattan Distance: 12.0, Mask Weight: 0.944
Epoch 837/20000, Train Loss: 0.2621, Validation Set Manhattan Distance: 12.0, Mask Weight: 0.944
Epoch 838/20000, Train Loss: 0.2502, Validation Set Manhattan Distance: 12.0, Mask Weight: 0.944
Epoch 839/20000, Train Loss: 0.2691, Validation Set Manhattan Distance: 12.0, Mask Weight: 0.944
Epoch 840/20000, Train Loss: 0.2667, Validation Set Manhattan Distance: 12.0, Mask Weight: 0.944
Epoch 841/20000, Train Loss: 0.2497, Validation Set Manhattan Distance: 12.0, Mask Weight: 0.944
Epoch 842/20000, Train Loss: 0.2514, Validation Set Manhattan Distance: 12.0, Mask Weight: 0.944
Epoch 843/20000, Train Loss: 0.2564, Validation Set Manhattan Distance: 12.0, Mask Weight: 0.944
Epoch 844/20000, Train Loss: 0.2815, Validation Set Manhattan Distance: 12.0, Mask Weight: 0.944
Epoch 845/20000, Train Loss: 0.3409, Validation Set Manhattan Distance: 12.0, Mask Weight: 0.944
Epoch 846/20000, Train Loss: 0.2739, Validation Set Manhattan Distance: 12.0, Mask Weight: 0.944
Epoch 847/20000, Train Loss: 0.2558, Validation Set Manhattan Distance: 12.0, Mask Weight: 0.944
Epoch 848/20000, Train Loss: 0.2493, Validation Set Manhattan Distance: 12.0, Mask Weight: 0.944
Epoch 849/20000, Train Loss: 0.2449, Validation Set Manhattan Distance: 12.0, Mask Weight: 0.944
Epoch 850/20000, Train Loss: 0.2457, Validation Set Manhattan Distance: 12.0, Mask Weight: 0.944
Epoch 851/20000, Train Loss: 0.2412, Validation Set Manhattan Distance: 12.0, Mask Weight: 0.944
Epoch 852/20000, Train Loss: 0.2423, Validation Set Manhattan Distance: 12.0, Mask Weight: 0.944
Epoch 853/20000, Train Loss: 0.2396, Validation Set Manhattan Distance: 12.0, Mask Weight: 0.944
Epoch 854/20000, Train Loss: 0.2381, Validation Set Manhattan Distance: 12.0, Mask Weight: 0.944
Epoch 855/20000, Train Loss: 0.2400, Validation Set Manhattan Distance: 12.0, Mask Weight: 0.944
Epoch 856/20000, Train Loss: 0.2363, Validation Set Manhattan Distance: 12.0, Mask Weight: 0.944
Epoch 857/20000, Train Loss: 0.2376, Validation Set Manhattan Distance: 12.0, Mask Weight: 0.944
Epoch 858/20000, Train Loss: 0.2381, Validation Set Manhattan Distance: 12.0, Mask Weight: 0.944
Epoch 859/20000, Train Loss: 0.2358, Validation Set Manhattan Distance: 12.0, Mask Weight: 0.944
Epoch 860/20000, Train Loss: 0.2363, Validation Set Manhattan Distance: 12.0, Mask Weight: 0.944
Epoch 861/20000, Train Loss: 0.2352, Validation Set Manhattan Distance: 12.0, Mask Weight: 0.944
Epoch 862/20000, Train Loss: 0.2374, Validation Set Manhattan Distance: 12.0, Mask Weight: 0.944
Epoch 863/20000, Train Loss: 0.2368, Validation Set Manhattan Distance: 12.0, Mask Weight: 0.944
Epoch 864/20000, Train Loss: 0.2368, Validation Set Manhattan Distance: 12.0, Mask Weight: 0.944
Epoch 865/20000, Train Loss: 0.2349, Validation Set Manhattan Distance: 12.0, Mask Weight: 0.944
Epoch 866/20000, Train Loss: 0.2387, Validation Set Manhattan Distance: 12.0, Mask Weight: 0.944
Epoch 867/20000, Train Loss: 0.2348, Validation Set Manhattan Distance: 12.0, Mask Weight: 0.944
Epoch 868/20000, Train Loss: 0.2355, Validation Set Manhattan Distance: 12.0, Mask Weight: 0.944
Epoch 869/20000, Train Loss: 0.2399, Validation Set Manhattan Distance: 12.0, Mask Weight: 0.944
Epoch 870/20000, Train Loss: 0.2365, Validation Set Manhattan Distance: 12.0, Mask Weight: 0.944
Epoch 871/20000, Train Loss: 0.2366, Validation Set Manhattan Distance: 12.0, Mask Weight: 0.944
Epoch 872/20000, Train Loss: 0.2369, Validation Set Manhattan Distance: 12.0, Mask Weight: 0.944
Epoch 873/20000, Train Loss: 0.2388, Validation Set Manhattan Distance: 12.0, Mask Weight: 0.944
Epoch 874/20000, Train Loss: 0.2356, Validation Set Manhattan Distance: 12.0, Mask Weight: 0.944
Epoch 875/20000, Train Loss: 0.2359, Validation Set Manhattan Distance: 12.0, Mask Weight: 0.944
Epoch 876/20000, Train Loss: 0.2352, Validation Set Manhattan Distance: 12.0, Mask Weight: 0.944
Epoch 877/20000, Train Loss: 0.2356, Validation Set Manhattan Distance: 12.0, Mask Weight: 0.944
Epoch 878/20000, Train Loss: 0.2349, Validation Set Manhattan Distance: 12.0, Mask Weight: 0.944
Epoch 879/20000, Train Loss: 0.2357, Validation Set Manhattan Distance: 12.0, Mask Weight: 0.944
Epoch 880/20000, Train Loss: 0.2374, Validation Set Manhattan Distance: 12.0, Mask Weight: 0.944
Epoch 881/20000, Train Loss: 0.2350, Validation Set Manhattan Distance: 12.0, Mask Weight: 0.944
Epoch 882/20000, Train Loss: 0.2613, Validation Set Manhattan Distance: 12.0, Mask Weight: 0.944
Epoch 883/20000, Train Loss: 0.6404, Validation Set Manhattan Distance: 12.0, Mask Weight: 0.944
Epoch 884/20000, Train Loss: 0.3964, Validation Set Manhattan Distance: 12.0, Mask Weight: 0.944
Epoch 885/20000, Train Loss: 0.3062, Validation Set Manhattan Distance: 12.0, Mask Weight: 0.944
Epoch 886/20000, Train Loss: 0.2821, Validation Set Manhattan Distance: 12.0, Mask Weight: 0.944
Epoch 887/20000, Train Loss: 0.2833, Validation Set Manhattan Distance: 12.0, Mask Weight: 0.944
Epoch 888/20000, Train Loss: 0.2720, Validation Set Manhattan Distance: 12.0, Mask Weight: 0.944
Epoch 889/20000, Train Loss: 0.2585, Validation Set Manhattan Distance: 12.0, Mask Weight: 0.944
Epoch 890/20000, Train Loss: 0.2510, Validation Set Manhattan Distance: 12.0, Mask Weight: 0.944
Epoch 891/20000, Train Loss: 0.2431, Validation Set Manhattan Distance: 12.0, Mask Weight: 0.944
Epoch 892/20000, Train Loss: 0.2384, Validation Set Manhattan Distance: 12.0, Mask Weight: 0.944
Epoch 893/20000, Train Loss: 0.2372, Validation Set Manhattan Distance: 12.0, Mask Weight: 0.944
Epoch 894/20000, Train Loss: 0.2363, Validation Set Manhattan Distance: 12.0, Mask Weight: 0.944
Epoch 895/20000, Train Loss: 0.2369, Validation Set Manhattan Distance: 12.0, Mask Weight: 0.944
Epoch 896/20000, Train Loss: 0.2356, Validation Set Manhattan Distance: 12.0, Mask Weight: 0.944
Epoch 897/20000, Train Loss: 0.2349, Validation Set Manhattan Distance: 12.0, Mask Weight: 0.944
Epoch 898/20000, Train Loss: 0.2363, Validation Set Manhattan Distance: 12.0, Mask Weight: 0.944
Epoch 899/20000, Train Loss: 0.2340, Validation Set Manhattan Distance: 12.0, Mask Weight: 0.944
Epoch 900/20000, Train Loss: 0.2373, Validation Set Manhattan Distance: 12.0, Mask Weight: 0.944
Epoch 901/20000, Train Loss: 0.2352, Validation Set Manhattan Distance: 12.0, Mask Weight: 0.944
Epoch 902/20000, Train Loss: 0.2347, Validation Set Manhattan Distance: 12.0, Mask Weight: 0.944
Epoch 903/20000, Train Loss: 0.2357, Validation Set Manhattan Distance: 12.0, Mask Weight: 0.944
Epoch 904/20000, Train Loss: 0.2356, Validation Set Manhattan Distance: 12.0, Mask Weight: 0.944
Epoch 905/20000, Train Loss: 0.2354, Validation Set Manhattan Distance: 12.0, Mask Weight: 0.944
Epoch 906/20000, Train Loss: 0.2356, Validation Set Manhattan Distance: 12.0, Mask Weight: 0.944
Epoch 907/20000, Train Loss: 0.2353, Validation Set Manhattan Distance: 12.0, Mask Weight: 0.944
Epoch 908/20000, Train Loss: 0.2369, Validation Set Manhattan Distance: 12.0, Mask Weight: 0.944
Epoch 909/20000, Train Loss: 0.2361, Validation Set Manhattan Distance: 12.0, Mask Weight: 0.944
Epoch 910/20000, Train Loss: 0.2361, Validation Set Manhattan Distance: 12.0, Mask Weight: 0.944
Epoch 911/20000, Train Loss: 0.2360, Validation Set Manhattan Distance: 12.0, Mask Weight: 0.944
Epoch 912/20000, Train Loss: 0.2347, Validation Set Manhattan Distance: 12.0, Mask Weight: 0.944
Epoch 913/20000, Train Loss: 0.2350, Validation Set Manhattan Distance: 12.0, Mask Weight: 0.944
Epoch 914/20000, Train Loss: 0.2354, Validation Set Manhattan Distance: 12.0, Mask Weight: 0.944
Epoch 915/20000, Train Loss: 0.2346, Validation Set Manhattan Distance: 12.0, Mask Weight: 0.944
Epoch 916/20000, Train Loss: 0.2359, Validation Set Manhattan Distance: 12.0, Mask Weight: 0.944
Epoch 917/20000, Train Loss: 0.2355, Validation Set Manhattan Distance: 12.0, Mask Weight: 0.944
Epoch 918/20000, Train Loss: 0.2354, Validation Set Manhattan Distance: 12.0, Mask Weight: 0.944
Epoch 919/20000, Train Loss: 0.2356, Validation Set Manhattan Distance: 12.0, Mask Weight: 0.944
Epoch 920/20000, Train Loss: 0.2335, Validation Set Manhattan Distance: 12.0, Mask Weight: 0.944
Epoch 921/20000, Train Loss: 0.2335, Validation Set Manhattan Distance: 12.0, Mask Weight: 0.944
Epoch 922/20000, Train Loss: 0.2335, Validation Set Manhattan Distance: 12.0, Mask Weight: 0.944
Epoch 923/20000, Train Loss: 0.2338, Validation Set Manhattan Distance: 12.0, Mask Weight: 0.944
Epoch 924/20000, Train Loss: 0.2353, Validation Set Manhattan Distance: 12.0, Mask Weight: 0.944