Using device: cuda
Starting training with gradient-based adaptive weighted mask...
Epoch 1/20000, Train Loss: 59.2335, Validation Set Manhattan Distance: 588.0, Mask Weight: 1.000
  -> New best Validation Set Manhattan Distance: 588.0. Model saved.
Epoch 2/20000, Train Loss: 42.5542, Validation Set Manhattan Distance: 588.0, Mask Weight: 1.000
Epoch 3/20000, Train Loss: 33.7340, Validation Set Manhattan Distance: 588.0, Mask Weight: 1.000
Epoch 4/20000, Train Loss: 27.4693, Validation Set Manhattan Distance: 588.0, Mask Weight: 1.000
Epoch 5/20000, Train Loss: 22.8950, Validation Set Manhattan Distance: 588.0, Mask Weight: 1.000
Epoch 6/20000, Train Loss: 19.2648, Validation Set Manhattan Distance: 588.0, Mask Weight: 1.000
Epoch 7/20000, Train Loss: 16.2149, Validation Set Manhattan Distance: 588.0, Mask Weight: 1.000
Epoch 8/20000, Train Loss: 13.6447, Validation Set Manhattan Distance: 588.0, Mask Weight: 1.000
Epoch 9/20000, Train Loss: 11.4631, Validation Set Manhattan Distance: 588.0, Mask Weight: 1.000
Epoch 10/20000, Train Loss: 9.6271, Validation Set Manhattan Distance: 588.0, Mask Weight: 1.000
Epoch 11/20000, Train Loss: 8.0807, Validation Set Manhattan Distance: 588.0, Mask Weight: 1.000
Epoch 12/20000, Train Loss: 6.7775, Validation Set Manhattan Distance: 588.0, Mask Weight: 1.000
Epoch 13/20000, Train Loss: 5.6885, Validation Set Manhattan Distance: 588.0, Mask Weight: 1.000
Epoch 14/20000, Train Loss: 4.7773, Validation Set Manhattan Distance: 588.0, Mask Weight: 1.000
Epoch 15/20000, Train Loss: 4.0190, Validation Set Manhattan Distance: 588.0, Mask Weight: 1.000
Epoch 16/20000, Train Loss: 3.3818, Validation Set Manhattan Distance: 588.0, Mask Weight: 1.000
Epoch 17/20000, Train Loss: 2.8384, Validation Set Manhattan Distance: 588.0, Mask Weight: 1.000
Epoch 18/20000, Train Loss: 2.3831, Validation Set Manhattan Distance: 588.0, Mask Weight: 1.000
Epoch 19/20000, Train Loss: 2.0014, Validation Set Manhattan Distance: 588.0, Mask Weight: 1.000
Epoch 20/20000, Train Loss: 1.6820, Validation Set Manhattan Distance: 588.0, Mask Weight: 1.000
Epoch 21/20000, Train Loss: 1.4142, Validation Set Manhattan Distance: 588.0, Mask Weight: 1.000
Epoch 22/20000, Train Loss: 1.1902, Validation Set Manhattan Distance: 588.0, Mask Weight: 1.000
Epoch 23/20000, Train Loss: 1.0017, Validation Set Manhattan Distance: 588.0, Mask Weight: 1.000
Epoch 24/20000, Train Loss: 0.8433, Validation Set Manhattan Distance: 588.0, Mask Weight: 1.000
Epoch 25/20000, Train Loss: 0.7126, Validation Set Manhattan Distance: 588.0, Mask Weight: 1.000
Epoch 26/20000, Train Loss: 0.6004, Validation Set Manhattan Distance: 588.0, Mask Weight: 1.000
Epoch 27/20000, Train Loss: 0.5059, Validation Set Manhattan Distance: 588.0, Mask Weight: 1.000
Epoch 28/20000, Train Loss: 0.4299, Validation Set Manhattan Distance: 588.0, Mask Weight: 1.000
Epoch 29/20000, Train Loss: 0.3645, Validation Set Manhattan Distance: 588.0, Mask Weight: 1.000
Epoch 30/20000, Train Loss: 0.3075, Validation Set Manhattan Distance: 588.0, Mask Weight: 1.000
Epoch 31/20000, Train Loss: 0.2618, Validation Set Manhattan Distance: 588.0, Mask Weight: 1.000
Epoch 32/20000, Train Loss: 0.2240, Validation Set Manhattan Distance: 588.0, Mask Weight: 1.000
Epoch 33/20000, Train Loss: 0.1885, Validation Set Manhattan Distance: 588.0, Mask Weight: 1.000
Epoch 34/20000, Train Loss: 0.1607, Validation Set Manhattan Distance: 588.0, Mask Weight: 1.000
Epoch 35/20000, Train Loss: 0.1370, Validation Set Manhattan Distance: 588.0, Mask Weight: 1.000
Epoch 36/20000, Train Loss: 0.1180, Validation Set Manhattan Distance: 588.0, Mask Weight: 1.000
Epoch 37/20000, Train Loss: 0.1033, Validation Set Manhattan Distance: 588.0, Mask Weight: 1.000
  -> Train loss below 0.1. Mask weight reduction is now enabled.
Epoch 38/20000, Train Loss: 0.0878, Validation Set Manhattan Distance: 588.0, Mask Weight: 1.000
  -> Validation Set Manhattan Distance did not improve for 10 epochs.
  -> Unmasked Loss (Gradient Magnitude): 0.5903, Calculated Decrement: 0.0085
  -> Reducing mask weight to 0.992.
  -> Mask weight reduction is now disabled until train loss is below 0.001 again.
Epoch 39/20000, Train Loss: 0.3099, Validation Set Manhattan Distance: 12.0, Mask Weight: 0.992
  -> New best Validation Set Manhattan Distance: 12.0. Model saved.
Epoch 40/20000, Train Loss: 0.1529, Validation Set Manhattan Distance: 12.0, Mask Weight: 0.992
Epoch 41/20000, Train Loss: 0.1425, Validation Set Manhattan Distance: 12.0, Mask Weight: 0.992
Epoch 42/20000, Train Loss: 0.1355, Validation Set Manhattan Distance: 12.0, Mask Weight: 0.992
Epoch 43/20000, Train Loss: 0.1295, Validation Set Manhattan Distance: 12.0, Mask Weight: 0.992
Epoch 44/20000, Train Loss: 0.1252, Validation Set Manhattan Distance: 12.0, Mask Weight: 0.992
Epoch 45/20000, Train Loss: 0.1233, Validation Set Manhattan Distance: 12.0, Mask Weight: 0.992
Epoch 46/20000, Train Loss: 0.1154, Validation Set Manhattan Distance: 12.0, Mask Weight: 0.992
Epoch 47/20000, Train Loss: 0.1114, Validation Set Manhattan Distance: 12.0, Mask Weight: 0.992
Epoch 48/20000, Train Loss: 0.1087, Validation Set Manhattan Distance: 12.0, Mask Weight: 0.992
Epoch 49/20000, Train Loss: 0.1065, Validation Set Manhattan Distance: 12.0, Mask Weight: 0.992
Epoch 50/20000, Train Loss: 0.1043, Validation Set Manhattan Distance: 12.0, Mask Weight: 0.992
Epoch 51/20000, Train Loss: 0.1037, Validation Set Manhattan Distance: 12.0, Mask Weight: 0.992
Epoch 52/20000, Train Loss: 0.1030, Validation Set Manhattan Distance: 12.0, Mask Weight: 0.992
  -> Train loss below 0.1. Mask weight reduction is now enabled.
Epoch 53/20000, Train Loss: 0.0993, Validation Set Manhattan Distance: 12.0, Mask Weight: 0.992
  -> Validation Set Manhattan Distance did not improve for 10 epochs.
  -> Unmasked Loss (Gradient Magnitude): 0.0944, Calculated Decrement: 0.0530
  -> Reducing mask weight to 0.939.
  -> Mask weight reduction is now disabled until train loss is below 0.001 again.
Epoch 54/20000, Train Loss: 0.5986, Validation Set Manhattan Distance: 12.0, Mask Weight: 0.939
Epoch 55/20000, Train Loss: 0.5925, Validation Set Manhattan Distance: 12.0, Mask Weight: 0.939
Epoch 56/20000, Train Loss: 0.5913, Validation Set Manhattan Distance: 12.0, Mask Weight: 0.939
Epoch 57/20000, Train Loss: 0.5897, Validation Set Manhattan Distance: 12.0, Mask Weight: 0.939
Epoch 58/20000, Train Loss: 0.5899, Validation Set Manhattan Distance: 12.0, Mask Weight: 0.939
Epoch 59/20000, Train Loss: 0.5848, Validation Set Manhattan Distance: 12.0, Mask Weight: 0.939
Epoch 60/20000, Train Loss: 0.5792, Validation Set Manhattan Distance: 12.0, Mask Weight: 0.939
Epoch 61/20000, Train Loss: 0.5777, Validation Set Manhattan Distance: 12.0, Mask Weight: 0.939
Epoch 62/20000, Train Loss: 0.5758, Validation Set Manhattan Distance: 12.0, Mask Weight: 0.939
Epoch 63/20000, Train Loss: 0.5686, Validation Set Manhattan Distance: 12.0, Mask Weight: 0.939
Epoch 64/20000, Train Loss: 0.5642, Validation Set Manhattan Distance: 12.0, Mask Weight: 0.939
Epoch 65/20000, Train Loss: 0.5667, Validation Set Manhattan Distance: 12.0, Mask Weight: 0.939
Epoch 66/20000, Train Loss: 0.5525, Validation Set Manhattan Distance: 12.0, Mask Weight: 0.939
Epoch 67/20000, Train Loss: 0.5456, Validation Set Manhattan Distance: 12.0, Mask Weight: 0.939
Epoch 68/20000, Train Loss: 0.5219, Validation Set Manhattan Distance: 12.0, Mask Weight: 0.939
Epoch 69/20000, Train Loss: 0.4998, Validation Set Manhattan Distance: 12.0, Mask Weight: 0.939
Epoch 70/20000, Train Loss: 0.4840, Validation Set Manhattan Distance: 12.0, Mask Weight: 0.939
Epoch 71/20000, Train Loss: 0.4746, Validation Set Manhattan Distance: 12.0, Mask Weight: 0.939
Epoch 72/20000, Train Loss: 0.4616, Validation Set Manhattan Distance: 12.0, Mask Weight: 0.939
Epoch 73/20000, Train Loss: 0.4463, Validation Set Manhattan Distance: 12.0, Mask Weight: 0.939
Epoch 74/20000, Train Loss: 0.4323, Validation Set Manhattan Distance: 12.0, Mask Weight: 0.939
Epoch 75/20000, Train Loss: 0.4168, Validation Set Manhattan Distance: 12.0, Mask Weight: 0.939
Epoch 76/20000, Train Loss: 0.4321, Validation Set Manhattan Distance: 12.0, Mask Weight: 0.939
Epoch 77/20000, Train Loss: 0.4316, Validation Set Manhattan Distance: 12.0, Mask Weight: 0.939
Epoch 78/20000, Train Loss: 0.4237, Validation Set Manhattan Distance: 12.0, Mask Weight: 0.939
Epoch 79/20000, Train Loss: 0.4264, Validation Set Manhattan Distance: 12.0, Mask Weight: 0.939
Epoch 80/20000, Train Loss: 0.4077, Validation Set Manhattan Distance: 12.0, Mask Weight: 0.939
Epoch 81/20000, Train Loss: 0.3981, Validation Set Manhattan Distance: 12.0, Mask Weight: 0.939
Epoch 82/20000, Train Loss: 0.3866, Validation Set Manhattan Distance: 12.0, Mask Weight: 0.939
Epoch 83/20000, Train Loss: 0.3738, Validation Set Manhattan Distance: 12.0, Mask Weight: 0.939
Epoch 84/20000, Train Loss: 0.3628, Validation Set Manhattan Distance: 12.0, Mask Weight: 0.939
Epoch 85/20000, Train Loss: 0.3849, Validation Set Manhattan Distance: 12.0, Mask Weight: 0.939
Epoch 86/20000, Train Loss: 0.4351, Validation Set Manhattan Distance: 12.0, Mask Weight: 0.939
Epoch 87/20000, Train Loss: 0.3927, Validation Set Manhattan Distance: 12.0, Mask Weight: 0.939
Epoch 88/20000, Train Loss: 0.3713, Validation Set Manhattan Distance: 12.0, Mask Weight: 0.939
Epoch 89/20000, Train Loss: 0.3604, Validation Set Manhattan Distance: 12.0, Mask Weight: 0.939
Epoch 90/20000, Train Loss: 0.3549, Validation Set Manhattan Distance: 12.0, Mask Weight: 0.939
Epoch 91/20000, Train Loss: 0.3448, Validation Set Manhattan Distance: 12.0, Mask Weight: 0.939
Epoch 92/20000, Train Loss: 0.3342, Validation Set Manhattan Distance: 12.0, Mask Weight: 0.939
Epoch 93/20000, Train Loss: 0.3620, Validation Set Manhattan Distance: 12.0, Mask Weight: 0.939
Epoch 94/20000, Train Loss: 0.3416, Validation Set Manhattan Distance: 12.0, Mask Weight: 0.939
Epoch 95/20000, Train Loss: 0.3952, Validation Set Manhattan Distance: 12.0, Mask Weight: 0.939
Epoch 96/20000, Train Loss: 0.3436, Validation Set Manhattan Distance: 12.0, Mask Weight: 0.939
Epoch 97/20000, Train Loss: 0.3529, Validation Set Manhattan Distance: 12.0, Mask Weight: 0.939
Epoch 98/20000, Train Loss: 0.3298, Validation Set Manhattan Distance: 12.0, Mask Weight: 0.939
Epoch 99/20000, Train Loss: 0.3294, Validation Set Manhattan Distance: 12.0, Mask Weight: 0.939
Epoch 100/20000, Train Loss: 0.3166, Validation Set Manhattan Distance: 12.0, Mask Weight: 0.939
Epoch 101/20000, Train Loss: 0.3182, Validation Set Manhattan Distance: 12.0, Mask Weight: 0.939
Epoch 102/20000, Train Loss: 0.3194, Validation Set Manhattan Distance: 12.0, Mask Weight: 0.939
Epoch 103/20000, Train Loss: 0.3823, Validation Set Manhattan Distance: 12.0, Mask Weight: 0.939
Epoch 104/20000, Train Loss: 0.3362, Validation Set Manhattan Distance: 12.0, Mask Weight: 0.939
Epoch 105/20000, Train Loss: 0.3284, Validation Set Manhattan Distance: 12.0, Mask Weight: 0.939
Epoch 106/20000, Train Loss: 0.3226, Validation Set Manhattan Distance: 12.0, Mask Weight: 0.939
Epoch 107/20000, Train Loss: 0.3324, Validation Set Manhattan Distance: 12.0, Mask Weight: 0.939
Epoch 108/20000, Train Loss: 0.3128, Validation Set Manhattan Distance: 12.0, Mask Weight: 0.939
Epoch 109/20000, Train Loss: 0.3168, Validation Set Manhattan Distance: 12.0, Mask Weight: 0.939
Epoch 110/20000, Train Loss: 0.3485, Validation Set Manhattan Distance: 12.0, Mask Weight: 0.939
Epoch 111/20000, Train Loss: 0.3305, Validation Set Manhattan Distance: 12.0, Mask Weight: 0.939
Epoch 112/20000, Train Loss: 0.3011, Validation Set Manhattan Distance: 18.0, Mask Weight: 0.939
Epoch 113/20000, Train Loss: 0.3083, Validation Set Manhattan Distance: 91.0, Mask Weight: 0.939
Epoch 114/20000, Train Loss: 0.3019, Validation Set Manhattan Distance: 30.0, Mask Weight: 0.939
Epoch 115/20000, Train Loss: 0.3026, Validation Set Manhattan Distance: 30.0, Mask Weight: 0.939
Epoch 116/20000, Train Loss: 0.2963, Validation Set Manhattan Distance: 228.0, Mask Weight: 0.939
Epoch 117/20000, Train Loss: 0.2929, Validation Set Manhattan Distance: 57.0, Mask Weight: 0.939
Epoch 118/20000, Train Loss: 0.3130, Validation Set Manhattan Distance: 232.0, Mask Weight: 0.939
Epoch 119/20000, Train Loss: 0.3074, Validation Set Manhattan Distance: 174.0, Mask Weight: 0.939
Epoch 120/20000, Train Loss: 0.2974, Validation Set Manhattan Distance: 170.0, Mask Weight: 0.939
Epoch 121/20000, Train Loss: 0.3423, Validation Set Manhattan Distance: 256.0, Mask Weight: 0.939
Epoch 122/20000, Train Loss: 0.3150, Validation Set Manhattan Distance: 24.0, Mask Weight: 0.939
Epoch 123/20000, Train Loss: 0.3373, Validation Set Manhattan Distance: 266.0, Mask Weight: 0.939
Epoch 124/20000, Train Loss: 0.3210, Validation Set Manhattan Distance: 192.0, Mask Weight: 0.939
Epoch 125/20000, Train Loss: 0.2963, Validation Set Manhattan Distance: 174.0, Mask Weight: 0.939
Epoch 126/20000, Train Loss: 0.3035, Validation Set Manhattan Distance: 173.0, Mask Weight: 0.939
Epoch 127/20000, Train Loss: 0.2893, Validation Set Manhattan Distance: 266.0, Mask Weight: 0.939
Epoch 128/20000, Train Loss: 0.3073, Validation Set Manhattan Distance: 30.0, Mask Weight: 0.939
Epoch 129/20000, Train Loss: 0.3065, Validation Set Manhattan Distance: 187.0, Mask Weight: 0.939
Epoch 130/20000, Train Loss: 0.3141, Validation Set Manhattan Distance: 260.0, Mask Weight: 0.939
Epoch 131/20000, Train Loss: 0.2962, Validation Set Manhattan Distance: 260.0, Mask Weight: 0.939
Epoch 132/20000, Train Loss: 0.2843, Validation Set Manhattan Distance: 264.0, Mask Weight: 0.939
Epoch 133/20000, Train Loss: 0.2957, Validation Set Manhattan Distance: 288.0, Mask Weight: 0.939
Epoch 134/20000, Train Loss: 0.2930, Validation Set Manhattan Distance: 298.0, Mask Weight: 0.939
Epoch 135/20000, Train Loss: 0.2835, Validation Set Manhattan Distance: 288.0, Mask Weight: 0.939
Epoch 136/20000, Train Loss: 0.2939, Validation Set Manhattan Distance: 300.0, Mask Weight: 0.939
Epoch 137/20000, Train Loss: 0.2808, Validation Set Manhattan Distance: 300.0, Mask Weight: 0.939
Epoch 138/20000, Train Loss: 0.2759, Validation Set Manhattan Distance: 300.0, Mask Weight: 0.939
Epoch 139/20000, Train Loss: 0.2780, Validation Set Manhattan Distance: 300.0, Mask Weight: 0.939
Epoch 140/20000, Train Loss: 0.2759, Validation Set Manhattan Distance: 300.0, Mask Weight: 0.939
Epoch 141/20000, Train Loss: 0.2721, Validation Set Manhattan Distance: 300.0, Mask Weight: 0.939
Epoch 142/20000, Train Loss: 0.2758, Validation Set Manhattan Distance: 300.0, Mask Weight: 0.939
Epoch 143/20000, Train Loss: 0.2746, Validation Set Manhattan Distance: 300.0, Mask Weight: 0.939
Epoch 144/20000, Train Loss: 0.2830, Validation Set Manhattan Distance: 300.0, Mask Weight: 0.939
Epoch 145/20000, Train Loss: 0.2756, Validation Set Manhattan Distance: 300.0, Mask Weight: 0.939
Epoch 146/20000, Train Loss: 0.2744, Validation Set Manhattan Distance: 300.0, Mask Weight: 0.939
Epoch 147/20000, Train Loss: 0.2720, Validation Set Manhattan Distance: 300.0, Mask Weight: 0.939
Epoch 148/20000, Train Loss: 0.2802, Validation Set Manhattan Distance: 300.0, Mask Weight: 0.939
Epoch 149/20000, Train Loss: 0.2888, Validation Set Manhattan Distance: 300.0, Mask Weight: 0.939
Epoch 150/20000, Train Loss: 0.3618, Validation Set Manhattan Distance: 300.0, Mask Weight: 0.939
Epoch 151/20000, Train Loss: 0.4820, Validation Set Manhattan Distance: 296.0, Mask Weight: 0.939
Epoch 152/20000, Train Loss: 0.4732, Validation Set Manhattan Distance: 278.0, Mask Weight: 0.939
Epoch 153/20000, Train Loss: 0.4118, Validation Set Manhattan Distance: 284.0, Mask Weight: 0.939
Epoch 154/20000, Train Loss: 0.3496, Validation Set Manhattan Distance: 250.0, Mask Weight: 0.939
Epoch 155/20000, Train Loss: 0.3322, Validation Set Manhattan Distance: 272.0, Mask Weight: 0.939
Epoch 156/20000, Train Loss: 0.3150, Validation Set Manhattan Distance: 294.0, Mask Weight: 0.939
Epoch 157/20000, Train Loss: 0.3050, Validation Set Manhattan Distance: 296.0, Mask Weight: 0.939
Epoch 158/20000, Train Loss: 0.3017, Validation Set Manhattan Distance: 300.0, Mask Weight: 0.939
Epoch 159/20000, Train Loss: 0.2906, Validation Set Manhattan Distance: 300.0, Mask Weight: 0.939
Epoch 160/20000, Train Loss: 0.2860, Validation Set Manhattan Distance: 300.0, Mask Weight: 0.939
Epoch 161/20000, Train Loss: 0.2809, Validation Set Manhattan Distance: 300.0, Mask Weight: 0.939
Epoch 162/20000, Train Loss: 0.2773, Validation Set Manhattan Distance: 300.0, Mask Weight: 0.939
Epoch 163/20000, Train Loss: 0.2742, Validation Set Manhattan Distance: 300.0, Mask Weight: 0.939
Epoch 164/20000, Train Loss: 0.2739, Validation Set Manhattan Distance: 300.0, Mask Weight: 0.939
Epoch 165/20000, Train Loss: 0.2723, Validation Set Manhattan Distance: 300.0, Mask Weight: 0.939
Epoch 166/20000, Train Loss: 0.2717, Validation Set Manhattan Distance: 300.0, Mask Weight: 0.939
Epoch 167/20000, Train Loss: 0.2692, Validation Set Manhattan Distance: 300.0, Mask Weight: 0.939
Epoch 168/20000, Train Loss: 0.2709, Validation Set Manhattan Distance: 300.0, Mask Weight: 0.939
Epoch 169/20000, Train Loss: 0.2723, Validation Set Manhattan Distance: 300.0, Mask Weight: 0.939
Epoch 170/20000, Train Loss: 0.2702, Validation Set Manhattan Distance: 300.0, Mask Weight: 0.939
Epoch 171/20000, Train Loss: 0.2692, Validation Set Manhattan Distance: 300.0, Mask Weight: 0.939
Epoch 172/20000, Train Loss: 0.2689, Validation Set Manhattan Distance: 300.0, Mask Weight: 0.939
Epoch 173/20000, Train Loss: 0.2670, Validation Set Manhattan Distance: 300.0, Mask Weight: 0.939
Epoch 174/20000, Train Loss: 0.2667, Validation Set Manhattan Distance: 300.0, Mask Weight: 0.939
Epoch 175/20000, Train Loss: 0.2675, Validation Set Manhattan Distance: 300.0, Mask Weight: 0.939
Epoch 176/20000, Train Loss: 0.2680, Validation Set Manhattan Distance: 300.0, Mask Weight: 0.939
Epoch 177/20000, Train Loss: 0.2679, Validation Set Manhattan Distance: 300.0, Mask Weight: 0.939
Epoch 178/20000, Train Loss: 0.2676, Validation Set Manhattan Distance: 300.0, Mask Weight: 0.939
Epoch 179/20000, Train Loss: 0.2719, Validation Set Manhattan Distance: 300.0, Mask Weight: 0.939
Epoch 180/20000, Train Loss: 0.2773, Validation Set Manhattan Distance: 300.0, Mask Weight: 0.939
Epoch 181/20000, Train Loss: 0.2686, Validation Set Manhattan Distance: 300.0, Mask Weight: 0.939
Epoch 182/20000, Train Loss: 0.2810, Validation Set Manhattan Distance: 300.0, Mask Weight: 0.939
Epoch 183/20000, Train Loss: 0.3094, Validation Set Manhattan Distance: 300.0, Mask Weight: 0.939
Epoch 184/20000, Train Loss: 0.3924, Validation Set Manhattan Distance: 300.0, Mask Weight: 0.939
Epoch 185/20000, Train Loss: 0.2894, Validation Set Manhattan Distance: 300.0, Mask Weight: 0.939
Epoch 186/20000, Train Loss: 0.3084, Validation Set Manhattan Distance: 300.0, Mask Weight: 0.939
Epoch 187/20000, Train Loss: 0.3227, Validation Set Manhattan Distance: 300.0, Mask Weight: 0.939
Epoch 188/20000, Train Loss: 0.3094, Validation Set Manhattan Distance: 300.0, Mask Weight: 0.939
Epoch 189/20000, Train Loss: 0.2978, Validation Set Manhattan Distance: 300.0, Mask Weight: 0.939
Epoch 190/20000, Train Loss: 0.2975, Validation Set Manhattan Distance: 300.0, Mask Weight: 0.939
Epoch 191/20000, Train Loss: 0.2856, Validation Set Manhattan Distance: 300.0, Mask Weight: 0.939
Epoch 192/20000, Train Loss: 0.3010, Validation Set Manhattan Distance: 294.0, Mask Weight: 0.939
Epoch 193/20000, Train Loss: 0.3104, Validation Set Manhattan Distance: 296.0, Mask Weight: 0.939
Epoch 194/20000, Train Loss: 0.2810, Validation Set Manhattan Distance: 300.0, Mask Weight: 0.939
Epoch 195/20000, Train Loss: 0.2828, Validation Set Manhattan Distance: 300.0, Mask Weight: 0.939
Epoch 196/20000, Train Loss: 0.2764, Validation Set Manhattan Distance: 300.0, Mask Weight: 0.939
Epoch 197/20000, Train Loss: 0.2689, Validation Set Manhattan Distance: 300.0, Mask Weight: 0.939
Epoch 198/20000, Train Loss: 0.2716, Validation Set Manhattan Distance: 300.0, Mask Weight: 0.939
Epoch 199/20000, Train Loss: 0.2719, Validation Set Manhattan Distance: 300.0, Mask Weight: 0.939
Epoch 200/20000, Train Loss: 0.2753, Validation Set Manhattan Distance: 300.0, Mask Weight: 0.939
Epoch 201/20000, Train Loss: 0.2741, Validation Set Manhattan Distance: 300.0, Mask Weight: 0.939
Epoch 202/20000, Train Loss: 0.2694, Validation Set Manhattan Distance: 300.0, Mask Weight: 0.939
Epoch 203/20000, Train Loss: 0.2692, Validation Set Manhattan Distance: 300.0, Mask Weight: 0.939
Epoch 204/20000, Train Loss: 0.2681, Validation Set Manhattan Distance: 300.0, Mask Weight: 0.939
Epoch 205/20000, Train Loss: 0.2653, Validation Set Manhattan Distance: 300.0, Mask Weight: 0.939
Epoch 206/20000, Train Loss: 0.2645, Validation Set Manhattan Distance: 300.0, Mask Weight: 0.939
Epoch 207/20000, Train Loss: 0.2660, Validation Set Manhattan Distance: 300.0, Mask Weight: 0.939
Epoch 208/20000, Train Loss: 0.2672, Validation Set Manhattan Distance: 300.0, Mask Weight: 0.939
Epoch 209/20000, Train Loss: 0.2658, Validation Set Manhattan Distance: 300.0, Mask Weight: 0.939
Epoch 210/20000, Train Loss: 0.2642, Validation Set Manhattan Distance: 300.0, Mask Weight: 0.939
Epoch 211/20000, Train Loss: 0.2641, Validation Set Manhattan Distance: 300.0, Mask Weight: 0.939
Epoch 212/20000, Train Loss: 0.2654, Validation Set Manhattan Distance: 300.0, Mask Weight: 0.939
Epoch 213/20000, Train Loss: 0.2654, Validation Set Manhattan Distance: 300.0, Mask Weight: 0.939
Epoch 214/20000, Train Loss: 0.2642, Validation Set Manhattan Distance: 300.0, Mask Weight: 0.939
Epoch 215/20000, Train Loss: 0.2640, Validation Set Manhattan Distance: 300.0, Mask Weight: 0.939
Epoch 216/20000, Train Loss: 0.2631, Validation Set Manhattan Distance: 300.0, Mask Weight: 0.939
Epoch 217/20000, Train Loss: 0.2671, Validation Set Manhattan Distance: 300.0, Mask Weight: 0.939
Epoch 218/20000, Train Loss: 0.2704, Validation Set Manhattan Distance: 300.0, Mask Weight: 0.939
Epoch 219/20000, Train Loss: 0.2672, Validation Set Manhattan Distance: 300.0, Mask Weight: 0.939
Epoch 220/20000, Train Loss: 0.2643, Validation Set Manhattan Distance: 300.0, Mask Weight: 0.939
Epoch 221/20000, Train Loss: 0.2644, Validation Set Manhattan Distance: 300.0, Mask Weight: 0.939
Epoch 222/20000, Train Loss: 0.2679, Validation Set Manhattan Distance: 300.0, Mask Weight: 0.939
Epoch 223/20000, Train Loss: 0.2643, Validation Set Manhattan Distance: 300.0, Mask Weight: 0.939
Epoch 224/20000, Train Loss: 0.2637, Validation Set Manhattan Distance: 300.0, Mask Weight: 0.939
Epoch 225/20000, Train Loss: 0.2622, Validation Set Manhattan Distance: 300.0, Mask Weight: 0.939
Epoch 226/20000, Train Loss: 0.2652, Validation Set Manhattan Distance: 300.0, Mask Weight: 0.939
Epoch 227/20000, Train Loss: 0.2640, Validation Set Manhattan Distance: 300.0, Mask Weight: 0.939
Epoch 228/20000, Train Loss: 0.2631, Validation Set Manhattan Distance: 300.0, Mask Weight: 0.939
Epoch 229/20000, Train Loss: 0.2633, Validation Set Manhattan Distance: 300.0, Mask Weight: 0.939
Epoch 230/20000, Train Loss: 0.2643, Validation Set Manhattan Distance: 300.0, Mask Weight: 0.939
Epoch 231/20000, Train Loss: 0.2654, Validation Set Manhattan Distance: 300.0, Mask Weight: 0.939
Epoch 232/20000, Train Loss: 0.2643, Validation Set Manhattan Distance: 300.0, Mask Weight: 0.939
Epoch 233/20000, Train Loss: 0.2633, Validation Set Manhattan Distance: 300.0, Mask Weight: 0.939
Epoch 234/20000, Train Loss: 0.2658, Validation Set Manhattan Distance: 300.0, Mask Weight: 0.939
Epoch 235/20000, Train Loss: 0.2655, Validation Set Manhattan Distance: 300.0, Mask Weight: 0.939
Epoch 236/20000, Train Loss: 0.2634, Validation Set Manhattan Distance: 300.0, Mask Weight: 0.939
Epoch 237/20000, Train Loss: 0.2639, Validation Set Manhattan Distance: 300.0, Mask Weight: 0.939
Epoch 238/20000, Train Loss: 0.2641, Validation Set Manhattan Distance: 300.0, Mask Weight: 0.939
Epoch 239/20000, Train Loss: 0.2624, Validation Set Manhattan Distance: 300.0, Mask Weight: 0.939
Epoch 240/20000, Train Loss: 0.2631, Validation Set Manhattan Distance: 300.0, Mask Weight: 0.939
Epoch 241/20000, Train Loss: 0.2623, Validation Set Manhattan Distance: 300.0, Mask Weight: 0.939
Epoch 242/20000, Train Loss: 0.2658, Validation Set Manhattan Distance: 300.0, Mask Weight: 0.939
Epoch 243/20000, Train Loss: 0.2646, Validation Set Manhattan Distance: 300.0, Mask Weight: 0.939
Epoch 244/20000, Train Loss: 0.2645, Validation Set Manhattan Distance: 300.0, Mask Weight: 0.939
Epoch 245/20000, Train Loss: 0.2640, Validation Set Manhattan Distance: 300.0, Mask Weight: 0.939
Epoch 246/20000, Train Loss: 0.2643, Validation Set Manhattan Distance: 300.0, Mask Weight: 0.939
Epoch 247/20000, Train Loss: 0.2618, Validation Set Manhattan Distance: 300.0, Mask Weight: 0.939
Epoch 248/20000, Train Loss: 0.2605, Validation Set Manhattan Distance: 300.0, Mask Weight: 0.939
Epoch 249/20000, Train Loss: 0.2625, Validation Set Manhattan Distance: 300.0, Mask Weight: 0.939
Epoch 250/20000, Train Loss: 0.2639, Validation Set Manhattan Distance: 300.0, Mask Weight: 0.939
Epoch 251/20000, Train Loss: 0.2627, Validation Set Manhattan Distance: 300.0, Mask Weight: 0.939
Epoch 252/20000, Train Loss: 0.2635, Validation Set Manhattan Distance: 300.0, Mask Weight: 0.939
Epoch 253/20000, Train Loss: 0.2638, Validation Set Manhattan Distance: 300.0, Mask Weight: 0.939
Epoch 254/20000, Train Loss: 0.2613, Validation Set Manhattan Distance: 300.0, Mask Weight: 0.939
Epoch 255/20000, Train Loss: 0.2658, Validation Set Manhattan Distance: 300.0, Mask Weight: 0.939
Epoch 256/20000, Train Loss: 0.3103, Validation Set Manhattan Distance: 300.0, Mask Weight: 0.939
Epoch 257/20000, Train Loss: 0.8571, Validation Set Manhattan Distance: 290.0, Mask Weight: 0.939
Epoch 258/20000, Train Loss: 0.7557, Validation Set Manhattan Distance: 12.0, Mask Weight: 0.939
Epoch 259/20000, Train Loss: 0.7295, Validation Set Manhattan Distance: 12.0, Mask Weight: 0.939
Epoch 260/20000, Train Loss: 0.6947, Validation Set Manhattan Distance: 12.0, Mask Weight: 0.939
Epoch 261/20000, Train Loss: 0.6482, Validation Set Manhattan Distance: 12.0, Mask Weight: 0.939
Epoch 262/20000, Train Loss: 0.5974, Validation Set Manhattan Distance: 12.0, Mask Weight: 0.939
Epoch 263/20000, Train Loss: 0.5606, Validation Set Manhattan Distance: 12.0, Mask Weight: 0.939
Epoch 264/20000, Train Loss: 0.5425, Validation Set Manhattan Distance: 12.0, Mask Weight: 0.939
Epoch 265/20000, Train Loss: 0.5199, Validation Set Manhattan Distance: 12.0, Mask Weight: 0.939
Epoch 266/20000, Train Loss: 0.4970, Validation Set Manhattan Distance: 12.0, Mask Weight: 0.939
Epoch 267/20000, Train Loss: 0.4754, Validation Set Manhattan Distance: 12.0, Mask Weight: 0.939
Epoch 268/20000, Train Loss: 0.4578, Validation Set Manhattan Distance: 12.0, Mask Weight: 0.939
Epoch 269/20000, Train Loss: 0.4478, Validation Set Manhattan Distance: 12.0, Mask Weight: 0.939
Epoch 270/20000, Train Loss: 0.4354, Validation Set Manhattan Distance: 12.0, Mask Weight: 0.939
Epoch 271/20000, Train Loss: 0.4257, Validation Set Manhattan Distance: 12.0, Mask Weight: 0.939
Epoch 272/20000, Train Loss: 0.4143, Validation Set Manhattan Distance: 12.0, Mask Weight: 0.939
Epoch 273/20000, Train Loss: 0.4014, Validation Set Manhattan Distance: 156.0, Mask Weight: 0.939
Epoch 274/20000, Train Loss: 0.3836, Validation Set Manhattan Distance: 300.0, Mask Weight: 0.939
Epoch 275/20000, Train Loss: 0.3646, Validation Set Manhattan Distance: 300.0, Mask Weight: 0.939
Epoch 276/20000, Train Loss: 0.3470, Validation Set Manhattan Distance: 300.0, Mask Weight: 0.939
Epoch 277/20000, Train Loss: 0.3248, Validation Set Manhattan Distance: 300.0, Mask Weight: 0.939
Epoch 278/20000, Train Loss: 0.3219, Validation Set Manhattan Distance: 300.0, Mask Weight: 0.939
Epoch 279/20000, Train Loss: 0.3012, Validation Set Manhattan Distance: 300.0, Mask Weight: 0.939
Epoch 280/20000, Train Loss: 0.2891, Validation Set Manhattan Distance: 300.0, Mask Weight: 0.939
Epoch 281/20000, Train Loss: 0.2879, Validation Set Manhattan Distance: 300.0, Mask Weight: 0.939
Epoch 282/20000, Train Loss: 0.2939, Validation Set Manhattan Distance: 300.0, Mask Weight: 0.939
Epoch 283/20000, Train Loss: 0.2946, Validation Set Manhattan Distance: 300.0, Mask Weight: 0.939
Epoch 284/20000, Train Loss: 0.3204, Validation Set Manhattan Distance: 300.0, Mask Weight: 0.939
Epoch 285/20000, Train Loss: 0.2870, Validation Set Manhattan Distance: 300.0, Mask Weight: 0.939
Epoch 286/20000, Train Loss: 0.2773, Validation Set Manhattan Distance: 300.0, Mask Weight: 0.939
Epoch 287/20000, Train Loss: 0.2729, Validation Set Manhattan Distance: 300.0, Mask Weight: 0.939
Epoch 288/20000, Train Loss: 0.2708, Validation Set Manhattan Distance: 300.0, Mask Weight: 0.939
Epoch 289/20000, Train Loss: 0.2721, Validation Set Manhattan Distance: 300.0, Mask Weight: 0.939
Epoch 290/20000, Train Loss: 0.2701, Validation Set Manhattan Distance: 300.0, Mask Weight: 0.939
Epoch 291/20000, Train Loss: 0.2808, Validation Set Manhattan Distance: 300.0, Mask Weight: 0.939
Epoch 292/20000, Train Loss: 0.2876, Validation Set Manhattan Distance: 300.0, Mask Weight: 0.939
Epoch 293/20000, Train Loss: 0.2725, Validation Set Manhattan Distance: 300.0, Mask Weight: 0.939
Epoch 294/20000, Train Loss: 0.2691, Validation Set Manhattan Distance: 300.0, Mask Weight: 0.939
Epoch 295/20000, Train Loss: 0.2679, Validation Set Manhattan Distance: 300.0, Mask Weight: 0.939
Epoch 296/20000, Train Loss: 0.2693, Validation Set Manhattan Distance: 300.0, Mask Weight: 0.939
Epoch 297/20000, Train Loss: 0.2657, Validation Set Manhattan Distance: 300.0, Mask Weight: 0.939
Epoch 298/20000, Train Loss: 0.2659, Validation Set Manhattan Distance: 300.0, Mask Weight: 0.939
Epoch 299/20000, Train Loss: 0.2659, Validation Set Manhattan Distance: 300.0, Mask Weight: 0.939
Epoch 300/20000, Train Loss: 0.2658, Validation Set Manhattan Distance: 300.0, Mask Weight: 0.939
Epoch 301/20000, Train Loss: 0.2662, Validation Set Manhattan Distance: 300.0, Mask Weight: 0.939
Epoch 302/20000, Train Loss: 0.2645, Validation Set Manhattan Distance: 300.0, Mask Weight: 0.939
Epoch 303/20000, Train Loss: 0.2632, Validation Set Manhattan Distance: 300.0, Mask Weight: 0.939
Epoch 304/20000, Train Loss: 0.2640, Validation Set Manhattan Distance: 300.0, Mask Weight: 0.939
Epoch 305/20000, Train Loss: 0.2883, Validation Set Manhattan Distance: 300.0, Mask Weight: 0.939
Epoch 306/20000, Train Loss: 0.5041, Validation Set Manhattan Distance: 300.0, Mask Weight: 0.939
Epoch 307/20000, Train Loss: 0.3844, Validation Set Manhattan Distance: 300.0, Mask Weight: 0.939
Epoch 308/20000, Train Loss: 0.2890, Validation Set Manhattan Distance: 300.0, Mask Weight: 0.939
Epoch 309/20000, Train Loss: 0.2907, Validation Set Manhattan Distance: 300.0, Mask Weight: 0.939
Epoch 310/20000, Train Loss: 0.2803, Validation Set Manhattan Distance: 300.0, Mask Weight: 0.939
Epoch 311/20000, Train Loss: 0.2702, Validation Set Manhattan Distance: 300.0, Mask Weight: 0.939
Epoch 312/20000, Train Loss: 0.2679, Validation Set Manhattan Distance: 300.0, Mask Weight: 0.939
Epoch 313/20000, Train Loss: 0.2665, Validation Set Manhattan Distance: 300.0, Mask Weight: 0.939
Epoch 314/20000, Train Loss: 0.2668, Validation Set Manhattan Distance: 300.0, Mask Weight: 0.939
Epoch 315/20000, Train Loss: 0.2651, Validation Set Manhattan Distance: 300.0, Mask Weight: 0.939
Epoch 316/20000, Train Loss: 0.2647, Validation Set Manhattan Distance: 300.0, Mask Weight: 0.939
Epoch 317/20000, Train Loss: 0.2658, Validation Set Manhattan Distance: 300.0, Mask Weight: 0.939
Epoch 318/20000, Train Loss: 0.2649, Validation Set Manhattan Distance: 300.0, Mask Weight: 0.939
Epoch 319/20000, Train Loss: 0.2638, Validation Set Manhattan Distance: 300.0, Mask Weight: 0.939
Epoch 320/20000, Train Loss: 0.2613, Validation Set Manhattan Distance: 300.0, Mask Weight: 0.939
Epoch 321/20000, Train Loss: 0.2625, Validation Set Manhattan Distance: 300.0, Mask Weight: 0.939
Epoch 322/20000, Train Loss: 0.2661, Validation Set Manhattan Distance: 300.0, Mask Weight: 0.939
Epoch 323/20000, Train Loss: 0.2617, Validation Set Manhattan Distance: 300.0, Mask Weight: 0.939
Epoch 324/20000, Train Loss: 0.2623, Validation Set Manhattan Distance: 300.0, Mask Weight: 0.939
Epoch 325/20000, Train Loss: 0.2607, Validation Set Manhattan Distance: 300.0, Mask Weight: 0.939
Epoch 326/20000, Train Loss: 0.2615, Validation Set Manhattan Distance: 300.0, Mask Weight: 0.939
Epoch 327/20000, Train Loss: 0.2632, Validation Set Manhattan Distance: 300.0, Mask Weight: 0.939
Epoch 328/20000, Train Loss: 0.2622, Validation Set Manhattan Distance: 300.0, Mask Weight: 0.939
Epoch 329/20000, Train Loss: 0.2622, Validation Set Manhattan Distance: 300.0, Mask Weight: 0.939
Epoch 330/20000, Train Loss: 0.2631, Validation Set Manhattan Distance: 300.0, Mask Weight: 0.939
Epoch 331/20000, Train Loss: 0.2609, Validation Set Manhattan Distance: 300.0, Mask Weight: 0.939
Epoch 332/20000, Train Loss: 0.2613, Validation Set Manhattan Distance: 300.0, Mask Weight: 0.939
Epoch 333/20000, Train Loss: 0.2624, Validation Set Manhattan Distance: 300.0, Mask Weight: 0.939
Epoch 334/20000, Train Loss: 0.2634, Validation Set Manhattan Distance: 300.0, Mask Weight: 0.939
Epoch 335/20000, Train Loss: 0.2768, Validation Set Manhattan Distance: 300.0, Mask Weight: 0.939
Epoch 336/20000, Train Loss: 0.3263, Validation Set Manhattan Distance: 300.0, Mask Weight: 0.939
Epoch 337/20000, Train Loss: 0.4978, Validation Set Manhattan Distance: 300.0, Mask Weight: 0.939
Epoch 338/20000, Train Loss: 0.7080, Validation Set Manhattan Distance: 300.0, Mask Weight: 0.939
Epoch 339/20000, Train Loss: 0.7086, Validation Set Manhattan Distance: 300.0, Mask Weight: 0.939
Epoch 340/20000, Train Loss: 0.6662, Validation Set Manhattan Distance: 300.0, Mask Weight: 0.939
Epoch 341/20000, Train Loss: 0.6025, Validation Set Manhattan Distance: 300.0, Mask Weight: 0.939
Epoch 342/20000, Train Loss: 0.4821, Validation Set Manhattan Distance: 300.0, Mask Weight: 0.939
Epoch 343/20000, Train Loss: 0.4188, Validation Set Manhattan Distance: 300.0, Mask Weight: 0.939
Epoch 344/20000, Train Loss: 0.3735, Validation Set Manhattan Distance: 300.0, Mask Weight: 0.939
Epoch 345/20000, Train Loss: 0.3336, Validation Set Manhattan Distance: 300.0, Mask Weight: 0.939
Epoch 346/20000, Train Loss: 0.3057, Validation Set Manhattan Distance: 300.0, Mask Weight: 0.939
Epoch 347/20000, Train Loss: 0.2951, Validation Set Manhattan Distance: 300.0, Mask Weight: 0.939
Epoch 348/20000, Train Loss: 0.2811, Validation Set Manhattan Distance: 300.0, Mask Weight: 0.939
Epoch 349/20000, Train Loss: 0.2793, Validation Set Manhattan Distance: 300.0, Mask Weight: 0.939
Epoch 350/20000, Train Loss: 0.2777, Validation Set Manhattan Distance: 300.0, Mask Weight: 0.939
Epoch 351/20000, Train Loss: 0.2703, Validation Set Manhattan Distance: 300.0, Mask Weight: 0.939
Epoch 352/20000, Train Loss: 0.2673, Validation Set Manhattan Distance: 300.0, Mask Weight: 0.939
Epoch 353/20000, Train Loss: 0.2660, Validation Set Manhattan Distance: 300.0, Mask Weight: 0.939
Epoch 354/20000, Train Loss: 0.2661, Validation Set Manhattan Distance: 300.0, Mask Weight: 0.939
Epoch 355/20000, Train Loss: 0.2661, Validation Set Manhattan Distance: 300.0, Mask Weight: 0.939
Epoch 356/20000, Train Loss: 0.2637, Validation Set Manhattan Distance: 300.0, Mask Weight: 0.939
Epoch 357/20000, Train Loss: 0.2633, Validation Set Manhattan Distance: 300.0, Mask Weight: 0.939
Epoch 358/20000, Train Loss: 0.2631, Validation Set Manhattan Distance: 300.0, Mask Weight: 0.939
Epoch 359/20000, Train Loss: 0.2634, Validation Set Manhattan Distance: 300.0, Mask Weight: 0.939
Epoch 360/20000, Train Loss: 0.2636, Validation Set Manhattan Distance: 300.0, Mask Weight: 0.939
Epoch 361/20000, Train Loss: 0.2624, Validation Set Manhattan Distance: 300.0, Mask Weight: 0.939
Epoch 362/20000, Train Loss: 0.2656, Validation Set Manhattan Distance: 300.0, Mask Weight: 0.939
Epoch 363/20000, Train Loss: 0.2654, Validation Set Manhattan Distance: 300.0, Mask Weight: 0.939
Epoch 364/20000, Train Loss: 0.2648, Validation Set Manhattan Distance: 300.0, Mask Weight: 0.939
Epoch 365/20000, Train Loss: 0.2638, Validation Set Manhattan Distance: 300.0, Mask Weight: 0.939
Epoch 366/20000, Train Loss: 0.2621, Validation Set Manhattan Distance: 300.0, Mask Weight: 0.939
Epoch 367/20000, Train Loss: 0.2626, Validation Set Manhattan Distance: 300.0, Mask Weight: 0.939
Epoch 368/20000, Train Loss: 0.2630, Validation Set Manhattan Distance: 300.0, Mask Weight: 0.939
Epoch 369/20000, Train Loss: 0.2645, Validation Set Manhattan Distance: 300.0, Mask Weight: 0.939
Epoch 370/20000, Train Loss: 0.2685, Validation Set Manhattan Distance: 300.0, Mask Weight: 0.939
Epoch 371/20000, Train Loss: 0.2623, Validation Set Manhattan Distance: 300.0, Mask Weight: 0.939
Epoch 372/20000, Train Loss: 0.2670, Validation Set Manhattan Distance: 300.0, Mask Weight: 0.939
Epoch 373/20000, Train Loss: 0.3378, Validation Set Manhattan Distance: 300.0, Mask Weight: 0.939
Epoch 374/20000, Train Loss: 0.5226, Validation Set Manhattan Distance: 300.0, Mask Weight: 0.939
Epoch 375/20000, Train Loss: 0.3193, Validation Set Manhattan Distance: 300.0, Mask Weight: 0.939
Epoch 376/20000, Train Loss: 0.3276, Validation Set Manhattan Distance: 300.0, Mask Weight: 0.939
Epoch 377/20000, Train Loss: 0.3246, Validation Set Manhattan Distance: 300.0, Mask Weight: 0.939
Epoch 378/20000, Train Loss: 0.2907, Validation Set Manhattan Distance: 300.0, Mask Weight: 0.939
Epoch 379/20000, Train Loss: 0.2836, Validation Set Manhattan Distance: 300.0, Mask Weight: 0.939
Epoch 380/20000, Train Loss: 0.2737, Validation Set Manhattan Distance: 300.0, Mask Weight: 0.939
Epoch 381/20000, Train Loss: 0.2686, Validation Set Manhattan Distance: 300.0, Mask Weight: 0.939
Epoch 382/20000, Train Loss: 0.2654, Validation Set Manhattan Distance: 300.0, Mask Weight: 0.939
Epoch 383/20000, Train Loss: 0.2669, Validation Set Manhattan Distance: 300.0, Mask Weight: 0.939
Epoch 384/20000, Train Loss: 0.2643, Validation Set Manhattan Distance: 300.0, Mask Weight: 0.939
Epoch 385/20000, Train Loss: 0.2659, Validation Set Manhattan Distance: 300.0, Mask Weight: 0.939
Epoch 386/20000, Train Loss: 0.2666, Validation Set Manhattan Distance: 300.0, Mask Weight: 0.939
Epoch 387/20000, Train Loss: 0.2663, Validation Set Manhattan Distance: 300.0, Mask Weight: 0.939
Epoch 388/20000, Train Loss: 0.2652, Validation Set Manhattan Distance: 300.0, Mask Weight: 0.939
Epoch 389/20000, Train Loss: 0.2637, Validation Set Manhattan Distance: 300.0, Mask Weight: 0.939
Epoch 390/20000, Train Loss: 0.2631, Validation Set Manhattan Distance: 300.0, Mask Weight: 0.939
Epoch 391/20000, Train Loss: 0.2632, Validation Set Manhattan Distance: 300.0, Mask Weight: 0.939
Epoch 392/20000, Train Loss: 0.2613, Validation Set Manhattan Distance: 300.0, Mask Weight: 0.939
Epoch 393/20000, Train Loss: 0.2618, Validation Set Manhattan Distance: 300.0, Mask Weight: 0.939
Epoch 394/20000, Train Loss: 0.2604, Validation Set Manhattan Distance: 300.0, Mask Weight: 0.939
Epoch 395/20000, Train Loss: 0.2619, Validation Set Manhattan Distance: 300.0, Mask Weight: 0.939
Epoch 396/20000, Train Loss: 0.2618, Validation Set Manhattan Distance: 300.0, Mask Weight: 0.939
Epoch 397/20000, Train Loss: 0.2603, Validation Set Manhattan Distance: 300.0, Mask Weight: 0.939
Epoch 398/20000, Train Loss: 0.2610, Validation Set Manhattan Distance: 300.0, Mask Weight: 0.939
Epoch 399/20000, Train Loss: 0.2610, Validation Set Manhattan Distance: 300.0, Mask Weight: 0.939
Epoch 400/20000, Train Loss: 0.2610, Validation Set Manhattan Distance: 300.0, Mask Weight: 0.939
Epoch 401/20000, Train Loss: 0.2608, Validation Set Manhattan Distance: 300.0, Mask Weight: 0.939
Epoch 402/20000, Train Loss: 0.2599, Validation Set Manhattan Distance: 300.0, Mask Weight: 0.939
Epoch 403/20000, Train Loss: 0.2595, Validation Set Manhattan Distance: 300.0, Mask Weight: 0.939
Epoch 404/20000, Train Loss: 0.2590, Validation Set Manhattan Distance: 300.0, Mask Weight: 0.939
Epoch 405/20000, Train Loss: 0.2609, Validation Set Manhattan Distance: 300.0, Mask Weight: 0.939
Epoch 406/20000, Train Loss: 0.2600, Validation Set Manhattan Distance: 300.0, Mask Weight: 0.939
Epoch 407/20000, Train Loss: 0.2613, Validation Set Manhattan Distance: 300.0, Mask Weight: 0.939
Epoch 408/20000, Train Loss: 0.2615, Validation Set Manhattan Distance: 300.0, Mask Weight: 0.939
Epoch 409/20000, Train Loss: 0.2622, Validation Set Manhattan Distance: 300.0, Mask Weight: 0.939
Epoch 410/20000, Train Loss: 0.2602, Validation Set Manhattan Distance: 300.0, Mask Weight: 0.939
Epoch 411/20000, Train Loss: 0.2607, Validation Set Manhattan Distance: 300.0, Mask Weight: 0.939
Epoch 412/20000, Train Loss: 0.2590, Validation Set Manhattan Distance: 300.0, Mask Weight: 0.939
Epoch 413/20000, Train Loss: 0.2637, Validation Set Manhattan Distance: 300.0, Mask Weight: 0.939