Using device: cuda
Starting training with gradient-based adaptive weighted mask...
Epoch 1/20000, Train Loss: 58.4424, Validation Set Manhattan Distance: 12.0, Mask Weight: 1.000
  -> New best Validation Set Manhattan Distance: 12.0. Model saved.
Epoch 2/20000, Train Loss: 44.2769, Validation Set Manhattan Distance: 12.0, Mask Weight: 1.000
Epoch 3/20000, Train Loss: 35.9469, Validation Set Manhattan Distance: 12.0, Mask Weight: 1.000
Epoch 4/20000, Train Loss: 30.3425, Validation Set Manhattan Distance: 12.0, Mask Weight: 1.000
Epoch 5/20000, Train Loss: 25.6686, Validation Set Manhattan Distance: 12.0, Mask Weight: 1.000
Epoch 6/20000, Train Loss: 21.5719, Validation Set Manhattan Distance: 12.0, Mask Weight: 1.000
Epoch 7/20000, Train Loss: 18.1895, Validation Set Manhattan Distance: 12.0, Mask Weight: 1.000
Epoch 8/20000, Train Loss: 15.2907, Validation Set Manhattan Distance: 12.0, Mask Weight: 1.000
Epoch 9/20000, Train Loss: 12.7736, Validation Set Manhattan Distance: 12.0, Mask Weight: 1.000
Epoch 10/20000, Train Loss: 10.6066, Validation Set Manhattan Distance: 12.0, Mask Weight: 1.000
Epoch 11/20000, Train Loss: 8.7632, Validation Set Manhattan Distance: 12.0, Mask Weight: 1.000
Epoch 12/20000, Train Loss: 7.2052, Validation Set Manhattan Distance: 12.0, Mask Weight: 1.000
Epoch 13/20000, Train Loss: 5.8992, Validation Set Manhattan Distance: 12.0, Mask Weight: 1.000
Epoch 14/20000, Train Loss: 4.8127, Validation Set Manhattan Distance: 12.0, Mask Weight: 1.000
Epoch 15/20000, Train Loss: 3.9137, Validation Set Manhattan Distance: 12.0, Mask Weight: 1.000
Epoch 16/20000, Train Loss: 3.1736, Validation Set Manhattan Distance: 12.0, Mask Weight: 1.000
Epoch 17/20000, Train Loss: 2.5677, Validation Set Manhattan Distance: 12.0, Mask Weight: 1.000
Epoch 18/20000, Train Loss: 2.0726, Validation Set Manhattan Distance: 12.0, Mask Weight: 1.000
Epoch 19/20000, Train Loss: 1.6698, Validation Set Manhattan Distance: 12.0, Mask Weight: 1.000
Epoch 20/20000, Train Loss: 1.3426, Validation Set Manhattan Distance: 12.0, Mask Weight: 1.000
Epoch 21/20000, Train Loss: 1.0783, Validation Set Manhattan Distance: 12.0, Mask Weight: 1.000
Epoch 22/20000, Train Loss: 0.8643, Validation Set Manhattan Distance: 12.0, Mask Weight: 1.000
Epoch 23/20000, Train Loss: 0.6914, Validation Set Manhattan Distance: 12.0, Mask Weight: 1.000
Epoch 24/20000, Train Loss: 0.5535, Validation Set Manhattan Distance: 12.0, Mask Weight: 1.000
Epoch 25/20000, Train Loss: 0.4425, Validation Set Manhattan Distance: 12.0, Mask Weight: 1.000
Epoch 26/20000, Train Loss: 0.3529, Validation Set Manhattan Distance: 12.0, Mask Weight: 1.000
Epoch 27/20000, Train Loss: 0.2816, Validation Set Manhattan Distance: 12.0, Mask Weight: 1.000
Epoch 28/20000, Train Loss: 0.2253, Validation Set Manhattan Distance: 12.0, Mask Weight: 1.000
Epoch 29/20000, Train Loss: 0.1798, Validation Set Manhattan Distance: 12.0, Mask Weight: 1.000
Epoch 30/20000, Train Loss: 0.1434, Validation Set Manhattan Distance: 12.0, Mask Weight: 1.000
Epoch 31/20000, Train Loss: 0.1149, Validation Set Manhattan Distance: 12.0, Mask Weight: 1.000
  -> Train loss below 0.1. Mask weight reduction is now enabled.
Epoch 32/20000, Train Loss: 0.0920, Validation Set Manhattan Distance: 12.0, Mask Weight: 1.000
  -> Validation Set Manhattan Distance did not improve for 10 epochs.
  -> Unmasked Loss (Gradient Magnitude): 0.5300, Calculated Decrement: 0.0094
  -> Reducing mask weight to 0.991.
  -> Mask weight reduction is now disabled until train loss is below 0.001 again.
Epoch 33/20000, Train Loss: 0.3042, Validation Set Manhattan Distance: 12.0, Mask Weight: 0.991
Epoch 34/20000, Train Loss: 0.1520, Validation Set Manhattan Distance: 12.0, Mask Weight: 0.991
Epoch 35/20000, Train Loss: 0.1406, Validation Set Manhattan Distance: 12.0, Mask Weight: 0.991
Epoch 36/20000, Train Loss: 0.1314, Validation Set Manhattan Distance: 12.0, Mask Weight: 0.991
Epoch 37/20000, Train Loss: 0.1240, Validation Set Manhattan Distance: 12.0, Mask Weight: 0.991
Epoch 38/20000, Train Loss: 0.1180, Validation Set Manhattan Distance: 12.0, Mask Weight: 0.991
Epoch 39/20000, Train Loss: 0.1126, Validation Set Manhattan Distance: 12.0, Mask Weight: 0.991
Epoch 40/20000, Train Loss: 0.1081, Validation Set Manhattan Distance: 12.0, Mask Weight: 0.991
Epoch 41/20000, Train Loss: 0.1049, Validation Set Manhattan Distance: 12.0, Mask Weight: 0.991
Epoch 42/20000, Train Loss: 0.1025, Validation Set Manhattan Distance: 12.0, Mask Weight: 0.991
Epoch 43/20000, Train Loss: 0.1009, Validation Set Manhattan Distance: 12.0, Mask Weight: 0.991
Epoch 44/20000, Train Loss: 0.1001, Validation Set Manhattan Distance: 12.0, Mask Weight: 0.991
  -> Train loss below 0.1. Mask weight reduction is now enabled.
Epoch 45/20000, Train Loss: 0.0982, Validation Set Manhattan Distance: 12.0, Mask Weight: 0.991
  -> Validation Set Manhattan Distance did not improve for 10 epochs.
  -> Unmasked Loss (Gradient Magnitude): 0.0940, Calculated Decrement: 0.0532
  -> Reducing mask weight to 0.937.
  -> Mask weight reduction is now disabled until train loss is below 0.001 again.
Epoch 46/20000, Train Loss: 0.5971, Validation Set Manhattan Distance: 12.0, Mask Weight: 0.937
Epoch 47/20000, Train Loss: 0.5921, Validation Set Manhattan Distance: 12.0, Mask Weight: 0.937
Epoch 48/20000, Train Loss: 0.5886, Validation Set Manhattan Distance: 12.0, Mask Weight: 0.937
Epoch 49/20000, Train Loss: 0.5908, Validation Set Manhattan Distance: 12.0, Mask Weight: 0.937
Epoch 50/20000, Train Loss: 0.5851, Validation Set Manhattan Distance: 12.0, Mask Weight: 0.937
Epoch 51/20000, Train Loss: 0.5801, Validation Set Manhattan Distance: 12.0, Mask Weight: 0.937
Epoch 52/20000, Train Loss: 0.5768, Validation Set Manhattan Distance: 12.0, Mask Weight: 0.937
Epoch 53/20000, Train Loss: 0.5797, Validation Set Manhattan Distance: 12.0, Mask Weight: 0.937
Epoch 54/20000, Train Loss: 0.5752, Validation Set Manhattan Distance: 12.0, Mask Weight: 0.937
Epoch 55/20000, Train Loss: 0.5711, Validation Set Manhattan Distance: 12.0, Mask Weight: 0.937
Epoch 56/20000, Train Loss: 0.5721, Validation Set Manhattan Distance: 12.0, Mask Weight: 0.937
Epoch 57/20000, Train Loss: 0.5668, Validation Set Manhattan Distance: 12.0, Mask Weight: 0.937
Epoch 58/20000, Train Loss: 0.5579, Validation Set Manhattan Distance: 12.0, Mask Weight: 0.937
Epoch 59/20000, Train Loss: 0.5489, Validation Set Manhattan Distance: 12.0, Mask Weight: 0.937
Epoch 60/20000, Train Loss: 0.5283, Validation Set Manhattan Distance: 12.0, Mask Weight: 0.937
Epoch 61/20000, Train Loss: 0.5056, Validation Set Manhattan Distance: 12.0, Mask Weight: 0.937
Epoch 62/20000, Train Loss: 0.4750, Validation Set Manhattan Distance: 12.0, Mask Weight: 0.937
Epoch 63/20000, Train Loss: 0.4510, Validation Set Manhattan Distance: 12.0, Mask Weight: 0.937
Epoch 64/20000, Train Loss: 0.4252, Validation Set Manhattan Distance: 12.0, Mask Weight: 0.937
Epoch 65/20000, Train Loss: 0.4635, Validation Set Manhattan Distance: 12.0, Mask Weight: 0.937
Epoch 66/20000, Train Loss: 0.4376, Validation Set Manhattan Distance: 12.0, Mask Weight: 0.937
Epoch 67/20000, Train Loss: 0.4200, Validation Set Manhattan Distance: 12.0, Mask Weight: 0.937
Epoch 68/20000, Train Loss: 0.4132, Validation Set Manhattan Distance: 12.0, Mask Weight: 0.937
Epoch 69/20000, Train Loss: 0.3995, Validation Set Manhattan Distance: 12.0, Mask Weight: 0.937
Epoch 70/20000, Train Loss: 0.3869, Validation Set Manhattan Distance: 12.0, Mask Weight: 0.937
Epoch 71/20000, Train Loss: 0.3728, Validation Set Manhattan Distance: 12.0, Mask Weight: 0.937
Epoch 72/20000, Train Loss: 0.3786, Validation Set Manhattan Distance: 12.0, Mask Weight: 0.937
Epoch 73/20000, Train Loss: 0.3827, Validation Set Manhattan Distance: 12.0, Mask Weight: 0.937
Epoch 74/20000, Train Loss: 0.3934, Validation Set Manhattan Distance: 12.0, Mask Weight: 0.937
Epoch 75/20000, Train Loss: 0.3910, Validation Set Manhattan Distance: 12.0, Mask Weight: 0.937
Epoch 76/20000, Train Loss: 0.4084, Validation Set Manhattan Distance: 12.0, Mask Weight: 0.937
Epoch 77/20000, Train Loss: 0.3936, Validation Set Manhattan Distance: 12.0, Mask Weight: 0.937
Epoch 78/20000, Train Loss: 0.3681, Validation Set Manhattan Distance: 12.0, Mask Weight: 0.937
Epoch 79/20000, Train Loss: 0.3620, Validation Set Manhattan Distance: 12.0, Mask Weight: 0.937
Epoch 80/20000, Train Loss: 0.3568, Validation Set Manhattan Distance: 12.0, Mask Weight: 0.937
Epoch 81/20000, Train Loss: 0.3559, Validation Set Manhattan Distance: 12.0, Mask Weight: 0.937
Epoch 82/20000, Train Loss: 0.3481, Validation Set Manhattan Distance: 12.0, Mask Weight: 0.937
Epoch 83/20000, Train Loss: 0.3681, Validation Set Manhattan Distance: 12.0, Mask Weight: 0.937
Epoch 84/20000, Train Loss: 0.3346, Validation Set Manhattan Distance: 12.0, Mask Weight: 0.937
Epoch 85/20000, Train Loss: 0.3372, Validation Set Manhattan Distance: 12.0, Mask Weight: 0.937
Epoch 86/20000, Train Loss: 0.3280, Validation Set Manhattan Distance: 12.0, Mask Weight: 0.937
Epoch 87/20000, Train Loss: 0.3201, Validation Set Manhattan Distance: 12.0, Mask Weight: 0.937
Epoch 88/20000, Train Loss: 0.3289, Validation Set Manhattan Distance: 12.0, Mask Weight: 0.937
Epoch 89/20000, Train Loss: 0.4905, Validation Set Manhattan Distance: 12.0, Mask Weight: 0.937
Epoch 90/20000, Train Loss: 0.4059, Validation Set Manhattan Distance: 12.0, Mask Weight: 0.937
Epoch 91/20000, Train Loss: 0.3718, Validation Set Manhattan Distance: 12.0, Mask Weight: 0.937
Epoch 92/20000, Train Loss: 0.3451, Validation Set Manhattan Distance: 12.0, Mask Weight: 0.937
Epoch 93/20000, Train Loss: 0.3494, Validation Set Manhattan Distance: 12.0, Mask Weight: 0.937
Epoch 94/20000, Train Loss: 0.3377, Validation Set Manhattan Distance: 12.0, Mask Weight: 0.937
Epoch 95/20000, Train Loss: 0.3287, Validation Set Manhattan Distance: 12.0, Mask Weight: 0.937
Epoch 96/20000, Train Loss: 0.3272, Validation Set Manhattan Distance: 12.0, Mask Weight: 0.937
Epoch 97/20000, Train Loss: 0.3342, Validation Set Manhattan Distance: 12.0, Mask Weight: 0.937
Epoch 98/20000, Train Loss: 0.3248, Validation Set Manhattan Distance: 12.0, Mask Weight: 0.937
Epoch 99/20000, Train Loss: 0.3250, Validation Set Manhattan Distance: 12.0, Mask Weight: 0.937
Epoch 100/20000, Train Loss: 0.3230, Validation Set Manhattan Distance: 12.0, Mask Weight: 0.937
Epoch 101/20000, Train Loss: 0.3192, Validation Set Manhattan Distance: 12.0, Mask Weight: 0.937
Epoch 102/20000, Train Loss: 0.3061, Validation Set Manhattan Distance: 12.0, Mask Weight: 0.937
Epoch 103/20000, Train Loss: 0.3079, Validation Set Manhattan Distance: 12.0, Mask Weight: 0.937
Epoch 104/20000, Train Loss: 0.3018, Validation Set Manhattan Distance: 12.0, Mask Weight: 0.937
Epoch 105/20000, Train Loss: 0.3713, Validation Set Manhattan Distance: 12.0, Mask Weight: 0.937
Epoch 106/20000, Train Loss: 0.4480, Validation Set Manhattan Distance: 12.0, Mask Weight: 0.937
Epoch 107/20000, Train Loss: 0.4751, Validation Set Manhattan Distance: 12.0, Mask Weight: 0.937
Epoch 108/20000, Train Loss: 0.3523, Validation Set Manhattan Distance: 12.0, Mask Weight: 0.937
Epoch 109/20000, Train Loss: 0.3464, Validation Set Manhattan Distance: 12.0, Mask Weight: 0.937
Epoch 110/20000, Train Loss: 0.3293, Validation Set Manhattan Distance: 12.0, Mask Weight: 0.937
Epoch 111/20000, Train Loss: 0.3225, Validation Set Manhattan Distance: 12.0, Mask Weight: 0.937
Epoch 112/20000, Train Loss: 0.3205, Validation Set Manhattan Distance: 12.0, Mask Weight: 0.937
Epoch 113/20000, Train Loss: 0.3101, Validation Set Manhattan Distance: 12.0, Mask Weight: 0.937
Epoch 114/20000, Train Loss: 0.3070, Validation Set Manhattan Distance: 12.0, Mask Weight: 0.937
Epoch 115/20000, Train Loss: 0.3037, Validation Set Manhattan Distance: 12.0, Mask Weight: 0.937
Epoch 116/20000, Train Loss: 0.3016, Validation Set Manhattan Distance: 12.0, Mask Weight: 0.937
Epoch 117/20000, Train Loss: 0.3119, Validation Set Manhattan Distance: 12.0, Mask Weight: 0.937
Epoch 118/20000, Train Loss: 0.3217, Validation Set Manhattan Distance: 12.0, Mask Weight: 0.937
Epoch 119/20000, Train Loss: 0.3264, Validation Set Manhattan Distance: 12.0, Mask Weight: 0.937
Epoch 120/20000, Train Loss: 0.3103, Validation Set Manhattan Distance: 12.0, Mask Weight: 0.937
Epoch 121/20000, Train Loss: 0.3055, Validation Set Manhattan Distance: 12.0, Mask Weight: 0.937
Epoch 122/20000, Train Loss: 0.3014, Validation Set Manhattan Distance: 12.0, Mask Weight: 0.937
Epoch 123/20000, Train Loss: 0.3067, Validation Set Manhattan Distance: 12.0, Mask Weight: 0.937
Epoch 124/20000, Train Loss: 0.2962, Validation Set Manhattan Distance: 12.0, Mask Weight: 0.937
Epoch 125/20000, Train Loss: 0.3289, Validation Set Manhattan Distance: 12.0, Mask Weight: 0.937
Epoch 126/20000, Train Loss: 0.3501, Validation Set Manhattan Distance: 12.0, Mask Weight: 0.937
Epoch 127/20000, Train Loss: 0.3871, Validation Set Manhattan Distance: 12.0, Mask Weight: 0.937
Epoch 128/20000, Train Loss: 0.3734, Validation Set Manhattan Distance: 12.0, Mask Weight: 0.937
Epoch 129/20000, Train Loss: 0.3880, Validation Set Manhattan Distance: 12.0, Mask Weight: 0.937
Epoch 130/20000, Train Loss: 0.3466, Validation Set Manhattan Distance: 12.0, Mask Weight: 0.937
Epoch 131/20000, Train Loss: 0.3272, Validation Set Manhattan Distance: 12.0, Mask Weight: 0.937
Epoch 132/20000, Train Loss: 0.3147, Validation Set Manhattan Distance: 12.0, Mask Weight: 0.937
Epoch 133/20000, Train Loss: 0.3151, Validation Set Manhattan Distance: 12.0, Mask Weight: 0.937
Epoch 134/20000, Train Loss: 0.3029, Validation Set Manhattan Distance: 12.0, Mask Weight: 0.937
Epoch 135/20000, Train Loss: 0.2976, Validation Set Manhattan Distance: 12.0, Mask Weight: 0.937
Epoch 136/20000, Train Loss: 0.2955, Validation Set Manhattan Distance: 12.0, Mask Weight: 0.937
Epoch 137/20000, Train Loss: 0.2934, Validation Set Manhattan Distance: 12.0, Mask Weight: 0.937
Epoch 138/20000, Train Loss: 0.2926, Validation Set Manhattan Distance: 12.0, Mask Weight: 0.937
Epoch 139/20000, Train Loss: 0.2910, Validation Set Manhattan Distance: 12.0, Mask Weight: 0.937
Epoch 140/20000, Train Loss: 0.2861, Validation Set Manhattan Distance: 12.0, Mask Weight: 0.937
Epoch 141/20000, Train Loss: 0.2897, Validation Set Manhattan Distance: 12.0, Mask Weight: 0.937
Epoch 142/20000, Train Loss: 0.2872, Validation Set Manhattan Distance: 12.0, Mask Weight: 0.937
Epoch 143/20000, Train Loss: 0.2837, Validation Set Manhattan Distance: 12.0, Mask Weight: 0.937
Epoch 144/20000, Train Loss: 0.2838, Validation Set Manhattan Distance: 12.0, Mask Weight: 0.937
Epoch 145/20000, Train Loss: 0.2823, Validation Set Manhattan Distance: 12.0, Mask Weight: 0.937
Epoch 146/20000, Train Loss: 0.2807, Validation Set Manhattan Distance: 12.0, Mask Weight: 0.937
Epoch 147/20000, Train Loss: 0.2808, Validation Set Manhattan Distance: 12.0, Mask Weight: 0.937
Epoch 148/20000, Train Loss: 0.2870, Validation Set Manhattan Distance: 12.0, Mask Weight: 0.937
Epoch 149/20000, Train Loss: 0.2837, Validation Set Manhattan Distance: 12.0, Mask Weight: 0.937
Epoch 150/20000, Train Loss: 0.2850, Validation Set Manhattan Distance: 12.0, Mask Weight: 0.937
Epoch 151/20000, Train Loss: 0.2826, Validation Set Manhattan Distance: 12.0, Mask Weight: 0.937
Epoch 152/20000, Train Loss: 0.2863, Validation Set Manhattan Distance: 12.0, Mask Weight: 0.937
Epoch 153/20000, Train Loss: 0.2822, Validation Set Manhattan Distance: 12.0, Mask Weight: 0.937
Epoch 154/20000, Train Loss: 0.2829, Validation Set Manhattan Distance: 12.0, Mask Weight: 0.937
Epoch 155/20000, Train Loss: 0.2818, Validation Set Manhattan Distance: 12.0, Mask Weight: 0.937
Epoch 156/20000, Train Loss: 0.2827, Validation Set Manhattan Distance: 12.0, Mask Weight: 0.937
Epoch 157/20000, Train Loss: 0.2777, Validation Set Manhattan Distance: 12.0, Mask Weight: 0.937
Epoch 158/20000, Train Loss: 0.2823, Validation Set Manhattan Distance: 12.0, Mask Weight: 0.937
Epoch 159/20000, Train Loss: 0.2843, Validation Set Manhattan Distance: 12.0, Mask Weight: 0.937
Epoch 160/20000, Train Loss: 0.3400, Validation Set Manhattan Distance: 12.0, Mask Weight: 0.937
Epoch 161/20000, Train Loss: 0.4716, Validation Set Manhattan Distance: 12.0, Mask Weight: 0.937
Epoch 162/20000, Train Loss: 0.3718, Validation Set Manhattan Distance: 12.0, Mask Weight: 0.937
Epoch 163/20000, Train Loss: 0.3155, Validation Set Manhattan Distance: 12.0, Mask Weight: 0.937
Epoch 164/20000, Train Loss: 0.2970, Validation Set Manhattan Distance: 12.0, Mask Weight: 0.937
Epoch 165/20000, Train Loss: 0.3001, Validation Set Manhattan Distance: 12.0, Mask Weight: 0.937
Epoch 166/20000, Train Loss: 0.3309, Validation Set Manhattan Distance: 12.0, Mask Weight: 0.937
Epoch 167/20000, Train Loss: 0.3531, Validation Set Manhattan Distance: 12.0, Mask Weight: 0.937
Epoch 168/20000, Train Loss: 0.3876, Validation Set Manhattan Distance: 12.0, Mask Weight: 0.937
Epoch 169/20000, Train Loss: 0.3218, Validation Set Manhattan Distance: 12.0, Mask Weight: 0.937
Epoch 170/20000, Train Loss: 0.3193, Validation Set Manhattan Distance: 12.0, Mask Weight: 0.937
Epoch 171/20000, Train Loss: 0.3055, Validation Set Manhattan Distance: 12.0, Mask Weight: 0.937
Epoch 172/20000, Train Loss: 0.3150, Validation Set Manhattan Distance: 12.0, Mask Weight: 0.937
Epoch 173/20000, Train Loss: 0.3066, Validation Set Manhattan Distance: 12.0, Mask Weight: 0.937
Epoch 174/20000, Train Loss: 0.3043, Validation Set Manhattan Distance: 12.0, Mask Weight: 0.937
Epoch 175/20000, Train Loss: 0.3005, Validation Set Manhattan Distance: 12.0, Mask Weight: 0.937
Epoch 176/20000, Train Loss: 0.2946, Validation Set Manhattan Distance: 12.0, Mask Weight: 0.937
Epoch 177/20000, Train Loss: 0.2940, Validation Set Manhattan Distance: 12.0, Mask Weight: 0.937
Epoch 178/20000, Train Loss: 0.2842, Validation Set Manhattan Distance: 12.0, Mask Weight: 0.937
Epoch 179/20000, Train Loss: 0.2821, Validation Set Manhattan Distance: 12.0, Mask Weight: 0.937
Epoch 180/20000, Train Loss: 0.2842, Validation Set Manhattan Distance: 12.0, Mask Weight: 0.937
Epoch 181/20000, Train Loss: 0.2837, Validation Set Manhattan Distance: 12.0, Mask Weight: 0.937
Epoch 182/20000, Train Loss: 0.2867, Validation Set Manhattan Distance: 12.0, Mask Weight: 0.937
Epoch 183/20000, Train Loss: 0.2855, Validation Set Manhattan Distance: 12.0, Mask Weight: 0.937
Epoch 184/20000, Train Loss: 0.2791, Validation Set Manhattan Distance: 12.0, Mask Weight: 0.937
Epoch 185/20000, Train Loss: 0.2788, Validation Set Manhattan Distance: 12.0, Mask Weight: 0.937
Epoch 186/20000, Train Loss: 0.2761, Validation Set Manhattan Distance: 12.0, Mask Weight: 0.937
Epoch 187/20000, Train Loss: 0.2756, Validation Set Manhattan Distance: 12.0, Mask Weight: 0.937
Epoch 188/20000, Train Loss: 0.2764, Validation Set Manhattan Distance: 12.0, Mask Weight: 0.937
Epoch 189/20000, Train Loss: 0.2763, Validation Set Manhattan Distance: 12.0, Mask Weight: 0.937
Epoch 190/20000, Train Loss: 0.2764, Validation Set Manhattan Distance: 12.0, Mask Weight: 0.937
Epoch 191/20000, Train Loss: 0.2889, Validation Set Manhattan Distance: 12.0, Mask Weight: 0.937
Epoch 192/20000, Train Loss: 0.2850, Validation Set Manhattan Distance: 12.0, Mask Weight: 0.937
Epoch 193/20000, Train Loss: 0.2803, Validation Set Manhattan Distance: 12.0, Mask Weight: 0.937
Epoch 194/20000, Train Loss: 0.2759, Validation Set Manhattan Distance: 12.0, Mask Weight: 0.937
Epoch 195/20000, Train Loss: 0.2785, Validation Set Manhattan Distance: 12.0, Mask Weight: 0.937
Epoch 196/20000, Train Loss: 0.2755, Validation Set Manhattan Distance: 12.0, Mask Weight: 0.937
Epoch 197/20000, Train Loss: 0.2760, Validation Set Manhattan Distance: 12.0, Mask Weight: 0.937
Epoch 198/20000, Train Loss: 0.2753, Validation Set Manhattan Distance: 12.0, Mask Weight: 0.937
Epoch 199/20000, Train Loss: 0.2751, Validation Set Manhattan Distance: 12.0, Mask Weight: 0.937
Epoch 200/20000, Train Loss: 0.2750, Validation Set Manhattan Distance: 12.0, Mask Weight: 0.937
Epoch 201/20000, Train Loss: 0.2724, Validation Set Manhattan Distance: 12.0, Mask Weight: 0.937
Epoch 202/20000, Train Loss: 0.2735, Validation Set Manhattan Distance: 12.0, Mask Weight: 0.937
Epoch 203/20000, Train Loss: 0.2731, Validation Set Manhattan Distance: 12.0, Mask Weight: 0.937
Epoch 204/20000, Train Loss: 0.2782, Validation Set Manhattan Distance: 12.0, Mask Weight: 0.937
Epoch 205/20000, Train Loss: 0.2759, Validation Set Manhattan Distance: 12.0, Mask Weight: 0.937
Epoch 206/20000, Train Loss: 0.2752, Validation Set Manhattan Distance: 12.0, Mask Weight: 0.937
Epoch 207/20000, Train Loss: 0.2722, Validation Set Manhattan Distance: 12.0, Mask Weight: 0.937
Epoch 208/20000, Train Loss: 0.2735, Validation Set Manhattan Distance: 12.0, Mask Weight: 0.937
Epoch 209/20000, Train Loss: 0.2729, Validation Set Manhattan Distance: 12.0, Mask Weight: 0.937
Epoch 210/20000, Train Loss: 0.2728, Validation Set Manhattan Distance: 12.0, Mask Weight: 0.937
Epoch 211/20000, Train Loss: 0.2723, Validation Set Manhattan Distance: 12.0, Mask Weight: 0.937
Epoch 212/20000, Train Loss: 0.2723, Validation Set Manhattan Distance: 12.0, Mask Weight: 0.937
Epoch 213/20000, Train Loss: 0.2732, Validation Set Manhattan Distance: 12.0, Mask Weight: 0.937
Epoch 214/20000, Train Loss: 0.2707, Validation Set Manhattan Distance: 12.0, Mask Weight: 0.937
Epoch 215/20000, Train Loss: 0.2711, Validation Set Manhattan Distance: 12.0, Mask Weight: 0.937
Epoch 216/20000, Train Loss: 0.2714, Validation Set Manhattan Distance: 12.0, Mask Weight: 0.937
Epoch 217/20000, Train Loss: 0.2732, Validation Set Manhattan Distance: 12.0, Mask Weight: 0.937
Epoch 218/20000, Train Loss: 0.2743, Validation Set Manhattan Distance: 12.0, Mask Weight: 0.937
Epoch 219/20000, Train Loss: 0.2852, Validation Set Manhattan Distance: 12.0, Mask Weight: 0.937
Epoch 220/20000, Train Loss: 0.2725, Validation Set Manhattan Distance: 12.0, Mask Weight: 0.937
Epoch 221/20000, Train Loss: 0.2707, Validation Set Manhattan Distance: 12.0, Mask Weight: 0.937
Epoch 222/20000, Train Loss: 0.2689, Validation Set Manhattan Distance: 12.0, Mask Weight: 0.937
Epoch 223/20000, Train Loss: 0.2731, Validation Set Manhattan Distance: 12.0, Mask Weight: 0.937
Epoch 224/20000, Train Loss: 0.2727, Validation Set Manhattan Distance: 12.0, Mask Weight: 0.937
Epoch 225/20000, Train Loss: 0.2749, Validation Set Manhattan Distance: 12.0, Mask Weight: 0.937
Epoch 226/20000, Train Loss: 0.2729, Validation Set Manhattan Distance: 12.0, Mask Weight: 0.937
Epoch 227/20000, Train Loss: 0.2797, Validation Set Manhattan Distance: 12.0, Mask Weight: 0.937
Epoch 228/20000, Train Loss: 0.2744, Validation Set Manhattan Distance: 12.0, Mask Weight: 0.937
Epoch 229/20000, Train Loss: 0.2700, Validation Set Manhattan Distance: 12.0, Mask Weight: 0.937
Epoch 230/20000, Train Loss: 0.2702, Validation Set Manhattan Distance: 12.0, Mask Weight: 0.937
Epoch 231/20000, Train Loss: 0.2701, Validation Set Manhattan Distance: 12.0, Mask Weight: 0.937
Epoch 232/20000, Train Loss: 0.2716, Validation Set Manhattan Distance: 12.0, Mask Weight: 0.937
Epoch 233/20000, Train Loss: 0.2718, Validation Set Manhattan Distance: 12.0, Mask Weight: 0.937
Epoch 234/20000, Train Loss: 0.2728, Validation Set Manhattan Distance: 12.0, Mask Weight: 0.937
Epoch 235/20000, Train Loss: 0.3006, Validation Set Manhattan Distance: 12.0, Mask Weight: 0.937
Epoch 236/20000, Train Loss: 0.6542, Validation Set Manhattan Distance: 12.0, Mask Weight: 0.937
Epoch 237/20000, Train Loss: 0.7742, Validation Set Manhattan Distance: 12.0, Mask Weight: 0.937
Epoch 238/20000, Train Loss: 0.6845, Validation Set Manhattan Distance: 12.0, Mask Weight: 0.937
Epoch 239/20000, Train Loss: 0.4134, Validation Set Manhattan Distance: 12.0, Mask Weight: 0.937
Epoch 240/20000, Train Loss: 0.3801, Validation Set Manhattan Distance: 12.0, Mask Weight: 0.937
Epoch 241/20000, Train Loss: 0.3421, Validation Set Manhattan Distance: 12.0, Mask Weight: 0.937
Epoch 242/20000, Train Loss: 0.3274, Validation Set Manhattan Distance: 12.0, Mask Weight: 0.937
Epoch 243/20000, Train Loss: 0.3074, Validation Set Manhattan Distance: 12.0, Mask Weight: 0.937
Epoch 244/20000, Train Loss: 0.2958, Validation Set Manhattan Distance: 12.0, Mask Weight: 0.937
Epoch 245/20000, Train Loss: 0.2884, Validation Set Manhattan Distance: 12.0, Mask Weight: 0.937
Epoch 246/20000, Train Loss: 0.2810, Validation Set Manhattan Distance: 12.0, Mask Weight: 0.937
Epoch 247/20000, Train Loss: 0.2778, Validation Set Manhattan Distance: 12.0, Mask Weight: 0.937
Epoch 248/20000, Train Loss: 0.2761, Validation Set Manhattan Distance: 12.0, Mask Weight: 0.937
Epoch 249/20000, Train Loss: 0.2759, Validation Set Manhattan Distance: 12.0, Mask Weight: 0.937
Epoch 250/20000, Train Loss: 0.2743, Validation Set Manhattan Distance: 12.0, Mask Weight: 0.937
Epoch 251/20000, Train Loss: 0.2743, Validation Set Manhattan Distance: 12.0, Mask Weight: 0.937
Epoch 252/20000, Train Loss: 0.2749, Validation Set Manhattan Distance: 12.0, Mask Weight: 0.937
Epoch 253/20000, Train Loss: 0.2722, Validation Set Manhattan Distance: 12.0, Mask Weight: 0.937
Epoch 254/20000, Train Loss: 0.2716, Validation Set Manhattan Distance: 12.0, Mask Weight: 0.937
Epoch 255/20000, Train Loss: 0.2708, Validation Set Manhattan Distance: 12.0, Mask Weight: 0.937
Epoch 256/20000, Train Loss: 0.2731, Validation Set Manhattan Distance: 12.0, Mask Weight: 0.937
Epoch 257/20000, Train Loss: 0.2728, Validation Set Manhattan Distance: 12.0, Mask Weight: 0.937
Epoch 258/20000, Train Loss: 0.2734, Validation Set Manhattan Distance: 12.0, Mask Weight: 0.937
Epoch 259/20000, Train Loss: 0.2722, Validation Set Manhattan Distance: 12.0, Mask Weight: 0.937
Epoch 260/20000, Train Loss: 0.2710, Validation Set Manhattan Distance: 12.0, Mask Weight: 0.937
Epoch 261/20000, Train Loss: 0.2714, Validation Set Manhattan Distance: 12.0, Mask Weight: 0.937
Epoch 262/20000, Train Loss: 0.2726, Validation Set Manhattan Distance: 12.0, Mask Weight: 0.937
Epoch 263/20000, Train Loss: 0.2715, Validation Set Manhattan Distance: 12.0, Mask Weight: 0.937
Epoch 264/20000, Train Loss: 0.2729, Validation Set Manhattan Distance: 12.0, Mask Weight: 0.937
Epoch 265/20000, Train Loss: 0.2737, Validation Set Manhattan Distance: 12.0, Mask Weight: 0.937
Epoch 266/20000, Train Loss: 0.2696, Validation Set Manhattan Distance: 12.0, Mask Weight: 0.937
Epoch 267/20000, Train Loss: 0.2697, Validation Set Manhattan Distance: 12.0, Mask Weight: 0.937
Epoch 268/20000, Train Loss: 0.2754, Validation Set Manhattan Distance: 12.0, Mask Weight: 0.937
Epoch 269/20000, Train Loss: 0.2708, Validation Set Manhattan Distance: 12.0, Mask Weight: 0.937
Epoch 270/20000, Train Loss: 0.2776, Validation Set Manhattan Distance: 12.0, Mask Weight: 0.937
Epoch 271/20000, Train Loss: 0.2722, Validation Set Manhattan Distance: 12.0, Mask Weight: 0.937
Epoch 272/20000, Train Loss: 0.2724, Validation Set Manhattan Distance: 12.0, Mask Weight: 0.937
Epoch 273/20000, Train Loss: 0.2718, Validation Set Manhattan Distance: 12.0, Mask Weight: 0.937
Epoch 274/20000, Train Loss: 0.2711, Validation Set Manhattan Distance: 12.0, Mask Weight: 0.937
Epoch 275/20000, Train Loss: 0.2695, Validation Set Manhattan Distance: 12.0, Mask Weight: 0.937
Epoch 276/20000, Train Loss: 0.2698, Validation Set Manhattan Distance: 12.0, Mask Weight: 0.937
Epoch 277/20000, Train Loss: 0.2716, Validation Set Manhattan Distance: 12.0, Mask Weight: 0.937
Epoch 278/20000, Train Loss: 0.2702, Validation Set Manhattan Distance: 12.0, Mask Weight: 0.937
Epoch 279/20000, Train Loss: 0.2734, Validation Set Manhattan Distance: 12.0, Mask Weight: 0.937
Epoch 280/20000, Train Loss: 0.2734, Validation Set Manhattan Distance: 12.0, Mask Weight: 0.937
Epoch 281/20000, Train Loss: 0.2754, Validation Set Manhattan Distance: 12.0, Mask Weight: 0.937
Epoch 282/20000, Train Loss: 0.3250, Validation Set Manhattan Distance: 12.0, Mask Weight: 0.937
Epoch 283/20000, Train Loss: 0.3362, Validation Set Manhattan Distance: 12.0, Mask Weight: 0.937
Epoch 284/20000, Train Loss: 0.3124, Validation Set Manhattan Distance: 12.0, Mask Weight: 0.937
Epoch 285/20000, Train Loss: 0.3202, Validation Set Manhattan Distance: 12.0, Mask Weight: 0.937
Epoch 286/20000, Train Loss: 0.3021, Validation Set Manhattan Distance: 12.0, Mask Weight: 0.937
Epoch 287/20000, Train Loss: 0.2777, Validation Set Manhattan Distance: 12.0, Mask Weight: 0.937
Epoch 288/20000, Train Loss: 0.2745, Validation Set Manhattan Distance: 12.0, Mask Weight: 0.937
Epoch 289/20000, Train Loss: 0.2722, Validation Set Manhattan Distance: 12.0, Mask Weight: 0.937
Epoch 290/20000, Train Loss: 0.2718, Validation Set Manhattan Distance: 12.0, Mask Weight: 0.937
Epoch 291/20000, Train Loss: 0.2700, Validation Set Manhattan Distance: 12.0, Mask Weight: 0.937
Epoch 292/20000, Train Loss: 0.2701, Validation Set Manhattan Distance: 12.0, Mask Weight: 0.937
Epoch 293/20000, Train Loss: 0.2680, Validation Set Manhattan Distance: 12.0, Mask Weight: 0.937
Epoch 294/20000, Train Loss: 0.2700, Validation Set Manhattan Distance: 12.0, Mask Weight: 0.937
Epoch 295/20000, Train Loss: 0.2686, Validation Set Manhattan Distance: 12.0, Mask Weight: 0.937
Epoch 296/20000, Train Loss: 0.2686, Validation Set Manhattan Distance: 12.0, Mask Weight: 0.937
Epoch 297/20000, Train Loss: 0.2689, Validation Set Manhattan Distance: 12.0, Mask Weight: 0.937
Epoch 298/20000, Train Loss: 0.2670, Validation Set Manhattan Distance: 12.0, Mask Weight: 0.937
Epoch 299/20000, Train Loss: 0.2727, Validation Set Manhattan Distance: 12.0, Mask Weight: 0.937
Epoch 300/20000, Train Loss: 0.2794, Validation Set Manhattan Distance: 12.0, Mask Weight: 0.937
Epoch 301/20000, Train Loss: 0.2770, Validation Set Manhattan Distance: 12.0, Mask Weight: 0.937
Epoch 302/20000, Train Loss: 0.2832, Validation Set Manhattan Distance: 12.0, Mask Weight: 0.937
Epoch 303/20000, Train Loss: 0.2731, Validation Set Manhattan Distance: 12.0, Mask Weight: 0.937
Epoch 304/20000, Train Loss: 0.2691, Validation Set Manhattan Distance: 12.0, Mask Weight: 0.937
Epoch 305/20000, Train Loss: 0.2706, Validation Set Manhattan Distance: 12.0, Mask Weight: 0.937
Epoch 306/20000, Train Loss: 0.2705, Validation Set Manhattan Distance: 12.0, Mask Weight: 0.937
Epoch 307/20000, Train Loss: 0.2683, Validation Set Manhattan Distance: 12.0, Mask Weight: 0.937
Epoch 308/20000, Train Loss: 0.2689, Validation Set Manhattan Distance: 12.0, Mask Weight: 0.937
Epoch 309/20000, Train Loss: 0.2694, Validation Set Manhattan Distance: 12.0, Mask Weight: 0.937
Epoch 310/20000, Train Loss: 0.2725, Validation Set Manhattan Distance: 12.0, Mask Weight: 0.937
Epoch 311/20000, Train Loss: 0.2689, Validation Set Manhattan Distance: 12.0, Mask Weight: 0.937
Epoch 312/20000, Train Loss: 0.2684, Validation Set Manhattan Distance: 12.0, Mask Weight: 0.937
Epoch 313/20000, Train Loss: 0.2691, Validation Set Manhattan Distance: 12.0, Mask Weight: 0.937
Epoch 314/20000, Train Loss: 0.2704, Validation Set Manhattan Distance: 12.0, Mask Weight: 0.937
Epoch 315/20000, Train Loss: 0.2697, Validation Set Manhattan Distance: 12.0, Mask Weight: 0.937
Epoch 316/20000, Train Loss: 0.2771, Validation Set Manhattan Distance: 12.0, Mask Weight: 0.937
Epoch 317/20000, Train Loss: 0.2720, Validation Set Manhattan Distance: 12.0, Mask Weight: 0.937
Epoch 318/20000, Train Loss: 0.2710, Validation Set Manhattan Distance: 12.0, Mask Weight: 0.937
Epoch 319/20000, Train Loss: 0.2700, Validation Set Manhattan Distance: 12.0, Mask Weight: 0.937
Epoch 320/20000, Train Loss: 0.2722, Validation Set Manhattan Distance: 12.0, Mask Weight: 0.937
Epoch 321/20000, Train Loss: 0.2741, Validation Set Manhattan Distance: 12.0, Mask Weight: 0.937
Epoch 322/20000, Train Loss: 0.2703, Validation Set Manhattan Distance: 12.0, Mask Weight: 0.937
Epoch 323/20000, Train Loss: 0.2690, Validation Set Manhattan Distance: 12.0, Mask Weight: 0.937
Epoch 324/20000, Train Loss: 0.2702, Validation Set Manhattan Distance: 12.0, Mask Weight: 0.937
Epoch 325/20000, Train Loss: 0.2675, Validation Set Manhattan Distance: 12.0, Mask Weight: 0.937
Epoch 326/20000, Train Loss: 0.2666, Validation Set Manhattan Distance: 12.0, Mask Weight: 0.937
Epoch 327/20000, Train Loss: 0.2703, Validation Set Manhattan Distance: 12.0, Mask Weight: 0.937
Epoch 328/20000, Train Loss: 0.2649, Validation Set Manhattan Distance: 12.0, Mask Weight: 0.937
Epoch 329/20000, Train Loss: 0.2736, Validation Set Manhattan Distance: 12.0, Mask Weight: 0.937
Epoch 330/20000, Train Loss: 0.2676, Validation Set Manhattan Distance: 12.0, Mask Weight: 0.937
Epoch 331/20000, Train Loss: 0.2672, Validation Set Manhattan Distance: 12.0, Mask Weight: 0.937
Epoch 332/20000, Train Loss: 0.2664, Validation Set Manhattan Distance: 12.0, Mask Weight: 0.937
Epoch 333/20000, Train Loss: 0.2705, Validation Set Manhattan Distance: 12.0, Mask Weight: 0.937
Epoch 334/20000, Train Loss: 0.2690, Validation Set Manhattan Distance: 12.0, Mask Weight: 0.937
Epoch 335/20000, Train Loss: 0.2698, Validation Set Manhattan Distance: 12.0, Mask Weight: 0.937
Epoch 336/20000, Train Loss: 0.2715, Validation Set Manhattan Distance: 12.0, Mask Weight: 0.937
Epoch 337/20000, Train Loss: 0.2713, Validation Set Manhattan Distance: 12.0, Mask Weight: 0.937
Epoch 338/20000, Train Loss: 0.2754, Validation Set Manhattan Distance: 12.0, Mask Weight: 0.937
Epoch 339/20000, Train Loss: 0.2698, Validation Set Manhattan Distance: 12.0, Mask Weight: 0.937
Epoch 340/20000, Train Loss: 0.2681, Validation Set Manhattan Distance: 12.0, Mask Weight: 0.937
Epoch 341/20000, Train Loss: 0.2680, Validation Set Manhattan Distance: 12.0, Mask Weight: 0.937
Epoch 342/20000, Train Loss: 0.2681, Validation Set Manhattan Distance: 12.0, Mask Weight: 0.937
Epoch 343/20000, Train Loss: 0.2677, Validation Set Manhattan Distance: 12.0, Mask Weight: 0.937
Epoch 344/20000, Train Loss: 0.2672, Validation Set Manhattan Distance: 12.0, Mask Weight: 0.937
Epoch 345/20000, Train Loss: 0.2697, Validation Set Manhattan Distance: 12.0, Mask Weight: 0.937
Epoch 346/20000, Train Loss: 0.2735, Validation Set Manhattan Distance: 12.0, Mask Weight: 0.937
Epoch 347/20000, Train Loss: 0.2670, Validation Set Manhattan Distance: 12.0, Mask Weight: 0.937
Epoch 348/20000, Train Loss: 0.2669, Validation Set Manhattan Distance: 12.0, Mask Weight: 0.937
Epoch 349/20000, Train Loss: 0.2664, Validation Set Manhattan Distance: 12.0, Mask Weight: 0.937
Epoch 350/20000, Train Loss: 0.2681, Validation Set Manhattan Distance: 12.0, Mask Weight: 0.937
Epoch 351/20000, Train Loss: 0.2690, Validation Set Manhattan Distance: 12.0, Mask Weight: 0.937
Epoch 352/20000, Train Loss: 0.2677, Validation Set Manhattan Distance: 12.0, Mask Weight: 0.937
Epoch 353/20000, Train Loss: 0.2664, Validation Set Manhattan Distance: 12.0, Mask Weight: 0.937
Epoch 354/20000, Train Loss: 0.2664, Validation Set Manhattan Distance: 12.0, Mask Weight: 0.937
Epoch 355/20000, Train Loss: 0.2662, Validation Set Manhattan Distance: 12.0, Mask Weight: 0.937
Epoch 356/20000, Train Loss: 0.2670, Validation Set Manhattan Distance: 12.0, Mask Weight: 0.937
Epoch 357/20000, Train Loss: 0.2675, Validation Set Manhattan Distance: 12.0, Mask Weight: 0.937
Epoch 358/20000, Train Loss: 0.2679, Validation Set Manhattan Distance: 12.0, Mask Weight: 0.937
Epoch 359/20000, Train Loss: 0.2704, Validation Set Manhattan Distance: 12.0, Mask Weight: 0.937
Epoch 360/20000, Train Loss: 0.2732, Validation Set Manhattan Distance: 12.0, Mask Weight: 0.937
Epoch 361/20000, Train Loss: 0.2710, Validation Set Manhattan Distance: 12.0, Mask Weight: 0.937
Epoch 362/20000, Train Loss: 0.2702, Validation Set Manhattan Distance: 12.0, Mask Weight: 0.937
Epoch 363/20000, Train Loss: 0.2680, Validation Set Manhattan Distance: 12.0, Mask Weight: 0.937
Epoch 364/20000, Train Loss: 0.2686, Validation Set Manhattan Distance: 12.0, Mask Weight: 0.937
Epoch 365/20000, Train Loss: 0.2667, Validation Set Manhattan Distance: 12.0, Mask Weight: 0.937
Epoch 366/20000, Train Loss: 0.2666, Validation Set Manhattan Distance: 12.0, Mask Weight: 0.937
Epoch 367/20000, Train Loss: 0.2685, Validation Set Manhattan Distance: 12.0, Mask Weight: 0.937
Epoch 368/20000, Train Loss: 0.2658, Validation Set Manhattan Distance: 12.0, Mask Weight: 0.937
Epoch 369/20000, Train Loss: 0.2718, Validation Set Manhattan Distance: 12.0, Mask Weight: 0.937
Epoch 370/20000, Train Loss: 0.2725, Validation Set Manhattan Distance: 12.0, Mask Weight: 0.937
Epoch 371/20000, Train Loss: 0.2685, Validation Set Manhattan Distance: 12.0, Mask Weight: 0.937
Epoch 372/20000, Train Loss: 0.2687, Validation Set Manhattan Distance: 12.0, Mask Weight: 0.937
Epoch 373/20000, Train Loss: 0.2695, Validation Set Manhattan Distance: 12.0, Mask Weight: 0.937
Epoch 374/20000, Train Loss: 0.2684, Validation Set Manhattan Distance: 12.0, Mask Weight: 0.937
Epoch 375/20000, Train Loss: 0.2698, Validation Set Manhattan Distance: 12.0, Mask Weight: 0.937
Epoch 376/20000, Train Loss: 0.2655, Validation Set Manhattan Distance: 12.0, Mask Weight: 0.937
Epoch 377/20000, Train Loss: 0.2665, Validation Set Manhattan Distance: 12.0, Mask Weight: 0.937
Epoch 378/20000, Train Loss: 0.2663, Validation Set Manhattan Distance: 12.0, Mask Weight: 0.937
Epoch 379/20000, Train Loss: 0.2657, Validation Set Manhattan Distance: 12.0, Mask Weight: 0.937
Epoch 380/20000, Train Loss: 0.2669, Validation Set Manhattan Distance: 12.0, Mask Weight: 0.937
Epoch 381/20000, Train Loss: 0.2663, Validation Set Manhattan Distance: 12.0, Mask Weight: 0.937
Epoch 382/20000, Train Loss: 0.2662, Validation Set Manhattan Distance: 12.0, Mask Weight: 0.937
Epoch 383/20000, Train Loss: 0.2661, Validation Set Manhattan Distance: 12.0, Mask Weight: 0.937
Epoch 384/20000, Train Loss: 0.2669, Validation Set Manhattan Distance: 12.0, Mask Weight: 0.937
Epoch 385/20000, Train Loss: 0.2664, Validation Set Manhattan Distance: 12.0, Mask Weight: 0.937
Epoch 386/20000, Train Loss: 0.2663, Validation Set Manhattan Distance: 12.0, Mask Weight: 0.937
Epoch 387/20000, Train Loss: 0.2674, Validation Set Manhattan Distance: 12.0, Mask Weight: 0.937
Epoch 388/20000, Train Loss: 0.2672, Validation Set Manhattan Distance: 12.0, Mask Weight: 0.937
Epoch 389/20000, Train Loss: 0.2679, Validation Set Manhattan Distance: 12.0, Mask Weight: 0.937
Epoch 390/20000, Train Loss: 0.2663, Validation Set Manhattan Distance: 12.0, Mask Weight: 0.937
Epoch 391/20000, Train Loss: 0.2662, Validation Set Manhattan Distance: 12.0, Mask Weight: 0.937
Epoch 392/20000, Train Loss: 0.2668, Validation Set Manhattan Distance: 12.0, Mask Weight: 0.937
Epoch 393/20000, Train Loss: 0.2682, Validation Set Manhattan Distance: 12.0, Mask Weight: 0.937
Epoch 394/20000, Train Loss: 0.2662, Validation Set Manhattan Distance: 12.0, Mask Weight: 0.937
Epoch 395/20000, Train Loss: 0.2661, Validation Set Manhattan Distance: 12.0, Mask Weight: 0.937
Epoch 396/20000, Train Loss: 0.2659, Validation Set Manhattan Distance: 12.0, Mask Weight: 0.937
Epoch 397/20000, Train Loss: 0.2662, Validation Set Manhattan Distance: 12.0, Mask Weight: 0.937
Epoch 398/20000, Train Loss: 0.2667, Validation Set Manhattan Distance: 12.0, Mask Weight: 0.937
Epoch 399/20000, Train Loss: 0.2678, Validation Set Manhattan Distance: 12.0, Mask Weight: 0.937
Epoch 400/20000, Train Loss: 0.2657, Validation Set Manhattan Distance: 12.0, Mask Weight: 0.937
Epoch 401/20000, Train Loss: 0.2674, Validation Set Manhattan Distance: 12.0, Mask Weight: 0.937
Epoch 402/20000, Train Loss: 0.2685, Validation Set Manhattan Distance: 12.0, Mask Weight: 0.937
Epoch 403/20000, Train Loss: 0.2668, Validation Set Manhattan Distance: 12.0, Mask Weight: 0.937
Epoch 404/20000, Train Loss: 0.2668, Validation Set Manhattan Distance: 12.0, Mask Weight: 0.937
Epoch 405/20000, Train Loss: 0.2664, Validation Set Manhattan Distance: 12.0, Mask Weight: 0.937
Epoch 406/20000, Train Loss: 0.2646, Validation Set Manhattan Distance: 12.0, Mask Weight: 0.937
Epoch 407/20000, Train Loss: 0.2701, Validation Set Manhattan Distance: 12.0, Mask Weight: 0.937
Epoch 408/20000, Train Loss: 0.2755, Validation Set Manhattan Distance: 12.0, Mask Weight: 0.937
Epoch 409/20000, Train Loss: 0.2665, Validation Set Manhattan Distance: 12.0, Mask Weight: 0.937
Epoch 410/20000, Train Loss: 0.2730, Validation Set Manhattan Distance: 12.0, Mask Weight: 0.937
Epoch 411/20000, Train Loss: 0.2699, Validation Set Manhattan Distance: 12.0, Mask Weight: 0.937
Epoch 412/20000, Train Loss: 0.2660, Validation Set Manhattan Distance: 12.0, Mask Weight: 0.937
Epoch 413/20000, Train Loss: 0.2653, Validation Set Manhattan Distance: 12.0, Mask Weight: 0.937
Epoch 414/20000, Train Loss: 0.2681, Validation Set Manhattan Distance: 12.0, Mask Weight: 0.937
Epoch 415/20000, Train Loss: 0.2668, Validation Set Manhattan Distance: 12.0, Mask Weight: 0.937
Epoch 416/20000, Train Loss: 0.2680, Validation Set Manhattan Distance: 12.0, Mask Weight: 0.937
Epoch 417/20000, Train Loss: 0.2655, Validation Set Manhattan Distance: 12.0, Mask Weight: 0.937
Epoch 418/20000, Train Loss: 0.2674, Validation Set Manhattan Distance: 12.0, Mask Weight: 0.937
Epoch 419/20000, Train Loss: 0.2667, Validation Set Manhattan Distance: 12.0, Mask Weight: 0.937
Epoch 420/20000, Train Loss: 0.2683, Validation Set Manhattan Distance: 12.0, Mask Weight: 0.937
Epoch 421/20000, Train Loss: 0.2682, Validation Set Manhattan Distance: 12.0, Mask Weight: 0.937
Epoch 422/20000, Train Loss: 0.2685, Validation Set Manhattan Distance: 12.0, Mask Weight: 0.937
Epoch 423/20000, Train Loss: 0.2721, Validation Set Manhattan Distance: 12.0, Mask Weight: 0.937
Epoch 424/20000, Train Loss: 0.2674, Validation Set Manhattan Distance: 12.0, Mask Weight: 0.937
Epoch 425/20000, Train Loss: 0.2691, Validation Set Manhattan Distance: 12.0, Mask Weight: 0.937
Epoch 426/20000, Train Loss: 0.2684, Validation Set Manhattan Distance: 12.0, Mask Weight: 0.937
Epoch 427/20000, Train Loss: 0.2651, Validation Set Manhattan Distance: 12.0, Mask Weight: 0.937
Epoch 428/20000, Train Loss: 0.2672, Validation Set Manhattan Distance: 12.0, Mask Weight: 0.937
Epoch 429/20000, Train Loss: 0.2680, Validation Set Manhattan Distance: 12.0, Mask Weight: 0.937
Epoch 430/20000, Train Loss: 0.2693, Validation Set Manhattan Distance: 12.0, Mask Weight: 0.937
Epoch 431/20000, Train Loss: 0.2665, Validation Set Manhattan Distance: 12.0, Mask Weight: 0.937
Epoch 432/20000, Train Loss: 0.2637, Validation Set Manhattan Distance: 12.0, Mask Weight: 0.937
Epoch 433/20000, Train Loss: 0.2655, Validation Set Manhattan Distance: 12.0, Mask Weight: 0.937
Epoch 434/20000, Train Loss: 0.2650, Validation Set Manhattan Distance: 12.0, Mask Weight: 0.937
Epoch 435/20000, Train Loss: 0.2677, Validation Set Manhattan Distance: 12.0, Mask Weight: 0.937
Epoch 436/20000, Train Loss: 0.2696, Validation Set Manhattan Distance: 12.0, Mask Weight: 0.937
Epoch 437/20000, Train Loss: 0.2660, Validation Set Manhattan Distance: 12.0, Mask Weight: 0.937
Epoch 438/20000, Train Loss: 0.7146, Validation Set Manhattan Distance: 12.0, Mask Weight: 0.937
Epoch 439/20000, Train Loss: 0.7247, Validation Set Manhattan Distance: 12.0, Mask Weight: 0.937
Epoch 440/20000, Train Loss: 0.4207, Validation Set Manhattan Distance: 12.0, Mask Weight: 0.937
Epoch 441/20000, Train Loss: 0.3888, Validation Set Manhattan Distance: 12.0, Mask Weight: 0.937
Epoch 442/20000, Train Loss: 0.3634, Validation Set Manhattan Distance: 12.0, Mask Weight: 0.937
Epoch 443/20000, Train Loss: 0.3094, Validation Set Manhattan Distance: 12.0, Mask Weight: 0.937
Epoch 444/20000, Train Loss: 0.3021, Validation Set Manhattan Distance: 12.0, Mask Weight: 0.937
Epoch 445/20000, Train Loss: 0.3017, Validation Set Manhattan Distance: 12.0, Mask Weight: 0.937
Epoch 446/20000, Train Loss: 0.3285, Validation Set Manhattan Distance: 12.0, Mask Weight: 0.937
Epoch 447/20000, Train Loss: 0.3101, Validation Set Manhattan Distance: 12.0, Mask Weight: 0.937
Epoch 448/20000, Train Loss: 0.2896, Validation Set Manhattan Distance: 12.0, Mask Weight: 0.937
Epoch 449/20000, Train Loss: 0.2876, Validation Set Manhattan Distance: 12.0, Mask Weight: 0.937
Epoch 450/20000, Train Loss: 0.2850, Validation Set Manhattan Distance: 12.0, Mask Weight: 0.937
Epoch 451/20000, Train Loss: 0.2759, Validation Set Manhattan Distance: 12.0, Mask Weight: 0.937
Epoch 452/20000, Train Loss: 0.2760, Validation Set Manhattan Distance: 12.0, Mask Weight: 0.937
Epoch 453/20000, Train Loss: 0.2707, Validation Set Manhattan Distance: 12.0, Mask Weight: 0.937
Epoch 454/20000, Train Loss: 0.2710, Validation Set Manhattan Distance: 12.0, Mask Weight: 0.937
Epoch 455/20000, Train Loss: 0.2692, Validation Set Manhattan Distance: 12.0, Mask Weight: 0.937
Epoch 456/20000, Train Loss: 0.2688, Validation Set Manhattan Distance: 12.0, Mask Weight: 0.937
Epoch 457/20000, Train Loss: 0.2698, Validation Set Manhattan Distance: 12.0, Mask Weight: 0.937
Epoch 458/20000, Train Loss: 0.2688, Validation Set Manhattan Distance: 12.0, Mask Weight: 0.937
Epoch 459/20000, Train Loss: 0.2680, Validation Set Manhattan Distance: 12.0, Mask Weight: 0.937
Epoch 460/20000, Train Loss: 0.2688, Validation Set Manhattan Distance: 12.0, Mask Weight: 0.937
Epoch 461/20000, Train Loss: 0.2698, Validation Set Manhattan Distance: 12.0, Mask Weight: 0.937
Epoch 462/20000, Train Loss: 0.2673, Validation Set Manhattan Distance: 12.0, Mask Weight: 0.937
Epoch 463/20000, Train Loss: 0.2706, Validation Set Manhattan Distance: 12.0, Mask Weight: 0.937
Epoch 464/20000, Train Loss: 0.2720, Validation Set Manhattan Distance: 12.0, Mask Weight: 0.937
Epoch 465/20000, Train Loss: 0.2673, Validation Set Manhattan Distance: 12.0, Mask Weight: 0.937
Epoch 466/20000, Train Loss: 0.2668, Validation Set Manhattan Distance: 12.0, Mask Weight: 0.937
Epoch 467/20000, Train Loss: 0.2664, Validation Set Manhattan Distance: 12.0, Mask Weight: 0.937
Epoch 468/20000, Train Loss: 0.2665, Validation Set Manhattan Distance: 12.0, Mask Weight: 0.937
Epoch 469/20000, Train Loss: 0.2680, Validation Set Manhattan Distance: 12.0, Mask Weight: 0.937
Epoch 470/20000, Train Loss: 0.2676, Validation Set Manhattan Distance: 12.0, Mask Weight: 0.937
Epoch 471/20000, Train Loss: 0.2693, Validation Set Manhattan Distance: 12.0, Mask Weight: 0.937
Epoch 472/20000, Train Loss: 0.2675, Validation Set Manhattan Distance: 12.0, Mask Weight: 0.937
Epoch 473/20000, Train Loss: 0.2665, Validation Set Manhattan Distance: 12.0, Mask Weight: 0.937
Epoch 474/20000, Train Loss: 0.2654, Validation Set Manhattan Distance: 12.0, Mask Weight: 0.937
Epoch 475/20000, Train Loss: 0.2656, Validation Set Manhattan Distance: 12.0, Mask Weight: 0.937
Epoch 476/20000, Train Loss: 0.2683, Validation Set Manhattan Distance: 12.0, Mask Weight: 0.937
Epoch 477/20000, Train Loss: 0.2681, Validation Set Manhattan Distance: 12.0, Mask Weight: 0.937
Epoch 478/20000, Train Loss: 0.2695, Validation Set Manhattan Distance: 12.0, Mask Weight: 0.937
Epoch 479/20000, Train Loss: 0.2696, Validation Set Manhattan Distance: 12.0, Mask Weight: 0.937
Epoch 480/20000, Train Loss: 0.2675, Validation Set Manhattan Distance: 12.0, Mask Weight: 0.937
Epoch 481/20000, Train Loss: 0.2669, Validation Set Manhattan Distance: 12.0, Mask Weight: 0.937
Epoch 482/20000, Train Loss: 0.2719, Validation Set Manhattan Distance: 12.0, Mask Weight: 0.937
Epoch 483/20000, Train Loss: 0.5183, Validation Set Manhattan Distance: 12.0, Mask Weight: 0.937
Epoch 484/20000, Train Loss: 0.5465, Validation Set Manhattan Distance: 12.0, Mask Weight: 0.937
Epoch 485/20000, Train Loss: 0.3984, Validation Set Manhattan Distance: 12.0, Mask Weight: 0.937
Epoch 486/20000, Train Loss: 0.3662, Validation Set Manhattan Distance: 12.0, Mask Weight: 0.937
Epoch 487/20000, Train Loss: 0.3298, Validation Set Manhattan Distance: 12.0, Mask Weight: 0.937
Epoch 488/20000, Train Loss: 0.3094, Validation Set Manhattan Distance: 12.0, Mask Weight: 0.937
Epoch 489/20000, Train Loss: 0.2862, Validation Set Manhattan Distance: 12.0, Mask Weight: 0.937
Epoch 490/20000, Train Loss: 0.2759, Validation Set Manhattan Distance: 12.0, Mask Weight: 0.937
Epoch 491/20000, Train Loss: 0.2723, Validation Set Manhattan Distance: 12.0, Mask Weight: 0.937
Epoch 492/20000, Train Loss: 0.2711, Validation Set Manhattan Distance: 12.0, Mask Weight: 0.937
Epoch 493/20000, Train Loss: 0.2689, Validation Set Manhattan Distance: 12.0, Mask Weight: 0.937
Epoch 494/20000, Train Loss: 0.2691, Validation Set Manhattan Distance: 12.0, Mask Weight: 0.937
Epoch 495/20000, Train Loss: 0.2688, Validation Set Manhattan Distance: 12.0, Mask Weight: 0.937
Epoch 496/20000, Train Loss: 0.2680, Validation Set Manhattan Distance: 12.0, Mask Weight: 0.937
Epoch 497/20000, Train Loss: 0.2696, Validation Set Manhattan Distance: 12.0, Mask Weight: 0.937
Epoch 498/20000, Train Loss: 0.2665, Validation Set Manhattan Distance: 12.0, Mask Weight: 0.937
Epoch 499/20000, Train Loss: 0.2691, Validation Set Manhattan Distance: 12.0, Mask Weight: 0.937
Epoch 500/20000, Train Loss: 0.2697, Validation Set Manhattan Distance: 12.0, Mask Weight: 0.937
Epoch 501/20000, Train Loss: 0.2674, Validation Set Manhattan Distance: 12.0, Mask Weight: 0.937
Epoch 502/20000, Train Loss: 0.2681, Validation Set Manhattan Distance: 12.0, Mask Weight: 0.937
Epoch 503/20000, Train Loss: 0.2731, Validation Set Manhattan Distance: 12.0, Mask Weight: 0.937
Epoch 504/20000, Train Loss: 0.2684, Validation Set Manhattan Distance: 12.0, Mask Weight: 0.937
Epoch 505/20000, Train Loss: 0.2680, Validation Set Manhattan Distance: 12.0, Mask Weight: 0.937
Epoch 506/20000, Train Loss: 0.2689, Validation Set Manhattan Distance: 12.0, Mask Weight: 0.937
Epoch 507/20000, Train Loss: 0.2665, Validation Set Manhattan Distance: 12.0, Mask Weight: 0.937
Epoch 508/20000, Train Loss: 0.2685, Validation Set Manhattan Distance: 12.0, Mask Weight: 0.937
Epoch 509/20000, Train Loss: 0.2701, Validation Set Manhattan Distance: 12.0, Mask Weight: 0.937
Epoch 510/20000, Train Loss: 0.2665, Validation Set Manhattan Distance: 12.0, Mask Weight: 0.937
Epoch 511/20000, Train Loss: 0.2664, Validation Set Manhattan Distance: 12.0, Mask Weight: 0.937
Epoch 512/20000, Train Loss: 0.2675, Validation Set Manhattan Distance: 12.0, Mask Weight: 0.937
Epoch 513/20000, Train Loss: 0.2666, Validation Set Manhattan Distance: 12.0, Mask Weight: 0.937
Epoch 514/20000, Train Loss: 0.2673, Validation Set Manhattan Distance: 12.0, Mask Weight: 0.937
Epoch 515/20000, Train Loss: 0.2679, Validation Set Manhattan Distance: 12.0, Mask Weight: 0.937
Epoch 516/20000, Train Loss: 0.2665, Validation Set Manhattan Distance: 12.0, Mask Weight: 0.937
Epoch 517/20000, Train Loss: 0.2706, Validation Set Manhattan Distance: 12.0, Mask Weight: 0.937
Epoch 518/20000, Train Loss: 0.2684, Validation Set Manhattan Distance: 12.0, Mask Weight: 0.937
Epoch 519/20000, Train Loss: 0.2680, Validation Set Manhattan Distance: 12.0, Mask Weight: 0.937
Epoch 520/20000, Train Loss: 0.2674, Validation Set Manhattan Distance: 12.0, Mask Weight: 0.937
Epoch 521/20000, Train Loss: 0.2664, Validation Set Manhattan Distance: 12.0, Mask Weight: 0.937
Epoch 522/20000, Train Loss: 0.2644, Validation Set Manhattan Distance: 12.0, Mask Weight: 0.937
Epoch 523/20000, Train Loss: 0.2651, Validation Set Manhattan Distance: 12.0, Mask Weight: 0.937
Epoch 524/20000, Train Loss: 0.2658, Validation Set Manhattan Distance: 12.0, Mask Weight: 0.937
Epoch 525/20000, Train Loss: 0.2639, Validation Set Manhattan Distance: 12.0, Mask Weight: 0.937
Epoch 526/20000, Train Loss: 0.2669, Validation Set Manhattan Distance: 12.0, Mask Weight: 0.937
Epoch 527/20000, Train Loss: 0.2654, Validation Set Manhattan Distance: 12.0, Mask Weight: 0.937
Epoch 528/20000, Train Loss: 0.2654, Validation Set Manhattan Distance: 12.0, Mask Weight: 0.937
Epoch 529/20000, Train Loss: 0.2646, Validation Set Manhattan Distance: 12.0, Mask Weight: 0.937
Epoch 530/20000, Train Loss: 0.2650, Validation Set Manhattan Distance: 12.0, Mask Weight: 0.937
Epoch 531/20000, Train Loss: 0.2642, Validation Set Manhattan Distance: 12.0, Mask Weight: 0.937
Epoch 532/20000, Train Loss: 0.2649, Validation Set Manhattan Distance: 12.0, Mask Weight: 0.937
Epoch 533/20000, Train Loss: 0.2638, Validation Set Manhattan Distance: 12.0, Mask Weight: 0.937
Epoch 534/20000, Train Loss: 0.2645, Validation Set Manhattan Distance: 12.0, Mask Weight: 0.937
Epoch 535/20000, Train Loss: 0.2652, Validation Set Manhattan Distance: 12.0, Mask Weight: 0.937
Epoch 536/20000, Train Loss: 0.2680, Validation Set Manhattan Distance: 12.0, Mask Weight: 0.937
Epoch 537/20000, Train Loss: 0.2656, Validation Set Manhattan Distance: 12.0, Mask Weight: 0.937
Epoch 538/20000, Train Loss: 0.2667, Validation Set Manhattan Distance: 12.0, Mask Weight: 0.937
Epoch 539/20000, Train Loss: 0.2663, Validation Set Manhattan Distance: 12.0, Mask Weight: 0.937
Epoch 540/20000, Train Loss: 0.2663, Validation Set Manhattan Distance: 12.0, Mask Weight: 0.937
Epoch 541/20000, Train Loss: 0.2648, Validation Set Manhattan Distance: 12.0, Mask Weight: 0.937
Epoch 542/20000, Train Loss: 0.2670, Validation Set Manhattan Distance: 12.0, Mask Weight: 0.937
Epoch 543/20000, Train Loss: 0.2657, Validation Set Manhattan Distance: 12.0, Mask Weight: 0.937
Epoch 544/20000, Train Loss: 0.2651, Validation Set Manhattan Distance: 12.0, Mask Weight: 0.937
Epoch 545/20000, Train Loss: 0.2652, Validation Set Manhattan Distance: 12.0, Mask Weight: 0.937
Epoch 546/20000, Train Loss: 0.2649, Validation Set Manhattan Distance: 12.0, Mask Weight: 0.937
Epoch 547/20000, Train Loss: 0.2651, Validation Set Manhattan Distance: 12.0, Mask Weight: 0.937
Epoch 548/20000, Train Loss: 0.2640, Validation Set Manhattan Distance: 12.0, Mask Weight: 0.937
Epoch 549/20000, Train Loss: 0.2637, Validation Set Manhattan Distance: 12.0, Mask Weight: 0.937
Epoch 550/20000, Train Loss: 0.2632, Validation Set Manhattan Distance: 12.0, Mask Weight: 0.937
Epoch 551/20000, Train Loss: 0.2633, Validation Set Manhattan Distance: 12.0, Mask Weight: 0.937
Epoch 552/20000, Train Loss: 0.2691, Validation Set Manhattan Distance: 12.0, Mask Weight: 0.937
Epoch 553/20000, Train Loss: 0.2679, Validation Set Manhattan Distance: 12.0, Mask Weight: 0.937
Epoch 554/20000, Train Loss: 0.2651, Validation Set Manhattan Distance: 12.0, Mask Weight: 0.937
Epoch 555/20000, Train Loss: 0.2661, Validation Set Manhattan Distance: 12.0, Mask Weight: 0.937
Epoch 556/20000, Train Loss: 0.2632, Validation Set Manhattan Distance: 12.0, Mask Weight: 0.937
Epoch 557/20000, Train Loss: 0.2686, Validation Set Manhattan Distance: 12.0, Mask Weight: 0.937
Epoch 558/20000, Train Loss: 0.2667, Validation Set Manhattan Distance: 12.0, Mask Weight: 0.937
Epoch 559/20000, Train Loss: 0.2651, Validation Set Manhattan Distance: 12.0, Mask Weight: 0.937
Epoch 560/20000, Train Loss: 0.2646, Validation Set Manhattan Distance: 12.0, Mask Weight: 0.937
Epoch 561/20000, Train Loss: 0.2670, Validation Set Manhattan Distance: 12.0, Mask Weight: 0.937
Epoch 562/20000, Train Loss: 0.2630, Validation Set Manhattan Distance: 12.0, Mask Weight: 0.937
Epoch 563/20000, Train Loss: 0.2647, Validation Set Manhattan Distance: 12.0, Mask Weight: 0.937
Epoch 564/20000, Train Loss: 0.2641, Validation Set Manhattan Distance: 12.0, Mask Weight: 0.937
Epoch 565/20000, Train Loss: 0.2680, Validation Set Manhattan Distance: 12.0, Mask Weight: 0.937
Epoch 566/20000, Train Loss: 0.2628, Validation Set Manhattan Distance: 12.0, Mask Weight: 0.937
Epoch 567/20000, Train Loss: 0.2649, Validation Set Manhattan Distance: 12.0, Mask Weight: 0.937
Epoch 568/20000, Train Loss: 0.2638, Validation Set Manhattan Distance: 12.0, Mask Weight: 0.937
Epoch 569/20000, Train Loss: 0.2640, Validation Set Manhattan Distance: 12.0, Mask Weight: 0.937
Epoch 570/20000, Train Loss: 0.2651, Validation Set Manhattan Distance: 12.0, Mask Weight: 0.937
Epoch 571/20000, Train Loss: 0.2647, Validation Set Manhattan Distance: 12.0, Mask Weight: 0.937
Epoch 572/20000, Train Loss: 0.2659, Validation Set Manhattan Distance: 12.0, Mask Weight: 0.937
Epoch 573/20000, Train Loss: 0.2640, Validation Set Manhattan Distance: 12.0, Mask Weight: 0.937
Epoch 574/20000, Train Loss: 0.2670, Validation Set Manhattan Distance: 12.0, Mask Weight: 0.937
Epoch 575/20000, Train Loss: 0.2644, Validation Set Manhattan Distance: 12.0, Mask Weight: 0.937
Epoch 576/20000, Train Loss: 0.2646, Validation Set Manhattan Distance: 12.0, Mask Weight: 0.937
Epoch 577/20000, Train Loss: 0.2658, Validation Set Manhattan Distance: 12.0, Mask Weight: 0.937
Epoch 578/20000, Train Loss: 0.2661, Validation Set Manhattan Distance: 12.0, Mask Weight: 0.937
Epoch 579/20000, Train Loss: 0.2647, Validation Set Manhattan Distance: 12.0, Mask Weight: 0.937
Epoch 580/20000, Train Loss: 0.2680, Validation Set Manhattan Distance: 12.0, Mask Weight: 0.937
Epoch 581/20000, Train Loss: 0.2658, Validation Set Manhattan Distance: 12.0, Mask Weight: 0.937
Epoch 582/20000, Train Loss: 0.2652, Validation Set Manhattan Distance: 12.0, Mask Weight: 0.937
Epoch 583/20000, Train Loss: 0.2690, Validation Set Manhattan Distance: 12.0, Mask Weight: 0.937
Epoch 584/20000, Train Loss: 0.2648, Validation Set Manhattan Distance: 12.0, Mask Weight: 0.937
Epoch 585/20000, Train Loss: 0.2644, Validation Set Manhattan Distance: 12.0, Mask Weight: 0.937
Epoch 586/20000, Train Loss: 0.2650, Validation Set Manhattan Distance: 12.0, Mask Weight: 0.937
Epoch 587/20000, Train Loss: 0.2636, Validation Set Manhattan Distance: 12.0, Mask Weight: 0.937
Epoch 588/20000, Train Loss: 0.2640, Validation Set Manhattan Distance: 12.0, Mask Weight: 0.937
Epoch 589/20000, Train Loss: 0.2669, Validation Set Manhattan Distance: 12.0, Mask Weight: 0.937
Epoch 590/20000, Train Loss: 0.2659, Validation Set Manhattan Distance: 12.0, Mask Weight: 0.937
Epoch 591/20000, Train Loss: 0.2658, Validation Set Manhattan Distance: 12.0, Mask Weight: 0.937
Epoch 592/20000, Train Loss: 0.2642, Validation Set Manhattan Distance: 12.0, Mask Weight: 0.937
Epoch 593/20000, Train Loss: 0.2643, Validation Set Manhattan Distance: 12.0, Mask Weight: 0.937
Epoch 594/20000, Train Loss: 0.2656, Validation Set Manhattan Distance: 12.0, Mask Weight: 0.937
Epoch 595/20000, Train Loss: 0.2659, Validation Set Manhattan Distance: 12.0, Mask Weight: 0.937
Epoch 596/20000, Train Loss: 0.2665, Validation Set Manhattan Distance: 12.0, Mask Weight: 0.937
Epoch 597/20000, Train Loss: 0.2656, Validation Set Manhattan Distance: 12.0, Mask Weight: 0.937
Epoch 598/20000, Train Loss: 0.2648, Validation Set Manhattan Distance: 12.0, Mask Weight: 0.937
Epoch 599/20000, Train Loss: 0.2635, Validation Set Manhattan Distance: 12.0, Mask Weight: 0.937
Epoch 600/20000, Train Loss: 0.2654, Validation Set Manhattan Distance: 12.0, Mask Weight: 0.937
Epoch 601/20000, Train Loss: 0.2653, Validation Set Manhattan Distance: 12.0, Mask Weight: 0.937
Epoch 602/20000, Train Loss: 0.2647, Validation Set Manhattan Distance: 12.0, Mask Weight: 0.937
Epoch 603/20000, Train Loss: 0.2658, Validation Set Manhattan Distance: 12.0, Mask Weight: 0.937
Epoch 604/20000, Train Loss: 0.2670, Validation Set Manhattan Distance: 12.0, Mask Weight: 0.937
Epoch 605/20000, Train Loss: 0.2667, Validation Set Manhattan Distance: 12.0, Mask Weight: 0.937
Epoch 606/20000, Train Loss: 0.2671, Validation Set Manhattan Distance: 12.0, Mask Weight: 0.937
Epoch 607/20000, Train Loss: 0.2655, Validation Set Manhattan Distance: 12.0, Mask Weight: 0.937
Epoch 608/20000, Train Loss: 0.2673, Validation Set Manhattan Distance: 12.0, Mask Weight: 0.937
Epoch 609/20000, Train Loss: 0.2651, Validation Set Manhattan Distance: 12.0, Mask Weight: 0.937
Epoch 610/20000, Train Loss: 0.2654, Validation Set Manhattan Distance: 12.0, Mask Weight: 0.937
Epoch 611/20000, Train Loss: 0.2649, Validation Set Manhattan Distance: 12.0, Mask Weight: 0.937
Epoch 612/20000, Train Loss: 0.2647, Validation Set Manhattan Distance: 12.0, Mask Weight: 0.937
Epoch 613/20000, Train Loss: 0.2638, Validation Set Manhattan Distance: 12.0, Mask Weight: 0.937
Epoch 614/20000, Train Loss: 0.2649, Validation Set Manhattan Distance: 12.0, Mask Weight: 0.937
Epoch 615/20000, Train Loss: 0.2633, Validation Set Manhattan Distance: 12.0, Mask Weight: 0.937
Epoch 616/20000, Train Loss: 0.2638, Validation Set Manhattan Distance: 12.0, Mask Weight: 0.937
Epoch 617/20000, Train Loss: 0.2634, Validation Set Manhattan Distance: 12.0, Mask Weight: 0.937
Epoch 618/20000, Train Loss: 0.2676, Validation Set Manhattan Distance: 12.0, Mask Weight: 0.937
Epoch 619/20000, Train Loss: 0.2682, Validation Set Manhattan Distance: 12.0, Mask Weight: 0.937
Epoch 620/20000, Train Loss: 0.2643, Validation Set Manhattan Distance: 12.0, Mask Weight: 0.937
Epoch 621/20000, Train Loss: 0.2670, Validation Set Manhattan Distance: 12.0, Mask Weight: 0.937
Epoch 622/20000, Train Loss: 0.2639, Validation Set Manhattan Distance: 12.0, Mask Weight: 0.937
Epoch 623/20000, Train Loss: 0.2653, Validation Set Manhattan Distance: 12.0, Mask Weight: 0.937
Epoch 624/20000, Train Loss: 0.2627, Validation Set Manhattan Distance: 12.0, Mask Weight: 0.937
Epoch 625/20000, Train Loss: 0.2635, Validation Set Manhattan Distance: 12.0, Mask Weight: 0.937
Epoch 626/20000, Train Loss: 0.2647, Validation Set Manhattan Distance: 12.0, Mask Weight: 0.937
Epoch 627/20000, Train Loss: 0.2621, Validation Set Manhattan Distance: 12.0, Mask Weight: 0.937
Epoch 628/20000, Train Loss: 0.2671, Validation Set Manhattan Distance: 12.0, Mask Weight: 0.937
Epoch 629/20000, Train Loss: 0.2667, Validation Set Manhattan Distance: 12.0, Mask Weight: 0.937
Epoch 630/20000, Train Loss: 0.2636, Validation Set Manhattan Distance: 12.0, Mask Weight: 0.937
Epoch 631/20000, Train Loss: 0.2640, Validation Set Manhattan Distance: 12.0, Mask Weight: 0.937
Epoch 632/20000, Train Loss: 0.2636, Validation Set Manhattan Distance: 12.0, Mask Weight: 0.937
Epoch 633/20000, Train Loss: 0.2637, Validation Set Manhattan Distance: 12.0, Mask Weight: 0.937
Epoch 634/20000, Train Loss: 0.2634, Validation Set Manhattan Distance: 12.0, Mask Weight: 0.937
Epoch 635/20000, Train Loss: 0.2650, Validation Set Manhattan Distance: 12.0, Mask Weight: 0.937
Epoch 636/20000, Train Loss: 0.2641, Validation Set Manhattan Distance: 12.0, Mask Weight: 0.937
Epoch 637/20000, Train Loss: 0.2647, Validation Set Manhattan Distance: 12.0, Mask Weight: 0.937
Epoch 638/20000, Train Loss: 0.2661, Validation Set Manhattan Distance: 12.0, Mask Weight: 0.937
Epoch 639/20000, Train Loss: 0.2631, Validation Set Manhattan Distance: 12.0, Mask Weight: 0.937
Epoch 640/20000, Train Loss: 0.2655, Validation Set Manhattan Distance: 12.0, Mask Weight: 0.937
Epoch 641/20000, Train Loss: 0.2630, Validation Set Manhattan Distance: 12.0, Mask Weight: 0.937
Epoch 642/20000, Train Loss: 0.2644, Validation Set Manhattan Distance: 12.0, Mask Weight: 0.937
Epoch 643/20000, Train Loss: 0.2624, Validation Set Manhattan Distance: 12.0, Mask Weight: 0.937
Epoch 644/20000, Train Loss: 0.2663, Validation Set Manhattan Distance: 12.0, Mask Weight: 0.937
Epoch 645/20000, Train Loss: 0.2632, Validation Set Manhattan Distance: 12.0, Mask Weight: 0.937
Epoch 646/20000, Train Loss: 0.2653, Validation Set Manhattan Distance: 12.0, Mask Weight: 0.937
Epoch 647/20000, Train Loss: 0.2629, Validation Set Manhattan Distance: 12.0, Mask Weight: 0.937
Epoch 648/20000, Train Loss: 0.2633, Validation Set Manhattan Distance: 12.0, Mask Weight: 0.937
Epoch 649/20000, Train Loss: 0.2634, Validation Set Manhattan Distance: 12.0, Mask Weight: 0.937
Epoch 650/20000, Train Loss: 0.2639, Validation Set Manhattan Distance: 12.0, Mask Weight: 0.937
Epoch 651/20000, Train Loss: 0.2643, Validation Set Manhattan Distance: 12.0, Mask Weight: 0.937
Epoch 652/20000, Train Loss: 0.2636, Validation Set Manhattan Distance: 12.0, Mask Weight: 0.937
Epoch 653/20000, Train Loss: 0.2622, Validation Set Manhattan Distance: 12.0, Mask Weight: 0.937
Epoch 654/20000, Train Loss: 0.2647, Validation Set Manhattan Distance: 12.0, Mask Weight: 0.937
Epoch 655/20000, Train Loss: 0.2638, Validation Set Manhattan Distance: 12.0, Mask Weight: 0.937
Epoch 656/20000, Train Loss: 0.2637, Validation Set Manhattan Distance: 12.0, Mask Weight: 0.937
Epoch 657/20000, Train Loss: 0.2632, Validation Set Manhattan Distance: 12.0, Mask Weight: 0.937
Epoch 658/20000, Train Loss: 0.2643, Validation Set Manhattan Distance: 12.0, Mask Weight: 0.937
Epoch 659/20000, Train Loss: 0.2634, Validation Set Manhattan Distance: 12.0, Mask Weight: 0.937
Epoch 660/20000, Train Loss: 0.2634, Validation Set Manhattan Distance: 12.0, Mask Weight: 0.937
Epoch 661/20000, Train Loss: 0.2642, Validation Set Manhattan Distance: 12.0, Mask Weight: 0.937
Epoch 662/20000, Train Loss: 0.2627, Validation Set Manhattan Distance: 12.0, Mask Weight: 0.937
Epoch 663/20000, Train Loss: 0.2669, Validation Set Manhattan Distance: 12.0, Mask Weight: 0.937
Epoch 664/20000, Train Loss: 0.2626, Validation Set Manhattan Distance: 12.0, Mask Weight: 0.937
Epoch 665/20000, Train Loss: 0.2657, Validation Set Manhattan Distance: 12.0, Mask Weight: 0.937
Epoch 666/20000, Train Loss: 0.2640, Validation Set Manhattan Distance: 12.0, Mask Weight: 0.937
Epoch 667/20000, Train Loss: 0.2625, Validation Set Manhattan Distance: 12.0, Mask Weight: 0.937
Epoch 668/20000, Train Loss: 0.2650, Validation Set Manhattan Distance: 12.0, Mask Weight: 0.937
Epoch 669/20000, Train Loss: 0.2653, Validation Set Manhattan Distance: 12.0, Mask Weight: 0.937
Epoch 670/20000, Train Loss: 0.2640, Validation Set Manhattan Distance: 12.0, Mask Weight: 0.937
Epoch 671/20000, Train Loss: 0.2634, Validation Set Manhattan Distance: 12.0, Mask Weight: 0.937
Epoch 672/20000, Train Loss: 0.2629, Validation Set Manhattan Distance: 12.0, Mask Weight: 0.937
Epoch 673/20000, Train Loss: 0.2633, Validation Set Manhattan Distance: 12.0, Mask Weight: 0.937
Epoch 674/20000, Train Loss: 0.2629, Validation Set Manhattan Distance: 12.0, Mask Weight: 0.937
Epoch 675/20000, Train Loss: 0.2642, Validation Set Manhattan Distance: 12.0, Mask Weight: 0.937
Epoch 676/20000, Train Loss: 0.2633, Validation Set Manhattan Distance: 12.0, Mask Weight: 0.937
Epoch 677/20000, Train Loss: 0.2625, Validation Set Manhattan Distance: 12.0, Mask Weight: 0.937
Epoch 678/20000, Train Loss: 0.2646, Validation Set Manhattan Distance: 12.0, Mask Weight: 0.937
Epoch 679/20000, Train Loss: 0.2638, Validation Set Manhattan Distance: 12.0, Mask Weight: 0.937
Epoch 680/20000, Train Loss: 0.2649, Validation Set Manhattan Distance: 12.0, Mask Weight: 0.937
Epoch 681/20000, Train Loss: 0.2674, Validation Set Manhattan Distance: 12.0, Mask Weight: 0.937
Epoch 682/20000, Train Loss: 0.2654, Validation Set Manhattan Distance: 12.0, Mask Weight: 0.937
Epoch 683/20000, Train Loss: 0.2651, Validation Set Manhattan Distance: 12.0, Mask Weight: 0.937
Epoch 684/20000, Train Loss: 0.2647, Validation Set Manhattan Distance: 12.0, Mask Weight: 0.937
Epoch 685/20000, Train Loss: 0.2641, Validation Set Manhattan Distance: 12.0, Mask Weight: 0.937
Epoch 686/20000, Train Loss: 0.2649, Validation Set Manhattan Distance: 12.0, Mask Weight: 0.937
Epoch 687/20000, Train Loss: 0.2633, Validation Set Manhattan Distance: 12.0, Mask Weight: 0.937
Epoch 688/20000, Train Loss: 0.2649, Validation Set Manhattan Distance: 12.0, Mask Weight: 0.937
Epoch 689/20000, Train Loss: 0.2640, Validation Set Manhattan Distance: 12.0, Mask Weight: 0.937
Epoch 690/20000, Train Loss: 0.2632, Validation Set Manhattan Distance: 12.0, Mask Weight: 0.937
Epoch 691/20000, Train Loss: 0.2656, Validation Set Manhattan Distance: 12.0, Mask Weight: 0.937
Epoch 692/20000, Train Loss: 0.2642, Validation Set Manhattan Distance: 12.0, Mask Weight: 0.937
Epoch 693/20000, Train Loss: 0.2649, Validation Set Manhattan Distance: 12.0, Mask Weight: 0.937
Epoch 694/20000, Train Loss: 0.2656, Validation Set Manhattan Distance: 12.0, Mask Weight: 0.937
Epoch 695/20000, Train Loss: 0.2648, Validation Set Manhattan Distance: 12.0, Mask Weight: 0.937
Epoch 696/20000, Train Loss: 0.2672, Validation Set Manhattan Distance: 12.0, Mask Weight: 0.937
Epoch 697/20000, Train Loss: 0.2647, Validation Set Manhattan Distance: 12.0, Mask Weight: 0.937
Epoch 698/20000, Train Loss: 0.2651, Validation Set Manhattan Distance: 12.0, Mask Weight: 0.937
Epoch 699/20000, Train Loss: 0.2658, Validation Set Manhattan Distance: 12.0, Mask Weight: 0.937
Epoch 700/20000, Train Loss: 0.2638, Validation Set Manhattan Distance: 12.0, Mask Weight: 0.937
Epoch 701/20000, Train Loss: 0.2647, Validation Set Manhattan Distance: 12.0, Mask Weight: 0.937
Epoch 702/20000, Train Loss: 0.2637, Validation Set Manhattan Distance: 12.0, Mask Weight: 0.937
Epoch 703/20000, Train Loss: 0.2638, Validation Set Manhattan Distance: 12.0, Mask Weight: 0.937
Epoch 704/20000, Train Loss: 0.2649, Validation Set Manhattan Distance: 12.0, Mask Weight: 0.937
Epoch 705/20000, Train Loss: 0.2631, Validation Set Manhattan Distance: 12.0, Mask Weight: 0.937
Epoch 706/20000, Train Loss: 0.2630, Validation Set Manhattan Distance: 12.0, Mask Weight: 0.937
Epoch 707/20000, Train Loss: 0.2646, Validation Set Manhattan Distance: 12.0, Mask Weight: 0.937
Epoch 708/20000, Train Loss: 0.2664, Validation Set Manhattan Distance: 12.0, Mask Weight: 0.937
Epoch 709/20000, Train Loss: 0.2660, Validation Set Manhattan Distance: 12.0, Mask Weight: 0.937
Epoch 710/20000, Train Loss: 0.2644, Validation Set Manhattan Distance: 12.0, Mask Weight: 0.937
Epoch 711/20000, Train Loss: 0.2664, Validation Set Manhattan Distance: 12.0, Mask Weight: 0.937
Epoch 712/20000, Train Loss: 0.2671, Validation Set Manhattan Distance: 12.0, Mask Weight: 0.937
Epoch 713/20000, Train Loss: 0.2657, Validation Set Manhattan Distance: 12.0, Mask Weight: 0.937
Epoch 714/20000, Train Loss: 0.2670, Validation Set Manhattan Distance: 12.0, Mask Weight: 0.937
Epoch 715/20000, Train Loss: 0.2645, Validation Set Manhattan Distance: 12.0, Mask Weight: 0.937
Epoch 716/20000, Train Loss: 0.2639, Validation Set Manhattan Distance: 12.0, Mask Weight: 0.937
Epoch 717/20000, Train Loss: 0.2633, Validation Set Manhattan Distance: 12.0, Mask Weight: 0.937
Epoch 718/20000, Train Loss: 0.2631, Validation Set Manhattan Distance: 12.0, Mask Weight: 0.937
Epoch 719/20000, Train Loss: 0.2636, Validation Set Manhattan Distance: 12.0, Mask Weight: 0.937
Epoch 720/20000, Train Loss: 0.2628, Validation Set Manhattan Distance: 12.0, Mask Weight: 0.937
Epoch 721/20000, Train Loss: 0.2632, Validation Set Manhattan Distance: 12.0, Mask Weight: 0.937
Epoch 722/20000, Train Loss: 0.2633, Validation Set Manhattan Distance: 12.0, Mask Weight: 0.937
Epoch 723/20000, Train Loss: 0.2635, Validation Set Manhattan Distance: 12.0, Mask Weight: 0.937
Epoch 724/20000, Train Loss: 0.2626, Validation Set Manhattan Distance: 12.0, Mask Weight: 0.937
Epoch 725/20000, Train Loss: 0.2652, Validation Set Manhattan Distance: 12.0, Mask Weight: 0.937
Epoch 726/20000, Train Loss: 0.2650, Validation Set Manhattan Distance: 12.0, Mask Weight: 0.937
Epoch 727/20000, Train Loss: 0.2640, Validation Set Manhattan Distance: 12.0, Mask Weight: 0.937
Epoch 728/20000, Train Loss: 0.2630, Validation Set Manhattan Distance: 12.0, Mask Weight: 0.937
Epoch 729/20000, Train Loss: 0.2629, Validation Set Manhattan Distance: 12.0, Mask Weight: 0.937
Epoch 730/20000, Train Loss: 0.2629, Validation Set Manhattan Distance: 12.0, Mask Weight: 0.937
Epoch 731/20000, Train Loss: 0.2628, Validation Set Manhattan Distance: 12.0, Mask Weight: 0.937
Epoch 732/20000, Train Loss: 0.2627, Validation Set Manhattan Distance: 12.0, Mask Weight: 0.937
Epoch 733/20000, Train Loss: 0.2629, Validation Set Manhattan Distance: 12.0, Mask Weight: 0.937
Epoch 734/20000, Train Loss: 0.2628, Validation Set Manhattan Distance: 12.0, Mask Weight: 0.937
Epoch 735/20000, Train Loss: 0.2629, Validation Set Manhattan Distance: 12.0, Mask Weight: 0.937
Epoch 736/20000, Train Loss: 0.2635, Validation Set Manhattan Distance: 12.0, Mask Weight: 0.937
Epoch 737/20000, Train Loss: 0.2626, Validation Set Manhattan Distance: 12.0, Mask Weight: 0.937
Epoch 738/20000, Train Loss: 0.2633, Validation Set Manhattan Distance: 12.0, Mask Weight: 0.937
Epoch 739/20000, Train Loss: 0.2634, Validation Set Manhattan Distance: 12.0, Mask Weight: 0.937
Epoch 740/20000, Train Loss: 0.2623, Validation Set Manhattan Distance: 12.0, Mask Weight: 0.937
Epoch 741/20000, Train Loss: 0.2624, Validation Set Manhattan Distance: 12.0, Mask Weight: 0.937
Epoch 742/20000, Train Loss: 0.2638, Validation Set Manhattan Distance: 12.0, Mask Weight: 0.937
Epoch 743/20000, Train Loss: 0.2664, Validation Set Manhattan Distance: 12.0, Mask Weight: 0.937
Epoch 744/20000, Train Loss: 0.2617, Validation Set Manhattan Distance: 12.0, Mask Weight: 0.937
Epoch 745/20000, Train Loss: 0.2638, Validation Set Manhattan Distance: 12.0, Mask Weight: 0.937
Epoch 746/20000, Train Loss: 0.2625, Validation Set Manhattan Distance: 12.0, Mask Weight: 0.937
Epoch 747/20000, Train Loss: 0.2628, Validation Set Manhattan Distance: 12.0, Mask Weight: 0.937
Epoch 748/20000, Train Loss: 0.2627, Validation Set Manhattan Distance: 12.0, Mask Weight: 0.937
Epoch 749/20000, Train Loss: 0.2631, Validation Set Manhattan Distance: 12.0, Mask Weight: 0.937
Epoch 750/20000, Train Loss: 0.2638, Validation Set Manhattan Distance: 12.0, Mask Weight: 0.937
Epoch 751/20000, Train Loss: 0.2632, Validation Set Manhattan Distance: 12.0, Mask Weight: 0.937
Epoch 752/20000, Train Loss: 0.2646, Validation Set Manhattan Distance: 12.0, Mask Weight: 0.937
Epoch 753/20000, Train Loss: 0.2617, Validation Set Manhattan Distance: 12.0, Mask Weight: 0.937
Epoch 754/20000, Train Loss: 0.2633, Validation Set Manhattan Distance: 12.0, Mask Weight: 0.937
Epoch 755/20000, Train Loss: 0.2621, Validation Set Manhattan Distance: 12.0, Mask Weight: 0.937
Epoch 756/20000, Train Loss: 0.2648, Validation Set Manhattan Distance: 12.0, Mask Weight: 0.937
Epoch 757/20000, Train Loss: 0.2656, Validation Set Manhattan Distance: 12.0, Mask Weight: 0.937
Epoch 758/20000, Train Loss: 0.2648, Validation Set Manhattan Distance: 12.0, Mask Weight: 0.937
Epoch 759/20000, Train Loss: 0.2638, Validation Set Manhattan Distance: 12.0, Mask Weight: 0.937
Epoch 760/20000, Train Loss: 0.2647, Validation Set Manhattan Distance: 12.0, Mask Weight: 0.937
Epoch 761/20000, Train Loss: 0.2625, Validation Set Manhattan Distance: 12.0, Mask Weight: 0.937
Epoch 762/20000, Train Loss: 0.2635, Validation Set Manhattan Distance: 12.0, Mask Weight: 0.937
Epoch 763/20000, Train Loss: 0.2640, Validation Set Manhattan Distance: 12.0, Mask Weight: 0.937
Epoch 764/20000, Train Loss: 0.2633, Validation Set Manhattan Distance: 12.0, Mask Weight: 0.937
Epoch 765/20000, Train Loss: 0.2639, Validation Set Manhattan Distance: 12.0, Mask Weight: 0.937
Epoch 766/20000, Train Loss: 0.2658, Validation Set Manhattan Distance: 12.0, Mask Weight: 0.937
Epoch 767/20000, Train Loss: 0.2642, Validation Set Manhattan Distance: 12.0, Mask Weight: 0.937
Epoch 768/20000, Train Loss: 0.2634, Validation Set Manhattan Distance: 12.0, Mask Weight: 0.937
Epoch 769/20000, Train Loss: 0.2630, Validation Set Manhattan Distance: 12.0, Mask Weight: 0.937
Epoch 770/20000, Train Loss: 0.2636, Validation Set Manhattan Distance: 12.0, Mask Weight: 0.937
Epoch 771/20000, Train Loss: 0.2651, Validation Set Manhattan Distance: 12.0, Mask Weight: 0.937
Epoch 772/20000, Train Loss: 0.2651, Validation Set Manhattan Distance: 12.0, Mask Weight: 0.937
Epoch 773/20000, Train Loss: 0.2640, Validation Set Manhattan Distance: 12.0, Mask Weight: 0.937
Epoch 774/20000, Train Loss: 0.2634, Validation Set Manhattan Distance: 12.0, Mask Weight: 0.937
Epoch 775/20000, Train Loss: 0.2635, Validation Set Manhattan Distance: 12.0, Mask Weight: 0.937
Epoch 776/20000, Train Loss: 0.2637, Validation Set Manhattan Distance: 12.0, Mask Weight: 0.937
Epoch 777/20000, Train Loss: 0.2628, Validation Set Manhattan Distance: 12.0, Mask Weight: 0.937
Epoch 778/20000, Train Loss: 0.2629, Validation Set Manhattan Distance: 12.0, Mask Weight: 0.937
Epoch 779/20000, Train Loss: 0.2639, Validation Set Manhattan Distance: 12.0, Mask Weight: 0.937
Epoch 780/20000, Train Loss: 0.2642, Validation Set Manhattan Distance: 12.0, Mask Weight: 0.937
Epoch 781/20000, Train Loss: 0.2639, Validation Set Manhattan Distance: 12.0, Mask Weight: 0.937
Epoch 782/20000, Train Loss: 0.2634, Validation Set Manhattan Distance: 12.0, Mask Weight: 0.937
Epoch 783/20000, Train Loss: 0.2636, Validation Set Manhattan Distance: 12.0, Mask Weight: 0.937
Epoch 784/20000, Train Loss: 0.2643, Validation Set Manhattan Distance: 12.0, Mask Weight: 0.937
Epoch 785/20000, Train Loss: 0.2639, Validation Set Manhattan Distance: 12.0, Mask Weight: 0.937
Epoch 786/20000, Train Loss: 0.2624, Validation Set Manhattan Distance: 12.0, Mask Weight: 0.937
Epoch 787/20000, Train Loss: 0.2632, Validation Set Manhattan Distance: 12.0, Mask Weight: 0.937
Epoch 788/20000, Train Loss: 0.2628, Validation Set Manhattan Distance: 12.0, Mask Weight: 0.937
Epoch 789/20000, Train Loss: 0.2636, Validation Set Manhattan Distance: 12.0, Mask Weight: 0.937
Epoch 790/20000, Train Loss: 0.2633, Validation Set Manhattan Distance: 12.0, Mask Weight: 0.937
Epoch 791/20000, Train Loss: 0.2637, Validation Set Manhattan Distance: 12.0, Mask Weight: 0.937
Epoch 792/20000, Train Loss: 0.2632, Validation Set Manhattan Distance: 12.0, Mask Weight: 0.937
Epoch 793/20000, Train Loss: 0.2644, Validation Set Manhattan Distance: 12.0, Mask Weight: 0.937
Epoch 794/20000, Train Loss: 0.4959, Validation Set Manhattan Distance: 12.0, Mask Weight: 0.937
Epoch 795/20000, Train Loss: 0.8351, Validation Set Manhattan Distance: 12.0, Mask Weight: 0.937
Epoch 796/20000, Train Loss: 0.7906, Validation Set Manhattan Distance: 12.0, Mask Weight: 0.937
Epoch 797/20000, Train Loss: 0.7003, Validation Set Manhattan Distance: 12.0, Mask Weight: 0.937
Epoch 798/20000, Train Loss: 0.6079, Validation Set Manhattan Distance: 12.0, Mask Weight: 0.937
Epoch 799/20000, Train Loss: 0.5910, Validation Set Manhattan Distance: 12.0, Mask Weight: 0.937
Epoch 800/20000, Train Loss: 0.5576, Validation Set Manhattan Distance: 12.0, Mask Weight: 0.937
Epoch 801/20000, Train Loss: 0.5108, Validation Set Manhattan Distance: 12.0, Mask Weight: 0.937
Epoch 802/20000, Train Loss: 0.4751, Validation Set Manhattan Distance: 12.0, Mask Weight: 0.937
Epoch 803/20000, Train Loss: 0.4681, Validation Set Manhattan Distance: 12.0, Mask Weight: 0.937
Epoch 804/20000, Train Loss: 0.4598, Validation Set Manhattan Distance: 12.0, Mask Weight: 0.937
Epoch 805/20000, Train Loss: 0.4543, Validation Set Manhattan Distance: 12.0, Mask Weight: 0.937
Epoch 806/20000, Train Loss: 0.4492, Validation Set Manhattan Distance: 12.0, Mask Weight: 0.937
Epoch 807/20000, Train Loss: 0.4447, Validation Set Manhattan Distance: 12.0, Mask Weight: 0.937
Epoch 808/20000, Train Loss: 0.4346, Validation Set Manhattan Distance: 12.0, Mask Weight: 0.937
Epoch 809/20000, Train Loss: 0.4274, Validation Set Manhattan Distance: 12.0, Mask Weight: 0.937
Epoch 810/20000, Train Loss: 0.4193, Validation Set Manhattan Distance: 12.0, Mask Weight: 0.937
Epoch 811/20000, Train Loss: 0.4161, Validation Set Manhattan Distance: 12.0, Mask Weight: 0.937
Epoch 812/20000, Train Loss: 0.4092, Validation Set Manhattan Distance: 12.0, Mask Weight: 0.937
Epoch 813/20000, Train Loss: 0.3986, Validation Set Manhattan Distance: 12.0, Mask Weight: 0.937
Epoch 814/20000, Train Loss: 0.3881, Validation Set Manhattan Distance: 12.0, Mask Weight: 0.937
Epoch 815/20000, Train Loss: 0.3925, Validation Set Manhattan Distance: 12.0, Mask Weight: 0.937
Epoch 816/20000, Train Loss: 0.3741, Validation Set Manhattan Distance: 12.0, Mask Weight: 0.937
Epoch 817/20000, Train Loss: 0.3690, Validation Set Manhattan Distance: 12.0, Mask Weight: 0.937
Epoch 818/20000, Train Loss: 0.3541, Validation Set Manhattan Distance: 12.0, Mask Weight: 0.937
Epoch 819/20000, Train Loss: 0.3574, Validation Set Manhattan Distance: 12.0, Mask Weight: 0.937
Epoch 820/20000, Train Loss: 0.3457, Validation Set Manhattan Distance: 12.0, Mask Weight: 0.937
Epoch 821/20000, Train Loss: 0.3403, Validation Set Manhattan Distance: 12.0, Mask Weight: 0.937
Epoch 822/20000, Train Loss: 0.3366, Validation Set Manhattan Distance: 12.0, Mask Weight: 0.937
Epoch 823/20000, Train Loss: 0.4402, Validation Set Manhattan Distance: 12.0, Mask Weight: 0.937
Epoch 824/20000, Train Loss: 0.4100, Validation Set Manhattan Distance: 12.0, Mask Weight: 0.937
Epoch 825/20000, Train Loss: 0.4200, Validation Set Manhattan Distance: 12.0, Mask Weight: 0.937
Epoch 826/20000, Train Loss: 0.4061, Validation Set Manhattan Distance: 12.0, Mask Weight: 0.937
Epoch 827/20000, Train Loss: 0.4094, Validation Set Manhattan Distance: 12.0, Mask Weight: 0.937
Epoch 828/20000, Train Loss: 0.3791, Validation Set Manhattan Distance: 12.0, Mask Weight: 0.937
Epoch 829/20000, Train Loss: 0.3722, Validation Set Manhattan Distance: 12.0, Mask Weight: 0.937
Epoch 830/20000, Train Loss: 0.3573, Validation Set Manhattan Distance: 12.0, Mask Weight: 0.937
Epoch 831/20000, Train Loss: 0.3521, Validation Set Manhattan Distance: 12.0, Mask Weight: 0.937
Epoch 832/20000, Train Loss: 0.3524, Validation Set Manhattan Distance: 12.0, Mask Weight: 0.937
Epoch 833/20000, Train Loss: 0.3442, Validation Set Manhattan Distance: 12.0, Mask Weight: 0.937
Epoch 834/20000, Train Loss: 0.3351, Validation Set Manhattan Distance: 12.0, Mask Weight: 0.937
Epoch 835/20000, Train Loss: 0.3366, Validation Set Manhattan Distance: 12.0, Mask Weight: 0.937
Epoch 836/20000, Train Loss: 0.3387, Validation Set Manhattan Distance: 12.0, Mask Weight: 0.937
Epoch 837/20000, Train Loss: 0.3264, Validation Set Manhattan Distance: 12.0, Mask Weight: 0.937
Epoch 838/20000, Train Loss: 0.3182, Validation Set Manhattan Distance: 12.0, Mask Weight: 0.937
Epoch 839/20000, Train Loss: 0.3182, Validation Set Manhattan Distance: 12.0, Mask Weight: 0.937
Epoch 840/20000, Train Loss: 0.3156, Validation Set Manhattan Distance: 12.0, Mask Weight: 0.937
Epoch 841/20000, Train Loss: 0.3171, Validation Set Manhattan Distance: 12.0, Mask Weight: 0.937
Epoch 842/20000, Train Loss: 0.3126, Validation Set Manhattan Distance: 12.0, Mask Weight: 0.937
Epoch 843/20000, Train Loss: 0.3051, Validation Set Manhattan Distance: 12.0, Mask Weight: 0.937
Epoch 844/20000, Train Loss: 0.3065, Validation Set Manhattan Distance: 12.0, Mask Weight: 0.937
Epoch 845/20000, Train Loss: 0.3129, Validation Set Manhattan Distance: 12.0, Mask Weight: 0.937
Epoch 846/20000, Train Loss: 0.2974, Validation Set Manhattan Distance: 12.0, Mask Weight: 0.937
Epoch 847/20000, Train Loss: 0.3719, Validation Set Manhattan Distance: 12.0, Mask Weight: 0.937
Epoch 848/20000, Train Loss: 0.3742, Validation Set Manhattan Distance: 12.0, Mask Weight: 0.937
Epoch 849/20000, Train Loss: 0.3212, Validation Set Manhattan Distance: 12.0, Mask Weight: 0.937
Epoch 850/20000, Train Loss: 0.3135, Validation Set Manhattan Distance: 12.0, Mask Weight: 0.937
Epoch 851/20000, Train Loss: 0.3066, Validation Set Manhattan Distance: 12.0, Mask Weight: 0.937
Epoch 852/20000, Train Loss: 0.3030, Validation Set Manhattan Distance: 12.0, Mask Weight: 0.937
Epoch 853/20000, Train Loss: 0.2916, Validation Set Manhattan Distance: 12.0, Mask Weight: 0.937
Epoch 854/20000, Train Loss: 0.2908, Validation Set Manhattan Distance: 12.0, Mask Weight: 0.937
Epoch 855/20000, Train Loss: 0.2927, Validation Set Manhattan Distance: 12.0, Mask Weight: 0.937
Epoch 856/20000, Train Loss: 0.2968, Validation Set Manhattan Distance: 12.0, Mask Weight: 0.937
Epoch 857/20000, Train Loss: 0.2897, Validation Set Manhattan Distance: 12.0, Mask Weight: 0.937
Epoch 858/20000, Train Loss: 0.2872, Validation Set Manhattan Distance: 12.0, Mask Weight: 0.937
Epoch 859/20000, Train Loss: 0.2943, Validation Set Manhattan Distance: 12.0, Mask Weight: 0.937
Epoch 860/20000, Train Loss: 0.3196, Validation Set Manhattan Distance: 12.0, Mask Weight: 0.937
Epoch 861/20000, Train Loss: 0.2998, Validation Set Manhattan Distance: 12.0, Mask Weight: 0.937
Epoch 862/20000, Train Loss: 0.3173, Validation Set Manhattan Distance: 12.0, Mask Weight: 0.937
Epoch 863/20000, Train Loss: 0.3523, Validation Set Manhattan Distance: 12.0, Mask Weight: 0.937
Epoch 864/20000, Train Loss: 0.3581, Validation Set Manhattan Distance: 12.0, Mask Weight: 0.937
Epoch 865/20000, Train Loss: 0.3367, Validation Set Manhattan Distance: 12.0, Mask Weight: 0.937
Epoch 866/20000, Train Loss: 0.2983, Validation Set Manhattan Distance: 12.0, Mask Weight: 0.937
Epoch 867/20000, Train Loss: 0.2882, Validation Set Manhattan Distance: 12.0, Mask Weight: 0.937
Epoch 868/20000, Train Loss: 0.2822, Validation Set Manhattan Distance: 12.0, Mask Weight: 0.937
Epoch 869/20000, Train Loss: 0.2827, Validation Set Manhattan Distance: 12.0, Mask Weight: 0.937
Epoch 870/20000, Train Loss: 0.2803, Validation Set Manhattan Distance: 12.0, Mask Weight: 0.937
Epoch 871/20000, Train Loss: 0.2781, Validation Set Manhattan Distance: 12.0, Mask Weight: 0.937
Epoch 872/20000, Train Loss: 0.2755, Validation Set Manhattan Distance: 12.0, Mask Weight: 0.937
Epoch 873/20000, Train Loss: 0.2742, Validation Set Manhattan Distance: 12.0, Mask Weight: 0.937
Epoch 874/20000, Train Loss: 0.2731, Validation Set Manhattan Distance: 12.0, Mask Weight: 0.937
Epoch 875/20000, Train Loss: 0.2717, Validation Set Manhattan Distance: 12.0, Mask Weight: 0.937
Epoch 876/20000, Train Loss: 0.2731, Validation Set Manhattan Distance: 12.0, Mask Weight: 0.937
Epoch 877/20000, Train Loss: 0.2745, Validation Set Manhattan Distance: 12.0, Mask Weight: 0.937
Epoch 878/20000, Train Loss: 0.2684, Validation Set Manhattan Distance: 12.0, Mask Weight: 0.937
Epoch 879/20000, Train Loss: 0.2696, Validation Set Manhattan Distance: 12.0, Mask Weight: 0.937
Epoch 880/20000, Train Loss: 0.2688, Validation Set Manhattan Distance: 12.0, Mask Weight: 0.937
Epoch 881/20000, Train Loss: 0.2666, Validation Set Manhattan Distance: 12.0, Mask Weight: 0.937
Epoch 882/20000, Train Loss: 0.2691, Validation Set Manhattan Distance: 12.0, Mask Weight: 0.937
Epoch 883/20000, Train Loss: 0.2697, Validation Set Manhattan Distance: 12.0, Mask Weight: 0.937
Epoch 884/20000, Train Loss: 0.2691, Validation Set Manhattan Distance: 12.0, Mask Weight: 0.937
Epoch 885/20000, Train Loss: 0.2662, Validation Set Manhattan Distance: 12.0, Mask Weight: 0.937
Epoch 886/20000, Train Loss: 0.3064, Validation Set Manhattan Distance: 12.0, Mask Weight: 0.937
Epoch 887/20000, Train Loss: 0.3623, Validation Set Manhattan Distance: 12.0, Mask Weight: 0.937
Epoch 888/20000, Train Loss: 0.3910, Validation Set Manhattan Distance: 12.0, Mask Weight: 0.937
Epoch 889/20000, Train Loss: 0.3292, Validation Set Manhattan Distance: 12.0, Mask Weight: 0.937
Epoch 890/20000, Train Loss: 0.2961, Validation Set Manhattan Distance: 12.0, Mask Weight: 0.937
Epoch 891/20000, Train Loss: 0.2892, Validation Set Manhattan Distance: 12.0, Mask Weight: 0.937
Epoch 892/20000, Train Loss: 0.2855, Validation Set Manhattan Distance: 12.0, Mask Weight: 0.937
Epoch 893/20000, Train Loss: 0.2883, Validation Set Manhattan Distance: 12.0, Mask Weight: 0.937
Epoch 894/20000, Train Loss: 0.2853, Validation Set Manhattan Distance: 12.0, Mask Weight: 0.937
Epoch 895/20000, Train Loss: 0.2753, Validation Set Manhattan Distance: 12.0, Mask Weight: 0.937
Epoch 896/20000, Train Loss: 0.2729, Validation Set Manhattan Distance: 12.0, Mask Weight: 0.937
Epoch 897/20000, Train Loss: 0.2717, Validation Set Manhattan Distance: 12.0, Mask Weight: 0.937
Epoch 898/20000, Train Loss: 0.2702, Validation Set Manhattan Distance: 12.0, Mask Weight: 0.937
Epoch 899/20000, Train Loss: 0.2693, Validation Set Manhattan Distance: 12.0, Mask Weight: 0.937
Epoch 900/20000, Train Loss: 0.2688, Validation Set Manhattan Distance: 12.0, Mask Weight: 0.937
Epoch 901/20000, Train Loss: 0.2676, Validation Set Manhattan Distance: 12.0, Mask Weight: 0.937
Epoch 902/20000, Train Loss: 0.2662, Validation Set Manhattan Distance: 12.0, Mask Weight: 0.937
Epoch 903/20000, Train Loss: 0.2690, Validation Set Manhattan Distance: 12.0, Mask Weight: 0.937
Epoch 904/20000, Train Loss: 0.2692, Validation Set Manhattan Distance: 12.0, Mask Weight: 0.937
Epoch 905/20000, Train Loss: 0.2681, Validation Set Manhattan Distance: 12.0, Mask Weight: 0.937
Epoch 906/20000, Train Loss: 0.2674, Validation Set Manhattan Distance: 12.0, Mask Weight: 0.937
Epoch 907/20000, Train Loss: 0.2664, Validation Set Manhattan Distance: 12.0, Mask Weight: 0.937
Epoch 908/20000, Train Loss: 0.2656, Validation Set Manhattan Distance: 12.0, Mask Weight: 0.937
Epoch 909/20000, Train Loss: 0.2657, Validation Set Manhattan Distance: 12.0, Mask Weight: 0.937
Epoch 910/20000, Train Loss: 0.2643, Validation Set Manhattan Distance: 12.0, Mask Weight: 0.937
Epoch 911/20000, Train Loss: 0.2652, Validation Set Manhattan Distance: 12.0, Mask Weight: 0.937
Epoch 912/20000, Train Loss: 0.2650, Validation Set Manhattan Distance: 12.0, Mask Weight: 0.937
Epoch 913/20000, Train Loss: 0.2639, Validation Set Manhattan Distance: 12.0, Mask Weight: 0.937
Epoch 914/20000, Train Loss: 0.2633, Validation Set Manhattan Distance: 12.0, Mask Weight: 0.937
Epoch 915/20000, Train Loss: 0.2649, Validation Set Manhattan Distance: 12.0, Mask Weight: 0.937
Epoch 916/20000, Train Loss: 0.2637, Validation Set Manhattan Distance: 12.0, Mask Weight: 0.937
Epoch 917/20000, Train Loss: 0.2643, Validation Set Manhattan Distance: 12.0, Mask Weight: 0.937
Epoch 918/20000, Train Loss: 0.2628, Validation Set Manhattan Distance: 12.0, Mask Weight: 0.937
Epoch 919/20000, Train Loss: 0.2640, Validation Set Manhattan Distance: 12.0, Mask Weight: 0.937
Epoch 920/20000, Train Loss: 0.2643, Validation Set Manhattan Distance: 12.0, Mask Weight: 0.937
Epoch 921/20000, Train Loss: 0.2616, Validation Set Manhattan Distance: 12.0, Mask Weight: 0.937
Epoch 922/20000, Train Loss: 0.2624, Validation Set Manhattan Distance: 12.0, Mask Weight: 0.937
Epoch 923/20000, Train Loss: 0.2632, Validation Set Manhattan Distance: 12.0, Mask Weight: 0.937
Epoch 924/20000, Train Loss: 0.2652, Validation Set Manhattan Distance: 12.0, Mask Weight: 0.937
Epoch 925/20000, Train Loss: 0.2651, Validation Set Manhattan Distance: 12.0, Mask Weight: 0.937
Epoch 926/20000, Train Loss: 0.2674, Validation Set Manhattan Distance: 12.0, Mask Weight: 0.937
Epoch 927/20000, Train Loss: 0.2648, Validation Set Manhattan Distance: 12.0, Mask Weight: 0.937