Using device: cuda
Starting training with gradient-based adaptive weighted mask...
Epoch 1/20000, Train Loss: 61.2763, Validation Set Manhattan Distance: 588.0, Mask Weight: 1.000
  -> New best Validation Set Manhattan Distance: 588.0. Model saved.
Epoch 2/20000, Train Loss: 45.2943, Validation Set Manhattan Distance: 588.0, Mask Weight: 1.000
Epoch 3/20000, Train Loss: 36.6030, Validation Set Manhattan Distance: 588.0, Mask Weight: 1.000
Epoch 4/20000, Train Loss: 30.1197, Validation Set Manhattan Distance: 588.0, Mask Weight: 1.000
Epoch 5/20000, Train Loss: 25.2448, Validation Set Manhattan Distance: 588.0, Mask Weight: 1.000
Epoch 6/20000, Train Loss: 21.2283, Validation Set Manhattan Distance: 588.0, Mask Weight: 1.000
Epoch 7/20000, Train Loss: 17.8898, Validation Set Manhattan Distance: 588.0, Mask Weight: 1.000
Epoch 8/20000, Train Loss: 15.0690, Validation Set Manhattan Distance: 588.0, Mask Weight: 1.000
Epoch 9/20000, Train Loss: 12.6581, Validation Set Manhattan Distance: 588.0, Mask Weight: 1.000
Epoch 10/20000, Train Loss: 10.6146, Validation Set Manhattan Distance: 588.0, Mask Weight: 1.000
Epoch 11/20000, Train Loss: 8.8886, Validation Set Manhattan Distance: 588.0, Mask Weight: 1.000
Epoch 12/20000, Train Loss: 7.4311, Validation Set Manhattan Distance: 588.0, Mask Weight: 1.000
Epoch 13/20000, Train Loss: 6.2052, Validation Set Manhattan Distance: 588.0, Mask Weight: 1.000
Epoch 14/20000, Train Loss: 5.1751, Validation Set Manhattan Distance: 588.0, Mask Weight: 1.000
Epoch 15/20000, Train Loss: 4.3124, Validation Set Manhattan Distance: 588.0, Mask Weight: 1.000
Epoch 16/20000, Train Loss: 3.5904, Validation Set Manhattan Distance: 588.0, Mask Weight: 1.000
Epoch 17/20000, Train Loss: 2.9878, Validation Set Manhattan Distance: 588.0, Mask Weight: 1.000
Epoch 18/20000, Train Loss: 2.4855, Validation Set Manhattan Distance: 588.0, Mask Weight: 1.000
Epoch 19/20000, Train Loss: 2.0626, Validation Set Manhattan Distance: 588.0, Mask Weight: 1.000
Epoch 20/20000, Train Loss: 1.7125, Validation Set Manhattan Distance: 588.0, Mask Weight: 1.000
Epoch 21/20000, Train Loss: 1.4212, Validation Set Manhattan Distance: 588.0, Mask Weight: 1.000
Epoch 22/20000, Train Loss: 1.1778, Validation Set Manhattan Distance: 588.0, Mask Weight: 1.000
Epoch 23/20000, Train Loss: 0.9777, Validation Set Manhattan Distance: 588.0, Mask Weight: 1.000
Epoch 24/20000, Train Loss: 0.8091, Validation Set Manhattan Distance: 588.0, Mask Weight: 1.000
Epoch 25/20000, Train Loss: 0.6698, Validation Set Manhattan Distance: 588.0, Mask Weight: 1.000
Epoch 26/20000, Train Loss: 0.5542, Validation Set Manhattan Distance: 588.0, Mask Weight: 1.000
Epoch 27/20000, Train Loss: 0.4585, Validation Set Manhattan Distance: 588.0, Mask Weight: 1.000
Epoch 28/20000, Train Loss: 0.3773, Validation Set Manhattan Distance: 588.0, Mask Weight: 1.000
Epoch 29/20000, Train Loss: 0.3109, Validation Set Manhattan Distance: 588.0, Mask Weight: 1.000
Epoch 30/20000, Train Loss: 0.2559, Validation Set Manhattan Distance: 588.0, Mask Weight: 1.000
Epoch 31/20000, Train Loss: 0.2108, Validation Set Manhattan Distance: 588.0, Mask Weight: 1.000
Epoch 32/20000, Train Loss: 0.1732, Validation Set Manhattan Distance: 588.0, Mask Weight: 1.000
Epoch 33/20000, Train Loss: 0.1415, Validation Set Manhattan Distance: 588.0, Mask Weight: 1.000
Epoch 34/20000, Train Loss: 0.1163, Validation Set Manhattan Distance: 588.0, Mask Weight: 1.000
  -> Train loss below 0.1. Mask weight reduction is now enabled.
Epoch 35/20000, Train Loss: 0.0980, Validation Set Manhattan Distance: 588.0, Mask Weight: 1.000
  -> Validation Set Manhattan Distance did not improve for 10 epochs.
  -> Unmasked Loss (Gradient Magnitude): 1.7881, Calculated Decrement: 0.0028
  -> Reducing mask weight to 0.997.
  -> Mask weight reduction is now disabled until train loss is below 0.001 again.
Epoch 36/20000, Train Loss: 0.3174, Validation Set Manhattan Distance: 46.0, Mask Weight: 0.997
  -> New best Validation Set Manhattan Distance: 46.0. Model saved.
  -> Train loss below 0.1. Mask weight reduction is now enabled.
Epoch 37/20000, Train Loss: 0.0952, Validation Set Manhattan Distance: 12.0, Mask Weight: 0.997
  -> New best Validation Set Manhattan Distance: 12.0. Model saved.
Epoch 38/20000, Train Loss: 0.0815, Validation Set Manhattan Distance: 12.0, Mask Weight: 0.997
Epoch 39/20000, Train Loss: 0.0707, Validation Set Manhattan Distance: 12.0, Mask Weight: 0.997
Epoch 40/20000, Train Loss: 0.0633, Validation Set Manhattan Distance: 12.0, Mask Weight: 0.997
Epoch 41/20000, Train Loss: 0.0566, Validation Set Manhattan Distance: 12.0, Mask Weight: 0.997
Epoch 42/20000, Train Loss: 0.0510, Validation Set Manhattan Distance: 12.0, Mask Weight: 0.997
Epoch 43/20000, Train Loss: 0.0470, Validation Set Manhattan Distance: 12.0, Mask Weight: 0.997
Epoch 44/20000, Train Loss: 0.0446, Validation Set Manhattan Distance: 12.0, Mask Weight: 0.997
Epoch 45/20000, Train Loss: 0.0412, Validation Set Manhattan Distance: 12.0, Mask Weight: 0.997
Epoch 46/20000, Train Loss: 0.0396, Validation Set Manhattan Distance: 12.0, Mask Weight: 0.997
Epoch 47/20000, Train Loss: 0.0380, Validation Set Manhattan Distance: 12.0, Mask Weight: 0.997
  -> Validation Set Manhattan Distance did not improve for 10 epochs.
  -> Unmasked Loss (Gradient Magnitude): 0.0965, Calculated Decrement: 0.0518
  -> Reducing mask weight to 0.945.
  -> Mask weight reduction is now disabled until train loss is below 0.001 again.
Epoch 48/20000, Train Loss: 0.5372, Validation Set Manhattan Distance: 12.0, Mask Weight: 0.945
Epoch 49/20000, Train Loss: 0.5250, Validation Set Manhattan Distance: 12.0, Mask Weight: 0.945
Epoch 50/20000, Train Loss: 0.5224, Validation Set Manhattan Distance: 12.0, Mask Weight: 0.945
Epoch 51/20000, Train Loss: 0.5151, Validation Set Manhattan Distance: 12.0, Mask Weight: 0.945
Epoch 52/20000, Train Loss: 0.5115, Validation Set Manhattan Distance: 12.0, Mask Weight: 0.945
Epoch 53/20000, Train Loss: 0.5165, Validation Set Manhattan Distance: 12.0, Mask Weight: 0.945
Epoch 54/20000, Train Loss: 0.5075, Validation Set Manhattan Distance: 12.0, Mask Weight: 0.945
Epoch 55/20000, Train Loss: 0.5073, Validation Set Manhattan Distance: 12.0, Mask Weight: 0.945
Epoch 56/20000, Train Loss: 0.5047, Validation Set Manhattan Distance: 12.0, Mask Weight: 0.945
Epoch 57/20000, Train Loss: 0.5084, Validation Set Manhattan Distance: 12.0, Mask Weight: 0.945
Epoch 58/20000, Train Loss: 0.5039, Validation Set Manhattan Distance: 12.0, Mask Weight: 0.945
Epoch 59/20000, Train Loss: 0.4990, Validation Set Manhattan Distance: 12.0, Mask Weight: 0.945
Epoch 60/20000, Train Loss: 0.4977, Validation Set Manhattan Distance: 12.0, Mask Weight: 0.945
Epoch 61/20000, Train Loss: 0.4964, Validation Set Manhattan Distance: 12.0, Mask Weight: 0.945
Epoch 62/20000, Train Loss: 0.4867, Validation Set Manhattan Distance: 12.0, Mask Weight: 0.945
Epoch 63/20000, Train Loss: 0.4847, Validation Set Manhattan Distance: 12.0, Mask Weight: 0.945
Epoch 64/20000, Train Loss: 0.4674, Validation Set Manhattan Distance: 12.0, Mask Weight: 0.945
Epoch 65/20000, Train Loss: 0.4357, Validation Set Manhattan Distance: 12.0, Mask Weight: 0.945
Epoch 66/20000, Train Loss: 0.4120, Validation Set Manhattan Distance: 12.0, Mask Weight: 0.945
Epoch 67/20000, Train Loss: 0.3915, Validation Set Manhattan Distance: 12.0, Mask Weight: 0.945
Epoch 68/20000, Train Loss: 0.3732, Validation Set Manhattan Distance: 12.0, Mask Weight: 0.945
Epoch 69/20000, Train Loss: 0.3751, Validation Set Manhattan Distance: 12.0, Mask Weight: 0.945
Epoch 70/20000, Train Loss: 0.3534, Validation Set Manhattan Distance: 12.0, Mask Weight: 0.945
Epoch 71/20000, Train Loss: 0.3425, Validation Set Manhattan Distance: 12.0, Mask Weight: 0.945
Epoch 72/20000, Train Loss: 0.3406, Validation Set Manhattan Distance: 12.0, Mask Weight: 0.945
Epoch 73/20000, Train Loss: 0.3292, Validation Set Manhattan Distance: 12.0, Mask Weight: 0.945
Epoch 74/20000, Train Loss: 0.3655, Validation Set Manhattan Distance: 12.0, Mask Weight: 0.945
Epoch 75/20000, Train Loss: 0.3180, Validation Set Manhattan Distance: 12.0, Mask Weight: 0.945
Epoch 76/20000, Train Loss: 0.3191, Validation Set Manhattan Distance: 12.0, Mask Weight: 0.945
Epoch 77/20000, Train Loss: 0.3125, Validation Set Manhattan Distance: 12.0, Mask Weight: 0.945
Epoch 78/20000, Train Loss: 0.3021, Validation Set Manhattan Distance: 12.0, Mask Weight: 0.945
Epoch 79/20000, Train Loss: 0.3086, Validation Set Manhattan Distance: 12.0, Mask Weight: 0.945
Epoch 80/20000, Train Loss: 0.3057, Validation Set Manhattan Distance: 12.0, Mask Weight: 0.945
Epoch 81/20000, Train Loss: 0.2878, Validation Set Manhattan Distance: 12.0, Mask Weight: 0.945
Epoch 82/20000, Train Loss: 0.2963, Validation Set Manhattan Distance: 12.0, Mask Weight: 0.945
Epoch 83/20000, Train Loss: 0.3181, Validation Set Manhattan Distance: 12.0, Mask Weight: 0.945
Epoch 84/20000, Train Loss: 0.3567, Validation Set Manhattan Distance: 12.0, Mask Weight: 0.945
Epoch 85/20000, Train Loss: 0.3291, Validation Set Manhattan Distance: 12.0, Mask Weight: 0.945
Epoch 86/20000, Train Loss: 0.3212, Validation Set Manhattan Distance: 12.0, Mask Weight: 0.945
Epoch 87/20000, Train Loss: 0.3191, Validation Set Manhattan Distance: 12.0, Mask Weight: 0.945
Epoch 88/20000, Train Loss: 0.3035, Validation Set Manhattan Distance: 12.0, Mask Weight: 0.945
Epoch 89/20000, Train Loss: 0.2934, Validation Set Manhattan Distance: 12.0, Mask Weight: 0.945
Epoch 90/20000, Train Loss: 0.2881, Validation Set Manhattan Distance: 12.0, Mask Weight: 0.945
Epoch 91/20000, Train Loss: 0.2802, Validation Set Manhattan Distance: 12.0, Mask Weight: 0.945
Epoch 92/20000, Train Loss: 0.2792, Validation Set Manhattan Distance: 12.0, Mask Weight: 0.945
Epoch 93/20000, Train Loss: 0.2680, Validation Set Manhattan Distance: 12.0, Mask Weight: 0.945
Epoch 94/20000, Train Loss: 0.2712, Validation Set Manhattan Distance: 12.0, Mask Weight: 0.945
Epoch 95/20000, Train Loss: 0.2589, Validation Set Manhattan Distance: 12.0, Mask Weight: 0.945
Epoch 96/20000, Train Loss: 0.2677, Validation Set Manhattan Distance: 12.0, Mask Weight: 0.945
Epoch 97/20000, Train Loss: 0.3092, Validation Set Manhattan Distance: 12.0, Mask Weight: 0.945
Epoch 98/20000, Train Loss: 0.2882, Validation Set Manhattan Distance: 12.0, Mask Weight: 0.945
Epoch 99/20000, Train Loss: 0.2585, Validation Set Manhattan Distance: 12.0, Mask Weight: 0.945
Epoch 100/20000, Train Loss: 0.2625, Validation Set Manhattan Distance: 12.0, Mask Weight: 0.945
Epoch 101/20000, Train Loss: 0.2980, Validation Set Manhattan Distance: 12.0, Mask Weight: 0.945
Epoch 102/20000, Train Loss: 0.3150, Validation Set Manhattan Distance: 12.0, Mask Weight: 0.945
Epoch 103/20000, Train Loss: 0.3041, Validation Set Manhattan Distance: 12.0, Mask Weight: 0.945
Epoch 104/20000, Train Loss: 0.2809, Validation Set Manhattan Distance: 12.0, Mask Weight: 0.945
Epoch 105/20000, Train Loss: 0.2750, Validation Set Manhattan Distance: 12.0, Mask Weight: 0.945
Epoch 106/20000, Train Loss: 0.2613, Validation Set Manhattan Distance: 12.0, Mask Weight: 0.945
Epoch 107/20000, Train Loss: 0.2583, Validation Set Manhattan Distance: 12.0, Mask Weight: 0.945
Epoch 108/20000, Train Loss: 0.2538, Validation Set Manhattan Distance: 12.0, Mask Weight: 0.945
Epoch 109/20000, Train Loss: 0.2552, Validation Set Manhattan Distance: 12.0, Mask Weight: 0.945
Epoch 110/20000, Train Loss: 0.2518, Validation Set Manhattan Distance: 12.0, Mask Weight: 0.945
Epoch 111/20000, Train Loss: 0.2520, Validation Set Manhattan Distance: 12.0, Mask Weight: 0.945
Epoch 112/20000, Train Loss: 0.2517, Validation Set Manhattan Distance: 12.0, Mask Weight: 0.945
Epoch 113/20000, Train Loss: 0.2951, Validation Set Manhattan Distance: 12.0, Mask Weight: 0.945
Epoch 114/20000, Train Loss: 0.4008, Validation Set Manhattan Distance: 12.0, Mask Weight: 0.945
Epoch 115/20000, Train Loss: 0.3610, Validation Set Manhattan Distance: 12.0, Mask Weight: 0.945
Epoch 116/20000, Train Loss: 0.2940, Validation Set Manhattan Distance: 12.0, Mask Weight: 0.945
Epoch 117/20000, Train Loss: 0.2803, Validation Set Manhattan Distance: 12.0, Mask Weight: 0.945
Epoch 118/20000, Train Loss: 0.2781, Validation Set Manhattan Distance: 12.0, Mask Weight: 0.945
Epoch 119/20000, Train Loss: 0.2643, Validation Set Manhattan Distance: 12.0, Mask Weight: 0.945
Epoch 120/20000, Train Loss: 0.2619, Validation Set Manhattan Distance: 12.0, Mask Weight: 0.945
Epoch 121/20000, Train Loss: 0.2579, Validation Set Manhattan Distance: 12.0, Mask Weight: 0.945
Epoch 122/20000, Train Loss: 0.2560, Validation Set Manhattan Distance: 12.0, Mask Weight: 0.945
Epoch 123/20000, Train Loss: 0.2551, Validation Set Manhattan Distance: 12.0, Mask Weight: 0.945
Epoch 124/20000, Train Loss: 0.2514, Validation Set Manhattan Distance: 12.0, Mask Weight: 0.945
Epoch 125/20000, Train Loss: 0.2528, Validation Set Manhattan Distance: 12.0, Mask Weight: 0.945
Epoch 126/20000, Train Loss: 0.2679, Validation Set Manhattan Distance: 12.0, Mask Weight: 0.945
Epoch 127/20000, Train Loss: 0.2530, Validation Set Manhattan Distance: 12.0, Mask Weight: 0.945
Epoch 128/20000, Train Loss: 0.2465, Validation Set Manhattan Distance: 12.0, Mask Weight: 0.945
Epoch 129/20000, Train Loss: 0.2531, Validation Set Manhattan Distance: 12.0, Mask Weight: 0.945
Epoch 130/20000, Train Loss: 0.2476, Validation Set Manhattan Distance: 12.0, Mask Weight: 0.945
Epoch 131/20000, Train Loss: 0.2412, Validation Set Manhattan Distance: 12.0, Mask Weight: 0.945
Epoch 132/20000, Train Loss: 0.2425, Validation Set Manhattan Distance: 12.0, Mask Weight: 0.945
Epoch 133/20000, Train Loss: 0.2409, Validation Set Manhattan Distance: 12.0, Mask Weight: 0.945
Epoch 134/20000, Train Loss: 0.2431, Validation Set Manhattan Distance: 12.0, Mask Weight: 0.945
Epoch 135/20000, Train Loss: 0.2450, Validation Set Manhattan Distance: 12.0, Mask Weight: 0.945
Epoch 136/20000, Train Loss: 0.2474, Validation Set Manhattan Distance: 12.0, Mask Weight: 0.945
Epoch 137/20000, Train Loss: 0.2436, Validation Set Manhattan Distance: 12.0, Mask Weight: 0.945
Epoch 138/20000, Train Loss: 0.2399, Validation Set Manhattan Distance: 12.0, Mask Weight: 0.945
Epoch 139/20000, Train Loss: 0.2405, Validation Set Manhattan Distance: 12.0, Mask Weight: 0.945
Epoch 140/20000, Train Loss: 0.2431, Validation Set Manhattan Distance: 12.0, Mask Weight: 0.945
Epoch 141/20000, Train Loss: 0.2387, Validation Set Manhattan Distance: 12.0, Mask Weight: 0.945
Epoch 142/20000, Train Loss: 0.2394, Validation Set Manhattan Distance: 12.0, Mask Weight: 0.945
Epoch 143/20000, Train Loss: 0.2389, Validation Set Manhattan Distance: 12.0, Mask Weight: 0.945
Epoch 144/20000, Train Loss: 0.2416, Validation Set Manhattan Distance: 12.0, Mask Weight: 0.945
Epoch 145/20000, Train Loss: 0.2464, Validation Set Manhattan Distance: 12.0, Mask Weight: 0.945
Epoch 146/20000, Train Loss: 0.2455, Validation Set Manhattan Distance: 12.0, Mask Weight: 0.945
Epoch 147/20000, Train Loss: 0.2411, Validation Set Manhattan Distance: 12.0, Mask Weight: 0.945
Epoch 148/20000, Train Loss: 0.2377, Validation Set Manhattan Distance: 12.0, Mask Weight: 0.945
Epoch 149/20000, Train Loss: 0.2382, Validation Set Manhattan Distance: 12.0, Mask Weight: 0.945
Epoch 150/20000, Train Loss: 0.2389, Validation Set Manhattan Distance: 12.0, Mask Weight: 0.945
Epoch 151/20000, Train Loss: 0.2383, Validation Set Manhattan Distance: 12.0, Mask Weight: 0.945
Epoch 152/20000, Train Loss: 0.2424, Validation Set Manhattan Distance: 12.0, Mask Weight: 0.945
Epoch 153/20000, Train Loss: 0.2380, Validation Set Manhattan Distance: 12.0, Mask Weight: 0.945
Epoch 154/20000, Train Loss: 0.2400, Validation Set Manhattan Distance: 12.0, Mask Weight: 0.945
Epoch 155/20000, Train Loss: 0.2365, Validation Set Manhattan Distance: 12.0, Mask Weight: 0.945
Epoch 156/20000, Train Loss: 0.2383, Validation Set Manhattan Distance: 12.0, Mask Weight: 0.945
Epoch 157/20000, Train Loss: 0.2383, Validation Set Manhattan Distance: 12.0, Mask Weight: 0.945
Epoch 158/20000, Train Loss: 0.2375, Validation Set Manhattan Distance: 12.0, Mask Weight: 0.945
Epoch 159/20000, Train Loss: 0.2363, Validation Set Manhattan Distance: 12.0, Mask Weight: 0.945
Epoch 160/20000, Train Loss: 0.2389, Validation Set Manhattan Distance: 12.0, Mask Weight: 0.945
Epoch 161/20000, Train Loss: 0.2391, Validation Set Manhattan Distance: 12.0, Mask Weight: 0.945
Epoch 162/20000, Train Loss: 0.2416, Validation Set Manhattan Distance: 12.0, Mask Weight: 0.945
Epoch 163/20000, Train Loss: 0.2369, Validation Set Manhattan Distance: 12.0, Mask Weight: 0.945
Epoch 164/20000, Train Loss: 0.2361, Validation Set Manhattan Distance: 12.0, Mask Weight: 0.945
Epoch 165/20000, Train Loss: 0.2385, Validation Set Manhattan Distance: 12.0, Mask Weight: 0.945
Epoch 166/20000, Train Loss: 0.2357, Validation Set Manhattan Distance: 12.0, Mask Weight: 0.945
Epoch 167/20000, Train Loss: 0.2357, Validation Set Manhattan Distance: 12.0, Mask Weight: 0.945
Epoch 168/20000, Train Loss: 0.2348, Validation Set Manhattan Distance: 12.0, Mask Weight: 0.945
Epoch 169/20000, Train Loss: 0.2358, Validation Set Manhattan Distance: 12.0, Mask Weight: 0.945
Epoch 170/20000, Train Loss: 0.2405, Validation Set Manhattan Distance: 12.0, Mask Weight: 0.945
Epoch 171/20000, Train Loss: 0.2456, Validation Set Manhattan Distance: 12.0, Mask Weight: 0.945
Epoch 172/20000, Train Loss: 0.2553, Validation Set Manhattan Distance: 12.0, Mask Weight: 0.945
Epoch 173/20000, Train Loss: 0.2419, Validation Set Manhattan Distance: 12.0, Mask Weight: 0.945
Epoch 174/20000, Train Loss: 0.2482, Validation Set Manhattan Distance: 12.0, Mask Weight: 0.945
Epoch 175/20000, Train Loss: 0.2380, Validation Set Manhattan Distance: 12.0, Mask Weight: 0.945
Epoch 176/20000, Train Loss: 0.2393, Validation Set Manhattan Distance: 12.0, Mask Weight: 0.945
Epoch 177/20000, Train Loss: 0.2358, Validation Set Manhattan Distance: 12.0, Mask Weight: 0.945
Epoch 178/20000, Train Loss: 0.2367, Validation Set Manhattan Distance: 12.0, Mask Weight: 0.945
Epoch 179/20000, Train Loss: 0.2382, Validation Set Manhattan Distance: 12.0, Mask Weight: 0.945
Epoch 180/20000, Train Loss: 0.2377, Validation Set Manhattan Distance: 12.0, Mask Weight: 0.945
Epoch 181/20000, Train Loss: 0.2393, Validation Set Manhattan Distance: 12.0, Mask Weight: 0.945
Epoch 182/20000, Train Loss: 0.2369, Validation Set Manhattan Distance: 12.0, Mask Weight: 0.945
Epoch 183/20000, Train Loss: 0.2406, Validation Set Manhattan Distance: 12.0, Mask Weight: 0.945
Epoch 184/20000, Train Loss: 0.2374, Validation Set Manhattan Distance: 12.0, Mask Weight: 0.945
Epoch 185/20000, Train Loss: 0.2379, Validation Set Manhattan Distance: 12.0, Mask Weight: 0.945
Epoch 186/20000, Train Loss: 0.2370, Validation Set Manhattan Distance: 12.0, Mask Weight: 0.945
Epoch 187/20000, Train Loss: 0.2364, Validation Set Manhattan Distance: 12.0, Mask Weight: 0.945
Epoch 188/20000, Train Loss: 0.2360, Validation Set Manhattan Distance: 12.0, Mask Weight: 0.945
Epoch 189/20000, Train Loss: 0.2344, Validation Set Manhattan Distance: 12.0, Mask Weight: 0.945
Epoch 190/20000, Train Loss: 0.2335, Validation Set Manhattan Distance: 12.0, Mask Weight: 0.945
Epoch 191/20000, Train Loss: 0.2337, Validation Set Manhattan Distance: 12.0, Mask Weight: 0.945
Epoch 192/20000, Train Loss: 0.2348, Validation Set Manhattan Distance: 12.0, Mask Weight: 0.945
Epoch 193/20000, Train Loss: 0.2367, Validation Set Manhattan Distance: 12.0, Mask Weight: 0.945
Epoch 194/20000, Train Loss: 0.2338, Validation Set Manhattan Distance: 12.0, Mask Weight: 0.945
Epoch 195/20000, Train Loss: 0.2346, Validation Set Manhattan Distance: 12.0, Mask Weight: 0.945
Epoch 196/20000, Train Loss: 0.2375, Validation Set Manhattan Distance: 12.0, Mask Weight: 0.945
Epoch 197/20000, Train Loss: 0.2335, Validation Set Manhattan Distance: 12.0, Mask Weight: 0.945
Epoch 198/20000, Train Loss: 0.2341, Validation Set Manhattan Distance: 12.0, Mask Weight: 0.945
Epoch 199/20000, Train Loss: 0.2338, Validation Set Manhattan Distance: 12.0, Mask Weight: 0.945
Epoch 200/20000, Train Loss: 0.2355, Validation Set Manhattan Distance: 12.0, Mask Weight: 0.945
Epoch 201/20000, Train Loss: 0.2365, Validation Set Manhattan Distance: 12.0, Mask Weight: 0.945
Epoch 202/20000, Train Loss: 0.2365, Validation Set Manhattan Distance: 12.0, Mask Weight: 0.945
Epoch 203/20000, Train Loss: 0.2383, Validation Set Manhattan Distance: 12.0, Mask Weight: 0.945
Epoch 204/20000, Train Loss: 0.2338, Validation Set Manhattan Distance: 12.0, Mask Weight: 0.945
Epoch 205/20000, Train Loss: 0.2325, Validation Set Manhattan Distance: 12.0, Mask Weight: 0.945
Epoch 206/20000, Train Loss: 0.2364, Validation Set Manhattan Distance: 12.0, Mask Weight: 0.945
Epoch 207/20000, Train Loss: 0.2381, Validation Set Manhattan Distance: 12.0, Mask Weight: 0.945
Epoch 208/20000, Train Loss: 0.2399, Validation Set Manhattan Distance: 12.0, Mask Weight: 0.945
Epoch 209/20000, Train Loss: 0.2383, Validation Set Manhattan Distance: 12.0, Mask Weight: 0.945
Epoch 210/20000, Train Loss: 0.2375, Validation Set Manhattan Distance: 12.0, Mask Weight: 0.945
Epoch 211/20000, Train Loss: 0.2337, Validation Set Manhattan Distance: 12.0, Mask Weight: 0.945
Epoch 212/20000, Train Loss: 0.2350, Validation Set Manhattan Distance: 12.0, Mask Weight: 0.945
Epoch 213/20000, Train Loss: 0.2344, Validation Set Manhattan Distance: 12.0, Mask Weight: 0.945
Epoch 214/20000, Train Loss: 0.2355, Validation Set Manhattan Distance: 12.0, Mask Weight: 0.945
Epoch 215/20000, Train Loss: 0.2379, Validation Set Manhattan Distance: 12.0, Mask Weight: 0.945
Epoch 216/20000, Train Loss: 0.2414, Validation Set Manhattan Distance: 12.0, Mask Weight: 0.945
Epoch 217/20000, Train Loss: 0.2343, Validation Set Manhattan Distance: 12.0, Mask Weight: 0.945
Epoch 218/20000, Train Loss: 0.2329, Validation Set Manhattan Distance: 12.0, Mask Weight: 0.945
Epoch 219/20000, Train Loss: 0.2333, Validation Set Manhattan Distance: 12.0, Mask Weight: 0.945
Epoch 220/20000, Train Loss: 0.2371, Validation Set Manhattan Distance: 12.0, Mask Weight: 0.945
Epoch 221/20000, Train Loss: 0.2333, Validation Set Manhattan Distance: 12.0, Mask Weight: 0.945
Epoch 222/20000, Train Loss: 0.2313, Validation Set Manhattan Distance: 12.0, Mask Weight: 0.945
Epoch 223/20000, Train Loss: 0.2331, Validation Set Manhattan Distance: 12.0, Mask Weight: 0.945
Epoch 224/20000, Train Loss: 0.2338, Validation Set Manhattan Distance: 12.0, Mask Weight: 0.945
Epoch 225/20000, Train Loss: 0.2337, Validation Set Manhattan Distance: 12.0, Mask Weight: 0.945
Epoch 226/20000, Train Loss: 0.2356, Validation Set Manhattan Distance: 12.0, Mask Weight: 0.945
Epoch 227/20000, Train Loss: 0.2348, Validation Set Manhattan Distance: 12.0, Mask Weight: 0.945
Epoch 228/20000, Train Loss: 0.2329, Validation Set Manhattan Distance: 12.0, Mask Weight: 0.945
Epoch 229/20000, Train Loss: 0.2328, Validation Set Manhattan Distance: 12.0, Mask Weight: 0.945
Epoch 230/20000, Train Loss: 0.2328, Validation Set Manhattan Distance: 12.0, Mask Weight: 0.945
Epoch 231/20000, Train Loss: 0.2345, Validation Set Manhattan Distance: 12.0, Mask Weight: 0.945
Epoch 232/20000, Train Loss: 0.2320, Validation Set Manhattan Distance: 12.0, Mask Weight: 0.945
Epoch 233/20000, Train Loss: 0.2317, Validation Set Manhattan Distance: 12.0, Mask Weight: 0.945
Epoch 234/20000, Train Loss: 0.2343, Validation Set Manhattan Distance: 12.0, Mask Weight: 0.945
Epoch 235/20000, Train Loss: 0.2317, Validation Set Manhattan Distance: 12.0, Mask Weight: 0.945
Epoch 236/20000, Train Loss: 0.2413, Validation Set Manhattan Distance: 12.0, Mask Weight: 0.945
Epoch 237/20000, Train Loss: 0.2413, Validation Set Manhattan Distance: 12.0, Mask Weight: 0.945
Epoch 238/20000, Train Loss: 0.2375, Validation Set Manhattan Distance: 12.0, Mask Weight: 0.945
Epoch 239/20000, Train Loss: 0.2345, Validation Set Manhattan Distance: 12.0, Mask Weight: 0.945
Epoch 240/20000, Train Loss: 0.2350, Validation Set Manhattan Distance: 12.0, Mask Weight: 0.945
Epoch 241/20000, Train Loss: 0.2339, Validation Set Manhattan Distance: 12.0, Mask Weight: 0.945
Epoch 242/20000, Train Loss: 0.2333, Validation Set Manhattan Distance: 12.0, Mask Weight: 0.945
Epoch 243/20000, Train Loss: 0.2334, Validation Set Manhattan Distance: 12.0, Mask Weight: 0.945
Epoch 244/20000, Train Loss: 0.2337, Validation Set Manhattan Distance: 12.0, Mask Weight: 0.945
Epoch 245/20000, Train Loss: 0.2344, Validation Set Manhattan Distance: 12.0, Mask Weight: 0.945
Epoch 246/20000, Train Loss: 0.2320, Validation Set Manhattan Distance: 12.0, Mask Weight: 0.945
Epoch 247/20000, Train Loss: 0.2318, Validation Set Manhattan Distance: 12.0, Mask Weight: 0.945
Epoch 248/20000, Train Loss: 0.2309, Validation Set Manhattan Distance: 12.0, Mask Weight: 0.945
Epoch 249/20000, Train Loss: 0.2331, Validation Set Manhattan Distance: 12.0, Mask Weight: 0.945
Epoch 250/20000, Train Loss: 0.2323, Validation Set Manhattan Distance: 12.0, Mask Weight: 0.945
Epoch 251/20000, Train Loss: 0.2313, Validation Set Manhattan Distance: 12.0, Mask Weight: 0.945
Epoch 252/20000, Train Loss: 0.2329, Validation Set Manhattan Distance: 12.0, Mask Weight: 0.945
Epoch 253/20000, Train Loss: 0.2318, Validation Set Manhattan Distance: 12.0, Mask Weight: 0.945
Epoch 254/20000, Train Loss: 0.2328, Validation Set Manhattan Distance: 12.0, Mask Weight: 0.945
Epoch 255/20000, Train Loss: 0.2348, Validation Set Manhattan Distance: 12.0, Mask Weight: 0.945
Epoch 256/20000, Train Loss: 0.2338, Validation Set Manhattan Distance: 12.0, Mask Weight: 0.945
Epoch 257/20000, Train Loss: 0.2305, Validation Set Manhattan Distance: 12.0, Mask Weight: 0.945
Epoch 258/20000, Train Loss: 0.2307, Validation Set Manhattan Distance: 12.0, Mask Weight: 0.945
Epoch 259/20000, Train Loss: 0.2320, Validation Set Manhattan Distance: 12.0, Mask Weight: 0.945
Epoch 260/20000, Train Loss: 0.2323, Validation Set Manhattan Distance: 12.0, Mask Weight: 0.945
Epoch 261/20000, Train Loss: 0.2330, Validation Set Manhattan Distance: 12.0, Mask Weight: 0.945
Epoch 262/20000, Train Loss: 0.2335, Validation Set Manhattan Distance: 12.0, Mask Weight: 0.945
Epoch 263/20000, Train Loss: 0.2343, Validation Set Manhattan Distance: 12.0, Mask Weight: 0.945
Epoch 264/20000, Train Loss: 0.2321, Validation Set Manhattan Distance: 12.0, Mask Weight: 0.945
Epoch 265/20000, Train Loss: 0.2317, Validation Set Manhattan Distance: 12.0, Mask Weight: 0.945
Epoch 266/20000, Train Loss: 0.2335, Validation Set Manhattan Distance: 12.0, Mask Weight: 0.945
Epoch 267/20000, Train Loss: 0.2339, Validation Set Manhattan Distance: 12.0, Mask Weight: 0.945
Epoch 268/20000, Train Loss: 0.2336, Validation Set Manhattan Distance: 12.0, Mask Weight: 0.945
Epoch 269/20000, Train Loss: 0.2329, Validation Set Manhattan Distance: 12.0, Mask Weight: 0.945
Epoch 270/20000, Train Loss: 0.2331, Validation Set Manhattan Distance: 12.0, Mask Weight: 0.945
Epoch 271/20000, Train Loss: 0.2361, Validation Set Manhattan Distance: 12.0, Mask Weight: 0.945
Epoch 272/20000, Train Loss: 0.2344, Validation Set Manhattan Distance: 12.0, Mask Weight: 0.945
Epoch 273/20000, Train Loss: 0.2321, Validation Set Manhattan Distance: 12.0, Mask Weight: 0.945
Epoch 274/20000, Train Loss: 0.2323, Validation Set Manhattan Distance: 12.0, Mask Weight: 0.945
Epoch 275/20000, Train Loss: 0.2305, Validation Set Manhattan Distance: 12.0, Mask Weight: 0.945
Epoch 276/20000, Train Loss: 0.2321, Validation Set Manhattan Distance: 12.0, Mask Weight: 0.945
Epoch 277/20000, Train Loss: 0.2316, Validation Set Manhattan Distance: 12.0, Mask Weight: 0.945
Epoch 278/20000, Train Loss: 0.2317, Validation Set Manhattan Distance: 12.0, Mask Weight: 0.945
Epoch 279/20000, Train Loss: 0.2307, Validation Set Manhattan Distance: 12.0, Mask Weight: 0.945
Epoch 280/20000, Train Loss: 0.2306, Validation Set Manhattan Distance: 12.0, Mask Weight: 0.945
Epoch 281/20000, Train Loss: 0.2320, Validation Set Manhattan Distance: 12.0, Mask Weight: 0.945
Epoch 282/20000, Train Loss: 0.2307, Validation Set Manhattan Distance: 12.0, Mask Weight: 0.945
Epoch 283/20000, Train Loss: 0.2304, Validation Set Manhattan Distance: 12.0, Mask Weight: 0.945
Epoch 284/20000, Train Loss: 0.2312, Validation Set Manhattan Distance: 12.0, Mask Weight: 0.945
Epoch 285/20000, Train Loss: 0.2327, Validation Set Manhattan Distance: 12.0, Mask Weight: 0.945
Epoch 286/20000, Train Loss: 0.2300, Validation Set Manhattan Distance: 12.0, Mask Weight: 0.945
Epoch 287/20000, Train Loss: 0.2304, Validation Set Manhattan Distance: 12.0, Mask Weight: 0.945
Epoch 288/20000, Train Loss: 0.2320, Validation Set Manhattan Distance: 12.0, Mask Weight: 0.945
Epoch 289/20000, Train Loss: 0.2300, Validation Set Manhattan Distance: 12.0, Mask Weight: 0.945
Epoch 290/20000, Train Loss: 0.2324, Validation Set Manhattan Distance: 12.0, Mask Weight: 0.945
Epoch 291/20000, Train Loss: 0.2309, Validation Set Manhattan Distance: 12.0, Mask Weight: 0.945
Epoch 292/20000, Train Loss: 0.2302, Validation Set Manhattan Distance: 12.0, Mask Weight: 0.945
Epoch 293/20000, Train Loss: 0.2294, Validation Set Manhattan Distance: 12.0, Mask Weight: 0.945
Epoch 294/20000, Train Loss: 0.2316, Validation Set Manhattan Distance: 12.0, Mask Weight: 0.945
Epoch 295/20000, Train Loss: 0.2329, Validation Set Manhattan Distance: 12.0, Mask Weight: 0.945
Epoch 296/20000, Train Loss: 0.2311, Validation Set Manhattan Distance: 12.0, Mask Weight: 0.945
Epoch 297/20000, Train Loss: 0.2306, Validation Set Manhattan Distance: 12.0, Mask Weight: 0.945
Epoch 298/20000, Train Loss: 0.2324, Validation Set Manhattan Distance: 12.0, Mask Weight: 0.945
Epoch 299/20000, Train Loss: 0.2351, Validation Set Manhattan Distance: 12.0, Mask Weight: 0.945
Epoch 300/20000, Train Loss: 0.2378, Validation Set Manhattan Distance: 12.0, Mask Weight: 0.945
Epoch 301/20000, Train Loss: 0.2348, Validation Set Manhattan Distance: 12.0, Mask Weight: 0.945
Epoch 302/20000, Train Loss: 0.2337, Validation Set Manhattan Distance: 12.0, Mask Weight: 0.945
Epoch 303/20000, Train Loss: 0.2395, Validation Set Manhattan Distance: 12.0, Mask Weight: 0.945
Epoch 304/20000, Train Loss: 0.2366, Validation Set Manhattan Distance: 12.0, Mask Weight: 0.945
Epoch 305/20000, Train Loss: 0.2361, Validation Set Manhattan Distance: 12.0, Mask Weight: 0.945
Epoch 306/20000, Train Loss: 0.2360, Validation Set Manhattan Distance: 12.0, Mask Weight: 0.945
Epoch 307/20000, Train Loss: 0.2356, Validation Set Manhattan Distance: 12.0, Mask Weight: 0.945
Epoch 308/20000, Train Loss: 0.2345, Validation Set Manhattan Distance: 12.0, Mask Weight: 0.945
Epoch 309/20000, Train Loss: 0.2323, Validation Set Manhattan Distance: 12.0, Mask Weight: 0.945
Epoch 310/20000, Train Loss: 0.2325, Validation Set Manhattan Distance: 12.0, Mask Weight: 0.945
Epoch 311/20000, Train Loss: 0.2307, Validation Set Manhattan Distance: 12.0, Mask Weight: 0.945
Epoch 312/20000, Train Loss: 0.2310, Validation Set Manhattan Distance: 12.0, Mask Weight: 0.945
Epoch 313/20000, Train Loss: 0.2325, Validation Set Manhattan Distance: 12.0, Mask Weight: 0.945
Epoch 314/20000, Train Loss: 0.2314, Validation Set Manhattan Distance: 12.0, Mask Weight: 0.945
Epoch 315/20000, Train Loss: 0.2306, Validation Set Manhattan Distance: 12.0, Mask Weight: 0.945
Epoch 316/20000, Train Loss: 0.2320, Validation Set Manhattan Distance: 12.0, Mask Weight: 0.945
Epoch 317/20000, Train Loss: 0.2320, Validation Set Manhattan Distance: 12.0, Mask Weight: 0.945
Epoch 318/20000, Train Loss: 0.2313, Validation Set Manhattan Distance: 12.0, Mask Weight: 0.945
Epoch 319/20000, Train Loss: 0.2319, Validation Set Manhattan Distance: 12.0, Mask Weight: 0.945
Epoch 320/20000, Train Loss: 0.2331, Validation Set Manhattan Distance: 12.0, Mask Weight: 0.945
Epoch 321/20000, Train Loss: 0.2336, Validation Set Manhattan Distance: 12.0, Mask Weight: 0.945
Epoch 322/20000, Train Loss: 0.2368, Validation Set Manhattan Distance: 12.0, Mask Weight: 0.945
Epoch 323/20000, Train Loss: 0.2314, Validation Set Manhattan Distance: 12.0, Mask Weight: 0.945
Epoch 324/20000, Train Loss: 0.2365, Validation Set Manhattan Distance: 12.0, Mask Weight: 0.945
Epoch 325/20000, Train Loss: 0.2339, Validation Set Manhattan Distance: 12.0, Mask Weight: 0.945
Epoch 326/20000, Train Loss: 0.2342, Validation Set Manhattan Distance: 12.0, Mask Weight: 0.945
Epoch 327/20000, Train Loss: 0.2350, Validation Set Manhattan Distance: 12.0, Mask Weight: 0.945
Epoch 328/20000, Train Loss: 0.2344, Validation Set Manhattan Distance: 12.0, Mask Weight: 0.945
Epoch 329/20000, Train Loss: 0.2340, Validation Set Manhattan Distance: 12.0, Mask Weight: 0.945
Epoch 330/20000, Train Loss: 0.2316, Validation Set Manhattan Distance: 12.0, Mask Weight: 0.945
Epoch 331/20000, Train Loss: 0.2293, Validation Set Manhattan Distance: 12.0, Mask Weight: 0.945
Epoch 332/20000, Train Loss: 0.2320, Validation Set Manhattan Distance: 12.0, Mask Weight: 0.945
Epoch 333/20000, Train Loss: 0.2301, Validation Set Manhattan Distance: 12.0, Mask Weight: 0.945
Epoch 334/20000, Train Loss: 0.2300, Validation Set Manhattan Distance: 12.0, Mask Weight: 0.945
Epoch 335/20000, Train Loss: 0.2309, Validation Set Manhattan Distance: 12.0, Mask Weight: 0.945
Epoch 336/20000, Train Loss: 0.2324, Validation Set Manhattan Distance: 12.0, Mask Weight: 0.945
Epoch 337/20000, Train Loss: 0.2316, Validation Set Manhattan Distance: 12.0, Mask Weight: 0.945
Epoch 338/20000, Train Loss: 0.2296, Validation Set Manhattan Distance: 12.0, Mask Weight: 0.945
Epoch 339/20000, Train Loss: 0.2307, Validation Set Manhattan Distance: 12.0, Mask Weight: 0.945
Epoch 340/20000, Train Loss: 0.2305, Validation Set Manhattan Distance: 12.0, Mask Weight: 0.945
Epoch 341/20000, Train Loss: 0.2300, Validation Set Manhattan Distance: 12.0, Mask Weight: 0.945
Epoch 342/20000, Train Loss: 0.2297, Validation Set Manhattan Distance: 12.0, Mask Weight: 0.945
Epoch 343/20000, Train Loss: 0.2316, Validation Set Manhattan Distance: 12.0, Mask Weight: 0.945
Epoch 344/20000, Train Loss: 0.2307, Validation Set Manhattan Distance: 12.0, Mask Weight: 0.945
Epoch 345/20000, Train Loss: 0.2303, Validation Set Manhattan Distance: 12.0, Mask Weight: 0.945
Epoch 346/20000, Train Loss: 0.2311, Validation Set Manhattan Distance: 12.0, Mask Weight: 0.945
Epoch 347/20000, Train Loss: 0.2295, Validation Set Manhattan Distance: 12.0, Mask Weight: 0.945
Epoch 348/20000, Train Loss: 0.2302, Validation Set Manhattan Distance: 12.0, Mask Weight: 0.945
Epoch 349/20000, Train Loss: 0.2295, Validation Set Manhattan Distance: 12.0, Mask Weight: 0.945
Epoch 350/20000, Train Loss: 0.2296, Validation Set Manhattan Distance: 12.0, Mask Weight: 0.945
Epoch 351/20000, Train Loss: 0.2304, Validation Set Manhattan Distance: 12.0, Mask Weight: 0.945
Epoch 352/20000, Train Loss: 0.2296, Validation Set Manhattan Distance: 12.0, Mask Weight: 0.945
Epoch 353/20000, Train Loss: 0.2314, Validation Set Manhattan Distance: 12.0, Mask Weight: 0.945
Epoch 354/20000, Train Loss: 0.2311, Validation Set Manhattan Distance: 12.0, Mask Weight: 0.945
Epoch 355/20000, Train Loss: 0.2306, Validation Set Manhattan Distance: 12.0, Mask Weight: 0.945
Epoch 356/20000, Train Loss: 0.2314, Validation Set Manhattan Distance: 12.0, Mask Weight: 0.945
Epoch 357/20000, Train Loss: 0.2305, Validation Set Manhattan Distance: 12.0, Mask Weight: 0.945
Epoch 358/20000, Train Loss: 0.2300, Validation Set Manhattan Distance: 12.0, Mask Weight: 0.945
Epoch 359/20000, Train Loss: 0.2298, Validation Set Manhattan Distance: 12.0, Mask Weight: 0.945
Epoch 360/20000, Train Loss: 0.2294, Validation Set Manhattan Distance: 12.0, Mask Weight: 0.945
Epoch 361/20000, Train Loss: 0.2345, Validation Set Manhattan Distance: 12.0, Mask Weight: 0.945
Epoch 362/20000, Train Loss: 0.2341, Validation Set Manhattan Distance: 12.0, Mask Weight: 0.945
Epoch 363/20000, Train Loss: 0.2323, Validation Set Manhattan Distance: 12.0, Mask Weight: 0.945
Epoch 364/20000, Train Loss: 0.2318, Validation Set Manhattan Distance: 12.0, Mask Weight: 0.945
Epoch 365/20000, Train Loss: 0.2313, Validation Set Manhattan Distance: 12.0, Mask Weight: 0.945
Epoch 366/20000, Train Loss: 0.2301, Validation Set Manhattan Distance: 12.0, Mask Weight: 0.945
Epoch 367/20000, Train Loss: 0.2289, Validation Set Manhattan Distance: 12.0, Mask Weight: 0.945
Epoch 368/20000, Train Loss: 0.2303, Validation Set Manhattan Distance: 12.0, Mask Weight: 0.945
Epoch 369/20000, Train Loss: 0.2298, Validation Set Manhattan Distance: 12.0, Mask Weight: 0.945
Epoch 370/20000, Train Loss: 0.2303, Validation Set Manhattan Distance: 12.0, Mask Weight: 0.945
Epoch 371/20000, Train Loss: 0.2295, Validation Set Manhattan Distance: 12.0, Mask Weight: 0.945
Epoch 372/20000, Train Loss: 0.2296, Validation Set Manhattan Distance: 12.0, Mask Weight: 0.945
Epoch 373/20000, Train Loss: 0.2314, Validation Set Manhattan Distance: 12.0, Mask Weight: 0.945
Epoch 374/20000, Train Loss: 0.2296, Validation Set Manhattan Distance: 12.0, Mask Weight: 0.945
Epoch 375/20000, Train Loss: 0.2317, Validation Set Manhattan Distance: 12.0, Mask Weight: 0.945
Epoch 376/20000, Train Loss: 0.2301, Validation Set Manhattan Distance: 12.0, Mask Weight: 0.945
Epoch 377/20000, Train Loss: 0.2300, Validation Set Manhattan Distance: 12.0, Mask Weight: 0.945
Epoch 378/20000, Train Loss: 0.2314, Validation Set Manhattan Distance: 12.0, Mask Weight: 0.945
Epoch 379/20000, Train Loss: 0.2324, Validation Set Manhattan Distance: 12.0, Mask Weight: 0.945
Epoch 380/20000, Train Loss: 0.2309, Validation Set Manhattan Distance: 12.0, Mask Weight: 0.945
Epoch 381/20000, Train Loss: 0.2321, Validation Set Manhattan Distance: 12.0, Mask Weight: 0.945
Epoch 382/20000, Train Loss: 0.2328, Validation Set Manhattan Distance: 12.0, Mask Weight: 0.945
Epoch 383/20000, Train Loss: 0.2301, Validation Set Manhattan Distance: 12.0, Mask Weight: 0.945
Epoch 384/20000, Train Loss: 0.2318, Validation Set Manhattan Distance: 12.0, Mask Weight: 0.945
Epoch 385/20000, Train Loss: 0.2339, Validation Set Manhattan Distance: 12.0, Mask Weight: 0.945
Epoch 386/20000, Train Loss: 0.2333, Validation Set Manhattan Distance: 12.0, Mask Weight: 0.945
Epoch 387/20000, Train Loss: 0.2318, Validation Set Manhattan Distance: 12.0, Mask Weight: 0.945
Epoch 388/20000, Train Loss: 0.2326, Validation Set Manhattan Distance: 12.0, Mask Weight: 0.945
Epoch 389/20000, Train Loss: 0.2311, Validation Set Manhattan Distance: 12.0, Mask Weight: 0.945
Epoch 390/20000, Train Loss: 0.2299, Validation Set Manhattan Distance: 12.0, Mask Weight: 0.945
Epoch 391/20000, Train Loss: 0.2292, Validation Set Manhattan Distance: 12.0, Mask Weight: 0.945
Epoch 392/20000, Train Loss: 0.2299, Validation Set Manhattan Distance: 12.0, Mask Weight: 0.945
Epoch 393/20000, Train Loss: 0.2316, Validation Set Manhattan Distance: 12.0, Mask Weight: 0.945
Epoch 394/20000, Train Loss: 0.2300, Validation Set Manhattan Distance: 12.0, Mask Weight: 0.945
Epoch 395/20000, Train Loss: 0.2285, Validation Set Manhattan Distance: 12.0, Mask Weight: 0.945
Epoch 396/20000, Train Loss: 0.2307, Validation Set Manhattan Distance: 12.0, Mask Weight: 0.945
Epoch 397/20000, Train Loss: 0.2296, Validation Set Manhattan Distance: 12.0, Mask Weight: 0.945
Epoch 398/20000, Train Loss: 0.2304, Validation Set Manhattan Distance: 12.0, Mask Weight: 0.945
Epoch 399/20000, Train Loss: 0.2301, Validation Set Manhattan Distance: 12.0, Mask Weight: 0.945
Epoch 400/20000, Train Loss: 0.2288, Validation Set Manhattan Distance: 12.0, Mask Weight: 0.945
Epoch 401/20000, Train Loss: 0.2303, Validation Set Manhattan Distance: 12.0, Mask Weight: 0.945
Epoch 402/20000, Train Loss: 0.2301, Validation Set Manhattan Distance: 12.0, Mask Weight: 0.945
Epoch 403/20000, Train Loss: 0.2303, Validation Set Manhattan Distance: 12.0, Mask Weight: 0.945
Epoch 404/20000, Train Loss: 0.2294, Validation Set Manhattan Distance: 12.0, Mask Weight: 0.945
Epoch 405/20000, Train Loss: 0.2305, Validation Set Manhattan Distance: 12.0, Mask Weight: 0.945
Epoch 406/20000, Train Loss: 0.2295, Validation Set Manhattan Distance: 12.0, Mask Weight: 0.945
Epoch 407/20000, Train Loss: 0.2301, Validation Set Manhattan Distance: 12.0, Mask Weight: 0.945
Epoch 408/20000, Train Loss: 0.2313, Validation Set Manhattan Distance: 12.0, Mask Weight: 0.945
Epoch 409/20000, Train Loss: 0.2307, Validation Set Manhattan Distance: 12.0, Mask Weight: 0.945
Epoch 410/20000, Train Loss: 0.2312, Validation Set Manhattan Distance: 12.0, Mask Weight: 0.945
Epoch 411/20000, Train Loss: 0.2310, Validation Set Manhattan Distance: 12.0, Mask Weight: 0.945
Epoch 412/20000, Train Loss: 0.2315, Validation Set Manhattan Distance: 12.0, Mask Weight: 0.945
Epoch 413/20000, Train Loss: 0.2295, Validation Set Manhattan Distance: 12.0, Mask Weight: 0.945
Epoch 414/20000, Train Loss: 0.2292, Validation Set Manhattan Distance: 12.0, Mask Weight: 0.945
Epoch 415/20000, Train Loss: 0.2300, Validation Set Manhattan Distance: 12.0, Mask Weight: 0.945
Epoch 416/20000, Train Loss: 0.2307, Validation Set Manhattan Distance: 12.0, Mask Weight: 0.945
Epoch 417/20000, Train Loss: 0.2301, Validation Set Manhattan Distance: 12.0, Mask Weight: 0.945
Epoch 418/20000, Train Loss: 0.2296, Validation Set Manhattan Distance: 12.0, Mask Weight: 0.945
Epoch 419/20000, Train Loss: 0.2291, Validation Set Manhattan Distance: 12.0, Mask Weight: 0.945
Epoch 420/20000, Train Loss: 0.2294, Validation Set Manhattan Distance: 12.0, Mask Weight: 0.945
Epoch 421/20000, Train Loss: 0.2282, Validation Set Manhattan Distance: 12.0, Mask Weight: 0.945
Epoch 422/20000, Train Loss: 0.2287, Validation Set Manhattan Distance: 12.0, Mask Weight: 0.945
Epoch 423/20000, Train Loss: 0.2295, Validation Set Manhattan Distance: 12.0, Mask Weight: 0.945
Epoch 424/20000, Train Loss: 0.2304, Validation Set Manhattan Distance: 12.0, Mask Weight: 0.945
Epoch 425/20000, Train Loss: 0.2284, Validation Set Manhattan Distance: 12.0, Mask Weight: 0.945
Epoch 426/20000, Train Loss: 0.2301, Validation Set Manhattan Distance: 12.0, Mask Weight: 0.945
Epoch 427/20000, Train Loss: 0.2322, Validation Set Manhattan Distance: 12.0, Mask Weight: 0.945
Epoch 428/20000, Train Loss: 0.2291, Validation Set Manhattan Distance: 12.0, Mask Weight: 0.945
Epoch 429/20000, Train Loss: 0.2287, Validation Set Manhattan Distance: 12.0, Mask Weight: 0.945
Epoch 430/20000, Train Loss: 0.2303, Validation Set Manhattan Distance: 12.0, Mask Weight: 0.945
Epoch 431/20000, Train Loss: 0.2296, Validation Set Manhattan Distance: 12.0, Mask Weight: 0.945
Epoch 432/20000, Train Loss: 0.2289, Validation Set Manhattan Distance: 12.0, Mask Weight: 0.945
Epoch 433/20000, Train Loss: 0.2295, Validation Set Manhattan Distance: 12.0, Mask Weight: 0.945
Epoch 434/20000, Train Loss: 0.2317, Validation Set Manhattan Distance: 12.0, Mask Weight: 0.945
Epoch 435/20000, Train Loss: 0.2311, Validation Set Manhattan Distance: 12.0, Mask Weight: 0.945
Epoch 436/20000, Train Loss: 0.2298, Validation Set Manhattan Distance: 12.0, Mask Weight: 0.945
Epoch 437/20000, Train Loss: 0.2309, Validation Set Manhattan Distance: 12.0, Mask Weight: 0.945
Epoch 438/20000, Train Loss: 0.2302, Validation Set Manhattan Distance: 12.0, Mask Weight: 0.945
Epoch 439/20000, Train Loss: 0.2303, Validation Set Manhattan Distance: 12.0, Mask Weight: 0.945
Epoch 440/20000, Train Loss: 0.2311, Validation Set Manhattan Distance: 12.0, Mask Weight: 0.945
Epoch 441/20000, Train Loss: 0.2324, Validation Set Manhattan Distance: 12.0, Mask Weight: 0.945
Epoch 442/20000, Train Loss: 0.2334, Validation Set Manhattan Distance: 12.0, Mask Weight: 0.945
Epoch 443/20000, Train Loss: 0.2313, Validation Set Manhattan Distance: 12.0, Mask Weight: 0.945
Epoch 444/20000, Train Loss: 0.2311, Validation Set Manhattan Distance: 12.0, Mask Weight: 0.945
Epoch 445/20000, Train Loss: 0.2300, Validation Set Manhattan Distance: 12.0, Mask Weight: 0.945
Epoch 446/20000, Train Loss: 0.2306, Validation Set Manhattan Distance: 12.0, Mask Weight: 0.945
Epoch 447/20000, Train Loss: 0.2286, Validation Set Manhattan Distance: 12.0, Mask Weight: 0.945
Epoch 448/20000, Train Loss: 0.2298, Validation Set Manhattan Distance: 12.0, Mask Weight: 0.945
Epoch 449/20000, Train Loss: 0.2308, Validation Set Manhattan Distance: 12.0, Mask Weight: 0.945
Epoch 450/20000, Train Loss: 0.2298, Validation Set Manhattan Distance: 12.0, Mask Weight: 0.945
Epoch 451/20000, Train Loss: 0.2301, Validation Set Manhattan Distance: 12.0, Mask Weight: 0.945
Epoch 452/20000, Train Loss: 0.2294, Validation Set Manhattan Distance: 12.0, Mask Weight: 0.945
Epoch 453/20000, Train Loss: 0.2307, Validation Set Manhattan Distance: 12.0, Mask Weight: 0.945
Epoch 454/20000, Train Loss: 0.2300, Validation Set Manhattan Distance: 12.0, Mask Weight: 0.945
Epoch 455/20000, Train Loss: 0.2290, Validation Set Manhattan Distance: 12.0, Mask Weight: 0.945
Epoch 456/20000, Train Loss: 0.2298, Validation Set Manhattan Distance: 12.0, Mask Weight: 0.945
Epoch 457/20000, Train Loss: 0.2321, Validation Set Manhattan Distance: 12.0, Mask Weight: 0.945
Epoch 458/20000, Train Loss: 0.2286, Validation Set Manhattan Distance: 12.0, Mask Weight: 0.945
Epoch 459/20000, Train Loss: 0.2305, Validation Set Manhattan Distance: 12.0, Mask Weight: 0.945
Epoch 460/20000, Train Loss: 0.2286, Validation Set Manhattan Distance: 12.0, Mask Weight: 0.945
Epoch 461/20000, Train Loss: 0.2290, Validation Set Manhattan Distance: 12.0, Mask Weight: 0.945
Epoch 462/20000, Train Loss: 0.2290, Validation Set Manhattan Distance: 12.0, Mask Weight: 0.945
Epoch 463/20000, Train Loss: 0.2303, Validation Set Manhattan Distance: 12.0, Mask Weight: 0.945
Epoch 464/20000, Train Loss: 0.2305, Validation Set Manhattan Distance: 12.0, Mask Weight: 0.945
Epoch 465/20000, Train Loss: 0.2291, Validation Set Manhattan Distance: 12.0, Mask Weight: 0.945
Epoch 466/20000, Train Loss: 0.2289, Validation Set Manhattan Distance: 12.0, Mask Weight: 0.945
Epoch 467/20000, Train Loss: 0.2277, Validation Set Manhattan Distance: 12.0, Mask Weight: 0.945
Epoch 468/20000, Train Loss: 0.2304, Validation Set Manhattan Distance: 12.0, Mask Weight: 0.945
Epoch 469/20000, Train Loss: 0.2279, Validation Set Manhattan Distance: 12.0, Mask Weight: 0.945
Epoch 470/20000, Train Loss: 0.2296, Validation Set Manhattan Distance: 12.0, Mask Weight: 0.945
Epoch 471/20000, Train Loss: 0.2310, Validation Set Manhattan Distance: 12.0, Mask Weight: 0.945
Epoch 472/20000, Train Loss: 0.2293, Validation Set Manhattan Distance: 12.0, Mask Weight: 0.945
Epoch 473/20000, Train Loss: 0.2297, Validation Set Manhattan Distance: 12.0, Mask Weight: 0.945
Epoch 474/20000, Train Loss: 0.2287, Validation Set Manhattan Distance: 12.0, Mask Weight: 0.945
Epoch 475/20000, Train Loss: 0.2293, Validation Set Manhattan Distance: 12.0, Mask Weight: 0.945
Epoch 476/20000, Train Loss: 0.2297, Validation Set Manhattan Distance: 12.0, Mask Weight: 0.945
Epoch 477/20000, Train Loss: 0.2289, Validation Set Manhattan Distance: 12.0, Mask Weight: 0.945
Epoch 478/20000, Train Loss: 0.2296, Validation Set Manhattan Distance: 12.0, Mask Weight: 0.945
Epoch 479/20000, Train Loss: 0.2278, Validation Set Manhattan Distance: 12.0, Mask Weight: 0.945
Epoch 480/20000, Train Loss: 0.2299, Validation Set Manhattan Distance: 12.0, Mask Weight: 0.945
Epoch 481/20000, Train Loss: 0.2281, Validation Set Manhattan Distance: 12.0, Mask Weight: 0.945
Epoch 482/20000, Train Loss: 0.2288, Validation Set Manhattan Distance: 12.0, Mask Weight: 0.945
Epoch 483/20000, Train Loss: 0.2294, Validation Set Manhattan Distance: 12.0, Mask Weight: 0.945
Epoch 484/20000, Train Loss: 0.2287, Validation Set Manhattan Distance: 12.0, Mask Weight: 0.945
Epoch 485/20000, Train Loss: 0.2299, Validation Set Manhattan Distance: 12.0, Mask Weight: 0.945
Epoch 486/20000, Train Loss: 0.2290, Validation Set Manhattan Distance: 12.0, Mask Weight: 0.945
Epoch 487/20000, Train Loss: 0.2318, Validation Set Manhattan Distance: 12.0, Mask Weight: 0.945
Epoch 488/20000, Train Loss: 0.2300, Validation Set Manhattan Distance: 12.0, Mask Weight: 0.945
Epoch 489/20000, Train Loss: 0.2288, Validation Set Manhattan Distance: 12.0, Mask Weight: 0.945
Epoch 490/20000, Train Loss: 0.2311, Validation Set Manhattan Distance: 12.0, Mask Weight: 0.945
Epoch 491/20000, Train Loss: 0.2293, Validation Set Manhattan Distance: 12.0, Mask Weight: 0.945
Epoch 492/20000, Train Loss: 0.2304, Validation Set Manhattan Distance: 12.0, Mask Weight: 0.945
Epoch 493/20000, Train Loss: 0.2280, Validation Set Manhattan Distance: 12.0, Mask Weight: 0.945
Epoch 494/20000, Train Loss: 0.2290, Validation Set Manhattan Distance: 12.0, Mask Weight: 0.945
Epoch 495/20000, Train Loss: 0.2289, Validation Set Manhattan Distance: 12.0, Mask Weight: 0.945
Epoch 496/20000, Train Loss: 0.2299, Validation Set Manhattan Distance: 12.0, Mask Weight: 0.945
Epoch 497/20000, Train Loss: 0.2301, Validation Set Manhattan Distance: 12.0, Mask Weight: 0.945
Epoch 498/20000, Train Loss: 0.9193, Validation Set Manhattan Distance: 12.0, Mask Weight: 0.945
Epoch 499/20000, Train Loss: 0.6869, Validation Set Manhattan Distance: 12.0, Mask Weight: 0.945
Epoch 500/20000, Train Loss: 0.5551, Validation Set Manhattan Distance: 12.0, Mask Weight: 0.945
Epoch 501/20000, Train Loss: 0.5200, Validation Set Manhattan Distance: 12.0, Mask Weight: 0.945
Epoch 502/20000, Train Loss: 0.5150, Validation Set Manhattan Distance: 12.0, Mask Weight: 0.945
Epoch 503/20000, Train Loss: 0.4948, Validation Set Manhattan Distance: 12.0, Mask Weight: 0.945
Epoch 504/20000, Train Loss: 0.4725, Validation Set Manhattan Distance: 12.0, Mask Weight: 0.945
Epoch 505/20000, Train Loss: 0.4603, Validation Set Manhattan Distance: 12.0, Mask Weight: 0.945
Epoch 506/20000, Train Loss: 0.4481, Validation Set Manhattan Distance: 12.0, Mask Weight: 0.945
Epoch 507/20000, Train Loss: 0.4374, Validation Set Manhattan Distance: 12.0, Mask Weight: 0.945
Epoch 508/20000, Train Loss: 0.4286, Validation Set Manhattan Distance: 12.0, Mask Weight: 0.945
Epoch 509/20000, Train Loss: 0.4226, Validation Set Manhattan Distance: 12.0, Mask Weight: 0.945
Epoch 510/20000, Train Loss: 0.4204, Validation Set Manhattan Distance: 12.0, Mask Weight: 0.945
Epoch 511/20000, Train Loss: 0.4162, Validation Set Manhattan Distance: 12.0, Mask Weight: 0.945
Epoch 512/20000, Train Loss: 0.4125, Validation Set Manhattan Distance: 12.0, Mask Weight: 0.945
Epoch 513/20000, Train Loss: 0.4037, Validation Set Manhattan Distance: 12.0, Mask Weight: 0.945
Epoch 514/20000, Train Loss: 0.3958, Validation Set Manhattan Distance: 12.0, Mask Weight: 0.945
Epoch 515/20000, Train Loss: 0.3885, Validation Set Manhattan Distance: 12.0, Mask Weight: 0.945
Epoch 516/20000, Train Loss: 0.3673, Validation Set Manhattan Distance: 12.0, Mask Weight: 0.945
Epoch 517/20000, Train Loss: 0.3633, Validation Set Manhattan Distance: 12.0, Mask Weight: 0.945
Epoch 518/20000, Train Loss: 0.4478, Validation Set Manhattan Distance: 12.0, Mask Weight: 0.945
Epoch 519/20000, Train Loss: 0.4894, Validation Set Manhattan Distance: 12.0, Mask Weight: 0.945
Epoch 520/20000, Train Loss: 0.4129, Validation Set Manhattan Distance: 12.0, Mask Weight: 0.945
Epoch 521/20000, Train Loss: 0.4123, Validation Set Manhattan Distance: 12.0, Mask Weight: 0.945
Epoch 522/20000, Train Loss: 0.4003, Validation Set Manhattan Distance: 12.0, Mask Weight: 0.945
Epoch 523/20000, Train Loss: 0.3917, Validation Set Manhattan Distance: 12.0, Mask Weight: 0.945
Epoch 524/20000, Train Loss: 0.3846, Validation Set Manhattan Distance: 12.0, Mask Weight: 0.945
Epoch 525/20000, Train Loss: 0.3746, Validation Set Manhattan Distance: 12.0, Mask Weight: 0.945
Epoch 526/20000, Train Loss: 0.3634, Validation Set Manhattan Distance: 12.0, Mask Weight: 0.945
Epoch 527/20000, Train Loss: 0.3518, Validation Set Manhattan Distance: 12.0, Mask Weight: 0.945
Epoch 528/20000, Train Loss: 0.3391, Validation Set Manhattan Distance: 12.0, Mask Weight: 0.945
Epoch 529/20000, Train Loss: 0.3276, Validation Set Manhattan Distance: 12.0, Mask Weight: 0.945
Epoch 530/20000, Train Loss: 0.3256, Validation Set Manhattan Distance: 12.0, Mask Weight: 0.945
Epoch 531/20000, Train Loss: 0.3285, Validation Set Manhattan Distance: 12.0, Mask Weight: 0.945
Epoch 532/20000, Train Loss: 0.3077, Validation Set Manhattan Distance: 12.0, Mask Weight: 0.945
Epoch 533/20000, Train Loss: 0.3046, Validation Set Manhattan Distance: 12.0, Mask Weight: 0.945
Epoch 534/20000, Train Loss: 0.3266, Validation Set Manhattan Distance: 12.0, Mask Weight: 0.945
Epoch 535/20000, Train Loss: 0.3011, Validation Set Manhattan Distance: 12.0, Mask Weight: 0.945
Epoch 536/20000, Train Loss: 0.2955, Validation Set Manhattan Distance: 12.0, Mask Weight: 0.945
Epoch 537/20000, Train Loss: 0.3116, Validation Set Manhattan Distance: 12.0, Mask Weight: 0.945
Epoch 538/20000, Train Loss: 0.3693, Validation Set Manhattan Distance: 12.0, Mask Weight: 0.945
Epoch 539/20000, Train Loss: 0.3004, Validation Set Manhattan Distance: 12.0, Mask Weight: 0.945
Epoch 540/20000, Train Loss: 0.2988, Validation Set Manhattan Distance: 12.0, Mask Weight: 0.945
Epoch 541/20000, Train Loss: 0.2967, Validation Set Manhattan Distance: 12.0, Mask Weight: 0.945
Epoch 542/20000, Train Loss: 0.2942, Validation Set Manhattan Distance: 12.0, Mask Weight: 0.945
Epoch 543/20000, Train Loss: 0.3003, Validation Set Manhattan Distance: 12.0, Mask Weight: 0.945
Epoch 544/20000, Train Loss: 0.2893, Validation Set Manhattan Distance: 12.0, Mask Weight: 0.945
Epoch 545/20000, Train Loss: 0.2965, Validation Set Manhattan Distance: 12.0, Mask Weight: 0.945
Epoch 546/20000, Train Loss: 0.2955, Validation Set Manhattan Distance: 12.0, Mask Weight: 0.945
Epoch 547/20000, Train Loss: 0.3027, Validation Set Manhattan Distance: 12.0, Mask Weight: 0.945
Epoch 548/20000, Train Loss: 0.3313, Validation Set Manhattan Distance: 12.0, Mask Weight: 0.945
Epoch 549/20000, Train Loss: 0.3001, Validation Set Manhattan Distance: 12.0, Mask Weight: 0.945
Epoch 550/20000, Train Loss: 0.2932, Validation Set Manhattan Distance: 12.0, Mask Weight: 0.945
Epoch 551/20000, Train Loss: 0.2886, Validation Set Manhattan Distance: 12.0, Mask Weight: 0.945
Epoch 552/20000, Train Loss: 0.2770, Validation Set Manhattan Distance: 12.0, Mask Weight: 0.945
Epoch 553/20000, Train Loss: 0.2771, Validation Set Manhattan Distance: 12.0, Mask Weight: 0.945
Epoch 554/20000, Train Loss: 0.2816, Validation Set Manhattan Distance: 12.0, Mask Weight: 0.945
Epoch 555/20000, Train Loss: 0.2893, Validation Set Manhattan Distance: 12.0, Mask Weight: 0.945
Epoch 556/20000, Train Loss: 0.2866, Validation Set Manhattan Distance: 12.0, Mask Weight: 0.945
Epoch 557/20000, Train Loss: 0.3412, Validation Set Manhattan Distance: 12.0, Mask Weight: 0.945
Epoch 558/20000, Train Loss: 0.2855, Validation Set Manhattan Distance: 12.0, Mask Weight: 0.945
Epoch 559/20000, Train Loss: 0.2889, Validation Set Manhattan Distance: 12.0, Mask Weight: 0.945
Epoch 560/20000, Train Loss: 0.2767, Validation Set Manhattan Distance: 12.0, Mask Weight: 0.945
Epoch 561/20000, Train Loss: 0.2709, Validation Set Manhattan Distance: 12.0, Mask Weight: 0.945
Epoch 562/20000, Train Loss: 0.2616, Validation Set Manhattan Distance: 12.0, Mask Weight: 0.945
Epoch 563/20000, Train Loss: 0.2627, Validation Set Manhattan Distance: 12.0, Mask Weight: 0.945
Epoch 564/20000, Train Loss: 0.2667, Validation Set Manhattan Distance: 12.0, Mask Weight: 0.945
Epoch 565/20000, Train Loss: 0.2854, Validation Set Manhattan Distance: 12.0, Mask Weight: 0.945
Epoch 566/20000, Train Loss: 0.2682, Validation Set Manhattan Distance: 12.0, Mask Weight: 0.945
Epoch 567/20000, Train Loss: 0.2757, Validation Set Manhattan Distance: 12.0, Mask Weight: 0.945
Epoch 568/20000, Train Loss: 0.2701, Validation Set Manhattan Distance: 12.0, Mask Weight: 0.945
Epoch 569/20000, Train Loss: 0.2615, Validation Set Manhattan Distance: 12.0, Mask Weight: 0.945
Epoch 570/20000, Train Loss: 0.2934, Validation Set Manhattan Distance: 12.0, Mask Weight: 0.945
Epoch 571/20000, Train Loss: 0.2805, Validation Set Manhattan Distance: 12.0, Mask Weight: 0.945
Epoch 572/20000, Train Loss: 0.3066, Validation Set Manhattan Distance: 12.0, Mask Weight: 0.945
Epoch 573/20000, Train Loss: 0.2779, Validation Set Manhattan Distance: 12.0, Mask Weight: 0.945
Epoch 574/20000, Train Loss: 0.2685, Validation Set Manhattan Distance: 12.0, Mask Weight: 0.945
Epoch 575/20000, Train Loss: 0.2670, Validation Set Manhattan Distance: 12.0, Mask Weight: 0.945
Epoch 576/20000, Train Loss: 0.2757, Validation Set Manhattan Distance: 12.0, Mask Weight: 0.945
Epoch 577/20000, Train Loss: 0.2847, Validation Set Manhattan Distance: 12.0, Mask Weight: 0.945
Epoch 578/20000, Train Loss: 0.2600, Validation Set Manhattan Distance: 12.0, Mask Weight: 0.945
Epoch 579/20000, Train Loss: 0.2571, Validation Set Manhattan Distance: 12.0, Mask Weight: 0.945
Epoch 580/20000, Train Loss: 0.2542, Validation Set Manhattan Distance: 12.0, Mask Weight: 0.945
Epoch 581/20000, Train Loss: 0.2486, Validation Set Manhattan Distance: 12.0, Mask Weight: 0.945
Epoch 582/20000, Train Loss: 0.2418, Validation Set Manhattan Distance: 12.0, Mask Weight: 0.945
Epoch 583/20000, Train Loss: 0.2414, Validation Set Manhattan Distance: 12.0, Mask Weight: 0.945
Epoch 584/20000, Train Loss: 0.2494, Validation Set Manhattan Distance: 12.0, Mask Weight: 0.945
Epoch 585/20000, Train Loss: 0.3344, Validation Set Manhattan Distance: 12.0, Mask Weight: 0.945
Epoch 586/20000, Train Loss: 0.2687, Validation Set Manhattan Distance: 12.0, Mask Weight: 0.945
Epoch 587/20000, Train Loss: 0.2731, Validation Set Manhattan Distance: 12.0, Mask Weight: 0.945
Epoch 588/20000, Train Loss: 0.2738, Validation Set Manhattan Distance: 12.0, Mask Weight: 0.945
Epoch 589/20000, Train Loss: 0.2512, Validation Set Manhattan Distance: 12.0, Mask Weight: 0.945
Epoch 590/20000, Train Loss: 0.2478, Validation Set Manhattan Distance: 12.0, Mask Weight: 0.945
Epoch 591/20000, Train Loss: 0.2454, Validation Set Manhattan Distance: 12.0, Mask Weight: 0.945
Epoch 592/20000, Train Loss: 0.2440, Validation Set Manhattan Distance: 12.0, Mask Weight: 0.945
Epoch 593/20000, Train Loss: 0.2389, Validation Set Manhattan Distance: 12.0, Mask Weight: 0.945
Epoch 594/20000, Train Loss: 0.2386, Validation Set Manhattan Distance: 12.0, Mask Weight: 0.945
Epoch 595/20000, Train Loss: 0.2386, Validation Set Manhattan Distance: 12.0, Mask Weight: 0.945
Epoch 596/20000, Train Loss: 0.2491, Validation Set Manhattan Distance: 12.0, Mask Weight: 0.945
Epoch 597/20000, Train Loss: 0.2396, Validation Set Manhattan Distance: 12.0, Mask Weight: 0.945
Epoch 598/20000, Train Loss: 0.2457, Validation Set Manhattan Distance: 12.0, Mask Weight: 0.945
Epoch 599/20000, Train Loss: 0.2558, Validation Set Manhattan Distance: 12.0, Mask Weight: 0.945
Epoch 600/20000, Train Loss: 0.2381, Validation Set Manhattan Distance: 12.0, Mask Weight: 0.945
Epoch 601/20000, Train Loss: 0.2373, Validation Set Manhattan Distance: 12.0, Mask Weight: 0.945
Epoch 602/20000, Train Loss: 0.2379, Validation Set Manhattan Distance: 12.0, Mask Weight: 0.945
Epoch 603/20000, Train Loss: 0.2372, Validation Set Manhattan Distance: 12.0, Mask Weight: 0.945
Epoch 604/20000, Train Loss: 0.2880, Validation Set Manhattan Distance: 12.0, Mask Weight: 0.945
Epoch 605/20000, Train Loss: 0.4188, Validation Set Manhattan Distance: 12.0, Mask Weight: 0.945
Epoch 606/20000, Train Loss: 0.3004, Validation Set Manhattan Distance: 12.0, Mask Weight: 0.945
Epoch 607/20000, Train Loss: 0.3213, Validation Set Manhattan Distance: 12.0, Mask Weight: 0.945
Epoch 608/20000, Train Loss: 0.3157, Validation Set Manhattan Distance: 12.0, Mask Weight: 0.945
Epoch 609/20000, Train Loss: 0.2826, Validation Set Manhattan Distance: 12.0, Mask Weight: 0.945
Epoch 610/20000, Train Loss: 0.2747, Validation Set Manhattan Distance: 12.0, Mask Weight: 0.945
Epoch 611/20000, Train Loss: 0.2660, Validation Set Manhattan Distance: 12.0, Mask Weight: 0.945
Epoch 612/20000, Train Loss: 0.2637, Validation Set Manhattan Distance: 12.0, Mask Weight: 0.945
Epoch 613/20000, Train Loss: 0.2554, Validation Set Manhattan Distance: 12.0, Mask Weight: 0.945
Epoch 614/20000, Train Loss: 0.2530, Validation Set Manhattan Distance: 12.0, Mask Weight: 0.945
Epoch 615/20000, Train Loss: 0.2536, Validation Set Manhattan Distance: 12.0, Mask Weight: 0.945
Epoch 616/20000, Train Loss: 0.2556, Validation Set Manhattan Distance: 12.0, Mask Weight: 0.945
Epoch 617/20000, Train Loss: 0.2670, Validation Set Manhattan Distance: 12.0, Mask Weight: 0.945
Epoch 618/20000, Train Loss: 0.2509, Validation Set Manhattan Distance: 12.0, Mask Weight: 0.945
Epoch 619/20000, Train Loss: 0.2498, Validation Set Manhattan Distance: 12.0, Mask Weight: 0.945
Epoch 620/20000, Train Loss: 0.2462, Validation Set Manhattan Distance: 12.0, Mask Weight: 0.945
Epoch 621/20000, Train Loss: 0.2409, Validation Set Manhattan Distance: 12.0, Mask Weight: 0.945
Epoch 622/20000, Train Loss: 0.2402, Validation Set Manhattan Distance: 12.0, Mask Weight: 0.945
Epoch 623/20000, Train Loss: 0.2367, Validation Set Manhattan Distance: 12.0, Mask Weight: 0.945
Epoch 624/20000, Train Loss: 0.2421, Validation Set Manhattan Distance: 12.0, Mask Weight: 0.945
Epoch 625/20000, Train Loss: 0.2454, Validation Set Manhattan Distance: 12.0, Mask Weight: 0.945
Epoch 626/20000, Train Loss: 0.2444, Validation Set Manhattan Distance: 12.0, Mask Weight: 0.945
Epoch 627/20000, Train Loss: 0.2363, Validation Set Manhattan Distance: 12.0, Mask Weight: 0.945
Epoch 628/20000, Train Loss: 0.2324, Validation Set Manhattan Distance: 12.0, Mask Weight: 0.945
Epoch 629/20000, Train Loss: 0.2344, Validation Set Manhattan Distance: 12.0, Mask Weight: 0.945
Epoch 630/20000, Train Loss: 0.2326, Validation Set Manhattan Distance: 12.0, Mask Weight: 0.945
Epoch 631/20000, Train Loss: 0.2317, Validation Set Manhattan Distance: 12.0, Mask Weight: 0.945
Epoch 632/20000, Train Loss: 0.2342, Validation Set Manhattan Distance: 12.0, Mask Weight: 0.945
Epoch 633/20000, Train Loss: 0.2322, Validation Set Manhattan Distance: 12.0, Mask Weight: 0.945
Epoch 634/20000, Train Loss: 0.2336, Validation Set Manhattan Distance: 12.0, Mask Weight: 0.945
Epoch 635/20000, Train Loss: 0.2316, Validation Set Manhattan Distance: 12.0, Mask Weight: 0.945
Epoch 636/20000, Train Loss: 0.2322, Validation Set Manhattan Distance: 12.0, Mask Weight: 0.945
Epoch 637/20000, Train Loss: 0.2312, Validation Set Manhattan Distance: 12.0, Mask Weight: 0.945
Epoch 638/20000, Train Loss: 0.2301, Validation Set Manhattan Distance: 12.0, Mask Weight: 0.945
Epoch 639/20000, Train Loss: 0.2312, Validation Set Manhattan Distance: 12.0, Mask Weight: 0.945
Epoch 640/20000, Train Loss: 0.2301, Validation Set Manhattan Distance: 12.0, Mask Weight: 0.945
Epoch 641/20000, Train Loss: 0.2304, Validation Set Manhattan Distance: 12.0, Mask Weight: 0.945
Epoch 642/20000, Train Loss: 0.2299, Validation Set Manhattan Distance: 12.0, Mask Weight: 0.945
Epoch 643/20000, Train Loss: 0.2306, Validation Set Manhattan Distance: 12.0, Mask Weight: 0.945
Epoch 644/20000, Train Loss: 0.2313, Validation Set Manhattan Distance: 12.0, Mask Weight: 0.945
Epoch 645/20000, Train Loss: 0.2299, Validation Set Manhattan Distance: 12.0, Mask Weight: 0.945
Epoch 646/20000, Train Loss: 0.2301, Validation Set Manhattan Distance: 12.0, Mask Weight: 0.945
Epoch 647/20000, Train Loss: 0.2299, Validation Set Manhattan Distance: 12.0, Mask Weight: 0.945
Epoch 648/20000, Train Loss: 0.2305, Validation Set Manhattan Distance: 12.0, Mask Weight: 0.945
Epoch 649/20000, Train Loss: 0.2311, Validation Set Manhattan Distance: 12.0, Mask Weight: 0.945
Epoch 650/20000, Train Loss: 0.2300, Validation Set Manhattan Distance: 12.0, Mask Weight: 0.945
Epoch 651/20000, Train Loss: 0.2314, Validation Set Manhattan Distance: 12.0, Mask Weight: 0.945
Epoch 652/20000, Train Loss: 0.2304, Validation Set Manhattan Distance: 12.0, Mask Weight: 0.945
Epoch 653/20000, Train Loss: 0.2313, Validation Set Manhattan Distance: 12.0, Mask Weight: 0.945
Epoch 654/20000, Train Loss: 0.2448, Validation Set Manhattan Distance: 12.0, Mask Weight: 0.945
Epoch 655/20000, Train Loss: 0.3823, Validation Set Manhattan Distance: 12.0, Mask Weight: 0.945
Epoch 656/20000, Train Loss: 0.7191, Validation Set Manhattan Distance: 12.0, Mask Weight: 0.945
Epoch 657/20000, Train Loss: 0.7077, Validation Set Manhattan Distance: 12.0, Mask Weight: 0.945
Epoch 658/20000, Train Loss: 0.6851, Validation Set Manhattan Distance: 12.0, Mask Weight: 0.945
Epoch 659/20000, Train Loss: 0.6500, Validation Set Manhattan Distance: 12.0, Mask Weight: 0.945
Epoch 660/20000, Train Loss: 0.5054, Validation Set Manhattan Distance: 12.0, Mask Weight: 0.945
Epoch 661/20000, Train Loss: 0.4227, Validation Set Manhattan Distance: 12.0, Mask Weight: 0.945
Epoch 662/20000, Train Loss: 0.3613, Validation Set Manhattan Distance: 12.0, Mask Weight: 0.945
Epoch 663/20000, Train Loss: 0.3343, Validation Set Manhattan Distance: 12.0, Mask Weight: 0.945
Epoch 664/20000, Train Loss: 0.3257, Validation Set Manhattan Distance: 12.0, Mask Weight: 0.945
Epoch 665/20000, Train Loss: 0.3087, Validation Set Manhattan Distance: 12.0, Mask Weight: 0.945
Epoch 666/20000, Train Loss: 0.2929, Validation Set Manhattan Distance: 12.0, Mask Weight: 0.945
Epoch 667/20000, Train Loss: 0.2782, Validation Set Manhattan Distance: 12.0, Mask Weight: 0.945
Epoch 668/20000, Train Loss: 0.2655, Validation Set Manhattan Distance: 12.0, Mask Weight: 0.945
Epoch 669/20000, Train Loss: 0.2559, Validation Set Manhattan Distance: 12.0, Mask Weight: 0.945
Epoch 670/20000, Train Loss: 0.2453, Validation Set Manhattan Distance: 12.0, Mask Weight: 0.945
Epoch 671/20000, Train Loss: 0.2407, Validation Set Manhattan Distance: 12.0, Mask Weight: 0.945
Epoch 672/20000, Train Loss: 0.2399, Validation Set Manhattan Distance: 12.0, Mask Weight: 0.945
Epoch 673/20000, Train Loss: 0.2377, Validation Set Manhattan Distance: 12.0, Mask Weight: 0.945
Epoch 674/20000, Train Loss: 0.2363, Validation Set Manhattan Distance: 12.0, Mask Weight: 0.945
Epoch 675/20000, Train Loss: 0.2346, Validation Set Manhattan Distance: 12.0, Mask Weight: 0.945
Epoch 676/20000, Train Loss: 0.2339, Validation Set Manhattan Distance: 12.0, Mask Weight: 0.945
Epoch 677/20000, Train Loss: 0.2336, Validation Set Manhattan Distance: 12.0, Mask Weight: 0.945
Epoch 678/20000, Train Loss: 0.2343, Validation Set Manhattan Distance: 12.0, Mask Weight: 0.945
Epoch 679/20000, Train Loss: 0.2356, Validation Set Manhattan Distance: 12.0, Mask Weight: 0.945
Epoch 680/20000, Train Loss: 0.2351, Validation Set Manhattan Distance: 12.0, Mask Weight: 0.945
Epoch 681/20000, Train Loss: 0.2358, Validation Set Manhattan Distance: 12.0, Mask Weight: 0.945
Epoch 682/20000, Train Loss: 0.2361, Validation Set Manhattan Distance: 12.0, Mask Weight: 0.945
Epoch 683/20000, Train Loss: 0.2339, Validation Set Manhattan Distance: 12.0, Mask Weight: 0.945
Epoch 684/20000, Train Loss: 0.2341, Validation Set Manhattan Distance: 12.0, Mask Weight: 0.945
Epoch 685/20000, Train Loss: 0.2368, Validation Set Manhattan Distance: 12.0, Mask Weight: 0.945
Epoch 686/20000, Train Loss: 0.2335, Validation Set Manhattan Distance: 12.0, Mask Weight: 0.945
Epoch 687/20000, Train Loss: 0.2365, Validation Set Manhattan Distance: 12.0, Mask Weight: 0.945
Epoch 688/20000, Train Loss: 0.2325, Validation Set Manhattan Distance: 12.0, Mask Weight: 0.945
Epoch 689/20000, Train Loss: 0.2310, Validation Set Manhattan Distance: 12.0, Mask Weight: 0.945
Epoch 690/20000, Train Loss: 0.2330, Validation Set Manhattan Distance: 12.0, Mask Weight: 0.945
Epoch 691/20000, Train Loss: 0.2308, Validation Set Manhattan Distance: 12.0, Mask Weight: 0.945
Epoch 692/20000, Train Loss: 0.2302, Validation Set Manhattan Distance: 12.0, Mask Weight: 0.945
Epoch 693/20000, Train Loss: 0.2309, Validation Set Manhattan Distance: 12.0, Mask Weight: 0.945
Epoch 694/20000, Train Loss: 0.2287, Validation Set Manhattan Distance: 12.0, Mask Weight: 0.945
Epoch 695/20000, Train Loss: 0.2305, Validation Set Manhattan Distance: 12.0, Mask Weight: 0.945
Epoch 696/20000, Train Loss: 0.2294, Validation Set Manhattan Distance: 12.0, Mask Weight: 0.945
Epoch 697/20000, Train Loss: 0.2299, Validation Set Manhattan Distance: 12.0, Mask Weight: 0.945
Epoch 698/20000, Train Loss: 0.2313, Validation Set Manhattan Distance: 12.0, Mask Weight: 0.945
Epoch 699/20000, Train Loss: 0.2284, Validation Set Manhattan Distance: 12.0, Mask Weight: 0.945
Epoch 700/20000, Train Loss: 0.2306, Validation Set Manhattan Distance: 12.0, Mask Weight: 0.945
Epoch 701/20000, Train Loss: 0.2280, Validation Set Manhattan Distance: 12.0, Mask Weight: 0.945
Epoch 702/20000, Train Loss: 0.2292, Validation Set Manhattan Distance: 12.0, Mask Weight: 0.945
Epoch 703/20000, Train Loss: 0.2291, Validation Set Manhattan Distance: 12.0, Mask Weight: 0.945
Epoch 704/20000, Train Loss: 0.2298, Validation Set Manhattan Distance: 12.0, Mask Weight: 0.945
Epoch 705/20000, Train Loss: 0.2293, Validation Set Manhattan Distance: 12.0, Mask Weight: 0.945
Epoch 706/20000, Train Loss: 0.2295, Validation Set Manhattan Distance: 12.0, Mask Weight: 0.945
Epoch 707/20000, Train Loss: 0.2297, Validation Set Manhattan Distance: 12.0, Mask Weight: 0.945
Epoch 708/20000, Train Loss: 0.2301, Validation Set Manhattan Distance: 12.0, Mask Weight: 0.945
Epoch 709/20000, Train Loss: 0.2292, Validation Set Manhattan Distance: 12.0, Mask Weight: 0.945
Epoch 710/20000, Train Loss: 0.2290, Validation Set Manhattan Distance: 12.0, Mask Weight: 0.945
Epoch 711/20000, Train Loss: 0.2295, Validation Set Manhattan Distance: 12.0, Mask Weight: 0.945
Epoch 712/20000, Train Loss: 0.2280, Validation Set Manhattan Distance: 12.0, Mask Weight: 0.945
Epoch 713/20000, Train Loss: 0.2312, Validation Set Manhattan Distance: 12.0, Mask Weight: 0.945
Epoch 714/20000, Train Loss: 0.2298, Validation Set Manhattan Distance: 12.0, Mask Weight: 0.945
Epoch 715/20000, Train Loss: 0.2298, Validation Set Manhattan Distance: 12.0, Mask Weight: 0.945
Epoch 716/20000, Train Loss: 0.2284, Validation Set Manhattan Distance: 12.0, Mask Weight: 0.945
Epoch 717/20000, Train Loss: 0.2288, Validation Set Manhattan Distance: 12.0, Mask Weight: 0.945
Epoch 718/20000, Train Loss: 0.2292, Validation Set Manhattan Distance: 12.0, Mask Weight: 0.945
Epoch 719/20000, Train Loss: 0.2279, Validation Set Manhattan Distance: 12.0, Mask Weight: 0.945
Epoch 720/20000, Train Loss: 0.2309, Validation Set Manhattan Distance: 12.0, Mask Weight: 0.945
Epoch 721/20000, Train Loss: 0.2289, Validation Set Manhattan Distance: 12.0, Mask Weight: 0.945
Epoch 722/20000, Train Loss: 0.2300, Validation Set Manhattan Distance: 12.0, Mask Weight: 0.945
Epoch 723/20000, Train Loss: 0.2291, Validation Set Manhattan Distance: 12.0, Mask Weight: 0.945
Epoch 724/20000, Train Loss: 0.2309, Validation Set Manhattan Distance: 12.0, Mask Weight: 0.945
Epoch 725/20000, Train Loss: 0.2310, Validation Set Manhattan Distance: 12.0, Mask Weight: 0.945
Epoch 726/20000, Train Loss: 0.2301, Validation Set Manhattan Distance: 12.0, Mask Weight: 0.945
Epoch 727/20000, Train Loss: 0.2311, Validation Set Manhattan Distance: 12.0, Mask Weight: 0.945
Epoch 728/20000, Train Loss: 0.2318, Validation Set Manhattan Distance: 12.0, Mask Weight: 0.945
Epoch 729/20000, Train Loss: 0.2294, Validation Set Manhattan Distance: 12.0, Mask Weight: 0.945
Epoch 730/20000, Train Loss: 0.2311, Validation Set Manhattan Distance: 12.0, Mask Weight: 0.945
Epoch 731/20000, Train Loss: 0.2300, Validation Set Manhattan Distance: 12.0, Mask Weight: 0.945
Epoch 732/20000, Train Loss: 0.2300, Validation Set Manhattan Distance: 12.0, Mask Weight: 0.945
Epoch 733/20000, Train Loss: 0.2304, Validation Set Manhattan Distance: 12.0, Mask Weight: 0.945
Epoch 734/20000, Train Loss: 0.2283, Validation Set Manhattan Distance: 12.0, Mask Weight: 0.945
Epoch 735/20000, Train Loss: 0.2302, Validation Set Manhattan Distance: 12.0, Mask Weight: 0.945
Epoch 736/20000, Train Loss: 0.2303, Validation Set Manhattan Distance: 12.0, Mask Weight: 0.945
Epoch 737/20000, Train Loss: 0.2308, Validation Set Manhattan Distance: 12.0, Mask Weight: 0.945
Epoch 738/20000, Train Loss: 0.2278, Validation Set Manhattan Distance: 12.0, Mask Weight: 0.945
Epoch 739/20000, Train Loss: 0.2292, Validation Set Manhattan Distance: 12.0, Mask Weight: 0.945
Epoch 740/20000, Train Loss: 0.2296, Validation Set Manhattan Distance: 12.0, Mask Weight: 0.945
Epoch 741/20000, Train Loss: 0.2300, Validation Set Manhattan Distance: 12.0, Mask Weight: 0.945
Epoch 742/20000, Train Loss: 0.2301, Validation Set Manhattan Distance: 12.0, Mask Weight: 0.945
Epoch 743/20000, Train Loss: 0.2291, Validation Set Manhattan Distance: 12.0, Mask Weight: 0.945
Epoch 744/20000, Train Loss: 0.2310, Validation Set Manhattan Distance: 12.0, Mask Weight: 0.945
Epoch 745/20000, Train Loss: 0.2310, Validation Set Manhattan Distance: 12.0, Mask Weight: 0.945
Epoch 746/20000, Train Loss: 0.2315, Validation Set Manhattan Distance: 12.0, Mask Weight: 0.945
Epoch 747/20000, Train Loss: 0.2313, Validation Set Manhattan Distance: 12.0, Mask Weight: 0.945
Epoch 748/20000, Train Loss: 0.2301, Validation Set Manhattan Distance: 12.0, Mask Weight: 0.945
Epoch 749/20000, Train Loss: 0.2285, Validation Set Manhattan Distance: 12.0, Mask Weight: 0.945
Epoch 750/20000, Train Loss: 0.2289, Validation Set Manhattan Distance: 12.0, Mask Weight: 0.945
Epoch 751/20000, Train Loss: 0.2292, Validation Set Manhattan Distance: 12.0, Mask Weight: 0.945
Epoch 752/20000, Train Loss: 0.2282, Validation Set Manhattan Distance: 12.0, Mask Weight: 0.945
Epoch 753/20000, Train Loss: 0.2297, Validation Set Manhattan Distance: 12.0, Mask Weight: 0.945
Epoch 754/20000, Train Loss: 0.2287, Validation Set Manhattan Distance: 12.0, Mask Weight: 0.945
Epoch 755/20000, Train Loss: 0.2295, Validation Set Manhattan Distance: 12.0, Mask Weight: 0.945
Epoch 756/20000, Train Loss: 0.2277, Validation Set Manhattan Distance: 12.0, Mask Weight: 0.945
Epoch 757/20000, Train Loss: 0.2296, Validation Set Manhattan Distance: 12.0, Mask Weight: 0.945
Epoch 758/20000, Train Loss: 0.2302, Validation Set Manhattan Distance: 12.0, Mask Weight: 0.945
Epoch 759/20000, Train Loss: 0.2309, Validation Set Manhattan Distance: 12.0, Mask Weight: 0.945
Epoch 760/20000, Train Loss: 0.2289, Validation Set Manhattan Distance: 12.0, Mask Weight: 0.945
Epoch 761/20000, Train Loss: 0.2291, Validation Set Manhattan Distance: 12.0, Mask Weight: 0.945
Epoch 762/20000, Train Loss: 0.2290, Validation Set Manhattan Distance: 12.0, Mask Weight: 0.945
Epoch 763/20000, Train Loss: 0.2278, Validation Set Manhattan Distance: 12.0, Mask Weight: 0.945
Epoch 764/20000, Train Loss: 0.2283, Validation Set Manhattan Distance: 12.0, Mask Weight: 0.945
Epoch 765/20000, Train Loss: 0.2291, Validation Set Manhattan Distance: 12.0, Mask Weight: 0.945
Epoch 766/20000, Train Loss: 0.2293, Validation Set Manhattan Distance: 12.0, Mask Weight: 0.945
Epoch 767/20000, Train Loss: 0.2281, Validation Set Manhattan Distance: 12.0, Mask Weight: 0.945
Epoch 768/20000, Train Loss: 0.2290, Validation Set Manhattan Distance: 12.0, Mask Weight: 0.945
Epoch 769/20000, Train Loss: 0.2288, Validation Set Manhattan Distance: 12.0, Mask Weight: 0.945
Epoch 770/20000, Train Loss: 0.2290, Validation Set Manhattan Distance: 12.0, Mask Weight: 0.945
Epoch 771/20000, Train Loss: 0.2284, Validation Set Manhattan Distance: 12.0, Mask Weight: 0.945
Epoch 772/20000, Train Loss: 0.2284, Validation Set Manhattan Distance: 12.0, Mask Weight: 0.945
Epoch 773/20000, Train Loss: 0.2284, Validation Set Manhattan Distance: 12.0, Mask Weight: 0.945
Epoch 774/20000, Train Loss: 0.2294, Validation Set Manhattan Distance: 12.0, Mask Weight: 0.945
Epoch 775/20000, Train Loss: 0.2268, Validation Set Manhattan Distance: 12.0, Mask Weight: 0.945
Epoch 776/20000, Train Loss: 0.2283, Validation Set Manhattan Distance: 12.0, Mask Weight: 0.945
Epoch 777/20000, Train Loss: 0.2299, Validation Set Manhattan Distance: 12.0, Mask Weight: 0.945
Epoch 778/20000, Train Loss: 0.2281, Validation Set Manhattan Distance: 12.0, Mask Weight: 0.945
Epoch 779/20000, Train Loss: 0.2288, Validation Set Manhattan Distance: 12.0, Mask Weight: 0.945
Epoch 780/20000, Train Loss: 0.2279, Validation Set Manhattan Distance: 12.0, Mask Weight: 0.945
Epoch 781/20000, Train Loss: 0.2274, Validation Set Manhattan Distance: 12.0, Mask Weight: 0.945
Epoch 782/20000, Train Loss: 0.2295, Validation Set Manhattan Distance: 12.0, Mask Weight: 0.945
Epoch 783/20000, Train Loss: 0.2284, Validation Set Manhattan Distance: 12.0, Mask Weight: 0.945
Epoch 784/20000, Train Loss: 0.2275, Validation Set Manhattan Distance: 12.0, Mask Weight: 0.945
Epoch 785/20000, Train Loss: 0.2281, Validation Set Manhattan Distance: 12.0, Mask Weight: 0.945
Epoch 786/20000, Train Loss: 0.2277, Validation Set Manhattan Distance: 12.0, Mask Weight: 0.945
Epoch 787/20000, Train Loss: 0.2281, Validation Set Manhattan Distance: 12.0, Mask Weight: 0.945
Epoch 788/20000, Train Loss: 0.2281, Validation Set Manhattan Distance: 12.0, Mask Weight: 0.945
Epoch 789/20000, Train Loss: 0.2290, Validation Set Manhattan Distance: 12.0, Mask Weight: 0.945
Epoch 790/20000, Train Loss: 0.2280, Validation Set Manhattan Distance: 12.0, Mask Weight: 0.945
Epoch 791/20000, Train Loss: 0.2282, Validation Set Manhattan Distance: 12.0, Mask Weight: 0.945
Epoch 792/20000, Train Loss: 0.2280, Validation Set Manhattan Distance: 12.0, Mask Weight: 0.945
Epoch 793/20000, Train Loss: 0.2288, Validation Set Manhattan Distance: 12.0, Mask Weight: 0.945
Epoch 794/20000, Train Loss: 0.2272, Validation Set Manhattan Distance: 12.0, Mask Weight: 0.945
Epoch 795/20000, Train Loss: 0.2288, Validation Set Manhattan Distance: 12.0, Mask Weight: 0.945
Epoch 796/20000, Train Loss: 0.2270, Validation Set Manhattan Distance: 12.0, Mask Weight: 0.945
Epoch 797/20000, Train Loss: 0.2286, Validation Set Manhattan Distance: 12.0, Mask Weight: 0.945
Epoch 798/20000, Train Loss: 0.2291, Validation Set Manhattan Distance: 12.0, Mask Weight: 0.945
Epoch 799/20000, Train Loss: 0.2284, Validation Set Manhattan Distance: 12.0, Mask Weight: 0.945
Epoch 800/20000, Train Loss: 0.2289, Validation Set Manhattan Distance: 12.0, Mask Weight: 0.945
Epoch 801/20000, Train Loss: 0.2314, Validation Set Manhattan Distance: 12.0, Mask Weight: 0.945
Epoch 802/20000, Train Loss: 0.2292, Validation Set Manhattan Distance: 12.0, Mask Weight: 0.945
Epoch 803/20000, Train Loss: 0.2292, Validation Set Manhattan Distance: 12.0, Mask Weight: 0.945
Epoch 804/20000, Train Loss: 0.2288, Validation Set Manhattan Distance: 12.0, Mask Weight: 0.945
Epoch 805/20000, Train Loss: 0.2291, Validation Set Manhattan Distance: 12.0, Mask Weight: 0.945
Epoch 806/20000, Train Loss: 0.2295, Validation Set Manhattan Distance: 12.0, Mask Weight: 0.945
Epoch 807/20000, Train Loss: 0.2296, Validation Set Manhattan Distance: 12.0, Mask Weight: 0.945
Epoch 808/20000, Train Loss: 0.2286, Validation Set Manhattan Distance: 12.0, Mask Weight: 0.945
Epoch 809/20000, Train Loss: 0.2297, Validation Set Manhattan Distance: 12.0, Mask Weight: 0.945
Epoch 810/20000, Train Loss: 0.2268, Validation Set Manhattan Distance: 12.0, Mask Weight: 0.945
Epoch 811/20000, Train Loss: 0.2277, Validation Set Manhattan Distance: 12.0, Mask Weight: 0.945
Epoch 812/20000, Train Loss: 0.2288, Validation Set Manhattan Distance: 12.0, Mask Weight: 0.945
Epoch 813/20000, Train Loss: 0.2284, Validation Set Manhattan Distance: 12.0, Mask Weight: 0.945
Epoch 814/20000, Train Loss: 0.2275, Validation Set Manhattan Distance: 12.0, Mask Weight: 0.945
Epoch 815/20000, Train Loss: 0.2280, Validation Set Manhattan Distance: 12.0, Mask Weight: 0.945
Epoch 816/20000, Train Loss: 0.2291, Validation Set Manhattan Distance: 12.0, Mask Weight: 0.945
Epoch 817/20000, Train Loss: 0.2292, Validation Set Manhattan Distance: 12.0, Mask Weight: 0.945
Epoch 818/20000, Train Loss: 0.2291, Validation Set Manhattan Distance: 12.0, Mask Weight: 0.945
Epoch 819/20000, Train Loss: 0.2290, Validation Set Manhattan Distance: 12.0, Mask Weight: 0.945
Epoch 820/20000, Train Loss: 0.2283, Validation Set Manhattan Distance: 12.0, Mask Weight: 0.945
Epoch 821/20000, Train Loss: 0.2277, Validation Set Manhattan Distance: 12.0, Mask Weight: 0.945
Epoch 822/20000, Train Loss: 0.2288, Validation Set Manhattan Distance: 12.0, Mask Weight: 0.945
Epoch 823/20000, Train Loss: 0.2278, Validation Set Manhattan Distance: 12.0, Mask Weight: 0.945
Epoch 824/20000, Train Loss: 0.2288, Validation Set Manhattan Distance: 12.0, Mask Weight: 0.945
Epoch 825/20000, Train Loss: 0.2278, Validation Set Manhattan Distance: 12.0, Mask Weight: 0.945
Epoch 826/20000, Train Loss: 0.2288, Validation Set Manhattan Distance: 12.0, Mask Weight: 0.945
Epoch 827/20000, Train Loss: 0.2285, Validation Set Manhattan Distance: 12.0, Mask Weight: 0.945
Epoch 828/20000, Train Loss: 0.2288, Validation Set Manhattan Distance: 12.0, Mask Weight: 0.945
Epoch 829/20000, Train Loss: 0.2290, Validation Set Manhattan Distance: 12.0, Mask Weight: 0.945
Epoch 830/20000, Train Loss: 0.2270, Validation Set Manhattan Distance: 12.0, Mask Weight: 0.945
Epoch 831/20000, Train Loss: 0.2282, Validation Set Manhattan Distance: 12.0, Mask Weight: 0.945
Epoch 832/20000, Train Loss: 0.2279, Validation Set Manhattan Distance: 12.0, Mask Weight: 0.945
Epoch 833/20000, Train Loss: 0.2274, Validation Set Manhattan Distance: 12.0, Mask Weight: 0.945
Epoch 834/20000, Train Loss: 0.2279, Validation Set Manhattan Distance: 12.0, Mask Weight: 0.945
Epoch 835/20000, Train Loss: 0.2286, Validation Set Manhattan Distance: 12.0, Mask Weight: 0.945
Epoch 836/20000, Train Loss: 0.2283, Validation Set Manhattan Distance: 12.0, Mask Weight: 0.945
Epoch 837/20000, Train Loss: 0.2269, Validation Set Manhattan Distance: 12.0, Mask Weight: 0.945
Epoch 838/20000, Train Loss: 0.2286, Validation Set Manhattan Distance: 12.0, Mask Weight: 0.945
Epoch 839/20000, Train Loss: 0.2275, Validation Set Manhattan Distance: 12.0, Mask Weight: 0.945
Epoch 840/20000, Train Loss: 0.2291, Validation Set Manhattan Distance: 12.0, Mask Weight: 0.945
Epoch 841/20000, Train Loss: 0.2283, Validation Set Manhattan Distance: 12.0, Mask Weight: 0.945
Epoch 842/20000, Train Loss: 0.2278, Validation Set Manhattan Distance: 12.0, Mask Weight: 0.945
Epoch 843/20000, Train Loss: 0.2293, Validation Set Manhattan Distance: 12.0, Mask Weight: 0.945
Epoch 844/20000, Train Loss: 0.2295, Validation Set Manhattan Distance: 12.0, Mask Weight: 0.945
Epoch 845/20000, Train Loss: 0.2292, Validation Set Manhattan Distance: 12.0, Mask Weight: 0.945
Epoch 846/20000, Train Loss: 0.2303, Validation Set Manhattan Distance: 12.0, Mask Weight: 0.945
Epoch 847/20000, Train Loss: 0.2276, Validation Set Manhattan Distance: 12.0, Mask Weight: 0.945
Epoch 848/20000, Train Loss: 0.2283, Validation Set Manhattan Distance: 12.0, Mask Weight: 0.945
Epoch 849/20000, Train Loss: 0.2286, Validation Set Manhattan Distance: 12.0, Mask Weight: 0.945
Epoch 850/20000, Train Loss: 0.2304, Validation Set Manhattan Distance: 12.0, Mask Weight: 0.945
Epoch 851/20000, Train Loss: 0.2295, Validation Set Manhattan Distance: 12.0, Mask Weight: 0.945
Epoch 852/20000, Train Loss: 0.2299, Validation Set Manhattan Distance: 12.0, Mask Weight: 0.945
Epoch 853/20000, Train Loss: 0.2287, Validation Set Manhattan Distance: 12.0, Mask Weight: 0.945
Epoch 854/20000, Train Loss: 0.2288, Validation Set Manhattan Distance: 12.0, Mask Weight: 0.945
Epoch 855/20000, Train Loss: 0.2274, Validation Set Manhattan Distance: 12.0, Mask Weight: 0.945
Epoch 856/20000, Train Loss: 0.2291, Validation Set Manhattan Distance: 12.0, Mask Weight: 0.945
Epoch 857/20000, Train Loss: 0.2272, Validation Set Manhattan Distance: 12.0, Mask Weight: 0.945
Epoch 858/20000, Train Loss: 0.2272, Validation Set Manhattan Distance: 12.0, Mask Weight: 0.945
Epoch 859/20000, Train Loss: 0.2270, Validation Set Manhattan Distance: 12.0, Mask Weight: 0.945
Epoch 860/20000, Train Loss: 0.2272, Validation Set Manhattan Distance: 12.0, Mask Weight: 0.945
Epoch 861/20000, Train Loss: 0.2290, Validation Set Manhattan Distance: 12.0, Mask Weight: 0.945
Epoch 862/20000, Train Loss: 0.2284, Validation Set Manhattan Distance: 12.0, Mask Weight: 0.945
Epoch 863/20000, Train Loss: 0.2282, Validation Set Manhattan Distance: 12.0, Mask Weight: 0.945
Epoch 864/20000, Train Loss: 0.2273, Validation Set Manhattan Distance: 12.0, Mask Weight: 0.945
Epoch 865/20000, Train Loss: 0.2266, Validation Set Manhattan Distance: 12.0, Mask Weight: 0.945
Epoch 866/20000, Train Loss: 0.2271, Validation Set Manhattan Distance: 12.0, Mask Weight: 0.945
Epoch 867/20000, Train Loss: 0.2273, Validation Set Manhattan Distance: 12.0, Mask Weight: 0.945
Epoch 868/20000, Train Loss: 0.2287, Validation Set Manhattan Distance: 12.0, Mask Weight: 0.945
Epoch 869/20000, Train Loss: 0.2275, Validation Set Manhattan Distance: 12.0, Mask Weight: 0.945
Epoch 870/20000, Train Loss: 0.2273, Validation Set Manhattan Distance: 12.0, Mask Weight: 0.945
Epoch 871/20000, Train Loss: 0.2284, Validation Set Manhattan Distance: 12.0, Mask Weight: 0.945
Epoch 872/20000, Train Loss: 0.2306, Validation Set Manhattan Distance: 12.0, Mask Weight: 0.945
Epoch 873/20000, Train Loss: 0.2284, Validation Set Manhattan Distance: 12.0, Mask Weight: 0.945
Epoch 874/20000, Train Loss: 0.2284, Validation Set Manhattan Distance: 12.0, Mask Weight: 0.945
Epoch 875/20000, Train Loss: 0.2277, Validation Set Manhattan Distance: 12.0, Mask Weight: 0.945
Epoch 876/20000, Train Loss: 0.2286, Validation Set Manhattan Distance: 12.0, Mask Weight: 0.945
Epoch 877/20000, Train Loss: 0.2282, Validation Set Manhattan Distance: 12.0, Mask Weight: 0.945
Epoch 878/20000, Train Loss: 0.2275, Validation Set Manhattan Distance: 12.0, Mask Weight: 0.945
Epoch 879/20000, Train Loss: 0.2310, Validation Set Manhattan Distance: 12.0, Mask Weight: 0.945
Epoch 880/20000, Train Loss: 0.2283, Validation Set Manhattan Distance: 12.0, Mask Weight: 0.945
Epoch 881/20000, Train Loss: 0.2286, Validation Set Manhattan Distance: 12.0, Mask Weight: 0.945
Epoch 882/20000, Train Loss: 0.2274, Validation Set Manhattan Distance: 12.0, Mask Weight: 0.945
Epoch 883/20000, Train Loss: 0.2281, Validation Set Manhattan Distance: 12.0, Mask Weight: 0.945
Epoch 884/20000, Train Loss: 0.2278, Validation Set Manhattan Distance: 12.0, Mask Weight: 0.945
Epoch 885/20000, Train Loss: 0.2272, Validation Set Manhattan Distance: 12.0, Mask Weight: 0.945
Epoch 886/20000, Train Loss: 0.2287, Validation Set Manhattan Distance: 12.0, Mask Weight: 0.945
Epoch 887/20000, Train Loss: 0.2276, Validation Set Manhattan Distance: 12.0, Mask Weight: 0.945
Epoch 888/20000, Train Loss: 0.2279, Validation Set Manhattan Distance: 12.0, Mask Weight: 0.945
Epoch 889/20000, Train Loss: 0.2270, Validation Set Manhattan Distance: 12.0, Mask Weight: 0.945
Epoch 890/20000, Train Loss: 0.2268, Validation Set Manhattan Distance: 12.0, Mask Weight: 0.945
Epoch 891/20000, Train Loss: 0.2279, Validation Set Manhattan Distance: 12.0, Mask Weight: 0.945
Epoch 892/20000, Train Loss: 0.2273, Validation Set Manhattan Distance: 12.0, Mask Weight: 0.945
Epoch 893/20000, Train Loss: 0.2274, Validation Set Manhattan Distance: 12.0, Mask Weight: 0.945
Epoch 894/20000, Train Loss: 0.2277, Validation Set Manhattan Distance: 12.0, Mask Weight: 0.945
Epoch 895/20000, Train Loss: 0.2287, Validation Set Manhattan Distance: 12.0, Mask Weight: 0.945
Epoch 896/20000, Train Loss: 0.2291, Validation Set Manhattan Distance: 12.0, Mask Weight: 0.945
Epoch 897/20000, Train Loss: 0.2271, Validation Set Manhattan Distance: 12.0, Mask Weight: 0.945
Epoch 898/20000, Train Loss: 0.2268, Validation Set Manhattan Distance: 12.0, Mask Weight: 0.945
Epoch 899/20000, Train Loss: 0.2267, Validation Set Manhattan Distance: 12.0, Mask Weight: 0.945
Epoch 900/20000, Train Loss: 0.2268, Validation Set Manhattan Distance: 12.0, Mask Weight: 0.945
Epoch 901/20000, Train Loss: 0.2271, Validation Set Manhattan Distance: 12.0, Mask Weight: 0.945
Epoch 902/20000, Train Loss: 0.2283, Validation Set Manhattan Distance: 12.0, Mask Weight: 0.945
Epoch 903/20000, Train Loss: 0.2269, Validation Set Manhattan Distance: 12.0, Mask Weight: 0.945
Epoch 904/20000, Train Loss: 0.2267, Validation Set Manhattan Distance: 12.0, Mask Weight: 0.945
Epoch 905/20000, Train Loss: 0.2264, Validation Set Manhattan Distance: 12.0, Mask Weight: 0.945
Epoch 906/20000, Train Loss: 0.2274, Validation Set Manhattan Distance: 12.0, Mask Weight: 0.945
Epoch 907/20000, Train Loss: 0.2279, Validation Set Manhattan Distance: 12.0, Mask Weight: 0.945
Epoch 908/20000, Train Loss: 0.2274, Validation Set Manhattan Distance: 12.0, Mask Weight: 0.945
Epoch 909/20000, Train Loss: 0.2280, Validation Set Manhattan Distance: 12.0, Mask Weight: 0.945
Epoch 910/20000, Train Loss: 0.2279, Validation Set Manhattan Distance: 12.0, Mask Weight: 0.945
Epoch 911/20000, Train Loss: 0.2268, Validation Set Manhattan Distance: 12.0, Mask Weight: 0.945
Epoch 912/20000, Train Loss: 0.2274, Validation Set Manhattan Distance: 12.0, Mask Weight: 0.945
Epoch 913/20000, Train Loss: 0.2271, Validation Set Manhattan Distance: 12.0, Mask Weight: 0.945
Epoch 914/20000, Train Loss: 0.2267, Validation Set Manhattan Distance: 12.0, Mask Weight: 0.945
Epoch 915/20000, Train Loss: 0.2267, Validation Set Manhattan Distance: 12.0, Mask Weight: 0.945
Epoch 916/20000, Train Loss: 0.2284, Validation Set Manhattan Distance: 12.0, Mask Weight: 0.945
Epoch 917/20000, Train Loss: 0.2291, Validation Set Manhattan Distance: 12.0, Mask Weight: 0.945
Epoch 918/20000, Train Loss: 0.2272, Validation Set Manhattan Distance: 12.0, Mask Weight: 0.945
Epoch 919/20000, Train Loss: 0.2286, Validation Set Manhattan Distance: 12.0, Mask Weight: 0.945
Epoch 920/20000, Train Loss: 0.2273, Validation Set Manhattan Distance: 12.0, Mask Weight: 0.945
Epoch 921/20000, Train Loss: 0.2268, Validation Set Manhattan Distance: 12.0, Mask Weight: 0.945
Epoch 922/20000, Train Loss: 0.2284, Validation Set Manhattan Distance: 12.0, Mask Weight: 0.945
Epoch 923/20000, Train Loss: 0.2267, Validation Set Manhattan Distance: 12.0, Mask Weight: 0.945
Epoch 924/20000, Train Loss: 0.2287, Validation Set Manhattan Distance: 12.0, Mask Weight: 0.945
Epoch 925/20000, Train Loss: 0.2277, Validation Set Manhattan Distance: 12.0, Mask Weight: 0.945
Epoch 926/20000, Train Loss: 0.2283, Validation Set Manhattan Distance: 12.0, Mask Weight: 0.945