Using device: cuda
Starting training with gradient-based adaptive weighted mask...
Epoch 1/20000, Train Loss: 63.1912, Validation Set Manhattan Distance: 12.0, Mask Weight: 1.000
  -> New best Validation Set Manhattan Distance: 12.0. Model saved.
Epoch 2/20000, Train Loss: 47.6240, Validation Set Manhattan Distance: 12.0, Mask Weight: 1.000
Epoch 3/20000, Train Loss: 37.6184, Validation Set Manhattan Distance: 12.0, Mask Weight: 1.000
Epoch 4/20000, Train Loss: 30.0780, Validation Set Manhattan Distance: 12.0, Mask Weight: 1.000
Epoch 5/20000, Train Loss: 24.4904, Validation Set Manhattan Distance: 12.0, Mask Weight: 1.000
Epoch 6/20000, Train Loss: 20.3529, Validation Set Manhattan Distance: 12.0, Mask Weight: 1.000
Epoch 7/20000, Train Loss: 17.0947, Validation Set Manhattan Distance: 12.0, Mask Weight: 1.000
Epoch 8/20000, Train Loss: 14.3956, Validation Set Manhattan Distance: 12.0, Mask Weight: 1.000
Epoch 9/20000, Train Loss: 12.1289, Validation Set Manhattan Distance: 12.0, Mask Weight: 1.000
Epoch 10/20000, Train Loss: 10.2029, Validation Set Manhattan Distance: 12.0, Mask Weight: 1.000
Epoch 11/20000, Train Loss: 8.5703, Validation Set Manhattan Distance: 12.0, Mask Weight: 1.000
Epoch 12/20000, Train Loss: 7.1948, Validation Set Manhattan Distance: 12.0, Mask Weight: 1.000
Epoch 13/20000, Train Loss: 6.0430, Validation Set Manhattan Distance: 12.0, Mask Weight: 1.000
Epoch 14/20000, Train Loss: 5.0627, Validation Set Manhattan Distance: 12.0, Mask Weight: 1.000
Epoch 15/20000, Train Loss: 4.2421, Validation Set Manhattan Distance: 12.0, Mask Weight: 1.000
Epoch 16/20000, Train Loss: 3.5565, Validation Set Manhattan Distance: 12.0, Mask Weight: 1.000
Epoch 17/20000, Train Loss: 2.9816, Validation Set Manhattan Distance: 12.0, Mask Weight: 1.000
Epoch 18/20000, Train Loss: 2.4944, Validation Set Manhattan Distance: 12.0, Mask Weight: 1.000
Epoch 19/20000, Train Loss: 2.0887, Validation Set Manhattan Distance: 12.0, Mask Weight: 1.000
Epoch 20/20000, Train Loss: 1.7481, Validation Set Manhattan Distance: 12.0, Mask Weight: 1.000
Epoch 21/20000, Train Loss: 1.4660, Validation Set Manhattan Distance: 12.0, Mask Weight: 1.000
Epoch 22/20000, Train Loss: 1.2291, Validation Set Manhattan Distance: 12.0, Mask Weight: 1.000
Epoch 23/20000, Train Loss: 1.0281, Validation Set Manhattan Distance: 12.0, Mask Weight: 1.000
Epoch 24/20000, Train Loss: 0.8617, Validation Set Manhattan Distance: 12.0, Mask Weight: 1.000
Epoch 25/20000, Train Loss: 0.7188, Validation Set Manhattan Distance: 12.0, Mask Weight: 1.000
Epoch 26/20000, Train Loss: 0.6007, Validation Set Manhattan Distance: 12.0, Mask Weight: 1.000
Epoch 27/20000, Train Loss: 0.5017, Validation Set Manhattan Distance: 12.0, Mask Weight: 1.000
Epoch 28/20000, Train Loss: 0.4171, Validation Set Manhattan Distance: 12.0, Mask Weight: 1.000
Epoch 29/20000, Train Loss: 0.3499, Validation Set Manhattan Distance: 12.0, Mask Weight: 1.000
Epoch 30/20000, Train Loss: 0.2910, Validation Set Manhattan Distance: 12.0, Mask Weight: 1.000
Epoch 31/20000, Train Loss: 0.2415, Validation Set Manhattan Distance: 12.0, Mask Weight: 1.000
Epoch 32/20000, Train Loss: 0.2009, Validation Set Manhattan Distance: 12.0, Mask Weight: 1.000
Epoch 33/20000, Train Loss: 0.1691, Validation Set Manhattan Distance: 12.0, Mask Weight: 1.000
Epoch 34/20000, Train Loss: 0.1404, Validation Set Manhattan Distance: 12.0, Mask Weight: 1.000
Epoch 35/20000, Train Loss: 0.1186, Validation Set Manhattan Distance: 12.0, Mask Weight: 1.000
  -> Train loss below 0.1. Mask weight reduction is now enabled.
Epoch 36/20000, Train Loss: 0.0983, Validation Set Manhattan Distance: 12.0, Mask Weight: 1.000
  -> Validation Set Manhattan Distance did not improve for 10 epochs.
  -> Unmasked Loss (Gradient Magnitude): 0.5237, Calculated Decrement: 0.0095
  -> Reducing mask weight to 0.990.
  -> Mask weight reduction is now disabled until train loss is below 0.001 again.
Epoch 37/20000, Train Loss: 0.2995, Validation Set Manhattan Distance: 12.0, Mask Weight: 0.990
Epoch 38/20000, Train Loss: 0.1628, Validation Set Manhattan Distance: 12.0, Mask Weight: 0.990
Epoch 39/20000, Train Loss: 0.1519, Validation Set Manhattan Distance: 12.0, Mask Weight: 0.990
Epoch 40/20000, Train Loss: 0.1426, Validation Set Manhattan Distance: 12.0, Mask Weight: 0.990
Epoch 41/20000, Train Loss: 0.1381, Validation Set Manhattan Distance: 12.0, Mask Weight: 0.990
Epoch 42/20000, Train Loss: 0.1342, Validation Set Manhattan Distance: 12.0, Mask Weight: 0.990
Epoch 43/20000, Train Loss: 0.1247, Validation Set Manhattan Distance: 12.0, Mask Weight: 0.990
Epoch 44/20000, Train Loss: 0.1202, Validation Set Manhattan Distance: 12.0, Mask Weight: 0.990
Epoch 45/20000, Train Loss: 0.1148, Validation Set Manhattan Distance: 12.0, Mask Weight: 0.990
Epoch 46/20000, Train Loss: 0.1103, Validation Set Manhattan Distance: 12.0, Mask Weight: 0.990
Epoch 47/20000, Train Loss: 0.1085, Validation Set Manhattan Distance: 12.0, Mask Weight: 0.990
Epoch 48/20000, Train Loss: 0.1073, Validation Set Manhattan Distance: 12.0, Mask Weight: 0.990
Epoch 49/20000, Train Loss: 0.1041, Validation Set Manhattan Distance: 12.0, Mask Weight: 0.990
Epoch 50/20000, Train Loss: 0.1008, Validation Set Manhattan Distance: 12.0, Mask Weight: 0.990
  -> Train loss below 0.1. Mask weight reduction is now enabled.
Epoch 51/20000, Train Loss: 0.0992, Validation Set Manhattan Distance: 12.0, Mask Weight: 0.990
  -> Validation Set Manhattan Distance did not improve for 10 epochs.
  -> Unmasked Loss (Gradient Magnitude): 0.0920, Calculated Decrement: 0.0543
  -> Reducing mask weight to 0.936.
  -> Mask weight reduction is now disabled until train loss is below 0.001 again.
Epoch 52/20000, Train Loss: 0.6035, Validation Set Manhattan Distance: 12.0, Mask Weight: 0.936
Epoch 53/20000, Train Loss: 0.5973, Validation Set Manhattan Distance: 12.0, Mask Weight: 0.936
Epoch 54/20000, Train Loss: 0.5939, Validation Set Manhattan Distance: 12.0, Mask Weight: 0.936
Epoch 55/20000, Train Loss: 0.5894, Validation Set Manhattan Distance: 12.0, Mask Weight: 0.936
Epoch 56/20000, Train Loss: 0.5892, Validation Set Manhattan Distance: 12.0, Mask Weight: 0.936
Epoch 57/20000, Train Loss: 0.5933, Validation Set Manhattan Distance: 12.0, Mask Weight: 0.936
Epoch 58/20000, Train Loss: 0.5837, Validation Set Manhattan Distance: 12.0, Mask Weight: 0.936
Epoch 59/20000, Train Loss: 0.5719, Validation Set Manhattan Distance: 12.0, Mask Weight: 0.936
Epoch 60/20000, Train Loss: 0.5533, Validation Set Manhattan Distance: 12.0, Mask Weight: 0.936
Epoch 61/20000, Train Loss: 0.5273, Validation Set Manhattan Distance: 12.0, Mask Weight: 0.936
Epoch 62/20000, Train Loss: 0.5101, Validation Set Manhattan Distance: 12.0, Mask Weight: 0.936
Epoch 63/20000, Train Loss: 0.4990, Validation Set Manhattan Distance: 12.0, Mask Weight: 0.936
Epoch 64/20000, Train Loss: 0.4872, Validation Set Manhattan Distance: 12.0, Mask Weight: 0.936
Epoch 65/20000, Train Loss: 0.4755, Validation Set Manhattan Distance: 12.0, Mask Weight: 0.936
Epoch 66/20000, Train Loss: 0.4701, Validation Set Manhattan Distance: 12.0, Mask Weight: 0.936
Epoch 67/20000, Train Loss: 0.4559, Validation Set Manhattan Distance: 12.0, Mask Weight: 0.936
Epoch 68/20000, Train Loss: 0.4384, Validation Set Manhattan Distance: 12.0, Mask Weight: 0.936
Epoch 69/20000, Train Loss: 0.4108, Validation Set Manhattan Distance: 12.0, Mask Weight: 0.936
Epoch 70/20000, Train Loss: 0.3968, Validation Set Manhattan Distance: 12.0, Mask Weight: 0.936
Epoch 71/20000, Train Loss: 0.3994, Validation Set Manhattan Distance: 12.0, Mask Weight: 0.936
Epoch 72/20000, Train Loss: 0.4256, Validation Set Manhattan Distance: 12.0, Mask Weight: 0.936
Epoch 73/20000, Train Loss: 0.4019, Validation Set Manhattan Distance: 12.0, Mask Weight: 0.936
Epoch 74/20000, Train Loss: 0.3980, Validation Set Manhattan Distance: 12.0, Mask Weight: 0.936
Epoch 75/20000, Train Loss: 0.3899, Validation Set Manhattan Distance: 12.0, Mask Weight: 0.936
Epoch 76/20000, Train Loss: 0.3727, Validation Set Manhattan Distance: 12.0, Mask Weight: 0.936
Epoch 77/20000, Train Loss: 0.3674, Validation Set Manhattan Distance: 12.0, Mask Weight: 0.936
Epoch 78/20000, Train Loss: 0.3529, Validation Set Manhattan Distance: 12.0, Mask Weight: 0.936
Epoch 79/20000, Train Loss: 0.3463, Validation Set Manhattan Distance: 12.0, Mask Weight: 0.936
Epoch 80/20000, Train Loss: 0.3660, Validation Set Manhattan Distance: 12.0, Mask Weight: 0.936
Epoch 81/20000, Train Loss: 0.3604, Validation Set Manhattan Distance: 12.0, Mask Weight: 0.936
Epoch 82/20000, Train Loss: 0.3437, Validation Set Manhattan Distance: 12.0, Mask Weight: 0.936
Epoch 83/20000, Train Loss: 0.3872, Validation Set Manhattan Distance: 12.0, Mask Weight: 0.936
Epoch 84/20000, Train Loss: 0.3996, Validation Set Manhattan Distance: 12.0, Mask Weight: 0.936
Epoch 85/20000, Train Loss: 0.4065, Validation Set Manhattan Distance: 12.0, Mask Weight: 0.936
Epoch 86/20000, Train Loss: 0.4214, Validation Set Manhattan Distance: 12.0, Mask Weight: 0.936
Epoch 87/20000, Train Loss: 0.3785, Validation Set Manhattan Distance: 12.0, Mask Weight: 0.936
Epoch 88/20000, Train Loss: 0.3701, Validation Set Manhattan Distance: 12.0, Mask Weight: 0.936
Epoch 89/20000, Train Loss: 0.3564, Validation Set Manhattan Distance: 12.0, Mask Weight: 0.936
Epoch 90/20000, Train Loss: 0.3449, Validation Set Manhattan Distance: 12.0, Mask Weight: 0.936
Epoch 91/20000, Train Loss: 0.3431, Validation Set Manhattan Distance: 12.0, Mask Weight: 0.936
Epoch 92/20000, Train Loss: 0.3379, Validation Set Manhattan Distance: 12.0, Mask Weight: 0.936
Epoch 93/20000, Train Loss: 0.3294, Validation Set Manhattan Distance: 12.0, Mask Weight: 0.936
Epoch 94/20000, Train Loss: 0.3146, Validation Set Manhattan Distance: 12.0, Mask Weight: 0.936
Epoch 95/20000, Train Loss: 0.3243, Validation Set Manhattan Distance: 12.0, Mask Weight: 0.936
Epoch 96/20000, Train Loss: 0.3098, Validation Set Manhattan Distance: 12.0, Mask Weight: 0.936
Epoch 97/20000, Train Loss: 0.3188, Validation Set Manhattan Distance: 12.0, Mask Weight: 0.936
Epoch 98/20000, Train Loss: 0.3967, Validation Set Manhattan Distance: 12.0, Mask Weight: 0.936
Epoch 99/20000, Train Loss: 0.4391, Validation Set Manhattan Distance: 12.0, Mask Weight: 0.936
Epoch 100/20000, Train Loss: 0.3743, Validation Set Manhattan Distance: 12.0, Mask Weight: 0.936
Epoch 101/20000, Train Loss: 0.3412, Validation Set Manhattan Distance: 12.0, Mask Weight: 0.936
Epoch 102/20000, Train Loss: 0.3249, Validation Set Manhattan Distance: 12.0, Mask Weight: 0.936
Epoch 103/20000, Train Loss: 0.3183, Validation Set Manhattan Distance: 12.0, Mask Weight: 0.936
Epoch 104/20000, Train Loss: 0.3144, Validation Set Manhattan Distance: 12.0, Mask Weight: 0.936
Epoch 105/20000, Train Loss: 0.3127, Validation Set Manhattan Distance: 12.0, Mask Weight: 0.936
Epoch 106/20000, Train Loss: 0.3091, Validation Set Manhattan Distance: 12.0, Mask Weight: 0.936
Epoch 107/20000, Train Loss: 0.3056, Validation Set Manhattan Distance: 12.0, Mask Weight: 0.936
Epoch 108/20000, Train Loss: 0.3039, Validation Set Manhattan Distance: 12.0, Mask Weight: 0.936
Epoch 109/20000, Train Loss: 0.3109, Validation Set Manhattan Distance: 12.0, Mask Weight: 0.936
Epoch 110/20000, Train Loss: 0.2993, Validation Set Manhattan Distance: 12.0, Mask Weight: 0.936
Epoch 111/20000, Train Loss: 0.2966, Validation Set Manhattan Distance: 12.0, Mask Weight: 0.936
Epoch 112/20000, Train Loss: 0.2976, Validation Set Manhattan Distance: 12.0, Mask Weight: 0.936
Epoch 113/20000, Train Loss: 0.3246, Validation Set Manhattan Distance: 12.0, Mask Weight: 0.936
Epoch 114/20000, Train Loss: 0.3241, Validation Set Manhattan Distance: 12.0, Mask Weight: 0.936
Epoch 115/20000, Train Loss: 0.3577, Validation Set Manhattan Distance: 12.0, Mask Weight: 0.936
Epoch 116/20000, Train Loss: 0.3649, Validation Set Manhattan Distance: 12.0, Mask Weight: 0.936
Epoch 117/20000, Train Loss: 0.2964, Validation Set Manhattan Distance: 12.0, Mask Weight: 0.936
Epoch 118/20000, Train Loss: 0.3093, Validation Set Manhattan Distance: 12.0, Mask Weight: 0.936
Epoch 119/20000, Train Loss: 0.3023, Validation Set Manhattan Distance: 12.0, Mask Weight: 0.936
Epoch 120/20000, Train Loss: 0.2909, Validation Set Manhattan Distance: 12.0, Mask Weight: 0.936
Epoch 121/20000, Train Loss: 0.2947, Validation Set Manhattan Distance: 12.0, Mask Weight: 0.936
Epoch 122/20000, Train Loss: 0.2877, Validation Set Manhattan Distance: 12.0, Mask Weight: 0.936
Epoch 123/20000, Train Loss: 0.2963, Validation Set Manhattan Distance: 12.0, Mask Weight: 0.936
Epoch 124/20000, Train Loss: 0.3056, Validation Set Manhattan Distance: 12.0, Mask Weight: 0.936
Epoch 125/20000, Train Loss: 0.3047, Validation Set Manhattan Distance: 12.0, Mask Weight: 0.936
Epoch 126/20000, Train Loss: 0.3031, Validation Set Manhattan Distance: 12.0, Mask Weight: 0.936
Epoch 127/20000, Train Loss: 0.2906, Validation Set Manhattan Distance: 12.0, Mask Weight: 0.936
Epoch 128/20000, Train Loss: 0.2984, Validation Set Manhattan Distance: 12.0, Mask Weight: 0.936
Epoch 129/20000, Train Loss: 0.2880, Validation Set Manhattan Distance: 12.0, Mask Weight: 0.936
Epoch 130/20000, Train Loss: 0.2883, Validation Set Manhattan Distance: 12.0, Mask Weight: 0.936
Epoch 131/20000, Train Loss: 0.2840, Validation Set Manhattan Distance: 12.0, Mask Weight: 0.936
Epoch 132/20000, Train Loss: 0.2838, Validation Set Manhattan Distance: 12.0, Mask Weight: 0.936
Epoch 133/20000, Train Loss: 0.2835, Validation Set Manhattan Distance: 12.0, Mask Weight: 0.936
Epoch 134/20000, Train Loss: 0.2849, Validation Set Manhattan Distance: 12.0, Mask Weight: 0.936
Epoch 135/20000, Train Loss: 0.2832, Validation Set Manhattan Distance: 12.0, Mask Weight: 0.936
Epoch 136/20000, Train Loss: 0.2838, Validation Set Manhattan Distance: 12.0, Mask Weight: 0.936
Epoch 137/20000, Train Loss: 0.2793, Validation Set Manhattan Distance: 12.0, Mask Weight: 0.936
Epoch 138/20000, Train Loss: 0.2784, Validation Set Manhattan Distance: 12.0, Mask Weight: 0.936
Epoch 139/20000, Train Loss: 0.2782, Validation Set Manhattan Distance: 12.0, Mask Weight: 0.936
Epoch 140/20000, Train Loss: 0.2803, Validation Set Manhattan Distance: 12.0, Mask Weight: 0.936
Epoch 141/20000, Train Loss: 0.2788, Validation Set Manhattan Distance: 12.0, Mask Weight: 0.936
Epoch 142/20000, Train Loss: 0.2805, Validation Set Manhattan Distance: 12.0, Mask Weight: 0.936
Epoch 143/20000, Train Loss: 0.2791, Validation Set Manhattan Distance: 12.0, Mask Weight: 0.936
Epoch 144/20000, Train Loss: 0.2888, Validation Set Manhattan Distance: 12.0, Mask Weight: 0.936
Epoch 145/20000, Train Loss: 0.3304, Validation Set Manhattan Distance: 12.0, Mask Weight: 0.936
Epoch 146/20000, Train Loss: 0.7712, Validation Set Manhattan Distance: 12.0, Mask Weight: 0.936
Epoch 147/20000, Train Loss: 0.7404, Validation Set Manhattan Distance: 12.0, Mask Weight: 0.936
Epoch 148/20000, Train Loss: 0.7009, Validation Set Manhattan Distance: 12.0, Mask Weight: 0.936
Epoch 149/20000, Train Loss: 0.6386, Validation Set Manhattan Distance: 12.0, Mask Weight: 0.936
Epoch 150/20000, Train Loss: 0.5838, Validation Set Manhattan Distance: 12.0, Mask Weight: 0.936
Epoch 151/20000, Train Loss: 0.5486, Validation Set Manhattan Distance: 12.0, Mask Weight: 0.936
Epoch 152/20000, Train Loss: 0.5277, Validation Set Manhattan Distance: 12.0, Mask Weight: 0.936
Epoch 153/20000, Train Loss: 0.5053, Validation Set Manhattan Distance: 12.0, Mask Weight: 0.936
Epoch 154/20000, Train Loss: 0.4896, Validation Set Manhattan Distance: 12.0, Mask Weight: 0.936
Epoch 155/20000, Train Loss: 0.4759, Validation Set Manhattan Distance: 12.0, Mask Weight: 0.936
Epoch 156/20000, Train Loss: 0.4595, Validation Set Manhattan Distance: 12.0, Mask Weight: 0.936
Epoch 157/20000, Train Loss: 0.4362, Validation Set Manhattan Distance: 12.0, Mask Weight: 0.936
Epoch 158/20000, Train Loss: 0.3984, Validation Set Manhattan Distance: 12.0, Mask Weight: 0.936
Epoch 159/20000, Train Loss: 0.3500, Validation Set Manhattan Distance: 12.0, Mask Weight: 0.936
Epoch 160/20000, Train Loss: 0.3227, Validation Set Manhattan Distance: 12.0, Mask Weight: 0.936
Epoch 161/20000, Train Loss: 0.3056, Validation Set Manhattan Distance: 12.0, Mask Weight: 0.936
Epoch 162/20000, Train Loss: 0.2850, Validation Set Manhattan Distance: 12.0, Mask Weight: 0.936
Epoch 163/20000, Train Loss: 0.3003, Validation Set Manhattan Distance: 12.0, Mask Weight: 0.936
Epoch 164/20000, Train Loss: 0.2920, Validation Set Manhattan Distance: 12.0, Mask Weight: 0.936
Epoch 165/20000, Train Loss: 0.2896, Validation Set Manhattan Distance: 12.0, Mask Weight: 0.936
Epoch 166/20000, Train Loss: 0.2810, Validation Set Manhattan Distance: 12.0, Mask Weight: 0.936
Epoch 167/20000, Train Loss: 0.2840, Validation Set Manhattan Distance: 12.0, Mask Weight: 0.936
Epoch 168/20000, Train Loss: 0.7060, Validation Set Manhattan Distance: 12.0, Mask Weight: 0.936
Epoch 169/20000, Train Loss: 0.7476, Validation Set Manhattan Distance: 12.0, Mask Weight: 0.936
Epoch 170/20000, Train Loss: 0.7121, Validation Set Manhattan Distance: 12.0, Mask Weight: 0.936
Epoch 171/20000, Train Loss: 0.6836, Validation Set Manhattan Distance: 12.0, Mask Weight: 0.936
Epoch 172/20000, Train Loss: 0.6466, Validation Set Manhattan Distance: 12.0, Mask Weight: 0.936
Epoch 173/20000, Train Loss: 0.6103, Validation Set Manhattan Distance: 12.0, Mask Weight: 0.936
Epoch 174/20000, Train Loss: 0.5782, Validation Set Manhattan Distance: 12.0, Mask Weight: 0.936
Epoch 175/20000, Train Loss: 0.5518, Validation Set Manhattan Distance: 12.0, Mask Weight: 0.936
Epoch 176/20000, Train Loss: 0.5312, Validation Set Manhattan Distance: 12.0, Mask Weight: 0.936
Epoch 177/20000, Train Loss: 0.5138, Validation Set Manhattan Distance: 12.0, Mask Weight: 0.936
Epoch 178/20000, Train Loss: 0.5013, Validation Set Manhattan Distance: 12.0, Mask Weight: 0.936
Epoch 179/20000, Train Loss: 0.4911, Validation Set Manhattan Distance: 12.0, Mask Weight: 0.936
Epoch 180/20000, Train Loss: 0.4817, Validation Set Manhattan Distance: 12.0, Mask Weight: 0.936
Epoch 181/20000, Train Loss: 0.4723, Validation Set Manhattan Distance: 12.0, Mask Weight: 0.936
Epoch 182/20000, Train Loss: 0.4625, Validation Set Manhattan Distance: 12.0, Mask Weight: 0.936
Epoch 183/20000, Train Loss: 0.4486, Validation Set Manhattan Distance: 12.0, Mask Weight: 0.936
Epoch 184/20000, Train Loss: 0.4267, Validation Set Manhattan Distance: 12.0, Mask Weight: 0.936
Epoch 185/20000, Train Loss: 0.3944, Validation Set Manhattan Distance: 12.0, Mask Weight: 0.936
Epoch 186/20000, Train Loss: 0.3567, Validation Set Manhattan Distance: 12.0, Mask Weight: 0.936
Epoch 187/20000, Train Loss: 0.3285, Validation Set Manhattan Distance: 12.0, Mask Weight: 0.936
Epoch 188/20000, Train Loss: 0.3050, Validation Set Manhattan Distance: 12.0, Mask Weight: 0.936
Epoch 189/20000, Train Loss: 0.2943, Validation Set Manhattan Distance: 12.0, Mask Weight: 0.936
Epoch 190/20000, Train Loss: 0.2904, Validation Set Manhattan Distance: 12.0, Mask Weight: 0.936
Epoch 191/20000, Train Loss: 0.2834, Validation Set Manhattan Distance: 12.0, Mask Weight: 0.936
Epoch 192/20000, Train Loss: 0.2876, Validation Set Manhattan Distance: 12.0, Mask Weight: 0.936
Epoch 193/20000, Train Loss: 0.2834, Validation Set Manhattan Distance: 12.0, Mask Weight: 0.936
Epoch 194/20000, Train Loss: 0.2799, Validation Set Manhattan Distance: 12.0, Mask Weight: 0.936
Epoch 195/20000, Train Loss: 0.2836, Validation Set Manhattan Distance: 12.0, Mask Weight: 0.936
Epoch 196/20000, Train Loss: 0.2863, Validation Set Manhattan Distance: 12.0, Mask Weight: 0.936
Epoch 197/20000, Train Loss: 0.2814, Validation Set Manhattan Distance: 12.0, Mask Weight: 0.936
Epoch 198/20000, Train Loss: 0.2959, Validation Set Manhattan Distance: 12.0, Mask Weight: 0.936
Epoch 199/20000, Train Loss: 0.3015, Validation Set Manhattan Distance: 12.0, Mask Weight: 0.936
Epoch 200/20000, Train Loss: 0.3361, Validation Set Manhattan Distance: 12.0, Mask Weight: 0.936
Epoch 201/20000, Train Loss: 0.3546, Validation Set Manhattan Distance: 12.0, Mask Weight: 0.936
Epoch 202/20000, Train Loss: 0.4549, Validation Set Manhattan Distance: 12.0, Mask Weight: 0.936
Epoch 203/20000, Train Loss: 0.3226, Validation Set Manhattan Distance: 12.0, Mask Weight: 0.936
Epoch 204/20000, Train Loss: 0.3013, Validation Set Manhattan Distance: 12.0, Mask Weight: 0.936
Epoch 205/20000, Train Loss: 0.3212, Validation Set Manhattan Distance: 12.0, Mask Weight: 0.936
Epoch 206/20000, Train Loss: 0.3059, Validation Set Manhattan Distance: 12.0, Mask Weight: 0.936
Epoch 207/20000, Train Loss: 0.2842, Validation Set Manhattan Distance: 12.0, Mask Weight: 0.936
Epoch 208/20000, Train Loss: 0.2847, Validation Set Manhattan Distance: 12.0, Mask Weight: 0.936
Epoch 209/20000, Train Loss: 0.2824, Validation Set Manhattan Distance: 12.0, Mask Weight: 0.936
Epoch 210/20000, Train Loss: 0.2808, Validation Set Manhattan Distance: 12.0, Mask Weight: 0.936
Epoch 211/20000, Train Loss: 0.2791, Validation Set Manhattan Distance: 12.0, Mask Weight: 0.936
Epoch 212/20000, Train Loss: 0.2785, Validation Set Manhattan Distance: 12.0, Mask Weight: 0.936
Epoch 213/20000, Train Loss: 0.2786, Validation Set Manhattan Distance: 12.0, Mask Weight: 0.936
Epoch 214/20000, Train Loss: 0.2780, Validation Set Manhattan Distance: 12.0, Mask Weight: 0.936
Epoch 215/20000, Train Loss: 0.2802, Validation Set Manhattan Distance: 12.0, Mask Weight: 0.936
Epoch 216/20000, Train Loss: 0.2815, Validation Set Manhattan Distance: 12.0, Mask Weight: 0.936
Epoch 217/20000, Train Loss: 0.2778, Validation Set Manhattan Distance: 12.0, Mask Weight: 0.936
Epoch 218/20000, Train Loss: 0.2801, Validation Set Manhattan Distance: 12.0, Mask Weight: 0.936
Epoch 219/20000, Train Loss: 0.2803, Validation Set Manhattan Distance: 12.0, Mask Weight: 0.936
Epoch 220/20000, Train Loss: 0.2792, Validation Set Manhattan Distance: 12.0, Mask Weight: 0.936
Epoch 221/20000, Train Loss: 0.2776, Validation Set Manhattan Distance: 12.0, Mask Weight: 0.936
Epoch 222/20000, Train Loss: 0.2786, Validation Set Manhattan Distance: 12.0, Mask Weight: 0.936
Epoch 223/20000, Train Loss: 0.2776, Validation Set Manhattan Distance: 12.0, Mask Weight: 0.936
Epoch 224/20000, Train Loss: 0.2786, Validation Set Manhattan Distance: 12.0, Mask Weight: 0.936
Epoch 225/20000, Train Loss: 0.2816, Validation Set Manhattan Distance: 12.0, Mask Weight: 0.936
Epoch 226/20000, Train Loss: 0.3803, Validation Set Manhattan Distance: 12.0, Mask Weight: 0.936
Epoch 227/20000, Train Loss: 0.5200, Validation Set Manhattan Distance: 12.0, Mask Weight: 0.936
Epoch 228/20000, Train Loss: 0.4408, Validation Set Manhattan Distance: 12.0, Mask Weight: 0.936
Epoch 229/20000, Train Loss: 0.3902, Validation Set Manhattan Distance: 12.0, Mask Weight: 0.936
Epoch 230/20000, Train Loss: 0.4014, Validation Set Manhattan Distance: 12.0, Mask Weight: 0.936
Epoch 231/20000, Train Loss: 0.3676, Validation Set Manhattan Distance: 12.0, Mask Weight: 0.936
Epoch 232/20000, Train Loss: 0.3446, Validation Set Manhattan Distance: 12.0, Mask Weight: 0.936
Epoch 233/20000, Train Loss: 0.3474, Validation Set Manhattan Distance: 12.0, Mask Weight: 0.936
Epoch 234/20000, Train Loss: 0.3309, Validation Set Manhattan Distance: 12.0, Mask Weight: 0.936
Epoch 235/20000, Train Loss: 0.3165, Validation Set Manhattan Distance: 12.0, Mask Weight: 0.936
Epoch 236/20000, Train Loss: 0.3011, Validation Set Manhattan Distance: 12.0, Mask Weight: 0.936
Epoch 237/20000, Train Loss: 0.2980, Validation Set Manhattan Distance: 12.0, Mask Weight: 0.936
Epoch 238/20000, Train Loss: 0.2877, Validation Set Manhattan Distance: 12.0, Mask Weight: 0.936
Epoch 239/20000, Train Loss: 0.2835, Validation Set Manhattan Distance: 12.0, Mask Weight: 0.936
Epoch 240/20000, Train Loss: 0.2815, Validation Set Manhattan Distance: 12.0, Mask Weight: 0.936
Epoch 241/20000, Train Loss: 0.2787, Validation Set Manhattan Distance: 12.0, Mask Weight: 0.936
Epoch 242/20000, Train Loss: 0.2805, Validation Set Manhattan Distance: 12.0, Mask Weight: 0.936
Epoch 243/20000, Train Loss: 0.2809, Validation Set Manhattan Distance: 12.0, Mask Weight: 0.936
Epoch 244/20000, Train Loss: 0.2809, Validation Set Manhattan Distance: 12.0, Mask Weight: 0.936
Epoch 245/20000, Train Loss: 0.2785, Validation Set Manhattan Distance: 12.0, Mask Weight: 0.936
Epoch 246/20000, Train Loss: 0.2791, Validation Set Manhattan Distance: 12.0, Mask Weight: 0.936
Epoch 247/20000, Train Loss: 0.2805, Validation Set Manhattan Distance: 12.0, Mask Weight: 0.936
Epoch 248/20000, Train Loss: 0.2781, Validation Set Manhattan Distance: 12.0, Mask Weight: 0.936
Epoch 249/20000, Train Loss: 0.2765, Validation Set Manhattan Distance: 12.0, Mask Weight: 0.936
Epoch 250/20000, Train Loss: 0.2764, Validation Set Manhattan Distance: 12.0, Mask Weight: 0.936
Epoch 251/20000, Train Loss: 0.2756, Validation Set Manhattan Distance: 12.0, Mask Weight: 0.936
Epoch 252/20000, Train Loss: 0.2757, Validation Set Manhattan Distance: 12.0, Mask Weight: 0.936
Epoch 253/20000, Train Loss: 0.2763, Validation Set Manhattan Distance: 12.0, Mask Weight: 0.936
Epoch 254/20000, Train Loss: 0.2750, Validation Set Manhattan Distance: 12.0, Mask Weight: 0.936
Epoch 255/20000, Train Loss: 0.2766, Validation Set Manhattan Distance: 12.0, Mask Weight: 0.936
Epoch 256/20000, Train Loss: 0.2747, Validation Set Manhattan Distance: 12.0, Mask Weight: 0.936
Epoch 257/20000, Train Loss: 0.2769, Validation Set Manhattan Distance: 12.0, Mask Weight: 0.936
Epoch 258/20000, Train Loss: 0.2755, Validation Set Manhattan Distance: 12.0, Mask Weight: 0.936
Epoch 259/20000, Train Loss: 0.2746, Validation Set Manhattan Distance: 12.0, Mask Weight: 0.936
Epoch 260/20000, Train Loss: 0.2765, Validation Set Manhattan Distance: 12.0, Mask Weight: 0.936
Epoch 261/20000, Train Loss: 0.2747, Validation Set Manhattan Distance: 12.0, Mask Weight: 0.936
Epoch 262/20000, Train Loss: 0.2794, Validation Set Manhattan Distance: 12.0, Mask Weight: 0.936
Epoch 263/20000, Train Loss: 0.2731, Validation Set Manhattan Distance: 12.0, Mask Weight: 0.936
Epoch 264/20000, Train Loss: 0.2755, Validation Set Manhattan Distance: 12.0, Mask Weight: 0.936
Epoch 265/20000, Train Loss: 0.2748, Validation Set Manhattan Distance: 12.0, Mask Weight: 0.936
Epoch 266/20000, Train Loss: 0.2744, Validation Set Manhattan Distance: 12.0, Mask Weight: 0.936
Epoch 267/20000, Train Loss: 0.2748, Validation Set Manhattan Distance: 12.0, Mask Weight: 0.936
Epoch 268/20000, Train Loss: 0.2744, Validation Set Manhattan Distance: 12.0, Mask Weight: 0.936
Epoch 269/20000, Train Loss: 0.2789, Validation Set Manhattan Distance: 12.0, Mask Weight: 0.936
Epoch 270/20000, Train Loss: 0.2768, Validation Set Manhattan Distance: 12.0, Mask Weight: 0.936
Epoch 271/20000, Train Loss: 0.2759, Validation Set Manhattan Distance: 12.0, Mask Weight: 0.936
Epoch 272/20000, Train Loss: 0.2763, Validation Set Manhattan Distance: 12.0, Mask Weight: 0.936
Epoch 273/20000, Train Loss: 0.2763, Validation Set Manhattan Distance: 12.0, Mask Weight: 0.936
Epoch 274/20000, Train Loss: 0.2733, Validation Set Manhattan Distance: 12.0, Mask Weight: 0.936
Epoch 275/20000, Train Loss: 0.2733, Validation Set Manhattan Distance: 12.0, Mask Weight: 0.936
Epoch 276/20000, Train Loss: 0.2768, Validation Set Manhattan Distance: 12.0, Mask Weight: 0.936
Epoch 277/20000, Train Loss: 0.2768, Validation Set Manhattan Distance: 12.0, Mask Weight: 0.936
Epoch 278/20000, Train Loss: 0.2734, Validation Set Manhattan Distance: 12.0, Mask Weight: 0.936
Epoch 279/20000, Train Loss: 0.2723, Validation Set Manhattan Distance: 12.0, Mask Weight: 0.936
Epoch 280/20000, Train Loss: 0.2739, Validation Set Manhattan Distance: 12.0, Mask Weight: 0.936
Epoch 281/20000, Train Loss: 0.2739, Validation Set Manhattan Distance: 12.0, Mask Weight: 0.936
Epoch 282/20000, Train Loss: 0.2744, Validation Set Manhattan Distance: 12.0, Mask Weight: 0.936
Epoch 283/20000, Train Loss: 0.2743, Validation Set Manhattan Distance: 12.0, Mask Weight: 0.936
Epoch 284/20000, Train Loss: 0.2741, Validation Set Manhattan Distance: 12.0, Mask Weight: 0.936
Epoch 285/20000, Train Loss: 0.2722, Validation Set Manhattan Distance: 12.0, Mask Weight: 0.936
Epoch 286/20000, Train Loss: 0.2719, Validation Set Manhattan Distance: 12.0, Mask Weight: 0.936
Epoch 287/20000, Train Loss: 0.2720, Validation Set Manhattan Distance: 12.0, Mask Weight: 0.936
Epoch 288/20000, Train Loss: 0.2737, Validation Set Manhattan Distance: 12.0, Mask Weight: 0.936
Epoch 289/20000, Train Loss: 0.2734, Validation Set Manhattan Distance: 12.0, Mask Weight: 0.936
Epoch 290/20000, Train Loss: 0.2739, Validation Set Manhattan Distance: 12.0, Mask Weight: 0.936
Epoch 291/20000, Train Loss: 0.2745, Validation Set Manhattan Distance: 12.0, Mask Weight: 0.936
Epoch 292/20000, Train Loss: 0.2741, Validation Set Manhattan Distance: 12.0, Mask Weight: 0.936
Epoch 293/20000, Train Loss: 0.2740, Validation Set Manhattan Distance: 12.0, Mask Weight: 0.936
Epoch 294/20000, Train Loss: 0.2731, Validation Set Manhattan Distance: 12.0, Mask Weight: 0.936
Epoch 295/20000, Train Loss: 0.2736, Validation Set Manhattan Distance: 12.0, Mask Weight: 0.936
Epoch 296/20000, Train Loss: 0.2717, Validation Set Manhattan Distance: 12.0, Mask Weight: 0.936
Epoch 297/20000, Train Loss: 0.2730, Validation Set Manhattan Distance: 12.0, Mask Weight: 0.936
Epoch 298/20000, Train Loss: 0.2723, Validation Set Manhattan Distance: 12.0, Mask Weight: 0.936
Epoch 299/20000, Train Loss: 0.2708, Validation Set Manhattan Distance: 12.0, Mask Weight: 0.936
Epoch 300/20000, Train Loss: 0.2716, Validation Set Manhattan Distance: 12.0, Mask Weight: 0.936
Epoch 301/20000, Train Loss: 0.2742, Validation Set Manhattan Distance: 12.0, Mask Weight: 0.936
Epoch 302/20000, Train Loss: 0.2725, Validation Set Manhattan Distance: 12.0, Mask Weight: 0.936
Epoch 303/20000, Train Loss: 0.2734, Validation Set Manhattan Distance: 12.0, Mask Weight: 0.936
Epoch 304/20000, Train Loss: 0.2732, Validation Set Manhattan Distance: 12.0, Mask Weight: 0.936
Epoch 305/20000, Train Loss: 0.2718, Validation Set Manhattan Distance: 12.0, Mask Weight: 0.936
Epoch 306/20000, Train Loss: 0.2728, Validation Set Manhattan Distance: 12.0, Mask Weight: 0.936
Epoch 307/20000, Train Loss: 0.2746, Validation Set Manhattan Distance: 12.0, Mask Weight: 0.936
Epoch 308/20000, Train Loss: 0.2739, Validation Set Manhattan Distance: 12.0, Mask Weight: 0.936
Epoch 309/20000, Train Loss: 0.2722, Validation Set Manhattan Distance: 12.0, Mask Weight: 0.936
Epoch 310/20000, Train Loss: 0.2734, Validation Set Manhattan Distance: 12.0, Mask Weight: 0.936
Epoch 311/20000, Train Loss: 0.2718, Validation Set Manhattan Distance: 12.0, Mask Weight: 0.936
Epoch 312/20000, Train Loss: 0.2719, Validation Set Manhattan Distance: 12.0, Mask Weight: 0.936
Epoch 313/20000, Train Loss: 0.2724, Validation Set Manhattan Distance: 12.0, Mask Weight: 0.936
Epoch 314/20000, Train Loss: 0.2723, Validation Set Manhattan Distance: 12.0, Mask Weight: 0.936
Epoch 315/20000, Train Loss: 0.2726, Validation Set Manhattan Distance: 12.0, Mask Weight: 0.936
Epoch 316/20000, Train Loss: 0.2733, Validation Set Manhattan Distance: 12.0, Mask Weight: 0.936
Epoch 317/20000, Train Loss: 0.2730, Validation Set Manhattan Distance: 12.0, Mask Weight: 0.936
Epoch 318/20000, Train Loss: 0.2730, Validation Set Manhattan Distance: 12.0, Mask Weight: 0.936
Epoch 319/20000, Train Loss: 0.2739, Validation Set Manhattan Distance: 12.0, Mask Weight: 0.936
Epoch 320/20000, Train Loss: 0.2752, Validation Set Manhattan Distance: 12.0, Mask Weight: 0.936
Epoch 321/20000, Train Loss: 0.2741, Validation Set Manhattan Distance: 12.0, Mask Weight: 0.936
Epoch 322/20000, Train Loss: 0.2742, Validation Set Manhattan Distance: 12.0, Mask Weight: 0.936
Epoch 323/20000, Train Loss: 0.2760, Validation Set Manhattan Distance: 12.0, Mask Weight: 0.936
Epoch 324/20000, Train Loss: 0.2857, Validation Set Manhattan Distance: 12.0, Mask Weight: 0.936
Epoch 325/20000, Train Loss: 0.2793, Validation Set Manhattan Distance: 12.0, Mask Weight: 0.936
Epoch 326/20000, Train Loss: 0.2799, Validation Set Manhattan Distance: 12.0, Mask Weight: 0.936
Epoch 327/20000, Train Loss: 0.2778, Validation Set Manhattan Distance: 12.0, Mask Weight: 0.936
Epoch 328/20000, Train Loss: 0.2740, Validation Set Manhattan Distance: 12.0, Mask Weight: 0.936
Epoch 329/20000, Train Loss: 0.2730, Validation Set Manhattan Distance: 12.0, Mask Weight: 0.936
Epoch 330/20000, Train Loss: 0.2737, Validation Set Manhattan Distance: 12.0, Mask Weight: 0.936
Epoch 331/20000, Train Loss: 0.2725, Validation Set Manhattan Distance: 12.0, Mask Weight: 0.936
Epoch 332/20000, Train Loss: 0.2726, Validation Set Manhattan Distance: 12.0, Mask Weight: 0.936
Epoch 333/20000, Train Loss: 0.2741, Validation Set Manhattan Distance: 12.0, Mask Weight: 0.936
Epoch 334/20000, Train Loss: 0.2736, Validation Set Manhattan Distance: 12.0, Mask Weight: 0.936
Epoch 335/20000, Train Loss: 0.2731, Validation Set Manhattan Distance: 12.0, Mask Weight: 0.936
Epoch 336/20000, Train Loss: 0.2712, Validation Set Manhattan Distance: 12.0, Mask Weight: 0.936
Epoch 337/20000, Train Loss: 0.2706, Validation Set Manhattan Distance: 12.0, Mask Weight: 0.936
Epoch 338/20000, Train Loss: 0.2702, Validation Set Manhattan Distance: 12.0, Mask Weight: 0.936
Epoch 339/20000, Train Loss: 0.2702, Validation Set Manhattan Distance: 12.0, Mask Weight: 0.936
Epoch 340/20000, Train Loss: 0.2713, Validation Set Manhattan Distance: 12.0, Mask Weight: 0.936
Epoch 341/20000, Train Loss: 0.2710, Validation Set Manhattan Distance: 12.0, Mask Weight: 0.936
Epoch 342/20000, Train Loss: 0.2732, Validation Set Manhattan Distance: 12.0, Mask Weight: 0.936
Epoch 343/20000, Train Loss: 0.2703, Validation Set Manhattan Distance: 12.0, Mask Weight: 0.936
Epoch 344/20000, Train Loss: 0.2720, Validation Set Manhattan Distance: 12.0, Mask Weight: 0.936
Epoch 345/20000, Train Loss: 0.2713, Validation Set Manhattan Distance: 12.0, Mask Weight: 0.936
Epoch 346/20000, Train Loss: 0.2725, Validation Set Manhattan Distance: 12.0, Mask Weight: 0.936
Epoch 347/20000, Train Loss: 0.2705, Validation Set Manhattan Distance: 12.0, Mask Weight: 0.936
Epoch 348/20000, Train Loss: 0.2714, Validation Set Manhattan Distance: 12.0, Mask Weight: 0.936
Epoch 349/20000, Train Loss: 0.2694, Validation Set Manhattan Distance: 12.0, Mask Weight: 0.936
Epoch 350/20000, Train Loss: 0.2726, Validation Set Manhattan Distance: 12.0, Mask Weight: 0.936
Epoch 351/20000, Train Loss: 0.2710, Validation Set Manhattan Distance: 12.0, Mask Weight: 0.936
Epoch 352/20000, Train Loss: 0.2721, Validation Set Manhattan Distance: 12.0, Mask Weight: 0.936
Epoch 353/20000, Train Loss: 0.2694, Validation Set Manhattan Distance: 12.0, Mask Weight: 0.936
Epoch 354/20000, Train Loss: 0.2720, Validation Set Manhattan Distance: 12.0, Mask Weight: 0.936
Epoch 355/20000, Train Loss: 0.2721, Validation Set Manhattan Distance: 12.0, Mask Weight: 0.936
Epoch 356/20000, Train Loss: 0.2723, Validation Set Manhattan Distance: 12.0, Mask Weight: 0.936
Epoch 357/20000, Train Loss: 0.2730, Validation Set Manhattan Distance: 12.0, Mask Weight: 0.936
Epoch 358/20000, Train Loss: 0.2712, Validation Set Manhattan Distance: 12.0, Mask Weight: 0.936
Epoch 359/20000, Train Loss: 0.2705, Validation Set Manhattan Distance: 12.0, Mask Weight: 0.936
Epoch 360/20000, Train Loss: 0.2730, Validation Set Manhattan Distance: 12.0, Mask Weight: 0.936
Epoch 361/20000, Train Loss: 0.2710, Validation Set Manhattan Distance: 12.0, Mask Weight: 0.936
Epoch 362/20000, Train Loss: 0.2745, Validation Set Manhattan Distance: 12.0, Mask Weight: 0.936
Epoch 363/20000, Train Loss: 0.2701, Validation Set Manhattan Distance: 12.0, Mask Weight: 0.936
Epoch 364/20000, Train Loss: 0.2720, Validation Set Manhattan Distance: 12.0, Mask Weight: 0.936
Epoch 365/20000, Train Loss: 0.2704, Validation Set Manhattan Distance: 12.0, Mask Weight: 0.936
Epoch 366/20000, Train Loss: 0.2716, Validation Set Manhattan Distance: 12.0, Mask Weight: 0.936
Epoch 367/20000, Train Loss: 0.2721, Validation Set Manhattan Distance: 12.0, Mask Weight: 0.936
Epoch 368/20000, Train Loss: 0.2702, Validation Set Manhattan Distance: 12.0, Mask Weight: 0.936
Epoch 369/20000, Train Loss: 0.2706, Validation Set Manhattan Distance: 12.0, Mask Weight: 0.936
Epoch 370/20000, Train Loss: 0.2714, Validation Set Manhattan Distance: 12.0, Mask Weight: 0.936
Epoch 371/20000, Train Loss: 0.2712, Validation Set Manhattan Distance: 12.0, Mask Weight: 0.936
Epoch 372/20000, Train Loss: 0.2729, Validation Set Manhattan Distance: 12.0, Mask Weight: 0.936
Epoch 373/20000, Train Loss: 0.2715, Validation Set Manhattan Distance: 12.0, Mask Weight: 0.936
Epoch 374/20000, Train Loss: 0.2727, Validation Set Manhattan Distance: 12.0, Mask Weight: 0.936
Epoch 375/20000, Train Loss: 0.2721, Validation Set Manhattan Distance: 12.0, Mask Weight: 0.936
Epoch 376/20000, Train Loss: 0.2702, Validation Set Manhattan Distance: 12.0, Mask Weight: 0.936
Epoch 377/20000, Train Loss: 0.2709, Validation Set Manhattan Distance: 12.0, Mask Weight: 0.936
Epoch 378/20000, Train Loss: 0.2707, Validation Set Manhattan Distance: 12.0, Mask Weight: 0.936
Epoch 379/20000, Train Loss: 0.2702, Validation Set Manhattan Distance: 12.0, Mask Weight: 0.936
Epoch 380/20000, Train Loss: 0.2705, Validation Set Manhattan Distance: 12.0, Mask Weight: 0.936
Epoch 381/20000, Train Loss: 0.2711, Validation Set Manhattan Distance: 12.0, Mask Weight: 0.936
Epoch 382/20000, Train Loss: 0.2748, Validation Set Manhattan Distance: 12.0, Mask Weight: 0.936
Epoch 383/20000, Train Loss: 0.2724, Validation Set Manhattan Distance: 12.0, Mask Weight: 0.936
Epoch 384/20000, Train Loss: 0.2728, Validation Set Manhattan Distance: 12.0, Mask Weight: 0.936
Epoch 385/20000, Train Loss: 0.2713, Validation Set Manhattan Distance: 12.0, Mask Weight: 0.936
Epoch 386/20000, Train Loss: 0.2712, Validation Set Manhattan Distance: 12.0, Mask Weight: 0.936
Epoch 387/20000, Train Loss: 0.2722, Validation Set Manhattan Distance: 12.0, Mask Weight: 0.936
Epoch 388/20000, Train Loss: 0.2742, Validation Set Manhattan Distance: 12.0, Mask Weight: 0.936
Epoch 389/20000, Train Loss: 0.2764, Validation Set Manhattan Distance: 12.0, Mask Weight: 0.936
Epoch 390/20000, Train Loss: 0.2760, Validation Set Manhattan Distance: 12.0, Mask Weight: 0.936
Epoch 391/20000, Train Loss: 0.2747, Validation Set Manhattan Distance: 12.0, Mask Weight: 0.936
Epoch 392/20000, Train Loss: 0.2730, Validation Set Manhattan Distance: 12.0, Mask Weight: 0.936
Epoch 393/20000, Train Loss: 0.2721, Validation Set Manhattan Distance: 12.0, Mask Weight: 0.936
Epoch 394/20000, Train Loss: 0.2721, Validation Set Manhattan Distance: 12.0, Mask Weight: 0.936
Epoch 395/20000, Train Loss: 0.2702, Validation Set Manhattan Distance: 12.0, Mask Weight: 0.936
Epoch 396/20000, Train Loss: 0.2713, Validation Set Manhattan Distance: 12.0, Mask Weight: 0.936
Epoch 397/20000, Train Loss: 0.2718, Validation Set Manhattan Distance: 12.0, Mask Weight: 0.936
Epoch 398/20000, Train Loss: 0.2696, Validation Set Manhattan Distance: 12.0, Mask Weight: 0.936
Epoch 399/20000, Train Loss: 0.2728, Validation Set Manhattan Distance: 12.0, Mask Weight: 0.936
Epoch 400/20000, Train Loss: 0.2694, Validation Set Manhattan Distance: 12.0, Mask Weight: 0.936
Epoch 401/20000, Train Loss: 0.2719, Validation Set Manhattan Distance: 12.0, Mask Weight: 0.936
Epoch 402/20000, Train Loss: 0.2721, Validation Set Manhattan Distance: 12.0, Mask Weight: 0.936
Epoch 403/20000, Train Loss: 0.2710, Validation Set Manhattan Distance: 12.0, Mask Weight: 0.936
Epoch 404/20000, Train Loss: 0.2733, Validation Set Manhattan Distance: 12.0, Mask Weight: 0.936
Epoch 405/20000, Train Loss: 0.2715, Validation Set Manhattan Distance: 12.0, Mask Weight: 0.936
Epoch 406/20000, Train Loss: 0.2705, Validation Set Manhattan Distance: 12.0, Mask Weight: 0.936
Epoch 407/20000, Train Loss: 0.2698, Validation Set Manhattan Distance: 12.0, Mask Weight: 0.936
Epoch 408/20000, Train Loss: 0.2703, Validation Set Manhattan Distance: 12.0, Mask Weight: 0.936
Epoch 409/20000, Train Loss: 0.2722, Validation Set Manhattan Distance: 12.0, Mask Weight: 0.936
Epoch 410/20000, Train Loss: 0.2724, Validation Set Manhattan Distance: 12.0, Mask Weight: 0.936
Epoch 411/20000, Train Loss: 0.2706, Validation Set Manhattan Distance: 12.0, Mask Weight: 0.936
Epoch 412/20000, Train Loss: 0.2703, Validation Set Manhattan Distance: 12.0, Mask Weight: 0.936
Epoch 413/20000, Train Loss: 0.2697, Validation Set Manhattan Distance: 12.0, Mask Weight: 0.936
Epoch 414/20000, Train Loss: 0.2687, Validation Set Manhattan Distance: 12.0, Mask Weight: 0.936
Epoch 415/20000, Train Loss: 0.2691, Validation Set Manhattan Distance: 12.0, Mask Weight: 0.936
Epoch 416/20000, Train Loss: 0.2693, Validation Set Manhattan Distance: 12.0, Mask Weight: 0.936
Epoch 417/20000, Train Loss: 0.2698, Validation Set Manhattan Distance: 12.0, Mask Weight: 0.936
Epoch 418/20000, Train Loss: 0.2701, Validation Set Manhattan Distance: 12.0, Mask Weight: 0.936
Epoch 419/20000, Train Loss: 0.2691, Validation Set Manhattan Distance: 12.0, Mask Weight: 0.936
Epoch 420/20000, Train Loss: 0.2714, Validation Set Manhattan Distance: 12.0, Mask Weight: 0.936
Epoch 421/20000, Train Loss: 0.2696, Validation Set Manhattan Distance: 12.0, Mask Weight: 0.936
Epoch 422/20000, Train Loss: 0.2704, Validation Set Manhattan Distance: 12.0, Mask Weight: 0.936
Epoch 423/20000, Train Loss: 0.2740, Validation Set Manhattan Distance: 12.0, Mask Weight: 0.936
Epoch 424/20000, Train Loss: 0.2703, Validation Set Manhattan Distance: 12.0, Mask Weight: 0.936
Epoch 425/20000, Train Loss: 0.2713, Validation Set Manhattan Distance: 12.0, Mask Weight: 0.936
Epoch 426/20000, Train Loss: 0.2707, Validation Set Manhattan Distance: 12.0, Mask Weight: 0.936
Epoch 427/20000, Train Loss: 0.2695, Validation Set Manhattan Distance: 12.0, Mask Weight: 0.936
Epoch 428/20000, Train Loss: 0.2714, Validation Set Manhattan Distance: 12.0, Mask Weight: 0.936
Epoch 429/20000, Train Loss: 0.2707, Validation Set Manhattan Distance: 12.0, Mask Weight: 0.936
Epoch 430/20000, Train Loss: 0.2695, Validation Set Manhattan Distance: 12.0, Mask Weight: 0.936
Epoch 431/20000, Train Loss: 0.2709, Validation Set Manhattan Distance: 12.0, Mask Weight: 0.936
Epoch 432/20000, Train Loss: 0.2716, Validation Set Manhattan Distance: 12.0, Mask Weight: 0.936
Epoch 433/20000, Train Loss: 0.2703, Validation Set Manhattan Distance: 12.0, Mask Weight: 0.936
Epoch 434/20000, Train Loss: 0.2695, Validation Set Manhattan Distance: 12.0, Mask Weight: 0.936
Epoch 435/20000, Train Loss: 0.2698, Validation Set Manhattan Distance: 12.0, Mask Weight: 0.936
Epoch 436/20000, Train Loss: 0.2705, Validation Set Manhattan Distance: 12.0, Mask Weight: 0.936
Epoch 437/20000, Train Loss: 0.3637, Validation Set Manhattan Distance: 12.0, Mask Weight: 0.936
Epoch 438/20000, Train Loss: 1.3251, Validation Set Manhattan Distance: 12.0, Mask Weight: 0.936
Epoch 439/20000, Train Loss: 0.9684, Validation Set Manhattan Distance: 12.0, Mask Weight: 0.936
Epoch 440/20000, Train Loss: 0.7141, Validation Set Manhattan Distance: 12.0, Mask Weight: 0.936
Epoch 441/20000, Train Loss: 0.6364, Validation Set Manhattan Distance: 12.0, Mask Weight: 0.936
Epoch 442/20000, Train Loss: 0.6008, Validation Set Manhattan Distance: 12.0, Mask Weight: 0.936
Epoch 443/20000, Train Loss: 0.6067, Validation Set Manhattan Distance: 12.0, Mask Weight: 0.936
Epoch 444/20000, Train Loss: 0.5946, Validation Set Manhattan Distance: 12.0, Mask Weight: 0.936
Epoch 445/20000, Train Loss: 0.5910, Validation Set Manhattan Distance: 12.0, Mask Weight: 0.936
Epoch 446/20000, Train Loss: 0.5864, Validation Set Manhattan Distance: 12.0, Mask Weight: 0.936
Epoch 447/20000, Train Loss: 0.5830, Validation Set Manhattan Distance: 12.0, Mask Weight: 0.936
Epoch 448/20000, Train Loss: 0.5773, Validation Set Manhattan Distance: 12.0, Mask Weight: 0.936
Epoch 449/20000, Train Loss: 0.5703, Validation Set Manhattan Distance: 12.0, Mask Weight: 0.936
Epoch 450/20000, Train Loss: 0.5621, Validation Set Manhattan Distance: 12.0, Mask Weight: 0.936
Epoch 451/20000, Train Loss: 0.5513, Validation Set Manhattan Distance: 12.0, Mask Weight: 0.936
Epoch 452/20000, Train Loss: 0.5322, Validation Set Manhattan Distance: 12.0, Mask Weight: 0.936
Epoch 453/20000, Train Loss: 0.5051, Validation Set Manhattan Distance: 12.0, Mask Weight: 0.936
Epoch 454/20000, Train Loss: 0.4626, Validation Set Manhattan Distance: 12.0, Mask Weight: 0.936
Epoch 455/20000, Train Loss: 0.4167, Validation Set Manhattan Distance: 12.0, Mask Weight: 0.936
Epoch 456/20000, Train Loss: 0.3766, Validation Set Manhattan Distance: 12.0, Mask Weight: 0.936
Epoch 457/20000, Train Loss: 0.3490, Validation Set Manhattan Distance: 12.0, Mask Weight: 0.936
Epoch 458/20000, Train Loss: 0.3306, Validation Set Manhattan Distance: 12.0, Mask Weight: 0.936
Epoch 459/20000, Train Loss: 0.3154, Validation Set Manhattan Distance: 12.0, Mask Weight: 0.936
Epoch 460/20000, Train Loss: 0.3167, Validation Set Manhattan Distance: 12.0, Mask Weight: 0.936
Epoch 461/20000, Train Loss: 0.3012, Validation Set Manhattan Distance: 12.0, Mask Weight: 0.936
Epoch 462/20000, Train Loss: 0.2907, Validation Set Manhattan Distance: 12.0, Mask Weight: 0.936
Epoch 463/20000, Train Loss: 0.2890, Validation Set Manhattan Distance: 12.0, Mask Weight: 0.936
Epoch 464/20000, Train Loss: 0.3483, Validation Set Manhattan Distance: 12.0, Mask Weight: 0.936
Epoch 465/20000, Train Loss: 0.3793, Validation Set Manhattan Distance: 12.0, Mask Weight: 0.936
Epoch 466/20000, Train Loss: 0.3834, Validation Set Manhattan Distance: 12.0, Mask Weight: 0.936
Epoch 467/20000, Train Loss: 0.4394, Validation Set Manhattan Distance: 12.0, Mask Weight: 0.936
Epoch 468/20000, Train Loss: 0.4474, Validation Set Manhattan Distance: 12.0, Mask Weight: 0.936
Epoch 469/20000, Train Loss: 0.3315, Validation Set Manhattan Distance: 12.0, Mask Weight: 0.936
Epoch 470/20000, Train Loss: 0.3182, Validation Set Manhattan Distance: 12.0, Mask Weight: 0.936
Epoch 471/20000, Train Loss: 0.3115, Validation Set Manhattan Distance: 12.0, Mask Weight: 0.936
Epoch 472/20000, Train Loss: 0.3030, Validation Set Manhattan Distance: 12.0, Mask Weight: 0.936
Epoch 473/20000, Train Loss: 0.2982, Validation Set Manhattan Distance: 12.0, Mask Weight: 0.936
Epoch 474/20000, Train Loss: 0.2924, Validation Set Manhattan Distance: 12.0, Mask Weight: 0.936
Epoch 475/20000, Train Loss: 0.2871, Validation Set Manhattan Distance: 12.0, Mask Weight: 0.936
Epoch 476/20000, Train Loss: 0.2833, Validation Set Manhattan Distance: 12.0, Mask Weight: 0.936
Epoch 477/20000, Train Loss: 0.2819, Validation Set Manhattan Distance: 12.0, Mask Weight: 0.936
Epoch 478/20000, Train Loss: 0.2815, Validation Set Manhattan Distance: 12.0, Mask Weight: 0.936
Epoch 479/20000, Train Loss: 0.2765, Validation Set Manhattan Distance: 12.0, Mask Weight: 0.936
Epoch 480/20000, Train Loss: 0.2766, Validation Set Manhattan Distance: 12.0, Mask Weight: 0.936
Epoch 481/20000, Train Loss: 0.2743, Validation Set Manhattan Distance: 12.0, Mask Weight: 0.936
Epoch 482/20000, Train Loss: 0.2752, Validation Set Manhattan Distance: 12.0, Mask Weight: 0.936
Epoch 483/20000, Train Loss: 0.2795, Validation Set Manhattan Distance: 12.0, Mask Weight: 0.936
Epoch 484/20000, Train Loss: 0.2737, Validation Set Manhattan Distance: 12.0, Mask Weight: 0.936
Epoch 485/20000, Train Loss: 0.2848, Validation Set Manhattan Distance: 12.0, Mask Weight: 0.936
Epoch 486/20000, Train Loss: 0.2764, Validation Set Manhattan Distance: 12.0, Mask Weight: 0.936
Epoch 487/20000, Train Loss: 0.2746, Validation Set Manhattan Distance: 12.0, Mask Weight: 0.936
Epoch 488/20000, Train Loss: 0.2776, Validation Set Manhattan Distance: 12.0, Mask Weight: 0.936
Epoch 489/20000, Train Loss: 0.2794, Validation Set Manhattan Distance: 12.0, Mask Weight: 0.936
Epoch 490/20000, Train Loss: 0.2788, Validation Set Manhattan Distance: 12.0, Mask Weight: 0.936
Epoch 491/20000, Train Loss: 0.2823, Validation Set Manhattan Distance: 12.0, Mask Weight: 0.936
Epoch 492/20000, Train Loss: 0.2779, Validation Set Manhattan Distance: 12.0, Mask Weight: 0.936
Epoch 493/20000, Train Loss: 0.2774, Validation Set Manhattan Distance: 12.0, Mask Weight: 0.936
Epoch 494/20000, Train Loss: 0.2753, Validation Set Manhattan Distance: 12.0, Mask Weight: 0.936
Epoch 495/20000, Train Loss: 0.2751, Validation Set Manhattan Distance: 12.0, Mask Weight: 0.936
Epoch 496/20000, Train Loss: 0.2748, Validation Set Manhattan Distance: 12.0, Mask Weight: 0.936
Epoch 497/20000, Train Loss: 0.2752, Validation Set Manhattan Distance: 12.0, Mask Weight: 0.936
Epoch 498/20000, Train Loss: 0.2740, Validation Set Manhattan Distance: 12.0, Mask Weight: 0.936
Epoch 499/20000, Train Loss: 0.2756, Validation Set Manhattan Distance: 12.0, Mask Weight: 0.936
Epoch 500/20000, Train Loss: 0.2763, Validation Set Manhattan Distance: 12.0, Mask Weight: 0.936
Epoch 501/20000, Train Loss: 0.2794, Validation Set Manhattan Distance: 12.0, Mask Weight: 0.936
Epoch 502/20000, Train Loss: 0.2742, Validation Set Manhattan Distance: 12.0, Mask Weight: 0.936
Epoch 503/20000, Train Loss: 0.2739, Validation Set Manhattan Distance: 12.0, Mask Weight: 0.936
Epoch 504/20000, Train Loss: 0.2740, Validation Set Manhattan Distance: 12.0, Mask Weight: 0.936
Epoch 505/20000, Train Loss: 0.2754, Validation Set Manhattan Distance: 12.0, Mask Weight: 0.936
Epoch 506/20000, Train Loss: 0.2784, Validation Set Manhattan Distance: 12.0, Mask Weight: 0.936
Epoch 507/20000, Train Loss: 0.2761, Validation Set Manhattan Distance: 12.0, Mask Weight: 0.936
Epoch 508/20000, Train Loss: 0.2780, Validation Set Manhattan Distance: 12.0, Mask Weight: 0.936
Epoch 509/20000, Train Loss: 0.2817, Validation Set Manhattan Distance: 12.0, Mask Weight: 0.936
Epoch 510/20000, Train Loss: 0.2740, Validation Set Manhattan Distance: 12.0, Mask Weight: 0.936
Epoch 511/20000, Train Loss: 0.2726, Validation Set Manhattan Distance: 18.0, Mask Weight: 0.936
Epoch 512/20000, Train Loss: 0.2748, Validation Set Manhattan Distance: 12.0, Mask Weight: 0.936
Epoch 513/20000, Train Loss: 0.2723, Validation Set Manhattan Distance: 18.0, Mask Weight: 0.936
Epoch 514/20000, Train Loss: 0.2715, Validation Set Manhattan Distance: 18.0, Mask Weight: 0.936
Epoch 515/20000, Train Loss: 0.2776, Validation Set Manhattan Distance: 12.0, Mask Weight: 0.936
Epoch 516/20000, Train Loss: 0.2812, Validation Set Manhattan Distance: 12.0, Mask Weight: 0.936
Epoch 517/20000, Train Loss: 0.2758, Validation Set Manhattan Distance: 18.0, Mask Weight: 0.936
Epoch 518/20000, Train Loss: 0.2751, Validation Set Manhattan Distance: 12.0, Mask Weight: 0.936
Epoch 519/20000, Train Loss: 0.2764, Validation Set Manhattan Distance: 12.0, Mask Weight: 0.936
Epoch 520/20000, Train Loss: 0.2737, Validation Set Manhattan Distance: 12.0, Mask Weight: 0.936
Epoch 521/20000, Train Loss: 0.2748, Validation Set Manhattan Distance: 12.0, Mask Weight: 0.936
Epoch 522/20000, Train Loss: 0.2736, Validation Set Manhattan Distance: 12.0, Mask Weight: 0.936
Epoch 523/20000, Train Loss: 0.2732, Validation Set Manhattan Distance: 18.0, Mask Weight: 0.936
Epoch 524/20000, Train Loss: 0.2730, Validation Set Manhattan Distance: 12.0, Mask Weight: 0.936
Epoch 525/20000, Train Loss: 0.2698, Validation Set Manhattan Distance: 18.0, Mask Weight: 0.936
Epoch 526/20000, Train Loss: 0.2727, Validation Set Manhattan Distance: 12.0, Mask Weight: 0.936
Epoch 527/20000, Train Loss: 0.2706, Validation Set Manhattan Distance: 12.0, Mask Weight: 0.936
Epoch 528/20000, Train Loss: 0.2730, Validation Set Manhattan Distance: 12.0, Mask Weight: 0.936
Epoch 529/20000, Train Loss: 0.2700, Validation Set Manhattan Distance: 12.0, Mask Weight: 0.936
Epoch 530/20000, Train Loss: 0.2715, Validation Set Manhattan Distance: 12.0, Mask Weight: 0.936
Epoch 531/20000, Train Loss: 0.2700, Validation Set Manhattan Distance: 12.0, Mask Weight: 0.936
Epoch 532/20000, Train Loss: 0.2730, Validation Set Manhattan Distance: 12.0, Mask Weight: 0.936
Epoch 533/20000, Train Loss: 0.2724, Validation Set Manhattan Distance: 12.0, Mask Weight: 0.936
Epoch 534/20000, Train Loss: 0.2729, Validation Set Manhattan Distance: 12.0, Mask Weight: 0.936
Epoch 535/20000, Train Loss: 0.2734, Validation Set Manhattan Distance: 12.0, Mask Weight: 0.936
Epoch 536/20000, Train Loss: 0.2775, Validation Set Manhattan Distance: 12.0, Mask Weight: 0.936
Epoch 537/20000, Train Loss: 0.2741, Validation Set Manhattan Distance: 12.0, Mask Weight: 0.936
Epoch 538/20000, Train Loss: 0.2743, Validation Set Manhattan Distance: 18.0, Mask Weight: 0.936
Epoch 539/20000, Train Loss: 0.2724, Validation Set Manhattan Distance: 12.0, Mask Weight: 0.936
Epoch 540/20000, Train Loss: 0.2719, Validation Set Manhattan Distance: 12.0, Mask Weight: 0.936
Epoch 541/20000, Train Loss: 0.2711, Validation Set Manhattan Distance: 12.0, Mask Weight: 0.936
Epoch 542/20000, Train Loss: 0.2715, Validation Set Manhattan Distance: 18.0, Mask Weight: 0.936
Epoch 543/20000, Train Loss: 0.2705, Validation Set Manhattan Distance: 12.0, Mask Weight: 0.936
Epoch 544/20000, Train Loss: 0.2713, Validation Set Manhattan Distance: 18.0, Mask Weight: 0.936
Epoch 545/20000, Train Loss: 0.2719, Validation Set Manhattan Distance: 18.0, Mask Weight: 0.936
Epoch 546/20000, Train Loss: 0.2703, Validation Set Manhattan Distance: 18.0, Mask Weight: 0.936
Epoch 547/20000, Train Loss: 0.2700, Validation Set Manhattan Distance: 18.0, Mask Weight: 0.936
Epoch 548/20000, Train Loss: 0.2717, Validation Set Manhattan Distance: 18.0, Mask Weight: 0.936
Epoch 549/20000, Train Loss: 0.2727, Validation Set Manhattan Distance: 18.0, Mask Weight: 0.936
Epoch 550/20000, Train Loss: 0.2725, Validation Set Manhattan Distance: 12.0, Mask Weight: 0.936
Epoch 551/20000, Train Loss: 0.2729, Validation Set Manhattan Distance: 18.0, Mask Weight: 0.936
Epoch 552/20000, Train Loss: 0.2721, Validation Set Manhattan Distance: 18.0, Mask Weight: 0.936
Epoch 553/20000, Train Loss: 0.2724, Validation Set Manhattan Distance: 18.0, Mask Weight: 0.936
Epoch 554/20000, Train Loss: 0.2722, Validation Set Manhattan Distance: 18.0, Mask Weight: 0.936
Epoch 555/20000, Train Loss: 0.2756, Validation Set Manhattan Distance: 18.0, Mask Weight: 0.936
Epoch 556/20000, Train Loss: 0.2737, Validation Set Manhattan Distance: 18.0, Mask Weight: 0.936
Epoch 557/20000, Train Loss: 0.2786, Validation Set Manhattan Distance: 18.0, Mask Weight: 0.936
Epoch 558/20000, Train Loss: 0.2773, Validation Set Manhattan Distance: 12.0, Mask Weight: 0.936
Epoch 559/20000, Train Loss: 0.2764, Validation Set Manhattan Distance: 18.0, Mask Weight: 0.936
Epoch 560/20000, Train Loss: 0.2708, Validation Set Manhattan Distance: 18.0, Mask Weight: 0.936
Epoch 561/20000, Train Loss: 0.2715, Validation Set Manhattan Distance: 18.0, Mask Weight: 0.936
Epoch 562/20000, Train Loss: 0.2703, Validation Set Manhattan Distance: 18.0, Mask Weight: 0.936
Epoch 563/20000, Train Loss: 0.2701, Validation Set Manhattan Distance: 18.0, Mask Weight: 0.936
Epoch 564/20000, Train Loss: 0.2672, Validation Set Manhattan Distance: 18.0, Mask Weight: 0.936
Epoch 565/20000, Train Loss: 0.2710, Validation Set Manhattan Distance: 18.0, Mask Weight: 0.936
Epoch 566/20000, Train Loss: 0.2700, Validation Set Manhattan Distance: 18.0, Mask Weight: 0.936
Epoch 567/20000, Train Loss: 0.2717, Validation Set Manhattan Distance: 18.0, Mask Weight: 0.936
Epoch 568/20000, Train Loss: 0.2702, Validation Set Manhattan Distance: 18.0, Mask Weight: 0.936
Epoch 569/20000, Train Loss: 0.2708, Validation Set Manhattan Distance: 18.0, Mask Weight: 0.936
Epoch 570/20000, Train Loss: 0.2685, Validation Set Manhattan Distance: 18.0, Mask Weight: 0.936
Epoch 571/20000, Train Loss: 0.2709, Validation Set Manhattan Distance: 18.0, Mask Weight: 0.936
Epoch 572/20000, Train Loss: 0.2704, Validation Set Manhattan Distance: 18.0, Mask Weight: 0.936
Epoch 573/20000, Train Loss: 0.2694, Validation Set Manhattan Distance: 18.0, Mask Weight: 0.936
Epoch 574/20000, Train Loss: 0.2691, Validation Set Manhattan Distance: 18.0, Mask Weight: 0.936
Epoch 575/20000, Train Loss: 0.2692, Validation Set Manhattan Distance: 18.0, Mask Weight: 0.936
Epoch 576/20000, Train Loss: 0.2701, Validation Set Manhattan Distance: 18.0, Mask Weight: 0.936
Epoch 577/20000, Train Loss: 0.2701, Validation Set Manhattan Distance: 18.0, Mask Weight: 0.936
Epoch 578/20000, Train Loss: 0.2693, Validation Set Manhattan Distance: 18.0, Mask Weight: 0.936
Epoch 579/20000, Train Loss: 0.2694, Validation Set Manhattan Distance: 18.0, Mask Weight: 0.936
Epoch 580/20000, Train Loss: 0.2695, Validation Set Manhattan Distance: 18.0, Mask Weight: 0.936
Epoch 581/20000, Train Loss: 0.2702, Validation Set Manhattan Distance: 18.0, Mask Weight: 0.936
Epoch 582/20000, Train Loss: 0.2722, Validation Set Manhattan Distance: 18.0, Mask Weight: 0.936
Epoch 583/20000, Train Loss: 0.2730, Validation Set Manhattan Distance: 18.0, Mask Weight: 0.936
Epoch 584/20000, Train Loss: 0.2723, Validation Set Manhattan Distance: 18.0, Mask Weight: 0.936
Epoch 585/20000, Train Loss: 0.2700, Validation Set Manhattan Distance: 18.0, Mask Weight: 0.936
Epoch 586/20000, Train Loss: 0.2741, Validation Set Manhattan Distance: 18.0, Mask Weight: 0.936
Epoch 587/20000, Train Loss: 0.2707, Validation Set Manhattan Distance: 18.0, Mask Weight: 0.936
Epoch 588/20000, Train Loss: 0.2697, Validation Set Manhattan Distance: 18.0, Mask Weight: 0.936
Epoch 589/20000, Train Loss: 0.2703, Validation Set Manhattan Distance: 18.0, Mask Weight: 0.936
Epoch 590/20000, Train Loss: 0.2700, Validation Set Manhattan Distance: 18.0, Mask Weight: 0.936
Epoch 591/20000, Train Loss: 0.2703, Validation Set Manhattan Distance: 18.0, Mask Weight: 0.936
Epoch 592/20000, Train Loss: 0.2710, Validation Set Manhattan Distance: 18.0, Mask Weight: 0.936
Epoch 593/20000, Train Loss: 0.2712, Validation Set Manhattan Distance: 18.0, Mask Weight: 0.936
Epoch 594/20000, Train Loss: 0.2689, Validation Set Manhattan Distance: 18.0, Mask Weight: 0.936
Epoch 595/20000, Train Loss: 0.2716, Validation Set Manhattan Distance: 18.0, Mask Weight: 0.936
Epoch 596/20000, Train Loss: 0.2698, Validation Set Manhattan Distance: 18.0, Mask Weight: 0.936
Epoch 597/20000, Train Loss: 0.2702, Validation Set Manhattan Distance: 18.0, Mask Weight: 0.936
Epoch 598/20000, Train Loss: 0.2710, Validation Set Manhattan Distance: 18.0, Mask Weight: 0.936
Epoch 599/20000, Train Loss: 0.2708, Validation Set Manhattan Distance: 18.0, Mask Weight: 0.936
Epoch 600/20000, Train Loss: 0.2712, Validation Set Manhattan Distance: 18.0, Mask Weight: 0.936
Epoch 601/20000, Train Loss: 0.2697, Validation Set Manhattan Distance: 18.0, Mask Weight: 0.936
Epoch 602/20000, Train Loss: 0.2710, Validation Set Manhattan Distance: 18.0, Mask Weight: 0.936
Epoch 603/20000, Train Loss: 0.2713, Validation Set Manhattan Distance: 18.0, Mask Weight: 0.936
Epoch 604/20000, Train Loss: 0.2699, Validation Set Manhattan Distance: 18.0, Mask Weight: 0.936
Epoch 605/20000, Train Loss: 0.2715, Validation Set Manhattan Distance: 18.0, Mask Weight: 0.936
Epoch 606/20000, Train Loss: 0.2696, Validation Set Manhattan Distance: 18.0, Mask Weight: 0.936
Epoch 607/20000, Train Loss: 0.2712, Validation Set Manhattan Distance: 18.0, Mask Weight: 0.936
Epoch 608/20000, Train Loss: 0.2701, Validation Set Manhattan Distance: 18.0, Mask Weight: 0.936
Epoch 609/20000, Train Loss: 0.2693, Validation Set Manhattan Distance: 18.0, Mask Weight: 0.936
Epoch 610/20000, Train Loss: 0.2700, Validation Set Manhattan Distance: 18.0, Mask Weight: 0.936
Epoch 611/20000, Train Loss: 0.2684, Validation Set Manhattan Distance: 18.0, Mask Weight: 0.936
Epoch 612/20000, Train Loss: 0.2703, Validation Set Manhattan Distance: 18.0, Mask Weight: 0.936
Epoch 613/20000, Train Loss: 0.2763, Validation Set Manhattan Distance: 12.0, Mask Weight: 0.936
Epoch 614/20000, Train Loss: 0.2704, Validation Set Manhattan Distance: 18.0, Mask Weight: 0.936
Epoch 615/20000, Train Loss: 0.2735, Validation Set Manhattan Distance: 18.0, Mask Weight: 0.936
Epoch 616/20000, Train Loss: 0.2735, Validation Set Manhattan Distance: 18.0, Mask Weight: 0.936
Epoch 617/20000, Train Loss: 0.2707, Validation Set Manhattan Distance: 18.0, Mask Weight: 0.936
Epoch 618/20000, Train Loss: 0.2722, Validation Set Manhattan Distance: 18.0, Mask Weight: 0.936
Epoch 619/20000, Train Loss: 0.2723, Validation Set Manhattan Distance: 18.0, Mask Weight: 0.936
Epoch 620/20000, Train Loss: 0.2723, Validation Set Manhattan Distance: 18.0, Mask Weight: 0.936
Epoch 621/20000, Train Loss: 0.2720, Validation Set Manhattan Distance: 18.0, Mask Weight: 0.936
Epoch 622/20000, Train Loss: 0.2739, Validation Set Manhattan Distance: 18.0, Mask Weight: 0.936
Epoch 623/20000, Train Loss: 0.2699, Validation Set Manhattan Distance: 18.0, Mask Weight: 0.936
Epoch 624/20000, Train Loss: 0.2709, Validation Set Manhattan Distance: 18.0, Mask Weight: 0.936
Epoch 625/20000, Train Loss: 0.2695, Validation Set Manhattan Distance: 18.0, Mask Weight: 0.936
Epoch 626/20000, Train Loss: 0.2689, Validation Set Manhattan Distance: 18.0, Mask Weight: 0.936
Epoch 627/20000, Train Loss: 0.2702, Validation Set Manhattan Distance: 18.0, Mask Weight: 0.936
Epoch 628/20000, Train Loss: 0.2714, Validation Set Manhattan Distance: 12.0, Mask Weight: 0.936
Epoch 629/20000, Train Loss: 0.2691, Validation Set Manhattan Distance: 18.0, Mask Weight: 0.936
Epoch 630/20000, Train Loss: 0.2713, Validation Set Manhattan Distance: 18.0, Mask Weight: 0.936
Epoch 631/20000, Train Loss: 0.2705, Validation Set Manhattan Distance: 18.0, Mask Weight: 0.936
Epoch 632/20000, Train Loss: 0.2701, Validation Set Manhattan Distance: 18.0, Mask Weight: 0.936
Epoch 633/20000, Train Loss: 0.2690, Validation Set Manhattan Distance: 18.0, Mask Weight: 0.936
Epoch 634/20000, Train Loss: 0.2681, Validation Set Manhattan Distance: 18.0, Mask Weight: 0.936
Epoch 635/20000, Train Loss: 0.2675, Validation Set Manhattan Distance: 18.0, Mask Weight: 0.936
Epoch 636/20000, Train Loss: 0.2687, Validation Set Manhattan Distance: 18.0, Mask Weight: 0.936
Epoch 637/20000, Train Loss: 0.2697, Validation Set Manhattan Distance: 12.0, Mask Weight: 0.936
Epoch 638/20000, Train Loss: 0.2692, Validation Set Manhattan Distance: 18.0, Mask Weight: 0.936
Epoch 639/20000, Train Loss: 0.2692, Validation Set Manhattan Distance: 18.0, Mask Weight: 0.936
Epoch 640/20000, Train Loss: 0.2694, Validation Set Manhattan Distance: 18.0, Mask Weight: 0.936
Epoch 641/20000, Train Loss: 0.2686, Validation Set Manhattan Distance: 18.0, Mask Weight: 0.936
Epoch 642/20000, Train Loss: 0.2701, Validation Set Manhattan Distance: 18.0, Mask Weight: 0.936
Epoch 643/20000, Train Loss: 0.2703, Validation Set Manhattan Distance: 18.0, Mask Weight: 0.936
Epoch 644/20000, Train Loss: 0.2706, Validation Set Manhattan Distance: 18.0, Mask Weight: 0.936
Epoch 645/20000, Train Loss: 0.2696, Validation Set Manhattan Distance: 18.0, Mask Weight: 0.936
Epoch 646/20000, Train Loss: 0.2688, Validation Set Manhattan Distance: 18.0, Mask Weight: 0.936
Epoch 647/20000, Train Loss: 0.2690, Validation Set Manhattan Distance: 18.0, Mask Weight: 0.936
Epoch 648/20000, Train Loss: 0.2686, Validation Set Manhattan Distance: 18.0, Mask Weight: 0.936
Epoch 649/20000, Train Loss: 0.2695, Validation Set Manhattan Distance: 18.0, Mask Weight: 0.936
Epoch 650/20000, Train Loss: 0.2692, Validation Set Manhattan Distance: 18.0, Mask Weight: 0.936
Epoch 651/20000, Train Loss: 0.2681, Validation Set Manhattan Distance: 18.0, Mask Weight: 0.936
Epoch 652/20000, Train Loss: 0.2678, Validation Set Manhattan Distance: 18.0, Mask Weight: 0.936
Epoch 653/20000, Train Loss: 0.2698, Validation Set Manhattan Distance: 18.0, Mask Weight: 0.936
Epoch 654/20000, Train Loss: 0.2692, Validation Set Manhattan Distance: 12.0, Mask Weight: 0.936
Epoch 655/20000, Train Loss: 0.2680, Validation Set Manhattan Distance: 18.0, Mask Weight: 0.936
Epoch 656/20000, Train Loss: 0.2728, Validation Set Manhattan Distance: 18.0, Mask Weight: 0.936
Epoch 657/20000, Train Loss: 0.2708, Validation Set Manhattan Distance: 12.0, Mask Weight: 0.936
Epoch 658/20000, Train Loss: 0.2705, Validation Set Manhattan Distance: 18.0, Mask Weight: 0.936
Epoch 659/20000, Train Loss: 0.2704, Validation Set Manhattan Distance: 18.0, Mask Weight: 0.936
Epoch 660/20000, Train Loss: 0.2722, Validation Set Manhattan Distance: 12.0, Mask Weight: 0.936
Epoch 661/20000, Train Loss: 0.2713, Validation Set Manhattan Distance: 18.0, Mask Weight: 0.936
Epoch 662/20000, Train Loss: 0.2693, Validation Set Manhattan Distance: 18.0, Mask Weight: 0.936
Epoch 663/20000, Train Loss: 0.2735, Validation Set Manhattan Distance: 18.0, Mask Weight: 0.936
Epoch 664/20000, Train Loss: 0.2714, Validation Set Manhattan Distance: 12.0, Mask Weight: 0.936
Epoch 665/20000, Train Loss: 0.2701, Validation Set Manhattan Distance: 18.0, Mask Weight: 0.936
Epoch 666/20000, Train Loss: 0.2700, Validation Set Manhattan Distance: 18.0, Mask Weight: 0.936
Epoch 667/20000, Train Loss: 0.2685, Validation Set Manhattan Distance: 18.0, Mask Weight: 0.936
Epoch 668/20000, Train Loss: 0.2688, Validation Set Manhattan Distance: 18.0, Mask Weight: 0.936
Epoch 669/20000, Train Loss: 0.2686, Validation Set Manhattan Distance: 18.0, Mask Weight: 0.936
Epoch 670/20000, Train Loss: 0.2690, Validation Set Manhattan Distance: 18.0, Mask Weight: 0.936
Epoch 671/20000, Train Loss: 0.2686, Validation Set Manhattan Distance: 18.0, Mask Weight: 0.936
Epoch 672/20000, Train Loss: 0.2688, Validation Set Manhattan Distance: 18.0, Mask Weight: 0.936
Epoch 673/20000, Train Loss: 0.2692, Validation Set Manhattan Distance: 18.0, Mask Weight: 0.936
Epoch 674/20000, Train Loss: 0.2698, Validation Set Manhattan Distance: 18.0, Mask Weight: 0.936
Epoch 675/20000, Train Loss: 0.2678, Validation Set Manhattan Distance: 18.0, Mask Weight: 0.936
Epoch 676/20000, Train Loss: 0.2686, Validation Set Manhattan Distance: 18.0, Mask Weight: 0.936
Epoch 677/20000, Train Loss: 0.2688, Validation Set Manhattan Distance: 18.0, Mask Weight: 0.936
Epoch 678/20000, Train Loss: 0.2692, Validation Set Manhattan Distance: 18.0, Mask Weight: 0.936
Epoch 679/20000, Train Loss: 0.2691, Validation Set Manhattan Distance: 18.0, Mask Weight: 0.936
Epoch 680/20000, Train Loss: 0.2709, Validation Set Manhattan Distance: 18.0, Mask Weight: 0.936
Epoch 681/20000, Train Loss: 0.2693, Validation Set Manhattan Distance: 18.0, Mask Weight: 0.936
Epoch 682/20000, Train Loss: 0.2702, Validation Set Manhattan Distance: 18.0, Mask Weight: 0.936
Epoch 683/20000, Train Loss: 0.2706, Validation Set Manhattan Distance: 18.0, Mask Weight: 0.936
Epoch 684/20000, Train Loss: 0.2712, Validation Set Manhattan Distance: 18.0, Mask Weight: 0.936
Epoch 685/20000, Train Loss: 0.2693, Validation Set Manhattan Distance: 18.0, Mask Weight: 0.936
Epoch 686/20000, Train Loss: 0.2695, Validation Set Manhattan Distance: 18.0, Mask Weight: 0.936
Epoch 687/20000, Train Loss: 0.2690, Validation Set Manhattan Distance: 18.0, Mask Weight: 0.936
Epoch 688/20000, Train Loss: 0.2690, Validation Set Manhattan Distance: 18.0, Mask Weight: 0.936
Epoch 689/20000, Train Loss: 0.2693, Validation Set Manhattan Distance: 18.0, Mask Weight: 0.936
Epoch 690/20000, Train Loss: 0.2677, Validation Set Manhattan Distance: 18.0, Mask Weight: 0.936
Epoch 691/20000, Train Loss: 0.2683, Validation Set Manhattan Distance: 18.0, Mask Weight: 0.936
Epoch 692/20000, Train Loss: 0.2690, Validation Set Manhattan Distance: 18.0, Mask Weight: 0.936
Epoch 693/20000, Train Loss: 0.2674, Validation Set Manhattan Distance: 18.0, Mask Weight: 0.936
Epoch 694/20000, Train Loss: 0.2687, Validation Set Manhattan Distance: 18.0, Mask Weight: 0.936
Epoch 695/20000, Train Loss: 0.2686, Validation Set Manhattan Distance: 18.0, Mask Weight: 0.936
Epoch 696/20000, Train Loss: 0.2685, Validation Set Manhattan Distance: 18.0, Mask Weight: 0.936
Epoch 697/20000, Train Loss: 0.2698, Validation Set Manhattan Distance: 18.0, Mask Weight: 0.936
Epoch 698/20000, Train Loss: 0.2681, Validation Set Manhattan Distance: 18.0, Mask Weight: 0.936
Epoch 699/20000, Train Loss: 0.2691, Validation Set Manhattan Distance: 18.0, Mask Weight: 0.936
Epoch 700/20000, Train Loss: 0.2682, Validation Set Manhattan Distance: 18.0, Mask Weight: 0.936
Epoch 701/20000, Train Loss: 0.2693, Validation Set Manhattan Distance: 18.0, Mask Weight: 0.936
Epoch 702/20000, Train Loss: 0.2688, Validation Set Manhattan Distance: 18.0, Mask Weight: 0.936
Epoch 703/20000, Train Loss: 0.2705, Validation Set Manhattan Distance: 18.0, Mask Weight: 0.936
Epoch 704/20000, Train Loss: 0.2712, Validation Set Manhattan Distance: 18.0, Mask Weight: 0.936
Epoch 705/20000, Train Loss: 0.2688, Validation Set Manhattan Distance: 18.0, Mask Weight: 0.936
Epoch 706/20000, Train Loss: 0.2692, Validation Set Manhattan Distance: 18.0, Mask Weight: 0.936
Epoch 707/20000, Train Loss: 0.2700, Validation Set Manhattan Distance: 18.0, Mask Weight: 0.936
Epoch 708/20000, Train Loss: 0.2703, Validation Set Manhattan Distance: 18.0, Mask Weight: 0.936
Epoch 709/20000, Train Loss: 0.2707, Validation Set Manhattan Distance: 18.0, Mask Weight: 0.936
Epoch 710/20000, Train Loss: 0.2685, Validation Set Manhattan Distance: 18.0, Mask Weight: 0.936
Epoch 711/20000, Train Loss: 0.2707, Validation Set Manhattan Distance: 18.0, Mask Weight: 0.936
Epoch 712/20000, Train Loss: 0.2696, Validation Set Manhattan Distance: 18.0, Mask Weight: 0.936
Epoch 713/20000, Train Loss: 0.2689, Validation Set Manhattan Distance: 18.0, Mask Weight: 0.936
Epoch 714/20000, Train Loss: 0.2695, Validation Set Manhattan Distance: 18.0, Mask Weight: 0.936
Epoch 715/20000, Train Loss: 0.2690, Validation Set Manhattan Distance: 18.0, Mask Weight: 0.936
Epoch 716/20000, Train Loss: 0.2698, Validation Set Manhattan Distance: 18.0, Mask Weight: 0.936
Epoch 717/20000, Train Loss: 0.2686, Validation Set Manhattan Distance: 18.0, Mask Weight: 0.936
Epoch 718/20000, Train Loss: 0.2683, Validation Set Manhattan Distance: 18.0, Mask Weight: 0.936
Epoch 719/20000, Train Loss: 0.2708, Validation Set Manhattan Distance: 18.0, Mask Weight: 0.936
Epoch 720/20000, Train Loss: 0.2686, Validation Set Manhattan Distance: 18.0, Mask Weight: 0.936
Epoch 721/20000, Train Loss: 0.2702, Validation Set Manhattan Distance: 18.0, Mask Weight: 0.936
Epoch 722/20000, Train Loss: 0.2686, Validation Set Manhattan Distance: 18.0, Mask Weight: 0.936
Epoch 723/20000, Train Loss: 0.2686, Validation Set Manhattan Distance: 18.0, Mask Weight: 0.936
Epoch 724/20000, Train Loss: 0.2702, Validation Set Manhattan Distance: 18.0, Mask Weight: 0.936
Epoch 725/20000, Train Loss: 0.2690, Validation Set Manhattan Distance: 18.0, Mask Weight: 0.936
Epoch 726/20000, Train Loss: 0.2689, Validation Set Manhattan Distance: 18.0, Mask Weight: 0.936
Epoch 727/20000, Train Loss: 0.2721, Validation Set Manhattan Distance: 18.0, Mask Weight: 0.936
Epoch 728/20000, Train Loss: 0.2683, Validation Set Manhattan Distance: 18.0, Mask Weight: 0.936
Epoch 729/20000, Train Loss: 0.2697, Validation Set Manhattan Distance: 18.0, Mask Weight: 0.936
Epoch 730/20000, Train Loss: 0.2702, Validation Set Manhattan Distance: 18.0, Mask Weight: 0.936
Epoch 731/20000, Train Loss: 0.2726, Validation Set Manhattan Distance: 18.0, Mask Weight: 0.936
Epoch 732/20000, Train Loss: 0.2700, Validation Set Manhattan Distance: 18.0, Mask Weight: 0.936
Epoch 733/20000, Train Loss: 0.2678, Validation Set Manhattan Distance: 18.0, Mask Weight: 0.936
Epoch 734/20000, Train Loss: 0.2685, Validation Set Manhattan Distance: 18.0, Mask Weight: 0.936
Epoch 735/20000, Train Loss: 0.2690, Validation Set Manhattan Distance: 18.0, Mask Weight: 0.936
Epoch 736/20000, Train Loss: 0.2710, Validation Set Manhattan Distance: 18.0, Mask Weight: 0.936
Epoch 737/20000, Train Loss: 0.2700, Validation Set Manhattan Distance: 18.0, Mask Weight: 0.936
Epoch 738/20000, Train Loss: 0.2690, Validation Set Manhattan Distance: 18.0, Mask Weight: 0.936
Epoch 739/20000, Train Loss: 0.2690, Validation Set Manhattan Distance: 18.0, Mask Weight: 0.936
Epoch 740/20000, Train Loss: 0.2691, Validation Set Manhattan Distance: 18.0, Mask Weight: 0.936
Epoch 741/20000, Train Loss: 0.2686, Validation Set Manhattan Distance: 18.0, Mask Weight: 0.936
Epoch 742/20000, Train Loss: 0.2690, Validation Set Manhattan Distance: 18.0, Mask Weight: 0.936
Epoch 743/20000, Train Loss: 0.2669, Validation Set Manhattan Distance: 18.0, Mask Weight: 0.936
Epoch 744/20000, Train Loss: 0.2672, Validation Set Manhattan Distance: 18.0, Mask Weight: 0.936
Epoch 745/20000, Train Loss: 0.2683, Validation Set Manhattan Distance: 18.0, Mask Weight: 0.936
Epoch 746/20000, Train Loss: 0.2665, Validation Set Manhattan Distance: 18.0, Mask Weight: 0.936
Epoch 747/20000, Train Loss: 0.2674, Validation Set Manhattan Distance: 12.0, Mask Weight: 0.936
Epoch 748/20000, Train Loss: 0.2688, Validation Set Manhattan Distance: 18.0, Mask Weight: 0.936
Epoch 749/20000, Train Loss: 0.2696, Validation Set Manhattan Distance: 18.0, Mask Weight: 0.936
Epoch 750/20000, Train Loss: 0.2693, Validation Set Manhattan Distance: 18.0, Mask Weight: 0.936
Epoch 751/20000, Train Loss: 0.2691, Validation Set Manhattan Distance: 18.0, Mask Weight: 0.936
Epoch 752/20000, Train Loss: 0.2688, Validation Set Manhattan Distance: 18.0, Mask Weight: 0.936
Epoch 753/20000, Train Loss: 0.2681, Validation Set Manhattan Distance: 18.0, Mask Weight: 0.936
Epoch 754/20000, Train Loss: 0.2688, Validation Set Manhattan Distance: 18.0, Mask Weight: 0.936
Epoch 755/20000, Train Loss: 0.2685, Validation Set Manhattan Distance: 18.0, Mask Weight: 0.936
Epoch 756/20000, Train Loss: 0.2683, Validation Set Manhattan Distance: 18.0, Mask Weight: 0.936
Epoch 757/20000, Train Loss: 0.2685, Validation Set Manhattan Distance: 18.0, Mask Weight: 0.936
Epoch 758/20000, Train Loss: 0.2698, Validation Set Manhattan Distance: 18.0, Mask Weight: 0.936
Epoch 759/20000, Train Loss: 0.2675, Validation Set Manhattan Distance: 18.0, Mask Weight: 0.936
Epoch 760/20000, Train Loss: 0.2681, Validation Set Manhattan Distance: 18.0, Mask Weight: 0.936
Epoch 761/20000, Train Loss: 0.2673, Validation Set Manhattan Distance: 18.0, Mask Weight: 0.936
Epoch 762/20000, Train Loss: 0.2691, Validation Set Manhattan Distance: 18.0, Mask Weight: 0.936
Epoch 763/20000, Train Loss: 0.2688, Validation Set Manhattan Distance: 18.0, Mask Weight: 0.936
Epoch 764/20000, Train Loss: 0.2679, Validation Set Manhattan Distance: 18.0, Mask Weight: 0.936
Epoch 765/20000, Train Loss: 0.2695, Validation Set Manhattan Distance: 18.0, Mask Weight: 0.936
Epoch 766/20000, Train Loss: 0.2682, Validation Set Manhattan Distance: 18.0, Mask Weight: 0.936
Epoch 767/20000, Train Loss: 0.2695, Validation Set Manhattan Distance: 18.0, Mask Weight: 0.936
Epoch 768/20000, Train Loss: 0.2668, Validation Set Manhattan Distance: 18.0, Mask Weight: 0.936
Epoch 769/20000, Train Loss: 0.2695, Validation Set Manhattan Distance: 18.0, Mask Weight: 0.936
Epoch 770/20000, Train Loss: 0.2697, Validation Set Manhattan Distance: 18.0, Mask Weight: 0.936
Epoch 771/20000, Train Loss: 0.2696, Validation Set Manhattan Distance: 18.0, Mask Weight: 0.936
Epoch 772/20000, Train Loss: 0.2705, Validation Set Manhattan Distance: 18.0, Mask Weight: 0.936
Epoch 773/20000, Train Loss: 0.2696, Validation Set Manhattan Distance: 18.0, Mask Weight: 0.936
Epoch 774/20000, Train Loss: 0.2685, Validation Set Manhattan Distance: 18.0, Mask Weight: 0.936
Epoch 775/20000, Train Loss: 0.2687, Validation Set Manhattan Distance: 18.0, Mask Weight: 0.936
Epoch 776/20000, Train Loss: 0.2694, Validation Set Manhattan Distance: 18.0, Mask Weight: 0.936
Epoch 777/20000, Train Loss: 0.2681, Validation Set Manhattan Distance: 18.0, Mask Weight: 0.936
Epoch 778/20000, Train Loss: 0.2691, Validation Set Manhattan Distance: 18.0, Mask Weight: 0.936
Epoch 779/20000, Train Loss: 0.2695, Validation Set Manhattan Distance: 18.0, Mask Weight: 0.936
Epoch 780/20000, Train Loss: 0.2692, Validation Set Manhattan Distance: 18.0, Mask Weight: 0.936
Epoch 781/20000, Train Loss: 0.2685, Validation Set Manhattan Distance: 18.0, Mask Weight: 0.936
Epoch 782/20000, Train Loss: 0.2688, Validation Set Manhattan Distance: 18.0, Mask Weight: 0.936
Epoch 783/20000, Train Loss: 0.2712, Validation Set Manhattan Distance: 18.0, Mask Weight: 0.936
Epoch 784/20000, Train Loss: 0.2685, Validation Set Manhattan Distance: 18.0, Mask Weight: 0.936
Epoch 785/20000, Train Loss: 0.2683, Validation Set Manhattan Distance: 18.0, Mask Weight: 0.936
Epoch 786/20000, Train Loss: 0.2682, Validation Set Manhattan Distance: 18.0, Mask Weight: 0.936
Epoch 787/20000, Train Loss: 0.2691, Validation Set Manhattan Distance: 18.0, Mask Weight: 0.936
Epoch 788/20000, Train Loss: 0.2697, Validation Set Manhattan Distance: 18.0, Mask Weight: 0.936
Epoch 789/20000, Train Loss: 0.2685, Validation Set Manhattan Distance: 18.0, Mask Weight: 0.936
Epoch 790/20000, Train Loss: 0.2681, Validation Set Manhattan Distance: 18.0, Mask Weight: 0.936
Epoch 791/20000, Train Loss: 0.2711, Validation Set Manhattan Distance: 18.0, Mask Weight: 0.936
Epoch 792/20000, Train Loss: 0.2691, Validation Set Manhattan Distance: 18.0, Mask Weight: 0.936
Epoch 793/20000, Train Loss: 0.2702, Validation Set Manhattan Distance: 18.0, Mask Weight: 0.936
Epoch 794/20000, Train Loss: 0.2697, Validation Set Manhattan Distance: 18.0, Mask Weight: 0.936
Epoch 795/20000, Train Loss: 0.2701, Validation Set Manhattan Distance: 18.0, Mask Weight: 0.936
Epoch 796/20000, Train Loss: 0.2677, Validation Set Manhattan Distance: 18.0, Mask Weight: 0.936
Epoch 797/20000, Train Loss: 0.2690, Validation Set Manhattan Distance: 18.0, Mask Weight: 0.936
Epoch 798/20000, Train Loss: 0.2679, Validation Set Manhattan Distance: 18.0, Mask Weight: 0.936
Epoch 799/20000, Train Loss: 0.2690, Validation Set Manhattan Distance: 18.0, Mask Weight: 0.936
Epoch 800/20000, Train Loss: 0.2676, Validation Set Manhattan Distance: 18.0, Mask Weight: 0.936
Epoch 801/20000, Train Loss: 0.2691, Validation Set Manhattan Distance: 18.0, Mask Weight: 0.936
Epoch 802/20000, Train Loss: 0.2692, Validation Set Manhattan Distance: 18.0, Mask Weight: 0.936
Epoch 803/20000, Train Loss: 0.2689, Validation Set Manhattan Distance: 18.0, Mask Weight: 0.936
Epoch 804/20000, Train Loss: 0.2689, Validation Set Manhattan Distance: 18.0, Mask Weight: 0.936
Epoch 805/20000, Train Loss: 0.2690, Validation Set Manhattan Distance: 18.0, Mask Weight: 0.936
Epoch 806/20000, Train Loss: 0.2686, Validation Set Manhattan Distance: 18.0, Mask Weight: 0.936
Epoch 807/20000, Train Loss: 0.2686, Validation Set Manhattan Distance: 18.0, Mask Weight: 0.936
Epoch 808/20000, Train Loss: 0.2690, Validation Set Manhattan Distance: 18.0, Mask Weight: 0.936
Epoch 809/20000, Train Loss: 0.2678, Validation Set Manhattan Distance: 18.0, Mask Weight: 0.936
Epoch 810/20000, Train Loss: 0.2681, Validation Set Manhattan Distance: 18.0, Mask Weight: 0.936
Epoch 811/20000, Train Loss: 0.2693, Validation Set Manhattan Distance: 18.0, Mask Weight: 0.936
Epoch 812/20000, Train Loss: 0.2691, Validation Set Manhattan Distance: 18.0, Mask Weight: 0.936
Epoch 813/20000, Train Loss: 0.2680, Validation Set Manhattan Distance: 18.0, Mask Weight: 0.936
Epoch 814/20000, Train Loss: 0.2680, Validation Set Manhattan Distance: 18.0, Mask Weight: 0.936
Epoch 815/20000, Train Loss: 0.2680, Validation Set Manhattan Distance: 18.0, Mask Weight: 0.936
Epoch 816/20000, Train Loss: 0.2676, Validation Set Manhattan Distance: 18.0, Mask Weight: 0.936
Epoch 817/20000, Train Loss: 0.2684, Validation Set Manhattan Distance: 18.0, Mask Weight: 0.936
Epoch 818/20000, Train Loss: 0.2675, Validation Set Manhattan Distance: 18.0, Mask Weight: 0.936
Epoch 819/20000, Train Loss: 0.2684, Validation Set Manhattan Distance: 18.0, Mask Weight: 0.936
Epoch 820/20000, Train Loss: 0.2684, Validation Set Manhattan Distance: 18.0, Mask Weight: 0.936
Epoch 821/20000, Train Loss: 0.2680, Validation Set Manhattan Distance: 18.0, Mask Weight: 0.936
Epoch 822/20000, Train Loss: 0.2668, Validation Set Manhattan Distance: 18.0, Mask Weight: 0.936
Epoch 823/20000, Train Loss: 0.2693, Validation Set Manhattan Distance: 18.0, Mask Weight: 0.936
Epoch 824/20000, Train Loss: 0.2690, Validation Set Manhattan Distance: 18.0, Mask Weight: 0.936
Epoch 825/20000, Train Loss: 0.2684, Validation Set Manhattan Distance: 18.0, Mask Weight: 0.936
Epoch 826/20000, Train Loss: 0.2686, Validation Set Manhattan Distance: 18.0, Mask Weight: 0.936
Epoch 827/20000, Train Loss: 0.2684, Validation Set Manhattan Distance: 18.0, Mask Weight: 0.936
Epoch 828/20000, Train Loss: 0.2686, Validation Set Manhattan Distance: 18.0, Mask Weight: 0.936
Epoch 829/20000, Train Loss: 0.2689, Validation Set Manhattan Distance: 18.0, Mask Weight: 0.936
Epoch 830/20000, Train Loss: 0.2684, Validation Set Manhattan Distance: 18.0, Mask Weight: 0.936
Epoch 831/20000, Train Loss: 0.2686, Validation Set Manhattan Distance: 18.0, Mask Weight: 0.936
Epoch 832/20000, Train Loss: 0.2690, Validation Set Manhattan Distance: 18.0, Mask Weight: 0.936
Epoch 833/20000, Train Loss: 0.2675, Validation Set Manhattan Distance: 18.0, Mask Weight: 0.936
Epoch 834/20000, Train Loss: 0.2661, Validation Set Manhattan Distance: 18.0, Mask Weight: 0.936
Epoch 835/20000, Train Loss: 0.2680, Validation Set Manhattan Distance: 18.0, Mask Weight: 0.936
Epoch 836/20000, Train Loss: 0.2667, Validation Set Manhattan Distance: 18.0, Mask Weight: 0.936
Epoch 837/20000, Train Loss: 0.2666, Validation Set Manhattan Distance: 12.0, Mask Weight: 0.936
Epoch 838/20000, Train Loss: 0.2678, Validation Set Manhattan Distance: 12.0, Mask Weight: 0.936
Epoch 839/20000, Train Loss: 0.2674, Validation Set Manhattan Distance: 12.0, Mask Weight: 0.936
Epoch 840/20000, Train Loss: 0.2660, Validation Set Manhattan Distance: 12.0, Mask Weight: 0.936
Epoch 841/20000, Train Loss: 0.2704, Validation Set Manhattan Distance: 12.0, Mask Weight: 0.936
Epoch 842/20000, Train Loss: 0.2682, Validation Set Manhattan Distance: 12.0, Mask Weight: 0.936
Epoch 843/20000, Train Loss: 0.2685, Validation Set Manhattan Distance: 12.0, Mask Weight: 0.936
Epoch 844/20000, Train Loss: 0.2672, Validation Set Manhattan Distance: 12.0, Mask Weight: 0.936
Epoch 845/20000, Train Loss: 0.2667, Validation Set Manhattan Distance: 12.0, Mask Weight: 0.936
Epoch 846/20000, Train Loss: 0.2678, Validation Set Manhattan Distance: 12.0, Mask Weight: 0.936
Epoch 847/20000, Train Loss: 0.2672, Validation Set Manhattan Distance: 18.0, Mask Weight: 0.936
Epoch 848/20000, Train Loss: 0.2676, Validation Set Manhattan Distance: 12.0, Mask Weight: 0.936
Epoch 849/20000, Train Loss: 0.2667, Validation Set Manhattan Distance: 12.0, Mask Weight: 0.936
Epoch 850/20000, Train Loss: 0.2670, Validation Set Manhattan Distance: 12.0, Mask Weight: 0.936
Epoch 851/20000, Train Loss: 0.2687, Validation Set Manhattan Distance: 12.0, Mask Weight: 0.936
Epoch 852/20000, Train Loss: 0.2685, Validation Set Manhattan Distance: 12.0, Mask Weight: 0.936
Epoch 853/20000, Train Loss: 0.2678, Validation Set Manhattan Distance: 12.0, Mask Weight: 0.936
Epoch 854/20000, Train Loss: 0.2740, Validation Set Manhattan Distance: 12.0, Mask Weight: 0.936
Epoch 855/20000, Train Loss: 0.2673, Validation Set Manhattan Distance: 12.0, Mask Weight: 0.936
Epoch 856/20000, Train Loss: 0.2695, Validation Set Manhattan Distance: 18.0, Mask Weight: 0.936
Epoch 857/20000, Train Loss: 0.2659, Validation Set Manhattan Distance: 18.0, Mask Weight: 0.936
Epoch 858/20000, Train Loss: 0.2663, Validation Set Manhattan Distance: 18.0, Mask Weight: 0.936
Epoch 859/20000, Train Loss: 0.2667, Validation Set Manhattan Distance: 12.0, Mask Weight: 0.936
Epoch 860/20000, Train Loss: 0.2678, Validation Set Manhattan Distance: 12.0, Mask Weight: 0.936
Epoch 861/20000, Train Loss: 0.2691, Validation Set Manhattan Distance: 12.0, Mask Weight: 0.936
Epoch 862/20000, Train Loss: 0.2671, Validation Set Manhattan Distance: 12.0, Mask Weight: 0.936
Epoch 863/20000, Train Loss: 0.2675, Validation Set Manhattan Distance: 12.0, Mask Weight: 0.936
Epoch 864/20000, Train Loss: 0.2681, Validation Set Manhattan Distance: 12.0, Mask Weight: 0.936
Epoch 865/20000, Train Loss: 0.2680, Validation Set Manhattan Distance: 12.0, Mask Weight: 0.936
Epoch 866/20000, Train Loss: 0.2690, Validation Set Manhattan Distance: 12.0, Mask Weight: 0.936
Epoch 867/20000, Train Loss: 0.2682, Validation Set Manhattan Distance: 12.0, Mask Weight: 0.936
Epoch 868/20000, Train Loss: 0.2682, Validation Set Manhattan Distance: 12.0, Mask Weight: 0.936
Epoch 869/20000, Train Loss: 0.2681, Validation Set Manhattan Distance: 18.0, Mask Weight: 0.936
Epoch 870/20000, Train Loss: 0.2683, Validation Set Manhattan Distance: 12.0, Mask Weight: 0.936
Epoch 871/20000, Train Loss: 0.2685, Validation Set Manhattan Distance: 18.0, Mask Weight: 0.936
Epoch 872/20000, Train Loss: 0.2677, Validation Set Manhattan Distance: 18.0, Mask Weight: 0.936
Epoch 873/20000, Train Loss: 0.2678, Validation Set Manhattan Distance: 12.0, Mask Weight: 0.936
Epoch 874/20000, Train Loss: 0.2679, Validation Set Manhattan Distance: 12.0, Mask Weight: 0.936
Epoch 875/20000, Train Loss: 0.2687, Validation Set Manhattan Distance: 12.0, Mask Weight: 0.936
Epoch 876/20000, Train Loss: 0.2662, Validation Set Manhattan Distance: 12.0, Mask Weight: 0.936
Epoch 877/20000, Train Loss: 0.2693, Validation Set Manhattan Distance: 18.0, Mask Weight: 0.936
Epoch 878/20000, Train Loss: 0.2669, Validation Set Manhattan Distance: 18.0, Mask Weight: 0.936
Epoch 879/20000, Train Loss: 0.2664, Validation Set Manhattan Distance: 18.0, Mask Weight: 0.936
Epoch 880/20000, Train Loss: 0.2698, Validation Set Manhattan Distance: 18.0, Mask Weight: 0.936
Epoch 881/20000, Train Loss: 0.2712, Validation Set Manhattan Distance: 12.0, Mask Weight: 0.936
Epoch 882/20000, Train Loss: 0.2685, Validation Set Manhattan Distance: 12.0, Mask Weight: 0.936
Epoch 883/20000, Train Loss: 0.2685, Validation Set Manhattan Distance: 12.0, Mask Weight: 0.936
Epoch 884/20000, Train Loss: 0.2683, Validation Set Manhattan Distance: 12.0, Mask Weight: 0.936
Epoch 885/20000, Train Loss: 0.2689, Validation Set Manhattan Distance: 12.0, Mask Weight: 0.936
Epoch 886/20000, Train Loss: 0.2714, Validation Set Manhattan Distance: 12.0, Mask Weight: 0.936
Epoch 887/20000, Train Loss: 0.2695, Validation Set Manhattan Distance: 12.0, Mask Weight: 0.936
Epoch 888/20000, Train Loss: 0.2682, Validation Set Manhattan Distance: 12.0, Mask Weight: 0.936
Epoch 889/20000, Train Loss: 0.2690, Validation Set Manhattan Distance: 12.0, Mask Weight: 0.936
Epoch 890/20000, Train Loss: 0.2670, Validation Set Manhattan Distance: 12.0, Mask Weight: 0.936
Epoch 891/20000, Train Loss: 0.2670, Validation Set Manhattan Distance: 12.0, Mask Weight: 0.936
Epoch 892/20000, Train Loss: 0.2680, Validation Set Manhattan Distance: 12.0, Mask Weight: 0.936
Epoch 893/20000, Train Loss: 0.2671, Validation Set Manhattan Distance: 12.0, Mask Weight: 0.936
Epoch 894/20000, Train Loss: 0.2677, Validation Set Manhattan Distance: 18.0, Mask Weight: 0.936
Epoch 895/20000, Train Loss: 0.2673, Validation Set Manhattan Distance: 18.0, Mask Weight: 0.936
Epoch 896/20000, Train Loss: 0.2687, Validation Set Manhattan Distance: 12.0, Mask Weight: 0.936
Epoch 897/20000, Train Loss: 0.2679, Validation Set Manhattan Distance: 12.0, Mask Weight: 0.936
Epoch 898/20000, Train Loss: 0.2675, Validation Set Manhattan Distance: 12.0, Mask Weight: 0.936
Epoch 899/20000, Train Loss: 0.2663, Validation Set Manhattan Distance: 12.0, Mask Weight: 0.936
Epoch 900/20000, Train Loss: 0.2677, Validation Set Manhattan Distance: 12.0, Mask Weight: 0.936
Epoch 901/20000, Train Loss: 0.2668, Validation Set Manhattan Distance: 12.0, Mask Weight: 0.936
Epoch 902/20000, Train Loss: 0.2669, Validation Set Manhattan Distance: 12.0, Mask Weight: 0.936
Epoch 903/20000, Train Loss: 0.2662, Validation Set Manhattan Distance: 12.0, Mask Weight: 0.936
Epoch 904/20000, Train Loss: 0.2683, Validation Set Manhattan Distance: 12.0, Mask Weight: 0.936
Epoch 905/20000, Train Loss: 0.2677, Validation Set Manhattan Distance: 12.0, Mask Weight: 0.936
Epoch 906/20000, Train Loss: 0.2684, Validation Set Manhattan Distance: 12.0, Mask Weight: 0.936
Epoch 907/20000, Train Loss: 0.2699, Validation Set Manhattan Distance: 12.0, Mask Weight: 0.936
Epoch 908/20000, Train Loss: 0.2686, Validation Set Manhattan Distance: 12.0, Mask Weight: 0.936
Epoch 909/20000, Train Loss: 0.2677, Validation Set Manhattan Distance: 12.0, Mask Weight: 0.936
Epoch 910/20000, Train Loss: 0.2669, Validation Set Manhattan Distance: 12.0, Mask Weight: 0.936
Epoch 911/20000, Train Loss: 0.2679, Validation Set Manhattan Distance: 12.0, Mask Weight: 0.936
Epoch 912/20000, Train Loss: 0.2671, Validation Set Manhattan Distance: 12.0, Mask Weight: 0.936
Epoch 913/20000, Train Loss: 0.2665, Validation Set Manhattan Distance: 12.0, Mask Weight: 0.936
Epoch 914/20000, Train Loss: 0.2662, Validation Set Manhattan Distance: 12.0, Mask Weight: 0.936
Epoch 915/20000, Train Loss: 0.2660, Validation Set Manhattan Distance: 12.0, Mask Weight: 0.936
Epoch 916/20000, Train Loss: 0.2669, Validation Set Manhattan Distance: 12.0, Mask Weight: 0.936
Epoch 917/20000, Train Loss: 0.2666, Validation Set Manhattan Distance: 18.0, Mask Weight: 0.936
Epoch 918/20000, Train Loss: 0.2670, Validation Set Manhattan Distance: 12.0, Mask Weight: 0.936
Epoch 919/20000, Train Loss: 0.2663, Validation Set Manhattan Distance: 12.0, Mask Weight: 0.936
Epoch 920/20000, Train Loss: 0.2679, Validation Set Manhattan Distance: 12.0, Mask Weight: 0.936
Epoch 921/20000, Train Loss: 0.2688, Validation Set Manhattan Distance: 12.0, Mask Weight: 0.936
Epoch 922/20000, Train Loss: 0.2673, Validation Set Manhattan Distance: 12.0, Mask Weight: 0.936
Epoch 923/20000, Train Loss: 0.2694, Validation Set Manhattan Distance: 12.0, Mask Weight: 0.936
Epoch 924/20000, Train Loss: 0.2690, Validation Set Manhattan Distance: 12.0, Mask Weight: 0.936
Epoch 925/20000, Train Loss: 0.2691, Validation Set Manhattan Distance: 12.0, Mask Weight: 0.936
Epoch 926/20000, Train Loss: 0.2676, Validation Set Manhattan Distance: 18.0, Mask Weight: 0.936
Epoch 927/20000, Train Loss: 0.2675, Validation Set Manhattan Distance: 16.0, Mask Weight: 0.936