Using device: cuda
Starting training with gradient-based adaptive weighted mask...
Epoch 1/20000, Train Loss: 55.6560, Validation Set Manhattan Distance: 588.0, Mask Weight: 1.000
  -> New best Validation Set Manhattan Distance: 588.0. Model saved.
Epoch 2/20000, Train Loss: 41.8202, Validation Set Manhattan Distance: 588.0, Mask Weight: 1.000
Epoch 3/20000, Train Loss: 33.3896, Validation Set Manhattan Distance: 588.0, Mask Weight: 1.000
Epoch 4/20000, Train Loss: 27.0437, Validation Set Manhattan Distance: 588.0, Mask Weight: 1.000
Epoch 5/20000, Train Loss: 22.2180, Validation Set Manhattan Distance: 588.0, Mask Weight: 1.000
Epoch 6/20000, Train Loss: 18.5337, Validation Set Manhattan Distance: 588.0, Mask Weight: 1.000
Epoch 7/20000, Train Loss: 15.5258, Validation Set Manhattan Distance: 588.0, Mask Weight: 1.000
Epoch 8/20000, Train Loss: 13.0223, Validation Set Manhattan Distance: 588.0, Mask Weight: 1.000
Epoch 9/20000, Train Loss: 10.9293, Validation Set Manhattan Distance: 588.0, Mask Weight: 1.000
Epoch 10/20000, Train Loss: 9.1800, Validation Set Manhattan Distance: 588.0, Mask Weight: 1.000
Epoch 11/20000, Train Loss: 7.7102, Validation Set Manhattan Distance: 588.0, Mask Weight: 1.000
Epoch 12/20000, Train Loss: 6.4760, Validation Set Manhattan Distance: 588.0, Mask Weight: 1.000
Epoch 13/20000, Train Loss: 5.4402, Validation Set Manhattan Distance: 588.0, Mask Weight: 1.000
Epoch 14/20000, Train Loss: 4.5680, Validation Set Manhattan Distance: 588.0, Mask Weight: 1.000
Epoch 15/20000, Train Loss: 3.8348, Validation Set Manhattan Distance: 588.0, Mask Weight: 1.000
Epoch 16/20000, Train Loss: 3.2177, Validation Set Manhattan Distance: 588.0, Mask Weight: 1.000
Epoch 17/20000, Train Loss: 2.6993, Validation Set Manhattan Distance: 588.0, Mask Weight: 1.000
Epoch 18/20000, Train Loss: 2.2639, Validation Set Manhattan Distance: 588.0, Mask Weight: 1.000
Epoch 19/20000, Train Loss: 1.8983, Validation Set Manhattan Distance: 588.0, Mask Weight: 1.000
Epoch 20/20000, Train Loss: 1.5925, Validation Set Manhattan Distance: 588.0, Mask Weight: 1.000
Epoch 21/20000, Train Loss: 1.3344, Validation Set Manhattan Distance: 588.0, Mask Weight: 1.000
Epoch 22/20000, Train Loss: 1.1192, Validation Set Manhattan Distance: 588.0, Mask Weight: 1.000
Epoch 23/20000, Train Loss: 0.9388, Validation Set Manhattan Distance: 588.0, Mask Weight: 1.000
Epoch 24/20000, Train Loss: 0.7856, Validation Set Manhattan Distance: 588.0, Mask Weight: 1.000
Epoch 25/20000, Train Loss: 0.6561, Validation Set Manhattan Distance: 588.0, Mask Weight: 1.000
Epoch 26/20000, Train Loss: 0.5495, Validation Set Manhattan Distance: 588.0, Mask Weight: 1.000
Epoch 27/20000, Train Loss: 0.4610, Validation Set Manhattan Distance: 588.0, Mask Weight: 1.000
Epoch 28/20000, Train Loss: 0.3838, Validation Set Manhattan Distance: 588.0, Mask Weight: 1.000
Epoch 29/20000, Train Loss: 0.3207, Validation Set Manhattan Distance: 588.0, Mask Weight: 1.000
Epoch 30/20000, Train Loss: 0.2671, Validation Set Manhattan Distance: 588.0, Mask Weight: 1.000
Epoch 31/20000, Train Loss: 0.2234, Validation Set Manhattan Distance: 588.0, Mask Weight: 1.000
Epoch 32/20000, Train Loss: 0.1852, Validation Set Manhattan Distance: 588.0, Mask Weight: 1.000
Epoch 33/20000, Train Loss: 0.1540, Validation Set Manhattan Distance: 588.0, Mask Weight: 1.000
Epoch 34/20000, Train Loss: 0.1281, Validation Set Manhattan Distance: 588.0, Mask Weight: 1.000
Epoch 35/20000, Train Loss: 0.1057, Validation Set Manhattan Distance: 588.0, Mask Weight: 1.000
  -> Train loss below 0.1. Mask weight reduction is now enabled.
Epoch 36/20000, Train Loss: 0.0882, Validation Set Manhattan Distance: 588.0, Mask Weight: 1.000
  -> Validation Set Manhattan Distance did not improve for 10 epochs.
  -> Unmasked Loss (Gradient Magnitude): 0.7728, Calculated Decrement: 0.0065
  -> Reducing mask weight to 0.994.
  -> Mask weight reduction is now disabled until train loss is below 0.001 again.
Epoch 37/20000, Train Loss: 0.3023, Validation Set Manhattan Distance: 12.0, Mask Weight: 0.994
  -> New best Validation Set Manhattan Distance: 12.0. Model saved.
Epoch 38/20000, Train Loss: 0.1249, Validation Set Manhattan Distance: 12.0, Mask Weight: 0.994
Epoch 39/20000, Train Loss: 0.1151, Validation Set Manhattan Distance: 12.0, Mask Weight: 0.994
Epoch 40/20000, Train Loss: 0.1054, Validation Set Manhattan Distance: 12.0, Mask Weight: 0.994
  -> Train loss below 0.1. Mask weight reduction is now enabled.
Epoch 41/20000, Train Loss: 0.0981, Validation Set Manhattan Distance: 12.0, Mask Weight: 0.994
Epoch 42/20000, Train Loss: 0.0915, Validation Set Manhattan Distance: 12.0, Mask Weight: 0.994
Epoch 43/20000, Train Loss: 0.0869, Validation Set Manhattan Distance: 12.0, Mask Weight: 0.994
Epoch 44/20000, Train Loss: 0.0822, Validation Set Manhattan Distance: 12.0, Mask Weight: 0.994
Epoch 45/20000, Train Loss: 0.0785, Validation Set Manhattan Distance: 12.0, Mask Weight: 0.994
Epoch 46/20000, Train Loss: 0.0759, Validation Set Manhattan Distance: 12.0, Mask Weight: 0.994
Epoch 47/20000, Train Loss: 0.0741, Validation Set Manhattan Distance: 12.0, Mask Weight: 0.994
  -> Validation Set Manhattan Distance did not improve for 10 epochs.
  -> Unmasked Loss (Gradient Magnitude): 0.0944, Calculated Decrement: 0.0529
  -> Reducing mask weight to 0.941.
  -> Mask weight reduction is now disabled until train loss is below 0.001 again.
Epoch 48/20000, Train Loss: 0.5717, Validation Set Manhattan Distance: 12.0, Mask Weight: 0.941
Epoch 49/20000, Train Loss: 0.5713, Validation Set Manhattan Distance: 12.0, Mask Weight: 0.941
Epoch 50/20000, Train Loss: 0.5656, Validation Set Manhattan Distance: 12.0, Mask Weight: 0.941
Epoch 51/20000, Train Loss: 0.5601, Validation Set Manhattan Distance: 12.0, Mask Weight: 0.941
Epoch 52/20000, Train Loss: 0.5575, Validation Set Manhattan Distance: 12.0, Mask Weight: 0.941
Epoch 53/20000, Train Loss: 0.5566, Validation Set Manhattan Distance: 12.0, Mask Weight: 0.941
Epoch 54/20000, Train Loss: 0.5527, Validation Set Manhattan Distance: 12.0, Mask Weight: 0.941
Epoch 55/20000, Train Loss: 0.5466, Validation Set Manhattan Distance: 12.0, Mask Weight: 0.941
Epoch 56/20000, Train Loss: 0.5460, Validation Set Manhattan Distance: 12.0, Mask Weight: 0.941
Epoch 57/20000, Train Loss: 0.5435, Validation Set Manhattan Distance: 12.0, Mask Weight: 0.941
Epoch 58/20000, Train Loss: 0.5370, Validation Set Manhattan Distance: 12.0, Mask Weight: 0.941
Epoch 59/20000, Train Loss: 0.5361, Validation Set Manhattan Distance: 12.0, Mask Weight: 0.941
Epoch 60/20000, Train Loss: 0.5296, Validation Set Manhattan Distance: 12.0, Mask Weight: 0.941
Epoch 61/20000, Train Loss: 0.5115, Validation Set Manhattan Distance: 12.0, Mask Weight: 0.941
Epoch 62/20000, Train Loss: 0.4873, Validation Set Manhattan Distance: 12.0, Mask Weight: 0.941
Epoch 63/20000, Train Loss: 0.4736, Validation Set Manhattan Distance: 12.0, Mask Weight: 0.941
Epoch 64/20000, Train Loss: 0.4627, Validation Set Manhattan Distance: 12.0, Mask Weight: 0.941
Epoch 65/20000, Train Loss: 0.4484, Validation Set Manhattan Distance: 12.0, Mask Weight: 0.941
Epoch 66/20000, Train Loss: 0.4239, Validation Set Manhattan Distance: 12.0, Mask Weight: 0.941
Epoch 67/20000, Train Loss: 0.3908, Validation Set Manhattan Distance: 12.0, Mask Weight: 0.941
Epoch 68/20000, Train Loss: 0.3640, Validation Set Manhattan Distance: 12.0, Mask Weight: 0.941
Epoch 69/20000, Train Loss: 0.3750, Validation Set Manhattan Distance: 12.0, Mask Weight: 0.941
Epoch 70/20000, Train Loss: 0.4277, Validation Set Manhattan Distance: 12.0, Mask Weight: 0.941
Epoch 71/20000, Train Loss: 0.4766, Validation Set Manhattan Distance: 12.0, Mask Weight: 0.941
Epoch 72/20000, Train Loss: 0.4601, Validation Set Manhattan Distance: 12.0, Mask Weight: 0.941
Epoch 73/20000, Train Loss: 0.4282, Validation Set Manhattan Distance: 12.0, Mask Weight: 0.941
Epoch 74/20000, Train Loss: 0.4117, Validation Set Manhattan Distance: 12.0, Mask Weight: 0.941
Epoch 75/20000, Train Loss: 0.4001, Validation Set Manhattan Distance: 12.0, Mask Weight: 0.941
Epoch 76/20000, Train Loss: 0.3821, Validation Set Manhattan Distance: 12.0, Mask Weight: 0.941
Epoch 77/20000, Train Loss: 0.3660, Validation Set Manhattan Distance: 12.0, Mask Weight: 0.941
Epoch 78/20000, Train Loss: 0.3476, Validation Set Manhattan Distance: 12.0, Mask Weight: 0.941
Epoch 79/20000, Train Loss: 0.3320, Validation Set Manhattan Distance: 12.0, Mask Weight: 0.941
Epoch 80/20000, Train Loss: 0.3294, Validation Set Manhattan Distance: 12.0, Mask Weight: 0.941
Epoch 81/20000, Train Loss: 0.3187, Validation Set Manhattan Distance: 12.0, Mask Weight: 0.941
Epoch 82/20000, Train Loss: 0.3035, Validation Set Manhattan Distance: 12.0, Mask Weight: 0.941
Epoch 83/20000, Train Loss: 0.3974, Validation Set Manhattan Distance: 12.0, Mask Weight: 0.941
Epoch 84/20000, Train Loss: 0.5106, Validation Set Manhattan Distance: 12.0, Mask Weight: 0.941
Epoch 85/20000, Train Loss: 0.4024, Validation Set Manhattan Distance: 12.0, Mask Weight: 0.941
Epoch 86/20000, Train Loss: 0.3719, Validation Set Manhattan Distance: 12.0, Mask Weight: 0.941
Epoch 87/20000, Train Loss: 0.3641, Validation Set Manhattan Distance: 12.0, Mask Weight: 0.941
Epoch 88/20000, Train Loss: 0.3496, Validation Set Manhattan Distance: 12.0, Mask Weight: 0.941
Epoch 89/20000, Train Loss: 0.3380, Validation Set Manhattan Distance: 12.0, Mask Weight: 0.941
Epoch 90/20000, Train Loss: 0.3301, Validation Set Manhattan Distance: 12.0, Mask Weight: 0.941
Epoch 91/20000, Train Loss: 0.3172, Validation Set Manhattan Distance: 12.0, Mask Weight: 0.941
Epoch 92/20000, Train Loss: 0.3098, Validation Set Manhattan Distance: 12.0, Mask Weight: 0.941
Epoch 93/20000, Train Loss: 0.3041, Validation Set Manhattan Distance: 12.0, Mask Weight: 0.941
Epoch 94/20000, Train Loss: 0.3105, Validation Set Manhattan Distance: 12.0, Mask Weight: 0.941
Epoch 95/20000, Train Loss: 0.3116, Validation Set Manhattan Distance: 12.0, Mask Weight: 0.941
Epoch 96/20000, Train Loss: 0.3037, Validation Set Manhattan Distance: 12.0, Mask Weight: 0.941
Epoch 97/20000, Train Loss: 0.2993, Validation Set Manhattan Distance: 12.0, Mask Weight: 0.941
Epoch 98/20000, Train Loss: 0.3437, Validation Set Manhattan Distance: 12.0, Mask Weight: 0.941
Epoch 99/20000, Train Loss: 0.3329, Validation Set Manhattan Distance: 12.0, Mask Weight: 0.941
Epoch 100/20000, Train Loss: 0.3288, Validation Set Manhattan Distance: 12.0, Mask Weight: 0.941
Epoch 101/20000, Train Loss: 0.3017, Validation Set Manhattan Distance: 12.0, Mask Weight: 0.941
Epoch 102/20000, Train Loss: 0.2909, Validation Set Manhattan Distance: 12.0, Mask Weight: 0.941
Epoch 103/20000, Train Loss: 0.2902, Validation Set Manhattan Distance: 12.0, Mask Weight: 0.941
Epoch 104/20000, Train Loss: 0.2868, Validation Set Manhattan Distance: 12.0, Mask Weight: 0.941
Epoch 105/20000, Train Loss: 0.2821, Validation Set Manhattan Distance: 12.0, Mask Weight: 0.941
Epoch 106/20000, Train Loss: 0.2794, Validation Set Manhattan Distance: 12.0, Mask Weight: 0.941
Epoch 107/20000, Train Loss: 0.2766, Validation Set Manhattan Distance: 12.0, Mask Weight: 0.941
Epoch 108/20000, Train Loss: 0.2758, Validation Set Manhattan Distance: 12.0, Mask Weight: 0.941
Epoch 109/20000, Train Loss: 0.2761, Validation Set Manhattan Distance: 12.0, Mask Weight: 0.941
Epoch 110/20000, Train Loss: 0.2744, Validation Set Manhattan Distance: 12.0, Mask Weight: 0.941
Epoch 111/20000, Train Loss: 0.2741, Validation Set Manhattan Distance: 12.0, Mask Weight: 0.941
Epoch 112/20000, Train Loss: 0.2742, Validation Set Manhattan Distance: 12.0, Mask Weight: 0.941
Epoch 113/20000, Train Loss: 0.2741, Validation Set Manhattan Distance: 12.0, Mask Weight: 0.941
Epoch 114/20000, Train Loss: 0.2723, Validation Set Manhattan Distance: 12.0, Mask Weight: 0.941
Epoch 115/20000, Train Loss: 0.2709, Validation Set Manhattan Distance: 12.0, Mask Weight: 0.941
Epoch 116/20000, Train Loss: 0.2714, Validation Set Manhattan Distance: 12.0, Mask Weight: 0.941
Epoch 117/20000, Train Loss: 0.2722, Validation Set Manhattan Distance: 12.0, Mask Weight: 0.941
Epoch 118/20000, Train Loss: 0.2711, Validation Set Manhattan Distance: 12.0, Mask Weight: 0.941
Epoch 119/20000, Train Loss: 0.2703, Validation Set Manhattan Distance: 12.0, Mask Weight: 0.941
Epoch 120/20000, Train Loss: 0.2709, Validation Set Manhattan Distance: 12.0, Mask Weight: 0.941
Epoch 121/20000, Train Loss: 0.2687, Validation Set Manhattan Distance: 12.0, Mask Weight: 0.941
Epoch 122/20000, Train Loss: 0.2680, Validation Set Manhattan Distance: 12.0, Mask Weight: 0.941
Epoch 123/20000, Train Loss: 0.2685, Validation Set Manhattan Distance: 12.0, Mask Weight: 0.941
Epoch 124/20000, Train Loss: 0.2679, Validation Set Manhattan Distance: 12.0, Mask Weight: 0.941
Epoch 125/20000, Train Loss: 0.2679, Validation Set Manhattan Distance: 12.0, Mask Weight: 0.941
Epoch 126/20000, Train Loss: 0.2698, Validation Set Manhattan Distance: 12.0, Mask Weight: 0.941
Epoch 127/20000, Train Loss: 0.2698, Validation Set Manhattan Distance: 12.0, Mask Weight: 0.941
Epoch 128/20000, Train Loss: 0.2678, Validation Set Manhattan Distance: 12.0, Mask Weight: 0.941
Epoch 129/20000, Train Loss: 0.2694, Validation Set Manhattan Distance: 12.0, Mask Weight: 0.941
Epoch 130/20000, Train Loss: 0.2674, Validation Set Manhattan Distance: 12.0, Mask Weight: 0.941
Epoch 131/20000, Train Loss: 0.2688, Validation Set Manhattan Distance: 12.0, Mask Weight: 0.941
Epoch 132/20000, Train Loss: 0.2687, Validation Set Manhattan Distance: 12.0, Mask Weight: 0.941
Epoch 133/20000, Train Loss: 0.2680, Validation Set Manhattan Distance: 12.0, Mask Weight: 0.941
Epoch 134/20000, Train Loss: 0.2683, Validation Set Manhattan Distance: 12.0, Mask Weight: 0.941
Epoch 135/20000, Train Loss: 0.2688, Validation Set Manhattan Distance: 12.0, Mask Weight: 0.941
Epoch 136/20000, Train Loss: 0.2701, Validation Set Manhattan Distance: 12.0, Mask Weight: 0.941
Epoch 137/20000, Train Loss: 0.2708, Validation Set Manhattan Distance: 12.0, Mask Weight: 0.941
Epoch 138/20000, Train Loss: 0.2688, Validation Set Manhattan Distance: 12.0, Mask Weight: 0.941
Epoch 139/20000, Train Loss: 0.2684, Validation Set Manhattan Distance: 12.0, Mask Weight: 0.941
Epoch 140/20000, Train Loss: 0.2678, Validation Set Manhattan Distance: 12.0, Mask Weight: 0.941
Epoch 141/20000, Train Loss: 0.2671, Validation Set Manhattan Distance: 12.0, Mask Weight: 0.941
Epoch 142/20000, Train Loss: 0.2707, Validation Set Manhattan Distance: 12.0, Mask Weight: 0.941
Epoch 143/20000, Train Loss: 0.2658, Validation Set Manhattan Distance: 12.0, Mask Weight: 0.941
Epoch 144/20000, Train Loss: 0.2665, Validation Set Manhattan Distance: 12.0, Mask Weight: 0.941
Epoch 145/20000, Train Loss: 0.2651, Validation Set Manhattan Distance: 12.0, Mask Weight: 0.941
Epoch 146/20000, Train Loss: 0.2660, Validation Set Manhattan Distance: 12.0, Mask Weight: 0.941
Epoch 147/20000, Train Loss: 0.2655, Validation Set Manhattan Distance: 12.0, Mask Weight: 0.941
Epoch 148/20000, Train Loss: 0.2675, Validation Set Manhattan Distance: 12.0, Mask Weight: 0.941
Epoch 149/20000, Train Loss: 0.2691, Validation Set Manhattan Distance: 12.0, Mask Weight: 0.941
Epoch 150/20000, Train Loss: 0.2660, Validation Set Manhattan Distance: 12.0, Mask Weight: 0.941
Epoch 151/20000, Train Loss: 0.2666, Validation Set Manhattan Distance: 12.0, Mask Weight: 0.941
Epoch 152/20000, Train Loss: 0.2682, Validation Set Manhattan Distance: 12.0, Mask Weight: 0.941
Epoch 153/20000, Train Loss: 0.2718, Validation Set Manhattan Distance: 12.0, Mask Weight: 0.941
Epoch 154/20000, Train Loss: 0.2669, Validation Set Manhattan Distance: 12.0, Mask Weight: 0.941
Epoch 155/20000, Train Loss: 0.2651, Validation Set Manhattan Distance: 12.0, Mask Weight: 0.941
Epoch 156/20000, Train Loss: 0.2649, Validation Set Manhattan Distance: 12.0, Mask Weight: 0.941
Epoch 157/20000, Train Loss: 0.2667, Validation Set Manhattan Distance: 12.0, Mask Weight: 0.941
Epoch 158/20000, Train Loss: 0.2659, Validation Set Manhattan Distance: 12.0, Mask Weight: 0.941
Epoch 159/20000, Train Loss: 0.2650, Validation Set Manhattan Distance: 12.0, Mask Weight: 0.941
Epoch 160/20000, Train Loss: 0.2640, Validation Set Manhattan Distance: 12.0, Mask Weight: 0.941
Epoch 161/20000, Train Loss: 0.2650, Validation Set Manhattan Distance: 12.0, Mask Weight: 0.941
Epoch 162/20000, Train Loss: 0.2648, Validation Set Manhattan Distance: 12.0, Mask Weight: 0.941
Epoch 163/20000, Train Loss: 0.2669, Validation Set Manhattan Distance: 12.0, Mask Weight: 0.941
Epoch 164/20000, Train Loss: 0.2676, Validation Set Manhattan Distance: 12.0, Mask Weight: 0.941
Epoch 165/20000, Train Loss: 0.2673, Validation Set Manhattan Distance: 12.0, Mask Weight: 0.941
Epoch 166/20000, Train Loss: 0.2659, Validation Set Manhattan Distance: 12.0, Mask Weight: 0.941
Epoch 167/20000, Train Loss: 0.2683, Validation Set Manhattan Distance: 12.0, Mask Weight: 0.941
Epoch 168/20000, Train Loss: 0.2659, Validation Set Manhattan Distance: 12.0, Mask Weight: 0.941
Epoch 169/20000, Train Loss: 0.2626, Validation Set Manhattan Distance: 12.0, Mask Weight: 0.941
Epoch 170/20000, Train Loss: 0.2624, Validation Set Manhattan Distance: 12.0, Mask Weight: 0.941
Epoch 171/20000, Train Loss: 0.2635, Validation Set Manhattan Distance: 12.0, Mask Weight: 0.941
Epoch 172/20000, Train Loss: 0.2669, Validation Set Manhattan Distance: 12.0, Mask Weight: 0.941
Epoch 173/20000, Train Loss: 0.2626, Validation Set Manhattan Distance: 12.0, Mask Weight: 0.941
Epoch 174/20000, Train Loss: 0.2658, Validation Set Manhattan Distance: 12.0, Mask Weight: 0.941
Epoch 175/20000, Train Loss: 0.2639, Validation Set Manhattan Distance: 12.0, Mask Weight: 0.941
Epoch 176/20000, Train Loss: 0.2611, Validation Set Manhattan Distance: 12.0, Mask Weight: 0.941
Epoch 177/20000, Train Loss: 0.2622, Validation Set Manhattan Distance: 12.0, Mask Weight: 0.941
Epoch 178/20000, Train Loss: 0.9468, Validation Set Manhattan Distance: 12.0, Mask Weight: 0.941
Epoch 179/20000, Train Loss: 0.7639, Validation Set Manhattan Distance: 12.0, Mask Weight: 0.941
Epoch 180/20000, Train Loss: 0.7020, Validation Set Manhattan Distance: 12.0, Mask Weight: 0.941
Epoch 181/20000, Train Loss: 0.6347, Validation Set Manhattan Distance: 12.0, Mask Weight: 0.941
Epoch 182/20000, Train Loss: 0.5816, Validation Set Manhattan Distance: 12.0, Mask Weight: 0.941
Epoch 183/20000, Train Loss: 0.5780, Validation Set Manhattan Distance: 12.0, Mask Weight: 0.941
Epoch 184/20000, Train Loss: 0.5755, Validation Set Manhattan Distance: 12.0, Mask Weight: 0.941
Epoch 185/20000, Train Loss: 0.5749, Validation Set Manhattan Distance: 12.0, Mask Weight: 0.941
Epoch 186/20000, Train Loss: 0.5731, Validation Set Manhattan Distance: 12.0, Mask Weight: 0.941
Epoch 187/20000, Train Loss: 0.5724, Validation Set Manhattan Distance: 12.0, Mask Weight: 0.941
Epoch 188/20000, Train Loss: 0.5711, Validation Set Manhattan Distance: 12.0, Mask Weight: 0.941
Epoch 189/20000, Train Loss: 0.5701, Validation Set Manhattan Distance: 12.0, Mask Weight: 0.941
Epoch 190/20000, Train Loss: 0.5699, Validation Set Manhattan Distance: 12.0, Mask Weight: 0.941
Epoch 191/20000, Train Loss: 0.5686, Validation Set Manhattan Distance: 12.0, Mask Weight: 0.941
Epoch 192/20000, Train Loss: 0.5681, Validation Set Manhattan Distance: 12.0, Mask Weight: 0.941
Epoch 193/20000, Train Loss: 0.5672, Validation Set Manhattan Distance: 12.0, Mask Weight: 0.941
Epoch 194/20000, Train Loss: 0.5659, Validation Set Manhattan Distance: 12.0, Mask Weight: 0.941
Epoch 195/20000, Train Loss: 0.5652, Validation Set Manhattan Distance: 12.0, Mask Weight: 0.941
Epoch 196/20000, Train Loss: 0.5649, Validation Set Manhattan Distance: 12.0, Mask Weight: 0.941
Epoch 197/20000, Train Loss: 0.5631, Validation Set Manhattan Distance: 12.0, Mask Weight: 0.941
Epoch 198/20000, Train Loss: 0.5629, Validation Set Manhattan Distance: 12.0, Mask Weight: 0.941
Epoch 199/20000, Train Loss: 0.5613, Validation Set Manhattan Distance: 12.0, Mask Weight: 0.941
Epoch 200/20000, Train Loss: 0.5604, Validation Set Manhattan Distance: 12.0, Mask Weight: 0.941
Epoch 201/20000, Train Loss: 0.5590, Validation Set Manhattan Distance: 12.0, Mask Weight: 0.941
Epoch 202/20000, Train Loss: 0.5583, Validation Set Manhattan Distance: 12.0, Mask Weight: 0.941
Epoch 203/20000, Train Loss: 0.5573, Validation Set Manhattan Distance: 12.0, Mask Weight: 0.941
Epoch 204/20000, Train Loss: 0.5573, Validation Set Manhattan Distance: 12.0, Mask Weight: 0.941
Epoch 205/20000, Train Loss: 0.5551, Validation Set Manhattan Distance: 12.0, Mask Weight: 0.941
Epoch 206/20000, Train Loss: 0.5535, Validation Set Manhattan Distance: 12.0, Mask Weight: 0.941
Epoch 207/20000, Train Loss: 0.5524, Validation Set Manhattan Distance: 12.0, Mask Weight: 0.941
Epoch 208/20000, Train Loss: 0.5516, Validation Set Manhattan Distance: 12.0, Mask Weight: 0.941
Epoch 209/20000, Train Loss: 0.5502, Validation Set Manhattan Distance: 12.0, Mask Weight: 0.941
Epoch 210/20000, Train Loss: 0.5498, Validation Set Manhattan Distance: 12.0, Mask Weight: 0.941
Epoch 211/20000, Train Loss: 0.5488, Validation Set Manhattan Distance: 12.0, Mask Weight: 0.941
Epoch 212/20000, Train Loss: 0.5472, Validation Set Manhattan Distance: 12.0, Mask Weight: 0.941
Epoch 213/20000, Train Loss: 0.5453, Validation Set Manhattan Distance: 12.0, Mask Weight: 0.941
Epoch 214/20000, Train Loss: 0.5458, Validation Set Manhattan Distance: 12.0, Mask Weight: 0.941
Epoch 215/20000, Train Loss: 0.5439, Validation Set Manhattan Distance: 12.0, Mask Weight: 0.941
Epoch 216/20000, Train Loss: 0.5433, Validation Set Manhattan Distance: 12.0, Mask Weight: 0.941
Epoch 217/20000, Train Loss: 0.5422, Validation Set Manhattan Distance: 12.0, Mask Weight: 0.941
Epoch 218/20000, Train Loss: 0.5431, Validation Set Manhattan Distance: 12.0, Mask Weight: 0.941
Epoch 219/20000, Train Loss: 0.5398, Validation Set Manhattan Distance: 12.0, Mask Weight: 0.941
Epoch 220/20000, Train Loss: 0.5393, Validation Set Manhattan Distance: 12.0, Mask Weight: 0.941
Epoch 221/20000, Train Loss: 0.5394, Validation Set Manhattan Distance: 12.0, Mask Weight: 0.941
Epoch 222/20000, Train Loss: 0.5367, Validation Set Manhattan Distance: 12.0, Mask Weight: 0.941
Epoch 223/20000, Train Loss: 0.5337, Validation Set Manhattan Distance: 12.0, Mask Weight: 0.941
Epoch 224/20000, Train Loss: 0.5323, Validation Set Manhattan Distance: 12.0, Mask Weight: 0.941
Epoch 225/20000, Train Loss: 0.5331, Validation Set Manhattan Distance: 12.0, Mask Weight: 0.941
Epoch 226/20000, Train Loss: 0.5307, Validation Set Manhattan Distance: 12.0, Mask Weight: 0.941
Epoch 227/20000, Train Loss: 0.5308, Validation Set Manhattan Distance: 12.0, Mask Weight: 0.941
Epoch 228/20000, Train Loss: 0.5276, Validation Set Manhattan Distance: 12.0, Mask Weight: 0.941
Epoch 229/20000, Train Loss: 0.5229, Validation Set Manhattan Distance: 12.0, Mask Weight: 0.941
Epoch 230/20000, Train Loss: 0.5224, Validation Set Manhattan Distance: 12.0, Mask Weight: 0.941
Epoch 231/20000, Train Loss: 0.5150, Validation Set Manhattan Distance: 12.0, Mask Weight: 0.941
Epoch 232/20000, Train Loss: 0.5137, Validation Set Manhattan Distance: 12.0, Mask Weight: 0.941
Epoch 233/20000, Train Loss: 0.5057, Validation Set Manhattan Distance: 12.0, Mask Weight: 0.941
Epoch 234/20000, Train Loss: 0.4926, Validation Set Manhattan Distance: 12.0, Mask Weight: 0.941
Epoch 235/20000, Train Loss: 0.4827, Validation Set Manhattan Distance: 12.0, Mask Weight: 0.941
Epoch 236/20000, Train Loss: 0.4659, Validation Set Manhattan Distance: 12.0, Mask Weight: 0.941
Epoch 237/20000, Train Loss: 0.4296, Validation Set Manhattan Distance: 12.0, Mask Weight: 0.941
Epoch 238/20000, Train Loss: 0.4025, Validation Set Manhattan Distance: 12.0, Mask Weight: 0.941
Epoch 239/20000, Train Loss: 0.3759, Validation Set Manhattan Distance: 12.0, Mask Weight: 0.941
Epoch 240/20000, Train Loss: 0.3533, Validation Set Manhattan Distance: 12.0, Mask Weight: 0.941
Epoch 241/20000, Train Loss: 0.3345, Validation Set Manhattan Distance: 12.0, Mask Weight: 0.941
Epoch 242/20000, Train Loss: 0.3178, Validation Set Manhattan Distance: 12.0, Mask Weight: 0.941
Epoch 243/20000, Train Loss: 0.3229, Validation Set Manhattan Distance: 12.0, Mask Weight: 0.941
Epoch 244/20000, Train Loss: 0.3008, Validation Set Manhattan Distance: 12.0, Mask Weight: 0.941
Epoch 245/20000, Train Loss: 0.2984, Validation Set Manhattan Distance: 12.0, Mask Weight: 0.941
Epoch 246/20000, Train Loss: 0.3208, Validation Set Manhattan Distance: 12.0, Mask Weight: 0.941
Epoch 247/20000, Train Loss: 0.3361, Validation Set Manhattan Distance: 12.0, Mask Weight: 0.941
Epoch 248/20000, Train Loss: 0.3396, Validation Set Manhattan Distance: 12.0, Mask Weight: 0.941
Epoch 249/20000, Train Loss: 0.2911, Validation Set Manhattan Distance: 12.0, Mask Weight: 0.941
Epoch 250/20000, Train Loss: 0.2976, Validation Set Manhattan Distance: 12.0, Mask Weight: 0.941
Epoch 251/20000, Train Loss: 0.3049, Validation Set Manhattan Distance: 12.0, Mask Weight: 0.941
Epoch 252/20000, Train Loss: 0.2869, Validation Set Manhattan Distance: 12.0, Mask Weight: 0.941
Epoch 253/20000, Train Loss: 0.2883, Validation Set Manhattan Distance: 12.0, Mask Weight: 0.941
Epoch 254/20000, Train Loss: 0.2863, Validation Set Manhattan Distance: 12.0, Mask Weight: 0.941
Epoch 255/20000, Train Loss: 0.2769, Validation Set Manhattan Distance: 12.0, Mask Weight: 0.941
Epoch 256/20000, Train Loss: 0.2695, Validation Set Manhattan Distance: 12.0, Mask Weight: 0.941
Epoch 257/20000, Train Loss: 0.2725, Validation Set Manhattan Distance: 12.0, Mask Weight: 0.941
Epoch 258/20000, Train Loss: 0.2733, Validation Set Manhattan Distance: 12.0, Mask Weight: 0.941
Epoch 259/20000, Train Loss: 0.2840, Validation Set Manhattan Distance: 12.0, Mask Weight: 0.941
Epoch 260/20000, Train Loss: 0.2732, Validation Set Manhattan Distance: 12.0, Mask Weight: 0.941
Epoch 261/20000, Train Loss: 0.2843, Validation Set Manhattan Distance: 12.0, Mask Weight: 0.941
Epoch 262/20000, Train Loss: 0.2854, Validation Set Manhattan Distance: 12.0, Mask Weight: 0.941
Epoch 263/20000, Train Loss: 0.2700, Validation Set Manhattan Distance: 12.0, Mask Weight: 0.941
Epoch 264/20000, Train Loss: 0.2661, Validation Set Manhattan Distance: 12.0, Mask Weight: 0.941
Epoch 265/20000, Train Loss: 0.2623, Validation Set Manhattan Distance: 12.0, Mask Weight: 0.941
Epoch 266/20000, Train Loss: 0.2638, Validation Set Manhattan Distance: 12.0, Mask Weight: 0.941
Epoch 267/20000, Train Loss: 0.3153, Validation Set Manhattan Distance: 12.0, Mask Weight: 0.941
Epoch 268/20000, Train Loss: 0.4578, Validation Set Manhattan Distance: 12.0, Mask Weight: 0.941
Epoch 269/20000, Train Loss: 0.3120, Validation Set Manhattan Distance: 12.0, Mask Weight: 0.941
Epoch 270/20000, Train Loss: 0.3030, Validation Set Manhattan Distance: 12.0, Mask Weight: 0.941
Epoch 271/20000, Train Loss: 0.3041, Validation Set Manhattan Distance: 12.0, Mask Weight: 0.941
Epoch 272/20000, Train Loss: 0.2956, Validation Set Manhattan Distance: 12.0, Mask Weight: 0.941
Epoch 273/20000, Train Loss: 0.2787, Validation Set Manhattan Distance: 12.0, Mask Weight: 0.941
Epoch 274/20000, Train Loss: 0.2693, Validation Set Manhattan Distance: 12.0, Mask Weight: 0.941
Epoch 275/20000, Train Loss: 0.2678, Validation Set Manhattan Distance: 12.0, Mask Weight: 0.941
Epoch 276/20000, Train Loss: 0.2640, Validation Set Manhattan Distance: 12.0, Mask Weight: 0.941
Epoch 277/20000, Train Loss: 0.2651, Validation Set Manhattan Distance: 12.0, Mask Weight: 0.941
Epoch 278/20000, Train Loss: 0.2619, Validation Set Manhattan Distance: 12.0, Mask Weight: 0.941
Epoch 279/20000, Train Loss: 0.2595, Validation Set Manhattan Distance: 12.0, Mask Weight: 0.941
Epoch 280/20000, Train Loss: 0.2610, Validation Set Manhattan Distance: 12.0, Mask Weight: 0.941
Epoch 281/20000, Train Loss: 0.2632, Validation Set Manhattan Distance: 12.0, Mask Weight: 0.941
Epoch 282/20000, Train Loss: 0.2641, Validation Set Manhattan Distance: 12.0, Mask Weight: 0.941
Epoch 283/20000, Train Loss: 0.2625, Validation Set Manhattan Distance: 12.0, Mask Weight: 0.941
Epoch 284/20000, Train Loss: 0.2599, Validation Set Manhattan Distance: 12.0, Mask Weight: 0.941
Epoch 285/20000, Train Loss: 0.2634, Validation Set Manhattan Distance: 12.0, Mask Weight: 0.941
Epoch 286/20000, Train Loss: 0.2601, Validation Set Manhattan Distance: 12.0, Mask Weight: 0.941
Epoch 287/20000, Train Loss: 0.2582, Validation Set Manhattan Distance: 12.0, Mask Weight: 0.941
Epoch 288/20000, Train Loss: 0.2558, Validation Set Manhattan Distance: 12.0, Mask Weight: 0.941
Epoch 289/20000, Train Loss: 0.2578, Validation Set Manhattan Distance: 12.0, Mask Weight: 0.941
Epoch 290/20000, Train Loss: 0.2627, Validation Set Manhattan Distance: 12.0, Mask Weight: 0.941
Epoch 291/20000, Train Loss: 0.2608, Validation Set Manhattan Distance: 12.0, Mask Weight: 0.941
Epoch 292/20000, Train Loss: 0.2582, Validation Set Manhattan Distance: 12.0, Mask Weight: 0.941
Epoch 293/20000, Train Loss: 0.2652, Validation Set Manhattan Distance: 12.0, Mask Weight: 0.941
Epoch 294/20000, Train Loss: 0.2797, Validation Set Manhattan Distance: 12.0, Mask Weight: 0.941
Epoch 295/20000, Train Loss: 0.2584, Validation Set Manhattan Distance: 12.0, Mask Weight: 0.941
Epoch 296/20000, Train Loss: 0.2550, Validation Set Manhattan Distance: 12.0, Mask Weight: 0.941
Epoch 297/20000, Train Loss: 0.2573, Validation Set Manhattan Distance: 12.0, Mask Weight: 0.941
Epoch 298/20000, Train Loss: 0.2570, Validation Set Manhattan Distance: 12.0, Mask Weight: 0.941
Epoch 299/20000, Train Loss: 0.2558, Validation Set Manhattan Distance: 12.0, Mask Weight: 0.941
Epoch 300/20000, Train Loss: 0.2556, Validation Set Manhattan Distance: 12.0, Mask Weight: 0.941
Epoch 301/20000, Train Loss: 0.2553, Validation Set Manhattan Distance: 12.0, Mask Weight: 0.941
Epoch 302/20000, Train Loss: 0.2552, Validation Set Manhattan Distance: 12.0, Mask Weight: 0.941
Epoch 303/20000, Train Loss: 0.2571, Validation Set Manhattan Distance: 12.0, Mask Weight: 0.941
Epoch 304/20000, Train Loss: 0.2590, Validation Set Manhattan Distance: 12.0, Mask Weight: 0.941
Epoch 305/20000, Train Loss: 0.2621, Validation Set Manhattan Distance: 12.0, Mask Weight: 0.941
Epoch 306/20000, Train Loss: 0.2640, Validation Set Manhattan Distance: 12.0, Mask Weight: 0.941
Epoch 307/20000, Train Loss: 0.2559, Validation Set Manhattan Distance: 12.0, Mask Weight: 0.941
Epoch 308/20000, Train Loss: 0.2563, Validation Set Manhattan Distance: 12.0, Mask Weight: 0.941
Epoch 309/20000, Train Loss: 0.2552, Validation Set Manhattan Distance: 12.0, Mask Weight: 0.941
Epoch 310/20000, Train Loss: 0.2575, Validation Set Manhattan Distance: 12.0, Mask Weight: 0.941
Epoch 311/20000, Train Loss: 0.2566, Validation Set Manhattan Distance: 12.0, Mask Weight: 0.941
Epoch 312/20000, Train Loss: 0.2563, Validation Set Manhattan Distance: 12.0, Mask Weight: 0.941
Epoch 313/20000, Train Loss: 0.2549, Validation Set Manhattan Distance: 12.0, Mask Weight: 0.941
Epoch 314/20000, Train Loss: 0.2553, Validation Set Manhattan Distance: 12.0, Mask Weight: 0.941
Epoch 315/20000, Train Loss: 0.2554, Validation Set Manhattan Distance: 12.0, Mask Weight: 0.941
Epoch 316/20000, Train Loss: 0.2611, Validation Set Manhattan Distance: 12.0, Mask Weight: 0.941
Epoch 317/20000, Train Loss: 0.2646, Validation Set Manhattan Distance: 12.0, Mask Weight: 0.941
Epoch 318/20000, Train Loss: 0.2576, Validation Set Manhattan Distance: 12.0, Mask Weight: 0.941
Epoch 319/20000, Train Loss: 0.2549, Validation Set Manhattan Distance: 12.0, Mask Weight: 0.941
Epoch 320/20000, Train Loss: 0.2544, Validation Set Manhattan Distance: 12.0, Mask Weight: 0.941
Epoch 321/20000, Train Loss: 0.2543, Validation Set Manhattan Distance: 12.0, Mask Weight: 0.941
Epoch 322/20000, Train Loss: 0.2559, Validation Set Manhattan Distance: 12.0, Mask Weight: 0.941
Epoch 323/20000, Train Loss: 0.2532, Validation Set Manhattan Distance: 12.0, Mask Weight: 0.941
Epoch 324/20000, Train Loss: 0.2572, Validation Set Manhattan Distance: 12.0, Mask Weight: 0.941
Epoch 325/20000, Train Loss: 0.2547, Validation Set Manhattan Distance: 12.0, Mask Weight: 0.941
Epoch 326/20000, Train Loss: 0.2541, Validation Set Manhattan Distance: 12.0, Mask Weight: 0.941
Epoch 327/20000, Train Loss: 0.2556, Validation Set Manhattan Distance: 12.0, Mask Weight: 0.941
Epoch 328/20000, Train Loss: 0.2530, Validation Set Manhattan Distance: 12.0, Mask Weight: 0.941
Epoch 329/20000, Train Loss: 0.2527, Validation Set Manhattan Distance: 12.0, Mask Weight: 0.941
Epoch 330/20000, Train Loss: 0.2553, Validation Set Manhattan Distance: 12.0, Mask Weight: 0.941
Epoch 331/20000, Train Loss: 0.2557, Validation Set Manhattan Distance: 12.0, Mask Weight: 0.941
Epoch 332/20000, Train Loss: 0.2562, Validation Set Manhattan Distance: 12.0, Mask Weight: 0.941
Epoch 333/20000, Train Loss: 0.2564, Validation Set Manhattan Distance: 12.0, Mask Weight: 0.941
Epoch 334/20000, Train Loss: 0.2527, Validation Set Manhattan Distance: 12.0, Mask Weight: 0.941
Epoch 335/20000, Train Loss: 0.2542, Validation Set Manhattan Distance: 12.0, Mask Weight: 0.941
Epoch 336/20000, Train Loss: 0.2557, Validation Set Manhattan Distance: 12.0, Mask Weight: 0.941
Epoch 337/20000, Train Loss: 0.2533, Validation Set Manhattan Distance: 12.0, Mask Weight: 0.941
Epoch 338/20000, Train Loss: 0.2526, Validation Set Manhattan Distance: 12.0, Mask Weight: 0.941
Epoch 339/20000, Train Loss: 0.2543, Validation Set Manhattan Distance: 12.0, Mask Weight: 0.941
Epoch 340/20000, Train Loss: 0.2573, Validation Set Manhattan Distance: 12.0, Mask Weight: 0.941
Epoch 341/20000, Train Loss: 0.2554, Validation Set Manhattan Distance: 12.0, Mask Weight: 0.941
Epoch 342/20000, Train Loss: 0.2527, Validation Set Manhattan Distance: 12.0, Mask Weight: 0.941
Epoch 343/20000, Train Loss: 0.2540, Validation Set Manhattan Distance: 12.0, Mask Weight: 0.941
Epoch 344/20000, Train Loss: 0.2524, Validation Set Manhattan Distance: 12.0, Mask Weight: 0.941
Epoch 345/20000, Train Loss: 0.2514, Validation Set Manhattan Distance: 12.0, Mask Weight: 0.941
Epoch 346/20000, Train Loss: 0.2536, Validation Set Manhattan Distance: 12.0, Mask Weight: 0.941
Epoch 347/20000, Train Loss: 0.2537, Validation Set Manhattan Distance: 12.0, Mask Weight: 0.941
Epoch 348/20000, Train Loss: 0.2536, Validation Set Manhattan Distance: 12.0, Mask Weight: 0.941
Epoch 349/20000, Train Loss: 0.2516, Validation Set Manhattan Distance: 12.0, Mask Weight: 0.941
Epoch 350/20000, Train Loss: 0.2546, Validation Set Manhattan Distance: 12.0, Mask Weight: 0.941
Epoch 351/20000, Train Loss: 0.2523, Validation Set Manhattan Distance: 12.0, Mask Weight: 0.941
Epoch 352/20000, Train Loss: 0.2530, Validation Set Manhattan Distance: 12.0, Mask Weight: 0.941
Epoch 353/20000, Train Loss: 0.2542, Validation Set Manhattan Distance: 12.0, Mask Weight: 0.941
Epoch 354/20000, Train Loss: 0.2518, Validation Set Manhattan Distance: 12.0, Mask Weight: 0.941
Epoch 355/20000, Train Loss: 0.2533, Validation Set Manhattan Distance: 12.0, Mask Weight: 0.941
Epoch 356/20000, Train Loss: 0.2525, Validation Set Manhattan Distance: 12.0, Mask Weight: 0.941
Epoch 357/20000, Train Loss: 0.2531, Validation Set Manhattan Distance: 12.0, Mask Weight: 0.941
Epoch 358/20000, Train Loss: 0.2557, Validation Set Manhattan Distance: 12.0, Mask Weight: 0.941
Epoch 359/20000, Train Loss: 0.2527, Validation Set Manhattan Distance: 12.0, Mask Weight: 0.941
Epoch 360/20000, Train Loss: 0.2510, Validation Set Manhattan Distance: 12.0, Mask Weight: 0.941
Epoch 361/20000, Train Loss: 0.2510, Validation Set Manhattan Distance: 12.0, Mask Weight: 0.941
Epoch 362/20000, Train Loss: 0.2510, Validation Set Manhattan Distance: 12.0, Mask Weight: 0.941
Epoch 363/20000, Train Loss: 0.2539, Validation Set Manhattan Distance: 12.0, Mask Weight: 0.941
Epoch 364/20000, Train Loss: 0.2514, Validation Set Manhattan Distance: 12.0, Mask Weight: 0.941
Epoch 365/20000, Train Loss: 0.2524, Validation Set Manhattan Distance: 12.0, Mask Weight: 0.941
Epoch 366/20000, Train Loss: 0.2542, Validation Set Manhattan Distance: 12.0, Mask Weight: 0.941
Epoch 367/20000, Train Loss: 0.2543, Validation Set Manhattan Distance: 12.0, Mask Weight: 0.941
Epoch 368/20000, Train Loss: 0.2548, Validation Set Manhattan Distance: 12.0, Mask Weight: 0.941
Epoch 369/20000, Train Loss: 0.2521, Validation Set Manhattan Distance: 12.0, Mask Weight: 0.941
Epoch 370/20000, Train Loss: 0.2548, Validation Set Manhattan Distance: 12.0, Mask Weight: 0.941
Epoch 371/20000, Train Loss: 0.2561, Validation Set Manhattan Distance: 12.0, Mask Weight: 0.941
Epoch 372/20000, Train Loss: 0.2546, Validation Set Manhattan Distance: 12.0, Mask Weight: 0.941
Epoch 373/20000, Train Loss: 0.2545, Validation Set Manhattan Distance: 12.0, Mask Weight: 0.941
Epoch 374/20000, Train Loss: 0.2533, Validation Set Manhattan Distance: 12.0, Mask Weight: 0.941
Epoch 375/20000, Train Loss: 0.2532, Validation Set Manhattan Distance: 12.0, Mask Weight: 0.941
Epoch 376/20000, Train Loss: 0.2523, Validation Set Manhattan Distance: 12.0, Mask Weight: 0.941
Epoch 377/20000, Train Loss: 0.2547, Validation Set Manhattan Distance: 12.0, Mask Weight: 0.941
Epoch 378/20000, Train Loss: 0.2520, Validation Set Manhattan Distance: 12.0, Mask Weight: 0.941
Epoch 379/20000, Train Loss: 0.2518, Validation Set Manhattan Distance: 12.0, Mask Weight: 0.941
Epoch 380/20000, Train Loss: 0.2513, Validation Set Manhattan Distance: 12.0, Mask Weight: 0.941
Epoch 381/20000, Train Loss: 0.2511, Validation Set Manhattan Distance: 12.0, Mask Weight: 0.941
Epoch 382/20000, Train Loss: 0.2525, Validation Set Manhattan Distance: 12.0, Mask Weight: 0.941
Epoch 383/20000, Train Loss: 0.2523, Validation Set Manhattan Distance: 12.0, Mask Weight: 0.941
Epoch 384/20000, Train Loss: 0.2526, Validation Set Manhattan Distance: 12.0, Mask Weight: 0.941
Epoch 385/20000, Train Loss: 0.2520, Validation Set Manhattan Distance: 12.0, Mask Weight: 0.941
Epoch 386/20000, Train Loss: 0.2516, Validation Set Manhattan Distance: 12.0, Mask Weight: 0.941
Epoch 387/20000, Train Loss: 0.2507, Validation Set Manhattan Distance: 12.0, Mask Weight: 0.941
Epoch 388/20000, Train Loss: 0.2517, Validation Set Manhattan Distance: 12.0, Mask Weight: 0.941
Epoch 389/20000, Train Loss: 0.2511, Validation Set Manhattan Distance: 12.0, Mask Weight: 0.941
Epoch 390/20000, Train Loss: 0.2525, Validation Set Manhattan Distance: 12.0, Mask Weight: 0.941
Epoch 391/20000, Train Loss: 0.2497, Validation Set Manhattan Distance: 12.0, Mask Weight: 0.941
Epoch 392/20000, Train Loss: 0.2516, Validation Set Manhattan Distance: 12.0, Mask Weight: 0.941
Epoch 393/20000, Train Loss: 0.2519, Validation Set Manhattan Distance: 12.0, Mask Weight: 0.941
Epoch 394/20000, Train Loss: 0.2574, Validation Set Manhattan Distance: 12.0, Mask Weight: 0.941
Epoch 395/20000, Train Loss: 0.2570, Validation Set Manhattan Distance: 12.0, Mask Weight: 0.941
Epoch 396/20000, Train Loss: 0.2546, Validation Set Manhattan Distance: 12.0, Mask Weight: 0.941
Epoch 397/20000, Train Loss: 0.2520, Validation Set Manhattan Distance: 12.0, Mask Weight: 0.941
Epoch 398/20000, Train Loss: 0.2531, Validation Set Manhattan Distance: 12.0, Mask Weight: 0.941
Epoch 399/20000, Train Loss: 0.2508, Validation Set Manhattan Distance: 12.0, Mask Weight: 0.941
Epoch 400/20000, Train Loss: 0.2518, Validation Set Manhattan Distance: 12.0, Mask Weight: 0.941
Epoch 401/20000, Train Loss: 0.2519, Validation Set Manhattan Distance: 12.0, Mask Weight: 0.941
Epoch 402/20000, Train Loss: 0.2514, Validation Set Manhattan Distance: 12.0, Mask Weight: 0.941
Epoch 403/20000, Train Loss: 0.2542, Validation Set Manhattan Distance: 12.0, Mask Weight: 0.941
Epoch 404/20000, Train Loss: 0.2514, Validation Set Manhattan Distance: 12.0, Mask Weight: 0.941
Epoch 405/20000, Train Loss: 0.2518, Validation Set Manhattan Distance: 12.0, Mask Weight: 0.941
Epoch 406/20000, Train Loss: 0.2547, Validation Set Manhattan Distance: 12.0, Mask Weight: 0.941
Epoch 407/20000, Train Loss: 0.2524, Validation Set Manhattan Distance: 12.0, Mask Weight: 0.941
Epoch 408/20000, Train Loss: 0.2536, Validation Set Manhattan Distance: 12.0, Mask Weight: 0.941
Epoch 409/20000, Train Loss: 0.2514, Validation Set Manhattan Distance: 12.0, Mask Weight: 0.941
Epoch 410/20000, Train Loss: 0.2511, Validation Set Manhattan Distance: 12.0, Mask Weight: 0.941
Epoch 411/20000, Train Loss: 0.2536, Validation Set Manhattan Distance: 12.0, Mask Weight: 0.941
Epoch 412/20000, Train Loss: 0.2514, Validation Set Manhattan Distance: 12.0, Mask Weight: 0.941
Epoch 413/20000, Train Loss: 0.2550, Validation Set Manhattan Distance: 12.0, Mask Weight: 0.941
Epoch 414/20000, Train Loss: 0.2548, Validation Set Manhattan Distance: 12.0, Mask Weight: 0.941
Epoch 415/20000, Train Loss: 0.2521, Validation Set Manhattan Distance: 12.0, Mask Weight: 0.941
Epoch 416/20000, Train Loss: 0.2547, Validation Set Manhattan Distance: 12.0, Mask Weight: 0.941
Epoch 417/20000, Train Loss: 0.2530, Validation Set Manhattan Distance: 12.0, Mask Weight: 0.941
Epoch 418/20000, Train Loss: 0.2532, Validation Set Manhattan Distance: 12.0, Mask Weight: 0.941
Epoch 419/20000, Train Loss: 0.2524, Validation Set Manhattan Distance: 12.0, Mask Weight: 0.941
Epoch 420/20000, Train Loss: 0.2522, Validation Set Manhattan Distance: 12.0, Mask Weight: 0.941
Epoch 421/20000, Train Loss: 0.2521, Validation Set Manhattan Distance: 12.0, Mask Weight: 0.941
Epoch 422/20000, Train Loss: 0.2523, Validation Set Manhattan Distance: 12.0, Mask Weight: 0.941
Epoch 423/20000, Train Loss: 0.2518, Validation Set Manhattan Distance: 12.0, Mask Weight: 0.941
Epoch 424/20000, Train Loss: 0.2524, Validation Set Manhattan Distance: 12.0, Mask Weight: 0.941
Epoch 425/20000, Train Loss: 0.2513, Validation Set Manhattan Distance: 12.0, Mask Weight: 0.941
Epoch 426/20000, Train Loss: 0.2502, Validation Set Manhattan Distance: 12.0, Mask Weight: 0.941
Epoch 427/20000, Train Loss: 0.2511, Validation Set Manhattan Distance: 12.0, Mask Weight: 0.941
Epoch 428/20000, Train Loss: 0.2522, Validation Set Manhattan Distance: 12.0, Mask Weight: 0.941
Epoch 429/20000, Train Loss: 0.2508, Validation Set Manhattan Distance: 12.0, Mask Weight: 0.941
Epoch 430/20000, Train Loss: 0.2516, Validation Set Manhattan Distance: 12.0, Mask Weight: 0.941
Epoch 431/20000, Train Loss: 0.2521, Validation Set Manhattan Distance: 12.0, Mask Weight: 0.941
Epoch 432/20000, Train Loss: 0.2520, Validation Set Manhattan Distance: 12.0, Mask Weight: 0.941
Epoch 433/20000, Train Loss: 0.2515, Validation Set Manhattan Distance: 12.0, Mask Weight: 0.941
Epoch 434/20000, Train Loss: 0.2516, Validation Set Manhattan Distance: 12.0, Mask Weight: 0.941
Epoch 435/20000, Train Loss: 0.2534, Validation Set Manhattan Distance: 12.0, Mask Weight: 0.941
Epoch 436/20000, Train Loss: 0.2511, Validation Set Manhattan Distance: 12.0, Mask Weight: 0.941
Epoch 437/20000, Train Loss: 0.2512, Validation Set Manhattan Distance: 12.0, Mask Weight: 0.941
Epoch 438/20000, Train Loss: 0.2507, Validation Set Manhattan Distance: 12.0, Mask Weight: 0.941
Epoch 439/20000, Train Loss: 0.2506, Validation Set Manhattan Distance: 12.0, Mask Weight: 0.941
Epoch 440/20000, Train Loss: 0.2503, Validation Set Manhattan Distance: 12.0, Mask Weight: 0.941
Epoch 441/20000, Train Loss: 0.2527, Validation Set Manhattan Distance: 12.0, Mask Weight: 0.941
Epoch 442/20000, Train Loss: 0.2507, Validation Set Manhattan Distance: 12.0, Mask Weight: 0.941
Epoch 443/20000, Train Loss: 0.2531, Validation Set Manhattan Distance: 12.0, Mask Weight: 0.941
Epoch 444/20000, Train Loss: 0.2524, Validation Set Manhattan Distance: 12.0, Mask Weight: 0.941
Epoch 445/20000, Train Loss: 0.2511, Validation Set Manhattan Distance: 12.0, Mask Weight: 0.941
Epoch 446/20000, Train Loss: 0.2511, Validation Set Manhattan Distance: 12.0, Mask Weight: 0.941
Epoch 447/20000, Train Loss: 0.2511, Validation Set Manhattan Distance: 12.0, Mask Weight: 0.941
Epoch 448/20000, Train Loss: 0.2515, Validation Set Manhattan Distance: 12.0, Mask Weight: 0.941
Epoch 449/20000, Train Loss: 0.2504, Validation Set Manhattan Distance: 12.0, Mask Weight: 0.941
Epoch 450/20000, Train Loss: 0.2517, Validation Set Manhattan Distance: 12.0, Mask Weight: 0.941
Epoch 451/20000, Train Loss: 0.2526, Validation Set Manhattan Distance: 12.0, Mask Weight: 0.941
Epoch 452/20000, Train Loss: 0.2530, Validation Set Manhattan Distance: 12.0, Mask Weight: 0.941
Epoch 453/20000, Train Loss: 0.2505, Validation Set Manhattan Distance: 12.0, Mask Weight: 0.941
Epoch 454/20000, Train Loss: 0.2521, Validation Set Manhattan Distance: 12.0, Mask Weight: 0.941
Epoch 455/20000, Train Loss: 0.2526, Validation Set Manhattan Distance: 12.0, Mask Weight: 0.941
Epoch 456/20000, Train Loss: 0.2509, Validation Set Manhattan Distance: 12.0, Mask Weight: 0.941
Epoch 457/20000, Train Loss: 0.2512, Validation Set Manhattan Distance: 12.0, Mask Weight: 0.941
Epoch 458/20000, Train Loss: 0.2521, Validation Set Manhattan Distance: 12.0, Mask Weight: 0.941
Epoch 459/20000, Train Loss: 0.2519, Validation Set Manhattan Distance: 12.0, Mask Weight: 0.941
Epoch 460/20000, Train Loss: 0.2496, Validation Set Manhattan Distance: 12.0, Mask Weight: 0.941
Epoch 461/20000, Train Loss: 0.2543, Validation Set Manhattan Distance: 12.0, Mask Weight: 0.941
Epoch 462/20000, Train Loss: 0.2514, Validation Set Manhattan Distance: 12.0, Mask Weight: 0.941
Epoch 463/20000, Train Loss: 0.2517, Validation Set Manhattan Distance: 12.0, Mask Weight: 0.941
Epoch 464/20000, Train Loss: 0.2499, Validation Set Manhattan Distance: 12.0, Mask Weight: 0.941
Epoch 465/20000, Train Loss: 0.2520, Validation Set Manhattan Distance: 12.0, Mask Weight: 0.941
Epoch 466/20000, Train Loss: 0.2498, Validation Set Manhattan Distance: 12.0, Mask Weight: 0.941
Epoch 467/20000, Train Loss: 0.2508, Validation Set Manhattan Distance: 12.0, Mask Weight: 0.941
Epoch 468/20000, Train Loss: 0.2515, Validation Set Manhattan Distance: 12.0, Mask Weight: 0.941
Epoch 469/20000, Train Loss: 0.2512, Validation Set Manhattan Distance: 12.0, Mask Weight: 0.941
Epoch 470/20000, Train Loss: 0.2511, Validation Set Manhattan Distance: 12.0, Mask Weight: 0.941
Epoch 471/20000, Train Loss: 0.2506, Validation Set Manhattan Distance: 12.0, Mask Weight: 0.941
Epoch 472/20000, Train Loss: 0.2511, Validation Set Manhattan Distance: 12.0, Mask Weight: 0.941
Epoch 473/20000, Train Loss: 0.2522, Validation Set Manhattan Distance: 12.0, Mask Weight: 0.941
Epoch 474/20000, Train Loss: 0.2524, Validation Set Manhattan Distance: 12.0, Mask Weight: 0.941
Epoch 475/20000, Train Loss: 0.2504, Validation Set Manhattan Distance: 12.0, Mask Weight: 0.941
Epoch 476/20000, Train Loss: 0.2508, Validation Set Manhattan Distance: 12.0, Mask Weight: 0.941
Epoch 477/20000, Train Loss: 0.2512, Validation Set Manhattan Distance: 12.0, Mask Weight: 0.941
Epoch 478/20000, Train Loss: 0.2529, Validation Set Manhattan Distance: 12.0, Mask Weight: 0.941
Epoch 479/20000, Train Loss: 0.2516, Validation Set Manhattan Distance: 12.0, Mask Weight: 0.941
Epoch 480/20000, Train Loss: 0.2512, Validation Set Manhattan Distance: 12.0, Mask Weight: 0.941
Epoch 481/20000, Train Loss: 0.2504, Validation Set Manhattan Distance: 12.0, Mask Weight: 0.941
Epoch 482/20000, Train Loss: 0.2502, Validation Set Manhattan Distance: 12.0, Mask Weight: 0.941
Epoch 483/20000, Train Loss: 0.2515, Validation Set Manhattan Distance: 12.0, Mask Weight: 0.941
Epoch 484/20000, Train Loss: 0.2508, Validation Set Manhattan Distance: 12.0, Mask Weight: 0.941
Epoch 485/20000, Train Loss: 0.2508, Validation Set Manhattan Distance: 12.0, Mask Weight: 0.941
Epoch 486/20000, Train Loss: 0.2577, Validation Set Manhattan Distance: 12.0, Mask Weight: 0.941
Epoch 487/20000, Train Loss: 0.2518, Validation Set Manhattan Distance: 12.0, Mask Weight: 0.941
Epoch 488/20000, Train Loss: 0.2514, Validation Set Manhattan Distance: 12.0, Mask Weight: 0.941
Epoch 489/20000, Train Loss: 0.2510, Validation Set Manhattan Distance: 12.0, Mask Weight: 0.941
Epoch 490/20000, Train Loss: 0.2495, Validation Set Manhattan Distance: 12.0, Mask Weight: 0.941
Epoch 491/20000, Train Loss: 0.2509, Validation Set Manhattan Distance: 12.0, Mask Weight: 0.941
Epoch 492/20000, Train Loss: 0.2491, Validation Set Manhattan Distance: 12.0, Mask Weight: 0.941
Epoch 493/20000, Train Loss: 0.2521, Validation Set Manhattan Distance: 12.0, Mask Weight: 0.941
Epoch 494/20000, Train Loss: 0.2510, Validation Set Manhattan Distance: 12.0, Mask Weight: 0.941
Epoch 495/20000, Train Loss: 0.2494, Validation Set Manhattan Distance: 12.0, Mask Weight: 0.941
Epoch 496/20000, Train Loss: 0.2514, Validation Set Manhattan Distance: 12.0, Mask Weight: 0.941
Epoch 497/20000, Train Loss: 0.2510, Validation Set Manhattan Distance: 12.0, Mask Weight: 0.941
Epoch 498/20000, Train Loss: 0.2508, Validation Set Manhattan Distance: 12.0, Mask Weight: 0.941
Epoch 499/20000, Train Loss: 0.2513, Validation Set Manhattan Distance: 12.0, Mask Weight: 0.941
Epoch 500/20000, Train Loss: 0.2499, Validation Set Manhattan Distance: 12.0, Mask Weight: 0.941
Epoch 501/20000, Train Loss: 0.2506, Validation Set Manhattan Distance: 12.0, Mask Weight: 0.941
Epoch 502/20000, Train Loss: 0.2495, Validation Set Manhattan Distance: 12.0, Mask Weight: 0.941
Epoch 503/20000, Train Loss: 0.2509, Validation Set Manhattan Distance: 12.0, Mask Weight: 0.941
Epoch 504/20000, Train Loss: 0.2537, Validation Set Manhattan Distance: 12.0, Mask Weight: 0.941
Epoch 505/20000, Train Loss: 0.2524, Validation Set Manhattan Distance: 12.0, Mask Weight: 0.941
Epoch 506/20000, Train Loss: 0.2508, Validation Set Manhattan Distance: 12.0, Mask Weight: 0.941
Epoch 507/20000, Train Loss: 0.2506, Validation Set Manhattan Distance: 12.0, Mask Weight: 0.941
Epoch 508/20000, Train Loss: 0.2503, Validation Set Manhattan Distance: 12.0, Mask Weight: 0.941
Epoch 509/20000, Train Loss: 0.2505, Validation Set Manhattan Distance: 12.0, Mask Weight: 0.941
Epoch 510/20000, Train Loss: 0.2507, Validation Set Manhattan Distance: 12.0, Mask Weight: 0.941
Epoch 511/20000, Train Loss: 0.2508, Validation Set Manhattan Distance: 12.0, Mask Weight: 0.941
Epoch 512/20000, Train Loss: 0.2521, Validation Set Manhattan Distance: 12.0, Mask Weight: 0.941
Epoch 513/20000, Train Loss: 0.2512, Validation Set Manhattan Distance: 12.0, Mask Weight: 0.941
Epoch 514/20000, Train Loss: 0.2537, Validation Set Manhattan Distance: 12.0, Mask Weight: 0.941
Epoch 515/20000, Train Loss: 0.2520, Validation Set Manhattan Distance: 12.0, Mask Weight: 0.941
Epoch 516/20000, Train Loss: 0.2519, Validation Set Manhattan Distance: 12.0, Mask Weight: 0.941
Epoch 517/20000, Train Loss: 0.2508, Validation Set Manhattan Distance: 12.0, Mask Weight: 0.941
Epoch 518/20000, Train Loss: 0.2509, Validation Set Manhattan Distance: 12.0, Mask Weight: 0.941
Epoch 519/20000, Train Loss: 0.2498, Validation Set Manhattan Distance: 12.0, Mask Weight: 0.941
Epoch 520/20000, Train Loss: 0.2504, Validation Set Manhattan Distance: 12.0, Mask Weight: 0.941
Epoch 521/20000, Train Loss: 0.2499, Validation Set Manhattan Distance: 12.0, Mask Weight: 0.941
Epoch 522/20000, Train Loss: 0.2517, Validation Set Manhattan Distance: 12.0, Mask Weight: 0.941
Epoch 523/20000, Train Loss: 0.2501, Validation Set Manhattan Distance: 12.0, Mask Weight: 0.941
Epoch 524/20000, Train Loss: 0.2511, Validation Set Manhattan Distance: 12.0, Mask Weight: 0.941
Epoch 525/20000, Train Loss: 0.2499, Validation Set Manhattan Distance: 12.0, Mask Weight: 0.941
Epoch 526/20000, Train Loss: 0.2514, Validation Set Manhattan Distance: 12.0, Mask Weight: 0.941
Epoch 527/20000, Train Loss: 0.2515, Validation Set Manhattan Distance: 12.0, Mask Weight: 0.941
Epoch 528/20000, Train Loss: 0.2515, Validation Set Manhattan Distance: 12.0, Mask Weight: 0.941
Epoch 529/20000, Train Loss: 0.2519, Validation Set Manhattan Distance: 12.0, Mask Weight: 0.941
Epoch 530/20000, Train Loss: 0.2518, Validation Set Manhattan Distance: 12.0, Mask Weight: 0.941
Epoch 531/20000, Train Loss: 0.2517, Validation Set Manhattan Distance: 12.0, Mask Weight: 0.941
Epoch 532/20000, Train Loss: 0.2503, Validation Set Manhattan Distance: 12.0, Mask Weight: 0.941
Epoch 533/20000, Train Loss: 0.2498, Validation Set Manhattan Distance: 12.0, Mask Weight: 0.941
Epoch 534/20000, Train Loss: 0.2494, Validation Set Manhattan Distance: 12.0, Mask Weight: 0.941
Epoch 535/20000, Train Loss: 0.2515, Validation Set Manhattan Distance: 12.0, Mask Weight: 0.941
Epoch 536/20000, Train Loss: 0.2502, Validation Set Manhattan Distance: 12.0, Mask Weight: 0.941
Epoch 537/20000, Train Loss: 0.2519, Validation Set Manhattan Distance: 12.0, Mask Weight: 0.941
Epoch 538/20000, Train Loss: 0.2508, Validation Set Manhattan Distance: 12.0, Mask Weight: 0.941
Epoch 539/20000, Train Loss: 0.2495, Validation Set Manhattan Distance: 12.0, Mask Weight: 0.941
Epoch 540/20000, Train Loss: 0.2496, Validation Set Manhattan Distance: 12.0, Mask Weight: 0.941
Epoch 541/20000, Train Loss: 0.2507, Validation Set Manhattan Distance: 12.0, Mask Weight: 0.941
Epoch 542/20000, Train Loss: 0.2499, Validation Set Manhattan Distance: 12.0, Mask Weight: 0.941
Epoch 543/20000, Train Loss: 0.2507, Validation Set Manhattan Distance: 12.0, Mask Weight: 0.941
Epoch 544/20000, Train Loss: 0.2500, Validation Set Manhattan Distance: 12.0, Mask Weight: 0.941
Epoch 545/20000, Train Loss: 0.2508, Validation Set Manhattan Distance: 12.0, Mask Weight: 0.941
Epoch 546/20000, Train Loss: 0.2495, Validation Set Manhattan Distance: 12.0, Mask Weight: 0.941
Epoch 547/20000, Train Loss: 0.2493, Validation Set Manhattan Distance: 12.0, Mask Weight: 0.941
Epoch 548/20000, Train Loss: 0.2507, Validation Set Manhattan Distance: 12.0, Mask Weight: 0.941
Epoch 549/20000, Train Loss: 0.2502, Validation Set Manhattan Distance: 12.0, Mask Weight: 0.941
Epoch 550/20000, Train Loss: 0.2497, Validation Set Manhattan Distance: 12.0, Mask Weight: 0.941
Epoch 551/20000, Train Loss: 0.2492, Validation Set Manhattan Distance: 12.0, Mask Weight: 0.941
Epoch 552/20000, Train Loss: 0.2501, Validation Set Manhattan Distance: 12.0, Mask Weight: 0.941
Epoch 553/20000, Train Loss: 0.2501, Validation Set Manhattan Distance: 12.0, Mask Weight: 0.941
Epoch 554/20000, Train Loss: 0.2490, Validation Set Manhattan Distance: 12.0, Mask Weight: 0.941
Epoch 555/20000, Train Loss: 0.2508, Validation Set Manhattan Distance: 12.0, Mask Weight: 0.941
Epoch 556/20000, Train Loss: 0.2501, Validation Set Manhattan Distance: 12.0, Mask Weight: 0.941
Epoch 557/20000, Train Loss: 0.2506, Validation Set Manhattan Distance: 12.0, Mask Weight: 0.941
Epoch 558/20000, Train Loss: 0.2501, Validation Set Manhattan Distance: 12.0, Mask Weight: 0.941
Epoch 559/20000, Train Loss: 0.2496, Validation Set Manhattan Distance: 12.0, Mask Weight: 0.941
Epoch 560/20000, Train Loss: 0.2496, Validation Set Manhattan Distance: 12.0, Mask Weight: 0.941
Epoch 561/20000, Train Loss: 0.2500, Validation Set Manhattan Distance: 12.0, Mask Weight: 0.941
Epoch 562/20000, Train Loss: 0.2526, Validation Set Manhattan Distance: 12.0, Mask Weight: 0.941
Epoch 563/20000, Train Loss: 0.2520, Validation Set Manhattan Distance: 12.0, Mask Weight: 0.941
Epoch 564/20000, Train Loss: 0.2504, Validation Set Manhattan Distance: 12.0, Mask Weight: 0.941
Epoch 565/20000, Train Loss: 0.2504, Validation Set Manhattan Distance: 12.0, Mask Weight: 0.941
Epoch 566/20000, Train Loss: 0.2509, Validation Set Manhattan Distance: 12.0, Mask Weight: 0.941
Epoch 567/20000, Train Loss: 0.2509, Validation Set Manhattan Distance: 12.0, Mask Weight: 0.941
Epoch 568/20000, Train Loss: 0.2498, Validation Set Manhattan Distance: 12.0, Mask Weight: 0.941
Epoch 569/20000, Train Loss: 0.2508, Validation Set Manhattan Distance: 12.0, Mask Weight: 0.941
Epoch 570/20000, Train Loss: 0.2521, Validation Set Manhattan Distance: 12.0, Mask Weight: 0.941
Epoch 571/20000, Train Loss: 0.2497, Validation Set Manhattan Distance: 12.0, Mask Weight: 0.941
Epoch 572/20000, Train Loss: 0.2497, Validation Set Manhattan Distance: 12.0, Mask Weight: 0.941
Epoch 573/20000, Train Loss: 0.2512, Validation Set Manhattan Distance: 12.0, Mask Weight: 0.941
Epoch 574/20000, Train Loss: 0.2507, Validation Set Manhattan Distance: 12.0, Mask Weight: 0.941
Epoch 575/20000, Train Loss: 0.2500, Validation Set Manhattan Distance: 12.0, Mask Weight: 0.941
Epoch 576/20000, Train Loss: 0.2506, Validation Set Manhattan Distance: 12.0, Mask Weight: 0.941
Epoch 577/20000, Train Loss: 0.2514, Validation Set Manhattan Distance: 12.0, Mask Weight: 0.941
Epoch 578/20000, Train Loss: 0.2500, Validation Set Manhattan Distance: 12.0, Mask Weight: 0.941
Epoch 579/20000, Train Loss: 0.2501, Validation Set Manhattan Distance: 12.0, Mask Weight: 0.941
Epoch 580/20000, Train Loss: 0.2497, Validation Set Manhattan Distance: 12.0, Mask Weight: 0.941
Epoch 581/20000, Train Loss: 0.2504, Validation Set Manhattan Distance: 12.0, Mask Weight: 0.941
Epoch 582/20000, Train Loss: 0.2509, Validation Set Manhattan Distance: 12.0, Mask Weight: 0.941
Epoch 583/20000, Train Loss: 0.2513, Validation Set Manhattan Distance: 12.0, Mask Weight: 0.941
Epoch 584/20000, Train Loss: 0.2504, Validation Set Manhattan Distance: 12.0, Mask Weight: 0.941
Epoch 585/20000, Train Loss: 0.2496, Validation Set Manhattan Distance: 12.0, Mask Weight: 0.941
Epoch 586/20000, Train Loss: 0.2496, Validation Set Manhattan Distance: 12.0, Mask Weight: 0.941
Epoch 587/20000, Train Loss: 0.2502, Validation Set Manhattan Distance: 12.0, Mask Weight: 0.941
Epoch 588/20000, Train Loss: 0.2493, Validation Set Manhattan Distance: 12.0, Mask Weight: 0.941
Epoch 589/20000, Train Loss: 0.2484, Validation Set Manhattan Distance: 12.0, Mask Weight: 0.941
Epoch 590/20000, Train Loss: 0.2502, Validation Set Manhattan Distance: 12.0, Mask Weight: 0.941
Epoch 591/20000, Train Loss: 0.2506, Validation Set Manhattan Distance: 12.0, Mask Weight: 0.941
Epoch 592/20000, Train Loss: 0.2504, Validation Set Manhattan Distance: 12.0, Mask Weight: 0.941
Epoch 593/20000, Train Loss: 0.2507, Validation Set Manhattan Distance: 12.0, Mask Weight: 0.941
Epoch 594/20000, Train Loss: 0.2508, Validation Set Manhattan Distance: 12.0, Mask Weight: 0.941
Epoch 595/20000, Train Loss: 0.2522, Validation Set Manhattan Distance: 12.0, Mask Weight: 0.941
Epoch 596/20000, Train Loss: 0.2508, Validation Set Manhattan Distance: 12.0, Mask Weight: 0.941
Epoch 597/20000, Train Loss: 0.2507, Validation Set Manhattan Distance: 12.0, Mask Weight: 0.941
Epoch 598/20000, Train Loss: 0.2495, Validation Set Manhattan Distance: 12.0, Mask Weight: 0.941
Epoch 599/20000, Train Loss: 0.2510, Validation Set Manhattan Distance: 12.0, Mask Weight: 0.941
Epoch 600/20000, Train Loss: 0.2494, Validation Set Manhattan Distance: 12.0, Mask Weight: 0.941
Epoch 601/20000, Train Loss: 0.2492, Validation Set Manhattan Distance: 12.0, Mask Weight: 0.941
Epoch 602/20000, Train Loss: 0.2505, Validation Set Manhattan Distance: 12.0, Mask Weight: 0.941
Epoch 603/20000, Train Loss: 0.2507, Validation Set Manhattan Distance: 12.0, Mask Weight: 0.941
Epoch 604/20000, Train Loss: 0.2500, Validation Set Manhattan Distance: 12.0, Mask Weight: 0.941
Epoch 605/20000, Train Loss: 0.2499, Validation Set Manhattan Distance: 12.0, Mask Weight: 0.941
Epoch 606/20000, Train Loss: 0.2502, Validation Set Manhattan Distance: 12.0, Mask Weight: 0.941
Epoch 607/20000, Train Loss: 0.2496, Validation Set Manhattan Distance: 12.0, Mask Weight: 0.941
Epoch 608/20000, Train Loss: 0.2502, Validation Set Manhattan Distance: 12.0, Mask Weight: 0.941
Epoch 609/20000, Train Loss: 0.2514, Validation Set Manhattan Distance: 12.0, Mask Weight: 0.941
Epoch 610/20000, Train Loss: 0.2517, Validation Set Manhattan Distance: 12.0, Mask Weight: 0.941
Epoch 611/20000, Train Loss: 0.2508, Validation Set Manhattan Distance: 12.0, Mask Weight: 0.941
Epoch 612/20000, Train Loss: 0.2507, Validation Set Manhattan Distance: 12.0, Mask Weight: 0.941
Epoch 613/20000, Train Loss: 0.2510, Validation Set Manhattan Distance: 12.0, Mask Weight: 0.941
Epoch 614/20000, Train Loss: 0.2504, Validation Set Manhattan Distance: 12.0, Mask Weight: 0.941
Epoch 615/20000, Train Loss: 0.2509, Validation Set Manhattan Distance: 12.0, Mask Weight: 0.941
Epoch 616/20000, Train Loss: 0.2491, Validation Set Manhattan Distance: 12.0, Mask Weight: 0.941
Epoch 617/20000, Train Loss: 0.2500, Validation Set Manhattan Distance: 12.0, Mask Weight: 0.941
Epoch 618/20000, Train Loss: 0.2486, Validation Set Manhattan Distance: 12.0, Mask Weight: 0.941
Epoch 619/20000, Train Loss: 0.2508, Validation Set Manhattan Distance: 12.0, Mask Weight: 0.941
Epoch 620/20000, Train Loss: 0.2500, Validation Set Manhattan Distance: 12.0, Mask Weight: 0.941
Epoch 621/20000, Train Loss: 0.2502, Validation Set Manhattan Distance: 12.0, Mask Weight: 0.941
Epoch 622/20000, Train Loss: 0.2508, Validation Set Manhattan Distance: 12.0, Mask Weight: 0.941
Epoch 623/20000, Train Loss: 0.2497, Validation Set Manhattan Distance: 12.0, Mask Weight: 0.941
Epoch 624/20000, Train Loss: 0.2504, Validation Set Manhattan Distance: 12.0, Mask Weight: 0.941
Epoch 625/20000, Train Loss: 0.2494, Validation Set Manhattan Distance: 12.0, Mask Weight: 0.941
Epoch 626/20000, Train Loss: 0.2490, Validation Set Manhattan Distance: 12.0, Mask Weight: 0.941
Epoch 627/20000, Train Loss: 0.2482, Validation Set Manhattan Distance: 12.0, Mask Weight: 0.941
Epoch 628/20000, Train Loss: 0.2498, Validation Set Manhattan Distance: 12.0, Mask Weight: 0.941
Epoch 629/20000, Train Loss: 0.2505, Validation Set Manhattan Distance: 12.0, Mask Weight: 0.941
Epoch 630/20000, Train Loss: 0.2497, Validation Set Manhattan Distance: 12.0, Mask Weight: 0.941
Epoch 631/20000, Train Loss: 0.2482, Validation Set Manhattan Distance: 12.0, Mask Weight: 0.941
Epoch 632/20000, Train Loss: 0.2485, Validation Set Manhattan Distance: 12.0, Mask Weight: 0.941
Epoch 633/20000, Train Loss: 0.2498, Validation Set Manhattan Distance: 12.0, Mask Weight: 0.941
Epoch 634/20000, Train Loss: 0.2494, Validation Set Manhattan Distance: 12.0, Mask Weight: 0.941
Epoch 635/20000, Train Loss: 0.2488, Validation Set Manhattan Distance: 12.0, Mask Weight: 0.941
Epoch 636/20000, Train Loss: 0.2477, Validation Set Manhattan Distance: 12.0, Mask Weight: 0.941
Epoch 637/20000, Train Loss: 0.2495, Validation Set Manhattan Distance: 12.0, Mask Weight: 0.941
Epoch 638/20000, Train Loss: 0.2499, Validation Set Manhattan Distance: 12.0, Mask Weight: 0.941
Epoch 639/20000, Train Loss: 0.2504, Validation Set Manhattan Distance: 12.0, Mask Weight: 0.941
Epoch 640/20000, Train Loss: 0.2500, Validation Set Manhattan Distance: 12.0, Mask Weight: 0.941
Epoch 641/20000, Train Loss: 0.2497, Validation Set Manhattan Distance: 12.0, Mask Weight: 0.941
Epoch 642/20000, Train Loss: 0.2487, Validation Set Manhattan Distance: 12.0, Mask Weight: 0.941
Epoch 643/20000, Train Loss: 0.2484, Validation Set Manhattan Distance: 12.0, Mask Weight: 0.941
Epoch 644/20000, Train Loss: 0.2499, Validation Set Manhattan Distance: 12.0, Mask Weight: 0.941
Epoch 645/20000, Train Loss: 0.2508, Validation Set Manhattan Distance: 12.0, Mask Weight: 0.941
Epoch 646/20000, Train Loss: 0.2488, Validation Set Manhattan Distance: 12.0, Mask Weight: 0.941
Epoch 647/20000, Train Loss: 0.2500, Validation Set Manhattan Distance: 12.0, Mask Weight: 0.941
Epoch 648/20000, Train Loss: 0.2499, Validation Set Manhattan Distance: 12.0, Mask Weight: 0.941
Epoch 649/20000, Train Loss: 0.2494, Validation Set Manhattan Distance: 12.0, Mask Weight: 0.941
Epoch 650/20000, Train Loss: 0.2494, Validation Set Manhattan Distance: 12.0, Mask Weight: 0.941
Epoch 651/20000, Train Loss: 0.2502, Validation Set Manhattan Distance: 12.0, Mask Weight: 0.941
Epoch 652/20000, Train Loss: 0.2482, Validation Set Manhattan Distance: 12.0, Mask Weight: 0.941
Epoch 653/20000, Train Loss: 0.2493, Validation Set Manhattan Distance: 12.0, Mask Weight: 0.941
Epoch 654/20000, Train Loss: 0.2500, Validation Set Manhattan Distance: 12.0, Mask Weight: 0.941
Epoch 655/20000, Train Loss: 0.2497, Validation Set Manhattan Distance: 12.0, Mask Weight: 0.941
Epoch 656/20000, Train Loss: 0.2490, Validation Set Manhattan Distance: 12.0, Mask Weight: 0.941
Epoch 657/20000, Train Loss: 0.2497, Validation Set Manhattan Distance: 12.0, Mask Weight: 0.941
Epoch 658/20000, Train Loss: 0.2503, Validation Set Manhattan Distance: 12.0, Mask Weight: 0.941
Epoch 659/20000, Train Loss: 0.2493, Validation Set Manhattan Distance: 12.0, Mask Weight: 0.941
Epoch 660/20000, Train Loss: 0.2492, Validation Set Manhattan Distance: 12.0, Mask Weight: 0.941
Epoch 661/20000, Train Loss: 0.2507, Validation Set Manhattan Distance: 12.0, Mask Weight: 0.941
Epoch 662/20000, Train Loss: 0.2490, Validation Set Manhattan Distance: 12.0, Mask Weight: 0.941
Epoch 663/20000, Train Loss: 0.2496, Validation Set Manhattan Distance: 12.0, Mask Weight: 0.941
Epoch 664/20000, Train Loss: 0.2490, Validation Set Manhattan Distance: 12.0, Mask Weight: 0.941
Epoch 665/20000, Train Loss: 0.2508, Validation Set Manhattan Distance: 12.0, Mask Weight: 0.941
Epoch 666/20000, Train Loss: 0.2505, Validation Set Manhattan Distance: 12.0, Mask Weight: 0.941
Epoch 667/20000, Train Loss: 0.2516, Validation Set Manhattan Distance: 12.0, Mask Weight: 0.941
Epoch 668/20000, Train Loss: 0.2508, Validation Set Manhattan Distance: 12.0, Mask Weight: 0.941
Epoch 669/20000, Train Loss: 0.2502, Validation Set Manhattan Distance: 12.0, Mask Weight: 0.941
Epoch 670/20000, Train Loss: 0.2498, Validation Set Manhattan Distance: 12.0, Mask Weight: 0.941
Epoch 671/20000, Train Loss: 0.2493, Validation Set Manhattan Distance: 12.0, Mask Weight: 0.941
Epoch 672/20000, Train Loss: 0.2493, Validation Set Manhattan Distance: 12.0, Mask Weight: 0.941
Epoch 673/20000, Train Loss: 0.2492, Validation Set Manhattan Distance: 12.0, Mask Weight: 0.941
Epoch 674/20000, Train Loss: 0.2519, Validation Set Manhattan Distance: 12.0, Mask Weight: 0.941
Epoch 675/20000, Train Loss: 0.2520, Validation Set Manhattan Distance: 12.0, Mask Weight: 0.941
Epoch 676/20000, Train Loss: 0.2508, Validation Set Manhattan Distance: 12.0, Mask Weight: 0.941
Epoch 677/20000, Train Loss: 0.2528, Validation Set Manhattan Distance: 12.0, Mask Weight: 0.941
Epoch 678/20000, Train Loss: 0.2517, Validation Set Manhattan Distance: 12.0, Mask Weight: 0.941
Epoch 679/20000, Train Loss: 0.2502, Validation Set Manhattan Distance: 12.0, Mask Weight: 0.941
Epoch 680/20000, Train Loss: 0.2495, Validation Set Manhattan Distance: 12.0, Mask Weight: 0.941
Epoch 681/20000, Train Loss: 0.2501, Validation Set Manhattan Distance: 12.0, Mask Weight: 0.941
Epoch 682/20000, Train Loss: 0.2501, Validation Set Manhattan Distance: 12.0, Mask Weight: 0.941
Epoch 683/20000, Train Loss: 0.2492, Validation Set Manhattan Distance: 12.0, Mask Weight: 0.941
Epoch 684/20000, Train Loss: 0.2496, Validation Set Manhattan Distance: 12.0, Mask Weight: 0.941
Epoch 685/20000, Train Loss: 0.2487, Validation Set Manhattan Distance: 12.0, Mask Weight: 0.941
Epoch 686/20000, Train Loss: 0.2490, Validation Set Manhattan Distance: 12.0, Mask Weight: 0.941
Epoch 687/20000, Train Loss: 0.2499, Validation Set Manhattan Distance: 12.0, Mask Weight: 0.941
Epoch 688/20000, Train Loss: 0.2481, Validation Set Manhattan Distance: 12.0, Mask Weight: 0.941
Epoch 689/20000, Train Loss: 0.2496, Validation Set Manhattan Distance: 12.0, Mask Weight: 0.941
Epoch 690/20000, Train Loss: 0.2486, Validation Set Manhattan Distance: 12.0, Mask Weight: 0.941
Epoch 691/20000, Train Loss: 0.2495, Validation Set Manhattan Distance: 12.0, Mask Weight: 0.941
Epoch 692/20000, Train Loss: 0.2473, Validation Set Manhattan Distance: 12.0, Mask Weight: 0.941
Epoch 693/20000, Train Loss: 0.2498, Validation Set Manhattan Distance: 12.0, Mask Weight: 0.941
Epoch 694/20000, Train Loss: 0.2489, Validation Set Manhattan Distance: 12.0, Mask Weight: 0.941
Epoch 695/20000, Train Loss: 0.2486, Validation Set Manhattan Distance: 12.0, Mask Weight: 0.941
Epoch 696/20000, Train Loss: 0.2483, Validation Set Manhattan Distance: 12.0, Mask Weight: 0.941
Epoch 697/20000, Train Loss: 0.2504, Validation Set Manhattan Distance: 12.0, Mask Weight: 0.941
Epoch 698/20000, Train Loss: 0.2485, Validation Set Manhattan Distance: 12.0, Mask Weight: 0.941
Epoch 699/20000, Train Loss: 0.2486, Validation Set Manhattan Distance: 12.0, Mask Weight: 0.941
Epoch 700/20000, Train Loss: 0.2485, Validation Set Manhattan Distance: 12.0, Mask Weight: 0.941
Epoch 701/20000, Train Loss: 0.2484, Validation Set Manhattan Distance: 12.0, Mask Weight: 0.941
Epoch 702/20000, Train Loss: 0.2490, Validation Set Manhattan Distance: 12.0, Mask Weight: 0.941
Epoch 703/20000, Train Loss: 0.2486, Validation Set Manhattan Distance: 12.0, Mask Weight: 0.941
Epoch 704/20000, Train Loss: 0.2483, Validation Set Manhattan Distance: 12.0, Mask Weight: 0.941
Epoch 705/20000, Train Loss: 0.2493, Validation Set Manhattan Distance: 12.0, Mask Weight: 0.941
Epoch 706/20000, Train Loss: 0.2489, Validation Set Manhattan Distance: 12.0, Mask Weight: 0.941
Epoch 707/20000, Train Loss: 0.2490, Validation Set Manhattan Distance: 12.0, Mask Weight: 0.941
Epoch 708/20000, Train Loss: 0.2491, Validation Set Manhattan Distance: 12.0, Mask Weight: 0.941
Epoch 709/20000, Train Loss: 0.2487, Validation Set Manhattan Distance: 12.0, Mask Weight: 0.941
Epoch 710/20000, Train Loss: 0.2490, Validation Set Manhattan Distance: 12.0, Mask Weight: 0.941
Epoch 711/20000, Train Loss: 0.2517, Validation Set Manhattan Distance: 12.0, Mask Weight: 0.941
Epoch 712/20000, Train Loss: 0.2515, Validation Set Manhattan Distance: 12.0, Mask Weight: 0.941
Epoch 713/20000, Train Loss: 0.2498, Validation Set Manhattan Distance: 12.0, Mask Weight: 0.941
Epoch 714/20000, Train Loss: 0.2470, Validation Set Manhattan Distance: 12.0, Mask Weight: 0.941
Epoch 715/20000, Train Loss: 0.2509, Validation Set Manhattan Distance: 12.0, Mask Weight: 0.941
Epoch 716/20000, Train Loss: 0.2478, Validation Set Manhattan Distance: 12.0, Mask Weight: 0.941
Epoch 717/20000, Train Loss: 0.2484, Validation Set Manhattan Distance: 12.0, Mask Weight: 0.941
Epoch 718/20000, Train Loss: 0.2494, Validation Set Manhattan Distance: 12.0, Mask Weight: 0.941
Epoch 719/20000, Train Loss: 0.2488, Validation Set Manhattan Distance: 12.0, Mask Weight: 0.941
Epoch 720/20000, Train Loss: 0.2484, Validation Set Manhattan Distance: 12.0, Mask Weight: 0.941
Epoch 721/20000, Train Loss: 0.2481, Validation Set Manhattan Distance: 12.0, Mask Weight: 0.941
Epoch 722/20000, Train Loss: 0.2486, Validation Set Manhattan Distance: 12.0, Mask Weight: 0.941
Epoch 723/20000, Train Loss: 0.2483, Validation Set Manhattan Distance: 12.0, Mask Weight: 0.941
Epoch 724/20000, Train Loss: 0.2485, Validation Set Manhattan Distance: 12.0, Mask Weight: 0.941
Epoch 725/20000, Train Loss: 0.2491, Validation Set Manhattan Distance: 12.0, Mask Weight: 0.941
Epoch 726/20000, Train Loss: 0.2492, Validation Set Manhattan Distance: 12.0, Mask Weight: 0.941
Epoch 727/20000, Train Loss: 0.2488, Validation Set Manhattan Distance: 12.0, Mask Weight: 0.941
Epoch 728/20000, Train Loss: 0.2479, Validation Set Manhattan Distance: 12.0, Mask Weight: 0.941
Epoch 729/20000, Train Loss: 0.2510, Validation Set Manhattan Distance: 12.0, Mask Weight: 0.941
Epoch 730/20000, Train Loss: 0.2503, Validation Set Manhattan Distance: 12.0, Mask Weight: 0.941
Epoch 731/20000, Train Loss: 0.2499, Validation Set Manhattan Distance: 12.0, Mask Weight: 0.941
Epoch 732/20000, Train Loss: 0.2524, Validation Set Manhattan Distance: 12.0, Mask Weight: 0.941
Epoch 733/20000, Train Loss: 0.2485, Validation Set Manhattan Distance: 12.0, Mask Weight: 0.941
Epoch 734/20000, Train Loss: 0.2497, Validation Set Manhattan Distance: 12.0, Mask Weight: 0.941
Epoch 735/20000, Train Loss: 0.2489, Validation Set Manhattan Distance: 12.0, Mask Weight: 0.941
Epoch 736/20000, Train Loss: 0.2511, Validation Set Manhattan Distance: 12.0, Mask Weight: 0.941
Epoch 737/20000, Train Loss: 0.2509, Validation Set Manhattan Distance: 12.0, Mask Weight: 0.941
Epoch 738/20000, Train Loss: 0.2490, Validation Set Manhattan Distance: 12.0, Mask Weight: 0.941
Epoch 739/20000, Train Loss: 0.2487, Validation Set Manhattan Distance: 12.0, Mask Weight: 0.941
Epoch 740/20000, Train Loss: 0.2495, Validation Set Manhattan Distance: 12.0, Mask Weight: 0.941
Epoch 741/20000, Train Loss: 0.2495, Validation Set Manhattan Distance: 12.0, Mask Weight: 0.941
Epoch 742/20000, Train Loss: 0.2495, Validation Set Manhattan Distance: 12.0, Mask Weight: 0.941
Epoch 743/20000, Train Loss: 0.2487, Validation Set Manhattan Distance: 12.0, Mask Weight: 0.941
Epoch 744/20000, Train Loss: 0.2489, Validation Set Manhattan Distance: 12.0, Mask Weight: 0.941
Epoch 745/20000, Train Loss: 0.2489, Validation Set Manhattan Distance: 12.0, Mask Weight: 0.941
Epoch 746/20000, Train Loss: 0.2483, Validation Set Manhattan Distance: 12.0, Mask Weight: 0.941
Epoch 747/20000, Train Loss: 0.2485, Validation Set Manhattan Distance: 12.0, Mask Weight: 0.941
Epoch 748/20000, Train Loss: 0.2490, Validation Set Manhattan Distance: 12.0, Mask Weight: 0.941
Epoch 749/20000, Train Loss: 0.2492, Validation Set Manhattan Distance: 12.0, Mask Weight: 0.941
Epoch 750/20000, Train Loss: 0.2486, Validation Set Manhattan Distance: 12.0, Mask Weight: 0.941
Epoch 751/20000, Train Loss: 0.2486, Validation Set Manhattan Distance: 12.0, Mask Weight: 0.941
Epoch 752/20000, Train Loss: 0.2492, Validation Set Manhattan Distance: 12.0, Mask Weight: 0.941
Epoch 753/20000, Train Loss: 0.2487, Validation Set Manhattan Distance: 12.0, Mask Weight: 0.941
Epoch 754/20000, Train Loss: 0.2504, Validation Set Manhattan Distance: 12.0, Mask Weight: 0.941
Epoch 755/20000, Train Loss: 0.2528, Validation Set Manhattan Distance: 12.0, Mask Weight: 0.941
Epoch 756/20000, Train Loss: 0.2510, Validation Set Manhattan Distance: 12.0, Mask Weight: 0.941
Epoch 757/20000, Train Loss: 0.2505, Validation Set Manhattan Distance: 12.0, Mask Weight: 0.941
Epoch 758/20000, Train Loss: 0.2502, Validation Set Manhattan Distance: 12.0, Mask Weight: 0.941
Epoch 759/20000, Train Loss: 0.2482, Validation Set Manhattan Distance: 12.0, Mask Weight: 0.941
Epoch 760/20000, Train Loss: 0.2484, Validation Set Manhattan Distance: 12.0, Mask Weight: 0.941
Epoch 761/20000, Train Loss: 0.2494, Validation Set Manhattan Distance: 12.0, Mask Weight: 0.941
Epoch 762/20000, Train Loss: 0.2492, Validation Set Manhattan Distance: 12.0, Mask Weight: 0.941
Epoch 763/20000, Train Loss: 0.2485, Validation Set Manhattan Distance: 12.0, Mask Weight: 0.941
Epoch 764/20000, Train Loss: 0.2480, Validation Set Manhattan Distance: 12.0, Mask Weight: 0.941
Epoch 765/20000, Train Loss: 0.2498, Validation Set Manhattan Distance: 12.0, Mask Weight: 0.941
Epoch 766/20000, Train Loss: 0.2496, Validation Set Manhattan Distance: 12.0, Mask Weight: 0.941
Epoch 767/20000, Train Loss: 0.2477, Validation Set Manhattan Distance: 12.0, Mask Weight: 0.941
Epoch 768/20000, Train Loss: 0.2508, Validation Set Manhattan Distance: 12.0, Mask Weight: 0.941
Epoch 769/20000, Train Loss: 0.2495, Validation Set Manhattan Distance: 12.0, Mask Weight: 0.941
Epoch 770/20000, Train Loss: 0.2499, Validation Set Manhattan Distance: 12.0, Mask Weight: 0.941
Epoch 771/20000, Train Loss: 0.2475, Validation Set Manhattan Distance: 12.0, Mask Weight: 0.941
Epoch 772/20000, Train Loss: 0.2491, Validation Set Manhattan Distance: 12.0, Mask Weight: 0.941
Epoch 773/20000, Train Loss: 0.2483, Validation Set Manhattan Distance: 12.0, Mask Weight: 0.941
Epoch 774/20000, Train Loss: 0.2479, Validation Set Manhattan Distance: 12.0, Mask Weight: 0.941
Epoch 775/20000, Train Loss: 0.2478, Validation Set Manhattan Distance: 12.0, Mask Weight: 0.941
Epoch 776/20000, Train Loss: 0.2495, Validation Set Manhattan Distance: 12.0, Mask Weight: 0.941
Epoch 777/20000, Train Loss: 0.2489, Validation Set Manhattan Distance: 12.0, Mask Weight: 0.941
Epoch 778/20000, Train Loss: 0.2486, Validation Set Manhattan Distance: 12.0, Mask Weight: 0.941
Epoch 779/20000, Train Loss: 0.2503, Validation Set Manhattan Distance: 12.0, Mask Weight: 0.941
Epoch 780/20000, Train Loss: 0.2509, Validation Set Manhattan Distance: 12.0, Mask Weight: 0.941
Epoch 781/20000, Train Loss: 0.2505, Validation Set Manhattan Distance: 12.0, Mask Weight: 0.941
Epoch 782/20000, Train Loss: 0.2507, Validation Set Manhattan Distance: 12.0, Mask Weight: 0.941
Epoch 783/20000, Train Loss: 0.2519, Validation Set Manhattan Distance: 12.0, Mask Weight: 0.941
Epoch 784/20000, Train Loss: 0.2527, Validation Set Manhattan Distance: 12.0, Mask Weight: 0.941
Epoch 785/20000, Train Loss: 0.2506, Validation Set Manhattan Distance: 12.0, Mask Weight: 0.941
Epoch 786/20000, Train Loss: 0.2497, Validation Set Manhattan Distance: 12.0, Mask Weight: 0.941
Epoch 787/20000, Train Loss: 0.2471, Validation Set Manhattan Distance: 12.0, Mask Weight: 0.941
Epoch 788/20000, Train Loss: 0.2481, Validation Set Manhattan Distance: 12.0, Mask Weight: 0.941
Epoch 789/20000, Train Loss: 0.2479, Validation Set Manhattan Distance: 12.0, Mask Weight: 0.941
Epoch 790/20000, Train Loss: 0.2485, Validation Set Manhattan Distance: 12.0, Mask Weight: 0.941
Epoch 791/20000, Train Loss: 0.2490, Validation Set Manhattan Distance: 12.0, Mask Weight: 0.941
Epoch 792/20000, Train Loss: 0.2497, Validation Set Manhattan Distance: 12.0, Mask Weight: 0.941
Epoch 793/20000, Train Loss: 0.2478, Validation Set Manhattan Distance: 12.0, Mask Weight: 0.941
Epoch 794/20000, Train Loss: 0.2489, Validation Set Manhattan Distance: 12.0, Mask Weight: 0.941
Epoch 795/20000, Train Loss: 0.2491, Validation Set Manhattan Distance: 12.0, Mask Weight: 0.941
Epoch 796/20000, Train Loss: 0.2484, Validation Set Manhattan Distance: 12.0, Mask Weight: 0.941
Epoch 797/20000, Train Loss: 0.2472, Validation Set Manhattan Distance: 12.0, Mask Weight: 0.941
Epoch 798/20000, Train Loss: 0.2489, Validation Set Manhattan Distance: 12.0, Mask Weight: 0.941
Epoch 799/20000, Train Loss: 0.2477, Validation Set Manhattan Distance: 12.0, Mask Weight: 0.941
Epoch 800/20000, Train Loss: 0.2469, Validation Set Manhattan Distance: 12.0, Mask Weight: 0.941
Epoch 801/20000, Train Loss: 0.2478, Validation Set Manhattan Distance: 12.0, Mask Weight: 0.941
Epoch 802/20000, Train Loss: 0.2491, Validation Set Manhattan Distance: 12.0, Mask Weight: 0.941
Epoch 803/20000, Train Loss: 0.2479, Validation Set Manhattan Distance: 12.0, Mask Weight: 0.941
Epoch 804/20000, Train Loss: 0.2474, Validation Set Manhattan Distance: 12.0, Mask Weight: 0.941
Epoch 805/20000, Train Loss: 0.2491, Validation Set Manhattan Distance: 12.0, Mask Weight: 0.941
Epoch 806/20000, Train Loss: 0.2488, Validation Set Manhattan Distance: 12.0, Mask Weight: 0.941
Epoch 807/20000, Train Loss: 0.2474, Validation Set Manhattan Distance: 12.0, Mask Weight: 0.941
Epoch 808/20000, Train Loss: 0.2483, Validation Set Manhattan Distance: 12.0, Mask Weight: 0.941
Epoch 809/20000, Train Loss: 0.2480, Validation Set Manhattan Distance: 12.0, Mask Weight: 0.941
Epoch 810/20000, Train Loss: 0.2477, Validation Set Manhattan Distance: 12.0, Mask Weight: 0.941
Epoch 811/20000, Train Loss: 0.2485, Validation Set Manhattan Distance: 12.0, Mask Weight: 0.941
Epoch 812/20000, Train Loss: 0.2480, Validation Set Manhattan Distance: 12.0, Mask Weight: 0.941
Epoch 813/20000, Train Loss: 0.2471, Validation Set Manhattan Distance: 12.0, Mask Weight: 0.941
Epoch 814/20000, Train Loss: 0.2486, Validation Set Manhattan Distance: 12.0, Mask Weight: 0.941
Epoch 815/20000, Train Loss: 0.2470, Validation Set Manhattan Distance: 12.0, Mask Weight: 0.941
Epoch 816/20000, Train Loss: 0.2491, Validation Set Manhattan Distance: 12.0, Mask Weight: 0.941
Epoch 817/20000, Train Loss: 0.2475, Validation Set Manhattan Distance: 12.0, Mask Weight: 0.941
Epoch 818/20000, Train Loss: 0.2478, Validation Set Manhattan Distance: 12.0, Mask Weight: 0.941
Epoch 819/20000, Train Loss: 0.2491, Validation Set Manhattan Distance: 12.0, Mask Weight: 0.941
Epoch 820/20000, Train Loss: 0.2474, Validation Set Manhattan Distance: 12.0, Mask Weight: 0.941
Epoch 821/20000, Train Loss: 0.2474, Validation Set Manhattan Distance: 12.0, Mask Weight: 0.941
Epoch 822/20000, Train Loss: 0.2483, Validation Set Manhattan Distance: 12.0, Mask Weight: 0.941
Epoch 823/20000, Train Loss: 0.2476, Validation Set Manhattan Distance: 12.0, Mask Weight: 0.941
Epoch 824/20000, Train Loss: 0.2480, Validation Set Manhattan Distance: 12.0, Mask Weight: 0.941
Epoch 825/20000, Train Loss: 0.2494, Validation Set Manhattan Distance: 12.0, Mask Weight: 0.941
Epoch 826/20000, Train Loss: 0.2511, Validation Set Manhattan Distance: 12.0, Mask Weight: 0.941
Epoch 827/20000, Train Loss: 0.2491, Validation Set Manhattan Distance: 12.0, Mask Weight: 0.941
Epoch 828/20000, Train Loss: 0.2499, Validation Set Manhattan Distance: 12.0, Mask Weight: 0.941
Epoch 829/20000, Train Loss: 0.2494, Validation Set Manhattan Distance: 12.0, Mask Weight: 0.941
Epoch 830/20000, Train Loss: 0.2499, Validation Set Manhattan Distance: 12.0, Mask Weight: 0.941
Epoch 831/20000, Train Loss: 0.2493, Validation Set Manhattan Distance: 12.0, Mask Weight: 0.941
Epoch 832/20000, Train Loss: 0.2483, Validation Set Manhattan Distance: 12.0, Mask Weight: 0.941
Epoch 833/20000, Train Loss: 0.2487, Validation Set Manhattan Distance: 12.0, Mask Weight: 0.941
Epoch 834/20000, Train Loss: 0.2489, Validation Set Manhattan Distance: 12.0, Mask Weight: 0.941
Epoch 835/20000, Train Loss: 0.2471, Validation Set Manhattan Distance: 12.0, Mask Weight: 0.941
Epoch 836/20000, Train Loss: 0.2477, Validation Set Manhattan Distance: 12.0, Mask Weight: 0.941
Epoch 837/20000, Train Loss: 0.2475, Validation Set Manhattan Distance: 12.0, Mask Weight: 0.941
Epoch 838/20000, Train Loss: 0.2483, Validation Set Manhattan Distance: 12.0, Mask Weight: 0.941
Epoch 839/20000, Train Loss: 0.2479, Validation Set Manhattan Distance: 12.0, Mask Weight: 0.941
Epoch 840/20000, Train Loss: 0.2469, Validation Set Manhattan Distance: 12.0, Mask Weight: 0.941
Epoch 841/20000, Train Loss: 0.2475, Validation Set Manhattan Distance: 12.0, Mask Weight: 0.941
Epoch 842/20000, Train Loss: 0.2476, Validation Set Manhattan Distance: 12.0, Mask Weight: 0.941
Epoch 843/20000, Train Loss: 0.2473, Validation Set Manhattan Distance: 12.0, Mask Weight: 0.941
Epoch 844/20000, Train Loss: 0.2483, Validation Set Manhattan Distance: 12.0, Mask Weight: 0.941
Epoch 845/20000, Train Loss: 0.2483, Validation Set Manhattan Distance: 12.0, Mask Weight: 0.941
Epoch 846/20000, Train Loss: 0.2465, Validation Set Manhattan Distance: 12.0, Mask Weight: 0.941
Epoch 847/20000, Train Loss: 0.2473, Validation Set Manhattan Distance: 12.0, Mask Weight: 0.941
Epoch 848/20000, Train Loss: 0.2474, Validation Set Manhattan Distance: 12.0, Mask Weight: 0.941
Epoch 849/20000, Train Loss: 0.2474, Validation Set Manhattan Distance: 12.0, Mask Weight: 0.941
Epoch 850/20000, Train Loss: 0.2487, Validation Set Manhattan Distance: 12.0, Mask Weight: 0.941
Epoch 851/20000, Train Loss: 0.2488, Validation Set Manhattan Distance: 12.0, Mask Weight: 0.941
Epoch 852/20000, Train Loss: 0.2485, Validation Set Manhattan Distance: 12.0, Mask Weight: 0.941
Epoch 853/20000, Train Loss: 0.2496, Validation Set Manhattan Distance: 12.0, Mask Weight: 0.941
Epoch 854/20000, Train Loss: 0.2514, Validation Set Manhattan Distance: 12.0, Mask Weight: 0.941
Epoch 855/20000, Train Loss: 0.2483, Validation Set Manhattan Distance: 12.0, Mask Weight: 0.941
Epoch 856/20000, Train Loss: 0.2489, Validation Set Manhattan Distance: 12.0, Mask Weight: 0.941
Epoch 857/20000, Train Loss: 0.2480, Validation Set Manhattan Distance: 12.0, Mask Weight: 0.941
Epoch 858/20000, Train Loss: 0.2490, Validation Set Manhattan Distance: 12.0, Mask Weight: 0.941
Epoch 859/20000, Train Loss: 0.2471, Validation Set Manhattan Distance: 12.0, Mask Weight: 0.941
Epoch 860/20000, Train Loss: 0.2483, Validation Set Manhattan Distance: 12.0, Mask Weight: 0.941
Epoch 861/20000, Train Loss: 0.2479, Validation Set Manhattan Distance: 12.0, Mask Weight: 0.941
Epoch 862/20000, Train Loss: 0.2478, Validation Set Manhattan Distance: 12.0, Mask Weight: 0.941
Epoch 863/20000, Train Loss: 0.2470, Validation Set Manhattan Distance: 12.0, Mask Weight: 0.941
Epoch 864/20000, Train Loss: 0.2479, Validation Set Manhattan Distance: 12.0, Mask Weight: 0.941
Epoch 865/20000, Train Loss: 0.2472, Validation Set Manhattan Distance: 12.0, Mask Weight: 0.941
Epoch 866/20000, Train Loss: 0.2503, Validation Set Manhattan Distance: 12.0, Mask Weight: 0.941
Epoch 867/20000, Train Loss: 0.2480, Validation Set Manhattan Distance: 12.0, Mask Weight: 0.941
Epoch 868/20000, Train Loss: 0.2492, Validation Set Manhattan Distance: 12.0, Mask Weight: 0.941
Epoch 869/20000, Train Loss: 0.2471, Validation Set Manhattan Distance: 12.0, Mask Weight: 0.941
Epoch 870/20000, Train Loss: 0.2471, Validation Set Manhattan Distance: 12.0, Mask Weight: 0.941
Epoch 871/20000, Train Loss: 0.2491, Validation Set Manhattan Distance: 12.0, Mask Weight: 0.941
Epoch 872/20000, Train Loss: 0.2466, Validation Set Manhattan Distance: 12.0, Mask Weight: 0.941
Epoch 873/20000, Train Loss: 0.2480, Validation Set Manhattan Distance: 12.0, Mask Weight: 0.941
Epoch 874/20000, Train Loss: 0.2468, Validation Set Manhattan Distance: 12.0, Mask Weight: 0.941
Epoch 875/20000, Train Loss: 0.2496, Validation Set Manhattan Distance: 12.0, Mask Weight: 0.941
Epoch 876/20000, Train Loss: 0.2485, Validation Set Manhattan Distance: 12.0, Mask Weight: 0.941
Epoch 877/20000, Train Loss: 0.2489, Validation Set Manhattan Distance: 12.0, Mask Weight: 0.941
Epoch 878/20000, Train Loss: 0.2526, Validation Set Manhattan Distance: 12.0, Mask Weight: 0.941
Epoch 879/20000, Train Loss: 0.2463, Validation Set Manhattan Distance: 12.0, Mask Weight: 0.941
Epoch 880/20000, Train Loss: 0.2491, Validation Set Manhattan Distance: 12.0, Mask Weight: 0.941
Epoch 881/20000, Train Loss: 0.2486, Validation Set Manhattan Distance: 12.0, Mask Weight: 0.941
Epoch 882/20000, Train Loss: 0.2483, Validation Set Manhattan Distance: 12.0, Mask Weight: 0.941
Epoch 883/20000, Train Loss: 0.2484, Validation Set Manhattan Distance: 12.0, Mask Weight: 0.941
Epoch 884/20000, Train Loss: 0.2478, Validation Set Manhattan Distance: 12.0, Mask Weight: 0.941
Epoch 885/20000, Train Loss: 0.2493, Validation Set Manhattan Distance: 12.0, Mask Weight: 0.941
Epoch 886/20000, Train Loss: 0.2486, Validation Set Manhattan Distance: 12.0, Mask Weight: 0.941
Epoch 887/20000, Train Loss: 0.2500, Validation Set Manhattan Distance: 12.0, Mask Weight: 0.941
Epoch 888/20000, Train Loss: 0.2513, Validation Set Manhattan Distance: 12.0, Mask Weight: 0.941
Epoch 889/20000, Train Loss: 0.2494, Validation Set Manhattan Distance: 12.0, Mask Weight: 0.941
Epoch 890/20000, Train Loss: 0.2504, Validation Set Manhattan Distance: 12.0, Mask Weight: 0.941
Epoch 891/20000, Train Loss: 0.2511, Validation Set Manhattan Distance: 12.0, Mask Weight: 0.941
Epoch 892/20000, Train Loss: 0.2493, Validation Set Manhattan Distance: 12.0, Mask Weight: 0.941
Epoch 893/20000, Train Loss: 0.2488, Validation Set Manhattan Distance: 12.0, Mask Weight: 0.941
Epoch 894/20000, Train Loss: 0.2474, Validation Set Manhattan Distance: 12.0, Mask Weight: 0.941
Epoch 895/20000, Train Loss: 0.2471, Validation Set Manhattan Distance: 12.0, Mask Weight: 0.941
Epoch 896/20000, Train Loss: 0.2489, Validation Set Manhattan Distance: 12.0, Mask Weight: 0.941
Epoch 897/20000, Train Loss: 0.2477, Validation Set Manhattan Distance: 12.0, Mask Weight: 0.941
Epoch 898/20000, Train Loss: 0.2460, Validation Set Manhattan Distance: 12.0, Mask Weight: 0.941
Epoch 899/20000, Train Loss: 0.2466, Validation Set Manhattan Distance: 12.0, Mask Weight: 0.941
Epoch 900/20000, Train Loss: 0.2480, Validation Set Manhattan Distance: 12.0, Mask Weight: 0.941
Epoch 901/20000, Train Loss: 0.2474, Validation Set Manhattan Distance: 12.0, Mask Weight: 0.941
Epoch 902/20000, Train Loss: 0.2470, Validation Set Manhattan Distance: 12.0, Mask Weight: 0.941
Epoch 903/20000, Train Loss: 0.2478, Validation Set Manhattan Distance: 12.0, Mask Weight: 0.941
Epoch 904/20000, Train Loss: 0.2467, Validation Set Manhattan Distance: 12.0, Mask Weight: 0.941
Epoch 905/20000, Train Loss: 0.2467, Validation Set Manhattan Distance: 12.0, Mask Weight: 0.941
Epoch 906/20000, Train Loss: 0.4660, Validation Set Manhattan Distance: 12.0, Mask Weight: 0.941
Epoch 907/20000, Train Loss: 0.8067, Validation Set Manhattan Distance: 12.0, Mask Weight: 0.941
Epoch 908/20000, Train Loss: 0.5753, Validation Set Manhattan Distance: 12.0, Mask Weight: 0.941
Epoch 909/20000, Train Loss: 0.4899, Validation Set Manhattan Distance: 12.0, Mask Weight: 0.941
Epoch 910/20000, Train Loss: 0.4588, Validation Set Manhattan Distance: 12.0, Mask Weight: 0.941
Epoch 911/20000, Train Loss: 0.4316, Validation Set Manhattan Distance: 12.0, Mask Weight: 0.941
Epoch 912/20000, Train Loss: 0.4230, Validation Set Manhattan Distance: 12.0, Mask Weight: 0.941
Epoch 913/20000, Train Loss: 0.3980, Validation Set Manhattan Distance: 12.0, Mask Weight: 0.941
Epoch 914/20000, Train Loss: 0.3499, Validation Set Manhattan Distance: 12.0, Mask Weight: 0.941
Epoch 915/20000, Train Loss: 0.2838, Validation Set Manhattan Distance: 12.0, Mask Weight: 0.941
Epoch 916/20000, Train Loss: 0.6095, Validation Set Manhattan Distance: 12.0, Mask Weight: 0.941
Epoch 917/20000, Train Loss: 0.5464, Validation Set Manhattan Distance: 12.0, Mask Weight: 0.941
Epoch 918/20000, Train Loss: 0.4735, Validation Set Manhattan Distance: 12.0, Mask Weight: 0.941
Epoch 919/20000, Train Loss: 0.4573, Validation Set Manhattan Distance: 12.0, Mask Weight: 0.941
Epoch 920/20000, Train Loss: 0.4391, Validation Set Manhattan Distance: 12.0, Mask Weight: 0.941
Epoch 921/20000, Train Loss: 0.4353, Validation Set Manhattan Distance: 12.0, Mask Weight: 0.941
Epoch 922/20000, Train Loss: 0.4264, Validation Set Manhattan Distance: 12.0, Mask Weight: 0.941
Epoch 923/20000, Train Loss: 0.4242, Validation Set Manhattan Distance: 12.0, Mask Weight: 0.941
Epoch 924/20000, Train Loss: 0.4187, Validation Set Manhattan Distance: 12.0, Mask Weight: 0.941
Epoch 925/20000, Train Loss: 0.4176, Validation Set Manhattan Distance: 12.0, Mask Weight: 0.941
Epoch 926/20000, Train Loss: 0.4129, Validation Set Manhattan Distance: 12.0, Mask Weight: 0.941