Using device: cuda
Starting training with gradient-based adaptive weighted mask...
Epoch 1/20000, Train Loss: 55.0765, Validation Set Manhattan Distance: 12.0, Mask Weight: 1.000
  -> New best Validation Set Manhattan Distance: 12.0. Model saved.
Epoch 2/20000, Train Loss: 40.4000, Validation Set Manhattan Distance: 12.0, Mask Weight: 1.000
Epoch 3/20000, Train Loss: 32.7907, Validation Set Manhattan Distance: 12.0, Mask Weight: 1.000
Epoch 4/20000, Train Loss: 27.4219, Validation Set Manhattan Distance: 12.0, Mask Weight: 1.000
Epoch 5/20000, Train Loss: 22.7964, Validation Set Manhattan Distance: 12.0, Mask Weight: 1.000
Epoch 6/20000, Train Loss: 19.0879, Validation Set Manhattan Distance: 12.0, Mask Weight: 1.000
Epoch 7/20000, Train Loss: 15.9665, Validation Set Manhattan Distance: 12.0, Mask Weight: 1.000
Epoch 8/20000, Train Loss: 13.3173, Validation Set Manhattan Distance: 12.0, Mask Weight: 1.000
Epoch 9/20000, Train Loss: 11.0638, Validation Set Manhattan Distance: 12.0, Mask Weight: 1.000
Epoch 10/20000, Train Loss: 9.1510, Validation Set Manhattan Distance: 12.0, Mask Weight: 1.000
Epoch 11/20000, Train Loss: 7.5422, Validation Set Manhattan Distance: 12.0, Mask Weight: 1.000
Epoch 12/20000, Train Loss: 6.1964, Validation Set Manhattan Distance: 12.0, Mask Weight: 1.000
Epoch 13/20000, Train Loss: 5.0770, Validation Set Manhattan Distance: 12.0, Mask Weight: 1.000
Epoch 14/20000, Train Loss: 4.1484, Validation Set Manhattan Distance: 12.0, Mask Weight: 1.000
Epoch 15/20000, Train Loss: 3.3814, Validation Set Manhattan Distance: 12.0, Mask Weight: 1.000
Epoch 16/20000, Train Loss: 2.7492, Validation Set Manhattan Distance: 12.0, Mask Weight: 1.000
Epoch 17/20000, Train Loss: 2.2303, Validation Set Manhattan Distance: 12.0, Mask Weight: 1.000
Epoch 18/20000, Train Loss: 1.8052, Validation Set Manhattan Distance: 12.0, Mask Weight: 1.000
Epoch 19/20000, Train Loss: 1.4582, Validation Set Manhattan Distance: 12.0, Mask Weight: 1.000
Epoch 20/20000, Train Loss: 1.1759, Validation Set Manhattan Distance: 12.0, Mask Weight: 1.000
Epoch 21/20000, Train Loss: 0.9477, Validation Set Manhattan Distance: 12.0, Mask Weight: 1.000
Epoch 22/20000, Train Loss: 0.7609, Validation Set Manhattan Distance: 12.0, Mask Weight: 1.000
Epoch 23/20000, Train Loss: 0.6094, Validation Set Manhattan Distance: 12.0, Mask Weight: 1.000
Epoch 24/20000, Train Loss: 0.4881, Validation Set Manhattan Distance: 12.0, Mask Weight: 1.000
Epoch 25/20000, Train Loss: 0.3902, Validation Set Manhattan Distance: 12.0, Mask Weight: 1.000
Epoch 26/20000, Train Loss: 0.3121, Validation Set Manhattan Distance: 12.0, Mask Weight: 1.000
Epoch 27/20000, Train Loss: 0.2495, Validation Set Manhattan Distance: 12.0, Mask Weight: 1.000
Epoch 28/20000, Train Loss: 0.1985, Validation Set Manhattan Distance: 12.0, Mask Weight: 1.000
Epoch 29/20000, Train Loss: 0.1588, Validation Set Manhattan Distance: 12.0, Mask Weight: 1.000
Epoch 30/20000, Train Loss: 0.1273, Validation Set Manhattan Distance: 12.0, Mask Weight: 1.000
Epoch 31/20000, Train Loss: 0.1013, Validation Set Manhattan Distance: 12.0, Mask Weight: 1.000
  -> Train loss below 0.1. Mask weight reduction is now enabled.
Epoch 32/20000, Train Loss: 0.0812, Validation Set Manhattan Distance: 12.0, Mask Weight: 1.000
  -> Validation Set Manhattan Distance did not improve for 10 epochs.
  -> Unmasked Loss (Gradient Magnitude): 1.7370, Calculated Decrement: 0.0029
  -> Reducing mask weight to 0.997.
  -> Mask weight reduction is now disabled until train loss is below 0.001 again.
Epoch 33/20000, Train Loss: 0.2836, Validation Set Manhattan Distance: 12.0, Mask Weight: 0.997
  -> Train loss below 0.1. Mask weight reduction is now enabled.
Epoch 34/20000, Train Loss: 0.0818, Validation Set Manhattan Distance: 12.0, Mask Weight: 0.997
Epoch 35/20000, Train Loss: 0.0738, Validation Set Manhattan Distance: 12.0, Mask Weight: 0.997
Epoch 36/20000, Train Loss: 0.0644, Validation Set Manhattan Distance: 12.0, Mask Weight: 0.997
Epoch 37/20000, Train Loss: 0.0580, Validation Set Manhattan Distance: 12.0, Mask Weight: 0.997
Epoch 38/20000, Train Loss: 0.0539, Validation Set Manhattan Distance: 12.0, Mask Weight: 0.997
Epoch 39/20000, Train Loss: 0.0501, Validation Set Manhattan Distance: 12.0, Mask Weight: 0.997
Epoch 40/20000, Train Loss: 0.0468, Validation Set Manhattan Distance: 12.0, Mask Weight: 0.997
Epoch 41/20000, Train Loss: 0.0430, Validation Set Manhattan Distance: 12.0, Mask Weight: 0.997
Epoch 42/20000, Train Loss: 0.0413, Validation Set Manhattan Distance: 12.0, Mask Weight: 0.997
  -> Validation Set Manhattan Distance did not improve for 10 epochs.
  -> Unmasked Loss (Gradient Magnitude): 0.0958, Calculated Decrement: 0.0522
  -> Reducing mask weight to 0.945.
  -> Mask weight reduction is now disabled until train loss is below 0.001 again.
Epoch 43/20000, Train Loss: 0.5378, Validation Set Manhattan Distance: 12.0, Mask Weight: 0.945
Epoch 44/20000, Train Loss: 0.5292, Validation Set Manhattan Distance: 12.0, Mask Weight: 0.945
Epoch 45/20000, Train Loss: 0.5251, Validation Set Manhattan Distance: 12.0, Mask Weight: 0.945
Epoch 46/20000, Train Loss: 0.5214, Validation Set Manhattan Distance: 12.0, Mask Weight: 0.945
Epoch 47/20000, Train Loss: 0.5178, Validation Set Manhattan Distance: 12.0, Mask Weight: 0.945
Epoch 48/20000, Train Loss: 0.5145, Validation Set Manhattan Distance: 12.0, Mask Weight: 0.945
Epoch 49/20000, Train Loss: 0.5151, Validation Set Manhattan Distance: 12.0, Mask Weight: 0.945
Epoch 50/20000, Train Loss: 0.5125, Validation Set Manhattan Distance: 12.0, Mask Weight: 0.945
Epoch 51/20000, Train Loss: 0.5115, Validation Set Manhattan Distance: 12.0, Mask Weight: 0.945
Epoch 52/20000, Train Loss: 0.5097, Validation Set Manhattan Distance: 12.0, Mask Weight: 0.945
Epoch 53/20000, Train Loss: 0.5068, Validation Set Manhattan Distance: 12.0, Mask Weight: 0.945
Epoch 54/20000, Train Loss: 0.5038, Validation Set Manhattan Distance: 12.0, Mask Weight: 0.945
Epoch 55/20000, Train Loss: 0.5031, Validation Set Manhattan Distance: 12.0, Mask Weight: 0.945
Epoch 56/20000, Train Loss: 0.4995, Validation Set Manhattan Distance: 12.0, Mask Weight: 0.945
Epoch 57/20000, Train Loss: 0.4961, Validation Set Manhattan Distance: 12.0, Mask Weight: 0.945
Epoch 58/20000, Train Loss: 0.4818, Validation Set Manhattan Distance: 12.0, Mask Weight: 0.945
Epoch 59/20000, Train Loss: 0.4743, Validation Set Manhattan Distance: 12.0, Mask Weight: 0.945
Epoch 60/20000, Train Loss: 0.4520, Validation Set Manhattan Distance: 12.0, Mask Weight: 0.945
Epoch 61/20000, Train Loss: 0.4266, Validation Set Manhattan Distance: 12.0, Mask Weight: 0.945
Epoch 62/20000, Train Loss: 0.4016, Validation Set Manhattan Distance: 12.0, Mask Weight: 0.945
Epoch 63/20000, Train Loss: 0.3720, Validation Set Manhattan Distance: 12.0, Mask Weight: 0.945
Epoch 64/20000, Train Loss: 0.3547, Validation Set Manhattan Distance: 12.0, Mask Weight: 0.945
Epoch 65/20000, Train Loss: 0.3365, Validation Set Manhattan Distance: 12.0, Mask Weight: 0.945
Epoch 66/20000, Train Loss: 0.3776, Validation Set Manhattan Distance: 12.0, Mask Weight: 0.945
Epoch 67/20000, Train Loss: 0.3419, Validation Set Manhattan Distance: 12.0, Mask Weight: 0.945
Epoch 68/20000, Train Loss: 0.3458, Validation Set Manhattan Distance: 12.0, Mask Weight: 0.945
Epoch 69/20000, Train Loss: 0.3447, Validation Set Manhattan Distance: 12.0, Mask Weight: 0.945
Epoch 70/20000, Train Loss: 0.3436, Validation Set Manhattan Distance: 12.0, Mask Weight: 0.945
Epoch 71/20000, Train Loss: 0.3311, Validation Set Manhattan Distance: 12.0, Mask Weight: 0.945
Epoch 72/20000, Train Loss: 0.3139, Validation Set Manhattan Distance: 12.0, Mask Weight: 0.945
Epoch 73/20000, Train Loss: 0.3130, Validation Set Manhattan Distance: 12.0, Mask Weight: 0.945
Epoch 74/20000, Train Loss: 0.3016, Validation Set Manhattan Distance: 12.0, Mask Weight: 0.945
Epoch 75/20000, Train Loss: 0.3018, Validation Set Manhattan Distance: 12.0, Mask Weight: 0.945
Epoch 76/20000, Train Loss: 0.2893, Validation Set Manhattan Distance: 12.0, Mask Weight: 0.945
Epoch 77/20000, Train Loss: 0.2867, Validation Set Manhattan Distance: 12.0, Mask Weight: 0.945
Epoch 78/20000, Train Loss: 0.3125, Validation Set Manhattan Distance: 12.0, Mask Weight: 0.945
Epoch 79/20000, Train Loss: 0.3526, Validation Set Manhattan Distance: 12.0, Mask Weight: 0.945
Epoch 80/20000, Train Loss: 0.3078, Validation Set Manhattan Distance: 12.0, Mask Weight: 0.945
Epoch 81/20000, Train Loss: 0.3019, Validation Set Manhattan Distance: 12.0, Mask Weight: 0.945
Epoch 82/20000, Train Loss: 0.3044, Validation Set Manhattan Distance: 12.0, Mask Weight: 0.945
Epoch 83/20000, Train Loss: 0.3019, Validation Set Manhattan Distance: 12.0, Mask Weight: 0.945
Epoch 84/20000, Train Loss: 0.2998, Validation Set Manhattan Distance: 12.0, Mask Weight: 0.945
Epoch 85/20000, Train Loss: 0.3273, Validation Set Manhattan Distance: 12.0, Mask Weight: 0.945
Epoch 86/20000, Train Loss: 0.3319, Validation Set Manhattan Distance: 12.0, Mask Weight: 0.945
Epoch 87/20000, Train Loss: 0.3089, Validation Set Manhattan Distance: 12.0, Mask Weight: 0.945
Epoch 88/20000, Train Loss: 0.2898, Validation Set Manhattan Distance: 12.0, Mask Weight: 0.945
Epoch 89/20000, Train Loss: 0.2869, Validation Set Manhattan Distance: 12.0, Mask Weight: 0.945
Epoch 90/20000, Train Loss: 0.2791, Validation Set Manhattan Distance: 12.0, Mask Weight: 0.945
Epoch 91/20000, Train Loss: 0.2734, Validation Set Manhattan Distance: 12.0, Mask Weight: 0.945
Epoch 92/20000, Train Loss: 0.2673, Validation Set Manhattan Distance: 12.0, Mask Weight: 0.945
Epoch 93/20000, Train Loss: 0.2631, Validation Set Manhattan Distance: 12.0, Mask Weight: 0.945
Epoch 94/20000, Train Loss: 0.2577, Validation Set Manhattan Distance: 12.0, Mask Weight: 0.945
Epoch 95/20000, Train Loss: 0.2591, Validation Set Manhattan Distance: 12.0, Mask Weight: 0.945
Epoch 96/20000, Train Loss: 0.2623, Validation Set Manhattan Distance: 12.0, Mask Weight: 0.945
Epoch 97/20000, Train Loss: 0.2757, Validation Set Manhattan Distance: 12.0, Mask Weight: 0.945
Epoch 98/20000, Train Loss: 0.2790, Validation Set Manhattan Distance: 12.0, Mask Weight: 0.945
Epoch 99/20000, Train Loss: 0.3152, Validation Set Manhattan Distance: 12.0, Mask Weight: 0.945
Epoch 100/20000, Train Loss: 0.2659, Validation Set Manhattan Distance: 12.0, Mask Weight: 0.945
Epoch 101/20000, Train Loss: 0.2634, Validation Set Manhattan Distance: 12.0, Mask Weight: 0.945
Epoch 102/20000, Train Loss: 0.2515, Validation Set Manhattan Distance: 12.0, Mask Weight: 0.945
Epoch 103/20000, Train Loss: 0.2526, Validation Set Manhattan Distance: 12.0, Mask Weight: 0.945
Epoch 104/20000, Train Loss: 0.2572, Validation Set Manhattan Distance: 12.0, Mask Weight: 0.945
Epoch 105/20000, Train Loss: 0.2510, Validation Set Manhattan Distance: 12.0, Mask Weight: 0.945
Epoch 106/20000, Train Loss: 0.2580, Validation Set Manhattan Distance: 12.0, Mask Weight: 0.945
Epoch 107/20000, Train Loss: 0.2760, Validation Set Manhattan Distance: 12.0, Mask Weight: 0.945
Epoch 108/20000, Train Loss: 0.2640, Validation Set Manhattan Distance: 12.0, Mask Weight: 0.945
Epoch 109/20000, Train Loss: 0.3159, Validation Set Manhattan Distance: 12.0, Mask Weight: 0.945
Epoch 110/20000, Train Loss: 0.2696, Validation Set Manhattan Distance: 12.0, Mask Weight: 0.945
Epoch 111/20000, Train Loss: 0.2647, Validation Set Manhattan Distance: 12.0, Mask Weight: 0.945
Epoch 112/20000, Train Loss: 0.2687, Validation Set Manhattan Distance: 12.0, Mask Weight: 0.945
Epoch 113/20000, Train Loss: 0.2513, Validation Set Manhattan Distance: 12.0, Mask Weight: 0.945
Epoch 114/20000, Train Loss: 0.2577, Validation Set Manhattan Distance: 12.0, Mask Weight: 0.945
Epoch 115/20000, Train Loss: 0.2455, Validation Set Manhattan Distance: 12.0, Mask Weight: 0.945
Epoch 116/20000, Train Loss: 0.2484, Validation Set Manhattan Distance: 12.0, Mask Weight: 0.945
Epoch 117/20000, Train Loss: 0.2522, Validation Set Manhattan Distance: 12.0, Mask Weight: 0.945
Epoch 118/20000, Train Loss: 0.2475, Validation Set Manhattan Distance: 12.0, Mask Weight: 0.945
Epoch 119/20000, Train Loss: 0.2437, Validation Set Manhattan Distance: 12.0, Mask Weight: 0.945
Epoch 120/20000, Train Loss: 0.2502, Validation Set Manhattan Distance: 12.0, Mask Weight: 0.945
Epoch 121/20000, Train Loss: 0.2481, Validation Set Manhattan Distance: 12.0, Mask Weight: 0.945
Epoch 122/20000, Train Loss: 0.2491, Validation Set Manhattan Distance: 12.0, Mask Weight: 0.945
Epoch 123/20000, Train Loss: 0.2537, Validation Set Manhattan Distance: 12.0, Mask Weight: 0.945
Epoch 124/20000, Train Loss: 0.2463, Validation Set Manhattan Distance: 12.0, Mask Weight: 0.945
Epoch 125/20000, Train Loss: 0.2453, Validation Set Manhattan Distance: 12.0, Mask Weight: 0.945
Epoch 126/20000, Train Loss: 0.2439, Validation Set Manhattan Distance: 12.0, Mask Weight: 0.945
Epoch 127/20000, Train Loss: 0.2431, Validation Set Manhattan Distance: 12.0, Mask Weight: 0.945
Epoch 128/20000, Train Loss: 0.2447, Validation Set Manhattan Distance: 12.0, Mask Weight: 0.945
Epoch 129/20000, Train Loss: 0.2443, Validation Set Manhattan Distance: 12.0, Mask Weight: 0.945
Epoch 130/20000, Train Loss: 0.2411, Validation Set Manhattan Distance: 12.0, Mask Weight: 0.945
Epoch 131/20000, Train Loss: 0.2413, Validation Set Manhattan Distance: 12.0, Mask Weight: 0.945
Epoch 132/20000, Train Loss: 0.2464, Validation Set Manhattan Distance: 12.0, Mask Weight: 0.945
Epoch 133/20000, Train Loss: 0.2711, Validation Set Manhattan Distance: 12.0, Mask Weight: 0.945
Epoch 134/20000, Train Loss: 0.3308, Validation Set Manhattan Distance: 12.0, Mask Weight: 0.945
Epoch 135/20000, Train Loss: 0.6329, Validation Set Manhattan Distance: 12.0, Mask Weight: 0.945
Epoch 136/20000, Train Loss: 0.4674, Validation Set Manhattan Distance: 12.0, Mask Weight: 0.945
Epoch 137/20000, Train Loss: 0.3585, Validation Set Manhattan Distance: 12.0, Mask Weight: 0.945
Epoch 138/20000, Train Loss: 0.3381, Validation Set Manhattan Distance: 12.0, Mask Weight: 0.945
Epoch 139/20000, Train Loss: 0.3239, Validation Set Manhattan Distance: 12.0, Mask Weight: 0.945
Epoch 140/20000, Train Loss: 0.3162, Validation Set Manhattan Distance: 12.0, Mask Weight: 0.945
Epoch 141/20000, Train Loss: 0.2965, Validation Set Manhattan Distance: 12.0, Mask Weight: 0.945
Epoch 142/20000, Train Loss: 0.2798, Validation Set Manhattan Distance: 12.0, Mask Weight: 0.945
Epoch 143/20000, Train Loss: 0.2641, Validation Set Manhattan Distance: 12.0, Mask Weight: 0.945
Epoch 144/20000, Train Loss: 0.2646, Validation Set Manhattan Distance: 12.0, Mask Weight: 0.945
Epoch 145/20000, Train Loss: 0.2551, Validation Set Manhattan Distance: 12.0, Mask Weight: 0.945
Epoch 146/20000, Train Loss: 0.2574, Validation Set Manhattan Distance: 12.0, Mask Weight: 0.945
Epoch 147/20000, Train Loss: 0.2569, Validation Set Manhattan Distance: 12.0, Mask Weight: 0.945
Epoch 148/20000, Train Loss: 0.2530, Validation Set Manhattan Distance: 12.0, Mask Weight: 0.945
Epoch 149/20000, Train Loss: 0.2460, Validation Set Manhattan Distance: 12.0, Mask Weight: 0.945
Epoch 150/20000, Train Loss: 0.2422, Validation Set Manhattan Distance: 12.0, Mask Weight: 0.945
Epoch 151/20000, Train Loss: 0.2409, Validation Set Manhattan Distance: 12.0, Mask Weight: 0.945
Epoch 152/20000, Train Loss: 0.2405, Validation Set Manhattan Distance: 12.0, Mask Weight: 0.945
Epoch 153/20000, Train Loss: 0.2395, Validation Set Manhattan Distance: 12.0, Mask Weight: 0.945
Epoch 154/20000, Train Loss: 0.2395, Validation Set Manhattan Distance: 12.0, Mask Weight: 0.945
Epoch 155/20000, Train Loss: 0.2383, Validation Set Manhattan Distance: 12.0, Mask Weight: 0.945
Epoch 156/20000, Train Loss: 0.2398, Validation Set Manhattan Distance: 12.0, Mask Weight: 0.945
Epoch 157/20000, Train Loss: 0.2385, Validation Set Manhattan Distance: 12.0, Mask Weight: 0.945
Epoch 158/20000, Train Loss: 0.2397, Validation Set Manhattan Distance: 12.0, Mask Weight: 0.945
Epoch 159/20000, Train Loss: 0.2393, Validation Set Manhattan Distance: 12.0, Mask Weight: 0.945
Epoch 160/20000, Train Loss: 0.2396, Validation Set Manhattan Distance: 12.0, Mask Weight: 0.945
Epoch 161/20000, Train Loss: 0.2398, Validation Set Manhattan Distance: 12.0, Mask Weight: 0.945
Epoch 162/20000, Train Loss: 0.2366, Validation Set Manhattan Distance: 12.0, Mask Weight: 0.945
Epoch 163/20000, Train Loss: 0.2371, Validation Set Manhattan Distance: 12.0, Mask Weight: 0.945
Epoch 164/20000, Train Loss: 0.2366, Validation Set Manhattan Distance: 12.0, Mask Weight: 0.945
Epoch 165/20000, Train Loss: 0.2409, Validation Set Manhattan Distance: 12.0, Mask Weight: 0.945
Epoch 166/20000, Train Loss: 0.2425, Validation Set Manhattan Distance: 12.0, Mask Weight: 0.945
Epoch 167/20000, Train Loss: 0.2501, Validation Set Manhattan Distance: 12.0, Mask Weight: 0.945
Epoch 168/20000, Train Loss: 0.2435, Validation Set Manhattan Distance: 12.0, Mask Weight: 0.945
Epoch 169/20000, Train Loss: 0.2409, Validation Set Manhattan Distance: 12.0, Mask Weight: 0.945
Epoch 170/20000, Train Loss: 0.2383, Validation Set Manhattan Distance: 12.0, Mask Weight: 0.945
Epoch 171/20000, Train Loss: 0.2375, Validation Set Manhattan Distance: 12.0, Mask Weight: 0.945
Epoch 172/20000, Train Loss: 0.2368, Validation Set Manhattan Distance: 12.0, Mask Weight: 0.945
Epoch 173/20000, Train Loss: 0.2391, Validation Set Manhattan Distance: 12.0, Mask Weight: 0.945
Epoch 174/20000, Train Loss: 0.2385, Validation Set Manhattan Distance: 12.0, Mask Weight: 0.945
Epoch 175/20000, Train Loss: 0.2376, Validation Set Manhattan Distance: 12.0, Mask Weight: 0.945
Epoch 176/20000, Train Loss: 0.2383, Validation Set Manhattan Distance: 12.0, Mask Weight: 0.945
Epoch 177/20000, Train Loss: 0.2396, Validation Set Manhattan Distance: 12.0, Mask Weight: 0.945
Epoch 178/20000, Train Loss: 0.2379, Validation Set Manhattan Distance: 12.0, Mask Weight: 0.945
Epoch 179/20000, Train Loss: 0.2372, Validation Set Manhattan Distance: 12.0, Mask Weight: 0.945
Epoch 180/20000, Train Loss: 0.2402, Validation Set Manhattan Distance: 12.0, Mask Weight: 0.945
Epoch 181/20000, Train Loss: 0.2392, Validation Set Manhattan Distance: 12.0, Mask Weight: 0.945
Epoch 182/20000, Train Loss: 0.2359, Validation Set Manhattan Distance: 12.0, Mask Weight: 0.945
Epoch 183/20000, Train Loss: 0.2364, Validation Set Manhattan Distance: 12.0, Mask Weight: 0.945
Epoch 184/20000, Train Loss: 0.2363, Validation Set Manhattan Distance: 12.0, Mask Weight: 0.945
Epoch 185/20000, Train Loss: 0.2368, Validation Set Manhattan Distance: 12.0, Mask Weight: 0.945
Epoch 186/20000, Train Loss: 0.2350, Validation Set Manhattan Distance: 12.0, Mask Weight: 0.945
Epoch 187/20000, Train Loss: 0.2384, Validation Set Manhattan Distance: 12.0, Mask Weight: 0.945
Epoch 188/20000, Train Loss: 0.2405, Validation Set Manhattan Distance: 12.0, Mask Weight: 0.945
Epoch 189/20000, Train Loss: 0.2372, Validation Set Manhattan Distance: 12.0, Mask Weight: 0.945
Epoch 190/20000, Train Loss: 0.2373, Validation Set Manhattan Distance: 12.0, Mask Weight: 0.945
Epoch 191/20000, Train Loss: 0.2392, Validation Set Manhattan Distance: 12.0, Mask Weight: 0.945
Epoch 192/20000, Train Loss: 0.2401, Validation Set Manhattan Distance: 12.0, Mask Weight: 0.945
Epoch 193/20000, Train Loss: 0.2397, Validation Set Manhattan Distance: 12.0, Mask Weight: 0.945
Epoch 194/20000, Train Loss: 0.2374, Validation Set Manhattan Distance: 12.0, Mask Weight: 0.945
Epoch 195/20000, Train Loss: 0.2356, Validation Set Manhattan Distance: 12.0, Mask Weight: 0.945
Epoch 196/20000, Train Loss: 0.2363, Validation Set Manhattan Distance: 12.0, Mask Weight: 0.945
Epoch 197/20000, Train Loss: 0.2359, Validation Set Manhattan Distance: 12.0, Mask Weight: 0.945
Epoch 198/20000, Train Loss: 0.2349, Validation Set Manhattan Distance: 12.0, Mask Weight: 0.945
Epoch 199/20000, Train Loss: 0.2368, Validation Set Manhattan Distance: 12.0, Mask Weight: 0.945
Epoch 200/20000, Train Loss: 0.2373, Validation Set Manhattan Distance: 12.0, Mask Weight: 0.945
Epoch 201/20000, Train Loss: 0.2395, Validation Set Manhattan Distance: 12.0, Mask Weight: 0.945
Epoch 202/20000, Train Loss: 0.2428, Validation Set Manhattan Distance: 12.0, Mask Weight: 0.945
Epoch 203/20000, Train Loss: 0.2438, Validation Set Manhattan Distance: 12.0, Mask Weight: 0.945
Epoch 204/20000, Train Loss: 0.2419, Validation Set Manhattan Distance: 12.0, Mask Weight: 0.945
Epoch 205/20000, Train Loss: 0.2443, Validation Set Manhattan Distance: 12.0, Mask Weight: 0.945
Epoch 206/20000, Train Loss: 0.2437, Validation Set Manhattan Distance: 12.0, Mask Weight: 0.945
Epoch 207/20000, Train Loss: 0.2381, Validation Set Manhattan Distance: 12.0, Mask Weight: 0.945
Epoch 208/20000, Train Loss: 0.2338, Validation Set Manhattan Distance: 12.0, Mask Weight: 0.945
Epoch 209/20000, Train Loss: 0.2369, Validation Set Manhattan Distance: 12.0, Mask Weight: 0.945
Epoch 210/20000, Train Loss: 0.2356, Validation Set Manhattan Distance: 12.0, Mask Weight: 0.945
Epoch 211/20000, Train Loss: 0.2339, Validation Set Manhattan Distance: 12.0, Mask Weight: 0.945
Epoch 212/20000, Train Loss: 0.2336, Validation Set Manhattan Distance: 12.0, Mask Weight: 0.945
Epoch 213/20000, Train Loss: 0.2356, Validation Set Manhattan Distance: 12.0, Mask Weight: 0.945
Epoch 214/20000, Train Loss: 0.2336, Validation Set Manhattan Distance: 12.0, Mask Weight: 0.945
Epoch 215/20000, Train Loss: 0.2349, Validation Set Manhattan Distance: 12.0, Mask Weight: 0.945
Epoch 216/20000, Train Loss: 0.2358, Validation Set Manhattan Distance: 12.0, Mask Weight: 0.945
Epoch 217/20000, Train Loss: 0.2335, Validation Set Manhattan Distance: 12.0, Mask Weight: 0.945
Epoch 218/20000, Train Loss: 0.2333, Validation Set Manhattan Distance: 12.0, Mask Weight: 0.945
Epoch 219/20000, Train Loss: 0.2368, Validation Set Manhattan Distance: 12.0, Mask Weight: 0.945
Epoch 220/20000, Train Loss: 0.2383, Validation Set Manhattan Distance: 12.0, Mask Weight: 0.945
Epoch 221/20000, Train Loss: 0.2348, Validation Set Manhattan Distance: 12.0, Mask Weight: 0.945
Epoch 222/20000, Train Loss: 0.2347, Validation Set Manhattan Distance: 12.0, Mask Weight: 0.945
Epoch 223/20000, Train Loss: 0.2337, Validation Set Manhattan Distance: 12.0, Mask Weight: 0.945
Epoch 224/20000, Train Loss: 0.2340, Validation Set Manhattan Distance: 12.0, Mask Weight: 0.945
Epoch 225/20000, Train Loss: 0.2377, Validation Set Manhattan Distance: 12.0, Mask Weight: 0.945
Epoch 226/20000, Train Loss: 0.2388, Validation Set Manhattan Distance: 12.0, Mask Weight: 0.945
Epoch 227/20000, Train Loss: 0.2383, Validation Set Manhattan Distance: 12.0, Mask Weight: 0.945
Epoch 228/20000, Train Loss: 0.2361, Validation Set Manhattan Distance: 12.0, Mask Weight: 0.945
Epoch 229/20000, Train Loss: 0.2357, Validation Set Manhattan Distance: 12.0, Mask Weight: 0.945
Epoch 230/20000, Train Loss: 0.2341, Validation Set Manhattan Distance: 12.0, Mask Weight: 0.945
Epoch 231/20000, Train Loss: 0.2336, Validation Set Manhattan Distance: 12.0, Mask Weight: 0.945
Epoch 232/20000, Train Loss: 0.2355, Validation Set Manhattan Distance: 12.0, Mask Weight: 0.945
Epoch 233/20000, Train Loss: 0.2347, Validation Set Manhattan Distance: 12.0, Mask Weight: 0.945
Epoch 234/20000, Train Loss: 0.2368, Validation Set Manhattan Distance: 12.0, Mask Weight: 0.945
Epoch 235/20000, Train Loss: 0.2369, Validation Set Manhattan Distance: 12.0, Mask Weight: 0.945
Epoch 236/20000, Train Loss: 0.2352, Validation Set Manhattan Distance: 12.0, Mask Weight: 0.945
Epoch 237/20000, Train Loss: 0.2352, Validation Set Manhattan Distance: 12.0, Mask Weight: 0.945
Epoch 238/20000, Train Loss: 0.2331, Validation Set Manhattan Distance: 12.0, Mask Weight: 0.945
Epoch 239/20000, Train Loss: 0.2355, Validation Set Manhattan Distance: 12.0, Mask Weight: 0.945
Epoch 240/20000, Train Loss: 0.2374, Validation Set Manhattan Distance: 12.0, Mask Weight: 0.945
Epoch 241/20000, Train Loss: 0.2354, Validation Set Manhattan Distance: 12.0, Mask Weight: 0.945
Epoch 242/20000, Train Loss: 0.2345, Validation Set Manhattan Distance: 12.0, Mask Weight: 0.945
Epoch 243/20000, Train Loss: 0.2361, Validation Set Manhattan Distance: 12.0, Mask Weight: 0.945
Epoch 244/20000, Train Loss: 0.2349, Validation Set Manhattan Distance: 12.0, Mask Weight: 0.945
Epoch 245/20000, Train Loss: 0.2354, Validation Set Manhattan Distance: 12.0, Mask Weight: 0.945
Epoch 246/20000, Train Loss: 0.2354, Validation Set Manhattan Distance: 12.0, Mask Weight: 0.945
Epoch 247/20000, Train Loss: 0.2351, Validation Set Manhattan Distance: 12.0, Mask Weight: 0.945
Epoch 248/20000, Train Loss: 0.2359, Validation Set Manhattan Distance: 12.0, Mask Weight: 0.945
Epoch 249/20000, Train Loss: 0.2355, Validation Set Manhattan Distance: 12.0, Mask Weight: 0.945
Epoch 250/20000, Train Loss: 0.2368, Validation Set Manhattan Distance: 12.0, Mask Weight: 0.945
Epoch 251/20000, Train Loss: 0.2363, Validation Set Manhattan Distance: 12.0, Mask Weight: 0.945
Epoch 252/20000, Train Loss: 0.2380, Validation Set Manhattan Distance: 12.0, Mask Weight: 0.945
Epoch 253/20000, Train Loss: 0.2392, Validation Set Manhattan Distance: 12.0, Mask Weight: 0.945
Epoch 254/20000, Train Loss: 0.2368, Validation Set Manhattan Distance: 12.0, Mask Weight: 0.945
Epoch 255/20000, Train Loss: 0.2370, Validation Set Manhattan Distance: 12.0, Mask Weight: 0.945
Epoch 256/20000, Train Loss: 0.2370, Validation Set Manhattan Distance: 12.0, Mask Weight: 0.945
Epoch 257/20000, Train Loss: 0.2357, Validation Set Manhattan Distance: 12.0, Mask Weight: 0.945
Epoch 258/20000, Train Loss: 0.2331, Validation Set Manhattan Distance: 12.0, Mask Weight: 0.945
Epoch 259/20000, Train Loss: 0.2331, Validation Set Manhattan Distance: 12.0, Mask Weight: 0.945
Epoch 260/20000, Train Loss: 0.2330, Validation Set Manhattan Distance: 12.0, Mask Weight: 0.945
Epoch 261/20000, Train Loss: 0.2334, Validation Set Manhattan Distance: 12.0, Mask Weight: 0.945
Epoch 262/20000, Train Loss: 0.2370, Validation Set Manhattan Distance: 12.0, Mask Weight: 0.945
Epoch 263/20000, Train Loss: 0.2347, Validation Set Manhattan Distance: 12.0, Mask Weight: 0.945
Epoch 264/20000, Train Loss: 0.2319, Validation Set Manhattan Distance: 12.0, Mask Weight: 0.945
Epoch 265/20000, Train Loss: 0.2336, Validation Set Manhattan Distance: 12.0, Mask Weight: 0.945
Epoch 266/20000, Train Loss: 0.2325, Validation Set Manhattan Distance: 12.0, Mask Weight: 0.945
Epoch 267/20000, Train Loss: 0.2354, Validation Set Manhattan Distance: 12.0, Mask Weight: 0.945
Epoch 268/20000, Train Loss: 0.2335, Validation Set Manhattan Distance: 12.0, Mask Weight: 0.945
Epoch 269/20000, Train Loss: 0.2361, Validation Set Manhattan Distance: 12.0, Mask Weight: 0.945
Epoch 270/20000, Train Loss: 0.2328, Validation Set Manhattan Distance: 12.0, Mask Weight: 0.945
Epoch 271/20000, Train Loss: 0.2330, Validation Set Manhattan Distance: 12.0, Mask Weight: 0.945
Epoch 272/20000, Train Loss: 0.2338, Validation Set Manhattan Distance: 12.0, Mask Weight: 0.945
Epoch 273/20000, Train Loss: 0.2340, Validation Set Manhattan Distance: 12.0, Mask Weight: 0.945
Epoch 274/20000, Train Loss: 0.2339, Validation Set Manhattan Distance: 12.0, Mask Weight: 0.945
Epoch 275/20000, Train Loss: 0.2324, Validation Set Manhattan Distance: 12.0, Mask Weight: 0.945
Epoch 276/20000, Train Loss: 0.2336, Validation Set Manhattan Distance: 12.0, Mask Weight: 0.945
Epoch 277/20000, Train Loss: 0.2324, Validation Set Manhattan Distance: 12.0, Mask Weight: 0.945
Epoch 278/20000, Train Loss: 0.2322, Validation Set Manhattan Distance: 12.0, Mask Weight: 0.945
Epoch 279/20000, Train Loss: 0.2332, Validation Set Manhattan Distance: 12.0, Mask Weight: 0.945
Epoch 280/20000, Train Loss: 0.2330, Validation Set Manhattan Distance: 12.0, Mask Weight: 0.945
Epoch 281/20000, Train Loss: 0.2311, Validation Set Manhattan Distance: 12.0, Mask Weight: 0.945
Epoch 282/20000, Train Loss: 0.2347, Validation Set Manhattan Distance: 12.0, Mask Weight: 0.945
Epoch 283/20000, Train Loss: 0.2356, Validation Set Manhattan Distance: 12.0, Mask Weight: 0.945
Epoch 284/20000, Train Loss: 0.2325, Validation Set Manhattan Distance: 12.0, Mask Weight: 0.945
Epoch 285/20000, Train Loss: 0.2336, Validation Set Manhattan Distance: 12.0, Mask Weight: 0.945
Epoch 286/20000, Train Loss: 0.2324, Validation Set Manhattan Distance: 12.0, Mask Weight: 0.945
Epoch 287/20000, Train Loss: 0.2331, Validation Set Manhattan Distance: 12.0, Mask Weight: 0.945
Epoch 288/20000, Train Loss: 0.2329, Validation Set Manhattan Distance: 12.0, Mask Weight: 0.945
Epoch 289/20000, Train Loss: 0.2326, Validation Set Manhattan Distance: 12.0, Mask Weight: 0.945
Epoch 290/20000, Train Loss: 0.2321, Validation Set Manhattan Distance: 12.0, Mask Weight: 0.945
Epoch 291/20000, Train Loss: 0.2329, Validation Set Manhattan Distance: 12.0, Mask Weight: 0.945
Epoch 292/20000, Train Loss: 0.2330, Validation Set Manhattan Distance: 12.0, Mask Weight: 0.945
Epoch 293/20000, Train Loss: 0.2337, Validation Set Manhattan Distance: 12.0, Mask Weight: 0.945
Epoch 294/20000, Train Loss: 0.2318, Validation Set Manhattan Distance: 12.0, Mask Weight: 0.945
Epoch 295/20000, Train Loss: 0.2331, Validation Set Manhattan Distance: 12.0, Mask Weight: 0.945
Epoch 296/20000, Train Loss: 0.2340, Validation Set Manhattan Distance: 12.0, Mask Weight: 0.945
Epoch 297/20000, Train Loss: 0.2346, Validation Set Manhattan Distance: 12.0, Mask Weight: 0.945
Epoch 298/20000, Train Loss: 0.2379, Validation Set Manhattan Distance: 12.0, Mask Weight: 0.945
Epoch 299/20000, Train Loss: 0.2361, Validation Set Manhattan Distance: 12.0, Mask Weight: 0.945
Epoch 300/20000, Train Loss: 0.2334, Validation Set Manhattan Distance: 12.0, Mask Weight: 0.945
Epoch 301/20000, Train Loss: 0.2344, Validation Set Manhattan Distance: 12.0, Mask Weight: 0.945
Epoch 302/20000, Train Loss: 0.2368, Validation Set Manhattan Distance: 12.0, Mask Weight: 0.945
Epoch 303/20000, Train Loss: 0.2344, Validation Set Manhattan Distance: 12.0, Mask Weight: 0.945
Epoch 304/20000, Train Loss: 0.2369, Validation Set Manhattan Distance: 12.0, Mask Weight: 0.945
Epoch 305/20000, Train Loss: 0.2368, Validation Set Manhattan Distance: 12.0, Mask Weight: 0.945
Epoch 306/20000, Train Loss: 0.2394, Validation Set Manhattan Distance: 12.0, Mask Weight: 0.945
Epoch 307/20000, Train Loss: 0.2402, Validation Set Manhattan Distance: 12.0, Mask Weight: 0.945
Epoch 308/20000, Train Loss: 0.2355, Validation Set Manhattan Distance: 12.0, Mask Weight: 0.945
Epoch 309/20000, Train Loss: 0.2344, Validation Set Manhattan Distance: 12.0, Mask Weight: 0.945
Epoch 310/20000, Train Loss: 0.2333, Validation Set Manhattan Distance: 12.0, Mask Weight: 0.945
Epoch 311/20000, Train Loss: 0.2327, Validation Set Manhattan Distance: 12.0, Mask Weight: 0.945
Epoch 312/20000, Train Loss: 0.2331, Validation Set Manhattan Distance: 12.0, Mask Weight: 0.945
Epoch 313/20000, Train Loss: 0.2320, Validation Set Manhattan Distance: 12.0, Mask Weight: 0.945
Epoch 314/20000, Train Loss: 0.2333, Validation Set Manhattan Distance: 12.0, Mask Weight: 0.945
Epoch 315/20000, Train Loss: 0.2306, Validation Set Manhattan Distance: 12.0, Mask Weight: 0.945
Epoch 316/20000, Train Loss: 0.2328, Validation Set Manhattan Distance: 12.0, Mask Weight: 0.945
Epoch 317/20000, Train Loss: 0.2339, Validation Set Manhattan Distance: 12.0, Mask Weight: 0.945
Epoch 318/20000, Train Loss: 0.2336, Validation Set Manhattan Distance: 12.0, Mask Weight: 0.945
Epoch 319/20000, Train Loss: 0.2334, Validation Set Manhattan Distance: 12.0, Mask Weight: 0.945
Epoch 320/20000, Train Loss: 0.2337, Validation Set Manhattan Distance: 12.0, Mask Weight: 0.945
Epoch 321/20000, Train Loss: 0.2335, Validation Set Manhattan Distance: 12.0, Mask Weight: 0.945
Epoch 322/20000, Train Loss: 0.2335, Validation Set Manhattan Distance: 12.0, Mask Weight: 0.945
Epoch 323/20000, Train Loss: 0.2337, Validation Set Manhattan Distance: 12.0, Mask Weight: 0.945
Epoch 324/20000, Train Loss: 0.2340, Validation Set Manhattan Distance: 12.0, Mask Weight: 0.945
Epoch 325/20000, Train Loss: 0.2346, Validation Set Manhattan Distance: 12.0, Mask Weight: 0.945
Epoch 326/20000, Train Loss: 0.2319, Validation Set Manhattan Distance: 12.0, Mask Weight: 0.945
Epoch 327/20000, Train Loss: 0.2330, Validation Set Manhattan Distance: 12.0, Mask Weight: 0.945
Epoch 328/20000, Train Loss: 0.2339, Validation Set Manhattan Distance: 12.0, Mask Weight: 0.945
Epoch 329/20000, Train Loss: 0.2332, Validation Set Manhattan Distance: 12.0, Mask Weight: 0.945
Epoch 330/20000, Train Loss: 0.2344, Validation Set Manhattan Distance: 12.0, Mask Weight: 0.945
Epoch 331/20000, Train Loss: 0.2324, Validation Set Manhattan Distance: 12.0, Mask Weight: 0.945
Epoch 332/20000, Train Loss: 0.2334, Validation Set Manhattan Distance: 12.0, Mask Weight: 0.945
Epoch 333/20000, Train Loss: 0.2342, Validation Set Manhattan Distance: 12.0, Mask Weight: 0.945
Epoch 334/20000, Train Loss: 0.2317, Validation Set Manhattan Distance: 12.0, Mask Weight: 0.945
Epoch 335/20000, Train Loss: 0.2316, Validation Set Manhattan Distance: 12.0, Mask Weight: 0.945
Epoch 336/20000, Train Loss: 0.2335, Validation Set Manhattan Distance: 12.0, Mask Weight: 0.945
Epoch 337/20000, Train Loss: 0.2325, Validation Set Manhattan Distance: 12.0, Mask Weight: 0.945
Epoch 338/20000, Train Loss: 0.2352, Validation Set Manhattan Distance: 12.0, Mask Weight: 0.945
Epoch 339/20000, Train Loss: 0.2324, Validation Set Manhattan Distance: 12.0, Mask Weight: 0.945
Epoch 340/20000, Train Loss: 0.2335, Validation Set Manhattan Distance: 12.0, Mask Weight: 0.945
Epoch 341/20000, Train Loss: 0.2322, Validation Set Manhattan Distance: 12.0, Mask Weight: 0.945
Epoch 342/20000, Train Loss: 0.2336, Validation Set Manhattan Distance: 12.0, Mask Weight: 0.945
Epoch 343/20000, Train Loss: 0.2329, Validation Set Manhattan Distance: 12.0, Mask Weight: 0.945
Epoch 344/20000, Train Loss: 0.2318, Validation Set Manhattan Distance: 12.0, Mask Weight: 0.945
Epoch 345/20000, Train Loss: 0.2326, Validation Set Manhattan Distance: 12.0, Mask Weight: 0.945
Epoch 346/20000, Train Loss: 0.2316, Validation Set Manhattan Distance: 12.0, Mask Weight: 0.945
Epoch 347/20000, Train Loss: 0.2331, Validation Set Manhattan Distance: 12.0, Mask Weight: 0.945
Epoch 348/20000, Train Loss: 0.2338, Validation Set Manhattan Distance: 12.0, Mask Weight: 0.945
Epoch 349/20000, Train Loss: 0.2331, Validation Set Manhattan Distance: 12.0, Mask Weight: 0.945
Epoch 350/20000, Train Loss: 0.2332, Validation Set Manhattan Distance: 12.0, Mask Weight: 0.945
Epoch 351/20000, Train Loss: 0.2343, Validation Set Manhattan Distance: 12.0, Mask Weight: 0.945
Epoch 352/20000, Train Loss: 0.2321, Validation Set Manhattan Distance: 12.0, Mask Weight: 0.945
Epoch 353/20000, Train Loss: 0.2321, Validation Set Manhattan Distance: 12.0, Mask Weight: 0.945
Epoch 354/20000, Train Loss: 0.2330, Validation Set Manhattan Distance: 12.0, Mask Weight: 0.945
Epoch 355/20000, Train Loss: 0.2326, Validation Set Manhattan Distance: 12.0, Mask Weight: 0.945
Epoch 356/20000, Train Loss: 0.2330, Validation Set Manhattan Distance: 12.0, Mask Weight: 0.945
Epoch 357/20000, Train Loss: 0.2357, Validation Set Manhattan Distance: 12.0, Mask Weight: 0.945
Epoch 358/20000, Train Loss: 0.2324, Validation Set Manhattan Distance: 12.0, Mask Weight: 0.945
Epoch 359/20000, Train Loss: 0.2368, Validation Set Manhattan Distance: 12.0, Mask Weight: 0.945
Epoch 360/20000, Train Loss: 0.2336, Validation Set Manhattan Distance: 12.0, Mask Weight: 0.945
Epoch 361/20000, Train Loss: 0.2376, Validation Set Manhattan Distance: 12.0, Mask Weight: 0.945
Epoch 362/20000, Train Loss: 0.2384, Validation Set Manhattan Distance: 12.0, Mask Weight: 0.945
Epoch 363/20000, Train Loss: 0.2354, Validation Set Manhattan Distance: 12.0, Mask Weight: 0.945
Epoch 364/20000, Train Loss: 0.2386, Validation Set Manhattan Distance: 12.0, Mask Weight: 0.945
Epoch 365/20000, Train Loss: 0.2355, Validation Set Manhattan Distance: 12.0, Mask Weight: 0.945
Epoch 366/20000, Train Loss: 0.2349, Validation Set Manhattan Distance: 12.0, Mask Weight: 0.945
Epoch 367/20000, Train Loss: 0.2340, Validation Set Manhattan Distance: 12.0, Mask Weight: 0.945
Epoch 368/20000, Train Loss: 0.2324, Validation Set Manhattan Distance: 12.0, Mask Weight: 0.945
Epoch 369/20000, Train Loss: 0.2328, Validation Set Manhattan Distance: 12.0, Mask Weight: 0.945
Epoch 370/20000, Train Loss: 0.2324, Validation Set Manhattan Distance: 12.0, Mask Weight: 0.945
Epoch 371/20000, Train Loss: 0.2326, Validation Set Manhattan Distance: 12.0, Mask Weight: 0.945
Epoch 372/20000, Train Loss: 0.2323, Validation Set Manhattan Distance: 12.0, Mask Weight: 0.945
Epoch 373/20000, Train Loss: 0.2328, Validation Set Manhattan Distance: 12.0, Mask Weight: 0.945
Epoch 374/20000, Train Loss: 0.2329, Validation Set Manhattan Distance: 12.0, Mask Weight: 0.945
Epoch 375/20000, Train Loss: 0.2317, Validation Set Manhattan Distance: 12.0, Mask Weight: 0.945
Epoch 376/20000, Train Loss: 0.2314, Validation Set Manhattan Distance: 12.0, Mask Weight: 0.945
Epoch 377/20000, Train Loss: 0.2316, Validation Set Manhattan Distance: 12.0, Mask Weight: 0.945
Epoch 378/20000, Train Loss: 0.2321, Validation Set Manhattan Distance: 12.0, Mask Weight: 0.945
Epoch 379/20000, Train Loss: 0.2317, Validation Set Manhattan Distance: 12.0, Mask Weight: 0.945
Epoch 380/20000, Train Loss: 0.2315, Validation Set Manhattan Distance: 12.0, Mask Weight: 0.945
Epoch 381/20000, Train Loss: 0.2309, Validation Set Manhattan Distance: 12.0, Mask Weight: 0.945
Epoch 382/20000, Train Loss: 0.2327, Validation Set Manhattan Distance: 12.0, Mask Weight: 0.945
Epoch 383/20000, Train Loss: 0.2319, Validation Set Manhattan Distance: 12.0, Mask Weight: 0.945
Epoch 384/20000, Train Loss: 0.2323, Validation Set Manhattan Distance: 12.0, Mask Weight: 0.945
Epoch 385/20000, Train Loss: 0.2320, Validation Set Manhattan Distance: 12.0, Mask Weight: 0.945
Epoch 386/20000, Train Loss: 0.2310, Validation Set Manhattan Distance: 12.0, Mask Weight: 0.945
Epoch 387/20000, Train Loss: 0.2330, Validation Set Manhattan Distance: 12.0, Mask Weight: 0.945
Epoch 388/20000, Train Loss: 0.2323, Validation Set Manhattan Distance: 12.0, Mask Weight: 0.945
Epoch 389/20000, Train Loss: 0.2323, Validation Set Manhattan Distance: 12.0, Mask Weight: 0.945
Epoch 390/20000, Train Loss: 0.2333, Validation Set Manhattan Distance: 12.0, Mask Weight: 0.945
Epoch 391/20000, Train Loss: 0.2316, Validation Set Manhattan Distance: 12.0, Mask Weight: 0.945
Epoch 392/20000, Train Loss: 0.2324, Validation Set Manhattan Distance: 12.0, Mask Weight: 0.945
Epoch 393/20000, Train Loss: 0.2316, Validation Set Manhattan Distance: 12.0, Mask Weight: 0.945
Epoch 394/20000, Train Loss: 0.2320, Validation Set Manhattan Distance: 12.0, Mask Weight: 0.945
Epoch 395/20000, Train Loss: 0.2319, Validation Set Manhattan Distance: 12.0, Mask Weight: 0.945
Epoch 396/20000, Train Loss: 0.2324, Validation Set Manhattan Distance: 12.0, Mask Weight: 0.945
Epoch 397/20000, Train Loss: 0.2335, Validation Set Manhattan Distance: 12.0, Mask Weight: 0.945
Epoch 398/20000, Train Loss: 0.2324, Validation Set Manhattan Distance: 12.0, Mask Weight: 0.945
Epoch 399/20000, Train Loss: 0.2330, Validation Set Manhattan Distance: 12.0, Mask Weight: 0.945
Epoch 400/20000, Train Loss: 0.2332, Validation Set Manhattan Distance: 12.0, Mask Weight: 0.945
Epoch 401/20000, Train Loss: 0.2344, Validation Set Manhattan Distance: 12.0, Mask Weight: 0.945
Epoch 402/20000, Train Loss: 0.2351, Validation Set Manhattan Distance: 12.0, Mask Weight: 0.945
Epoch 403/20000, Train Loss: 0.2358, Validation Set Manhattan Distance: 12.0, Mask Weight: 0.945
Epoch 404/20000, Train Loss: 0.2354, Validation Set Manhattan Distance: 12.0, Mask Weight: 0.945
Epoch 405/20000, Train Loss: 0.2341, Validation Set Manhattan Distance: 12.0, Mask Weight: 0.945
Epoch 406/20000, Train Loss: 0.2325, Validation Set Manhattan Distance: 12.0, Mask Weight: 0.945
Epoch 407/20000, Train Loss: 0.2314, Validation Set Manhattan Distance: 12.0, Mask Weight: 0.945
Epoch 408/20000, Train Loss: 0.2330, Validation Set Manhattan Distance: 12.0, Mask Weight: 0.945
Epoch 409/20000, Train Loss: 0.2332, Validation Set Manhattan Distance: 12.0, Mask Weight: 0.945
Epoch 410/20000, Train Loss: 0.2322, Validation Set Manhattan Distance: 12.0, Mask Weight: 0.945
Epoch 411/20000, Train Loss: 0.2315, Validation Set Manhattan Distance: 12.0, Mask Weight: 0.945
Epoch 412/20000, Train Loss: 0.2327, Validation Set Manhattan Distance: 12.0, Mask Weight: 0.945
Epoch 413/20000, Train Loss: 0.2329, Validation Set Manhattan Distance: 12.0, Mask Weight: 0.945
Epoch 414/20000, Train Loss: 0.2320, Validation Set Manhattan Distance: 12.0, Mask Weight: 0.945
Epoch 415/20000, Train Loss: 0.2321, Validation Set Manhattan Distance: 12.0, Mask Weight: 0.945
Epoch 416/20000, Train Loss: 0.2314, Validation Set Manhattan Distance: 12.0, Mask Weight: 0.945
Epoch 417/20000, Train Loss: 0.2322, Validation Set Manhattan Distance: 12.0, Mask Weight: 0.945