Using device: cuda
Starting training with gradient-based adaptive weighted mask...
Epoch 1/20000, Train Loss: 58.6278, Validation Set Manhattan Distance: 12.0, Mask Weight: 1.000
  -> New best Validation Set Manhattan Distance: 12.0. Model saved.
Epoch 2/20000, Train Loss: 44.4711, Validation Set Manhattan Distance: 12.0, Mask Weight: 1.000
Epoch 3/20000, Train Loss: 35.7007, Validation Set Manhattan Distance: 12.0, Mask Weight: 1.000
Epoch 4/20000, Train Loss: 29.1821, Validation Set Manhattan Distance: 12.0, Mask Weight: 1.000
Epoch 5/20000, Train Loss: 24.3597, Validation Set Manhattan Distance: 12.0, Mask Weight: 1.000
Epoch 6/20000, Train Loss: 20.5449, Validation Set Manhattan Distance: 12.0, Mask Weight: 1.000
Epoch 7/20000, Train Loss: 17.3587, Validation Set Manhattan Distance: 12.0, Mask Weight: 1.000
Epoch 8/20000, Train Loss: 14.6466, Validation Set Manhattan Distance: 12.0, Mask Weight: 1.000
Epoch 9/20000, Train Loss: 12.3380, Validation Set Manhattan Distance: 12.0, Mask Weight: 1.000
Epoch 10/20000, Train Loss: 10.3778, Validation Set Manhattan Distance: 12.0, Mask Weight: 1.000
Epoch 11/20000, Train Loss: 8.7184, Validation Set Manhattan Distance: 12.0, Mask Weight: 1.000
Epoch 12/20000, Train Loss: 7.3181, Validation Set Manhattan Distance: 12.0, Mask Weight: 1.000
Epoch 13/20000, Train Loss: 6.1334, Validation Set Manhattan Distance: 12.0, Mask Weight: 1.000
Epoch 14/20000, Train Loss: 5.1306, Validation Set Manhattan Distance: 12.0, Mask Weight: 1.000
Epoch 15/20000, Train Loss: 4.2851, Validation Set Manhattan Distance: 12.0, Mask Weight: 1.000
Epoch 16/20000, Train Loss: 3.5735, Validation Set Manhattan Distance: 12.0, Mask Weight: 1.000
Epoch 17/20000, Train Loss: 2.9751, Validation Set Manhattan Distance: 12.0, Mask Weight: 1.000
Epoch 18/20000, Train Loss: 2.4708, Validation Set Manhattan Distance: 12.0, Mask Weight: 1.000
Epoch 19/20000, Train Loss: 2.0499, Validation Set Manhattan Distance: 12.0, Mask Weight: 1.000
Epoch 20/20000, Train Loss: 1.6973, Validation Set Manhattan Distance: 12.0, Mask Weight: 1.000
Epoch 21/20000, Train Loss: 1.4055, Validation Set Manhattan Distance: 12.0, Mask Weight: 1.000
Epoch 22/20000, Train Loss: 1.1593, Validation Set Manhattan Distance: 12.0, Mask Weight: 1.000
Epoch 23/20000, Train Loss: 0.9549, Validation Set Manhattan Distance: 12.0, Mask Weight: 1.000
Epoch 24/20000, Train Loss: 0.7867, Validation Set Manhattan Distance: 12.0, Mask Weight: 1.000
Epoch 25/20000, Train Loss: 0.6453, Validation Set Manhattan Distance: 12.0, Mask Weight: 1.000
Epoch 26/20000, Train Loss: 0.5297, Validation Set Manhattan Distance: 12.0, Mask Weight: 1.000
Epoch 27/20000, Train Loss: 0.4359, Validation Set Manhattan Distance: 12.0, Mask Weight: 1.000
Epoch 28/20000, Train Loss: 0.3595, Validation Set Manhattan Distance: 12.0, Mask Weight: 1.000
Epoch 29/20000, Train Loss: 0.2935, Validation Set Manhattan Distance: 12.0, Mask Weight: 1.000
Epoch 30/20000, Train Loss: 0.2424, Validation Set Manhattan Distance: 12.0, Mask Weight: 1.000
Epoch 31/20000, Train Loss: 0.1969, Validation Set Manhattan Distance: 12.0, Mask Weight: 1.000
Epoch 32/20000, Train Loss: 0.1625, Validation Set Manhattan Distance: 12.0, Mask Weight: 1.000
Epoch 33/20000, Train Loss: 0.1345, Validation Set Manhattan Distance: 12.0, Mask Weight: 1.000
Epoch 34/20000, Train Loss: 0.1089, Validation Set Manhattan Distance: 12.0, Mask Weight: 1.000
  -> Train loss below 0.1. Mask weight reduction is now enabled.
Epoch 35/20000, Train Loss: 0.0915, Validation Set Manhattan Distance: 12.0, Mask Weight: 1.000
  -> Validation Set Manhattan Distance did not improve for 10 epochs.
  -> Unmasked Loss (Gradient Magnitude): 0.4277, Calculated Decrement: 0.0117
  -> Reducing mask weight to 0.988.
  -> Mask weight reduction is now disabled until train loss is below 0.001 again.
Epoch 36/20000, Train Loss: 0.2973, Validation Set Manhattan Distance: 12.0, Mask Weight: 0.988
Epoch 37/20000, Train Loss: 0.1791, Validation Set Manhattan Distance: 12.0, Mask Weight: 0.988
Epoch 38/20000, Train Loss: 0.1679, Validation Set Manhattan Distance: 12.0, Mask Weight: 0.988
Epoch 39/20000, Train Loss: 0.1581, Validation Set Manhattan Distance: 12.0, Mask Weight: 0.988
Epoch 40/20000, Train Loss: 0.1507, Validation Set Manhattan Distance: 12.0, Mask Weight: 0.988
Epoch 41/20000, Train Loss: 0.1449, Validation Set Manhattan Distance: 12.0, Mask Weight: 0.988
Epoch 42/20000, Train Loss: 0.1392, Validation Set Manhattan Distance: 12.0, Mask Weight: 0.988
Epoch 43/20000, Train Loss: 0.1370, Validation Set Manhattan Distance: 12.0, Mask Weight: 0.988
Epoch 44/20000, Train Loss: 0.1334, Validation Set Manhattan Distance: 12.0, Mask Weight: 0.988
Epoch 45/20000, Train Loss: 0.1290, Validation Set Manhattan Distance: 12.0, Mask Weight: 0.988
Epoch 46/20000, Train Loss: 0.1268, Validation Set Manhattan Distance: 12.0, Mask Weight: 0.988
Epoch 47/20000, Train Loss: 0.1254, Validation Set Manhattan Distance: 12.0, Mask Weight: 0.988
Epoch 48/20000, Train Loss: 0.1229, Validation Set Manhattan Distance: 12.0, Mask Weight: 0.988
Epoch 49/20000, Train Loss: 0.1227, Validation Set Manhattan Distance: 12.0, Mask Weight: 0.988
Epoch 50/20000, Train Loss: 0.1205, Validation Set Manhattan Distance: 12.0, Mask Weight: 0.988
Epoch 51/20000, Train Loss: 0.1204, Validation Set Manhattan Distance: 12.0, Mask Weight: 0.988
Epoch 52/20000, Train Loss: 0.1196, Validation Set Manhattan Distance: 12.0, Mask Weight: 0.988
Epoch 53/20000, Train Loss: 0.1188, Validation Set Manhattan Distance: 12.0, Mask Weight: 0.988
Epoch 54/20000, Train Loss: 0.1174, Validation Set Manhattan Distance: 12.0, Mask Weight: 0.988
Epoch 55/20000, Train Loss: 0.1167, Validation Set Manhattan Distance: 12.0, Mask Weight: 0.988
Epoch 56/20000, Train Loss: 0.1168, Validation Set Manhattan Distance: 12.0, Mask Weight: 0.988
Epoch 57/20000, Train Loss: 0.1164, Validation Set Manhattan Distance: 12.0, Mask Weight: 0.988
Epoch 58/20000, Train Loss: 0.1149, Validation Set Manhattan Distance: 12.0, Mask Weight: 0.988
Epoch 59/20000, Train Loss: 0.1142, Validation Set Manhattan Distance: 12.0, Mask Weight: 0.988
Epoch 60/20000, Train Loss: 0.1146, Validation Set Manhattan Distance: 12.0, Mask Weight: 0.988
Epoch 61/20000, Train Loss: 0.1137, Validation Set Manhattan Distance: 12.0, Mask Weight: 0.988
Epoch 62/20000, Train Loss: 0.1139, Validation Set Manhattan Distance: 12.0, Mask Weight: 0.988
Epoch 63/20000, Train Loss: 0.1122, Validation Set Manhattan Distance: 12.0, Mask Weight: 0.988
Epoch 64/20000, Train Loss: 0.1078, Validation Set Manhattan Distance: 12.0, Mask Weight: 0.988
Epoch 65/20000, Train Loss: 0.1040, Validation Set Manhattan Distance: 12.0, Mask Weight: 0.988
Epoch 66/20000, Train Loss: 0.1008, Validation Set Manhattan Distance: 12.0, Mask Weight: 0.988
  -> Train loss below 0.1. Mask weight reduction is now enabled.
Epoch 67/20000, Train Loss: 0.0980, Validation Set Manhattan Distance: 12.0, Mask Weight: 0.988
  -> Validation Set Manhattan Distance did not improve for 10 epochs.
  -> Unmasked Loss (Gradient Magnitude): 0.0763, Calculated Decrement: 0.0656
  -> Reducing mask weight to 0.923.
  -> Mask weight reduction is now disabled until train loss is below 0.001 again.
Epoch 68/20000, Train Loss: 0.5866, Validation Set Manhattan Distance: 12.0, Mask Weight: 0.923
Epoch 69/20000, Train Loss: 0.5596, Validation Set Manhattan Distance: 12.0, Mask Weight: 0.923
Epoch 70/20000, Train Loss: 0.5273, Validation Set Manhattan Distance: 12.0, Mask Weight: 0.923
Epoch 71/20000, Train Loss: 0.5319, Validation Set Manhattan Distance: 12.0, Mask Weight: 0.923
Epoch 72/20000, Train Loss: 0.5090, Validation Set Manhattan Distance: 12.0, Mask Weight: 0.923
Epoch 73/20000, Train Loss: 0.5068, Validation Set Manhattan Distance: 12.0, Mask Weight: 0.923
Epoch 74/20000, Train Loss: 0.4962, Validation Set Manhattan Distance: 12.0, Mask Weight: 0.923
Epoch 75/20000, Train Loss: 0.5066, Validation Set Manhattan Distance: 12.0, Mask Weight: 0.923
Epoch 76/20000, Train Loss: 0.4672, Validation Set Manhattan Distance: 12.0, Mask Weight: 0.923
Epoch 77/20000, Train Loss: 0.4505, Validation Set Manhattan Distance: 12.0, Mask Weight: 0.923
Epoch 78/20000, Train Loss: 0.4367, Validation Set Manhattan Distance: 12.0, Mask Weight: 0.923
Epoch 79/20000, Train Loss: 0.4462, Validation Set Manhattan Distance: 12.0, Mask Weight: 0.923
Epoch 80/20000, Train Loss: 0.4677, Validation Set Manhattan Distance: 12.0, Mask Weight: 0.923
Epoch 81/20000, Train Loss: 0.4378, Validation Set Manhattan Distance: 12.0, Mask Weight: 0.923
Epoch 82/20000, Train Loss: 0.4238, Validation Set Manhattan Distance: 12.0, Mask Weight: 0.923
Epoch 83/20000, Train Loss: 0.4216, Validation Set Manhattan Distance: 12.0, Mask Weight: 0.923
Epoch 84/20000, Train Loss: 0.4197, Validation Set Manhattan Distance: 12.0, Mask Weight: 0.923
Epoch 85/20000, Train Loss: 0.4130, Validation Set Manhattan Distance: 12.0, Mask Weight: 0.923
Epoch 86/20000, Train Loss: 0.4058, Validation Set Manhattan Distance: 12.0, Mask Weight: 0.923
Epoch 87/20000, Train Loss: 0.5470, Validation Set Manhattan Distance: 12.0, Mask Weight: 0.923
Epoch 88/20000, Train Loss: 0.4558, Validation Set Manhattan Distance: 12.0, Mask Weight: 0.923
Epoch 89/20000, Train Loss: 0.4488, Validation Set Manhattan Distance: 12.0, Mask Weight: 0.923
Epoch 90/20000, Train Loss: 0.4225, Validation Set Manhattan Distance: 12.0, Mask Weight: 0.923
Epoch 91/20000, Train Loss: 0.4122, Validation Set Manhattan Distance: 12.0, Mask Weight: 0.923
Epoch 92/20000, Train Loss: 0.3974, Validation Set Manhattan Distance: 12.0, Mask Weight: 0.923
Epoch 93/20000, Train Loss: 0.3902, Validation Set Manhattan Distance: 12.0, Mask Weight: 0.923
Epoch 94/20000, Train Loss: 0.4125, Validation Set Manhattan Distance: 12.0, Mask Weight: 0.923
Epoch 95/20000, Train Loss: 0.4001, Validation Set Manhattan Distance: 12.0, Mask Weight: 0.923
Epoch 96/20000, Train Loss: 0.4447, Validation Set Manhattan Distance: 12.0, Mask Weight: 0.923
Epoch 97/20000, Train Loss: 0.4607, Validation Set Manhattan Distance: 12.0, Mask Weight: 0.923
Epoch 98/20000, Train Loss: 0.4291, Validation Set Manhattan Distance: 12.0, Mask Weight: 0.923
Epoch 99/20000, Train Loss: 0.4038, Validation Set Manhattan Distance: 12.0, Mask Weight: 0.923
Epoch 100/20000, Train Loss: 0.3920, Validation Set Manhattan Distance: 12.0, Mask Weight: 0.923
Epoch 101/20000, Train Loss: 0.3769, Validation Set Manhattan Distance: 12.0, Mask Weight: 0.923
Epoch 102/20000, Train Loss: 0.3748, Validation Set Manhattan Distance: 12.0, Mask Weight: 0.923
Epoch 103/20000, Train Loss: 0.3806, Validation Set Manhattan Distance: 12.0, Mask Weight: 0.923
Epoch 104/20000, Train Loss: 0.3661, Validation Set Manhattan Distance: 12.0, Mask Weight: 0.923
Epoch 105/20000, Train Loss: 0.3715, Validation Set Manhattan Distance: 12.0, Mask Weight: 0.923
Epoch 106/20000, Train Loss: 0.4066, Validation Set Manhattan Distance: 12.0, Mask Weight: 0.923
Epoch 107/20000, Train Loss: 0.4138, Validation Set Manhattan Distance: 12.0, Mask Weight: 0.923
Epoch 108/20000, Train Loss: 0.4032, Validation Set Manhattan Distance: 12.0, Mask Weight: 0.923
Epoch 109/20000, Train Loss: 0.4097, Validation Set Manhattan Distance: 12.0, Mask Weight: 0.923
Epoch 110/20000, Train Loss: 0.4819, Validation Set Manhattan Distance: 12.0, Mask Weight: 0.923
Epoch 111/20000, Train Loss: 0.3865, Validation Set Manhattan Distance: 12.0, Mask Weight: 0.923
Epoch 112/20000, Train Loss: 0.3946, Validation Set Manhattan Distance: 12.0, Mask Weight: 0.923
Epoch 113/20000, Train Loss: 0.3670, Validation Set Manhattan Distance: 12.0, Mask Weight: 0.923
Epoch 114/20000, Train Loss: 0.3680, Validation Set Manhattan Distance: 12.0, Mask Weight: 0.923
Epoch 115/20000, Train Loss: 0.3639, Validation Set Manhattan Distance: 12.0, Mask Weight: 0.923
Epoch 116/20000, Train Loss: 0.4296, Validation Set Manhattan Distance: 12.0, Mask Weight: 0.923
Epoch 117/20000, Train Loss: 0.4543, Validation Set Manhattan Distance: 12.0, Mask Weight: 0.923
Epoch 118/20000, Train Loss: 0.3665, Validation Set Manhattan Distance: 12.0, Mask Weight: 0.923
Epoch 119/20000, Train Loss: 0.3615, Validation Set Manhattan Distance: 12.0, Mask Weight: 0.923
Epoch 120/20000, Train Loss: 0.3679, Validation Set Manhattan Distance: 12.0, Mask Weight: 0.923
Epoch 121/20000, Train Loss: 0.3790, Validation Set Manhattan Distance: 12.0, Mask Weight: 0.923
Epoch 122/20000, Train Loss: 0.3829, Validation Set Manhattan Distance: 12.0, Mask Weight: 0.923
Epoch 123/20000, Train Loss: 0.3561, Validation Set Manhattan Distance: 12.0, Mask Weight: 0.923
Epoch 124/20000, Train Loss: 0.3469, Validation Set Manhattan Distance: 12.0, Mask Weight: 0.923
Epoch 125/20000, Train Loss: 0.3456, Validation Set Manhattan Distance: 12.0, Mask Weight: 0.923
Epoch 126/20000, Train Loss: 0.3500, Validation Set Manhattan Distance: 12.0, Mask Weight: 0.923
Epoch 127/20000, Train Loss: 0.3754, Validation Set Manhattan Distance: 12.0, Mask Weight: 0.923
Epoch 128/20000, Train Loss: 0.3929, Validation Set Manhattan Distance: 12.0, Mask Weight: 0.923
Epoch 129/20000, Train Loss: 0.5044, Validation Set Manhattan Distance: 12.0, Mask Weight: 0.923
Epoch 130/20000, Train Loss: 0.5147, Validation Set Manhattan Distance: 12.0, Mask Weight: 0.923
Epoch 131/20000, Train Loss: 0.4689, Validation Set Manhattan Distance: 12.0, Mask Weight: 0.923
Epoch 132/20000, Train Loss: 0.4018, Validation Set Manhattan Distance: 12.0, Mask Weight: 0.923
Epoch 133/20000, Train Loss: 0.3903, Validation Set Manhattan Distance: 12.0, Mask Weight: 0.923
Epoch 134/20000, Train Loss: 0.3778, Validation Set Manhattan Distance: 12.0, Mask Weight: 0.923
Epoch 135/20000, Train Loss: 0.3702, Validation Set Manhattan Distance: 12.0, Mask Weight: 0.923
Epoch 136/20000, Train Loss: 0.3627, Validation Set Manhattan Distance: 12.0, Mask Weight: 0.923
Epoch 137/20000, Train Loss: 0.3559, Validation Set Manhattan Distance: 12.0, Mask Weight: 0.923
Epoch 138/20000, Train Loss: 0.3564, Validation Set Manhattan Distance: 12.0, Mask Weight: 0.923
Epoch 139/20000, Train Loss: 0.3494, Validation Set Manhattan Distance: 12.0, Mask Weight: 0.923
Epoch 140/20000, Train Loss: 0.3453, Validation Set Manhattan Distance: 12.0, Mask Weight: 0.923
Epoch 141/20000, Train Loss: 0.3443, Validation Set Manhattan Distance: 12.0, Mask Weight: 0.923
Epoch 142/20000, Train Loss: 0.3438, Validation Set Manhattan Distance: 12.0, Mask Weight: 0.923
Epoch 143/20000, Train Loss: 0.3416, Validation Set Manhattan Distance: 12.0, Mask Weight: 0.923
Epoch 144/20000, Train Loss: 0.3456, Validation Set Manhattan Distance: 12.0, Mask Weight: 0.923
Epoch 145/20000, Train Loss: 0.3386, Validation Set Manhattan Distance: 12.0, Mask Weight: 0.923
Epoch 146/20000, Train Loss: 0.3405, Validation Set Manhattan Distance: 12.0, Mask Weight: 0.923
Epoch 147/20000, Train Loss: 0.3424, Validation Set Manhattan Distance: 12.0, Mask Weight: 0.923
Epoch 148/20000, Train Loss: 0.3393, Validation Set Manhattan Distance: 12.0, Mask Weight: 0.923
Epoch 149/20000, Train Loss: 0.3397, Validation Set Manhattan Distance: 12.0, Mask Weight: 0.923
Epoch 150/20000, Train Loss: 0.3391, Validation Set Manhattan Distance: 12.0, Mask Weight: 0.923
Epoch 151/20000, Train Loss: 0.3430, Validation Set Manhattan Distance: 12.0, Mask Weight: 0.923
Epoch 152/20000, Train Loss: 0.3381, Validation Set Manhattan Distance: 12.0, Mask Weight: 0.923
Epoch 153/20000, Train Loss: 0.3369, Validation Set Manhattan Distance: 12.0, Mask Weight: 0.923
Epoch 154/20000, Train Loss: 0.3352, Validation Set Manhattan Distance: 12.0, Mask Weight: 0.923
Epoch 155/20000, Train Loss: 0.3346, Validation Set Manhattan Distance: 12.0, Mask Weight: 0.923
Epoch 156/20000, Train Loss: 0.3405, Validation Set Manhattan Distance: 12.0, Mask Weight: 0.923
Epoch 157/20000, Train Loss: 0.3375, Validation Set Manhattan Distance: 12.0, Mask Weight: 0.923
Epoch 158/20000, Train Loss: 0.3354, Validation Set Manhattan Distance: 12.0, Mask Weight: 0.923
Epoch 159/20000, Train Loss: 0.3337, Validation Set Manhattan Distance: 12.0, Mask Weight: 0.923
Epoch 160/20000, Train Loss: 0.3343, Validation Set Manhattan Distance: 12.0, Mask Weight: 0.923
Epoch 161/20000, Train Loss: 0.3375, Validation Set Manhattan Distance: 12.0, Mask Weight: 0.923
Epoch 162/20000, Train Loss: 0.3382, Validation Set Manhattan Distance: 12.0, Mask Weight: 0.923
Epoch 163/20000, Train Loss: 0.3402, Validation Set Manhattan Distance: 12.0, Mask Weight: 0.923
Epoch 164/20000, Train Loss: 0.3331, Validation Set Manhattan Distance: 12.0, Mask Weight: 0.923
Epoch 165/20000, Train Loss: 0.3350, Validation Set Manhattan Distance: 12.0, Mask Weight: 0.923
Epoch 166/20000, Train Loss: 0.3349, Validation Set Manhattan Distance: 12.0, Mask Weight: 0.923
Epoch 167/20000, Train Loss: 0.3337, Validation Set Manhattan Distance: 12.0, Mask Weight: 0.923
Epoch 168/20000, Train Loss: 0.3380, Validation Set Manhattan Distance: 12.0, Mask Weight: 0.923
Epoch 169/20000, Train Loss: 0.3366, Validation Set Manhattan Distance: 12.0, Mask Weight: 0.923
Epoch 170/20000, Train Loss: 0.3336, Validation Set Manhattan Distance: 12.0, Mask Weight: 0.923
Epoch 171/20000, Train Loss: 0.3345, Validation Set Manhattan Distance: 12.0, Mask Weight: 0.923
Epoch 172/20000, Train Loss: 0.3368, Validation Set Manhattan Distance: 12.0, Mask Weight: 0.923
Epoch 173/20000, Train Loss: 0.3527, Validation Set Manhattan Distance: 12.0, Mask Weight: 0.923
Epoch 174/20000, Train Loss: 0.7307, Validation Set Manhattan Distance: 12.0, Mask Weight: 0.923
Epoch 175/20000, Train Loss: 0.5043, Validation Set Manhattan Distance: 12.0, Mask Weight: 0.923
Epoch 176/20000, Train Loss: 0.3988, Validation Set Manhattan Distance: 12.0, Mask Weight: 0.923
Epoch 177/20000, Train Loss: 0.3871, Validation Set Manhattan Distance: 12.0, Mask Weight: 0.923
Epoch 178/20000, Train Loss: 0.3722, Validation Set Manhattan Distance: 12.0, Mask Weight: 0.923
Epoch 179/20000, Train Loss: 0.3570, Validation Set Manhattan Distance: 12.0, Mask Weight: 0.923
Epoch 180/20000, Train Loss: 0.3551, Validation Set Manhattan Distance: 12.0, Mask Weight: 0.923
Epoch 181/20000, Train Loss: 0.3528, Validation Set Manhattan Distance: 12.0, Mask Weight: 0.923
Epoch 182/20000, Train Loss: 0.3365, Validation Set Manhattan Distance: 12.0, Mask Weight: 0.923
Epoch 183/20000, Train Loss: 0.3380, Validation Set Manhattan Distance: 12.0, Mask Weight: 0.923
Epoch 184/20000, Train Loss: 0.3363, Validation Set Manhattan Distance: 12.0, Mask Weight: 0.923
Epoch 185/20000, Train Loss: 0.3340, Validation Set Manhattan Distance: 12.0, Mask Weight: 0.923
Epoch 186/20000, Train Loss: 0.3368, Validation Set Manhattan Distance: 12.0, Mask Weight: 0.923
Epoch 187/20000, Train Loss: 0.3335, Validation Set Manhattan Distance: 12.0, Mask Weight: 0.923
Epoch 188/20000, Train Loss: 0.3347, Validation Set Manhattan Distance: 12.0, Mask Weight: 0.923
Epoch 189/20000, Train Loss: 0.3367, Validation Set Manhattan Distance: 12.0, Mask Weight: 0.923
Epoch 190/20000, Train Loss: 0.3321, Validation Set Manhattan Distance: 12.0, Mask Weight: 0.923
Epoch 191/20000, Train Loss: 0.3341, Validation Set Manhattan Distance: 12.0, Mask Weight: 0.923
Epoch 192/20000, Train Loss: 0.3362, Validation Set Manhattan Distance: 12.0, Mask Weight: 0.923
Epoch 193/20000, Train Loss: 0.3354, Validation Set Manhattan Distance: 12.0, Mask Weight: 0.923
Epoch 194/20000, Train Loss: 0.3330, Validation Set Manhattan Distance: 12.0, Mask Weight: 0.923
Epoch 195/20000, Train Loss: 0.3344, Validation Set Manhattan Distance: 12.0, Mask Weight: 0.923
Epoch 196/20000, Train Loss: 0.3328, Validation Set Manhattan Distance: 12.0, Mask Weight: 0.923
Epoch 197/20000, Train Loss: 0.3321, Validation Set Manhattan Distance: 12.0, Mask Weight: 0.923
Epoch 198/20000, Train Loss: 0.3330, Validation Set Manhattan Distance: 12.0, Mask Weight: 0.923
Epoch 199/20000, Train Loss: 0.3341, Validation Set Manhattan Distance: 12.0, Mask Weight: 0.923
Epoch 200/20000, Train Loss: 0.3380, Validation Set Manhattan Distance: 12.0, Mask Weight: 0.923
Epoch 201/20000, Train Loss: 0.3345, Validation Set Manhattan Distance: 12.0, Mask Weight: 0.923
Epoch 202/20000, Train Loss: 0.3339, Validation Set Manhattan Distance: 12.0, Mask Weight: 0.923
Epoch 203/20000, Train Loss: 0.3364, Validation Set Manhattan Distance: 12.0, Mask Weight: 0.923
Epoch 204/20000, Train Loss: 0.3321, Validation Set Manhattan Distance: 12.0, Mask Weight: 0.923
Epoch 205/20000, Train Loss: 0.3377, Validation Set Manhattan Distance: 12.0, Mask Weight: 0.923
Epoch 206/20000, Train Loss: 0.3361, Validation Set Manhattan Distance: 12.0, Mask Weight: 0.923
Epoch 207/20000, Train Loss: 0.3295, Validation Set Manhattan Distance: 12.0, Mask Weight: 0.923
Epoch 208/20000, Train Loss: 0.3345, Validation Set Manhattan Distance: 12.0, Mask Weight: 0.923
Epoch 209/20000, Train Loss: 0.3326, Validation Set Manhattan Distance: 12.0, Mask Weight: 0.923
Epoch 210/20000, Train Loss: 0.3319, Validation Set Manhattan Distance: 12.0, Mask Weight: 0.923
Epoch 211/20000, Train Loss: 0.3333, Validation Set Manhattan Distance: 12.0, Mask Weight: 0.923
Epoch 212/20000, Train Loss: 0.3366, Validation Set Manhattan Distance: 12.0, Mask Weight: 0.923
Epoch 213/20000, Train Loss: 0.3317, Validation Set Manhattan Distance: 12.0, Mask Weight: 0.923
Epoch 214/20000, Train Loss: 0.3307, Validation Set Manhattan Distance: 12.0, Mask Weight: 0.923
Epoch 215/20000, Train Loss: 0.3369, Validation Set Manhattan Distance: 12.0, Mask Weight: 0.923
Epoch 216/20000, Train Loss: 0.3311, Validation Set Manhattan Distance: 12.0, Mask Weight: 0.923
Epoch 217/20000, Train Loss: 0.3326, Validation Set Manhattan Distance: 12.0, Mask Weight: 0.923
Epoch 218/20000, Train Loss: 0.3340, Validation Set Manhattan Distance: 12.0, Mask Weight: 0.923
Epoch 219/20000, Train Loss: 0.3351, Validation Set Manhattan Distance: 12.0, Mask Weight: 0.923
Epoch 220/20000, Train Loss: 0.3331, Validation Set Manhattan Distance: 12.0, Mask Weight: 0.923
Epoch 221/20000, Train Loss: 0.3321, Validation Set Manhattan Distance: 12.0, Mask Weight: 0.923
Epoch 222/20000, Train Loss: 0.3307, Validation Set Manhattan Distance: 12.0, Mask Weight: 0.923
Epoch 223/20000, Train Loss: 0.3299, Validation Set Manhattan Distance: 12.0, Mask Weight: 0.923
Epoch 224/20000, Train Loss: 0.3328, Validation Set Manhattan Distance: 12.0, Mask Weight: 0.923
Epoch 225/20000, Train Loss: 0.3307, Validation Set Manhattan Distance: 12.0, Mask Weight: 0.923
Epoch 226/20000, Train Loss: 0.3292, Validation Set Manhattan Distance: 12.0, Mask Weight: 0.923
Epoch 227/20000, Train Loss: 0.3322, Validation Set Manhattan Distance: 12.0, Mask Weight: 0.923
Epoch 228/20000, Train Loss: 0.3313, Validation Set Manhattan Distance: 12.0, Mask Weight: 0.923
Epoch 229/20000, Train Loss: 0.3307, Validation Set Manhattan Distance: 12.0, Mask Weight: 0.923
Epoch 230/20000, Train Loss: 0.3337, Validation Set Manhattan Distance: 12.0, Mask Weight: 0.923
Epoch 231/20000, Train Loss: 0.3311, Validation Set Manhattan Distance: 12.0, Mask Weight: 0.923
Epoch 232/20000, Train Loss: 0.3305, Validation Set Manhattan Distance: 12.0, Mask Weight: 0.923
Epoch 233/20000, Train Loss: 0.3321, Validation Set Manhattan Distance: 12.0, Mask Weight: 0.923
Epoch 234/20000, Train Loss: 0.3322, Validation Set Manhattan Distance: 12.0, Mask Weight: 0.923
Epoch 235/20000, Train Loss: 0.3331, Validation Set Manhattan Distance: 12.0, Mask Weight: 0.923
Epoch 236/20000, Train Loss: 0.3316, Validation Set Manhattan Distance: 12.0, Mask Weight: 0.923
Epoch 237/20000, Train Loss: 0.3309, Validation Set Manhattan Distance: 12.0, Mask Weight: 0.923
Epoch 238/20000, Train Loss: 0.3320, Validation Set Manhattan Distance: 12.0, Mask Weight: 0.923
Epoch 239/20000, Train Loss: 0.3312, Validation Set Manhattan Distance: 12.0, Mask Weight: 0.923
Epoch 240/20000, Train Loss: 0.3309, Validation Set Manhattan Distance: 12.0, Mask Weight: 0.923
Epoch 241/20000, Train Loss: 0.3310, Validation Set Manhattan Distance: 12.0, Mask Weight: 0.923
Epoch 242/20000, Train Loss: 0.3402, Validation Set Manhattan Distance: 12.0, Mask Weight: 0.923
Epoch 243/20000, Train Loss: 0.3395, Validation Set Manhattan Distance: 12.0, Mask Weight: 0.923
Epoch 244/20000, Train Loss: 0.3351, Validation Set Manhattan Distance: 12.0, Mask Weight: 0.923
Epoch 245/20000, Train Loss: 0.3323, Validation Set Manhattan Distance: 12.0, Mask Weight: 0.923
Epoch 246/20000, Train Loss: 0.3297, Validation Set Manhattan Distance: 12.0, Mask Weight: 0.923
Epoch 247/20000, Train Loss: 0.3337, Validation Set Manhattan Distance: 12.0, Mask Weight: 0.923
Epoch 248/20000, Train Loss: 0.3338, Validation Set Manhattan Distance: 12.0, Mask Weight: 0.923
Epoch 249/20000, Train Loss: 0.3304, Validation Set Manhattan Distance: 12.0, Mask Weight: 0.923
Epoch 250/20000, Train Loss: 0.3302, Validation Set Manhattan Distance: 12.0, Mask Weight: 0.923
Epoch 251/20000, Train Loss: 0.3787, Validation Set Manhattan Distance: 12.0, Mask Weight: 0.923
Epoch 252/20000, Train Loss: 0.9487, Validation Set Manhattan Distance: 12.0, Mask Weight: 0.923
Epoch 253/20000, Train Loss: 0.9008, Validation Set Manhattan Distance: 12.0, Mask Weight: 0.923
Epoch 254/20000, Train Loss: 0.8176, Validation Set Manhattan Distance: 12.0, Mask Weight: 0.923
Epoch 255/20000, Train Loss: 0.7178, Validation Set Manhattan Distance: 12.0, Mask Weight: 0.923
Epoch 256/20000, Train Loss: 0.6823, Validation Set Manhattan Distance: 12.0, Mask Weight: 0.923
Epoch 257/20000, Train Loss: 0.6586, Validation Set Manhattan Distance: 12.0, Mask Weight: 0.923
Epoch 258/20000, Train Loss: 0.6292, Validation Set Manhattan Distance: 12.0, Mask Weight: 0.923
Epoch 259/20000, Train Loss: 0.6080, Validation Set Manhattan Distance: 12.0, Mask Weight: 0.923
Epoch 260/20000, Train Loss: 0.5875, Validation Set Manhattan Distance: 12.0, Mask Weight: 0.923
Epoch 261/20000, Train Loss: 0.5711, Validation Set Manhattan Distance: 12.0, Mask Weight: 0.923
Epoch 262/20000, Train Loss: 0.5581, Validation Set Manhattan Distance: 12.0, Mask Weight: 0.923
Epoch 263/20000, Train Loss: 0.5395, Validation Set Manhattan Distance: 12.0, Mask Weight: 0.923
Epoch 264/20000, Train Loss: 0.5122, Validation Set Manhattan Distance: 12.0, Mask Weight: 0.923
Epoch 265/20000, Train Loss: 0.4813, Validation Set Manhattan Distance: 12.0, Mask Weight: 0.923
Epoch 266/20000, Train Loss: 0.4459, Validation Set Manhattan Distance: 12.0, Mask Weight: 0.923
Epoch 267/20000, Train Loss: 0.4511, Validation Set Manhattan Distance: 12.0, Mask Weight: 0.923
Epoch 268/20000, Train Loss: 0.3997, Validation Set Manhattan Distance: 12.0, Mask Weight: 0.923
Epoch 269/20000, Train Loss: 0.3790, Validation Set Manhattan Distance: 12.0, Mask Weight: 0.923
Epoch 270/20000, Train Loss: 0.3685, Validation Set Manhattan Distance: 12.0, Mask Weight: 0.923
Epoch 271/20000, Train Loss: 0.3470, Validation Set Manhattan Distance: 12.0, Mask Weight: 0.923
Epoch 272/20000, Train Loss: 0.3467, Validation Set Manhattan Distance: 12.0, Mask Weight: 0.923
Epoch 273/20000, Train Loss: 0.3346, Validation Set Manhattan Distance: 12.0, Mask Weight: 0.923
Epoch 274/20000, Train Loss: 0.3356, Validation Set Manhattan Distance: 12.0, Mask Weight: 0.923
Epoch 275/20000, Train Loss: 0.3966, Validation Set Manhattan Distance: 12.0, Mask Weight: 0.923
Epoch 276/20000, Train Loss: 0.6518, Validation Set Manhattan Distance: 12.0, Mask Weight: 0.923
Epoch 277/20000, Train Loss: 0.8706, Validation Set Manhattan Distance: 12.0, Mask Weight: 0.923
Epoch 278/20000, Train Loss: 0.8125, Validation Set Manhattan Distance: 12.0, Mask Weight: 0.923
Epoch 279/20000, Train Loss: 0.7317, Validation Set Manhattan Distance: 12.0, Mask Weight: 0.923
Epoch 280/20000, Train Loss: 0.6518, Validation Set Manhattan Distance: 12.0, Mask Weight: 0.923
Epoch 281/20000, Train Loss: 0.6195, Validation Set Manhattan Distance: 12.0, Mask Weight: 0.923
Epoch 282/20000, Train Loss: 0.5909, Validation Set Manhattan Distance: 12.0, Mask Weight: 0.923
Epoch 283/20000, Train Loss: 0.5747, Validation Set Manhattan Distance: 12.0, Mask Weight: 0.923
Epoch 284/20000, Train Loss: 0.5606, Validation Set Manhattan Distance: 12.0, Mask Weight: 0.923
Epoch 285/20000, Train Loss: 0.5473, Validation Set Manhattan Distance: 12.0, Mask Weight: 0.923
Epoch 286/20000, Train Loss: 0.5357, Validation Set Manhattan Distance: 12.0, Mask Weight: 0.923
Epoch 287/20000, Train Loss: 0.5195, Validation Set Manhattan Distance: 12.0, Mask Weight: 0.923
Epoch 288/20000, Train Loss: 0.5048, Validation Set Manhattan Distance: 12.0, Mask Weight: 0.923
Epoch 289/20000, Train Loss: 0.4850, Validation Set Manhattan Distance: 12.0, Mask Weight: 0.923
Epoch 290/20000, Train Loss: 0.4688, Validation Set Manhattan Distance: 12.0, Mask Weight: 0.923
Epoch 291/20000, Train Loss: 0.4490, Validation Set Manhattan Distance: 12.0, Mask Weight: 0.923
Epoch 292/20000, Train Loss: 0.4375, Validation Set Manhattan Distance: 12.0, Mask Weight: 0.923
Epoch 293/20000, Train Loss: 0.4200, Validation Set Manhattan Distance: 12.0, Mask Weight: 0.923
Epoch 294/20000, Train Loss: 0.4292, Validation Set Manhattan Distance: 12.0, Mask Weight: 0.923
Epoch 295/20000, Train Loss: 0.4265, Validation Set Manhattan Distance: 12.0, Mask Weight: 0.923
Epoch 296/20000, Train Loss: 0.3877, Validation Set Manhattan Distance: 12.0, Mask Weight: 0.923
Epoch 297/20000, Train Loss: 0.3829, Validation Set Manhattan Distance: 12.0, Mask Weight: 0.923
Epoch 298/20000, Train Loss: 0.3847, Validation Set Manhattan Distance: 12.0, Mask Weight: 0.923
Epoch 299/20000, Train Loss: 0.3913, Validation Set Manhattan Distance: 12.0, Mask Weight: 0.923
Epoch 300/20000, Train Loss: 0.3867, Validation Set Manhattan Distance: 12.0, Mask Weight: 0.923
Epoch 301/20000, Train Loss: 0.3593, Validation Set Manhattan Distance: 12.0, Mask Weight: 0.923
Epoch 302/20000, Train Loss: 0.3609, Validation Set Manhattan Distance: 12.0, Mask Weight: 0.923
Epoch 303/20000, Train Loss: 0.3627, Validation Set Manhattan Distance: 12.0, Mask Weight: 0.923
Epoch 304/20000, Train Loss: 0.4269, Validation Set Manhattan Distance: 12.0, Mask Weight: 0.923
Epoch 305/20000, Train Loss: 0.3571, Validation Set Manhattan Distance: 12.0, Mask Weight: 0.923
Epoch 306/20000, Train Loss: 0.3980, Validation Set Manhattan Distance: 12.0, Mask Weight: 0.923
Epoch 307/20000, Train Loss: 0.4105, Validation Set Manhattan Distance: 12.0, Mask Weight: 0.923
Epoch 308/20000, Train Loss: 0.3906, Validation Set Manhattan Distance: 12.0, Mask Weight: 0.923
Epoch 309/20000, Train Loss: 0.3840, Validation Set Manhattan Distance: 12.0, Mask Weight: 0.923
Epoch 310/20000, Train Loss: 0.3615, Validation Set Manhattan Distance: 12.0, Mask Weight: 0.923
Epoch 311/20000, Train Loss: 0.3562, Validation Set Manhattan Distance: 12.0, Mask Weight: 0.923
Epoch 312/20000, Train Loss: 0.3433, Validation Set Manhattan Distance: 12.0, Mask Weight: 0.923
Epoch 313/20000, Train Loss: 0.3466, Validation Set Manhattan Distance: 12.0, Mask Weight: 0.923
Epoch 314/20000, Train Loss: 0.3511, Validation Set Manhattan Distance: 12.0, Mask Weight: 0.923
Epoch 315/20000, Train Loss: 0.3978, Validation Set Manhattan Distance: 12.0, Mask Weight: 0.923
Epoch 316/20000, Train Loss: 0.3995, Validation Set Manhattan Distance: 12.0, Mask Weight: 0.923
Epoch 317/20000, Train Loss: 0.4466, Validation Set Manhattan Distance: 12.0, Mask Weight: 0.923
Epoch 318/20000, Train Loss: 0.4029, Validation Set Manhattan Distance: 12.0, Mask Weight: 0.923
Epoch 319/20000, Train Loss: 0.3571, Validation Set Manhattan Distance: 12.0, Mask Weight: 0.923
Epoch 320/20000, Train Loss: 0.3578, Validation Set Manhattan Distance: 12.0, Mask Weight: 0.923
Epoch 321/20000, Train Loss: 0.3624, Validation Set Manhattan Distance: 12.0, Mask Weight: 0.923
Epoch 322/20000, Train Loss: 0.3551, Validation Set Manhattan Distance: 12.0, Mask Weight: 0.923
Epoch 323/20000, Train Loss: 0.3751, Validation Set Manhattan Distance: 12.0, Mask Weight: 0.923
Epoch 324/20000, Train Loss: 0.4019, Validation Set Manhattan Distance: 12.0, Mask Weight: 0.923
Epoch 325/20000, Train Loss: 0.3581, Validation Set Manhattan Distance: 12.0, Mask Weight: 0.923
Epoch 326/20000, Train Loss: 0.3471, Validation Set Manhattan Distance: 12.0, Mask Weight: 0.923
Epoch 327/20000, Train Loss: 0.3461, Validation Set Manhattan Distance: 12.0, Mask Weight: 0.923
Epoch 328/20000, Train Loss: 0.3379, Validation Set Manhattan Distance: 12.0, Mask Weight: 0.923
Epoch 329/20000, Train Loss: 0.3339, Validation Set Manhattan Distance: 12.0, Mask Weight: 0.923
Epoch 330/20000, Train Loss: 0.3324, Validation Set Manhattan Distance: 12.0, Mask Weight: 0.923
Epoch 331/20000, Train Loss: 0.3316, Validation Set Manhattan Distance: 12.0, Mask Weight: 0.923
Epoch 332/20000, Train Loss: 0.3306, Validation Set Manhattan Distance: 12.0, Mask Weight: 0.923
Epoch 333/20000, Train Loss: 0.3309, Validation Set Manhattan Distance: 12.0, Mask Weight: 0.923
Epoch 334/20000, Train Loss: 0.3314, Validation Set Manhattan Distance: 12.0, Mask Weight: 0.923
Epoch 335/20000, Train Loss: 0.3297, Validation Set Manhattan Distance: 12.0, Mask Weight: 0.923
Epoch 336/20000, Train Loss: 0.3342, Validation Set Manhattan Distance: 12.0, Mask Weight: 0.923
Epoch 337/20000, Train Loss: 0.3309, Validation Set Manhattan Distance: 12.0, Mask Weight: 0.923
Epoch 338/20000, Train Loss: 0.3304, Validation Set Manhattan Distance: 12.0, Mask Weight: 0.923
Epoch 339/20000, Train Loss: 0.3307, Validation Set Manhattan Distance: 12.0, Mask Weight: 0.923
Epoch 340/20000, Train Loss: 0.3321, Validation Set Manhattan Distance: 12.0, Mask Weight: 0.923
Epoch 341/20000, Train Loss: 0.3293, Validation Set Manhattan Distance: 12.0, Mask Weight: 0.923
Epoch 342/20000, Train Loss: 0.3310, Validation Set Manhattan Distance: 12.0, Mask Weight: 0.923
Epoch 343/20000, Train Loss: 0.3305, Validation Set Manhattan Distance: 12.0, Mask Weight: 0.923
Epoch 344/20000, Train Loss: 0.3293, Validation Set Manhattan Distance: 12.0, Mask Weight: 0.923
Epoch 345/20000, Train Loss: 0.3310, Validation Set Manhattan Distance: 12.0, Mask Weight: 0.923
Epoch 346/20000, Train Loss: 0.3305, Validation Set Manhattan Distance: 12.0, Mask Weight: 0.923
Epoch 347/20000, Train Loss: 0.3293, Validation Set Manhattan Distance: 12.0, Mask Weight: 0.923
Epoch 348/20000, Train Loss: 0.3284, Validation Set Manhattan Distance: 12.0, Mask Weight: 0.923
Epoch 349/20000, Train Loss: 0.3300, Validation Set Manhattan Distance: 12.0, Mask Weight: 0.923
Epoch 350/20000, Train Loss: 0.3317, Validation Set Manhattan Distance: 12.0, Mask Weight: 0.923
Epoch 351/20000, Train Loss: 0.3267, Validation Set Manhattan Distance: 12.0, Mask Weight: 0.923
Epoch 352/20000, Train Loss: 0.3288, Validation Set Manhattan Distance: 12.0, Mask Weight: 0.923
Epoch 353/20000, Train Loss: 0.3284, Validation Set Manhattan Distance: 12.0, Mask Weight: 0.923
Epoch 354/20000, Train Loss: 0.3287, Validation Set Manhattan Distance: 12.0, Mask Weight: 0.923
Epoch 355/20000, Train Loss: 0.3270, Validation Set Manhattan Distance: 12.0, Mask Weight: 0.923
Epoch 356/20000, Train Loss: 0.3290, Validation Set Manhattan Distance: 12.0, Mask Weight: 0.923
Epoch 357/20000, Train Loss: 0.3291, Validation Set Manhattan Distance: 12.0, Mask Weight: 0.923
Epoch 358/20000, Train Loss: 0.3274, Validation Set Manhattan Distance: 12.0, Mask Weight: 0.923
Epoch 359/20000, Train Loss: 0.3269, Validation Set Manhattan Distance: 12.0, Mask Weight: 0.923
Epoch 360/20000, Train Loss: 0.3289, Validation Set Manhattan Distance: 12.0, Mask Weight: 0.923
Epoch 361/20000, Train Loss: 0.3288, Validation Set Manhattan Distance: 12.0, Mask Weight: 0.923
Epoch 362/20000, Train Loss: 0.3287, Validation Set Manhattan Distance: 12.0, Mask Weight: 0.923
Epoch 363/20000, Train Loss: 0.3267, Validation Set Manhattan Distance: 12.0, Mask Weight: 0.923
Epoch 364/20000, Train Loss: 0.3346, Validation Set Manhattan Distance: 12.0, Mask Weight: 0.923
Epoch 365/20000, Train Loss: 0.3317, Validation Set Manhattan Distance: 12.0, Mask Weight: 0.923
Epoch 366/20000, Train Loss: 0.3333, Validation Set Manhattan Distance: 12.0, Mask Weight: 0.923
Epoch 367/20000, Train Loss: 0.3276, Validation Set Manhattan Distance: 12.0, Mask Weight: 0.923
Epoch 368/20000, Train Loss: 0.3289, Validation Set Manhattan Distance: 12.0, Mask Weight: 0.923
Epoch 369/20000, Train Loss: 0.3298, Validation Set Manhattan Distance: 12.0, Mask Weight: 0.923
Epoch 370/20000, Train Loss: 0.3279, Validation Set Manhattan Distance: 12.0, Mask Weight: 0.923
Epoch 371/20000, Train Loss: 0.3295, Validation Set Manhattan Distance: 12.0, Mask Weight: 0.923
Epoch 372/20000, Train Loss: 0.3281, Validation Set Manhattan Distance: 12.0, Mask Weight: 0.923
Epoch 373/20000, Train Loss: 0.3284, Validation Set Manhattan Distance: 12.0, Mask Weight: 0.923
Epoch 374/20000, Train Loss: 0.3301, Validation Set Manhattan Distance: 12.0, Mask Weight: 0.923
Epoch 375/20000, Train Loss: 0.3276, Validation Set Manhattan Distance: 12.0, Mask Weight: 0.923
Epoch 376/20000, Train Loss: 0.3302, Validation Set Manhattan Distance: 12.0, Mask Weight: 0.923
Epoch 377/20000, Train Loss: 0.3299, Validation Set Manhattan Distance: 12.0, Mask Weight: 0.923
Epoch 378/20000, Train Loss: 0.3285, Validation Set Manhattan Distance: 12.0, Mask Weight: 0.923
Epoch 379/20000, Train Loss: 0.3287, Validation Set Manhattan Distance: 12.0, Mask Weight: 0.923
Epoch 380/20000, Train Loss: 0.3254, Validation Set Manhattan Distance: 12.0, Mask Weight: 0.923
Epoch 381/20000, Train Loss: 0.3309, Validation Set Manhattan Distance: 12.0, Mask Weight: 0.923
Epoch 382/20000, Train Loss: 0.3300, Validation Set Manhattan Distance: 12.0, Mask Weight: 0.923
Epoch 383/20000, Train Loss: 0.3300, Validation Set Manhattan Distance: 12.0, Mask Weight: 0.923
Epoch 384/20000, Train Loss: 0.3269, Validation Set Manhattan Distance: 12.0, Mask Weight: 0.923
Epoch 385/20000, Train Loss: 0.3272, Validation Set Manhattan Distance: 12.0, Mask Weight: 0.923
Epoch 386/20000, Train Loss: 0.3281, Validation Set Manhattan Distance: 12.0, Mask Weight: 0.923
Epoch 387/20000, Train Loss: 0.3263, Validation Set Manhattan Distance: 12.0, Mask Weight: 0.923
Epoch 388/20000, Train Loss: 0.3280, Validation Set Manhattan Distance: 12.0, Mask Weight: 0.923
Epoch 389/20000, Train Loss: 0.3264, Validation Set Manhattan Distance: 12.0, Mask Weight: 0.923
Epoch 390/20000, Train Loss: 0.3298, Validation Set Manhattan Distance: 12.0, Mask Weight: 0.923
Epoch 391/20000, Train Loss: 0.3286, Validation Set Manhattan Distance: 12.0, Mask Weight: 0.923
Epoch 392/20000, Train Loss: 0.3288, Validation Set Manhattan Distance: 12.0, Mask Weight: 0.923
Epoch 393/20000, Train Loss: 0.3282, Validation Set Manhattan Distance: 12.0, Mask Weight: 0.923
Epoch 394/20000, Train Loss: 0.3261, Validation Set Manhattan Distance: 12.0, Mask Weight: 0.923
Epoch 395/20000, Train Loss: 0.3279, Validation Set Manhattan Distance: 12.0, Mask Weight: 0.923
Epoch 396/20000, Train Loss: 0.3282, Validation Set Manhattan Distance: 12.0, Mask Weight: 0.923
Epoch 397/20000, Train Loss: 0.3302, Validation Set Manhattan Distance: 12.0, Mask Weight: 0.923
Epoch 398/20000, Train Loss: 0.3297, Validation Set Manhattan Distance: 12.0, Mask Weight: 0.923
Epoch 399/20000, Train Loss: 0.3257, Validation Set Manhattan Distance: 12.0, Mask Weight: 0.923
Epoch 400/20000, Train Loss: 0.3279, Validation Set Manhattan Distance: 12.0, Mask Weight: 0.923
Epoch 401/20000, Train Loss: 0.3305, Validation Set Manhattan Distance: 12.0, Mask Weight: 0.923
Epoch 402/20000, Train Loss: 0.3286, Validation Set Manhattan Distance: 12.0, Mask Weight: 0.923
Epoch 403/20000, Train Loss: 0.3269, Validation Set Manhattan Distance: 12.0, Mask Weight: 0.923
Epoch 404/20000, Train Loss: 0.3282, Validation Set Manhattan Distance: 12.0, Mask Weight: 0.923
Epoch 405/20000, Train Loss: 0.3272, Validation Set Manhattan Distance: 12.0, Mask Weight: 0.923
Epoch 406/20000, Train Loss: 0.3310, Validation Set Manhattan Distance: 12.0, Mask Weight: 0.923
Epoch 407/20000, Train Loss: 0.3268, Validation Set Manhattan Distance: 12.0, Mask Weight: 0.923
Epoch 408/20000, Train Loss: 0.3288, Validation Set Manhattan Distance: 12.0, Mask Weight: 0.923
Epoch 409/20000, Train Loss: 0.3264, Validation Set Manhattan Distance: 12.0, Mask Weight: 0.923
Epoch 410/20000, Train Loss: 0.3338, Validation Set Manhattan Distance: 12.0, Mask Weight: 0.923
Epoch 411/20000, Train Loss: 0.3306, Validation Set Manhattan Distance: 12.0, Mask Weight: 0.923
Epoch 412/20000, Train Loss: 0.3303, Validation Set Manhattan Distance: 12.0, Mask Weight: 0.923
Epoch 413/20000, Train Loss: 0.3310, Validation Set Manhattan Distance: 12.0, Mask Weight: 0.923
Epoch 414/20000, Train Loss: 0.3275, Validation Set Manhattan Distance: 12.0, Mask Weight: 0.923
Epoch 415/20000, Train Loss: 0.3268, Validation Set Manhattan Distance: 12.0, Mask Weight: 0.923
Epoch 416/20000, Train Loss: 0.3256, Validation Set Manhattan Distance: 12.0, Mask Weight: 0.923
Epoch 417/20000, Train Loss: 0.3265, Validation Set Manhattan Distance: 12.0, Mask Weight: 0.923
Epoch 418/20000, Train Loss: 0.3269, Validation Set Manhattan Distance: 12.0, Mask Weight: 0.923
Epoch 419/20000, Train Loss: 0.3266, Validation Set Manhattan Distance: 12.0, Mask Weight: 0.923
Epoch 420/20000, Train Loss: 0.3271, Validation Set Manhattan Distance: 12.0, Mask Weight: 0.923
Epoch 421/20000, Train Loss: 0.3270, Validation Set Manhattan Distance: 12.0, Mask Weight: 0.923
Epoch 422/20000, Train Loss: 0.3271, Validation Set Manhattan Distance: 12.0, Mask Weight: 0.923
Epoch 423/20000, Train Loss: 0.3267, Validation Set Manhattan Distance: 12.0, Mask Weight: 0.923
Epoch 424/20000, Train Loss: 0.3291, Validation Set Manhattan Distance: 12.0, Mask Weight: 0.923
Epoch 425/20000, Train Loss: 0.3279, Validation Set Manhattan Distance: 12.0, Mask Weight: 0.923
Epoch 426/20000, Train Loss: 0.3278, Validation Set Manhattan Distance: 12.0, Mask Weight: 0.923
Epoch 427/20000, Train Loss: 0.3270, Validation Set Manhattan Distance: 12.0, Mask Weight: 0.923
Epoch 428/20000, Train Loss: 0.3276, Validation Set Manhattan Distance: 12.0, Mask Weight: 0.923
Epoch 429/20000, Train Loss: 0.3255, Validation Set Manhattan Distance: 12.0, Mask Weight: 0.923
Epoch 430/20000, Train Loss: 0.3281, Validation Set Manhattan Distance: 12.0, Mask Weight: 0.923
Epoch 431/20000, Train Loss: 0.3274, Validation Set Manhattan Distance: 12.0, Mask Weight: 0.923
Epoch 432/20000, Train Loss: 0.3270, Validation Set Manhattan Distance: 12.0, Mask Weight: 0.923
Epoch 433/20000, Train Loss: 0.3279, Validation Set Manhattan Distance: 12.0, Mask Weight: 0.923
Epoch 434/20000, Train Loss: 0.3284, Validation Set Manhattan Distance: 12.0, Mask Weight: 0.923
Epoch 435/20000, Train Loss: 0.3282, Validation Set Manhattan Distance: 12.0, Mask Weight: 0.923
Epoch 436/20000, Train Loss: 0.3275, Validation Set Manhattan Distance: 12.0, Mask Weight: 0.923
Epoch 437/20000, Train Loss: 0.3255, Validation Set Manhattan Distance: 12.0, Mask Weight: 0.923
Epoch 438/20000, Train Loss: 0.3277, Validation Set Manhattan Distance: 12.0, Mask Weight: 0.923
Epoch 439/20000, Train Loss: 0.3273, Validation Set Manhattan Distance: 12.0, Mask Weight: 0.923
Epoch 440/20000, Train Loss: 0.3323, Validation Set Manhattan Distance: 12.0, Mask Weight: 0.923
Epoch 441/20000, Train Loss: 0.3321, Validation Set Manhattan Distance: 12.0, Mask Weight: 0.923
Epoch 442/20000, Train Loss: 0.3295, Validation Set Manhattan Distance: 12.0, Mask Weight: 0.923
Epoch 443/20000, Train Loss: 0.3303, Validation Set Manhattan Distance: 12.0, Mask Weight: 0.923
Epoch 444/20000, Train Loss: 0.3289, Validation Set Manhattan Distance: 12.0, Mask Weight: 0.923
Epoch 445/20000, Train Loss: 0.3293, Validation Set Manhattan Distance: 12.0, Mask Weight: 0.923
Epoch 446/20000, Train Loss: 0.3300, Validation Set Manhattan Distance: 12.0, Mask Weight: 0.923
Epoch 447/20000, Train Loss: 0.3312, Validation Set Manhattan Distance: 12.0, Mask Weight: 0.923
Epoch 448/20000, Train Loss: 0.3286, Validation Set Manhattan Distance: 12.0, Mask Weight: 0.923
Epoch 449/20000, Train Loss: 0.3304, Validation Set Manhattan Distance: 12.0, Mask Weight: 0.923
Epoch 450/20000, Train Loss: 0.3271, Validation Set Manhattan Distance: 12.0, Mask Weight: 0.923
Epoch 451/20000, Train Loss: 0.3288, Validation Set Manhattan Distance: 12.0, Mask Weight: 0.923
Epoch 452/20000, Train Loss: 0.3289, Validation Set Manhattan Distance: 12.0, Mask Weight: 0.923
Epoch 453/20000, Train Loss: 0.3287, Validation Set Manhattan Distance: 12.0, Mask Weight: 0.923
Epoch 454/20000, Train Loss: 0.3282, Validation Set Manhattan Distance: 12.0, Mask Weight: 0.923
Epoch 455/20000, Train Loss: 0.3302, Validation Set Manhattan Distance: 12.0, Mask Weight: 0.923
Epoch 456/20000, Train Loss: 0.3283, Validation Set Manhattan Distance: 12.0, Mask Weight: 0.923
Epoch 457/20000, Train Loss: 0.3272, Validation Set Manhattan Distance: 12.0, Mask Weight: 0.923
Epoch 458/20000, Train Loss: 0.3290, Validation Set Manhattan Distance: 12.0, Mask Weight: 0.923
Epoch 459/20000, Train Loss: 0.3282, Validation Set Manhattan Distance: 12.0, Mask Weight: 0.923
Epoch 460/20000, Train Loss: 0.3270, Validation Set Manhattan Distance: 12.0, Mask Weight: 0.923
Epoch 461/20000, Train Loss: 0.3284, Validation Set Manhattan Distance: 12.0, Mask Weight: 0.923
Epoch 462/20000, Train Loss: 0.3262, Validation Set Manhattan Distance: 12.0, Mask Weight: 0.923
Epoch 463/20000, Train Loss: 0.3265, Validation Set Manhattan Distance: 12.0, Mask Weight: 0.923
Epoch 464/20000, Train Loss: 0.3291, Validation Set Manhattan Distance: 12.0, Mask Weight: 0.923
Epoch 465/20000, Train Loss: 0.3309, Validation Set Manhattan Distance: 12.0, Mask Weight: 0.923
Epoch 466/20000, Train Loss: 0.3308, Validation Set Manhattan Distance: 12.0, Mask Weight: 0.923
Epoch 467/20000, Train Loss: 0.3277, Validation Set Manhattan Distance: 12.0, Mask Weight: 0.923
Epoch 468/20000, Train Loss: 0.3260, Validation Set Manhattan Distance: 12.0, Mask Weight: 0.923
Epoch 469/20000, Train Loss: 0.3274, Validation Set Manhattan Distance: 12.0, Mask Weight: 0.923
Epoch 470/20000, Train Loss: 0.3278, Validation Set Manhattan Distance: 12.0, Mask Weight: 0.923
Epoch 471/20000, Train Loss: 0.3259, Validation Set Manhattan Distance: 12.0, Mask Weight: 0.923
Epoch 472/20000, Train Loss: 0.3261, Validation Set Manhattan Distance: 12.0, Mask Weight: 0.923
Epoch 473/20000, Train Loss: 0.3258, Validation Set Manhattan Distance: 12.0, Mask Weight: 0.923
Epoch 474/20000, Train Loss: 0.3259, Validation Set Manhattan Distance: 12.0, Mask Weight: 0.923
Epoch 475/20000, Train Loss: 0.3265, Validation Set Manhattan Distance: 12.0, Mask Weight: 0.923
Epoch 476/20000, Train Loss: 0.3262, Validation Set Manhattan Distance: 12.0, Mask Weight: 0.923
Epoch 477/20000, Train Loss: 0.3290, Validation Set Manhattan Distance: 12.0, Mask Weight: 0.923
Epoch 478/20000, Train Loss: 0.3273, Validation Set Manhattan Distance: 12.0, Mask Weight: 0.923
Epoch 479/20000, Train Loss: 0.3253, Validation Set Manhattan Distance: 12.0, Mask Weight: 0.923
Epoch 480/20000, Train Loss: 0.3264, Validation Set Manhattan Distance: 12.0, Mask Weight: 0.923
Epoch 481/20000, Train Loss: 0.3287, Validation Set Manhattan Distance: 12.0, Mask Weight: 0.923
Epoch 482/20000, Train Loss: 0.3249, Validation Set Manhattan Distance: 12.0, Mask Weight: 0.923
Epoch 483/20000, Train Loss: 0.3276, Validation Set Manhattan Distance: 12.0, Mask Weight: 0.923
Epoch 484/20000, Train Loss: 0.3246, Validation Set Manhattan Distance: 12.0, Mask Weight: 0.923
Epoch 485/20000, Train Loss: 0.3272, Validation Set Manhattan Distance: 12.0, Mask Weight: 0.923
Epoch 486/20000, Train Loss: 0.3273, Validation Set Manhattan Distance: 12.0, Mask Weight: 0.923
Epoch 487/20000, Train Loss: 0.3262, Validation Set Manhattan Distance: 12.0, Mask Weight: 0.923
Epoch 488/20000, Train Loss: 0.3271, Validation Set Manhattan Distance: 12.0, Mask Weight: 0.923
Epoch 489/20000, Train Loss: 0.3262, Validation Set Manhattan Distance: 12.0, Mask Weight: 0.923
Epoch 490/20000, Train Loss: 0.3261, Validation Set Manhattan Distance: 12.0, Mask Weight: 0.923
Epoch 491/20000, Train Loss: 0.3283, Validation Set Manhattan Distance: 12.0, Mask Weight: 0.923
Epoch 492/20000, Train Loss: 0.3261, Validation Set Manhattan Distance: 12.0, Mask Weight: 0.923
Epoch 493/20000, Train Loss: 0.3261, Validation Set Manhattan Distance: 12.0, Mask Weight: 0.923
Epoch 494/20000, Train Loss: 0.3266, Validation Set Manhattan Distance: 12.0, Mask Weight: 0.923
Epoch 495/20000, Train Loss: 0.3252, Validation Set Manhattan Distance: 12.0, Mask Weight: 0.923
Epoch 496/20000, Train Loss: 0.3260, Validation Set Manhattan Distance: 12.0, Mask Weight: 0.923
Epoch 497/20000, Train Loss: 0.3288, Validation Set Manhattan Distance: 12.0, Mask Weight: 0.923
Epoch 498/20000, Train Loss: 0.3275, Validation Set Manhattan Distance: 12.0, Mask Weight: 0.923
Epoch 499/20000, Train Loss: 0.3249, Validation Set Manhattan Distance: 12.0, Mask Weight: 0.923
Epoch 500/20000, Train Loss: 0.3266, Validation Set Manhattan Distance: 12.0, Mask Weight: 0.923
Epoch 501/20000, Train Loss: 0.3274, Validation Set Manhattan Distance: 12.0, Mask Weight: 0.923
Epoch 502/20000, Train Loss: 0.3249, Validation Set Manhattan Distance: 12.0, Mask Weight: 0.923
Epoch 503/20000, Train Loss: 0.3287, Validation Set Manhattan Distance: 12.0, Mask Weight: 0.923
Epoch 504/20000, Train Loss: 0.3250, Validation Set Manhattan Distance: 12.0, Mask Weight: 0.923
Epoch 505/20000, Train Loss: 0.3267, Validation Set Manhattan Distance: 12.0, Mask Weight: 0.923
Epoch 506/20000, Train Loss: 0.3270, Validation Set Manhattan Distance: 12.0, Mask Weight: 0.923
Epoch 507/20000, Train Loss: 0.3267, Validation Set Manhattan Distance: 12.0, Mask Weight: 0.923
Epoch 508/20000, Train Loss: 0.3282, Validation Set Manhattan Distance: 12.0, Mask Weight: 0.923
Epoch 509/20000, Train Loss: 0.3277, Validation Set Manhattan Distance: 12.0, Mask Weight: 0.923
Epoch 510/20000, Train Loss: 0.3258, Validation Set Manhattan Distance: 12.0, Mask Weight: 0.923
Epoch 511/20000, Train Loss: 0.3261, Validation Set Manhattan Distance: 12.0, Mask Weight: 0.923
Epoch 512/20000, Train Loss: 0.3264, Validation Set Manhattan Distance: 12.0, Mask Weight: 0.923
Epoch 513/20000, Train Loss: 0.3256, Validation Set Manhattan Distance: 12.0, Mask Weight: 0.923
Epoch 514/20000, Train Loss: 0.3260, Validation Set Manhattan Distance: 12.0, Mask Weight: 0.923
Epoch 515/20000, Train Loss: 0.3280, Validation Set Manhattan Distance: 12.0, Mask Weight: 0.923
Epoch 516/20000, Train Loss: 0.3259, Validation Set Manhattan Distance: 12.0, Mask Weight: 0.923
Epoch 517/20000, Train Loss: 0.3258, Validation Set Manhattan Distance: 12.0, Mask Weight: 0.923
Epoch 518/20000, Train Loss: 0.3255, Validation Set Manhattan Distance: 12.0, Mask Weight: 0.923
Epoch 519/20000, Train Loss: 0.3258, Validation Set Manhattan Distance: 12.0, Mask Weight: 0.923
Epoch 520/20000, Train Loss: 0.3260, Validation Set Manhattan Distance: 12.0, Mask Weight: 0.923
Epoch 521/20000, Train Loss: 0.3260, Validation Set Manhattan Distance: 12.0, Mask Weight: 0.923
Epoch 522/20000, Train Loss: 0.3263, Validation Set Manhattan Distance: 12.0, Mask Weight: 0.923
Epoch 523/20000, Train Loss: 0.3269, Validation Set Manhattan Distance: 12.0, Mask Weight: 0.923
Epoch 524/20000, Train Loss: 0.3275, Validation Set Manhattan Distance: 12.0, Mask Weight: 0.923
Epoch 525/20000, Train Loss: 0.3259, Validation Set Manhattan Distance: 12.0, Mask Weight: 0.923
Epoch 526/20000, Train Loss: 0.3272, Validation Set Manhattan Distance: 12.0, Mask Weight: 0.923
Epoch 527/20000, Train Loss: 0.3267, Validation Set Manhattan Distance: 12.0, Mask Weight: 0.923
Epoch 528/20000, Train Loss: 0.3285, Validation Set Manhattan Distance: 12.0, Mask Weight: 0.923
Epoch 529/20000, Train Loss: 0.3259, Validation Set Manhattan Distance: 12.0, Mask Weight: 0.923
Epoch 530/20000, Train Loss: 0.3277, Validation Set Manhattan Distance: 12.0, Mask Weight: 0.923
Epoch 531/20000, Train Loss: 0.3263, Validation Set Manhattan Distance: 12.0, Mask Weight: 0.923
Epoch 532/20000, Train Loss: 0.3266, Validation Set Manhattan Distance: 12.0, Mask Weight: 0.923
Epoch 533/20000, Train Loss: 0.3264, Validation Set Manhattan Distance: 12.0, Mask Weight: 0.923
Epoch 534/20000, Train Loss: 0.3267, Validation Set Manhattan Distance: 12.0, Mask Weight: 0.923
Epoch 535/20000, Train Loss: 0.3266, Validation Set Manhattan Distance: 12.0, Mask Weight: 0.923
Epoch 536/20000, Train Loss: 0.3265, Validation Set Manhattan Distance: 12.0, Mask Weight: 0.923
Epoch 537/20000, Train Loss: 0.3257, Validation Set Manhattan Distance: 12.0, Mask Weight: 0.923
Epoch 538/20000, Train Loss: 0.3255, Validation Set Manhattan Distance: 12.0, Mask Weight: 0.923
Epoch 539/20000, Train Loss: 0.3250, Validation Set Manhattan Distance: 12.0, Mask Weight: 0.923
Epoch 540/20000, Train Loss: 0.3251, Validation Set Manhattan Distance: 12.0, Mask Weight: 0.923
Epoch 541/20000, Train Loss: 0.3262, Validation Set Manhattan Distance: 12.0, Mask Weight: 0.923
Epoch 542/20000, Train Loss: 0.3266, Validation Set Manhattan Distance: 12.0, Mask Weight: 0.923
Epoch 543/20000, Train Loss: 0.3260, Validation Set Manhattan Distance: 12.0, Mask Weight: 0.923
Epoch 544/20000, Train Loss: 0.3245, Validation Set Manhattan Distance: 12.0, Mask Weight: 0.923
Epoch 545/20000, Train Loss: 0.3265, Validation Set Manhattan Distance: 12.0, Mask Weight: 0.923
Epoch 546/20000, Train Loss: 0.3267, Validation Set Manhattan Distance: 12.0, Mask Weight: 0.923
Epoch 547/20000, Train Loss: 0.3267, Validation Set Manhattan Distance: 12.0, Mask Weight: 0.923
Epoch 548/20000, Train Loss: 0.3251, Validation Set Manhattan Distance: 12.0, Mask Weight: 0.923
Epoch 549/20000, Train Loss: 0.3259, Validation Set Manhattan Distance: 12.0, Mask Weight: 0.923
Epoch 550/20000, Train Loss: 0.3262, Validation Set Manhattan Distance: 12.0, Mask Weight: 0.923
Epoch 551/20000, Train Loss: 0.3248, Validation Set Manhattan Distance: 12.0, Mask Weight: 0.923
Epoch 552/20000, Train Loss: 0.3263, Validation Set Manhattan Distance: 12.0, Mask Weight: 0.923
Epoch 553/20000, Train Loss: 0.3259, Validation Set Manhattan Distance: 12.0, Mask Weight: 0.923
Epoch 554/20000, Train Loss: 0.3251, Validation Set Manhattan Distance: 12.0, Mask Weight: 0.923
Epoch 555/20000, Train Loss: 0.3257, Validation Set Manhattan Distance: 12.0, Mask Weight: 0.923
Epoch 556/20000, Train Loss: 0.3261, Validation Set Manhattan Distance: 12.0, Mask Weight: 0.923
Epoch 557/20000, Train Loss: 0.3260, Validation Set Manhattan Distance: 12.0, Mask Weight: 0.923
Epoch 558/20000, Train Loss: 0.3262, Validation Set Manhattan Distance: 12.0, Mask Weight: 0.923
Epoch 559/20000, Train Loss: 0.3261, Validation Set Manhattan Distance: 12.0, Mask Weight: 0.923
Epoch 560/20000, Train Loss: 0.3277, Validation Set Manhattan Distance: 12.0, Mask Weight: 0.923
Epoch 561/20000, Train Loss: 0.3256, Validation Set Manhattan Distance: 12.0, Mask Weight: 0.923
Epoch 562/20000, Train Loss: 0.3261, Validation Set Manhattan Distance: 12.0, Mask Weight: 0.923
Epoch 563/20000, Train Loss: 0.3259, Validation Set Manhattan Distance: 12.0, Mask Weight: 0.923
Epoch 564/20000, Train Loss: 0.3255, Validation Set Manhattan Distance: 12.0, Mask Weight: 0.923
Epoch 565/20000, Train Loss: 0.3247, Validation Set Manhattan Distance: 12.0, Mask Weight: 0.923
Epoch 566/20000, Train Loss: 0.3264, Validation Set Manhattan Distance: 12.0, Mask Weight: 0.923
Epoch 567/20000, Train Loss: 0.3261, Validation Set Manhattan Distance: 12.0, Mask Weight: 0.923
Epoch 568/20000, Train Loss: 0.3266, Validation Set Manhattan Distance: 12.0, Mask Weight: 0.923
Epoch 569/20000, Train Loss: 0.3247, Validation Set Manhattan Distance: 12.0, Mask Weight: 0.923
Epoch 570/20000, Train Loss: 0.3276, Validation Set Manhattan Distance: 12.0, Mask Weight: 0.923
Epoch 571/20000, Train Loss: 0.3267, Validation Set Manhattan Distance: 12.0, Mask Weight: 0.923
Epoch 572/20000, Train Loss: 0.3250, Validation Set Manhattan Distance: 12.0, Mask Weight: 0.923
Epoch 573/20000, Train Loss: 0.3268, Validation Set Manhattan Distance: 12.0, Mask Weight: 0.923
Epoch 574/20000, Train Loss: 0.3249, Validation Set Manhattan Distance: 12.0, Mask Weight: 0.923
Epoch 575/20000, Train Loss: 0.3297, Validation Set Manhattan Distance: 12.0, Mask Weight: 0.923
Epoch 576/20000, Train Loss: 0.3260, Validation Set Manhattan Distance: 12.0, Mask Weight: 0.923
Epoch 577/20000, Train Loss: 0.3265, Validation Set Manhattan Distance: 12.0, Mask Weight: 0.923
Epoch 578/20000, Train Loss: 0.3261, Validation Set Manhattan Distance: 12.0, Mask Weight: 0.923
Epoch 579/20000, Train Loss: 0.3258, Validation Set Manhattan Distance: 12.0, Mask Weight: 0.923
Epoch 580/20000, Train Loss: 0.3255, Validation Set Manhattan Distance: 12.0, Mask Weight: 0.923
Epoch 581/20000, Train Loss: 0.3257, Validation Set Manhattan Distance: 12.0, Mask Weight: 0.923
Epoch 582/20000, Train Loss: 0.3253, Validation Set Manhattan Distance: 12.0, Mask Weight: 0.923
Epoch 583/20000, Train Loss: 0.3251, Validation Set Manhattan Distance: 12.0, Mask Weight: 0.923
Epoch 584/20000, Train Loss: 0.3259, Validation Set Manhattan Distance: 12.0, Mask Weight: 0.923
Epoch 585/20000, Train Loss: 0.3252, Validation Set Manhattan Distance: 12.0, Mask Weight: 0.923
Epoch 586/20000, Train Loss: 0.3256, Validation Set Manhattan Distance: 12.0, Mask Weight: 0.923
Epoch 587/20000, Train Loss: 0.3249, Validation Set Manhattan Distance: 12.0, Mask Weight: 0.923
Epoch 588/20000, Train Loss: 0.3265, Validation Set Manhattan Distance: 12.0, Mask Weight: 0.923
Epoch 589/20000, Train Loss: 0.3255, Validation Set Manhattan Distance: 12.0, Mask Weight: 0.923
Epoch 590/20000, Train Loss: 0.3285, Validation Set Manhattan Distance: 12.0, Mask Weight: 0.923
Epoch 591/20000, Train Loss: 0.3281, Validation Set Manhattan Distance: 12.0, Mask Weight: 0.923
Epoch 592/20000, Train Loss: 0.3249, Validation Set Manhattan Distance: 12.0, Mask Weight: 0.923
Epoch 593/20000, Train Loss: 0.3263, Validation Set Manhattan Distance: 12.0, Mask Weight: 0.923
Epoch 594/20000, Train Loss: 0.3242, Validation Set Manhattan Distance: 12.0, Mask Weight: 0.923
Epoch 595/20000, Train Loss: 0.3246, Validation Set Manhattan Distance: 12.0, Mask Weight: 0.923
Epoch 596/20000, Train Loss: 0.3272, Validation Set Manhattan Distance: 12.0, Mask Weight: 0.923
Epoch 597/20000, Train Loss: 0.3248, Validation Set Manhattan Distance: 12.0, Mask Weight: 0.923
Epoch 598/20000, Train Loss: 0.3264, Validation Set Manhattan Distance: 12.0, Mask Weight: 0.923
Epoch 599/20000, Train Loss: 0.3255, Validation Set Manhattan Distance: 12.0, Mask Weight: 0.923
Epoch 600/20000, Train Loss: 0.3250, Validation Set Manhattan Distance: 12.0, Mask Weight: 0.923
Epoch 601/20000, Train Loss: 0.3256, Validation Set Manhattan Distance: 12.0, Mask Weight: 0.923
Epoch 602/20000, Train Loss: 0.3245, Validation Set Manhattan Distance: 12.0, Mask Weight: 0.923
Epoch 603/20000, Train Loss: 0.3249, Validation Set Manhattan Distance: 12.0, Mask Weight: 0.923
Epoch 604/20000, Train Loss: 0.3257, Validation Set Manhattan Distance: 12.0, Mask Weight: 0.923
Epoch 605/20000, Train Loss: 0.3260, Validation Set Manhattan Distance: 12.0, Mask Weight: 0.923
Epoch 606/20000, Train Loss: 0.3256, Validation Set Manhattan Distance: 12.0, Mask Weight: 0.923
Epoch 607/20000, Train Loss: 0.3256, Validation Set Manhattan Distance: 12.0, Mask Weight: 0.923
Epoch 608/20000, Train Loss: 0.3279, Validation Set Manhattan Distance: 12.0, Mask Weight: 0.923
Epoch 609/20000, Train Loss: 0.3260, Validation Set Manhattan Distance: 12.0, Mask Weight: 0.923
Epoch 610/20000, Train Loss: 0.3260, Validation Set Manhattan Distance: 12.0, Mask Weight: 0.923
Epoch 611/20000, Train Loss: 0.3259, Validation Set Manhattan Distance: 12.0, Mask Weight: 0.923
Epoch 612/20000, Train Loss: 0.3253, Validation Set Manhattan Distance: 12.0, Mask Weight: 0.923
Epoch 613/20000, Train Loss: 0.3258, Validation Set Manhattan Distance: 12.0, Mask Weight: 0.923
Epoch 614/20000, Train Loss: 0.3245, Validation Set Manhattan Distance: 12.0, Mask Weight: 0.923
Epoch 615/20000, Train Loss: 0.3254, Validation Set Manhattan Distance: 12.0, Mask Weight: 0.923
Epoch 616/20000, Train Loss: 0.3243, Validation Set Manhattan Distance: 12.0, Mask Weight: 0.923
Epoch 617/20000, Train Loss: 0.3260, Validation Set Manhattan Distance: 12.0, Mask Weight: 0.923
Epoch 618/20000, Train Loss: 0.3282, Validation Set Manhattan Distance: 12.0, Mask Weight: 0.923
Epoch 619/20000, Train Loss: 0.3277, Validation Set Manhattan Distance: 12.0, Mask Weight: 0.923
Epoch 620/20000, Train Loss: 0.3257, Validation Set Manhattan Distance: 12.0, Mask Weight: 0.923
Epoch 621/20000, Train Loss: 0.3249, Validation Set Manhattan Distance: 12.0, Mask Weight: 0.923
Epoch 622/20000, Train Loss: 0.3246, Validation Set Manhattan Distance: 12.0, Mask Weight: 0.923
Epoch 623/20000, Train Loss: 0.3240, Validation Set Manhattan Distance: 12.0, Mask Weight: 0.923
Epoch 624/20000, Train Loss: 0.3264, Validation Set Manhattan Distance: 12.0, Mask Weight: 0.923
Epoch 625/20000, Train Loss: 0.3296, Validation Set Manhattan Distance: 12.0, Mask Weight: 0.923
Epoch 626/20000, Train Loss: 0.3271, Validation Set Manhattan Distance: 12.0, Mask Weight: 0.923
Epoch 627/20000, Train Loss: 0.3263, Validation Set Manhattan Distance: 12.0, Mask Weight: 0.923
Epoch 628/20000, Train Loss: 0.3267, Validation Set Manhattan Distance: 12.0, Mask Weight: 0.923
Epoch 629/20000, Train Loss: 0.3256, Validation Set Manhattan Distance: 12.0, Mask Weight: 0.923
Epoch 630/20000, Train Loss: 0.3241, Validation Set Manhattan Distance: 12.0, Mask Weight: 0.923
Epoch 631/20000, Train Loss: 0.3243, Validation Set Manhattan Distance: 12.0, Mask Weight: 0.923
Epoch 632/20000, Train Loss: 0.3260, Validation Set Manhattan Distance: 12.0, Mask Weight: 0.923
Epoch 633/20000, Train Loss: 0.3247, Validation Set Manhattan Distance: 12.0, Mask Weight: 0.923
Epoch 634/20000, Train Loss: 0.3257, Validation Set Manhattan Distance: 12.0, Mask Weight: 0.923
Epoch 635/20000, Train Loss: 0.3246, Validation Set Manhattan Distance: 12.0, Mask Weight: 0.923
Epoch 636/20000, Train Loss: 0.3237, Validation Set Manhattan Distance: 12.0, Mask Weight: 0.923
Epoch 637/20000, Train Loss: 0.3258, Validation Set Manhattan Distance: 12.0, Mask Weight: 0.923
Epoch 638/20000, Train Loss: 0.3239, Validation Set Manhattan Distance: 12.0, Mask Weight: 0.923
Epoch 639/20000, Train Loss: 0.3253, Validation Set Manhattan Distance: 12.0, Mask Weight: 0.923
Epoch 640/20000, Train Loss: 0.3262, Validation Set Manhattan Distance: 12.0, Mask Weight: 0.923
Epoch 641/20000, Train Loss: 0.3253, Validation Set Manhattan Distance: 12.0, Mask Weight: 0.923
Epoch 642/20000, Train Loss: 0.3236, Validation Set Manhattan Distance: 12.0, Mask Weight: 0.923
Epoch 643/20000, Train Loss: 0.3263, Validation Set Manhattan Distance: 12.0, Mask Weight: 0.923
Epoch 644/20000, Train Loss: 0.3252, Validation Set Manhattan Distance: 12.0, Mask Weight: 0.923
Epoch 645/20000, Train Loss: 0.3269, Validation Set Manhattan Distance: 12.0, Mask Weight: 0.923
Epoch 646/20000, Train Loss: 0.3280, Validation Set Manhattan Distance: 12.0, Mask Weight: 0.923
Epoch 647/20000, Train Loss: 0.3245, Validation Set Manhattan Distance: 12.0, Mask Weight: 0.923
Epoch 648/20000, Train Loss: 0.3249, Validation Set Manhattan Distance: 12.0, Mask Weight: 0.923
Epoch 649/20000, Train Loss: 0.3245, Validation Set Manhattan Distance: 12.0, Mask Weight: 0.923
Epoch 650/20000, Train Loss: 0.3260, Validation Set Manhattan Distance: 12.0, Mask Weight: 0.923
Epoch 651/20000, Train Loss: 0.3247, Validation Set Manhattan Distance: 12.0, Mask Weight: 0.923
Epoch 652/20000, Train Loss: 0.3254, Validation Set Manhattan Distance: 12.0, Mask Weight: 0.923
Epoch 653/20000, Train Loss: 0.3248, Validation Set Manhattan Distance: 12.0, Mask Weight: 0.923
Epoch 654/20000, Train Loss: 0.3244, Validation Set Manhattan Distance: 12.0, Mask Weight: 0.923
Epoch 655/20000, Train Loss: 0.3239, Validation Set Manhattan Distance: 12.0, Mask Weight: 0.923
Epoch 656/20000, Train Loss: 0.3254, Validation Set Manhattan Distance: 12.0, Mask Weight: 0.923
Epoch 657/20000, Train Loss: 0.3247, Validation Set Manhattan Distance: 12.0, Mask Weight: 0.923
Epoch 658/20000, Train Loss: 0.3281, Validation Set Manhattan Distance: 12.0, Mask Weight: 0.923
Epoch 659/20000, Train Loss: 0.3253, Validation Set Manhattan Distance: 12.0, Mask Weight: 0.923
Epoch 660/20000, Train Loss: 0.3251, Validation Set Manhattan Distance: 12.0, Mask Weight: 0.923
Epoch 661/20000, Train Loss: 0.3262, Validation Set Manhattan Distance: 12.0, Mask Weight: 0.923
Epoch 662/20000, Train Loss: 0.3274, Validation Set Manhattan Distance: 12.0, Mask Weight: 0.923
Epoch 663/20000, Train Loss: 0.3282, Validation Set Manhattan Distance: 12.0, Mask Weight: 0.923
Epoch 664/20000, Train Loss: 0.3260, Validation Set Manhattan Distance: 12.0, Mask Weight: 0.923
Epoch 665/20000, Train Loss: 0.3263, Validation Set Manhattan Distance: 12.0, Mask Weight: 0.923
Epoch 666/20000, Train Loss: 0.3248, Validation Set Manhattan Distance: 12.0, Mask Weight: 0.923
Epoch 667/20000, Train Loss: 0.3265, Validation Set Manhattan Distance: 12.0, Mask Weight: 0.923
Epoch 668/20000, Train Loss: 0.3259, Validation Set Manhattan Distance: 12.0, Mask Weight: 0.923
Epoch 669/20000, Train Loss: 0.3249, Validation Set Manhattan Distance: 12.0, Mask Weight: 0.923
Epoch 670/20000, Train Loss: 0.3269, Validation Set Manhattan Distance: 12.0, Mask Weight: 0.923
Epoch 671/20000, Train Loss: 0.3248, Validation Set Manhattan Distance: 12.0, Mask Weight: 0.923
Epoch 672/20000, Train Loss: 0.3259, Validation Set Manhattan Distance: 12.0, Mask Weight: 0.923
Epoch 673/20000, Train Loss: 0.3249, Validation Set Manhattan Distance: 12.0, Mask Weight: 0.923
Epoch 674/20000, Train Loss: 0.3262, Validation Set Manhattan Distance: 12.0, Mask Weight: 0.923
Epoch 675/20000, Train Loss: 0.3249, Validation Set Manhattan Distance: 12.0, Mask Weight: 0.923
Epoch 676/20000, Train Loss: 0.3250, Validation Set Manhattan Distance: 12.0, Mask Weight: 0.923
Epoch 677/20000, Train Loss: 0.3257, Validation Set Manhattan Distance: 12.0, Mask Weight: 0.923
Epoch 678/20000, Train Loss: 0.3265, Validation Set Manhattan Distance: 12.0, Mask Weight: 0.923
Epoch 679/20000, Train Loss: 0.3275, Validation Set Manhattan Distance: 12.0, Mask Weight: 0.923
Epoch 680/20000, Train Loss: 0.3255, Validation Set Manhattan Distance: 12.0, Mask Weight: 0.923
Epoch 681/20000, Train Loss: 0.3246, Validation Set Manhattan Distance: 12.0, Mask Weight: 0.923
Epoch 682/20000, Train Loss: 0.3256, Validation Set Manhattan Distance: 12.0, Mask Weight: 0.923
Epoch 683/20000, Train Loss: 0.3256, Validation Set Manhattan Distance: 12.0, Mask Weight: 0.923
Epoch 684/20000, Train Loss: 0.3240, Validation Set Manhattan Distance: 12.0, Mask Weight: 0.923
Epoch 685/20000, Train Loss: 0.3251, Validation Set Manhattan Distance: 12.0, Mask Weight: 0.923
Epoch 686/20000, Train Loss: 0.3238, Validation Set Manhattan Distance: 12.0, Mask Weight: 0.923
Epoch 687/20000, Train Loss: 0.3237, Validation Set Manhattan Distance: 12.0, Mask Weight: 0.923
Epoch 688/20000, Train Loss: 0.3253, Validation Set Manhattan Distance: 12.0, Mask Weight: 0.923
Epoch 689/20000, Train Loss: 0.3245, Validation Set Manhattan Distance: 12.0, Mask Weight: 0.923
Epoch 690/20000, Train Loss: 0.3236, Validation Set Manhattan Distance: 12.0, Mask Weight: 0.923
Epoch 691/20000, Train Loss: 0.3236, Validation Set Manhattan Distance: 12.0, Mask Weight: 0.923
Epoch 692/20000, Train Loss: 0.3249, Validation Set Manhattan Distance: 12.0, Mask Weight: 0.923
Epoch 693/20000, Train Loss: 0.3244, Validation Set Manhattan Distance: 12.0, Mask Weight: 0.923
Epoch 694/20000, Train Loss: 0.3253, Validation Set Manhattan Distance: 12.0, Mask Weight: 0.923
Epoch 695/20000, Train Loss: 0.3246, Validation Set Manhattan Distance: 12.0, Mask Weight: 0.923
Epoch 696/20000, Train Loss: 0.3250, Validation Set Manhattan Distance: 12.0, Mask Weight: 0.923
Epoch 697/20000, Train Loss: 0.3245, Validation Set Manhattan Distance: 12.0, Mask Weight: 0.923
Epoch 698/20000, Train Loss: 0.3242, Validation Set Manhattan Distance: 12.0, Mask Weight: 0.923
Epoch 699/20000, Train Loss: 0.3255, Validation Set Manhattan Distance: 12.0, Mask Weight: 0.923
Epoch 700/20000, Train Loss: 0.3237, Validation Set Manhattan Distance: 12.0, Mask Weight: 0.923
Epoch 701/20000, Train Loss: 0.3258, Validation Set Manhattan Distance: 12.0, Mask Weight: 0.923
Epoch 702/20000, Train Loss: 0.3256, Validation Set Manhattan Distance: 12.0, Mask Weight: 0.923
Epoch 703/20000, Train Loss: 0.3238, Validation Set Manhattan Distance: 12.0, Mask Weight: 0.923
Epoch 704/20000, Train Loss: 0.3232, Validation Set Manhattan Distance: 12.0, Mask Weight: 0.923
Epoch 705/20000, Train Loss: 0.3253, Validation Set Manhattan Distance: 12.0, Mask Weight: 0.923
Epoch 706/20000, Train Loss: 0.3261, Validation Set Manhattan Distance: 12.0, Mask Weight: 0.923
Epoch 707/20000, Train Loss: 0.3245, Validation Set Manhattan Distance: 12.0, Mask Weight: 0.923
Epoch 708/20000, Train Loss: 0.3237, Validation Set Manhattan Distance: 12.0, Mask Weight: 0.923
Epoch 709/20000, Train Loss: 0.3258, Validation Set Manhattan Distance: 12.0, Mask Weight: 0.923
Epoch 710/20000, Train Loss: 0.3260, Validation Set Manhattan Distance: 12.0, Mask Weight: 0.923
Epoch 711/20000, Train Loss: 0.3267, Validation Set Manhattan Distance: 12.0, Mask Weight: 0.923
Epoch 712/20000, Train Loss: 0.3240, Validation Set Manhattan Distance: 12.0, Mask Weight: 0.923
Epoch 713/20000, Train Loss: 0.3248, Validation Set Manhattan Distance: 12.0, Mask Weight: 0.923
Epoch 714/20000, Train Loss: 0.3235, Validation Set Manhattan Distance: 12.0, Mask Weight: 0.923
Epoch 715/20000, Train Loss: 0.3257, Validation Set Manhattan Distance: 12.0, Mask Weight: 0.923
Epoch 716/20000, Train Loss: 0.3229, Validation Set Manhattan Distance: 12.0, Mask Weight: 0.923
Epoch 717/20000, Train Loss: 0.3257, Validation Set Manhattan Distance: 12.0, Mask Weight: 0.923
Epoch 718/20000, Train Loss: 0.3238, Validation Set Manhattan Distance: 12.0, Mask Weight: 0.923
Epoch 719/20000, Train Loss: 0.3240, Validation Set Manhattan Distance: 12.0, Mask Weight: 0.923
Epoch 720/20000, Train Loss: 0.3238, Validation Set Manhattan Distance: 12.0, Mask Weight: 0.923
Epoch 721/20000, Train Loss: 0.3234, Validation Set Manhattan Distance: 12.0, Mask Weight: 0.923
Epoch 722/20000, Train Loss: 0.3242, Validation Set Manhattan Distance: 12.0, Mask Weight: 0.923
Epoch 723/20000, Train Loss: 0.3248, Validation Set Manhattan Distance: 12.0, Mask Weight: 0.923
Epoch 724/20000, Train Loss: 0.3261, Validation Set Manhattan Distance: 12.0, Mask Weight: 0.923
Epoch 725/20000, Train Loss: 0.3281, Validation Set Manhattan Distance: 12.0, Mask Weight: 0.923
Epoch 726/20000, Train Loss: 0.3260, Validation Set Manhattan Distance: 12.0, Mask Weight: 0.923
Epoch 727/20000, Train Loss: 0.3243, Validation Set Manhattan Distance: 12.0, Mask Weight: 0.923
Epoch 728/20000, Train Loss: 0.3245, Validation Set Manhattan Distance: 12.0, Mask Weight: 0.923
Epoch 729/20000, Train Loss: 0.3274, Validation Set Manhattan Distance: 12.0, Mask Weight: 0.923
Epoch 730/20000, Train Loss: 0.3252, Validation Set Manhattan Distance: 12.0, Mask Weight: 0.923
Epoch 731/20000, Train Loss: 0.3259, Validation Set Manhattan Distance: 12.0, Mask Weight: 0.923
Epoch 732/20000, Train Loss: 0.3255, Validation Set Manhattan Distance: 12.0, Mask Weight: 0.923
Epoch 733/20000, Train Loss: 0.3248, Validation Set Manhattan Distance: 12.0, Mask Weight: 0.923
Epoch 734/20000, Train Loss: 0.3267, Validation Set Manhattan Distance: 12.0, Mask Weight: 0.923
Epoch 735/20000, Train Loss: 0.3251, Validation Set Manhattan Distance: 12.0, Mask Weight: 0.923
Epoch 736/20000, Train Loss: 0.3259, Validation Set Manhattan Distance: 12.0, Mask Weight: 0.923
Epoch 737/20000, Train Loss: 0.3245, Validation Set Manhattan Distance: 12.0, Mask Weight: 0.923
Epoch 738/20000, Train Loss: 0.3252, Validation Set Manhattan Distance: 12.0, Mask Weight: 0.923
Epoch 739/20000, Train Loss: 0.3240, Validation Set Manhattan Distance: 12.0, Mask Weight: 0.923
Epoch 740/20000, Train Loss: 0.3247, Validation Set Manhattan Distance: 12.0, Mask Weight: 0.923
Epoch 741/20000, Train Loss: 0.3235, Validation Set Manhattan Distance: 12.0, Mask Weight: 0.923
Epoch 742/20000, Train Loss: 0.3255, Validation Set Manhattan Distance: 12.0, Mask Weight: 0.923
Epoch 743/20000, Train Loss: 0.3241, Validation Set Manhattan Distance: 12.0, Mask Weight: 0.923
Epoch 744/20000, Train Loss: 0.3260, Validation Set Manhattan Distance: 12.0, Mask Weight: 0.923
Epoch 745/20000, Train Loss: 0.3237, Validation Set Manhattan Distance: 12.0, Mask Weight: 0.923
Epoch 746/20000, Train Loss: 0.3231, Validation Set Manhattan Distance: 12.0, Mask Weight: 0.923
Epoch 747/20000, Train Loss: 0.3233, Validation Set Manhattan Distance: 12.0, Mask Weight: 0.923
Epoch 748/20000, Train Loss: 0.3237, Validation Set Manhattan Distance: 12.0, Mask Weight: 0.923
Epoch 749/20000, Train Loss: 0.3247, Validation Set Manhattan Distance: 12.0, Mask Weight: 0.923
Epoch 750/20000, Train Loss: 0.3249, Validation Set Manhattan Distance: 12.0, Mask Weight: 0.923
Epoch 751/20000, Train Loss: 0.3249, Validation Set Manhattan Distance: 12.0, Mask Weight: 0.923
Epoch 752/20000, Train Loss: 0.3247, Validation Set Manhattan Distance: 12.0, Mask Weight: 0.923
Epoch 753/20000, Train Loss: 0.3242, Validation Set Manhattan Distance: 12.0, Mask Weight: 0.923
Epoch 754/20000, Train Loss: 0.3238, Validation Set Manhattan Distance: 12.0, Mask Weight: 0.923
Epoch 755/20000, Train Loss: 0.3238, Validation Set Manhattan Distance: 12.0, Mask Weight: 0.923
Epoch 756/20000, Train Loss: 0.3252, Validation Set Manhattan Distance: 12.0, Mask Weight: 0.923
Epoch 757/20000, Train Loss: 0.3233, Validation Set Manhattan Distance: 12.0, Mask Weight: 0.923
Epoch 758/20000, Train Loss: 0.3242, Validation Set Manhattan Distance: 12.0, Mask Weight: 0.923
Epoch 759/20000, Train Loss: 0.3297, Validation Set Manhattan Distance: 12.0, Mask Weight: 0.923
Epoch 760/20000, Train Loss: 0.3277, Validation Set Manhattan Distance: 12.0, Mask Weight: 0.923
Epoch 761/20000, Train Loss: 0.3254, Validation Set Manhattan Distance: 12.0, Mask Weight: 0.923
Epoch 762/20000, Train Loss: 0.3265, Validation Set Manhattan Distance: 12.0, Mask Weight: 0.923
Epoch 763/20000, Train Loss: 0.3232, Validation Set Manhattan Distance: 12.0, Mask Weight: 0.923
Epoch 764/20000, Train Loss: 0.3240, Validation Set Manhattan Distance: 12.0, Mask Weight: 0.923
Epoch 765/20000, Train Loss: 0.3269, Validation Set Manhattan Distance: 12.0, Mask Weight: 0.923
Epoch 766/20000, Train Loss: 0.3283, Validation Set Manhattan Distance: 12.0, Mask Weight: 0.923
Epoch 767/20000, Train Loss: 0.3266, Validation Set Manhattan Distance: 12.0, Mask Weight: 0.923
Epoch 768/20000, Train Loss: 0.3244, Validation Set Manhattan Distance: 12.0, Mask Weight: 0.923
Epoch 769/20000, Train Loss: 0.3250, Validation Set Manhattan Distance: 12.0, Mask Weight: 0.923
Epoch 770/20000, Train Loss: 0.3256, Validation Set Manhattan Distance: 12.0, Mask Weight: 0.923
Epoch 771/20000, Train Loss: 0.3238, Validation Set Manhattan Distance: 12.0, Mask Weight: 0.923
Epoch 772/20000, Train Loss: 0.3246, Validation Set Manhattan Distance: 12.0, Mask Weight: 0.923
Epoch 773/20000, Train Loss: 0.3238, Validation Set Manhattan Distance: 12.0, Mask Weight: 0.923
Epoch 774/20000, Train Loss: 0.3233, Validation Set Manhattan Distance: 12.0, Mask Weight: 0.923
Epoch 775/20000, Train Loss: 0.3248, Validation Set Manhattan Distance: 12.0, Mask Weight: 0.923
Epoch 776/20000, Train Loss: 0.3238, Validation Set Manhattan Distance: 12.0, Mask Weight: 0.923
Epoch 777/20000, Train Loss: 0.3238, Validation Set Manhattan Distance: 12.0, Mask Weight: 0.923
Epoch 778/20000, Train Loss: 0.3249, Validation Set Manhattan Distance: 12.0, Mask Weight: 0.923
Epoch 779/20000, Train Loss: 0.3242, Validation Set Manhattan Distance: 12.0, Mask Weight: 0.923
Epoch 780/20000, Train Loss: 0.3264, Validation Set Manhattan Distance: 12.0, Mask Weight: 0.923
Epoch 781/20000, Train Loss: 0.3276, Validation Set Manhattan Distance: 12.0, Mask Weight: 0.923
Epoch 782/20000, Train Loss: 0.3242, Validation Set Manhattan Distance: 12.0, Mask Weight: 0.923
Epoch 783/20000, Train Loss: 0.3246, Validation Set Manhattan Distance: 12.0, Mask Weight: 0.923
Epoch 784/20000, Train Loss: 0.3258, Validation Set Manhattan Distance: 12.0, Mask Weight: 0.923
Epoch 785/20000, Train Loss: 0.3241, Validation Set Manhattan Distance: 12.0, Mask Weight: 0.923
Epoch 786/20000, Train Loss: 0.3263, Validation Set Manhattan Distance: 12.0, Mask Weight: 0.923
Epoch 787/20000, Train Loss: 0.3255, Validation Set Manhattan Distance: 12.0, Mask Weight: 0.923
Epoch 788/20000, Train Loss: 0.3255, Validation Set Manhattan Distance: 12.0, Mask Weight: 0.923
Epoch 789/20000, Train Loss: 0.3249, Validation Set Manhattan Distance: 12.0, Mask Weight: 0.923
Epoch 790/20000, Train Loss: 0.3241, Validation Set Manhattan Distance: 12.0, Mask Weight: 0.923
Epoch 791/20000, Train Loss: 0.3257, Validation Set Manhattan Distance: 12.0, Mask Weight: 0.923
Epoch 792/20000, Train Loss: 0.3240, Validation Set Manhattan Distance: 12.0, Mask Weight: 0.923
Epoch 793/20000, Train Loss: 0.3227, Validation Set Manhattan Distance: 12.0, Mask Weight: 0.923
Epoch 794/20000, Train Loss: 0.3260, Validation Set Manhattan Distance: 12.0, Mask Weight: 0.923
Epoch 795/20000, Train Loss: 0.3265, Validation Set Manhattan Distance: 12.0, Mask Weight: 0.923
Epoch 796/20000, Train Loss: 0.3237, Validation Set Manhattan Distance: 12.0, Mask Weight: 0.923
Epoch 797/20000, Train Loss: 0.3239, Validation Set Manhattan Distance: 12.0, Mask Weight: 0.923
Epoch 798/20000, Train Loss: 0.3226, Validation Set Manhattan Distance: 12.0, Mask Weight: 0.923
Epoch 799/20000, Train Loss: 0.3234, Validation Set Manhattan Distance: 12.0, Mask Weight: 0.923
Epoch 800/20000, Train Loss: 0.3250, Validation Set Manhattan Distance: 12.0, Mask Weight: 0.923
Epoch 801/20000, Train Loss: 0.3243, Validation Set Manhattan Distance: 12.0, Mask Weight: 0.923
Epoch 802/20000, Train Loss: 0.3248, Validation Set Manhattan Distance: 12.0, Mask Weight: 0.923
Epoch 803/20000, Train Loss: 0.3240, Validation Set Manhattan Distance: 12.0, Mask Weight: 0.923
Epoch 804/20000, Train Loss: 0.3252, Validation Set Manhattan Distance: 12.0, Mask Weight: 0.923
Epoch 805/20000, Train Loss: 0.3244, Validation Set Manhattan Distance: 12.0, Mask Weight: 0.923
Epoch 806/20000, Train Loss: 0.3256, Validation Set Manhattan Distance: 12.0, Mask Weight: 0.923
Epoch 807/20000, Train Loss: 0.3243, Validation Set Manhattan Distance: 12.0, Mask Weight: 0.923
Epoch 808/20000, Train Loss: 0.3253, Validation Set Manhattan Distance: 12.0, Mask Weight: 0.923
Epoch 809/20000, Train Loss: 0.3253, Validation Set Manhattan Distance: 12.0, Mask Weight: 0.923
Epoch 810/20000, Train Loss: 0.3259, Validation Set Manhattan Distance: 12.0, Mask Weight: 0.923
Epoch 811/20000, Train Loss: 0.3263, Validation Set Manhattan Distance: 12.0, Mask Weight: 0.923
Epoch 812/20000, Train Loss: 0.3246, Validation Set Manhattan Distance: 12.0, Mask Weight: 0.923
Epoch 813/20000, Train Loss: 0.3245, Validation Set Manhattan Distance: 12.0, Mask Weight: 0.923
Epoch 814/20000, Train Loss: 0.3232, Validation Set Manhattan Distance: 12.0, Mask Weight: 0.923
Epoch 815/20000, Train Loss: 0.3228, Validation Set Manhattan Distance: 12.0, Mask Weight: 0.923
Epoch 816/20000, Train Loss: 0.3235, Validation Set Manhattan Distance: 12.0, Mask Weight: 0.923
Epoch 817/20000, Train Loss: 0.3236, Validation Set Manhattan Distance: 12.0, Mask Weight: 0.923
Epoch 818/20000, Train Loss: 0.3227, Validation Set Manhattan Distance: 12.0, Mask Weight: 0.923
Epoch 819/20000, Train Loss: 0.3235, Validation Set Manhattan Distance: 12.0, Mask Weight: 0.923
Epoch 820/20000, Train Loss: 0.3223, Validation Set Manhattan Distance: 12.0, Mask Weight: 0.923
Epoch 821/20000, Train Loss: 0.3239, Validation Set Manhattan Distance: 12.0, Mask Weight: 0.923
Epoch 822/20000, Train Loss: 0.3607, Validation Set Manhattan Distance: 12.0, Mask Weight: 0.923
Epoch 823/20000, Train Loss: 1.1190, Validation Set Manhattan Distance: 12.0, Mask Weight: 0.923
Epoch 824/20000, Train Loss: 1.0103, Validation Set Manhattan Distance: 12.0, Mask Weight: 0.923
Epoch 825/20000, Train Loss: 0.9277, Validation Set Manhattan Distance: 12.0, Mask Weight: 0.923
Epoch 826/20000, Train Loss: 0.8308, Validation Set Manhattan Distance: 12.0, Mask Weight: 0.923
Epoch 827/20000, Train Loss: 0.7578, Validation Set Manhattan Distance: 12.0, Mask Weight: 0.923
Epoch 828/20000, Train Loss: 0.7420, Validation Set Manhattan Distance: 12.0, Mask Weight: 0.923
Epoch 829/20000, Train Loss: 0.7398, Validation Set Manhattan Distance: 12.0, Mask Weight: 0.923
Epoch 830/20000, Train Loss: 0.7368, Validation Set Manhattan Distance: 12.0, Mask Weight: 0.923
Epoch 831/20000, Train Loss: 0.7340, Validation Set Manhattan Distance: 12.0, Mask Weight: 0.923
Epoch 832/20000, Train Loss: 0.7301, Validation Set Manhattan Distance: 12.0, Mask Weight: 0.923
Epoch 833/20000, Train Loss: 0.7264, Validation Set Manhattan Distance: 12.0, Mask Weight: 0.923
Epoch 834/20000, Train Loss: 0.7224, Validation Set Manhattan Distance: 12.0, Mask Weight: 0.923
Epoch 835/20000, Train Loss: 0.7176, Validation Set Manhattan Distance: 12.0, Mask Weight: 0.923
Epoch 836/20000, Train Loss: 0.7102, Validation Set Manhattan Distance: 12.0, Mask Weight: 0.923
Epoch 837/20000, Train Loss: 0.6995, Validation Set Manhattan Distance: 12.0, Mask Weight: 0.923
Epoch 838/20000, Train Loss: 0.6821, Validation Set Manhattan Distance: 12.0, Mask Weight: 0.923
Epoch 839/20000, Train Loss: 0.6599, Validation Set Manhattan Distance: 12.0, Mask Weight: 0.923
Epoch 840/20000, Train Loss: 0.6296, Validation Set Manhattan Distance: 12.0, Mask Weight: 0.923
Epoch 841/20000, Train Loss: 0.6035, Validation Set Manhattan Distance: 12.0, Mask Weight: 0.923
Epoch 842/20000, Train Loss: 0.5893, Validation Set Manhattan Distance: 12.0, Mask Weight: 0.923
Epoch 843/20000, Train Loss: 0.5869, Validation Set Manhattan Distance: 12.0, Mask Weight: 0.923
Epoch 844/20000, Train Loss: 0.5782, Validation Set Manhattan Distance: 12.0, Mask Weight: 0.923
Epoch 845/20000, Train Loss: 0.5776, Validation Set Manhattan Distance: 12.0, Mask Weight: 0.923
Epoch 846/20000, Train Loss: 0.5778, Validation Set Manhattan Distance: 12.0, Mask Weight: 0.923
Epoch 847/20000, Train Loss: 0.5680, Validation Set Manhattan Distance: 12.0, Mask Weight: 0.923
Epoch 848/20000, Train Loss: 0.5607, Validation Set Manhattan Distance: 12.0, Mask Weight: 0.923
Epoch 849/20000, Train Loss: 0.5578, Validation Set Manhattan Distance: 12.0, Mask Weight: 0.923
Epoch 850/20000, Train Loss: 0.5479, Validation Set Manhattan Distance: 12.0, Mask Weight: 0.923
Epoch 851/20000, Train Loss: 0.5335, Validation Set Manhattan Distance: 12.0, Mask Weight: 0.923
Epoch 852/20000, Train Loss: 0.5225, Validation Set Manhattan Distance: 12.0, Mask Weight: 0.923
Epoch 853/20000, Train Loss: 0.4987, Validation Set Manhattan Distance: 12.0, Mask Weight: 0.923
Epoch 854/20000, Train Loss: 0.4796, Validation Set Manhattan Distance: 12.0, Mask Weight: 0.923
Epoch 855/20000, Train Loss: 0.5675, Validation Set Manhattan Distance: 12.0, Mask Weight: 0.923
Epoch 856/20000, Train Loss: 0.5331, Validation Set Manhattan Distance: 12.0, Mask Weight: 0.923
Epoch 857/20000, Train Loss: 0.5253, Validation Set Manhattan Distance: 12.0, Mask Weight: 0.923
Epoch 858/20000, Train Loss: 0.5172, Validation Set Manhattan Distance: 12.0, Mask Weight: 0.923
Epoch 859/20000, Train Loss: 0.4936, Validation Set Manhattan Distance: 12.0, Mask Weight: 0.923
Epoch 860/20000, Train Loss: 0.4744, Validation Set Manhattan Distance: 12.0, Mask Weight: 0.923
Epoch 861/20000, Train Loss: 0.4706, Validation Set Manhattan Distance: 12.0, Mask Weight: 0.923
Epoch 862/20000, Train Loss: 0.4844, Validation Set Manhattan Distance: 12.0, Mask Weight: 0.923
Epoch 863/20000, Train Loss: 0.4762, Validation Set Manhattan Distance: 12.0, Mask Weight: 0.923
Epoch 864/20000, Train Loss: 0.4746, Validation Set Manhattan Distance: 12.0, Mask Weight: 0.923
Epoch 865/20000, Train Loss: 0.4864, Validation Set Manhattan Distance: 12.0, Mask Weight: 0.923
Epoch 866/20000, Train Loss: 0.4590, Validation Set Manhattan Distance: 12.0, Mask Weight: 0.923
Epoch 867/20000, Train Loss: 0.4468, Validation Set Manhattan Distance: 12.0, Mask Weight: 0.923
Epoch 868/20000, Train Loss: 0.4377, Validation Set Manhattan Distance: 12.0, Mask Weight: 0.923
Epoch 869/20000, Train Loss: 0.4211, Validation Set Manhattan Distance: 12.0, Mask Weight: 0.923
Epoch 870/20000, Train Loss: 0.4213, Validation Set Manhattan Distance: 12.0, Mask Weight: 0.923
Epoch 871/20000, Train Loss: 0.4325, Validation Set Manhattan Distance: 12.0, Mask Weight: 0.923
Epoch 872/20000, Train Loss: 0.4182, Validation Set Manhattan Distance: 12.0, Mask Weight: 0.923
Epoch 873/20000, Train Loss: 0.4238, Validation Set Manhattan Distance: 12.0, Mask Weight: 0.923
Epoch 874/20000, Train Loss: 0.4637, Validation Set Manhattan Distance: 12.0, Mask Weight: 0.923
Epoch 875/20000, Train Loss: 0.4238, Validation Set Manhattan Distance: 12.0, Mask Weight: 0.923
Epoch 876/20000, Train Loss: 0.4323, Validation Set Manhattan Distance: 12.0, Mask Weight: 0.923
Epoch 877/20000, Train Loss: 0.4188, Validation Set Manhattan Distance: 12.0, Mask Weight: 0.923
Epoch 878/20000, Train Loss: 0.4030, Validation Set Manhattan Distance: 12.0, Mask Weight: 0.923
Epoch 879/20000, Train Loss: 0.3863, Validation Set Manhattan Distance: 12.0, Mask Weight: 0.923
Epoch 880/20000, Train Loss: 0.3817, Validation Set Manhattan Distance: 12.0, Mask Weight: 0.923
Epoch 881/20000, Train Loss: 0.3775, Validation Set Manhattan Distance: 12.0, Mask Weight: 0.923
Epoch 882/20000, Train Loss: 0.3750, Validation Set Manhattan Distance: 12.0, Mask Weight: 0.923
Epoch 883/20000, Train Loss: 0.3742, Validation Set Manhattan Distance: 12.0, Mask Weight: 0.923
Epoch 884/20000, Train Loss: 0.5441, Validation Set Manhattan Distance: 12.0, Mask Weight: 0.923
Epoch 885/20000, Train Loss: 0.4711, Validation Set Manhattan Distance: 12.0, Mask Weight: 0.923
Epoch 886/20000, Train Loss: 0.4651, Validation Set Manhattan Distance: 12.0, Mask Weight: 0.923
Epoch 887/20000, Train Loss: 0.4296, Validation Set Manhattan Distance: 12.0, Mask Weight: 0.923
Epoch 888/20000, Train Loss: 0.3990, Validation Set Manhattan Distance: 12.0, Mask Weight: 0.923
Epoch 889/20000, Train Loss: 0.3838, Validation Set Manhattan Distance: 12.0, Mask Weight: 0.923
Epoch 890/20000, Train Loss: 0.3778, Validation Set Manhattan Distance: 12.0, Mask Weight: 0.923
Epoch 891/20000, Train Loss: 0.3721, Validation Set Manhattan Distance: 12.0, Mask Weight: 0.923
Epoch 892/20000, Train Loss: 0.3799, Validation Set Manhattan Distance: 12.0, Mask Weight: 0.923
Epoch 893/20000, Train Loss: 0.3793, Validation Set Manhattan Distance: 12.0, Mask Weight: 0.923
Epoch 894/20000, Train Loss: 0.3731, Validation Set Manhattan Distance: 12.0, Mask Weight: 0.923
Epoch 895/20000, Train Loss: 0.3796, Validation Set Manhattan Distance: 12.0, Mask Weight: 0.923
Epoch 896/20000, Train Loss: 0.3794, Validation Set Manhattan Distance: 12.0, Mask Weight: 0.923
Epoch 897/20000, Train Loss: 0.4223, Validation Set Manhattan Distance: 12.0, Mask Weight: 0.923
Epoch 898/20000, Train Loss: 0.4714, Validation Set Manhattan Distance: 12.0, Mask Weight: 0.923
Epoch 899/20000, Train Loss: 0.3889, Validation Set Manhattan Distance: 12.0, Mask Weight: 0.923
Epoch 900/20000, Train Loss: 0.3751, Validation Set Manhattan Distance: 12.0, Mask Weight: 0.923
Epoch 901/20000, Train Loss: 0.3681, Validation Set Manhattan Distance: 12.0, Mask Weight: 0.923
Epoch 902/20000, Train Loss: 0.3585, Validation Set Manhattan Distance: 12.0, Mask Weight: 0.923
Epoch 903/20000, Train Loss: 0.3528, Validation Set Manhattan Distance: 12.0, Mask Weight: 0.923
Epoch 904/20000, Train Loss: 0.3525, Validation Set Manhattan Distance: 12.0, Mask Weight: 0.923
Epoch 905/20000, Train Loss: 0.3507, Validation Set Manhattan Distance: 12.0, Mask Weight: 0.923
Epoch 906/20000, Train Loss: 0.3488, Validation Set Manhattan Distance: 12.0, Mask Weight: 0.923
Epoch 907/20000, Train Loss: 0.3418, Validation Set Manhattan Distance: 12.0, Mask Weight: 0.923
Epoch 908/20000, Train Loss: 0.3452, Validation Set Manhattan Distance: 12.0, Mask Weight: 0.923
Epoch 909/20000, Train Loss: 0.4938, Validation Set Manhattan Distance: 12.0, Mask Weight: 0.923
Epoch 910/20000, Train Loss: 0.4975, Validation Set Manhattan Distance: 12.0, Mask Weight: 0.923
Epoch 911/20000, Train Loss: 0.4733, Validation Set Manhattan Distance: 12.0, Mask Weight: 0.923
Epoch 912/20000, Train Loss: 0.4268, Validation Set Manhattan Distance: 12.0, Mask Weight: 0.923
Epoch 913/20000, Train Loss: 0.4266, Validation Set Manhattan Distance: 12.0, Mask Weight: 0.923
Epoch 914/20000, Train Loss: 0.3878, Validation Set Manhattan Distance: 12.0, Mask Weight: 0.923
Epoch 915/20000, Train Loss: 0.3671, Validation Set Manhattan Distance: 12.0, Mask Weight: 0.923
Epoch 916/20000, Train Loss: 0.3597, Validation Set Manhattan Distance: 12.0, Mask Weight: 0.923
Epoch 917/20000, Train Loss: 0.3559, Validation Set Manhattan Distance: 12.0, Mask Weight: 0.923
Epoch 918/20000, Train Loss: 0.3491, Validation Set Manhattan Distance: 12.0, Mask Weight: 0.923
Epoch 919/20000, Train Loss: 0.3434, Validation Set Manhattan Distance: 12.0, Mask Weight: 0.923
Epoch 920/20000, Train Loss: 0.3403, Validation Set Manhattan Distance: 12.0, Mask Weight: 0.923
Epoch 921/20000, Train Loss: 0.3386, Validation Set Manhattan Distance: 12.0, Mask Weight: 0.923
Epoch 922/20000, Train Loss: 0.3369, Validation Set Manhattan Distance: 12.0, Mask Weight: 0.923
Epoch 923/20000, Train Loss: 0.3362, Validation Set Manhattan Distance: 12.0, Mask Weight: 0.923
Epoch 924/20000, Train Loss: 0.3340, Validation Set Manhattan Distance: 12.0, Mask Weight: 0.923
Epoch 925/20000, Train Loss: 0.3341, Validation Set Manhattan Distance: 12.0, Mask Weight: 0.923
Epoch 926/20000, Train Loss: 0.3325, Validation Set Manhattan Distance: 12.0, Mask Weight: 0.923
Epoch 927/20000, Train Loss: 0.3324, Validation Set Manhattan Distance: 12.0, Mask Weight: 0.923