Using device: cuda
Starting training with gradient-based adaptive weighted mask...
Epoch 1/20000, Train Loss: 57.8414, Validation Set Manhattan Distance: 12.0, Mask Weight: 1.000
  -> New best Validation Set Manhattan Distance: 12.0. Model saved.
Epoch 2/20000, Train Loss: 45.2191, Validation Set Manhattan Distance: 12.0, Mask Weight: 1.000
Epoch 3/20000, Train Loss: 37.1604, Validation Set Manhattan Distance: 12.0, Mask Weight: 1.000
Epoch 4/20000, Train Loss: 31.1324, Validation Set Manhattan Distance: 12.0, Mask Weight: 1.000
Epoch 5/20000, Train Loss: 26.1509, Validation Set Manhattan Distance: 12.0, Mask Weight: 1.000
Epoch 6/20000, Train Loss: 21.9251, Validation Set Manhattan Distance: 12.0, Mask Weight: 1.000
Epoch 7/20000, Train Loss: 18.4031, Validation Set Manhattan Distance: 12.0, Mask Weight: 1.000
Epoch 8/20000, Train Loss: 15.4603, Validation Set Manhattan Distance: 12.0, Mask Weight: 1.000
Epoch 9/20000, Train Loss: 12.9795, Validation Set Manhattan Distance: 12.0, Mask Weight: 1.000
Epoch 10/20000, Train Loss: 10.8826, Validation Set Manhattan Distance: 12.0, Mask Weight: 1.000
Epoch 11/20000, Train Loss: 9.1051, Validation Set Manhattan Distance: 12.0, Mask Weight: 1.000
Epoch 12/20000, Train Loss: 7.6075, Validation Set Manhattan Distance: 12.0, Mask Weight: 1.000
Epoch 13/20000, Train Loss: 6.3495, Validation Set Manhattan Distance: 12.0, Mask Weight: 1.000
Epoch 14/20000, Train Loss: 5.2979, Validation Set Manhattan Distance: 12.0, Mask Weight: 1.000
Epoch 15/20000, Train Loss: 4.4202, Validation Set Manhattan Distance: 12.0, Mask Weight: 1.000
Epoch 16/20000, Train Loss: 3.6887, Validation Set Manhattan Distance: 12.0, Mask Weight: 1.000
Epoch 17/20000, Train Loss: 3.0795, Validation Set Manhattan Distance: 12.0, Mask Weight: 1.000
Epoch 18/20000, Train Loss: 2.5722, Validation Set Manhattan Distance: 12.0, Mask Weight: 1.000
Epoch 19/20000, Train Loss: 2.1501, Validation Set Manhattan Distance: 12.0, Mask Weight: 1.000
Epoch 20/20000, Train Loss: 1.7990, Validation Set Manhattan Distance: 12.0, Mask Weight: 1.000
Epoch 21/20000, Train Loss: 1.5072, Validation Set Manhattan Distance: 12.0, Mask Weight: 1.000
Epoch 22/20000, Train Loss: 1.2643, Validation Set Manhattan Distance: 12.0, Mask Weight: 1.000
Epoch 23/20000, Train Loss: 1.0623, Validation Set Manhattan Distance: 12.0, Mask Weight: 1.000
Epoch 24/20000, Train Loss: 0.8942, Validation Set Manhattan Distance: 12.0, Mask Weight: 1.000
Epoch 25/20000, Train Loss: 0.7541, Validation Set Manhattan Distance: 12.0, Mask Weight: 1.000
Epoch 26/20000, Train Loss: 0.6371, Validation Set Manhattan Distance: 12.0, Mask Weight: 1.000
Epoch 27/20000, Train Loss: 0.5394, Validation Set Manhattan Distance: 12.0, Mask Weight: 1.000
Epoch 28/20000, Train Loss: 0.4576, Validation Set Manhattan Distance: 12.0, Mask Weight: 1.000
Epoch 29/20000, Train Loss: 0.3890, Validation Set Manhattan Distance: 12.0, Mask Weight: 1.000
Epoch 30/20000, Train Loss: 0.3313, Validation Set Manhattan Distance: 12.0, Mask Weight: 1.000
Epoch 31/20000, Train Loss: 0.2827, Validation Set Manhattan Distance: 12.0, Mask Weight: 1.000
Epoch 32/20000, Train Loss: 0.2416, Validation Set Manhattan Distance: 12.0, Mask Weight: 1.000
Epoch 33/20000, Train Loss: 0.2067, Validation Set Manhattan Distance: 12.0, Mask Weight: 1.000
Epoch 34/20000, Train Loss: 0.1772, Validation Set Manhattan Distance: 12.0, Mask Weight: 1.000
Epoch 35/20000, Train Loss: 0.1519, Validation Set Manhattan Distance: 12.0, Mask Weight: 1.000
Epoch 36/20000, Train Loss: 0.1304, Validation Set Manhattan Distance: 12.0, Mask Weight: 1.000
Epoch 37/20000, Train Loss: 0.1121, Validation Set Manhattan Distance: 12.0, Mask Weight: 1.000
  -> Train loss below 0.1. Mask weight reduction is now enabled.
Epoch 38/20000, Train Loss: 0.0962, Validation Set Manhattan Distance: 12.0, Mask Weight: 1.000
  -> Validation Set Manhattan Distance did not improve for 10 epochs.
  -> Unmasked Loss (Gradient Magnitude): 0.4103, Calculated Decrement: 0.0122
  -> Reducing mask weight to 0.988.
  -> Mask weight reduction is now disabled until train loss is below 0.001 again.
Epoch 39/20000, Train Loss: 0.3190, Validation Set Manhattan Distance: 12.0, Mask Weight: 0.988
Epoch 40/20000, Train Loss: 0.1922, Validation Set Manhattan Distance: 12.0, Mask Weight: 0.988
Epoch 41/20000, Train Loss: 0.1809, Validation Set Manhattan Distance: 12.0, Mask Weight: 0.988
Epoch 42/20000, Train Loss: 0.1721, Validation Set Manhattan Distance: 12.0, Mask Weight: 0.988
Epoch 43/20000, Train Loss: 0.1642, Validation Set Manhattan Distance: 12.0, Mask Weight: 0.988
Epoch 44/20000, Train Loss: 0.1575, Validation Set Manhattan Distance: 12.0, Mask Weight: 0.988
Epoch 45/20000, Train Loss: 0.1517, Validation Set Manhattan Distance: 12.0, Mask Weight: 0.988
Epoch 46/20000, Train Loss: 0.1465, Validation Set Manhattan Distance: 12.0, Mask Weight: 0.988
Epoch 47/20000, Train Loss: 0.1421, Validation Set Manhattan Distance: 12.0, Mask Weight: 0.988
Epoch 48/20000, Train Loss: 0.1383, Validation Set Manhattan Distance: 12.0, Mask Weight: 0.988
Epoch 49/20000, Train Loss: 0.1349, Validation Set Manhattan Distance: 12.0, Mask Weight: 0.988
Epoch 50/20000, Train Loss: 0.1318, Validation Set Manhattan Distance: 12.0, Mask Weight: 0.988
Epoch 51/20000, Train Loss: 0.1290, Validation Set Manhattan Distance: 12.0, Mask Weight: 0.988
Epoch 52/20000, Train Loss: 0.1261, Validation Set Manhattan Distance: 12.0, Mask Weight: 0.988
Epoch 53/20000, Train Loss: 0.1236, Validation Set Manhattan Distance: 12.0, Mask Weight: 0.988
Epoch 54/20000, Train Loss: 0.1219, Validation Set Manhattan Distance: 12.0, Mask Weight: 0.988
Epoch 55/20000, Train Loss: 0.1201, Validation Set Manhattan Distance: 12.0, Mask Weight: 0.988
Epoch 56/20000, Train Loss: 0.1188, Validation Set Manhattan Distance: 12.0, Mask Weight: 0.988
Epoch 57/20000, Train Loss: 0.1176, Validation Set Manhattan Distance: 12.0, Mask Weight: 0.988
Epoch 58/20000, Train Loss: 0.1165, Validation Set Manhattan Distance: 12.0, Mask Weight: 0.988
Epoch 59/20000, Train Loss: 0.1158, Validation Set Manhattan Distance: 12.0, Mask Weight: 0.988
Epoch 60/20000, Train Loss: 0.1148, Validation Set Manhattan Distance: 12.0, Mask Weight: 0.988
Epoch 61/20000, Train Loss: 0.1138, Validation Set Manhattan Distance: 12.0, Mask Weight: 0.988
Epoch 62/20000, Train Loss: 0.1131, Validation Set Manhattan Distance: 12.0, Mask Weight: 0.988
Epoch 63/20000, Train Loss: 0.1124, Validation Set Manhattan Distance: 12.0, Mask Weight: 0.988
Epoch 64/20000, Train Loss: 0.1128, Validation Set Manhattan Distance: 12.0, Mask Weight: 0.988
Epoch 65/20000, Train Loss: 0.1122, Validation Set Manhattan Distance: 12.0, Mask Weight: 0.988
Epoch 66/20000, Train Loss: 0.1108, Validation Set Manhattan Distance: 12.0, Mask Weight: 0.988
Epoch 67/20000, Train Loss: 0.1115, Validation Set Manhattan Distance: 12.0, Mask Weight: 0.988
Epoch 68/20000, Train Loss: 0.1104, Validation Set Manhattan Distance: 12.0, Mask Weight: 0.988
Epoch 69/20000, Train Loss: 0.1094, Validation Set Manhattan Distance: 12.0, Mask Weight: 0.988
Epoch 70/20000, Train Loss: 0.1083, Validation Set Manhattan Distance: 12.0, Mask Weight: 0.988
Epoch 71/20000, Train Loss: 0.1060, Validation Set Manhattan Distance: 12.0, Mask Weight: 0.988
Epoch 72/20000, Train Loss: 0.1032, Validation Set Manhattan Distance: 12.0, Mask Weight: 0.988
  -> Train loss below 0.1. Mask weight reduction is now enabled.
Epoch 73/20000, Train Loss: 0.0989, Validation Set Manhattan Distance: 12.0, Mask Weight: 0.988
  -> Validation Set Manhattan Distance did not improve for 10 epochs.
  -> Unmasked Loss (Gradient Magnitude): 0.0795, Calculated Decrement: 0.0629
  -> Reducing mask weight to 0.925.
  -> Mask weight reduction is now disabled until train loss is below 0.001 again.
Epoch 74/20000, Train Loss: 0.5902, Validation Set Manhattan Distance: 12.0, Mask Weight: 0.925
Epoch 75/20000, Train Loss: 0.5715, Validation Set Manhattan Distance: 12.0, Mask Weight: 0.925
Epoch 76/20000, Train Loss: 0.5591, Validation Set Manhattan Distance: 12.0, Mask Weight: 0.925
Epoch 77/20000, Train Loss: 0.5431, Validation Set Manhattan Distance: 12.0, Mask Weight: 0.925
Epoch 78/20000, Train Loss: 0.5400, Validation Set Manhattan Distance: 12.0, Mask Weight: 0.925
Epoch 79/20000, Train Loss: 0.5174, Validation Set Manhattan Distance: 12.0, Mask Weight: 0.925
Epoch 80/20000, Train Loss: 0.4924, Validation Set Manhattan Distance: 12.0, Mask Weight: 0.925
Epoch 81/20000, Train Loss: 0.5216, Validation Set Manhattan Distance: 12.0, Mask Weight: 0.925
Epoch 82/20000, Train Loss: 0.5022, Validation Set Manhattan Distance: 12.0, Mask Weight: 0.925
Epoch 83/20000, Train Loss: 0.4951, Validation Set Manhattan Distance: 12.0, Mask Weight: 0.925
Epoch 84/20000, Train Loss: 0.4684, Validation Set Manhattan Distance: 12.0, Mask Weight: 0.925
Epoch 85/20000, Train Loss: 0.4550, Validation Set Manhattan Distance: 12.0, Mask Weight: 0.925
Epoch 86/20000, Train Loss: 0.4309, Validation Set Manhattan Distance: 12.0, Mask Weight: 0.925
Epoch 87/20000, Train Loss: 0.4832, Validation Set Manhattan Distance: 12.0, Mask Weight: 0.925
Epoch 88/20000, Train Loss: 0.4421, Validation Set Manhattan Distance: 12.0, Mask Weight: 0.925
Epoch 89/20000, Train Loss: 0.4416, Validation Set Manhattan Distance: 12.0, Mask Weight: 0.925
Epoch 90/20000, Train Loss: 0.4338, Validation Set Manhattan Distance: 12.0, Mask Weight: 0.925
Epoch 91/20000, Train Loss: 0.4336, Validation Set Manhattan Distance: 12.0, Mask Weight: 0.925
Epoch 92/20000, Train Loss: 0.4900, Validation Set Manhattan Distance: 12.0, Mask Weight: 0.925
Epoch 93/20000, Train Loss: 0.4524, Validation Set Manhattan Distance: 12.0, Mask Weight: 0.925
Epoch 94/20000, Train Loss: 0.4511, Validation Set Manhattan Distance: 12.0, Mask Weight: 0.925
Epoch 95/20000, Train Loss: 0.4377, Validation Set Manhattan Distance: 12.0, Mask Weight: 0.925
Epoch 96/20000, Train Loss: 0.4245, Validation Set Manhattan Distance: 12.0, Mask Weight: 0.925
Epoch 97/20000, Train Loss: 0.4068, Validation Set Manhattan Distance: 12.0, Mask Weight: 0.925
Epoch 98/20000, Train Loss: 0.3938, Validation Set Manhattan Distance: 12.0, Mask Weight: 0.925
Epoch 99/20000, Train Loss: 0.3948, Validation Set Manhattan Distance: 12.0, Mask Weight: 0.925
Epoch 100/20000, Train Loss: 0.4377, Validation Set Manhattan Distance: 12.0, Mask Weight: 0.925
Epoch 101/20000, Train Loss: 0.4487, Validation Set Manhattan Distance: 12.0, Mask Weight: 0.925
Epoch 102/20000, Train Loss: 0.4173, Validation Set Manhattan Distance: 12.0, Mask Weight: 0.925
Epoch 103/20000, Train Loss: 0.4133, Validation Set Manhattan Distance: 12.0, Mask Weight: 0.925
Epoch 104/20000, Train Loss: 0.4121, Validation Set Manhattan Distance: 12.0, Mask Weight: 0.925
Epoch 105/20000, Train Loss: 0.4065, Validation Set Manhattan Distance: 12.0, Mask Weight: 0.925
Epoch 106/20000, Train Loss: 0.3953, Validation Set Manhattan Distance: 12.0, Mask Weight: 0.925
Epoch 107/20000, Train Loss: 0.4032, Validation Set Manhattan Distance: 12.0, Mask Weight: 0.925
Epoch 108/20000, Train Loss: 0.3761, Validation Set Manhattan Distance: 12.0, Mask Weight: 0.925
Epoch 109/20000, Train Loss: 0.3745, Validation Set Manhattan Distance: 12.0, Mask Weight: 0.925
Epoch 110/20000, Train Loss: 0.3760, Validation Set Manhattan Distance: 12.0, Mask Weight: 0.925
Epoch 111/20000, Train Loss: 0.4128, Validation Set Manhattan Distance: 12.0, Mask Weight: 0.925
Epoch 112/20000, Train Loss: 0.4740, Validation Set Manhattan Distance: 12.0, Mask Weight: 0.925
Epoch 113/20000, Train Loss: 0.3921, Validation Set Manhattan Distance: 12.0, Mask Weight: 0.925
Epoch 114/20000, Train Loss: 0.3858, Validation Set Manhattan Distance: 12.0, Mask Weight: 0.925
Epoch 115/20000, Train Loss: 0.3691, Validation Set Manhattan Distance: 12.0, Mask Weight: 0.925
Epoch 116/20000, Train Loss: 0.3664, Validation Set Manhattan Distance: 12.0, Mask Weight: 0.925
Epoch 117/20000, Train Loss: 0.3616, Validation Set Manhattan Distance: 12.0, Mask Weight: 0.925
Epoch 118/20000, Train Loss: 0.3598, Validation Set Manhattan Distance: 12.0, Mask Weight: 0.925
Epoch 119/20000, Train Loss: 0.3534, Validation Set Manhattan Distance: 12.0, Mask Weight: 0.925
Epoch 120/20000, Train Loss: 0.3608, Validation Set Manhattan Distance: 12.0, Mask Weight: 0.925
Epoch 121/20000, Train Loss: 0.3520, Validation Set Manhattan Distance: 12.0, Mask Weight: 0.925
Epoch 122/20000, Train Loss: 0.3463, Validation Set Manhattan Distance: 12.0, Mask Weight: 0.925
Epoch 123/20000, Train Loss: 0.3516, Validation Set Manhattan Distance: 12.0, Mask Weight: 0.925
Epoch 124/20000, Train Loss: 0.3429, Validation Set Manhattan Distance: 12.0, Mask Weight: 0.925
Epoch 125/20000, Train Loss: 0.3397, Validation Set Manhattan Distance: 12.0, Mask Weight: 0.925
Epoch 126/20000, Train Loss: 0.3402, Validation Set Manhattan Distance: 12.0, Mask Weight: 0.925
Epoch 127/20000, Train Loss: 0.6781, Validation Set Manhattan Distance: 12.0, Mask Weight: 0.925
Epoch 128/20000, Train Loss: 0.4233, Validation Set Manhattan Distance: 12.0, Mask Weight: 0.925
Epoch 129/20000, Train Loss: 0.3553, Validation Set Manhattan Distance: 12.0, Mask Weight: 0.925
Epoch 130/20000, Train Loss: 0.3604, Validation Set Manhattan Distance: 12.0, Mask Weight: 0.925
Epoch 131/20000, Train Loss: 0.3581, Validation Set Manhattan Distance: 12.0, Mask Weight: 0.925
Epoch 132/20000, Train Loss: 0.3510, Validation Set Manhattan Distance: 12.0, Mask Weight: 0.925
Epoch 133/20000, Train Loss: 0.3451, Validation Set Manhattan Distance: 12.0, Mask Weight: 0.925
Epoch 134/20000, Train Loss: 0.3479, Validation Set Manhattan Distance: 12.0, Mask Weight: 0.925
Epoch 135/20000, Train Loss: 0.3417, Validation Set Manhattan Distance: 12.0, Mask Weight: 0.925
Epoch 136/20000, Train Loss: 0.3349, Validation Set Manhattan Distance: 12.0, Mask Weight: 0.925
Epoch 137/20000, Train Loss: 0.3377, Validation Set Manhattan Distance: 12.0, Mask Weight: 0.925
Epoch 138/20000, Train Loss: 0.3354, Validation Set Manhattan Distance: 12.0, Mask Weight: 0.925
Epoch 139/20000, Train Loss: 0.3638, Validation Set Manhattan Distance: 12.0, Mask Weight: 0.925
Epoch 140/20000, Train Loss: 0.4256, Validation Set Manhattan Distance: 12.0, Mask Weight: 0.925
Epoch 141/20000, Train Loss: 0.4532, Validation Set Manhattan Distance: 12.0, Mask Weight: 0.925
Epoch 142/20000, Train Loss: 0.4928, Validation Set Manhattan Distance: 12.0, Mask Weight: 0.925
Epoch 143/20000, Train Loss: 0.4538, Validation Set Manhattan Distance: 12.0, Mask Weight: 0.925
Epoch 144/20000, Train Loss: 0.3730, Validation Set Manhattan Distance: 12.0, Mask Weight: 0.925
Epoch 145/20000, Train Loss: 0.3559, Validation Set Manhattan Distance: 12.0, Mask Weight: 0.925
Epoch 146/20000, Train Loss: 0.3622, Validation Set Manhattan Distance: 12.0, Mask Weight: 0.925
Epoch 147/20000, Train Loss: 0.3499, Validation Set Manhattan Distance: 12.0, Mask Weight: 0.925
Epoch 148/20000, Train Loss: 0.3538, Validation Set Manhattan Distance: 12.0, Mask Weight: 0.925
Epoch 149/20000, Train Loss: 0.3538, Validation Set Manhattan Distance: 12.0, Mask Weight: 0.925
Epoch 150/20000, Train Loss: 0.3413, Validation Set Manhattan Distance: 12.0, Mask Weight: 0.925
Epoch 151/20000, Train Loss: 0.3422, Validation Set Manhattan Distance: 12.0, Mask Weight: 0.925
Epoch 152/20000, Train Loss: 0.3383, Validation Set Manhattan Distance: 12.0, Mask Weight: 0.925
Epoch 153/20000, Train Loss: 0.3352, Validation Set Manhattan Distance: 12.0, Mask Weight: 0.925
Epoch 154/20000, Train Loss: 0.3330, Validation Set Manhattan Distance: 12.0, Mask Weight: 0.925
Epoch 155/20000, Train Loss: 0.3349, Validation Set Manhattan Distance: 12.0, Mask Weight: 0.925
Epoch 156/20000, Train Loss: 0.3324, Validation Set Manhattan Distance: 12.0, Mask Weight: 0.925
Epoch 157/20000, Train Loss: 0.3344, Validation Set Manhattan Distance: 12.0, Mask Weight: 0.925
Epoch 158/20000, Train Loss: 0.3329, Validation Set Manhattan Distance: 12.0, Mask Weight: 0.925
Epoch 159/20000, Train Loss: 0.3303, Validation Set Manhattan Distance: 12.0, Mask Weight: 0.925
Epoch 160/20000, Train Loss: 0.3307, Validation Set Manhattan Distance: 12.0, Mask Weight: 0.925
Epoch 161/20000, Train Loss: 0.3290, Validation Set Manhattan Distance: 12.0, Mask Weight: 0.925
Epoch 162/20000, Train Loss: 0.3296, Validation Set Manhattan Distance: 12.0, Mask Weight: 0.925
Epoch 163/20000, Train Loss: 0.3252, Validation Set Manhattan Distance: 12.0, Mask Weight: 0.925
Epoch 164/20000, Train Loss: 0.3298, Validation Set Manhattan Distance: 12.0, Mask Weight: 0.925
Epoch 165/20000, Train Loss: 0.3322, Validation Set Manhattan Distance: 12.0, Mask Weight: 0.925
Epoch 166/20000, Train Loss: 0.3337, Validation Set Manhattan Distance: 12.0, Mask Weight: 0.925
Epoch 167/20000, Train Loss: 0.3303, Validation Set Manhattan Distance: 12.0, Mask Weight: 0.925
Epoch 168/20000, Train Loss: 0.3300, Validation Set Manhattan Distance: 12.0, Mask Weight: 0.925
Epoch 169/20000, Train Loss: 0.3288, Validation Set Manhattan Distance: 12.0, Mask Weight: 0.925
Epoch 170/20000, Train Loss: 0.3263, Validation Set Manhattan Distance: 12.0, Mask Weight: 0.925
Epoch 171/20000, Train Loss: 0.3255, Validation Set Manhattan Distance: 12.0, Mask Weight: 0.925
Epoch 172/20000, Train Loss: 0.3264, Validation Set Manhattan Distance: 12.0, Mask Weight: 0.925
Epoch 173/20000, Train Loss: 0.3299, Validation Set Manhattan Distance: 12.0, Mask Weight: 0.925
Epoch 174/20000, Train Loss: 0.3281, Validation Set Manhattan Distance: 12.0, Mask Weight: 0.925
Epoch 175/20000, Train Loss: 0.3296, Validation Set Manhattan Distance: 12.0, Mask Weight: 0.925
Epoch 176/20000, Train Loss: 0.3329, Validation Set Manhattan Distance: 12.0, Mask Weight: 0.925
Epoch 177/20000, Train Loss: 0.3472, Validation Set Manhattan Distance: 12.0, Mask Weight: 0.925
Epoch 178/20000, Train Loss: 0.3355, Validation Set Manhattan Distance: 12.0, Mask Weight: 0.925
Epoch 179/20000, Train Loss: 0.3393, Validation Set Manhattan Distance: 12.0, Mask Weight: 0.925
Epoch 180/20000, Train Loss: 0.3261, Validation Set Manhattan Distance: 12.0, Mask Weight: 0.925
Epoch 181/20000, Train Loss: 0.3255, Validation Set Manhattan Distance: 12.0, Mask Weight: 0.925
Epoch 182/20000, Train Loss: 0.3250, Validation Set Manhattan Distance: 12.0, Mask Weight: 0.925
Epoch 183/20000, Train Loss: 0.3272, Validation Set Manhattan Distance: 12.0, Mask Weight: 0.925
Epoch 184/20000, Train Loss: 0.3257, Validation Set Manhattan Distance: 12.0, Mask Weight: 0.925
Epoch 185/20000, Train Loss: 0.3250, Validation Set Manhattan Distance: 12.0, Mask Weight: 0.925
Epoch 186/20000, Train Loss: 0.3235, Validation Set Manhattan Distance: 12.0, Mask Weight: 0.925
Epoch 187/20000, Train Loss: 0.3240, Validation Set Manhattan Distance: 12.0, Mask Weight: 0.925
Epoch 188/20000, Train Loss: 0.3238, Validation Set Manhattan Distance: 12.0, Mask Weight: 0.925
Epoch 189/20000, Train Loss: 0.3228, Validation Set Manhattan Distance: 12.0, Mask Weight: 0.925
Epoch 190/20000, Train Loss: 0.3250, Validation Set Manhattan Distance: 12.0, Mask Weight: 0.925
Epoch 191/20000, Train Loss: 0.3254, Validation Set Manhattan Distance: 12.0, Mask Weight: 0.925
Epoch 192/20000, Train Loss: 0.3303, Validation Set Manhattan Distance: 12.0, Mask Weight: 0.925
Epoch 193/20000, Train Loss: 0.3643, Validation Set Manhattan Distance: 12.0, Mask Weight: 0.925
Epoch 194/20000, Train Loss: 0.5480, Validation Set Manhattan Distance: 12.0, Mask Weight: 0.925
Epoch 195/20000, Train Loss: 0.6853, Validation Set Manhattan Distance: 12.0, Mask Weight: 0.925
Epoch 196/20000, Train Loss: 0.5559, Validation Set Manhattan Distance: 12.0, Mask Weight: 0.925
Epoch 197/20000, Train Loss: 0.5256, Validation Set Manhattan Distance: 12.0, Mask Weight: 0.925
Epoch 198/20000, Train Loss: 0.5192, Validation Set Manhattan Distance: 12.0, Mask Weight: 0.925
Epoch 199/20000, Train Loss: 0.4574, Validation Set Manhattan Distance: 12.0, Mask Weight: 0.925
Epoch 200/20000, Train Loss: 0.4335, Validation Set Manhattan Distance: 12.0, Mask Weight: 0.925
Epoch 201/20000, Train Loss: 0.4006, Validation Set Manhattan Distance: 12.0, Mask Weight: 0.925
Epoch 202/20000, Train Loss: 0.3793, Validation Set Manhattan Distance: 12.0, Mask Weight: 0.925
Epoch 203/20000, Train Loss: 0.3667, Validation Set Manhattan Distance: 12.0, Mask Weight: 0.925
Epoch 204/20000, Train Loss: 0.3497, Validation Set Manhattan Distance: 12.0, Mask Weight: 0.925
Epoch 205/20000, Train Loss: 0.3400, Validation Set Manhattan Distance: 12.0, Mask Weight: 0.925
Epoch 206/20000, Train Loss: 0.3337, Validation Set Manhattan Distance: 12.0, Mask Weight: 0.925
Epoch 207/20000, Train Loss: 0.3364, Validation Set Manhattan Distance: 12.0, Mask Weight: 0.925
Epoch 208/20000, Train Loss: 0.3317, Validation Set Manhattan Distance: 12.0, Mask Weight: 0.925
Epoch 209/20000, Train Loss: 0.3321, Validation Set Manhattan Distance: 12.0, Mask Weight: 0.925
Epoch 210/20000, Train Loss: 0.3297, Validation Set Manhattan Distance: 12.0, Mask Weight: 0.925
Epoch 211/20000, Train Loss: 0.3278, Validation Set Manhattan Distance: 12.0, Mask Weight: 0.925
Epoch 212/20000, Train Loss: 0.3295, Validation Set Manhattan Distance: 12.0, Mask Weight: 0.925
Epoch 213/20000, Train Loss: 0.3276, Validation Set Manhattan Distance: 12.0, Mask Weight: 0.925
Epoch 214/20000, Train Loss: 0.3282, Validation Set Manhattan Distance: 12.0, Mask Weight: 0.925
Epoch 215/20000, Train Loss: 0.3292, Validation Set Manhattan Distance: 12.0, Mask Weight: 0.925
Epoch 216/20000, Train Loss: 0.3292, Validation Set Manhattan Distance: 12.0, Mask Weight: 0.925
Epoch 217/20000, Train Loss: 0.3247, Validation Set Manhattan Distance: 12.0, Mask Weight: 0.925
Epoch 218/20000, Train Loss: 0.3282, Validation Set Manhattan Distance: 12.0, Mask Weight: 0.925
Epoch 219/20000, Train Loss: 0.3304, Validation Set Manhattan Distance: 12.0, Mask Weight: 0.925
Epoch 220/20000, Train Loss: 0.3286, Validation Set Manhattan Distance: 12.0, Mask Weight: 0.925
Epoch 221/20000, Train Loss: 0.3269, Validation Set Manhattan Distance: 12.0, Mask Weight: 0.925
Epoch 222/20000, Train Loss: 0.3244, Validation Set Manhattan Distance: 12.0, Mask Weight: 0.925
Epoch 223/20000, Train Loss: 0.3347, Validation Set Manhattan Distance: 12.0, Mask Weight: 0.925
Epoch 224/20000, Train Loss: 0.3539, Validation Set Manhattan Distance: 12.0, Mask Weight: 0.925
Epoch 225/20000, Train Loss: 0.3208, Validation Set Manhattan Distance: 12.0, Mask Weight: 0.925
Epoch 226/20000, Train Loss: 0.3428, Validation Set Manhattan Distance: 12.0, Mask Weight: 0.925
Epoch 227/20000, Train Loss: 0.3386, Validation Set Manhattan Distance: 12.0, Mask Weight: 0.925
Epoch 228/20000, Train Loss: 0.3296, Validation Set Manhattan Distance: 12.0, Mask Weight: 0.925
Epoch 229/20000, Train Loss: 0.3259, Validation Set Manhattan Distance: 12.0, Mask Weight: 0.925
Epoch 230/20000, Train Loss: 0.3253, Validation Set Manhattan Distance: 12.0, Mask Weight: 0.925
Epoch 231/20000, Train Loss: 0.3247, Validation Set Manhattan Distance: 12.0, Mask Weight: 0.925
Epoch 232/20000, Train Loss: 0.3239, Validation Set Manhattan Distance: 12.0, Mask Weight: 0.925
Epoch 233/20000, Train Loss: 0.3233, Validation Set Manhattan Distance: 12.0, Mask Weight: 0.925
Epoch 234/20000, Train Loss: 0.3238, Validation Set Manhattan Distance: 12.0, Mask Weight: 0.925
Epoch 235/20000, Train Loss: 0.3228, Validation Set Manhattan Distance: 12.0, Mask Weight: 0.925
Epoch 236/20000, Train Loss: 0.3240, Validation Set Manhattan Distance: 12.0, Mask Weight: 0.925
Epoch 237/20000, Train Loss: 0.3229, Validation Set Manhattan Distance: 12.0, Mask Weight: 0.925
Epoch 238/20000, Train Loss: 0.3205, Validation Set Manhattan Distance: 12.0, Mask Weight: 0.925
Epoch 239/20000, Train Loss: 0.3194, Validation Set Manhattan Distance: 12.0, Mask Weight: 0.925
Epoch 240/20000, Train Loss: 0.3217, Validation Set Manhattan Distance: 12.0, Mask Weight: 0.925
Epoch 241/20000, Train Loss: 0.3240, Validation Set Manhattan Distance: 12.0, Mask Weight: 0.925
Epoch 242/20000, Train Loss: 0.3248, Validation Set Manhattan Distance: 12.0, Mask Weight: 0.925
Epoch 243/20000, Train Loss: 0.3239, Validation Set Manhattan Distance: 12.0, Mask Weight: 0.925
Epoch 244/20000, Train Loss: 0.3240, Validation Set Manhattan Distance: 12.0, Mask Weight: 0.925
Epoch 245/20000, Train Loss: 0.3199, Validation Set Manhattan Distance: 12.0, Mask Weight: 0.925
Epoch 246/20000, Train Loss: 0.3202, Validation Set Manhattan Distance: 12.0, Mask Weight: 0.925
Epoch 247/20000, Train Loss: 0.3208, Validation Set Manhattan Distance: 12.0, Mask Weight: 0.925
Epoch 248/20000, Train Loss: 0.3193, Validation Set Manhattan Distance: 12.0, Mask Weight: 0.925
Epoch 249/20000, Train Loss: 0.3234, Validation Set Manhattan Distance: 12.0, Mask Weight: 0.925
Epoch 250/20000, Train Loss: 0.3220, Validation Set Manhattan Distance: 12.0, Mask Weight: 0.925
Epoch 251/20000, Train Loss: 0.3202, Validation Set Manhattan Distance: 12.0, Mask Weight: 0.925
Epoch 252/20000, Train Loss: 0.3223, Validation Set Manhattan Distance: 12.0, Mask Weight: 0.925
Epoch 253/20000, Train Loss: 0.3237, Validation Set Manhattan Distance: 12.0, Mask Weight: 0.925
Epoch 254/20000, Train Loss: 0.3231, Validation Set Manhattan Distance: 12.0, Mask Weight: 0.925
Epoch 255/20000, Train Loss: 0.3244, Validation Set Manhattan Distance: 12.0, Mask Weight: 0.925
Epoch 256/20000, Train Loss: 0.3220, Validation Set Manhattan Distance: 12.0, Mask Weight: 0.925
Epoch 257/20000, Train Loss: 0.3217, Validation Set Manhattan Distance: 12.0, Mask Weight: 0.925
Epoch 258/20000, Train Loss: 0.3237, Validation Set Manhattan Distance: 12.0, Mask Weight: 0.925
Epoch 259/20000, Train Loss: 0.3209, Validation Set Manhattan Distance: 12.0, Mask Weight: 0.925
Epoch 260/20000, Train Loss: 0.3201, Validation Set Manhattan Distance: 12.0, Mask Weight: 0.925
Epoch 261/20000, Train Loss: 0.3204, Validation Set Manhattan Distance: 12.0, Mask Weight: 0.925
Epoch 262/20000, Train Loss: 0.3236, Validation Set Manhattan Distance: 12.0, Mask Weight: 0.925
Epoch 263/20000, Train Loss: 0.3204, Validation Set Manhattan Distance: 12.0, Mask Weight: 0.925
Epoch 264/20000, Train Loss: 0.3194, Validation Set Manhattan Distance: 12.0, Mask Weight: 0.925
Epoch 265/20000, Train Loss: 0.3247, Validation Set Manhattan Distance: 12.0, Mask Weight: 0.925
Epoch 266/20000, Train Loss: 0.3209, Validation Set Manhattan Distance: 12.0, Mask Weight: 0.925
Epoch 267/20000, Train Loss: 0.3210, Validation Set Manhattan Distance: 144.0, Mask Weight: 0.925
Epoch 268/20000, Train Loss: 0.3200, Validation Set Manhattan Distance: 144.0, Mask Weight: 0.925
Epoch 269/20000, Train Loss: 0.3225, Validation Set Manhattan Distance: 12.0, Mask Weight: 0.925
Epoch 270/20000, Train Loss: 0.3201, Validation Set Manhattan Distance: 144.0, Mask Weight: 0.925
Epoch 271/20000, Train Loss: 0.3209, Validation Set Manhattan Distance: 144.0, Mask Weight: 0.925
Epoch 272/20000, Train Loss: 0.3191, Validation Set Manhattan Distance: 144.0, Mask Weight: 0.925
Epoch 273/20000, Train Loss: 0.3216, Validation Set Manhattan Distance: 144.0, Mask Weight: 0.925
Epoch 274/20000, Train Loss: 0.3225, Validation Set Manhattan Distance: 144.0, Mask Weight: 0.925
Epoch 275/20000, Train Loss: 0.3199, Validation Set Manhattan Distance: 144.0, Mask Weight: 0.925
Epoch 276/20000, Train Loss: 0.3199, Validation Set Manhattan Distance: 150.0, Mask Weight: 0.925
Epoch 277/20000, Train Loss: 0.3215, Validation Set Manhattan Distance: 144.0, Mask Weight: 0.925
Epoch 278/20000, Train Loss: 0.3190, Validation Set Manhattan Distance: 150.0, Mask Weight: 0.925
Epoch 279/20000, Train Loss: 0.3222, Validation Set Manhattan Distance: 150.0, Mask Weight: 0.925
Epoch 280/20000, Train Loss: 0.3243, Validation Set Manhattan Distance: 150.0, Mask Weight: 0.925
Epoch 281/20000, Train Loss: 0.3237, Validation Set Manhattan Distance: 144.0, Mask Weight: 0.925
Epoch 282/20000, Train Loss: 0.3243, Validation Set Manhattan Distance: 150.0, Mask Weight: 0.925
Epoch 283/20000, Train Loss: 0.3214, Validation Set Manhattan Distance: 144.0, Mask Weight: 0.925
Epoch 284/20000, Train Loss: 0.3198, Validation Set Manhattan Distance: 150.0, Mask Weight: 0.925
Epoch 285/20000, Train Loss: 0.3195, Validation Set Manhattan Distance: 150.0, Mask Weight: 0.925
Epoch 286/20000, Train Loss: 0.3185, Validation Set Manhattan Distance: 150.0, Mask Weight: 0.925
Epoch 287/20000, Train Loss: 0.3214, Validation Set Manhattan Distance: 150.0, Mask Weight: 0.925
Epoch 288/20000, Train Loss: 0.3195, Validation Set Manhattan Distance: 150.0, Mask Weight: 0.925
Epoch 289/20000, Train Loss: 0.3193, Validation Set Manhattan Distance: 150.0, Mask Weight: 0.925
Epoch 290/20000, Train Loss: 0.3224, Validation Set Manhattan Distance: 174.0, Mask Weight: 0.925
Epoch 291/20000, Train Loss: 0.3232, Validation Set Manhattan Distance: 150.0, Mask Weight: 0.925
Epoch 292/20000, Train Loss: 0.3215, Validation Set Manhattan Distance: 180.0, Mask Weight: 0.925
Epoch 293/20000, Train Loss: 0.3242, Validation Set Manhattan Distance: 174.0, Mask Weight: 0.925
Epoch 294/20000, Train Loss: 0.3224, Validation Set Manhattan Distance: 186.0, Mask Weight: 0.925
Epoch 295/20000, Train Loss: 0.3265, Validation Set Manhattan Distance: 180.0, Mask Weight: 0.925
Epoch 296/20000, Train Loss: 0.3231, Validation Set Manhattan Distance: 186.0, Mask Weight: 0.925
Epoch 297/20000, Train Loss: 0.3268, Validation Set Manhattan Distance: 174.0, Mask Weight: 0.925
Epoch 298/20000, Train Loss: 0.3300, Validation Set Manhattan Distance: 180.0, Mask Weight: 0.925
Epoch 299/20000, Train Loss: 0.3274, Validation Set Manhattan Distance: 180.0, Mask Weight: 0.925
Epoch 300/20000, Train Loss: 0.3234, Validation Set Manhattan Distance: 180.0, Mask Weight: 0.925
Epoch 301/20000, Train Loss: 0.3204, Validation Set Manhattan Distance: 186.0, Mask Weight: 0.925
Epoch 302/20000, Train Loss: 0.3189, Validation Set Manhattan Distance: 186.0, Mask Weight: 0.925
Epoch 303/20000, Train Loss: 0.3193, Validation Set Manhattan Distance: 222.0, Mask Weight: 0.925
Epoch 304/20000, Train Loss: 0.3194, Validation Set Manhattan Distance: 222.0, Mask Weight: 0.925
Epoch 305/20000, Train Loss: 0.3199, Validation Set Manhattan Distance: 222.0, Mask Weight: 0.925
Epoch 306/20000, Train Loss: 0.3203, Validation Set Manhattan Distance: 222.0, Mask Weight: 0.925
Epoch 307/20000, Train Loss: 0.3191, Validation Set Manhattan Distance: 222.0, Mask Weight: 0.925
Epoch 308/20000, Train Loss: 0.3222, Validation Set Manhattan Distance: 222.0, Mask Weight: 0.925
Epoch 309/20000, Train Loss: 0.3190, Validation Set Manhattan Distance: 222.0, Mask Weight: 0.925
Epoch 310/20000, Train Loss: 0.3207, Validation Set Manhattan Distance: 222.0, Mask Weight: 0.925
Epoch 311/20000, Train Loss: 0.3177, Validation Set Manhattan Distance: 276.0, Mask Weight: 0.925
Epoch 312/20000, Train Loss: 0.3185, Validation Set Manhattan Distance: 228.0, Mask Weight: 0.925
Epoch 313/20000, Train Loss: 0.3196, Validation Set Manhattan Distance: 276.0, Mask Weight: 0.925
Epoch 314/20000, Train Loss: 0.3209, Validation Set Manhattan Distance: 228.0, Mask Weight: 0.925
Epoch 315/20000, Train Loss: 0.3190, Validation Set Manhattan Distance: 276.0, Mask Weight: 0.925
Epoch 316/20000, Train Loss: 0.3175, Validation Set Manhattan Distance: 276.0, Mask Weight: 0.925
Epoch 317/20000, Train Loss: 0.3198, Validation Set Manhattan Distance: 276.0, Mask Weight: 0.925
Epoch 318/20000, Train Loss: 0.3204, Validation Set Manhattan Distance: 276.0, Mask Weight: 0.925
Epoch 319/20000, Train Loss: 0.3192, Validation Set Manhattan Distance: 276.0, Mask Weight: 0.925
Epoch 320/20000, Train Loss: 0.3193, Validation Set Manhattan Distance: 276.0, Mask Weight: 0.925
Epoch 321/20000, Train Loss: 0.3204, Validation Set Manhattan Distance: 276.0, Mask Weight: 0.925
Epoch 322/20000, Train Loss: 0.3210, Validation Set Manhattan Distance: 282.0, Mask Weight: 0.925
Epoch 323/20000, Train Loss: 0.3188, Validation Set Manhattan Distance: 276.0, Mask Weight: 0.925
Epoch 324/20000, Train Loss: 0.3222, Validation Set Manhattan Distance: 282.0, Mask Weight: 0.925
Epoch 325/20000, Train Loss: 0.3199, Validation Set Manhattan Distance: 294.0, Mask Weight: 0.925
Epoch 326/20000, Train Loss: 0.3196, Validation Set Manhattan Distance: 300.0, Mask Weight: 0.925
Epoch 327/20000, Train Loss: 0.3209, Validation Set Manhattan Distance: 300.0, Mask Weight: 0.925
Epoch 328/20000, Train Loss: 0.3180, Validation Set Manhattan Distance: 300.0, Mask Weight: 0.925
Epoch 329/20000, Train Loss: 0.3186, Validation Set Manhattan Distance: 300.0, Mask Weight: 0.925
Epoch 330/20000, Train Loss: 0.3177, Validation Set Manhattan Distance: 300.0, Mask Weight: 0.925
Epoch 331/20000, Train Loss: 0.3184, Validation Set Manhattan Distance: 300.0, Mask Weight: 0.925
Epoch 332/20000, Train Loss: 0.3187, Validation Set Manhattan Distance: 300.0, Mask Weight: 0.925
Epoch 333/20000, Train Loss: 0.3187, Validation Set Manhattan Distance: 300.0, Mask Weight: 0.925
Epoch 334/20000, Train Loss: 0.3181, Validation Set Manhattan Distance: 300.0, Mask Weight: 0.925
Epoch 335/20000, Train Loss: 0.3212, Validation Set Manhattan Distance: 300.0, Mask Weight: 0.925
Epoch 336/20000, Train Loss: 0.3188, Validation Set Manhattan Distance: 300.0, Mask Weight: 0.925
Epoch 337/20000, Train Loss: 0.3186, Validation Set Manhattan Distance: 300.0, Mask Weight: 0.925
Epoch 338/20000, Train Loss: 0.3192, Validation Set Manhattan Distance: 300.0, Mask Weight: 0.925
Epoch 339/20000, Train Loss: 0.3179, Validation Set Manhattan Distance: 300.0, Mask Weight: 0.925
Epoch 340/20000, Train Loss: 0.3224, Validation Set Manhattan Distance: 300.0, Mask Weight: 0.925
Epoch 341/20000, Train Loss: 0.3259, Validation Set Manhattan Distance: 300.0, Mask Weight: 0.925
Epoch 342/20000, Train Loss: 0.3219, Validation Set Manhattan Distance: 300.0, Mask Weight: 0.925
Epoch 343/20000, Train Loss: 0.3183, Validation Set Manhattan Distance: 300.0, Mask Weight: 0.925
Epoch 344/20000, Train Loss: 0.3197, Validation Set Manhattan Distance: 300.0, Mask Weight: 0.925
Epoch 345/20000, Train Loss: 0.3186, Validation Set Manhattan Distance: 300.0, Mask Weight: 0.925
Epoch 346/20000, Train Loss: 0.3171, Validation Set Manhattan Distance: 300.0, Mask Weight: 0.925
Epoch 347/20000, Train Loss: 0.3198, Validation Set Manhattan Distance: 300.0, Mask Weight: 0.925
Epoch 348/20000, Train Loss: 0.3246, Validation Set Manhattan Distance: 300.0, Mask Weight: 0.925
Epoch 349/20000, Train Loss: 0.3277, Validation Set Manhattan Distance: 300.0, Mask Weight: 0.925
Epoch 350/20000, Train Loss: 0.3270, Validation Set Manhattan Distance: 300.0, Mask Weight: 0.925
Epoch 351/20000, Train Loss: 0.3252, Validation Set Manhattan Distance: 300.0, Mask Weight: 0.925
Epoch 352/20000, Train Loss: 0.3195, Validation Set Manhattan Distance: 300.0, Mask Weight: 0.925
Epoch 353/20000, Train Loss: 0.3204, Validation Set Manhattan Distance: 300.0, Mask Weight: 0.925
Epoch 354/20000, Train Loss: 0.3186, Validation Set Manhattan Distance: 300.0, Mask Weight: 0.925
Epoch 355/20000, Train Loss: 0.3177, Validation Set Manhattan Distance: 300.0, Mask Weight: 0.925
Epoch 356/20000, Train Loss: 0.3167, Validation Set Manhattan Distance: 300.0, Mask Weight: 0.925
Epoch 357/20000, Train Loss: 0.3181, Validation Set Manhattan Distance: 300.0, Mask Weight: 0.925
Epoch 358/20000, Train Loss: 0.3243, Validation Set Manhattan Distance: 300.0, Mask Weight: 0.925
Epoch 359/20000, Train Loss: 0.3221, Validation Set Manhattan Distance: 300.0, Mask Weight: 0.925
Epoch 360/20000, Train Loss: 0.3177, Validation Set Manhattan Distance: 300.0, Mask Weight: 0.925
Epoch 361/20000, Train Loss: 0.3186, Validation Set Manhattan Distance: 300.0, Mask Weight: 0.925
Epoch 362/20000, Train Loss: 0.3172, Validation Set Manhattan Distance: 300.0, Mask Weight: 0.925
Epoch 363/20000, Train Loss: 0.3180, Validation Set Manhattan Distance: 300.0, Mask Weight: 0.925
Epoch 364/20000, Train Loss: 0.3189, Validation Set Manhattan Distance: 300.0, Mask Weight: 0.925
Epoch 365/20000, Train Loss: 0.3202, Validation Set Manhattan Distance: 300.0, Mask Weight: 0.925
Epoch 366/20000, Train Loss: 0.3206, Validation Set Manhattan Distance: 300.0, Mask Weight: 0.925
Epoch 367/20000, Train Loss: 0.3230, Validation Set Manhattan Distance: 300.0, Mask Weight: 0.925
Epoch 368/20000, Train Loss: 0.3207, Validation Set Manhattan Distance: 300.0, Mask Weight: 0.925
Epoch 369/20000, Train Loss: 0.3216, Validation Set Manhattan Distance: 300.0, Mask Weight: 0.925
Epoch 370/20000, Train Loss: 0.3198, Validation Set Manhattan Distance: 300.0, Mask Weight: 0.925
Epoch 371/20000, Train Loss: 0.3199, Validation Set Manhattan Distance: 300.0, Mask Weight: 0.925
Epoch 372/20000, Train Loss: 0.3171, Validation Set Manhattan Distance: 300.0, Mask Weight: 0.925
Epoch 373/20000, Train Loss: 0.3178, Validation Set Manhattan Distance: 300.0, Mask Weight: 0.925
Epoch 374/20000, Train Loss: 0.3196, Validation Set Manhattan Distance: 300.0, Mask Weight: 0.925
Epoch 375/20000, Train Loss: 0.3175, Validation Set Manhattan Distance: 300.0, Mask Weight: 0.925
Epoch 376/20000, Train Loss: 0.3234, Validation Set Manhattan Distance: 300.0, Mask Weight: 0.925
Epoch 377/20000, Train Loss: 0.3210, Validation Set Manhattan Distance: 300.0, Mask Weight: 0.925
Epoch 378/20000, Train Loss: 0.3208, Validation Set Manhattan Distance: 300.0, Mask Weight: 0.925
Epoch 379/20000, Train Loss: 0.3179, Validation Set Manhattan Distance: 300.0, Mask Weight: 0.925
Epoch 380/20000, Train Loss: 0.3212, Validation Set Manhattan Distance: 300.0, Mask Weight: 0.925
Epoch 381/20000, Train Loss: 0.3467, Validation Set Manhattan Distance: 276.0, Mask Weight: 0.925
Epoch 382/20000, Train Loss: 0.3833, Validation Set Manhattan Distance: 174.0, Mask Weight: 0.925
Epoch 383/20000, Train Loss: 0.4336, Validation Set Manhattan Distance: 150.0, Mask Weight: 0.925
Epoch 384/20000, Train Loss: 0.3974, Validation Set Manhattan Distance: 150.0, Mask Weight: 0.925
Epoch 385/20000, Train Loss: 0.3672, Validation Set Manhattan Distance: 150.0, Mask Weight: 0.925
Epoch 386/20000, Train Loss: 0.3511, Validation Set Manhattan Distance: 180.0, Mask Weight: 0.925
Epoch 387/20000, Train Loss: 0.3314, Validation Set Manhattan Distance: 222.0, Mask Weight: 0.925
Epoch 388/20000, Train Loss: 0.3205, Validation Set Manhattan Distance: 222.0, Mask Weight: 0.925
Epoch 389/20000, Train Loss: 0.3201, Validation Set Manhattan Distance: 276.0, Mask Weight: 0.925
Epoch 390/20000, Train Loss: 1.1534, Validation Set Manhattan Distance: 276.0, Mask Weight: 0.925
Epoch 391/20000, Train Loss: 1.1595, Validation Set Manhattan Distance: 12.0, Mask Weight: 0.925
Epoch 392/20000, Train Loss: 0.9015, Validation Set Manhattan Distance: 12.0, Mask Weight: 0.925
Epoch 393/20000, Train Loss: 0.6386, Validation Set Manhattan Distance: 12.0, Mask Weight: 0.925
Epoch 394/20000, Train Loss: 0.5479, Validation Set Manhattan Distance: 18.0, Mask Weight: 0.925
Epoch 395/20000, Train Loss: 0.5106, Validation Set Manhattan Distance: 12.0, Mask Weight: 0.925
Epoch 396/20000, Train Loss: 0.4662, Validation Set Manhattan Distance: 12.0, Mask Weight: 0.925
Epoch 397/20000, Train Loss: 0.4421, Validation Set Manhattan Distance: 12.0, Mask Weight: 0.925
Epoch 398/20000, Train Loss: 0.4200, Validation Set Manhattan Distance: 12.0, Mask Weight: 0.925
Epoch 399/20000, Train Loss: 0.3936, Validation Set Manhattan Distance: 12.0, Mask Weight: 0.925
Epoch 400/20000, Train Loss: 0.3699, Validation Set Manhattan Distance: 12.0, Mask Weight: 0.925
Epoch 401/20000, Train Loss: 0.3580, Validation Set Manhattan Distance: 12.0, Mask Weight: 0.925
Epoch 402/20000, Train Loss: 0.3417, Validation Set Manhattan Distance: 18.0, Mask Weight: 0.925
Epoch 403/20000, Train Loss: 0.3358, Validation Set Manhattan Distance: 18.0, Mask Weight: 0.925
Epoch 404/20000, Train Loss: 0.3394, Validation Set Manhattan Distance: 162.0, Mask Weight: 0.925
Epoch 405/20000, Train Loss: 0.3338, Validation Set Manhattan Distance: 192.0, Mask Weight: 0.925
Epoch 406/20000, Train Loss: 0.3775, Validation Set Manhattan Distance: 18.0, Mask Weight: 0.925
Epoch 407/20000, Train Loss: 0.5738, Validation Set Manhattan Distance: 126.0, Mask Weight: 0.925
Epoch 408/20000, Train Loss: 0.8850, Validation Set Manhattan Distance: 18.0, Mask Weight: 0.925
Epoch 409/20000, Train Loss: 0.5668, Validation Set Manhattan Distance: 12.0, Mask Weight: 0.925
Epoch 410/20000, Train Loss: 0.4703, Validation Set Manhattan Distance: 12.0, Mask Weight: 0.925
Epoch 411/20000, Train Loss: 0.4370, Validation Set Manhattan Distance: 12.0, Mask Weight: 0.925
Epoch 412/20000, Train Loss: 0.4096, Validation Set Manhattan Distance: 12.0, Mask Weight: 0.925
Epoch 413/20000, Train Loss: 0.3911, Validation Set Manhattan Distance: 12.0, Mask Weight: 0.925
Epoch 414/20000, Train Loss: 0.3691, Validation Set Manhattan Distance: 144.0, Mask Weight: 0.925
Epoch 415/20000, Train Loss: 0.3501, Validation Set Manhattan Distance: 150.0, Mask Weight: 0.925
Epoch 416/20000, Train Loss: 0.3424, Validation Set Manhattan Distance: 192.0, Mask Weight: 0.925
Epoch 417/20000, Train Loss: 0.3370, Validation Set Manhattan Distance: 198.0, Mask Weight: 0.925
Epoch 418/20000, Train Loss: 0.3308, Validation Set Manhattan Distance: 276.0, Mask Weight: 0.925
Epoch 419/20000, Train Loss: 0.3271, Validation Set Manhattan Distance: 282.0, Mask Weight: 0.925
Epoch 420/20000, Train Loss: 0.3268, Validation Set Manhattan Distance: 282.0, Mask Weight: 0.925
Epoch 421/20000, Train Loss: 0.3254, Validation Set Manhattan Distance: 282.0, Mask Weight: 0.925
Epoch 422/20000, Train Loss: 0.3234, Validation Set Manhattan Distance: 282.0, Mask Weight: 0.925
Epoch 423/20000, Train Loss: 0.3222, Validation Set Manhattan Distance: 294.0, Mask Weight: 0.925
Epoch 424/20000, Train Loss: 0.3228, Validation Set Manhattan Distance: 294.0, Mask Weight: 0.925
Epoch 425/20000, Train Loss: 0.3209, Validation Set Manhattan Distance: 300.0, Mask Weight: 0.925
Epoch 426/20000, Train Loss: 0.3237, Validation Set Manhattan Distance: 300.0, Mask Weight: 0.925
Epoch 427/20000, Train Loss: 0.3202, Validation Set Manhattan Distance: 300.0, Mask Weight: 0.925
Epoch 428/20000, Train Loss: 0.3197, Validation Set Manhattan Distance: 300.0, Mask Weight: 0.925
Epoch 429/20000, Train Loss: 0.3191, Validation Set Manhattan Distance: 300.0, Mask Weight: 0.925
Epoch 430/20000, Train Loss: 0.3213, Validation Set Manhattan Distance: 300.0, Mask Weight: 0.925
Epoch 431/20000, Train Loss: 0.3247, Validation Set Manhattan Distance: 300.0, Mask Weight: 0.925
Epoch 432/20000, Train Loss: 0.3213, Validation Set Manhattan Distance: 300.0, Mask Weight: 0.925
Epoch 433/20000, Train Loss: 0.3207, Validation Set Manhattan Distance: 300.0, Mask Weight: 0.925
Epoch 434/20000, Train Loss: 0.3207, Validation Set Manhattan Distance: 300.0, Mask Weight: 0.925
Epoch 435/20000, Train Loss: 0.3218, Validation Set Manhattan Distance: 300.0, Mask Weight: 0.925
Epoch 436/20000, Train Loss: 0.3218, Validation Set Manhattan Distance: 300.0, Mask Weight: 0.925
Epoch 437/20000, Train Loss: 0.3187, Validation Set Manhattan Distance: 300.0, Mask Weight: 0.925
Epoch 438/20000, Train Loss: 0.3259, Validation Set Manhattan Distance: 300.0, Mask Weight: 0.925
Epoch 439/20000, Train Loss: 0.3203, Validation Set Manhattan Distance: 300.0, Mask Weight: 0.925
Epoch 440/20000, Train Loss: 0.3208, Validation Set Manhattan Distance: 300.0, Mask Weight: 0.925
Epoch 441/20000, Train Loss: 0.3222, Validation Set Manhattan Distance: 300.0, Mask Weight: 0.925
Epoch 442/20000, Train Loss: 0.3229, Validation Set Manhattan Distance: 300.0, Mask Weight: 0.925
Epoch 443/20000, Train Loss: 0.3252, Validation Set Manhattan Distance: 300.0, Mask Weight: 0.925
Epoch 444/20000, Train Loss: 0.3232, Validation Set Manhattan Distance: 300.0, Mask Weight: 0.925
Epoch 445/20000, Train Loss: 0.3243, Validation Set Manhattan Distance: 300.0, Mask Weight: 0.925
Epoch 446/20000, Train Loss: 0.3202, Validation Set Manhattan Distance: 300.0, Mask Weight: 0.925
Epoch 447/20000, Train Loss: 0.3198, Validation Set Manhattan Distance: 300.0, Mask Weight: 0.925
Epoch 448/20000, Train Loss: 0.3188, Validation Set Manhattan Distance: 300.0, Mask Weight: 0.925
Epoch 449/20000, Train Loss: 0.3222, Validation Set Manhattan Distance: 300.0, Mask Weight: 0.925
Epoch 450/20000, Train Loss: 0.3189, Validation Set Manhattan Distance: 300.0, Mask Weight: 0.925
Epoch 451/20000, Train Loss: 0.3186, Validation Set Manhattan Distance: 300.0, Mask Weight: 0.925
Epoch 452/20000, Train Loss: 0.3173, Validation Set Manhattan Distance: 300.0, Mask Weight: 0.925
Epoch 453/20000, Train Loss: 0.3185, Validation Set Manhattan Distance: 300.0, Mask Weight: 0.925
Epoch 454/20000, Train Loss: 0.3205, Validation Set Manhattan Distance: 300.0, Mask Weight: 0.925
Epoch 455/20000, Train Loss: 0.3181, Validation Set Manhattan Distance: 300.0, Mask Weight: 0.925
Epoch 456/20000, Train Loss: 0.3182, Validation Set Manhattan Distance: 300.0, Mask Weight: 0.925
Epoch 457/20000, Train Loss: 0.3182, Validation Set Manhattan Distance: 300.0, Mask Weight: 0.925
Epoch 458/20000, Train Loss: 0.3175, Validation Set Manhattan Distance: 300.0, Mask Weight: 0.925
Epoch 459/20000, Train Loss: 0.3193, Validation Set Manhattan Distance: 300.0, Mask Weight: 0.925
Epoch 460/20000, Train Loss: 0.3182, Validation Set Manhattan Distance: 300.0, Mask Weight: 0.925
Epoch 461/20000, Train Loss: 0.3195, Validation Set Manhattan Distance: 300.0, Mask Weight: 0.925
Epoch 462/20000, Train Loss: 0.3184, Validation Set Manhattan Distance: 300.0, Mask Weight: 0.925
Epoch 463/20000, Train Loss: 0.3166, Validation Set Manhattan Distance: 300.0, Mask Weight: 0.925
Epoch 464/20000, Train Loss: 0.3199, Validation Set Manhattan Distance: 300.0, Mask Weight: 0.925
Epoch 465/20000, Train Loss: 0.3185, Validation Set Manhattan Distance: 300.0, Mask Weight: 0.925
Epoch 466/20000, Train Loss: 0.3178, Validation Set Manhattan Distance: 300.0, Mask Weight: 0.925
Epoch 467/20000, Train Loss: 0.3184, Validation Set Manhattan Distance: 300.0, Mask Weight: 0.925
Epoch 468/20000, Train Loss: 0.3170, Validation Set Manhattan Distance: 300.0, Mask Weight: 0.925
Epoch 469/20000, Train Loss: 0.3185, Validation Set Manhattan Distance: 300.0, Mask Weight: 0.925
Epoch 470/20000, Train Loss: 0.3190, Validation Set Manhattan Distance: 300.0, Mask Weight: 0.925
Epoch 471/20000, Train Loss: 0.3193, Validation Set Manhattan Distance: 300.0, Mask Weight: 0.925
Epoch 472/20000, Train Loss: 0.3181, Validation Set Manhattan Distance: 300.0, Mask Weight: 0.925
Epoch 473/20000, Train Loss: 0.3159, Validation Set Manhattan Distance: 300.0, Mask Weight: 0.925
Epoch 474/20000, Train Loss: 0.3190, Validation Set Manhattan Distance: 300.0, Mask Weight: 0.925
Epoch 475/20000, Train Loss: 0.3177, Validation Set Manhattan Distance: 300.0, Mask Weight: 0.925
Epoch 476/20000, Train Loss: 0.3211, Validation Set Manhattan Distance: 300.0, Mask Weight: 0.925
Epoch 477/20000, Train Loss: 0.3203, Validation Set Manhattan Distance: 300.0, Mask Weight: 0.925
Epoch 478/20000, Train Loss: 0.3186, Validation Set Manhattan Distance: 300.0, Mask Weight: 0.925
Epoch 479/20000, Train Loss: 0.3195, Validation Set Manhattan Distance: 300.0, Mask Weight: 0.925
Epoch 480/20000, Train Loss: 0.3206, Validation Set Manhattan Distance: 300.0, Mask Weight: 0.925
Epoch 481/20000, Train Loss: 0.3191, Validation Set Manhattan Distance: 300.0, Mask Weight: 0.925
Epoch 482/20000, Train Loss: 0.3210, Validation Set Manhattan Distance: 300.0, Mask Weight: 0.925
Epoch 483/20000, Train Loss: 0.3184, Validation Set Manhattan Distance: 300.0, Mask Weight: 0.925
Epoch 484/20000, Train Loss: 0.3187, Validation Set Manhattan Distance: 300.0, Mask Weight: 0.925
Epoch 485/20000, Train Loss: 0.3206, Validation Set Manhattan Distance: 300.0, Mask Weight: 0.925
Epoch 486/20000, Train Loss: 0.3186, Validation Set Manhattan Distance: 300.0, Mask Weight: 0.925
Epoch 487/20000, Train Loss: 0.3189, Validation Set Manhattan Distance: 300.0, Mask Weight: 0.925
Epoch 488/20000, Train Loss: 0.3199, Validation Set Manhattan Distance: 300.0, Mask Weight: 0.925
Epoch 489/20000, Train Loss: 0.3223, Validation Set Manhattan Distance: 300.0, Mask Weight: 0.925
Epoch 490/20000, Train Loss: 0.3233, Validation Set Manhattan Distance: 300.0, Mask Weight: 0.925
Epoch 491/20000, Train Loss: 0.3172, Validation Set Manhattan Distance: 300.0, Mask Weight: 0.925
Epoch 492/20000, Train Loss: 0.3200, Validation Set Manhattan Distance: 300.0, Mask Weight: 0.925
Epoch 493/20000, Train Loss: 0.3204, Validation Set Manhattan Distance: 300.0, Mask Weight: 0.925
Epoch 494/20000, Train Loss: 0.3208, Validation Set Manhattan Distance: 300.0, Mask Weight: 0.925
Epoch 495/20000, Train Loss: 0.3196, Validation Set Manhattan Distance: 300.0, Mask Weight: 0.925
Epoch 496/20000, Train Loss: 0.3202, Validation Set Manhattan Distance: 300.0, Mask Weight: 0.925
Epoch 497/20000, Train Loss: 0.3192, Validation Set Manhattan Distance: 300.0, Mask Weight: 0.925
Epoch 498/20000, Train Loss: 0.3193, Validation Set Manhattan Distance: 300.0, Mask Weight: 0.925
Epoch 499/20000, Train Loss: 0.3210, Validation Set Manhattan Distance: 300.0, Mask Weight: 0.925
Epoch 500/20000, Train Loss: 0.3187, Validation Set Manhattan Distance: 300.0, Mask Weight: 0.925
Epoch 501/20000, Train Loss: 0.3162, Validation Set Manhattan Distance: 300.0, Mask Weight: 0.925
Epoch 502/20000, Train Loss: 0.3180, Validation Set Manhattan Distance: 300.0, Mask Weight: 0.925
Epoch 503/20000, Train Loss: 0.3193, Validation Set Manhattan Distance: 300.0, Mask Weight: 0.925
Epoch 504/20000, Train Loss: 0.3192, Validation Set Manhattan Distance: 300.0, Mask Weight: 0.925
Epoch 505/20000, Train Loss: 0.3181, Validation Set Manhattan Distance: 300.0, Mask Weight: 0.925
Epoch 506/20000, Train Loss: 0.3194, Validation Set Manhattan Distance: 300.0, Mask Weight: 0.925
Epoch 507/20000, Train Loss: 0.3211, Validation Set Manhattan Distance: 300.0, Mask Weight: 0.925
Epoch 508/20000, Train Loss: 0.3270, Validation Set Manhattan Distance: 300.0, Mask Weight: 0.925
Epoch 509/20000, Train Loss: 0.3214, Validation Set Manhattan Distance: 300.0, Mask Weight: 0.925
Epoch 510/20000, Train Loss: 0.3192, Validation Set Manhattan Distance: 300.0, Mask Weight: 0.925
Epoch 511/20000, Train Loss: 0.3179, Validation Set Manhattan Distance: 300.0, Mask Weight: 0.925
Epoch 512/20000, Train Loss: 0.3181, Validation Set Manhattan Distance: 300.0, Mask Weight: 0.925
Epoch 513/20000, Train Loss: 0.3168, Validation Set Manhattan Distance: 300.0, Mask Weight: 0.925
Epoch 514/20000, Train Loss: 0.3168, Validation Set Manhattan Distance: 300.0, Mask Weight: 0.925
Epoch 515/20000, Train Loss: 0.3167, Validation Set Manhattan Distance: 300.0, Mask Weight: 0.925
Epoch 516/20000, Train Loss: 0.3175, Validation Set Manhattan Distance: 300.0, Mask Weight: 0.925
Epoch 517/20000, Train Loss: 0.3205, Validation Set Manhattan Distance: 300.0, Mask Weight: 0.925
Epoch 518/20000, Train Loss: 0.3187, Validation Set Manhattan Distance: 300.0, Mask Weight: 0.925
Epoch 519/20000, Train Loss: 0.3188, Validation Set Manhattan Distance: 300.0, Mask Weight: 0.925
Epoch 520/20000, Train Loss: 0.3199, Validation Set Manhattan Distance: 300.0, Mask Weight: 0.925
Epoch 521/20000, Train Loss: 0.3194, Validation Set Manhattan Distance: 300.0, Mask Weight: 0.925
Epoch 522/20000, Train Loss: 0.3186, Validation Set Manhattan Distance: 300.0, Mask Weight: 0.925
Epoch 523/20000, Train Loss: 0.3190, Validation Set Manhattan Distance: 300.0, Mask Weight: 0.925
Epoch 524/20000, Train Loss: 0.3179, Validation Set Manhattan Distance: 300.0, Mask Weight: 0.925
Epoch 525/20000, Train Loss: 0.3171, Validation Set Manhattan Distance: 300.0, Mask Weight: 0.925
Epoch 526/20000, Train Loss: 0.3170, Validation Set Manhattan Distance: 300.0, Mask Weight: 0.925
Epoch 527/20000, Train Loss: 0.3189, Validation Set Manhattan Distance: 300.0, Mask Weight: 0.925
Epoch 528/20000, Train Loss: 0.3164, Validation Set Manhattan Distance: 300.0, Mask Weight: 0.925
Epoch 529/20000, Train Loss: 0.3158, Validation Set Manhattan Distance: 300.0, Mask Weight: 0.925
Epoch 530/20000, Train Loss: 0.3163, Validation Set Manhattan Distance: 300.0, Mask Weight: 0.925
Epoch 531/20000, Train Loss: 0.3173, Validation Set Manhattan Distance: 300.0, Mask Weight: 0.925
Epoch 532/20000, Train Loss: 0.3151, Validation Set Manhattan Distance: 300.0, Mask Weight: 0.925
Epoch 533/20000, Train Loss: 0.3162, Validation Set Manhattan Distance: 300.0, Mask Weight: 0.925
Epoch 534/20000, Train Loss: 0.3200, Validation Set Manhattan Distance: 300.0, Mask Weight: 0.925
Epoch 535/20000, Train Loss: 0.3205, Validation Set Manhattan Distance: 300.0, Mask Weight: 0.925
Epoch 536/20000, Train Loss: 0.3178, Validation Set Manhattan Distance: 300.0, Mask Weight: 0.925
Epoch 537/20000, Train Loss: 0.3188, Validation Set Manhattan Distance: 300.0, Mask Weight: 0.925
Epoch 538/20000, Train Loss: 0.3167, Validation Set Manhattan Distance: 300.0, Mask Weight: 0.925
Epoch 539/20000, Train Loss: 0.3187, Validation Set Manhattan Distance: 300.0, Mask Weight: 0.925
Epoch 540/20000, Train Loss: 0.3172, Validation Set Manhattan Distance: 300.0, Mask Weight: 0.925
Epoch 541/20000, Train Loss: 0.3184, Validation Set Manhattan Distance: 300.0, Mask Weight: 0.925
Epoch 542/20000, Train Loss: 0.3162, Validation Set Manhattan Distance: 300.0, Mask Weight: 0.925
Epoch 543/20000, Train Loss: 0.3190, Validation Set Manhattan Distance: 300.0, Mask Weight: 0.925
Epoch 544/20000, Train Loss: 0.3199, Validation Set Manhattan Distance: 300.0, Mask Weight: 0.925
Epoch 545/20000, Train Loss: 0.3200, Validation Set Manhattan Distance: 300.0, Mask Weight: 0.925
Epoch 546/20000, Train Loss: 0.3184, Validation Set Manhattan Distance: 300.0, Mask Weight: 0.925
Epoch 547/20000, Train Loss: 0.3189, Validation Set Manhattan Distance: 300.0, Mask Weight: 0.925
Epoch 548/20000, Train Loss: 0.3180, Validation Set Manhattan Distance: 300.0, Mask Weight: 0.925
Epoch 549/20000, Train Loss: 0.3201, Validation Set Manhattan Distance: 300.0, Mask Weight: 0.925
Epoch 550/20000, Train Loss: 0.3175, Validation Set Manhattan Distance: 300.0, Mask Weight: 0.925
Epoch 551/20000, Train Loss: 0.3170, Validation Set Manhattan Distance: 300.0, Mask Weight: 0.925
Epoch 552/20000, Train Loss: 0.3183, Validation Set Manhattan Distance: 300.0, Mask Weight: 0.925
Epoch 553/20000, Train Loss: 0.3167, Validation Set Manhattan Distance: 300.0, Mask Weight: 0.925
Epoch 554/20000, Train Loss: 0.3176, Validation Set Manhattan Distance: 300.0, Mask Weight: 0.925
Epoch 555/20000, Train Loss: 0.3161, Validation Set Manhattan Distance: 300.0, Mask Weight: 0.925
Epoch 556/20000, Train Loss: 0.3182, Validation Set Manhattan Distance: 300.0, Mask Weight: 0.925
Epoch 557/20000, Train Loss: 0.3175, Validation Set Manhattan Distance: 300.0, Mask Weight: 0.925
Epoch 558/20000, Train Loss: 0.3173, Validation Set Manhattan Distance: 300.0, Mask Weight: 0.925
Epoch 559/20000, Train Loss: 0.3174, Validation Set Manhattan Distance: 300.0, Mask Weight: 0.925
Epoch 560/20000, Train Loss: 0.3179, Validation Set Manhattan Distance: 300.0, Mask Weight: 0.925
Epoch 561/20000, Train Loss: 0.3169, Validation Set Manhattan Distance: 300.0, Mask Weight: 0.925
Epoch 562/20000, Train Loss: 0.3172, Validation Set Manhattan Distance: 300.0, Mask Weight: 0.925
Epoch 563/20000, Train Loss: 0.3189, Validation Set Manhattan Distance: 300.0, Mask Weight: 0.925
Epoch 564/20000, Train Loss: 0.3179, Validation Set Manhattan Distance: 300.0, Mask Weight: 0.925
Epoch 565/20000, Train Loss: 0.3223, Validation Set Manhattan Distance: 300.0, Mask Weight: 0.925
Epoch 566/20000, Train Loss: 0.3166, Validation Set Manhattan Distance: 300.0, Mask Weight: 0.925
Epoch 567/20000, Train Loss: 0.3194, Validation Set Manhattan Distance: 300.0, Mask Weight: 0.925
Epoch 568/20000, Train Loss: 0.3164, Validation Set Manhattan Distance: 300.0, Mask Weight: 0.925
Epoch 569/20000, Train Loss: 0.3185, Validation Set Manhattan Distance: 300.0, Mask Weight: 0.925
Epoch 570/20000, Train Loss: 0.3181, Validation Set Manhattan Distance: 300.0, Mask Weight: 0.925
Epoch 571/20000, Train Loss: 0.3170, Validation Set Manhattan Distance: 300.0, Mask Weight: 0.925
Epoch 572/20000, Train Loss: 0.3186, Validation Set Manhattan Distance: 300.0, Mask Weight: 0.925
Epoch 573/20000, Train Loss: 0.3187, Validation Set Manhattan Distance: 300.0, Mask Weight: 0.925
Epoch 574/20000, Train Loss: 0.3184, Validation Set Manhattan Distance: 300.0, Mask Weight: 0.925
Epoch 575/20000, Train Loss: 0.3168, Validation Set Manhattan Distance: 300.0, Mask Weight: 0.925
Epoch 576/20000, Train Loss: 0.3177, Validation Set Manhattan Distance: 300.0, Mask Weight: 0.925
Epoch 577/20000, Train Loss: 0.3162, Validation Set Manhattan Distance: 300.0, Mask Weight: 0.925
Epoch 578/20000, Train Loss: 0.3165, Validation Set Manhattan Distance: 300.0, Mask Weight: 0.925
Epoch 579/20000, Train Loss: 0.3185, Validation Set Manhattan Distance: 300.0, Mask Weight: 0.925
Epoch 580/20000, Train Loss: 0.3171, Validation Set Manhattan Distance: 300.0, Mask Weight: 0.925
Epoch 581/20000, Train Loss: 0.3165, Validation Set Manhattan Distance: 300.0, Mask Weight: 0.925
Epoch 582/20000, Train Loss: 0.3175, Validation Set Manhattan Distance: 300.0, Mask Weight: 0.925
Epoch 583/20000, Train Loss: 0.3205, Validation Set Manhattan Distance: 300.0, Mask Weight: 0.925
Epoch 584/20000, Train Loss: 0.3182, Validation Set Manhattan Distance: 300.0, Mask Weight: 0.925
Epoch 585/20000, Train Loss: 0.3167, Validation Set Manhattan Distance: 300.0, Mask Weight: 0.925
Epoch 586/20000, Train Loss: 0.3171, Validation Set Manhattan Distance: 300.0, Mask Weight: 0.925
Epoch 587/20000, Train Loss: 0.3164, Validation Set Manhattan Distance: 300.0, Mask Weight: 0.925
Epoch 588/20000, Train Loss: 0.3154, Validation Set Manhattan Distance: 300.0, Mask Weight: 0.925
Epoch 589/20000, Train Loss: 0.3177, Validation Set Manhattan Distance: 300.0, Mask Weight: 0.925
Epoch 590/20000, Train Loss: 0.3145, Validation Set Manhattan Distance: 300.0, Mask Weight: 0.925
Epoch 591/20000, Train Loss: 0.3190, Validation Set Manhattan Distance: 300.0, Mask Weight: 0.925
Epoch 592/20000, Train Loss: 0.3163, Validation Set Manhattan Distance: 300.0, Mask Weight: 0.925
Epoch 593/20000, Train Loss: 0.3170, Validation Set Manhattan Distance: 300.0, Mask Weight: 0.925
Epoch 594/20000, Train Loss: 0.3161, Validation Set Manhattan Distance: 300.0, Mask Weight: 0.925
Epoch 595/20000, Train Loss: 0.3164, Validation Set Manhattan Distance: 300.0, Mask Weight: 0.925
Epoch 596/20000, Train Loss: 0.3157, Validation Set Manhattan Distance: 300.0, Mask Weight: 0.925
Epoch 597/20000, Train Loss: 0.3175, Validation Set Manhattan Distance: 300.0, Mask Weight: 0.925
Epoch 598/20000, Train Loss: 0.3172, Validation Set Manhattan Distance: 300.0, Mask Weight: 0.925
Epoch 599/20000, Train Loss: 0.3176, Validation Set Manhattan Distance: 300.0, Mask Weight: 0.925
Epoch 600/20000, Train Loss: 0.3171, Validation Set Manhattan Distance: 300.0, Mask Weight: 0.925
Epoch 601/20000, Train Loss: 0.3183, Validation Set Manhattan Distance: 300.0, Mask Weight: 0.925
Epoch 602/20000, Train Loss: 0.3171, Validation Set Manhattan Distance: 300.0, Mask Weight: 0.925
Epoch 603/20000, Train Loss: 0.3169, Validation Set Manhattan Distance: 300.0, Mask Weight: 0.925
Epoch 604/20000, Train Loss: 0.3155, Validation Set Manhattan Distance: 300.0, Mask Weight: 0.925
Epoch 605/20000, Train Loss: 0.3157, Validation Set Manhattan Distance: 300.0, Mask Weight: 0.925
Epoch 606/20000, Train Loss: 0.3163, Validation Set Manhattan Distance: 300.0, Mask Weight: 0.925
Epoch 607/20000, Train Loss: 0.3163, Validation Set Manhattan Distance: 300.0, Mask Weight: 0.925
Epoch 608/20000, Train Loss: 0.3157, Validation Set Manhattan Distance: 300.0, Mask Weight: 0.925
Epoch 609/20000, Train Loss: 0.3162, Validation Set Manhattan Distance: 300.0, Mask Weight: 0.925
Epoch 610/20000, Train Loss: 0.3181, Validation Set Manhattan Distance: 300.0, Mask Weight: 0.925
Epoch 611/20000, Train Loss: 0.3132, Validation Set Manhattan Distance: 300.0, Mask Weight: 0.925
Epoch 612/20000, Train Loss: 0.3159, Validation Set Manhattan Distance: 300.0, Mask Weight: 0.925
Epoch 613/20000, Train Loss: 0.3174, Validation Set Manhattan Distance: 300.0, Mask Weight: 0.925
Epoch 614/20000, Train Loss: 0.3176, Validation Set Manhattan Distance: 300.0, Mask Weight: 0.925
Epoch 615/20000, Train Loss: 0.3169, Validation Set Manhattan Distance: 300.0, Mask Weight: 0.925
Epoch 616/20000, Train Loss: 0.3176, Validation Set Manhattan Distance: 300.0, Mask Weight: 0.925
Epoch 617/20000, Train Loss: 0.3168, Validation Set Manhattan Distance: 300.0, Mask Weight: 0.925
Epoch 618/20000, Train Loss: 0.3165, Validation Set Manhattan Distance: 300.0, Mask Weight: 0.925
Epoch 619/20000, Train Loss: 0.3183, Validation Set Manhattan Distance: 300.0, Mask Weight: 0.925
Epoch 620/20000, Train Loss: 0.3173, Validation Set Manhattan Distance: 300.0, Mask Weight: 0.925
Epoch 621/20000, Train Loss: 0.3180, Validation Set Manhattan Distance: 300.0, Mask Weight: 0.925
Epoch 622/20000, Train Loss: 0.3193, Validation Set Manhattan Distance: 300.0, Mask Weight: 0.925
Epoch 623/20000, Train Loss: 0.3176, Validation Set Manhattan Distance: 300.0, Mask Weight: 0.925
Epoch 624/20000, Train Loss: 0.3158, Validation Set Manhattan Distance: 300.0, Mask Weight: 0.925
Epoch 625/20000, Train Loss: 0.3152, Validation Set Manhattan Distance: 300.0, Mask Weight: 0.925
Epoch 626/20000, Train Loss: 0.3176, Validation Set Manhattan Distance: 300.0, Mask Weight: 0.925
Epoch 627/20000, Train Loss: 0.3159, Validation Set Manhattan Distance: 300.0, Mask Weight: 0.925
Epoch 628/20000, Train Loss: 0.3171, Validation Set Manhattan Distance: 300.0, Mask Weight: 0.925
Epoch 629/20000, Train Loss: 0.3170, Validation Set Manhattan Distance: 300.0, Mask Weight: 0.925
Epoch 630/20000, Train Loss: 0.3166, Validation Set Manhattan Distance: 300.0, Mask Weight: 0.925
Epoch 631/20000, Train Loss: 0.3159, Validation Set Manhattan Distance: 300.0, Mask Weight: 0.925
Epoch 632/20000, Train Loss: 0.3181, Validation Set Manhattan Distance: 300.0, Mask Weight: 0.925
Epoch 633/20000, Train Loss: 0.3181, Validation Set Manhattan Distance: 300.0, Mask Weight: 0.925
Epoch 634/20000, Train Loss: 0.3173, Validation Set Manhattan Distance: 300.0, Mask Weight: 0.925
Epoch 635/20000, Train Loss: 0.3155, Validation Set Manhattan Distance: 300.0, Mask Weight: 0.925
Epoch 636/20000, Train Loss: 0.3171, Validation Set Manhattan Distance: 300.0, Mask Weight: 0.925
Epoch 637/20000, Train Loss: 0.3172, Validation Set Manhattan Distance: 300.0, Mask Weight: 0.925
Epoch 638/20000, Train Loss: 0.3199, Validation Set Manhattan Distance: 300.0, Mask Weight: 0.925
Epoch 639/20000, Train Loss: 0.3163, Validation Set Manhattan Distance: 300.0, Mask Weight: 0.925
Epoch 640/20000, Train Loss: 0.3165, Validation Set Manhattan Distance: 300.0, Mask Weight: 0.925
Epoch 641/20000, Train Loss: 0.3162, Validation Set Manhattan Distance: 300.0, Mask Weight: 0.925
Epoch 642/20000, Train Loss: 0.3166, Validation Set Manhattan Distance: 300.0, Mask Weight: 0.925
Epoch 643/20000, Train Loss: 0.3168, Validation Set Manhattan Distance: 300.0, Mask Weight: 0.925
Epoch 644/20000, Train Loss: 0.3178, Validation Set Manhattan Distance: 300.0, Mask Weight: 0.925
Epoch 645/20000, Train Loss: 0.3163, Validation Set Manhattan Distance: 300.0, Mask Weight: 0.925
Epoch 646/20000, Train Loss: 0.3170, Validation Set Manhattan Distance: 300.0, Mask Weight: 0.925
Epoch 647/20000, Train Loss: 0.3195, Validation Set Manhattan Distance: 300.0, Mask Weight: 0.925
Epoch 648/20000, Train Loss: 0.3156, Validation Set Manhattan Distance: 300.0, Mask Weight: 0.925
Epoch 649/20000, Train Loss: 0.3162, Validation Set Manhattan Distance: 300.0, Mask Weight: 0.925
Epoch 650/20000, Train Loss: 0.3168, Validation Set Manhattan Distance: 300.0, Mask Weight: 0.925
Epoch 651/20000, Train Loss: 0.3230, Validation Set Manhattan Distance: 300.0, Mask Weight: 0.925
Epoch 652/20000, Train Loss: 0.3165, Validation Set Manhattan Distance: 300.0, Mask Weight: 0.925
Epoch 653/20000, Train Loss: 0.3168, Validation Set Manhattan Distance: 300.0, Mask Weight: 0.925
Epoch 654/20000, Train Loss: 0.3175, Validation Set Manhattan Distance: 300.0, Mask Weight: 0.925
Epoch 655/20000, Train Loss: 0.3168, Validation Set Manhattan Distance: 300.0, Mask Weight: 0.925
Epoch 656/20000, Train Loss: 0.3176, Validation Set Manhattan Distance: 300.0, Mask Weight: 0.925
Epoch 657/20000, Train Loss: 0.3172, Validation Set Manhattan Distance: 300.0, Mask Weight: 0.925
Epoch 658/20000, Train Loss: 0.3202, Validation Set Manhattan Distance: 300.0, Mask Weight: 0.925
Epoch 659/20000, Train Loss: 0.3160, Validation Set Manhattan Distance: 300.0, Mask Weight: 0.925
Epoch 660/20000, Train Loss: 0.3171, Validation Set Manhattan Distance: 300.0, Mask Weight: 0.925
Epoch 661/20000, Train Loss: 0.3184, Validation Set Manhattan Distance: 300.0, Mask Weight: 0.925
Epoch 662/20000, Train Loss: 0.3180, Validation Set Manhattan Distance: 300.0, Mask Weight: 0.925
Epoch 663/20000, Train Loss: 0.3172, Validation Set Manhattan Distance: 300.0, Mask Weight: 0.925
Epoch 664/20000, Train Loss: 0.3174, Validation Set Manhattan Distance: 300.0, Mask Weight: 0.925
Epoch 665/20000, Train Loss: 0.3166, Validation Set Manhattan Distance: 300.0, Mask Weight: 0.925
Epoch 666/20000, Train Loss: 0.3176, Validation Set Manhattan Distance: 300.0, Mask Weight: 0.925
Epoch 667/20000, Train Loss: 0.3163, Validation Set Manhattan Distance: 300.0, Mask Weight: 0.925
Epoch 668/20000, Train Loss: 0.3169, Validation Set Manhattan Distance: 300.0, Mask Weight: 0.925
Epoch 669/20000, Train Loss: 0.3174, Validation Set Manhattan Distance: 300.0, Mask Weight: 0.925
Epoch 670/20000, Train Loss: 0.3173, Validation Set Manhattan Distance: 300.0, Mask Weight: 0.925
Epoch 671/20000, Train Loss: 0.3164, Validation Set Manhattan Distance: 300.0, Mask Weight: 0.925
Epoch 672/20000, Train Loss: 0.3169, Validation Set Manhattan Distance: 300.0, Mask Weight: 0.925
Epoch 673/20000, Train Loss: 0.3168, Validation Set Manhattan Distance: 300.0, Mask Weight: 0.925
Epoch 674/20000, Train Loss: 0.3162, Validation Set Manhattan Distance: 300.0, Mask Weight: 0.925
Epoch 675/20000, Train Loss: 0.3156, Validation Set Manhattan Distance: 300.0, Mask Weight: 0.925
Epoch 676/20000, Train Loss: 0.3162, Validation Set Manhattan Distance: 300.0, Mask Weight: 0.925
Epoch 677/20000, Train Loss: 0.3162, Validation Set Manhattan Distance: 300.0, Mask Weight: 0.925
Epoch 678/20000, Train Loss: 0.3159, Validation Set Manhattan Distance: 300.0, Mask Weight: 0.925
Epoch 679/20000, Train Loss: 0.3151, Validation Set Manhattan Distance: 300.0, Mask Weight: 0.925
Epoch 680/20000, Train Loss: 0.3169, Validation Set Manhattan Distance: 300.0, Mask Weight: 0.925
Epoch 681/20000, Train Loss: 0.3175, Validation Set Manhattan Distance: 300.0, Mask Weight: 0.925
Epoch 682/20000, Train Loss: 0.3156, Validation Set Manhattan Distance: 300.0, Mask Weight: 0.925
Epoch 683/20000, Train Loss: 0.3152, Validation Set Manhattan Distance: 300.0, Mask Weight: 0.925
Epoch 684/20000, Train Loss: 0.3182, Validation Set Manhattan Distance: 300.0, Mask Weight: 0.925
Epoch 685/20000, Train Loss: 0.3147, Validation Set Manhattan Distance: 300.0, Mask Weight: 0.925
Epoch 686/20000, Train Loss: 0.3159, Validation Set Manhattan Distance: 300.0, Mask Weight: 0.925
Epoch 687/20000, Train Loss: 0.3149, Validation Set Manhattan Distance: 300.0, Mask Weight: 0.925
Epoch 688/20000, Train Loss: 0.3157, Validation Set Manhattan Distance: 300.0, Mask Weight: 0.925
Epoch 689/20000, Train Loss: 0.3180, Validation Set Manhattan Distance: 300.0, Mask Weight: 0.925
Epoch 690/20000, Train Loss: 0.3167, Validation Set Manhattan Distance: 300.0, Mask Weight: 0.925
Epoch 691/20000, Train Loss: 0.3153, Validation Set Manhattan Distance: 300.0, Mask Weight: 0.925
Epoch 692/20000, Train Loss: 0.3170, Validation Set Manhattan Distance: 300.0, Mask Weight: 0.925
Epoch 693/20000, Train Loss: 0.3145, Validation Set Manhattan Distance: 300.0, Mask Weight: 0.925
Epoch 694/20000, Train Loss: 0.3160, Validation Set Manhattan Distance: 300.0, Mask Weight: 0.925
Epoch 695/20000, Train Loss: 0.3166, Validation Set Manhattan Distance: 300.0, Mask Weight: 0.925
Epoch 696/20000, Train Loss: 0.3148, Validation Set Manhattan Distance: 300.0, Mask Weight: 0.925
Epoch 697/20000, Train Loss: 0.3162, Validation Set Manhattan Distance: 300.0, Mask Weight: 0.925
Epoch 698/20000, Train Loss: 0.3152, Validation Set Manhattan Distance: 300.0, Mask Weight: 0.925
Epoch 699/20000, Train Loss: 0.3160, Validation Set Manhattan Distance: 300.0, Mask Weight: 0.925
Epoch 700/20000, Train Loss: 0.3191, Validation Set Manhattan Distance: 300.0, Mask Weight: 0.925
Epoch 701/20000, Train Loss: 0.3160, Validation Set Manhattan Distance: 300.0, Mask Weight: 0.925
Epoch 702/20000, Train Loss: 0.3159, Validation Set Manhattan Distance: 300.0, Mask Weight: 0.925
Epoch 703/20000, Train Loss: 0.3150, Validation Set Manhattan Distance: 300.0, Mask Weight: 0.925
Epoch 704/20000, Train Loss: 0.3150, Validation Set Manhattan Distance: 300.0, Mask Weight: 0.925
Epoch 705/20000, Train Loss: 0.3175, Validation Set Manhattan Distance: 300.0, Mask Weight: 0.925
Epoch 706/20000, Train Loss: 0.3161, Validation Set Manhattan Distance: 300.0, Mask Weight: 0.925
Epoch 707/20000, Train Loss: 0.3181, Validation Set Manhattan Distance: 300.0, Mask Weight: 0.925
Epoch 708/20000, Train Loss: 0.3192, Validation Set Manhattan Distance: 300.0, Mask Weight: 0.925
Epoch 709/20000, Train Loss: 0.3174, Validation Set Manhattan Distance: 300.0, Mask Weight: 0.925
Epoch 710/20000, Train Loss: 0.3193, Validation Set Manhattan Distance: 300.0, Mask Weight: 0.925
Epoch 711/20000, Train Loss: 0.3169, Validation Set Manhattan Distance: 300.0, Mask Weight: 0.925
Epoch 712/20000, Train Loss: 0.3152, Validation Set Manhattan Distance: 300.0, Mask Weight: 0.925
Epoch 713/20000, Train Loss: 0.3135, Validation Set Manhattan Distance: 300.0, Mask Weight: 0.925
Epoch 714/20000, Train Loss: 0.3150, Validation Set Manhattan Distance: 300.0, Mask Weight: 0.925
Epoch 715/20000, Train Loss: 0.3159, Validation Set Manhattan Distance: 300.0, Mask Weight: 0.925
Epoch 716/20000, Train Loss: 0.3169, Validation Set Manhattan Distance: 300.0, Mask Weight: 0.925
Epoch 717/20000, Train Loss: 0.3156, Validation Set Manhattan Distance: 300.0, Mask Weight: 0.925
Epoch 718/20000, Train Loss: 0.3176, Validation Set Manhattan Distance: 300.0, Mask Weight: 0.925
Epoch 719/20000, Train Loss: 0.3147, Validation Set Manhattan Distance: 300.0, Mask Weight: 0.925
Epoch 720/20000, Train Loss: 0.3185, Validation Set Manhattan Distance: 300.0, Mask Weight: 0.925
Epoch 721/20000, Train Loss: 0.3160, Validation Set Manhattan Distance: 300.0, Mask Weight: 0.925
Epoch 722/20000, Train Loss: 0.3166, Validation Set Manhattan Distance: 300.0, Mask Weight: 0.925
Epoch 723/20000, Train Loss: 0.3142, Validation Set Manhattan Distance: 300.0, Mask Weight: 0.925
Epoch 724/20000, Train Loss: 0.3178, Validation Set Manhattan Distance: 300.0, Mask Weight: 0.925
Epoch 725/20000, Train Loss: 0.3179, Validation Set Manhattan Distance: 300.0, Mask Weight: 0.925
Epoch 726/20000, Train Loss: 0.3161, Validation Set Manhattan Distance: 300.0, Mask Weight: 0.925
Epoch 727/20000, Train Loss: 0.3145, Validation Set Manhattan Distance: 300.0, Mask Weight: 0.925
Epoch 728/20000, Train Loss: 0.3200, Validation Set Manhattan Distance: 300.0, Mask Weight: 0.925
Epoch 729/20000, Train Loss: 0.3154, Validation Set Manhattan Distance: 300.0, Mask Weight: 0.925
Epoch 730/20000, Train Loss: 0.3157, Validation Set Manhattan Distance: 300.0, Mask Weight: 0.925
Epoch 731/20000, Train Loss: 0.3140, Validation Set Manhattan Distance: 300.0, Mask Weight: 0.925
Epoch 732/20000, Train Loss: 0.3146, Validation Set Manhattan Distance: 300.0, Mask Weight: 0.925
Epoch 733/20000, Train Loss: 0.3158, Validation Set Manhattan Distance: 300.0, Mask Weight: 0.925
Epoch 734/20000, Train Loss: 0.3163, Validation Set Manhattan Distance: 300.0, Mask Weight: 0.925
Epoch 735/20000, Train Loss: 0.3145, Validation Set Manhattan Distance: 300.0, Mask Weight: 0.925
Epoch 736/20000, Train Loss: 0.3158, Validation Set Manhattan Distance: 300.0, Mask Weight: 0.925
Epoch 737/20000, Train Loss: 0.3157, Validation Set Manhattan Distance: 300.0, Mask Weight: 0.925
Epoch 738/20000, Train Loss: 0.3170, Validation Set Manhattan Distance: 300.0, Mask Weight: 0.925
Epoch 739/20000, Train Loss: 0.3170, Validation Set Manhattan Distance: 300.0, Mask Weight: 0.925
Epoch 740/20000, Train Loss: 0.3198, Validation Set Manhattan Distance: 300.0, Mask Weight: 0.925
Epoch 741/20000, Train Loss: 0.3145, Validation Set Manhattan Distance: 300.0, Mask Weight: 0.925
Epoch 742/20000, Train Loss: 0.3173, Validation Set Manhattan Distance: 300.0, Mask Weight: 0.925
Epoch 743/20000, Train Loss: 0.3153, Validation Set Manhattan Distance: 300.0, Mask Weight: 0.925
Epoch 744/20000, Train Loss: 0.3147, Validation Set Manhattan Distance: 300.0, Mask Weight: 0.925
Epoch 745/20000, Train Loss: 0.3165, Validation Set Manhattan Distance: 300.0, Mask Weight: 0.925
Epoch 746/20000, Train Loss: 0.3173, Validation Set Manhattan Distance: 300.0, Mask Weight: 0.925
Epoch 747/20000, Train Loss: 0.3167, Validation Set Manhattan Distance: 300.0, Mask Weight: 0.925
Epoch 748/20000, Train Loss: 0.3170, Validation Set Manhattan Distance: 300.0, Mask Weight: 0.925
Epoch 749/20000, Train Loss: 0.3145, Validation Set Manhattan Distance: 300.0, Mask Weight: 0.925
Epoch 750/20000, Train Loss: 0.3145, Validation Set Manhattan Distance: 300.0, Mask Weight: 0.925
Epoch 751/20000, Train Loss: 0.3149, Validation Set Manhattan Distance: 300.0, Mask Weight: 0.925
Epoch 752/20000, Train Loss: 0.3176, Validation Set Manhattan Distance: 300.0, Mask Weight: 0.925
Epoch 753/20000, Train Loss: 0.3155, Validation Set Manhattan Distance: 300.0, Mask Weight: 0.925
Epoch 754/20000, Train Loss: 0.3152, Validation Set Manhattan Distance: 300.0, Mask Weight: 0.925
Epoch 755/20000, Train Loss: 0.3152, Validation Set Manhattan Distance: 300.0, Mask Weight: 0.925
Epoch 756/20000, Train Loss: 0.3154, Validation Set Manhattan Distance: 300.0, Mask Weight: 0.925
Epoch 757/20000, Train Loss: 0.3156, Validation Set Manhattan Distance: 300.0, Mask Weight: 0.925
Epoch 758/20000, Train Loss: 0.3170, Validation Set Manhattan Distance: 300.0, Mask Weight: 0.925
Epoch 759/20000, Train Loss: 0.3158, Validation Set Manhattan Distance: 300.0, Mask Weight: 0.925
Epoch 760/20000, Train Loss: 0.3170, Validation Set Manhattan Distance: 300.0, Mask Weight: 0.925
Epoch 761/20000, Train Loss: 0.3166, Validation Set Manhattan Distance: 300.0, Mask Weight: 0.925
Epoch 762/20000, Train Loss: 0.3142, Validation Set Manhattan Distance: 300.0, Mask Weight: 0.925
Epoch 763/20000, Train Loss: 0.3172, Validation Set Manhattan Distance: 300.0, Mask Weight: 0.925
Epoch 764/20000, Train Loss: 0.3149, Validation Set Manhattan Distance: 300.0, Mask Weight: 0.925
Epoch 765/20000, Train Loss: 0.3183, Validation Set Manhattan Distance: 300.0, Mask Weight: 0.925
Epoch 766/20000, Train Loss: 0.3170, Validation Set Manhattan Distance: 300.0, Mask Weight: 0.925
Epoch 767/20000, Train Loss: 0.3152, Validation Set Manhattan Distance: 300.0, Mask Weight: 0.925
Epoch 768/20000, Train Loss: 0.3146, Validation Set Manhattan Distance: 300.0, Mask Weight: 0.925
Epoch 769/20000, Train Loss: 0.3161, Validation Set Manhattan Distance: 300.0, Mask Weight: 0.925
Epoch 770/20000, Train Loss: 0.3155, Validation Set Manhattan Distance: 300.0, Mask Weight: 0.925
Epoch 771/20000, Train Loss: 0.3165, Validation Set Manhattan Distance: 300.0, Mask Weight: 0.925
Epoch 772/20000, Train Loss: 0.3172, Validation Set Manhattan Distance: 300.0, Mask Weight: 0.925
Epoch 773/20000, Train Loss: 0.3156, Validation Set Manhattan Distance: 300.0, Mask Weight: 0.925
Epoch 774/20000, Train Loss: 0.3193, Validation Set Manhattan Distance: 300.0, Mask Weight: 0.925
Epoch 775/20000, Train Loss: 0.3169, Validation Set Manhattan Distance: 300.0, Mask Weight: 0.925
Epoch 776/20000, Train Loss: 0.3174, Validation Set Manhattan Distance: 300.0, Mask Weight: 0.925
Epoch 777/20000, Train Loss: 0.3164, Validation Set Manhattan Distance: 300.0, Mask Weight: 0.925
Epoch 778/20000, Train Loss: 0.3166, Validation Set Manhattan Distance: 300.0, Mask Weight: 0.925
Epoch 779/20000, Train Loss: 0.3149, Validation Set Manhattan Distance: 300.0, Mask Weight: 0.925
Epoch 780/20000, Train Loss: 0.3151, Validation Set Manhattan Distance: 300.0, Mask Weight: 0.925
Epoch 781/20000, Train Loss: 0.3143, Validation Set Manhattan Distance: 300.0, Mask Weight: 0.925
Epoch 782/20000, Train Loss: 0.3157, Validation Set Manhattan Distance: 300.0, Mask Weight: 0.925
Epoch 783/20000, Train Loss: 0.3158, Validation Set Manhattan Distance: 300.0, Mask Weight: 0.925
Epoch 784/20000, Train Loss: 0.3168, Validation Set Manhattan Distance: 300.0, Mask Weight: 0.925
Epoch 785/20000, Train Loss: 0.3131, Validation Set Manhattan Distance: 300.0, Mask Weight: 0.925
Epoch 786/20000, Train Loss: 0.3143, Validation Set Manhattan Distance: 300.0, Mask Weight: 0.925
Epoch 787/20000, Train Loss: 0.3155, Validation Set Manhattan Distance: 300.0, Mask Weight: 0.925
Epoch 788/20000, Train Loss: 0.3174, Validation Set Manhattan Distance: 300.0, Mask Weight: 0.925
Epoch 789/20000, Train Loss: 0.3150, Validation Set Manhattan Distance: 300.0, Mask Weight: 0.925
Epoch 790/20000, Train Loss: 0.3154, Validation Set Manhattan Distance: 300.0, Mask Weight: 0.925
Epoch 791/20000, Train Loss: 0.3140, Validation Set Manhattan Distance: 300.0, Mask Weight: 0.925
Epoch 792/20000, Train Loss: 0.3164, Validation Set Manhattan Distance: 300.0, Mask Weight: 0.925
Epoch 793/20000, Train Loss: 0.3147, Validation Set Manhattan Distance: 300.0, Mask Weight: 0.925
Epoch 794/20000, Train Loss: 0.3135, Validation Set Manhattan Distance: 300.0, Mask Weight: 0.925
Epoch 795/20000, Train Loss: 0.3165, Validation Set Manhattan Distance: 300.0, Mask Weight: 0.925
Epoch 796/20000, Train Loss: 0.3168, Validation Set Manhattan Distance: 300.0, Mask Weight: 0.925
Epoch 797/20000, Train Loss: 0.3148, Validation Set Manhattan Distance: 300.0, Mask Weight: 0.925
Epoch 798/20000, Train Loss: 0.3161, Validation Set Manhattan Distance: 300.0, Mask Weight: 0.925
Epoch 799/20000, Train Loss: 0.3154, Validation Set Manhattan Distance: 300.0, Mask Weight: 0.925
Epoch 800/20000, Train Loss: 0.3156, Validation Set Manhattan Distance: 300.0, Mask Weight: 0.925
Epoch 801/20000, Train Loss: 0.3140, Validation Set Manhattan Distance: 300.0, Mask Weight: 0.925
Epoch 802/20000, Train Loss: 0.3146, Validation Set Manhattan Distance: 300.0, Mask Weight: 0.925
Epoch 803/20000, Train Loss: 0.3143, Validation Set Manhattan Distance: 300.0, Mask Weight: 0.925
Epoch 804/20000, Train Loss: 0.3160, Validation Set Manhattan Distance: 300.0, Mask Weight: 0.925
Epoch 805/20000, Train Loss: 0.3160, Validation Set Manhattan Distance: 300.0, Mask Weight: 0.925
Epoch 806/20000, Train Loss: 0.3165, Validation Set Manhattan Distance: 300.0, Mask Weight: 0.925
Epoch 807/20000, Train Loss: 0.3170, Validation Set Manhattan Distance: 300.0, Mask Weight: 0.925
Epoch 808/20000, Train Loss: 0.3172, Validation Set Manhattan Distance: 300.0, Mask Weight: 0.925
Epoch 809/20000, Train Loss: 0.3161, Validation Set Manhattan Distance: 300.0, Mask Weight: 0.925
Epoch 810/20000, Train Loss: 0.3148, Validation Set Manhattan Distance: 300.0, Mask Weight: 0.925
Epoch 811/20000, Train Loss: 0.3137, Validation Set Manhattan Distance: 300.0, Mask Weight: 0.925
Epoch 812/20000, Train Loss: 0.3143, Validation Set Manhattan Distance: 300.0, Mask Weight: 0.925
Epoch 813/20000, Train Loss: 0.3145, Validation Set Manhattan Distance: 300.0, Mask Weight: 0.925
Epoch 814/20000, Train Loss: 0.3134, Validation Set Manhattan Distance: 300.0, Mask Weight: 0.925
Epoch 815/20000, Train Loss: 0.3144, Validation Set Manhattan Distance: 300.0, Mask Weight: 0.925
Epoch 816/20000, Train Loss: 0.3155, Validation Set Manhattan Distance: 300.0, Mask Weight: 0.925
Epoch 817/20000, Train Loss: 0.3154, Validation Set Manhattan Distance: 300.0, Mask Weight: 0.925
Epoch 818/20000, Train Loss: 0.3143, Validation Set Manhattan Distance: 300.0, Mask Weight: 0.925
Epoch 819/20000, Train Loss: 0.3138, Validation Set Manhattan Distance: 300.0, Mask Weight: 0.925
Epoch 820/20000, Train Loss: 0.3156, Validation Set Manhattan Distance: 300.0, Mask Weight: 0.925
Epoch 821/20000, Train Loss: 0.3153, Validation Set Manhattan Distance: 300.0, Mask Weight: 0.925
Epoch 822/20000, Train Loss: 0.3149, Validation Set Manhattan Distance: 300.0, Mask Weight: 0.925
Epoch 823/20000, Train Loss: 0.3144, Validation Set Manhattan Distance: 300.0, Mask Weight: 0.925
Epoch 824/20000, Train Loss: 0.3146, Validation Set Manhattan Distance: 300.0, Mask Weight: 0.925
Epoch 825/20000, Train Loss: 0.3146, Validation Set Manhattan Distance: 300.0, Mask Weight: 0.925
Epoch 826/20000, Train Loss: 0.3160, Validation Set Manhattan Distance: 300.0, Mask Weight: 0.925
Epoch 827/20000, Train Loss: 0.3152, Validation Set Manhattan Distance: 300.0, Mask Weight: 0.925
Epoch 828/20000, Train Loss: 0.3161, Validation Set Manhattan Distance: 300.0, Mask Weight: 0.925
Epoch 829/20000, Train Loss: 0.3157, Validation Set Manhattan Distance: 300.0, Mask Weight: 0.925
Epoch 830/20000, Train Loss: 0.3157, Validation Set Manhattan Distance: 300.0, Mask Weight: 0.925
Epoch 831/20000, Train Loss: 0.3146, Validation Set Manhattan Distance: 300.0, Mask Weight: 0.925
Epoch 832/20000, Train Loss: 0.3158, Validation Set Manhattan Distance: 300.0, Mask Weight: 0.925
Epoch 833/20000, Train Loss: 0.3153, Validation Set Manhattan Distance: 300.0, Mask Weight: 0.925
Epoch 834/20000, Train Loss: 0.3152, Validation Set Manhattan Distance: 300.0, Mask Weight: 0.925
Epoch 835/20000, Train Loss: 0.3138, Validation Set Manhattan Distance: 300.0, Mask Weight: 0.925
Epoch 836/20000, Train Loss: 0.3152, Validation Set Manhattan Distance: 300.0, Mask Weight: 0.925
Epoch 837/20000, Train Loss: 0.3143, Validation Set Manhattan Distance: 300.0, Mask Weight: 0.925
Epoch 838/20000, Train Loss: 0.3150, Validation Set Manhattan Distance: 300.0, Mask Weight: 0.925
Epoch 839/20000, Train Loss: 0.3185, Validation Set Manhattan Distance: 300.0, Mask Weight: 0.925
Epoch 840/20000, Train Loss: 0.3155, Validation Set Manhattan Distance: 300.0, Mask Weight: 0.925
Epoch 841/20000, Train Loss: 0.3171, Validation Set Manhattan Distance: 300.0, Mask Weight: 0.925
Epoch 842/20000, Train Loss: 0.3145, Validation Set Manhattan Distance: 300.0, Mask Weight: 0.925
Epoch 843/20000, Train Loss: 0.3170, Validation Set Manhattan Distance: 300.0, Mask Weight: 0.925
Epoch 844/20000, Train Loss: 0.3153, Validation Set Manhattan Distance: 300.0, Mask Weight: 0.925
Epoch 845/20000, Train Loss: 0.3154, Validation Set Manhattan Distance: 300.0, Mask Weight: 0.925
Epoch 846/20000, Train Loss: 0.3159, Validation Set Manhattan Distance: 300.0, Mask Weight: 0.925
Epoch 847/20000, Train Loss: 0.3163, Validation Set Manhattan Distance: 300.0, Mask Weight: 0.925
Epoch 848/20000, Train Loss: 0.3150, Validation Set Manhattan Distance: 300.0, Mask Weight: 0.925
Epoch 849/20000, Train Loss: 0.3146, Validation Set Manhattan Distance: 300.0, Mask Weight: 0.925
Epoch 850/20000, Train Loss: 0.3151, Validation Set Manhattan Distance: 300.0, Mask Weight: 0.925
Epoch 851/20000, Train Loss: 0.3148, Validation Set Manhattan Distance: 300.0, Mask Weight: 0.925
Epoch 852/20000, Train Loss: 0.3139, Validation Set Manhattan Distance: 300.0, Mask Weight: 0.925
Epoch 853/20000, Train Loss: 0.3148, Validation Set Manhattan Distance: 300.0, Mask Weight: 0.925
Epoch 854/20000, Train Loss: 0.3132, Validation Set Manhattan Distance: 300.0, Mask Weight: 0.925
Epoch 855/20000, Train Loss: 0.3137, Validation Set Manhattan Distance: 300.0, Mask Weight: 0.925
Epoch 856/20000, Train Loss: 0.3139, Validation Set Manhattan Distance: 300.0, Mask Weight: 0.925
Epoch 857/20000, Train Loss: 0.3148, Validation Set Manhattan Distance: 300.0, Mask Weight: 0.925
Epoch 858/20000, Train Loss: 0.3136, Validation Set Manhattan Distance: 300.0, Mask Weight: 0.925
Epoch 859/20000, Train Loss: 0.3135, Validation Set Manhattan Distance: 300.0, Mask Weight: 0.925
Epoch 860/20000, Train Loss: 0.3123, Validation Set Manhattan Distance: 300.0, Mask Weight: 0.925
Epoch 861/20000, Train Loss: 0.3141, Validation Set Manhattan Distance: 300.0, Mask Weight: 0.925
Epoch 862/20000, Train Loss: 0.3159, Validation Set Manhattan Distance: 300.0, Mask Weight: 0.925
Epoch 863/20000, Train Loss: 0.3134, Validation Set Manhattan Distance: 300.0, Mask Weight: 0.925
Epoch 864/20000, Train Loss: 0.3141, Validation Set Manhattan Distance: 300.0, Mask Weight: 0.925
Epoch 865/20000, Train Loss: 0.3142, Validation Set Manhattan Distance: 300.0, Mask Weight: 0.925
Epoch 866/20000, Train Loss: 0.3143, Validation Set Manhattan Distance: 300.0, Mask Weight: 0.925
Epoch 867/20000, Train Loss: 0.3131, Validation Set Manhattan Distance: 300.0, Mask Weight: 0.925
Epoch 868/20000, Train Loss: 0.3157, Validation Set Manhattan Distance: 300.0, Mask Weight: 0.925
Epoch 869/20000, Train Loss: 0.3144, Validation Set Manhattan Distance: 300.0, Mask Weight: 0.925
Epoch 870/20000, Train Loss: 0.3113, Validation Set Manhattan Distance: 300.0, Mask Weight: 0.925
Epoch 871/20000, Train Loss: 0.3146, Validation Set Manhattan Distance: 300.0, Mask Weight: 0.925
Epoch 872/20000, Train Loss: 0.3135, Validation Set Manhattan Distance: 300.0, Mask Weight: 0.925
Epoch 873/20000, Train Loss: 0.3127, Validation Set Manhattan Distance: 300.0, Mask Weight: 0.925
Epoch 874/20000, Train Loss: 0.3181, Validation Set Manhattan Distance: 300.0, Mask Weight: 0.925
Epoch 875/20000, Train Loss: 0.3131, Validation Set Manhattan Distance: 300.0, Mask Weight: 0.925
Epoch 876/20000, Train Loss: 0.3154, Validation Set Manhattan Distance: 300.0, Mask Weight: 0.925
Epoch 877/20000, Train Loss: 0.3147, Validation Set Manhattan Distance: 300.0, Mask Weight: 0.925
Epoch 878/20000, Train Loss: 0.3130, Validation Set Manhattan Distance: 300.0, Mask Weight: 0.925
Epoch 879/20000, Train Loss: 0.3141, Validation Set Manhattan Distance: 300.0, Mask Weight: 0.925
Epoch 880/20000, Train Loss: 0.3125, Validation Set Manhattan Distance: 300.0, Mask Weight: 0.925
Epoch 881/20000, Train Loss: 0.3140, Validation Set Manhattan Distance: 300.0, Mask Weight: 0.925
Epoch 882/20000, Train Loss: 0.3144, Validation Set Manhattan Distance: 300.0, Mask Weight: 0.925
Epoch 883/20000, Train Loss: 0.3139, Validation Set Manhattan Distance: 300.0, Mask Weight: 0.925
Epoch 884/20000, Train Loss: 0.4698, Validation Set Manhattan Distance: 300.0, Mask Weight: 0.925
Epoch 885/20000, Train Loss: 1.0117, Validation Set Manhattan Distance: 258.0, Mask Weight: 0.925
Epoch 886/20000, Train Loss: 0.7567, Validation Set Manhattan Distance: 18.0, Mask Weight: 0.925
Epoch 887/20000, Train Loss: 0.6210, Validation Set Manhattan Distance: 18.0, Mask Weight: 0.925
Epoch 888/20000, Train Loss: 0.5580, Validation Set Manhattan Distance: 18.0, Mask Weight: 0.925
Epoch 889/20000, Train Loss: 0.5399, Validation Set Manhattan Distance: 18.0, Mask Weight: 0.925
Epoch 890/20000, Train Loss: 0.5016, Validation Set Manhattan Distance: 18.0, Mask Weight: 0.925
Epoch 891/20000, Train Loss: 0.4472, Validation Set Manhattan Distance: 300.0, Mask Weight: 0.925
Epoch 892/20000, Train Loss: 0.4013, Validation Set Manhattan Distance: 300.0, Mask Weight: 0.925
Epoch 893/20000, Train Loss: 0.7838, Validation Set Manhattan Distance: 300.0, Mask Weight: 0.925
Epoch 894/20000, Train Loss: 0.7045, Validation Set Manhattan Distance: 18.0, Mask Weight: 0.925
Epoch 895/20000, Train Loss: 0.6429, Validation Set Manhattan Distance: 18.0, Mask Weight: 0.925
Epoch 896/20000, Train Loss: 0.6205, Validation Set Manhattan Distance: 24.0, Mask Weight: 0.925
Epoch 897/20000, Train Loss: 0.6015, Validation Set Manhattan Distance: 18.0, Mask Weight: 0.925
Epoch 898/20000, Train Loss: 0.5884, Validation Set Manhattan Distance: 18.0, Mask Weight: 0.925
Epoch 899/20000, Train Loss: 0.5772, Validation Set Manhattan Distance: 18.0, Mask Weight: 0.925
Epoch 900/20000, Train Loss: 0.5686, Validation Set Manhattan Distance: 18.0, Mask Weight: 0.925
Epoch 901/20000, Train Loss: 0.5609, Validation Set Manhattan Distance: 18.0, Mask Weight: 0.925
Epoch 902/20000, Train Loss: 0.5516, Validation Set Manhattan Distance: 30.0, Mask Weight: 0.925
Epoch 903/20000, Train Loss: 0.5406, Validation Set Manhattan Distance: 258.0, Mask Weight: 0.925
Epoch 904/20000, Train Loss: 0.5279, Validation Set Manhattan Distance: 288.0, Mask Weight: 0.925
Epoch 905/20000, Train Loss: 0.5166, Validation Set Manhattan Distance: 300.0, Mask Weight: 0.925
Epoch 906/20000, Train Loss: 0.5057, Validation Set Manhattan Distance: 300.0, Mask Weight: 0.925
Epoch 907/20000, Train Loss: 0.4891, Validation Set Manhattan Distance: 300.0, Mask Weight: 0.925
Epoch 908/20000, Train Loss: 0.4790, Validation Set Manhattan Distance: 300.0, Mask Weight: 0.925
Epoch 909/20000, Train Loss: 0.4778, Validation Set Manhattan Distance: 300.0, Mask Weight: 0.925
Epoch 910/20000, Train Loss: 0.4662, Validation Set Manhattan Distance: 300.0, Mask Weight: 0.925
Epoch 911/20000, Train Loss: 0.4484, Validation Set Manhattan Distance: 300.0, Mask Weight: 0.925
Epoch 912/20000, Train Loss: 0.4348, Validation Set Manhattan Distance: 300.0, Mask Weight: 0.925
Epoch 913/20000, Train Loss: 0.4251, Validation Set Manhattan Distance: 300.0, Mask Weight: 0.925
Epoch 914/20000, Train Loss: 0.4320, Validation Set Manhattan Distance: 300.0, Mask Weight: 0.925
Epoch 915/20000, Train Loss: 0.4315, Validation Set Manhattan Distance: 300.0, Mask Weight: 0.925
Epoch 916/20000, Train Loss: 0.4197, Validation Set Manhattan Distance: 300.0, Mask Weight: 0.925
Epoch 917/20000, Train Loss: 0.4325, Validation Set Manhattan Distance: 300.0, Mask Weight: 0.925
Epoch 918/20000, Train Loss: 0.4277, Validation Set Manhattan Distance: 300.0, Mask Weight: 0.925
Epoch 919/20000, Train Loss: 0.4206, Validation Set Manhattan Distance: 300.0, Mask Weight: 0.925