Using device: cuda
Starting training with gradient-based adaptive weighted mask...
Epoch 1/20000, Train Loss: 55.9989, Validation Set Manhattan Distance: 12.0, Mask Weight: 1.000
  -> New best Validation Set Manhattan Distance: 12.0. Model saved.
Epoch 2/20000, Train Loss: 42.9270, Validation Set Manhattan Distance: 12.0, Mask Weight: 1.000
Epoch 3/20000, Train Loss: 34.5143, Validation Set Manhattan Distance: 12.0, Mask Weight: 1.000
Epoch 4/20000, Train Loss: 28.2672, Validation Set Manhattan Distance: 12.0, Mask Weight: 1.000
Epoch 5/20000, Train Loss: 23.2864, Validation Set Manhattan Distance: 12.0, Mask Weight: 1.000
Epoch 6/20000, Train Loss: 19.2694, Validation Set Manhattan Distance: 12.0, Mask Weight: 1.000
Epoch 7/20000, Train Loss: 16.0028, Validation Set Manhattan Distance: 12.0, Mask Weight: 1.000
Epoch 8/20000, Train Loss: 13.2605, Validation Set Manhattan Distance: 12.0, Mask Weight: 1.000
Epoch 9/20000, Train Loss: 10.9422, Validation Set Manhattan Distance: 12.0, Mask Weight: 1.000
Epoch 10/20000, Train Loss: 9.0072, Validation Set Manhattan Distance: 12.0, Mask Weight: 1.000
Epoch 11/20000, Train Loss: 7.4024, Validation Set Manhattan Distance: 12.0, Mask Weight: 1.000
Epoch 12/20000, Train Loss: 6.0732, Validation Set Manhattan Distance: 12.0, Mask Weight: 1.000
Epoch 13/20000, Train Loss: 4.9762, Validation Set Manhattan Distance: 12.0, Mask Weight: 1.000
Epoch 14/20000, Train Loss: 4.0733, Validation Set Manhattan Distance: 12.0, Mask Weight: 1.000
Epoch 15/20000, Train Loss: 3.3307, Validation Set Manhattan Distance: 12.0, Mask Weight: 1.000
Epoch 16/20000, Train Loss: 2.7214, Validation Set Manhattan Distance: 12.0, Mask Weight: 1.000
Epoch 17/20000, Train Loss: 2.2221, Validation Set Manhattan Distance: 12.0, Mask Weight: 1.000
Epoch 18/20000, Train Loss: 1.8137, Validation Set Manhattan Distance: 12.0, Mask Weight: 1.000
Epoch 19/20000, Train Loss: 1.4799, Validation Set Manhattan Distance: 12.0, Mask Weight: 1.000
Epoch 20/20000, Train Loss: 1.2076, Validation Set Manhattan Distance: 12.0, Mask Weight: 1.000
Epoch 21/20000, Train Loss: 0.9855, Validation Set Manhattan Distance: 12.0, Mask Weight: 1.000
Epoch 22/20000, Train Loss: 0.8045, Validation Set Manhattan Distance: 12.0, Mask Weight: 1.000
Epoch 23/20000, Train Loss: 0.6572, Validation Set Manhattan Distance: 12.0, Mask Weight: 1.000
Epoch 24/20000, Train Loss: 0.5371, Validation Set Manhattan Distance: 12.0, Mask Weight: 1.000
Epoch 25/20000, Train Loss: 0.4394, Validation Set Manhattan Distance: 12.0, Mask Weight: 1.000
Epoch 26/20000, Train Loss: 0.3597, Validation Set Manhattan Distance: 12.0, Mask Weight: 1.000
Epoch 27/20000, Train Loss: 0.2948, Validation Set Manhattan Distance: 12.0, Mask Weight: 1.000
Epoch 28/20000, Train Loss: 0.2419, Validation Set Manhattan Distance: 12.0, Mask Weight: 1.000
Epoch 29/20000, Train Loss: 0.1987, Validation Set Manhattan Distance: 12.0, Mask Weight: 1.000
Epoch 30/20000, Train Loss: 0.1635, Validation Set Manhattan Distance: 12.0, Mask Weight: 1.000
Epoch 31/20000, Train Loss: 0.1346, Validation Set Manhattan Distance: 12.0, Mask Weight: 1.000
Epoch 32/20000, Train Loss: 0.1110, Validation Set Manhattan Distance: 12.0, Mask Weight: 1.000
  -> Train loss below 0.1. Mask weight reduction is now enabled.
Epoch 33/20000, Train Loss: 0.0917, Validation Set Manhattan Distance: 12.0, Mask Weight: 1.000
  -> Validation Set Manhattan Distance did not improve for 10 epochs.
  -> Unmasked Loss (Gradient Magnitude): 0.5563, Calculated Decrement: 0.0090
  -> Reducing mask weight to 0.991.
  -> Mask weight reduction is now disabled until train loss is below 0.001 again.
Epoch 34/20000, Train Loss: 0.3171, Validation Set Manhattan Distance: 12.0, Mask Weight: 0.991
Epoch 35/20000, Train Loss: 0.1515, Validation Set Manhattan Distance: 12.0, Mask Weight: 0.991
Epoch 36/20000, Train Loss: 0.1402, Validation Set Manhattan Distance: 12.0, Mask Weight: 0.991
Epoch 37/20000, Train Loss: 0.1307, Validation Set Manhattan Distance: 12.0, Mask Weight: 0.991
Epoch 38/20000, Train Loss: 0.1228, Validation Set Manhattan Distance: 12.0, Mask Weight: 0.991
Epoch 39/20000, Train Loss: 0.1162, Validation Set Manhattan Distance: 12.0, Mask Weight: 0.991
Epoch 40/20000, Train Loss: 0.1105, Validation Set Manhattan Distance: 12.0, Mask Weight: 0.991
Epoch 41/20000, Train Loss: 0.1057, Validation Set Manhattan Distance: 12.0, Mask Weight: 0.991
Epoch 42/20000, Train Loss: 0.1021, Validation Set Manhattan Distance: 12.0, Mask Weight: 0.991
  -> Train loss below 0.1. Mask weight reduction is now enabled.
Epoch 43/20000, Train Loss: 0.0993, Validation Set Manhattan Distance: 12.0, Mask Weight: 0.991
  -> Validation Set Manhattan Distance did not improve for 10 epochs.
  -> Unmasked Loss (Gradient Magnitude): 0.0936, Calculated Decrement: 0.0534
  -> Reducing mask weight to 0.938.
  -> Mask weight reduction is now disabled until train loss is below 0.001 again.
Epoch 44/20000, Train Loss: 0.5961, Validation Set Manhattan Distance: 12.0, Mask Weight: 0.938
Epoch 45/20000, Train Loss: 0.5913, Validation Set Manhattan Distance: 12.0, Mask Weight: 0.938
Epoch 46/20000, Train Loss: 0.5928, Validation Set Manhattan Distance: 12.0, Mask Weight: 0.938
Epoch 47/20000, Train Loss: 0.5832, Validation Set Manhattan Distance: 12.0, Mask Weight: 0.938
Epoch 48/20000, Train Loss: 0.5774, Validation Set Manhattan Distance: 12.0, Mask Weight: 0.938
Epoch 49/20000, Train Loss: 0.5753, Validation Set Manhattan Distance: 12.0, Mask Weight: 0.938
Epoch 50/20000, Train Loss: 0.5697, Validation Set Manhattan Distance: 12.0, Mask Weight: 0.938
Epoch 51/20000, Train Loss: 0.5689, Validation Set Manhattan Distance: 12.0, Mask Weight: 0.938
Epoch 52/20000, Train Loss: 0.5605, Validation Set Manhattan Distance: 12.0, Mask Weight: 0.938
Epoch 53/20000, Train Loss: 0.5550, Validation Set Manhattan Distance: 12.0, Mask Weight: 0.938
Epoch 54/20000, Train Loss: 0.5494, Validation Set Manhattan Distance: 12.0, Mask Weight: 0.938
Epoch 55/20000, Train Loss: 0.5285, Validation Set Manhattan Distance: 12.0, Mask Weight: 0.938
Epoch 56/20000, Train Loss: 0.5163, Validation Set Manhattan Distance: 12.0, Mask Weight: 0.938
Epoch 57/20000, Train Loss: 0.4986, Validation Set Manhattan Distance: 12.0, Mask Weight: 0.938
Epoch 58/20000, Train Loss: 0.4834, Validation Set Manhattan Distance: 12.0, Mask Weight: 0.938
Epoch 59/20000, Train Loss: 0.4689, Validation Set Manhattan Distance: 12.0, Mask Weight: 0.938
Epoch 60/20000, Train Loss: 0.4554, Validation Set Manhattan Distance: 12.0, Mask Weight: 0.938
Epoch 61/20000, Train Loss: 0.4351, Validation Set Manhattan Distance: 12.0, Mask Weight: 0.938
Epoch 62/20000, Train Loss: 0.4199, Validation Set Manhattan Distance: 12.0, Mask Weight: 0.938
Epoch 63/20000, Train Loss: 0.4159, Validation Set Manhattan Distance: 12.0, Mask Weight: 0.938
Epoch 64/20000, Train Loss: 0.4127, Validation Set Manhattan Distance: 12.0, Mask Weight: 0.938
Epoch 65/20000, Train Loss: 0.4318, Validation Set Manhattan Distance: 12.0, Mask Weight: 0.938
Epoch 66/20000, Train Loss: 0.4377, Validation Set Manhattan Distance: 12.0, Mask Weight: 0.938
Epoch 67/20000, Train Loss: 0.3994, Validation Set Manhattan Distance: 12.0, Mask Weight: 0.938
Epoch 68/20000, Train Loss: 0.3926, Validation Set Manhattan Distance: 12.0, Mask Weight: 0.938
Epoch 69/20000, Train Loss: 0.3972, Validation Set Manhattan Distance: 12.0, Mask Weight: 0.938
Epoch 70/20000, Train Loss: 0.3768, Validation Set Manhattan Distance: 12.0, Mask Weight: 0.938
Epoch 71/20000, Train Loss: 0.3724, Validation Set Manhattan Distance: 12.0, Mask Weight: 0.938
Epoch 72/20000, Train Loss: 0.3590, Validation Set Manhattan Distance: 12.0, Mask Weight: 0.938
Epoch 73/20000, Train Loss: 0.3650, Validation Set Manhattan Distance: 12.0, Mask Weight: 0.938
Epoch 74/20000, Train Loss: 0.3458, Validation Set Manhattan Distance: 12.0, Mask Weight: 0.938
Epoch 75/20000, Train Loss: 0.3407, Validation Set Manhattan Distance: 12.0, Mask Weight: 0.938
Epoch 76/20000, Train Loss: 0.3768, Validation Set Manhattan Distance: 12.0, Mask Weight: 0.938
Epoch 77/20000, Train Loss: 0.3806, Validation Set Manhattan Distance: 12.0, Mask Weight: 0.938
Epoch 78/20000, Train Loss: 0.3526, Validation Set Manhattan Distance: 12.0, Mask Weight: 0.938
Epoch 79/20000, Train Loss: 0.3375, Validation Set Manhattan Distance: 12.0, Mask Weight: 0.938
Epoch 80/20000, Train Loss: 0.3351, Validation Set Manhattan Distance: 12.0, Mask Weight: 0.938
Epoch 81/20000, Train Loss: 0.3323, Validation Set Manhattan Distance: 12.0, Mask Weight: 0.938
Epoch 82/20000, Train Loss: 0.3323, Validation Set Manhattan Distance: 12.0, Mask Weight: 0.938
Epoch 83/20000, Train Loss: 0.3255, Validation Set Manhattan Distance: 12.0, Mask Weight: 0.938
Epoch 84/20000, Train Loss: 0.3254, Validation Set Manhattan Distance: 12.0, Mask Weight: 0.938
Epoch 85/20000, Train Loss: 0.3269, Validation Set Manhattan Distance: 12.0, Mask Weight: 0.938
Epoch 86/20000, Train Loss: 0.3295, Validation Set Manhattan Distance: 12.0, Mask Weight: 0.938
Epoch 87/20000, Train Loss: 0.3254, Validation Set Manhattan Distance: 12.0, Mask Weight: 0.938
Epoch 88/20000, Train Loss: 0.3577, Validation Set Manhattan Distance: 12.0, Mask Weight: 0.938
Epoch 89/20000, Train Loss: 0.3195, Validation Set Manhattan Distance: 12.0, Mask Weight: 0.938
Epoch 90/20000, Train Loss: 0.3314, Validation Set Manhattan Distance: 12.0, Mask Weight: 0.938
Epoch 91/20000, Train Loss: 0.3177, Validation Set Manhattan Distance: 12.0, Mask Weight: 0.938
Epoch 92/20000, Train Loss: 0.3227, Validation Set Manhattan Distance: 12.0, Mask Weight: 0.938
Epoch 93/20000, Train Loss: 0.3174, Validation Set Manhattan Distance: 12.0, Mask Weight: 0.938
Epoch 94/20000, Train Loss: 0.3335, Validation Set Manhattan Distance: 12.0, Mask Weight: 0.938
Epoch 95/20000, Train Loss: 0.3145, Validation Set Manhattan Distance: 12.0, Mask Weight: 0.938
Epoch 96/20000, Train Loss: 0.3038, Validation Set Manhattan Distance: 12.0, Mask Weight: 0.938
Epoch 97/20000, Train Loss: 0.3108, Validation Set Manhattan Distance: 12.0, Mask Weight: 0.938
Epoch 98/20000, Train Loss: 0.3745, Validation Set Manhattan Distance: 12.0, Mask Weight: 0.938
Epoch 99/20000, Train Loss: 0.4021, Validation Set Manhattan Distance: 12.0, Mask Weight: 0.938
Epoch 100/20000, Train Loss: 0.3875, Validation Set Manhattan Distance: 12.0, Mask Weight: 0.938
Epoch 101/20000, Train Loss: 0.3388, Validation Set Manhattan Distance: 12.0, Mask Weight: 0.938
Epoch 102/20000, Train Loss: 0.3458, Validation Set Manhattan Distance: 12.0, Mask Weight: 0.938
Epoch 103/20000, Train Loss: 0.3169, Validation Set Manhattan Distance: 12.0, Mask Weight: 0.938
Epoch 104/20000, Train Loss: 0.3152, Validation Set Manhattan Distance: 12.0, Mask Weight: 0.938
Epoch 105/20000, Train Loss: 0.3103, Validation Set Manhattan Distance: 12.0, Mask Weight: 0.938
Epoch 106/20000, Train Loss: 0.2979, Validation Set Manhattan Distance: 12.0, Mask Weight: 0.938
Epoch 107/20000, Train Loss: 0.2882, Validation Set Manhattan Distance: 12.0, Mask Weight: 0.938
Epoch 108/20000, Train Loss: 0.2881, Validation Set Manhattan Distance: 12.0, Mask Weight: 0.938
Epoch 109/20000, Train Loss: 0.2849, Validation Set Manhattan Distance: 12.0, Mask Weight: 0.938
Epoch 110/20000, Train Loss: 0.2869, Validation Set Manhattan Distance: 12.0, Mask Weight: 0.938
Epoch 111/20000, Train Loss: 0.3014, Validation Set Manhattan Distance: 12.0, Mask Weight: 0.938
Epoch 112/20000, Train Loss: 0.2852, Validation Set Manhattan Distance: 12.0, Mask Weight: 0.938
Epoch 113/20000, Train Loss: 0.3004, Validation Set Manhattan Distance: 12.0, Mask Weight: 0.938
Epoch 114/20000, Train Loss: 0.2878, Validation Set Manhattan Distance: 12.0, Mask Weight: 0.938
Epoch 115/20000, Train Loss: 0.2872, Validation Set Manhattan Distance: 12.0, Mask Weight: 0.938
Epoch 116/20000, Train Loss: 0.2894, Validation Set Manhattan Distance: 12.0, Mask Weight: 0.938
Epoch 117/20000, Train Loss: 0.2919, Validation Set Manhattan Distance: 12.0, Mask Weight: 0.938
Epoch 118/20000, Train Loss: 0.2832, Validation Set Manhattan Distance: 12.0, Mask Weight: 0.938
Epoch 119/20000, Train Loss: 0.2884, Validation Set Manhattan Distance: 12.0, Mask Weight: 0.938
Epoch 120/20000, Train Loss: 0.3025, Validation Set Manhattan Distance: 12.0, Mask Weight: 0.938
Epoch 121/20000, Train Loss: 0.2783, Validation Set Manhattan Distance: 12.0, Mask Weight: 0.938
Epoch 122/20000, Train Loss: 0.2815, Validation Set Manhattan Distance: 12.0, Mask Weight: 0.938
Epoch 123/20000, Train Loss: 0.2747, Validation Set Manhattan Distance: 12.0, Mask Weight: 0.938
Epoch 124/20000, Train Loss: 0.2751, Validation Set Manhattan Distance: 12.0, Mask Weight: 0.938
Epoch 125/20000, Train Loss: 0.2757, Validation Set Manhattan Distance: 12.0, Mask Weight: 0.938
Epoch 126/20000, Train Loss: 0.4037, Validation Set Manhattan Distance: 12.0, Mask Weight: 0.938
Epoch 127/20000, Train Loss: 0.3256, Validation Set Manhattan Distance: 12.0, Mask Weight: 0.938
Epoch 128/20000, Train Loss: 0.3070, Validation Set Manhattan Distance: 12.0, Mask Weight: 0.938
Epoch 129/20000, Train Loss: 0.2870, Validation Set Manhattan Distance: 12.0, Mask Weight: 0.938
Epoch 130/20000, Train Loss: 0.2800, Validation Set Manhattan Distance: 12.0, Mask Weight: 0.938
Epoch 131/20000, Train Loss: 0.2789, Validation Set Manhattan Distance: 12.0, Mask Weight: 0.938
Epoch 132/20000, Train Loss: 0.2811, Validation Set Manhattan Distance: 12.0, Mask Weight: 0.938
Epoch 133/20000, Train Loss: 0.2860, Validation Set Manhattan Distance: 12.0, Mask Weight: 0.938
Epoch 134/20000, Train Loss: 0.2771, Validation Set Manhattan Distance: 12.0, Mask Weight: 0.938
Epoch 135/20000, Train Loss: 0.2755, Validation Set Manhattan Distance: 12.0, Mask Weight: 0.938
Epoch 136/20000, Train Loss: 0.2732, Validation Set Manhattan Distance: 12.0, Mask Weight: 0.938
Epoch 137/20000, Train Loss: 0.2727, Validation Set Manhattan Distance: 12.0, Mask Weight: 0.938
Epoch 138/20000, Train Loss: 0.2757, Validation Set Manhattan Distance: 12.0, Mask Weight: 0.938
Epoch 139/20000, Train Loss: 0.2797, Validation Set Manhattan Distance: 12.0, Mask Weight: 0.938
Epoch 140/20000, Train Loss: 0.3530, Validation Set Manhattan Distance: 12.0, Mask Weight: 0.938
Epoch 141/20000, Train Loss: 0.2843, Validation Set Manhattan Distance: 12.0, Mask Weight: 0.938
Epoch 142/20000, Train Loss: 0.2842, Validation Set Manhattan Distance: 12.0, Mask Weight: 0.938
Epoch 143/20000, Train Loss: 0.2768, Validation Set Manhattan Distance: 12.0, Mask Weight: 0.938
Epoch 144/20000, Train Loss: 0.2769, Validation Set Manhattan Distance: 12.0, Mask Weight: 0.938
Epoch 145/20000, Train Loss: 0.2773, Validation Set Manhattan Distance: 12.0, Mask Weight: 0.938
Epoch 146/20000, Train Loss: 0.2708, Validation Set Manhattan Distance: 12.0, Mask Weight: 0.938
Epoch 147/20000, Train Loss: 0.2706, Validation Set Manhattan Distance: 12.0, Mask Weight: 0.938
Epoch 148/20000, Train Loss: 0.2693, Validation Set Manhattan Distance: 12.0, Mask Weight: 0.938
Epoch 149/20000, Train Loss: 0.2696, Validation Set Manhattan Distance: 12.0, Mask Weight: 0.938
Epoch 150/20000, Train Loss: 0.2686, Validation Set Manhattan Distance: 12.0, Mask Weight: 0.938
Epoch 151/20000, Train Loss: 0.2666, Validation Set Manhattan Distance: 12.0, Mask Weight: 0.938
Epoch 152/20000, Train Loss: 0.2687, Validation Set Manhattan Distance: 12.0, Mask Weight: 0.938
Epoch 153/20000, Train Loss: 0.2694, Validation Set Manhattan Distance: 12.0, Mask Weight: 0.938
Epoch 154/20000, Train Loss: 0.2686, Validation Set Manhattan Distance: 12.0, Mask Weight: 0.938
Epoch 155/20000, Train Loss: 0.3273, Validation Set Manhattan Distance: 12.0, Mask Weight: 0.938
Epoch 156/20000, Train Loss: 0.5967, Validation Set Manhattan Distance: 12.0, Mask Weight: 0.938
Epoch 157/20000, Train Loss: 0.3846, Validation Set Manhattan Distance: 12.0, Mask Weight: 0.938
Epoch 158/20000, Train Loss: 0.4002, Validation Set Manhattan Distance: 12.0, Mask Weight: 0.938
Epoch 159/20000, Train Loss: 0.3325, Validation Set Manhattan Distance: 12.0, Mask Weight: 0.938
Epoch 160/20000, Train Loss: 0.3258, Validation Set Manhattan Distance: 12.0, Mask Weight: 0.938
Epoch 161/20000, Train Loss: 0.3212, Validation Set Manhattan Distance: 12.0, Mask Weight: 0.938
Epoch 162/20000, Train Loss: 0.3055, Validation Set Manhattan Distance: 12.0, Mask Weight: 0.938
Epoch 163/20000, Train Loss: 0.3018, Validation Set Manhattan Distance: 12.0, Mask Weight: 0.938
Epoch 164/20000, Train Loss: 0.3010, Validation Set Manhattan Distance: 12.0, Mask Weight: 0.938
Epoch 165/20000, Train Loss: 0.2878, Validation Set Manhattan Distance: 12.0, Mask Weight: 0.938
Epoch 166/20000, Train Loss: 0.2806, Validation Set Manhattan Distance: 12.0, Mask Weight: 0.938
Epoch 167/20000, Train Loss: 0.2807, Validation Set Manhattan Distance: 12.0, Mask Weight: 0.938
Epoch 168/20000, Train Loss: 0.2797, Validation Set Manhattan Distance: 12.0, Mask Weight: 0.938
Epoch 169/20000, Train Loss: 0.2835, Validation Set Manhattan Distance: 12.0, Mask Weight: 0.938
Epoch 170/20000, Train Loss: 0.2780, Validation Set Manhattan Distance: 12.0, Mask Weight: 0.938
Epoch 171/20000, Train Loss: 0.2771, Validation Set Manhattan Distance: 12.0, Mask Weight: 0.938
Epoch 172/20000, Train Loss: 0.2724, Validation Set Manhattan Distance: 12.0, Mask Weight: 0.938
Epoch 173/20000, Train Loss: 0.2715, Validation Set Manhattan Distance: 12.0, Mask Weight: 0.938
Epoch 174/20000, Train Loss: 0.2740, Validation Set Manhattan Distance: 12.0, Mask Weight: 0.938
Epoch 175/20000, Train Loss: 0.2740, Validation Set Manhattan Distance: 12.0, Mask Weight: 0.938
Epoch 176/20000, Train Loss: 0.2835, Validation Set Manhattan Distance: 12.0, Mask Weight: 0.938
Epoch 177/20000, Train Loss: 0.2799, Validation Set Manhattan Distance: 12.0, Mask Weight: 0.938
Epoch 178/20000, Train Loss: 0.3040, Validation Set Manhattan Distance: 12.0, Mask Weight: 0.938
Epoch 179/20000, Train Loss: 0.3231, Validation Set Manhattan Distance: 12.0, Mask Weight: 0.938
Epoch 180/20000, Train Loss: 0.2958, Validation Set Manhattan Distance: 12.0, Mask Weight: 0.938
Epoch 181/20000, Train Loss: 0.2990, Validation Set Manhattan Distance: 12.0, Mask Weight: 0.938
Epoch 182/20000, Train Loss: 0.2768, Validation Set Manhattan Distance: 12.0, Mask Weight: 0.938
Epoch 183/20000, Train Loss: 0.2754, Validation Set Manhattan Distance: 12.0, Mask Weight: 0.938
Epoch 184/20000, Train Loss: 0.2740, Validation Set Manhattan Distance: 12.0, Mask Weight: 0.938
Epoch 185/20000, Train Loss: 0.2744, Validation Set Manhattan Distance: 12.0, Mask Weight: 0.938
Epoch 186/20000, Train Loss: 0.2721, Validation Set Manhattan Distance: 12.0, Mask Weight: 0.938
Epoch 187/20000, Train Loss: 0.2715, Validation Set Manhattan Distance: 12.0, Mask Weight: 0.938
Epoch 188/20000, Train Loss: 0.2720, Validation Set Manhattan Distance: 12.0, Mask Weight: 0.938
Epoch 189/20000, Train Loss: 0.2690, Validation Set Manhattan Distance: 12.0, Mask Weight: 0.938
Epoch 190/20000, Train Loss: 0.2706, Validation Set Manhattan Distance: 12.0, Mask Weight: 0.938
Epoch 191/20000, Train Loss: 0.2687, Validation Set Manhattan Distance: 12.0, Mask Weight: 0.938
Epoch 192/20000, Train Loss: 0.2670, Validation Set Manhattan Distance: 12.0, Mask Weight: 0.938
Epoch 193/20000, Train Loss: 0.2678, Validation Set Manhattan Distance: 12.0, Mask Weight: 0.938
Epoch 194/20000, Train Loss: 0.2673, Validation Set Manhattan Distance: 12.0, Mask Weight: 0.938
Epoch 195/20000, Train Loss: 0.2672, Validation Set Manhattan Distance: 12.0, Mask Weight: 0.938
Epoch 196/20000, Train Loss: 0.2678, Validation Set Manhattan Distance: 12.0, Mask Weight: 0.938
Epoch 197/20000, Train Loss: 0.2696, Validation Set Manhattan Distance: 12.0, Mask Weight: 0.938
Epoch 198/20000, Train Loss: 0.2690, Validation Set Manhattan Distance: 12.0, Mask Weight: 0.938
Epoch 199/20000, Train Loss: 0.2704, Validation Set Manhattan Distance: 12.0, Mask Weight: 0.938
Epoch 200/20000, Train Loss: 0.2696, Validation Set Manhattan Distance: 12.0, Mask Weight: 0.938
Epoch 201/20000, Train Loss: 0.2679, Validation Set Manhattan Distance: 12.0, Mask Weight: 0.938
Epoch 202/20000, Train Loss: 0.2657, Validation Set Manhattan Distance: 12.0, Mask Weight: 0.938
Epoch 203/20000, Train Loss: 0.2687, Validation Set Manhattan Distance: 12.0, Mask Weight: 0.938
Epoch 204/20000, Train Loss: 0.2699, Validation Set Manhattan Distance: 12.0, Mask Weight: 0.938
Epoch 205/20000, Train Loss: 0.2695, Validation Set Manhattan Distance: 12.0, Mask Weight: 0.938
Epoch 206/20000, Train Loss: 0.2691, Validation Set Manhattan Distance: 12.0, Mask Weight: 0.938
Epoch 207/20000, Train Loss: 0.2706, Validation Set Manhattan Distance: 12.0, Mask Weight: 0.938
Epoch 208/20000, Train Loss: 0.2693, Validation Set Manhattan Distance: 12.0, Mask Weight: 0.938
Epoch 209/20000, Train Loss: 0.2720, Validation Set Manhattan Distance: 12.0, Mask Weight: 0.938
Epoch 210/20000, Train Loss: 0.2687, Validation Set Manhattan Distance: 12.0, Mask Weight: 0.938
Epoch 211/20000, Train Loss: 0.2685, Validation Set Manhattan Distance: 12.0, Mask Weight: 0.938
Epoch 212/20000, Train Loss: 0.2677, Validation Set Manhattan Distance: 12.0, Mask Weight: 0.938
Epoch 213/20000, Train Loss: 0.2663, Validation Set Manhattan Distance: 12.0, Mask Weight: 0.938
Epoch 214/20000, Train Loss: 0.2646, Validation Set Manhattan Distance: 12.0, Mask Weight: 0.938
Epoch 215/20000, Train Loss: 0.2675, Validation Set Manhattan Distance: 12.0, Mask Weight: 0.938
Epoch 216/20000, Train Loss: 0.2655, Validation Set Manhattan Distance: 12.0, Mask Weight: 0.938
Epoch 217/20000, Train Loss: 0.2654, Validation Set Manhattan Distance: 12.0, Mask Weight: 0.938
Epoch 218/20000, Train Loss: 0.2648, Validation Set Manhattan Distance: 12.0, Mask Weight: 0.938
Epoch 219/20000, Train Loss: 0.2657, Validation Set Manhattan Distance: 12.0, Mask Weight: 0.938
Epoch 220/20000, Train Loss: 0.2680, Validation Set Manhattan Distance: 12.0, Mask Weight: 0.938
Epoch 221/20000, Train Loss: 0.2656, Validation Set Manhattan Distance: 12.0, Mask Weight: 0.938
Epoch 222/20000, Train Loss: 0.2644, Validation Set Manhattan Distance: 12.0, Mask Weight: 0.938
Epoch 223/20000, Train Loss: 0.2683, Validation Set Manhattan Distance: 12.0, Mask Weight: 0.938
Epoch 224/20000, Train Loss: 0.2765, Validation Set Manhattan Distance: 12.0, Mask Weight: 0.938
Epoch 225/20000, Train Loss: 0.2748, Validation Set Manhattan Distance: 12.0, Mask Weight: 0.938
Epoch 226/20000, Train Loss: 0.3417, Validation Set Manhattan Distance: 12.0, Mask Weight: 0.938
Epoch 227/20000, Train Loss: 0.3934, Validation Set Manhattan Distance: 12.0, Mask Weight: 0.938
Epoch 228/20000, Train Loss: 0.3316, Validation Set Manhattan Distance: 12.0, Mask Weight: 0.938
Epoch 229/20000, Train Loss: 0.3609, Validation Set Manhattan Distance: 12.0, Mask Weight: 0.938
Epoch 230/20000, Train Loss: 0.3231, Validation Set Manhattan Distance: 12.0, Mask Weight: 0.938
Epoch 231/20000, Train Loss: 0.3127, Validation Set Manhattan Distance: 12.0, Mask Weight: 0.938
Epoch 232/20000, Train Loss: 0.2902, Validation Set Manhattan Distance: 12.0, Mask Weight: 0.938
Epoch 233/20000, Train Loss: 0.2770, Validation Set Manhattan Distance: 12.0, Mask Weight: 0.938
Epoch 234/20000, Train Loss: 0.2797, Validation Set Manhattan Distance: 12.0, Mask Weight: 0.938
Epoch 235/20000, Train Loss: 0.3275, Validation Set Manhattan Distance: 12.0, Mask Weight: 0.938
Epoch 236/20000, Train Loss: 0.2858, Validation Set Manhattan Distance: 12.0, Mask Weight: 0.938
Epoch 237/20000, Train Loss: 0.2722, Validation Set Manhattan Distance: 12.0, Mask Weight: 0.938
Epoch 238/20000, Train Loss: 0.2743, Validation Set Manhattan Distance: 12.0, Mask Weight: 0.938
Epoch 239/20000, Train Loss: 0.2665, Validation Set Manhattan Distance: 12.0, Mask Weight: 0.938
Epoch 240/20000, Train Loss: 0.2683, Validation Set Manhattan Distance: 12.0, Mask Weight: 0.938
Epoch 241/20000, Train Loss: 0.2667, Validation Set Manhattan Distance: 12.0, Mask Weight: 0.938
Epoch 242/20000, Train Loss: 0.2677, Validation Set Manhattan Distance: 12.0, Mask Weight: 0.938
Epoch 243/20000, Train Loss: 0.2667, Validation Set Manhattan Distance: 12.0, Mask Weight: 0.938
Epoch 244/20000, Train Loss: 0.2661, Validation Set Manhattan Distance: 12.0, Mask Weight: 0.938
Epoch 245/20000, Train Loss: 0.2671, Validation Set Manhattan Distance: 12.0, Mask Weight: 0.938
Epoch 246/20000, Train Loss: 0.2661, Validation Set Manhattan Distance: 12.0, Mask Weight: 0.938
Epoch 247/20000, Train Loss: 0.2660, Validation Set Manhattan Distance: 12.0, Mask Weight: 0.938
Epoch 248/20000, Train Loss: 0.2662, Validation Set Manhattan Distance: 12.0, Mask Weight: 0.938
Epoch 249/20000, Train Loss: 0.2668, Validation Set Manhattan Distance: 12.0, Mask Weight: 0.938
Epoch 250/20000, Train Loss: 0.2643, Validation Set Manhattan Distance: 12.0, Mask Weight: 0.938
Epoch 251/20000, Train Loss: 0.2644, Validation Set Manhattan Distance: 12.0, Mask Weight: 0.938
Epoch 252/20000, Train Loss: 0.2641, Validation Set Manhattan Distance: 12.0, Mask Weight: 0.938
Epoch 253/20000, Train Loss: 0.2656, Validation Set Manhattan Distance: 12.0, Mask Weight: 0.938
Epoch 254/20000, Train Loss: 0.2651, Validation Set Manhattan Distance: 12.0, Mask Weight: 0.938
Epoch 255/20000, Train Loss: 0.2644, Validation Set Manhattan Distance: 12.0, Mask Weight: 0.938
Epoch 256/20000, Train Loss: 0.2644, Validation Set Manhattan Distance: 12.0, Mask Weight: 0.938
Epoch 257/20000, Train Loss: 0.2665, Validation Set Manhattan Distance: 12.0, Mask Weight: 0.938
Epoch 258/20000, Train Loss: 0.2668, Validation Set Manhattan Distance: 12.0, Mask Weight: 0.938
Epoch 259/20000, Train Loss: 0.2656, Validation Set Manhattan Distance: 12.0, Mask Weight: 0.938
Epoch 260/20000, Train Loss: 0.2667, Validation Set Manhattan Distance: 12.0, Mask Weight: 0.938
Epoch 261/20000, Train Loss: 0.2663, Validation Set Manhattan Distance: 12.0, Mask Weight: 0.938
Epoch 262/20000, Train Loss: 0.2652, Validation Set Manhattan Distance: 12.0, Mask Weight: 0.938
Epoch 263/20000, Train Loss: 0.2669, Validation Set Manhattan Distance: 12.0, Mask Weight: 0.938
Epoch 264/20000, Train Loss: 0.2655, Validation Set Manhattan Distance: 12.0, Mask Weight: 0.938
Epoch 265/20000, Train Loss: 0.2654, Validation Set Manhattan Distance: 12.0, Mask Weight: 0.938
Epoch 266/20000, Train Loss: 0.2663, Validation Set Manhattan Distance: 12.0, Mask Weight: 0.938
Epoch 267/20000, Train Loss: 0.2670, Validation Set Manhattan Distance: 12.0, Mask Weight: 0.938
Epoch 268/20000, Train Loss: 0.2660, Validation Set Manhattan Distance: 12.0, Mask Weight: 0.938
Epoch 269/20000, Train Loss: 0.2675, Validation Set Manhattan Distance: 12.0, Mask Weight: 0.938
Epoch 270/20000, Train Loss: 0.2668, Validation Set Manhattan Distance: 12.0, Mask Weight: 0.938
Epoch 271/20000, Train Loss: 0.2656, Validation Set Manhattan Distance: 12.0, Mask Weight: 0.938
Epoch 272/20000, Train Loss: 0.2641, Validation Set Manhattan Distance: 12.0, Mask Weight: 0.938
Epoch 273/20000, Train Loss: 0.2648, Validation Set Manhattan Distance: 12.0, Mask Weight: 0.938
Epoch 274/20000, Train Loss: 0.2635, Validation Set Manhattan Distance: 12.0, Mask Weight: 0.938
Epoch 275/20000, Train Loss: 0.2698, Validation Set Manhattan Distance: 12.0, Mask Weight: 0.938
Epoch 276/20000, Train Loss: 0.2801, Validation Set Manhattan Distance: 12.0, Mask Weight: 0.938
Epoch 277/20000, Train Loss: 0.2664, Validation Set Manhattan Distance: 12.0, Mask Weight: 0.938
Epoch 278/20000, Train Loss: 0.2734, Validation Set Manhattan Distance: 12.0, Mask Weight: 0.938
Epoch 279/20000, Train Loss: 0.2776, Validation Set Manhattan Distance: 12.0, Mask Weight: 0.938
Epoch 280/20000, Train Loss: 0.2733, Validation Set Manhattan Distance: 12.0, Mask Weight: 0.938
Epoch 281/20000, Train Loss: 0.2703, Validation Set Manhattan Distance: 12.0, Mask Weight: 0.938
Epoch 282/20000, Train Loss: 0.2667, Validation Set Manhattan Distance: 12.0, Mask Weight: 0.938
Epoch 283/20000, Train Loss: 0.2651, Validation Set Manhattan Distance: 12.0, Mask Weight: 0.938
Epoch 284/20000, Train Loss: 0.2656, Validation Set Manhattan Distance: 12.0, Mask Weight: 0.938
Epoch 285/20000, Train Loss: 0.2644, Validation Set Manhattan Distance: 12.0, Mask Weight: 0.938
Epoch 286/20000, Train Loss: 0.2657, Validation Set Manhattan Distance: 12.0, Mask Weight: 0.938
Epoch 287/20000, Train Loss: 0.2654, Validation Set Manhattan Distance: 12.0, Mask Weight: 0.938
Epoch 288/20000, Train Loss: 0.2642, Validation Set Manhattan Distance: 12.0, Mask Weight: 0.938
Epoch 289/20000, Train Loss: 0.2634, Validation Set Manhattan Distance: 12.0, Mask Weight: 0.938
Epoch 290/20000, Train Loss: 0.2643, Validation Set Manhattan Distance: 12.0, Mask Weight: 0.938
Epoch 291/20000, Train Loss: 0.2639, Validation Set Manhattan Distance: 12.0, Mask Weight: 0.938
Epoch 292/20000, Train Loss: 0.2641, Validation Set Manhattan Distance: 12.0, Mask Weight: 0.938
Epoch 293/20000, Train Loss: 0.2660, Validation Set Manhattan Distance: 12.0, Mask Weight: 0.938
Epoch 294/20000, Train Loss: 0.2704, Validation Set Manhattan Distance: 12.0, Mask Weight: 0.938
Epoch 295/20000, Train Loss: 0.2689, Validation Set Manhattan Distance: 12.0, Mask Weight: 0.938
Epoch 296/20000, Train Loss: 0.2642, Validation Set Manhattan Distance: 12.0, Mask Weight: 0.938
Epoch 297/20000, Train Loss: 0.2650, Validation Set Manhattan Distance: 12.0, Mask Weight: 0.938
Epoch 298/20000, Train Loss: 0.2642, Validation Set Manhattan Distance: 12.0, Mask Weight: 0.938
Epoch 299/20000, Train Loss: 0.2668, Validation Set Manhattan Distance: 12.0, Mask Weight: 0.938
Epoch 300/20000, Train Loss: 0.2687, Validation Set Manhattan Distance: 12.0, Mask Weight: 0.938
Epoch 301/20000, Train Loss: 0.2670, Validation Set Manhattan Distance: 12.0, Mask Weight: 0.938
Epoch 302/20000, Train Loss: 0.2637, Validation Set Manhattan Distance: 12.0, Mask Weight: 0.938
Epoch 303/20000, Train Loss: 0.2643, Validation Set Manhattan Distance: 12.0, Mask Weight: 0.938
Epoch 304/20000, Train Loss: 0.2646, Validation Set Manhattan Distance: 12.0, Mask Weight: 0.938
Epoch 305/20000, Train Loss: 0.2642, Validation Set Manhattan Distance: 12.0, Mask Weight: 0.938
Epoch 306/20000, Train Loss: 0.2658, Validation Set Manhattan Distance: 12.0, Mask Weight: 0.938
Epoch 307/20000, Train Loss: 0.2653, Validation Set Manhattan Distance: 12.0, Mask Weight: 0.938
Epoch 308/20000, Train Loss: 0.2656, Validation Set Manhattan Distance: 12.0, Mask Weight: 0.938
Epoch 309/20000, Train Loss: 0.2660, Validation Set Manhattan Distance: 12.0, Mask Weight: 0.938
Epoch 310/20000, Train Loss: 0.2649, Validation Set Manhattan Distance: 12.0, Mask Weight: 0.938
Epoch 311/20000, Train Loss: 0.2641, Validation Set Manhattan Distance: 12.0, Mask Weight: 0.938
Epoch 312/20000, Train Loss: 0.2644, Validation Set Manhattan Distance: 12.0, Mask Weight: 0.938
Epoch 313/20000, Train Loss: 0.2673, Validation Set Manhattan Distance: 12.0, Mask Weight: 0.938
Epoch 314/20000, Train Loss: 0.2632, Validation Set Manhattan Distance: 12.0, Mask Weight: 0.938
Epoch 315/20000, Train Loss: 0.2651, Validation Set Manhattan Distance: 12.0, Mask Weight: 0.938
Epoch 316/20000, Train Loss: 0.2639, Validation Set Manhattan Distance: 12.0, Mask Weight: 0.938
Epoch 317/20000, Train Loss: 0.2634, Validation Set Manhattan Distance: 12.0, Mask Weight: 0.938
Epoch 318/20000, Train Loss: 0.2643, Validation Set Manhattan Distance: 12.0, Mask Weight: 0.938
Epoch 319/20000, Train Loss: 0.2621, Validation Set Manhattan Distance: 12.0, Mask Weight: 0.938
Epoch 320/20000, Train Loss: 0.2690, Validation Set Manhattan Distance: 12.0, Mask Weight: 0.938
Epoch 321/20000, Train Loss: 0.2665, Validation Set Manhattan Distance: 12.0, Mask Weight: 0.938
Epoch 322/20000, Train Loss: 0.2636, Validation Set Manhattan Distance: 12.0, Mask Weight: 0.938
Epoch 323/20000, Train Loss: 0.2632, Validation Set Manhattan Distance: 12.0, Mask Weight: 0.938
Epoch 324/20000, Train Loss: 0.2634, Validation Set Manhattan Distance: 12.0, Mask Weight: 0.938
Epoch 325/20000, Train Loss: 0.2671, Validation Set Manhattan Distance: 12.0, Mask Weight: 0.938
Epoch 326/20000, Train Loss: 0.2642, Validation Set Manhattan Distance: 12.0, Mask Weight: 0.938
Epoch 327/20000, Train Loss: 0.2662, Validation Set Manhattan Distance: 12.0, Mask Weight: 0.938
Epoch 328/20000, Train Loss: 0.2655, Validation Set Manhattan Distance: 12.0, Mask Weight: 0.938
Epoch 329/20000, Train Loss: 0.2639, Validation Set Manhattan Distance: 12.0, Mask Weight: 0.938
Epoch 330/20000, Train Loss: 0.2635, Validation Set Manhattan Distance: 12.0, Mask Weight: 0.938
Epoch 331/20000, Train Loss: 0.2652, Validation Set Manhattan Distance: 12.0, Mask Weight: 0.938
Epoch 332/20000, Train Loss: 0.2654, Validation Set Manhattan Distance: 12.0, Mask Weight: 0.938
Epoch 333/20000, Train Loss: 0.2653, Validation Set Manhattan Distance: 12.0, Mask Weight: 0.938
Epoch 334/20000, Train Loss: 0.2659, Validation Set Manhattan Distance: 12.0, Mask Weight: 0.938
Epoch 335/20000, Train Loss: 0.2654, Validation Set Manhattan Distance: 12.0, Mask Weight: 0.938
Epoch 336/20000, Train Loss: 0.2661, Validation Set Manhattan Distance: 12.0, Mask Weight: 0.938
Epoch 337/20000, Train Loss: 0.2653, Validation Set Manhattan Distance: 12.0, Mask Weight: 0.938
Epoch 338/20000, Train Loss: 0.2627, Validation Set Manhattan Distance: 12.0, Mask Weight: 0.938
Epoch 339/20000, Train Loss: 0.2634, Validation Set Manhattan Distance: 12.0, Mask Weight: 0.938
Epoch 340/20000, Train Loss: 0.2626, Validation Set Manhattan Distance: 12.0, Mask Weight: 0.938
Epoch 341/20000, Train Loss: 0.2638, Validation Set Manhattan Distance: 12.0, Mask Weight: 0.938
Epoch 342/20000, Train Loss: 0.2641, Validation Set Manhattan Distance: 12.0, Mask Weight: 0.938
Epoch 343/20000, Train Loss: 0.2655, Validation Set Manhattan Distance: 12.0, Mask Weight: 0.938
Epoch 344/20000, Train Loss: 0.2688, Validation Set Manhattan Distance: 12.0, Mask Weight: 0.938
Epoch 345/20000, Train Loss: 0.2672, Validation Set Manhattan Distance: 12.0, Mask Weight: 0.938
Epoch 346/20000, Train Loss: 0.2663, Validation Set Manhattan Distance: 12.0, Mask Weight: 0.938
Epoch 347/20000, Train Loss: 0.2654, Validation Set Manhattan Distance: 12.0, Mask Weight: 0.938
Epoch 348/20000, Train Loss: 0.2679, Validation Set Manhattan Distance: 12.0, Mask Weight: 0.938
Epoch 349/20000, Train Loss: 0.2645, Validation Set Manhattan Distance: 12.0, Mask Weight: 0.938
Epoch 350/20000, Train Loss: 0.2643, Validation Set Manhattan Distance: 12.0, Mask Weight: 0.938
Epoch 351/20000, Train Loss: 0.2630, Validation Set Manhattan Distance: 12.0, Mask Weight: 0.938
Epoch 352/20000, Train Loss: 0.2622, Validation Set Manhattan Distance: 12.0, Mask Weight: 0.938
Epoch 353/20000, Train Loss: 0.2636, Validation Set Manhattan Distance: 12.0, Mask Weight: 0.938
Epoch 354/20000, Train Loss: 0.2634, Validation Set Manhattan Distance: 12.0, Mask Weight: 0.938
Epoch 355/20000, Train Loss: 0.2677, Validation Set Manhattan Distance: 12.0, Mask Weight: 0.938
Epoch 356/20000, Train Loss: 0.2619, Validation Set Manhattan Distance: 12.0, Mask Weight: 0.938
Epoch 357/20000, Train Loss: 0.2642, Validation Set Manhattan Distance: 12.0, Mask Weight: 0.938
Epoch 358/20000, Train Loss: 0.2631, Validation Set Manhattan Distance: 12.0, Mask Weight: 0.938
Epoch 359/20000, Train Loss: 0.2627, Validation Set Manhattan Distance: 12.0, Mask Weight: 0.938
Epoch 360/20000, Train Loss: 0.2637, Validation Set Manhattan Distance: 12.0, Mask Weight: 0.938
Epoch 361/20000, Train Loss: 0.2642, Validation Set Manhattan Distance: 12.0, Mask Weight: 0.938
Epoch 362/20000, Train Loss: 0.2635, Validation Set Manhattan Distance: 12.0, Mask Weight: 0.938
Epoch 363/20000, Train Loss: 0.2659, Validation Set Manhattan Distance: 12.0, Mask Weight: 0.938
Epoch 364/20000, Train Loss: 0.2633, Validation Set Manhattan Distance: 12.0, Mask Weight: 0.938
Epoch 365/20000, Train Loss: 0.2641, Validation Set Manhattan Distance: 12.0, Mask Weight: 0.938
Epoch 366/20000, Train Loss: 0.2628, Validation Set Manhattan Distance: 12.0, Mask Weight: 0.938
Epoch 367/20000, Train Loss: 0.2657, Validation Set Manhattan Distance: 12.0, Mask Weight: 0.938
Epoch 368/20000, Train Loss: 0.2664, Validation Set Manhattan Distance: 12.0, Mask Weight: 0.938
Epoch 369/20000, Train Loss: 0.2635, Validation Set Manhattan Distance: 12.0, Mask Weight: 0.938
Epoch 370/20000, Train Loss: 0.2672, Validation Set Manhattan Distance: 12.0, Mask Weight: 0.938
Epoch 371/20000, Train Loss: 0.2669, Validation Set Manhattan Distance: 12.0, Mask Weight: 0.938
Epoch 372/20000, Train Loss: 0.2624, Validation Set Manhattan Distance: 12.0, Mask Weight: 0.938
Epoch 373/20000, Train Loss: 0.2690, Validation Set Manhattan Distance: 12.0, Mask Weight: 0.938
Epoch 374/20000, Train Loss: 0.2681, Validation Set Manhattan Distance: 12.0, Mask Weight: 0.938
Epoch 375/20000, Train Loss: 0.2668, Validation Set Manhattan Distance: 12.0, Mask Weight: 0.938
Epoch 376/20000, Train Loss: 0.2655, Validation Set Manhattan Distance: 12.0, Mask Weight: 0.938
Epoch 377/20000, Train Loss: 0.2646, Validation Set Manhattan Distance: 12.0, Mask Weight: 0.938
Epoch 378/20000, Train Loss: 0.2635, Validation Set Manhattan Distance: 12.0, Mask Weight: 0.938
Epoch 379/20000, Train Loss: 0.2628, Validation Set Manhattan Distance: 12.0, Mask Weight: 0.938
Epoch 380/20000, Train Loss: 0.2625, Validation Set Manhattan Distance: 12.0, Mask Weight: 0.938
Epoch 381/20000, Train Loss: 0.2618, Validation Set Manhattan Distance: 12.0, Mask Weight: 0.938
Epoch 382/20000, Train Loss: 0.2625, Validation Set Manhattan Distance: 12.0, Mask Weight: 0.938
Epoch 383/20000, Train Loss: 0.2630, Validation Set Manhattan Distance: 12.0, Mask Weight: 0.938
Epoch 384/20000, Train Loss: 0.2613, Validation Set Manhattan Distance: 12.0, Mask Weight: 0.938
Epoch 385/20000, Train Loss: 0.2618, Validation Set Manhattan Distance: 12.0, Mask Weight: 0.938
Epoch 386/20000, Train Loss: 0.2635, Validation Set Manhattan Distance: 12.0, Mask Weight: 0.938
Epoch 387/20000, Train Loss: 0.2619, Validation Set Manhattan Distance: 12.0, Mask Weight: 0.938
Epoch 388/20000, Train Loss: 0.2626, Validation Set Manhattan Distance: 12.0, Mask Weight: 0.938
Epoch 389/20000, Train Loss: 0.2637, Validation Set Manhattan Distance: 12.0, Mask Weight: 0.938
Epoch 390/20000, Train Loss: 0.2640, Validation Set Manhattan Distance: 12.0, Mask Weight: 0.938
Epoch 391/20000, Train Loss: 0.2624, Validation Set Manhattan Distance: 12.0, Mask Weight: 0.938
Epoch 392/20000, Train Loss: 0.2637, Validation Set Manhattan Distance: 12.0, Mask Weight: 0.938
Epoch 393/20000, Train Loss: 0.2629, Validation Set Manhattan Distance: 12.0, Mask Weight: 0.938
Epoch 394/20000, Train Loss: 0.2614, Validation Set Manhattan Distance: 12.0, Mask Weight: 0.938
Epoch 395/20000, Train Loss: 0.2678, Validation Set Manhattan Distance: 12.0, Mask Weight: 0.938
Epoch 396/20000, Train Loss: 0.2704, Validation Set Manhattan Distance: 12.0, Mask Weight: 0.938
Epoch 397/20000, Train Loss: 0.2640, Validation Set Manhattan Distance: 12.0, Mask Weight: 0.938
Epoch 398/20000, Train Loss: 0.2645, Validation Set Manhattan Distance: 12.0, Mask Weight: 0.938
Epoch 399/20000, Train Loss: 0.2615, Validation Set Manhattan Distance: 12.0, Mask Weight: 0.938
Epoch 400/20000, Train Loss: 0.2631, Validation Set Manhattan Distance: 12.0, Mask Weight: 0.938
Epoch 401/20000, Train Loss: 0.2618, Validation Set Manhattan Distance: 12.0, Mask Weight: 0.938
Epoch 402/20000, Train Loss: 0.2630, Validation Set Manhattan Distance: 12.0, Mask Weight: 0.938
Epoch 403/20000, Train Loss: 0.2656, Validation Set Manhattan Distance: 12.0, Mask Weight: 0.938
Epoch 404/20000, Train Loss: 0.2667, Validation Set Manhattan Distance: 12.0, Mask Weight: 0.938
Epoch 405/20000, Train Loss: 0.2622, Validation Set Manhattan Distance: 12.0, Mask Weight: 0.938
Epoch 406/20000, Train Loss: 0.2643, Validation Set Manhattan Distance: 12.0, Mask Weight: 0.938
Epoch 407/20000, Train Loss: 0.2644, Validation Set Manhattan Distance: 12.0, Mask Weight: 0.938
Epoch 408/20000, Train Loss: 0.2647, Validation Set Manhattan Distance: 12.0, Mask Weight: 0.938
Epoch 409/20000, Train Loss: 0.2657, Validation Set Manhattan Distance: 12.0, Mask Weight: 0.938
Epoch 410/20000, Train Loss: 0.2657, Validation Set Manhattan Distance: 12.0, Mask Weight: 0.938
Epoch 411/20000, Train Loss: 0.2651, Validation Set Manhattan Distance: 12.0, Mask Weight: 0.938
Epoch 412/20000, Train Loss: 0.2632, Validation Set Manhattan Distance: 12.0, Mask Weight: 0.938
Epoch 413/20000, Train Loss: 0.2614, Validation Set Manhattan Distance: 12.0, Mask Weight: 0.938
Epoch 414/20000, Train Loss: 0.2629, Validation Set Manhattan Distance: 12.0, Mask Weight: 0.938
Epoch 415/20000, Train Loss: 0.2614, Validation Set Manhattan Distance: 12.0, Mask Weight: 0.938
Epoch 416/20000, Train Loss: 0.2618, Validation Set Manhattan Distance: 12.0, Mask Weight: 0.938
Epoch 417/20000, Train Loss: 0.2627, Validation Set Manhattan Distance: 12.0, Mask Weight: 0.938
Epoch 418/20000, Train Loss: 0.2654, Validation Set Manhattan Distance: 12.0, Mask Weight: 0.938
Epoch 419/20000, Train Loss: 0.2636, Validation Set Manhattan Distance: 12.0, Mask Weight: 0.938
Epoch 420/20000, Train Loss: 0.2634, Validation Set Manhattan Distance: 12.0, Mask Weight: 0.938
Epoch 421/20000, Train Loss: 0.2677, Validation Set Manhattan Distance: 12.0, Mask Weight: 0.938
Epoch 422/20000, Train Loss: 0.2662, Validation Set Manhattan Distance: 12.0, Mask Weight: 0.938
Epoch 423/20000, Train Loss: 0.2631, Validation Set Manhattan Distance: 12.0, Mask Weight: 0.938
Epoch 424/20000, Train Loss: 0.2653, Validation Set Manhattan Distance: 12.0, Mask Weight: 0.938
Epoch 425/20000, Train Loss: 0.2641, Validation Set Manhattan Distance: 12.0, Mask Weight: 0.938
Epoch 426/20000, Train Loss: 0.2635, Validation Set Manhattan Distance: 12.0, Mask Weight: 0.938
Epoch 427/20000, Train Loss: 0.2632, Validation Set Manhattan Distance: 12.0, Mask Weight: 0.938
Epoch 428/20000, Train Loss: 0.2646, Validation Set Manhattan Distance: 12.0, Mask Weight: 0.938
Epoch 429/20000, Train Loss: 0.2623, Validation Set Manhattan Distance: 12.0, Mask Weight: 0.938
Epoch 430/20000, Train Loss: 0.2686, Validation Set Manhattan Distance: 12.0, Mask Weight: 0.938
Epoch 431/20000, Train Loss: 0.2677, Validation Set Manhattan Distance: 12.0, Mask Weight: 0.938
Epoch 432/20000, Train Loss: 0.2651, Validation Set Manhattan Distance: 12.0, Mask Weight: 0.938
Epoch 433/20000, Train Loss: 0.2633, Validation Set Manhattan Distance: 12.0, Mask Weight: 0.938
Epoch 434/20000, Train Loss: 0.2650, Validation Set Manhattan Distance: 12.0, Mask Weight: 0.938
Epoch 435/20000, Train Loss: 0.8330, Validation Set Manhattan Distance: 12.0, Mask Weight: 0.938
Epoch 436/20000, Train Loss: 0.6492, Validation Set Manhattan Distance: 12.0, Mask Weight: 0.938
Epoch 437/20000, Train Loss: 0.5400, Validation Set Manhattan Distance: 12.0, Mask Weight: 0.938
Epoch 438/20000, Train Loss: 0.5487, Validation Set Manhattan Distance: 12.0, Mask Weight: 0.938
Epoch 439/20000, Train Loss: 0.5309, Validation Set Manhattan Distance: 12.0, Mask Weight: 0.938
Epoch 440/20000, Train Loss: 0.5134, Validation Set Manhattan Distance: 12.0, Mask Weight: 0.938
Epoch 441/20000, Train Loss: 0.5087, Validation Set Manhattan Distance: 12.0, Mask Weight: 0.938
Epoch 442/20000, Train Loss: 0.5053, Validation Set Manhattan Distance: 12.0, Mask Weight: 0.938
Epoch 443/20000, Train Loss: 0.5012, Validation Set Manhattan Distance: 12.0, Mask Weight: 0.938
Epoch 444/20000, Train Loss: 0.4979, Validation Set Manhattan Distance: 12.0, Mask Weight: 0.938
Epoch 445/20000, Train Loss: 0.4924, Validation Set Manhattan Distance: 12.0, Mask Weight: 0.938
Epoch 446/20000, Train Loss: 0.4881, Validation Set Manhattan Distance: 12.0, Mask Weight: 0.938
Epoch 447/20000, Train Loss: 0.4834, Validation Set Manhattan Distance: 12.0, Mask Weight: 0.938
Epoch 448/20000, Train Loss: 0.4767, Validation Set Manhattan Distance: 12.0, Mask Weight: 0.938
Epoch 449/20000, Train Loss: 0.4714, Validation Set Manhattan Distance: 12.0, Mask Weight: 0.938
Epoch 450/20000, Train Loss: 0.4648, Validation Set Manhattan Distance: 12.0, Mask Weight: 0.938
Epoch 451/20000, Train Loss: 0.4605, Validation Set Manhattan Distance: 12.0, Mask Weight: 0.938
Epoch 452/20000, Train Loss: 0.4547, Validation Set Manhattan Distance: 12.0, Mask Weight: 0.938
Epoch 453/20000, Train Loss: 0.4479, Validation Set Manhattan Distance: 12.0, Mask Weight: 0.938
Epoch 454/20000, Train Loss: 0.4391, Validation Set Manhattan Distance: 12.0, Mask Weight: 0.938
Epoch 455/20000, Train Loss: 0.4286, Validation Set Manhattan Distance: 12.0, Mask Weight: 0.938
Epoch 456/20000, Train Loss: 0.4094, Validation Set Manhattan Distance: 12.0, Mask Weight: 0.938
Epoch 457/20000, Train Loss: 0.3865, Validation Set Manhattan Distance: 12.0, Mask Weight: 0.938
Epoch 458/20000, Train Loss: 0.3756, Validation Set Manhattan Distance: 12.0, Mask Weight: 0.938
Epoch 459/20000, Train Loss: 0.3481, Validation Set Manhattan Distance: 12.0, Mask Weight: 0.938
Epoch 460/20000, Train Loss: 0.3832, Validation Set Manhattan Distance: 12.0, Mask Weight: 0.938
Epoch 461/20000, Train Loss: 0.3582, Validation Set Manhattan Distance: 12.0, Mask Weight: 0.938
Epoch 462/20000, Train Loss: 0.3483, Validation Set Manhattan Distance: 12.0, Mask Weight: 0.938
Epoch 463/20000, Train Loss: 0.3418, Validation Set Manhattan Distance: 12.0, Mask Weight: 0.938
Epoch 464/20000, Train Loss: 0.3203, Validation Set Manhattan Distance: 12.0, Mask Weight: 0.938
Epoch 465/20000, Train Loss: 0.3189, Validation Set Manhattan Distance: 12.0, Mask Weight: 0.938
Epoch 466/20000, Train Loss: 0.3816, Validation Set Manhattan Distance: 12.0, Mask Weight: 0.938
Epoch 467/20000, Train Loss: 0.3404, Validation Set Manhattan Distance: 12.0, Mask Weight: 0.938
Epoch 468/20000, Train Loss: 0.3203, Validation Set Manhattan Distance: 12.0, Mask Weight: 0.938
Epoch 469/20000, Train Loss: 0.3147, Validation Set Manhattan Distance: 12.0, Mask Weight: 0.938
Epoch 470/20000, Train Loss: 0.3066, Validation Set Manhattan Distance: 12.0, Mask Weight: 0.938
Epoch 471/20000, Train Loss: 0.3064, Validation Set Manhattan Distance: 12.0, Mask Weight: 0.938
Epoch 472/20000, Train Loss: 0.3294, Validation Set Manhattan Distance: 12.0, Mask Weight: 0.938
Epoch 473/20000, Train Loss: 0.2938, Validation Set Manhattan Distance: 12.0, Mask Weight: 0.938
Epoch 474/20000, Train Loss: 0.2858, Validation Set Manhattan Distance: 12.0, Mask Weight: 0.938
Epoch 475/20000, Train Loss: 0.2962, Validation Set Manhattan Distance: 12.0, Mask Weight: 0.938
Epoch 476/20000, Train Loss: 0.3406, Validation Set Manhattan Distance: 12.0, Mask Weight: 0.938
Epoch 477/20000, Train Loss: 0.3328, Validation Set Manhattan Distance: 12.0, Mask Weight: 0.938
Epoch 478/20000, Train Loss: 0.2995, Validation Set Manhattan Distance: 12.0, Mask Weight: 0.938
Epoch 479/20000, Train Loss: 0.3029, Validation Set Manhattan Distance: 12.0, Mask Weight: 0.938
Epoch 480/20000, Train Loss: 0.3001, Validation Set Manhattan Distance: 12.0, Mask Weight: 0.938
Epoch 481/20000, Train Loss: 0.2874, Validation Set Manhattan Distance: 12.0, Mask Weight: 0.938
Epoch 482/20000, Train Loss: 0.3113, Validation Set Manhattan Distance: 12.0, Mask Weight: 0.938
Epoch 483/20000, Train Loss: 0.3012, Validation Set Manhattan Distance: 12.0, Mask Weight: 0.938
Epoch 484/20000, Train Loss: 0.2765, Validation Set Manhattan Distance: 12.0, Mask Weight: 0.938
Epoch 485/20000, Train Loss: 0.2731, Validation Set Manhattan Distance: 12.0, Mask Weight: 0.938
Epoch 486/20000, Train Loss: 0.2704, Validation Set Manhattan Distance: 12.0, Mask Weight: 0.938
Epoch 487/20000, Train Loss: 0.2706, Validation Set Manhattan Distance: 12.0, Mask Weight: 0.938
Epoch 488/20000, Train Loss: 0.2668, Validation Set Manhattan Distance: 12.0, Mask Weight: 0.938
Epoch 489/20000, Train Loss: 0.2675, Validation Set Manhattan Distance: 12.0, Mask Weight: 0.938
Epoch 490/20000, Train Loss: 0.2842, Validation Set Manhattan Distance: 12.0, Mask Weight: 0.938
Epoch 491/20000, Train Loss: 0.3166, Validation Set Manhattan Distance: 12.0, Mask Weight: 0.938
Epoch 492/20000, Train Loss: 0.3655, Validation Set Manhattan Distance: 12.0, Mask Weight: 0.938
Epoch 493/20000, Train Loss: 0.3441, Validation Set Manhattan Distance: 12.0, Mask Weight: 0.938
Epoch 494/20000, Train Loss: 0.3047, Validation Set Manhattan Distance: 12.0, Mask Weight: 0.938
Epoch 495/20000, Train Loss: 0.2880, Validation Set Manhattan Distance: 12.0, Mask Weight: 0.938
Epoch 496/20000, Train Loss: 0.2811, Validation Set Manhattan Distance: 12.0, Mask Weight: 0.938
Epoch 497/20000, Train Loss: 0.2756, Validation Set Manhattan Distance: 12.0, Mask Weight: 0.938
Epoch 498/20000, Train Loss: 0.2730, Validation Set Manhattan Distance: 12.0, Mask Weight: 0.938
Epoch 499/20000, Train Loss: 0.2703, Validation Set Manhattan Distance: 12.0, Mask Weight: 0.938
Epoch 500/20000, Train Loss: 0.2686, Validation Set Manhattan Distance: 12.0, Mask Weight: 0.938
Epoch 501/20000, Train Loss: 0.2682, Validation Set Manhattan Distance: 12.0, Mask Weight: 0.938
Epoch 502/20000, Train Loss: 0.2734, Validation Set Manhattan Distance: 12.0, Mask Weight: 0.938
Epoch 503/20000, Train Loss: 0.2768, Validation Set Manhattan Distance: 12.0, Mask Weight: 0.938
Epoch 504/20000, Train Loss: 0.2706, Validation Set Manhattan Distance: 12.0, Mask Weight: 0.938
Epoch 505/20000, Train Loss: 0.2708, Validation Set Manhattan Distance: 12.0, Mask Weight: 0.938
Epoch 506/20000, Train Loss: 0.2679, Validation Set Manhattan Distance: 12.0, Mask Weight: 0.938
Epoch 507/20000, Train Loss: 0.2684, Validation Set Manhattan Distance: 12.0, Mask Weight: 0.938
Epoch 508/20000, Train Loss: 0.2675, Validation Set Manhattan Distance: 12.0, Mask Weight: 0.938
Epoch 509/20000, Train Loss: 0.3060, Validation Set Manhattan Distance: 12.0, Mask Weight: 0.938
Epoch 510/20000, Train Loss: 0.3077, Validation Set Manhattan Distance: 12.0, Mask Weight: 0.938
Epoch 511/20000, Train Loss: 0.4126, Validation Set Manhattan Distance: 12.0, Mask Weight: 0.938
Epoch 512/20000, Train Loss: 0.3453, Validation Set Manhattan Distance: 12.0, Mask Weight: 0.938
Epoch 513/20000, Train Loss: 0.3520, Validation Set Manhattan Distance: 12.0, Mask Weight: 0.938
Epoch 514/20000, Train Loss: 0.3018, Validation Set Manhattan Distance: 12.0, Mask Weight: 0.938
Epoch 515/20000, Train Loss: 0.3046, Validation Set Manhattan Distance: 12.0, Mask Weight: 0.938
Epoch 516/20000, Train Loss: 0.2850, Validation Set Manhattan Distance: 12.0, Mask Weight: 0.938
Epoch 517/20000, Train Loss: 0.2792, Validation Set Manhattan Distance: 12.0, Mask Weight: 0.938
Epoch 518/20000, Train Loss: 0.2742, Validation Set Manhattan Distance: 12.0, Mask Weight: 0.938
Epoch 519/20000, Train Loss: 0.2697, Validation Set Manhattan Distance: 12.0, Mask Weight: 0.938
Epoch 520/20000, Train Loss: 0.2687, Validation Set Manhattan Distance: 12.0, Mask Weight: 0.938
Epoch 521/20000, Train Loss: 0.2694, Validation Set Manhattan Distance: 12.0, Mask Weight: 0.938
Epoch 522/20000, Train Loss: 0.2671, Validation Set Manhattan Distance: 12.0, Mask Weight: 0.938
Epoch 523/20000, Train Loss: 0.2671, Validation Set Manhattan Distance: 12.0, Mask Weight: 0.938
Epoch 524/20000, Train Loss: 0.2677, Validation Set Manhattan Distance: 12.0, Mask Weight: 0.938
Epoch 525/20000, Train Loss: 0.2676, Validation Set Manhattan Distance: 12.0, Mask Weight: 0.938
Epoch 526/20000, Train Loss: 0.2657, Validation Set Manhattan Distance: 12.0, Mask Weight: 0.938
Epoch 527/20000, Train Loss: 0.2658, Validation Set Manhattan Distance: 12.0, Mask Weight: 0.938
Epoch 528/20000, Train Loss: 0.2645, Validation Set Manhattan Distance: 12.0, Mask Weight: 0.938
Epoch 529/20000, Train Loss: 0.2639, Validation Set Manhattan Distance: 12.0, Mask Weight: 0.938
Epoch 530/20000, Train Loss: 0.2646, Validation Set Manhattan Distance: 12.0, Mask Weight: 0.938
Epoch 531/20000, Train Loss: 0.2647, Validation Set Manhattan Distance: 12.0, Mask Weight: 0.938
Epoch 532/20000, Train Loss: 0.2639, Validation Set Manhattan Distance: 12.0, Mask Weight: 0.938
Epoch 533/20000, Train Loss: 0.2644, Validation Set Manhattan Distance: 12.0, Mask Weight: 0.938
Epoch 534/20000, Train Loss: 0.2634, Validation Set Manhattan Distance: 12.0, Mask Weight: 0.938
Epoch 535/20000, Train Loss: 0.2636, Validation Set Manhattan Distance: 12.0, Mask Weight: 0.938
Epoch 536/20000, Train Loss: 0.2630, Validation Set Manhattan Distance: 12.0, Mask Weight: 0.938
Epoch 537/20000, Train Loss: 0.2651, Validation Set Manhattan Distance: 12.0, Mask Weight: 0.938
Epoch 538/20000, Train Loss: 0.2640, Validation Set Manhattan Distance: 12.0, Mask Weight: 0.938
Epoch 539/20000, Train Loss: 0.2639, Validation Set Manhattan Distance: 12.0, Mask Weight: 0.938
Epoch 540/20000, Train Loss: 0.2641, Validation Set Manhattan Distance: 12.0, Mask Weight: 0.938
Epoch 541/20000, Train Loss: 0.2642, Validation Set Manhattan Distance: 12.0, Mask Weight: 0.938
Epoch 542/20000, Train Loss: 0.2655, Validation Set Manhattan Distance: 12.0, Mask Weight: 0.938
Epoch 543/20000, Train Loss: 0.2644, Validation Set Manhattan Distance: 12.0, Mask Weight: 0.938
Epoch 544/20000, Train Loss: 0.2657, Validation Set Manhattan Distance: 12.0, Mask Weight: 0.938
Epoch 545/20000, Train Loss: 0.2646, Validation Set Manhattan Distance: 12.0, Mask Weight: 0.938
Epoch 546/20000, Train Loss: 0.2617, Validation Set Manhattan Distance: 12.0, Mask Weight: 0.938
Epoch 547/20000, Train Loss: 0.2641, Validation Set Manhattan Distance: 12.0, Mask Weight: 0.938
Epoch 548/20000, Train Loss: 0.2632, Validation Set Manhattan Distance: 12.0, Mask Weight: 0.938
Epoch 549/20000, Train Loss: 0.2620, Validation Set Manhattan Distance: 12.0, Mask Weight: 0.938
Epoch 550/20000, Train Loss: 0.2623, Validation Set Manhattan Distance: 12.0, Mask Weight: 0.938
Epoch 551/20000, Train Loss: 0.2626, Validation Set Manhattan Distance: 12.0, Mask Weight: 0.938
Epoch 552/20000, Train Loss: 0.2623, Validation Set Manhattan Distance: 12.0, Mask Weight: 0.938
Epoch 553/20000, Train Loss: 0.2625, Validation Set Manhattan Distance: 12.0, Mask Weight: 0.938
Epoch 554/20000, Train Loss: 0.2629, Validation Set Manhattan Distance: 12.0, Mask Weight: 0.938
Epoch 555/20000, Train Loss: 0.2626, Validation Set Manhattan Distance: 12.0, Mask Weight: 0.938
Epoch 556/20000, Train Loss: 0.2630, Validation Set Manhattan Distance: 12.0, Mask Weight: 0.938
Epoch 557/20000, Train Loss: 0.2621, Validation Set Manhattan Distance: 12.0, Mask Weight: 0.938
Epoch 558/20000, Train Loss: 0.2622, Validation Set Manhattan Distance: 12.0, Mask Weight: 0.938
Epoch 559/20000, Train Loss: 0.2626, Validation Set Manhattan Distance: 12.0, Mask Weight: 0.938
Epoch 560/20000, Train Loss: 0.2633, Validation Set Manhattan Distance: 12.0, Mask Weight: 0.938
Epoch 561/20000, Train Loss: 0.2621, Validation Set Manhattan Distance: 12.0, Mask Weight: 0.938
Epoch 562/20000, Train Loss: 0.2625, Validation Set Manhattan Distance: 12.0, Mask Weight: 0.938
Epoch 563/20000, Train Loss: 0.2642, Validation Set Manhattan Distance: 12.0, Mask Weight: 0.938
Epoch 564/20000, Train Loss: 0.2639, Validation Set Manhattan Distance: 12.0, Mask Weight: 0.938
Epoch 565/20000, Train Loss: 0.2646, Validation Set Manhattan Distance: 12.0, Mask Weight: 0.938
Epoch 566/20000, Train Loss: 0.2623, Validation Set Manhattan Distance: 12.0, Mask Weight: 0.938
Epoch 567/20000, Train Loss: 0.2635, Validation Set Manhattan Distance: 12.0, Mask Weight: 0.938
Epoch 568/20000, Train Loss: 0.2620, Validation Set Manhattan Distance: 12.0, Mask Weight: 0.938
Epoch 569/20000, Train Loss: 0.2632, Validation Set Manhattan Distance: 12.0, Mask Weight: 0.938
Epoch 570/20000, Train Loss: 0.2626, Validation Set Manhattan Distance: 12.0, Mask Weight: 0.938
Epoch 571/20000, Train Loss: 0.2624, Validation Set Manhattan Distance: 12.0, Mask Weight: 0.938
Epoch 572/20000, Train Loss: 0.2622, Validation Set Manhattan Distance: 12.0, Mask Weight: 0.938
Epoch 573/20000, Train Loss: 0.2629, Validation Set Manhattan Distance: 12.0, Mask Weight: 0.938
Epoch 574/20000, Train Loss: 0.2626, Validation Set Manhattan Distance: 12.0, Mask Weight: 0.938
Epoch 575/20000, Train Loss: 0.2638, Validation Set Manhattan Distance: 12.0, Mask Weight: 0.938
Epoch 576/20000, Train Loss: 0.2637, Validation Set Manhattan Distance: 12.0, Mask Weight: 0.938
Epoch 577/20000, Train Loss: 0.2629, Validation Set Manhattan Distance: 12.0, Mask Weight: 0.938
Epoch 578/20000, Train Loss: 0.2635, Validation Set Manhattan Distance: 12.0, Mask Weight: 0.938
Epoch 579/20000, Train Loss: 0.2636, Validation Set Manhattan Distance: 12.0, Mask Weight: 0.938
Epoch 580/20000, Train Loss: 0.2626, Validation Set Manhattan Distance: 12.0, Mask Weight: 0.938
Epoch 581/20000, Train Loss: 0.2639, Validation Set Manhattan Distance: 12.0, Mask Weight: 0.938
Epoch 582/20000, Train Loss: 0.2644, Validation Set Manhattan Distance: 12.0, Mask Weight: 0.938
Epoch 583/20000, Train Loss: 0.2638, Validation Set Manhattan Distance: 12.0, Mask Weight: 0.938
Epoch 584/20000, Train Loss: 0.2619, Validation Set Manhattan Distance: 12.0, Mask Weight: 0.938
Epoch 585/20000, Train Loss: 0.2628, Validation Set Manhattan Distance: 12.0, Mask Weight: 0.938
Epoch 586/20000, Train Loss: 0.2629, Validation Set Manhattan Distance: 12.0, Mask Weight: 0.938
Epoch 587/20000, Train Loss: 0.2617, Validation Set Manhattan Distance: 12.0, Mask Weight: 0.938
Epoch 588/20000, Train Loss: 0.2621, Validation Set Manhattan Distance: 12.0, Mask Weight: 0.938
Epoch 589/20000, Train Loss: 0.2635, Validation Set Manhattan Distance: 12.0, Mask Weight: 0.938
Epoch 590/20000, Train Loss: 0.2633, Validation Set Manhattan Distance: 12.0, Mask Weight: 0.938
Epoch 591/20000, Train Loss: 0.2622, Validation Set Manhattan Distance: 12.0, Mask Weight: 0.938
Epoch 592/20000, Train Loss: 0.2645, Validation Set Manhattan Distance: 12.0, Mask Weight: 0.938
Epoch 593/20000, Train Loss: 0.2637, Validation Set Manhattan Distance: 12.0, Mask Weight: 0.938
Epoch 594/20000, Train Loss: 0.2637, Validation Set Manhattan Distance: 12.0, Mask Weight: 0.938
Epoch 595/20000, Train Loss: 0.2646, Validation Set Manhattan Distance: 12.0, Mask Weight: 0.938
Epoch 596/20000, Train Loss: 0.2634, Validation Set Manhattan Distance: 12.0, Mask Weight: 0.938
Epoch 597/20000, Train Loss: 0.2658, Validation Set Manhattan Distance: 12.0, Mask Weight: 0.938
Epoch 598/20000, Train Loss: 0.2640, Validation Set Manhattan Distance: 12.0, Mask Weight: 0.938
Epoch 599/20000, Train Loss: 0.2630, Validation Set Manhattan Distance: 12.0, Mask Weight: 0.938
Epoch 600/20000, Train Loss: 0.2627, Validation Set Manhattan Distance: 12.0, Mask Weight: 0.938
Epoch 601/20000, Train Loss: 0.2633, Validation Set Manhattan Distance: 12.0, Mask Weight: 0.938
Epoch 602/20000, Train Loss: 0.2634, Validation Set Manhattan Distance: 12.0, Mask Weight: 0.938
Epoch 603/20000, Train Loss: 0.2615, Validation Set Manhattan Distance: 12.0, Mask Weight: 0.938
Epoch 604/20000, Train Loss: 0.2625, Validation Set Manhattan Distance: 12.0, Mask Weight: 0.938
Epoch 605/20000, Train Loss: 0.2651, Validation Set Manhattan Distance: 12.0, Mask Weight: 0.938
Epoch 606/20000, Train Loss: 0.2634, Validation Set Manhattan Distance: 12.0, Mask Weight: 0.938
Epoch 607/20000, Train Loss: 0.2623, Validation Set Manhattan Distance: 12.0, Mask Weight: 0.938
Epoch 608/20000, Train Loss: 0.2631, Validation Set Manhattan Distance: 12.0, Mask Weight: 0.938
Epoch 609/20000, Train Loss: 0.2645, Validation Set Manhattan Distance: 12.0, Mask Weight: 0.938
Epoch 610/20000, Train Loss: 0.2618, Validation Set Manhattan Distance: 12.0, Mask Weight: 0.938
Epoch 611/20000, Train Loss: 0.2650, Validation Set Manhattan Distance: 12.0, Mask Weight: 0.938
Epoch 612/20000, Train Loss: 0.2625, Validation Set Manhattan Distance: 12.0, Mask Weight: 0.938
Epoch 613/20000, Train Loss: 0.2622, Validation Set Manhattan Distance: 12.0, Mask Weight: 0.938
Epoch 614/20000, Train Loss: 0.2635, Validation Set Manhattan Distance: 12.0, Mask Weight: 0.938
Epoch 615/20000, Train Loss: 0.2627, Validation Set Manhattan Distance: 12.0, Mask Weight: 0.938
Epoch 616/20000, Train Loss: 0.2647, Validation Set Manhattan Distance: 12.0, Mask Weight: 0.938
Epoch 617/20000, Train Loss: 0.2625, Validation Set Manhattan Distance: 12.0, Mask Weight: 0.938
Epoch 618/20000, Train Loss: 0.2627, Validation Set Manhattan Distance: 12.0, Mask Weight: 0.938
Epoch 619/20000, Train Loss: 0.2615, Validation Set Manhattan Distance: 12.0, Mask Weight: 0.938
Epoch 620/20000, Train Loss: 0.2608, Validation Set Manhattan Distance: 12.0, Mask Weight: 0.938
Epoch 621/20000, Train Loss: 0.2630, Validation Set Manhattan Distance: 12.0, Mask Weight: 0.938
Epoch 622/20000, Train Loss: 0.2621, Validation Set Manhattan Distance: 12.0, Mask Weight: 0.938
Epoch 623/20000, Train Loss: 0.2621, Validation Set Manhattan Distance: 12.0, Mask Weight: 0.938
Epoch 624/20000, Train Loss: 0.2621, Validation Set Manhattan Distance: 12.0, Mask Weight: 0.938
Epoch 625/20000, Train Loss: 0.2620, Validation Set Manhattan Distance: 12.0, Mask Weight: 0.938
Epoch 626/20000, Train Loss: 0.2617, Validation Set Manhattan Distance: 12.0, Mask Weight: 0.938
Epoch 627/20000, Train Loss: 0.2619, Validation Set Manhattan Distance: 12.0, Mask Weight: 0.938
Epoch 628/20000, Train Loss: 0.2622, Validation Set Manhattan Distance: 12.0, Mask Weight: 0.938
Epoch 629/20000, Train Loss: 0.2628, Validation Set Manhattan Distance: 12.0, Mask Weight: 0.938
Epoch 630/20000, Train Loss: 0.2633, Validation Set Manhattan Distance: 12.0, Mask Weight: 0.938
Epoch 631/20000, Train Loss: 0.2630, Validation Set Manhattan Distance: 12.0, Mask Weight: 0.938
Epoch 632/20000, Train Loss: 0.2628, Validation Set Manhattan Distance: 12.0, Mask Weight: 0.938
Epoch 633/20000, Train Loss: 0.2649, Validation Set Manhattan Distance: 12.0, Mask Weight: 0.938
Epoch 634/20000, Train Loss: 0.2633, Validation Set Manhattan Distance: 12.0, Mask Weight: 0.938
Epoch 635/20000, Train Loss: 0.2638, Validation Set Manhattan Distance: 12.0, Mask Weight: 0.938
Epoch 636/20000, Train Loss: 0.2628, Validation Set Manhattan Distance: 12.0, Mask Weight: 0.938
Epoch 637/20000, Train Loss: 0.2647, Validation Set Manhattan Distance: 12.0, Mask Weight: 0.938
Epoch 638/20000, Train Loss: 0.2638, Validation Set Manhattan Distance: 12.0, Mask Weight: 0.938
Epoch 639/20000, Train Loss: 0.2615, Validation Set Manhattan Distance: 12.0, Mask Weight: 0.938
Epoch 640/20000, Train Loss: 0.2624, Validation Set Manhattan Distance: 12.0, Mask Weight: 0.938
Epoch 641/20000, Train Loss: 0.2627, Validation Set Manhattan Distance: 12.0, Mask Weight: 0.938
Epoch 642/20000, Train Loss: 0.2619, Validation Set Manhattan Distance: 12.0, Mask Weight: 0.938
Epoch 643/20000, Train Loss: 0.2622, Validation Set Manhattan Distance: 12.0, Mask Weight: 0.938
Epoch 644/20000, Train Loss: 0.2620, Validation Set Manhattan Distance: 12.0, Mask Weight: 0.938
Epoch 645/20000, Train Loss: 0.2619, Validation Set Manhattan Distance: 12.0, Mask Weight: 0.938
Epoch 646/20000, Train Loss: 0.2620, Validation Set Manhattan Distance: 12.0, Mask Weight: 0.938
Epoch 647/20000, Train Loss: 0.2628, Validation Set Manhattan Distance: 12.0, Mask Weight: 0.938
Epoch 648/20000, Train Loss: 0.2623, Validation Set Manhattan Distance: 12.0, Mask Weight: 0.938
Epoch 649/20000, Train Loss: 0.2628, Validation Set Manhattan Distance: 12.0, Mask Weight: 0.938
Epoch 650/20000, Train Loss: 0.2646, Validation Set Manhattan Distance: 12.0, Mask Weight: 0.938
Epoch 651/20000, Train Loss: 0.2647, Validation Set Manhattan Distance: 12.0, Mask Weight: 0.938
Epoch 652/20000, Train Loss: 0.2664, Validation Set Manhattan Distance: 12.0, Mask Weight: 0.938
Epoch 653/20000, Train Loss: 0.2655, Validation Set Manhattan Distance: 12.0, Mask Weight: 0.938
Epoch 654/20000, Train Loss: 0.2611, Validation Set Manhattan Distance: 12.0, Mask Weight: 0.938
Epoch 655/20000, Train Loss: 0.2620, Validation Set Manhattan Distance: 12.0, Mask Weight: 0.938
Epoch 656/20000, Train Loss: 0.2596, Validation Set Manhattan Distance: 12.0, Mask Weight: 0.938
Epoch 657/20000, Train Loss: 0.2603, Validation Set Manhattan Distance: 12.0, Mask Weight: 0.938
Epoch 658/20000, Train Loss: 0.2617, Validation Set Manhattan Distance: 12.0, Mask Weight: 0.938
Epoch 659/20000, Train Loss: 0.2621, Validation Set Manhattan Distance: 12.0, Mask Weight: 0.938
Epoch 660/20000, Train Loss: 0.2612, Validation Set Manhattan Distance: 12.0, Mask Weight: 0.938
Epoch 661/20000, Train Loss: 0.2617, Validation Set Manhattan Distance: 12.0, Mask Weight: 0.938
Epoch 662/20000, Train Loss: 0.2641, Validation Set Manhattan Distance: 12.0, Mask Weight: 0.938
Epoch 663/20000, Train Loss: 0.2614, Validation Set Manhattan Distance: 12.0, Mask Weight: 0.938
Epoch 664/20000, Train Loss: 0.2628, Validation Set Manhattan Distance: 12.0, Mask Weight: 0.938
Epoch 665/20000, Train Loss: 0.2616, Validation Set Manhattan Distance: 12.0, Mask Weight: 0.938
Epoch 666/20000, Train Loss: 0.2616, Validation Set Manhattan Distance: 12.0, Mask Weight: 0.938
Epoch 667/20000, Train Loss: 0.2616, Validation Set Manhattan Distance: 12.0, Mask Weight: 0.938
Epoch 668/20000, Train Loss: 0.2617, Validation Set Manhattan Distance: 12.0, Mask Weight: 0.938
Epoch 669/20000, Train Loss: 0.2625, Validation Set Manhattan Distance: 12.0, Mask Weight: 0.938
Epoch 670/20000, Train Loss: 0.2611, Validation Set Manhattan Distance: 12.0, Mask Weight: 0.938
Epoch 671/20000, Train Loss: 0.2608, Validation Set Manhattan Distance: 12.0, Mask Weight: 0.938
Epoch 672/20000, Train Loss: 0.2618, Validation Set Manhattan Distance: 12.0, Mask Weight: 0.938
Epoch 673/20000, Train Loss: 0.2618, Validation Set Manhattan Distance: 12.0, Mask Weight: 0.938
Epoch 674/20000, Train Loss: 0.2625, Validation Set Manhattan Distance: 12.0, Mask Weight: 0.938
Epoch 675/20000, Train Loss: 0.2617, Validation Set Manhattan Distance: 12.0, Mask Weight: 0.938
Epoch 676/20000, Train Loss: 0.2624, Validation Set Manhattan Distance: 12.0, Mask Weight: 0.938
Epoch 677/20000, Train Loss: 0.2625, Validation Set Manhattan Distance: 12.0, Mask Weight: 0.938
Epoch 678/20000, Train Loss: 0.2606, Validation Set Manhattan Distance: 12.0, Mask Weight: 0.938
Epoch 679/20000, Train Loss: 0.2610, Validation Set Manhattan Distance: 12.0, Mask Weight: 0.938
Epoch 680/20000, Train Loss: 0.2615, Validation Set Manhattan Distance: 12.0, Mask Weight: 0.938
Epoch 681/20000, Train Loss: 0.2619, Validation Set Manhattan Distance: 12.0, Mask Weight: 0.938
Epoch 682/20000, Train Loss: 0.2616, Validation Set Manhattan Distance: 12.0, Mask Weight: 0.938
Epoch 683/20000, Train Loss: 0.2611, Validation Set Manhattan Distance: 12.0, Mask Weight: 0.938
Epoch 684/20000, Train Loss: 0.2618, Validation Set Manhattan Distance: 12.0, Mask Weight: 0.938
Epoch 685/20000, Train Loss: 0.2606, Validation Set Manhattan Distance: 12.0, Mask Weight: 0.938
Epoch 686/20000, Train Loss: 0.2615, Validation Set Manhattan Distance: 12.0, Mask Weight: 0.938
Epoch 687/20000, Train Loss: 0.2627, Validation Set Manhattan Distance: 12.0, Mask Weight: 0.938
Epoch 688/20000, Train Loss: 0.2627, Validation Set Manhattan Distance: 12.0, Mask Weight: 0.938
Epoch 689/20000, Train Loss: 0.2631, Validation Set Manhattan Distance: 12.0, Mask Weight: 0.938
Epoch 690/20000, Train Loss: 0.2633, Validation Set Manhattan Distance: 12.0, Mask Weight: 0.938
Epoch 691/20000, Train Loss: 0.2633, Validation Set Manhattan Distance: 12.0, Mask Weight: 0.938
Epoch 692/20000, Train Loss: 0.2633, Validation Set Manhattan Distance: 12.0, Mask Weight: 0.938
Epoch 693/20000, Train Loss: 0.2616, Validation Set Manhattan Distance: 12.0, Mask Weight: 0.938
Epoch 694/20000, Train Loss: 0.2628, Validation Set Manhattan Distance: 12.0, Mask Weight: 0.938
Epoch 695/20000, Train Loss: 0.2626, Validation Set Manhattan Distance: 12.0, Mask Weight: 0.938
Epoch 696/20000, Train Loss: 0.2631, Validation Set Manhattan Distance: 12.0, Mask Weight: 0.938
Epoch 697/20000, Train Loss: 0.2620, Validation Set Manhattan Distance: 12.0, Mask Weight: 0.938
Epoch 698/20000, Train Loss: 0.2618, Validation Set Manhattan Distance: 12.0, Mask Weight: 0.938
Epoch 699/20000, Train Loss: 0.2615, Validation Set Manhattan Distance: 12.0, Mask Weight: 0.938
Epoch 700/20000, Train Loss: 0.2616, Validation Set Manhattan Distance: 12.0, Mask Weight: 0.938
Epoch 701/20000, Train Loss: 0.2638, Validation Set Manhattan Distance: 12.0, Mask Weight: 0.938
Epoch 702/20000, Train Loss: 0.2624, Validation Set Manhattan Distance: 12.0, Mask Weight: 0.938
Epoch 703/20000, Train Loss: 0.2631, Validation Set Manhattan Distance: 12.0, Mask Weight: 0.938
Epoch 704/20000, Train Loss: 0.2629, Validation Set Manhattan Distance: 12.0, Mask Weight: 0.938
Epoch 705/20000, Train Loss: 0.2628, Validation Set Manhattan Distance: 12.0, Mask Weight: 0.938
Epoch 706/20000, Train Loss: 0.2624, Validation Set Manhattan Distance: 12.0, Mask Weight: 0.938
Epoch 707/20000, Train Loss: 0.2624, Validation Set Manhattan Distance: 12.0, Mask Weight: 0.938
Epoch 708/20000, Train Loss: 0.2627, Validation Set Manhattan Distance: 12.0, Mask Weight: 0.938
Epoch 709/20000, Train Loss: 0.2605, Validation Set Manhattan Distance: 12.0, Mask Weight: 0.938
Epoch 710/20000, Train Loss: 0.2609, Validation Set Manhattan Distance: 12.0, Mask Weight: 0.938
Epoch 711/20000, Train Loss: 0.2611, Validation Set Manhattan Distance: 12.0, Mask Weight: 0.938
Epoch 712/20000, Train Loss: 0.2627, Validation Set Manhattan Distance: 12.0, Mask Weight: 0.938
Epoch 713/20000, Train Loss: 0.2632, Validation Set Manhattan Distance: 12.0, Mask Weight: 0.938
Epoch 714/20000, Train Loss: 0.2617, Validation Set Manhattan Distance: 12.0, Mask Weight: 0.938
Epoch 715/20000, Train Loss: 0.2644, Validation Set Manhattan Distance: 12.0, Mask Weight: 0.938
Epoch 716/20000, Train Loss: 0.2633, Validation Set Manhattan Distance: 12.0, Mask Weight: 0.938
Epoch 717/20000, Train Loss: 0.2622, Validation Set Manhattan Distance: 12.0, Mask Weight: 0.938
Epoch 718/20000, Train Loss: 0.2640, Validation Set Manhattan Distance: 12.0, Mask Weight: 0.938
Epoch 719/20000, Train Loss: 0.2620, Validation Set Manhattan Distance: 12.0, Mask Weight: 0.938
Epoch 720/20000, Train Loss: 0.2640, Validation Set Manhattan Distance: 12.0, Mask Weight: 0.938
Epoch 721/20000, Train Loss: 0.2626, Validation Set Manhattan Distance: 12.0, Mask Weight: 0.938
Epoch 722/20000, Train Loss: 0.2635, Validation Set Manhattan Distance: 12.0, Mask Weight: 0.938
Epoch 723/20000, Train Loss: 0.2632, Validation Set Manhattan Distance: 12.0, Mask Weight: 0.938
Epoch 724/20000, Train Loss: 0.2617, Validation Set Manhattan Distance: 12.0, Mask Weight: 0.938
Epoch 725/20000, Train Loss: 0.2626, Validation Set Manhattan Distance: 12.0, Mask Weight: 0.938
Epoch 726/20000, Train Loss: 0.2608, Validation Set Manhattan Distance: 12.0, Mask Weight: 0.938
Epoch 727/20000, Train Loss: 0.2619, Validation Set Manhattan Distance: 12.0, Mask Weight: 0.938
Epoch 728/20000, Train Loss: 0.2612, Validation Set Manhattan Distance: 12.0, Mask Weight: 0.938
Epoch 729/20000, Train Loss: 0.2595, Validation Set Manhattan Distance: 12.0, Mask Weight: 0.938
Epoch 730/20000, Train Loss: 0.2625, Validation Set Manhattan Distance: 12.0, Mask Weight: 0.938
Epoch 731/20000, Train Loss: 0.2619, Validation Set Manhattan Distance: 12.0, Mask Weight: 0.938
Epoch 732/20000, Train Loss: 0.2617, Validation Set Manhattan Distance: 12.0, Mask Weight: 0.938
Epoch 733/20000, Train Loss: 0.2613, Validation Set Manhattan Distance: 12.0, Mask Weight: 0.938
Epoch 734/20000, Train Loss: 0.2612, Validation Set Manhattan Distance: 12.0, Mask Weight: 0.938
Epoch 735/20000, Train Loss: 0.2609, Validation Set Manhattan Distance: 12.0, Mask Weight: 0.938
Epoch 736/20000, Train Loss: 0.2613, Validation Set Manhattan Distance: 12.0, Mask Weight: 0.938
Epoch 737/20000, Train Loss: 0.2611, Validation Set Manhattan Distance: 12.0, Mask Weight: 0.938
Epoch 738/20000, Train Loss: 0.2615, Validation Set Manhattan Distance: 12.0, Mask Weight: 0.938
Epoch 739/20000, Train Loss: 0.2615, Validation Set Manhattan Distance: 12.0, Mask Weight: 0.938
Epoch 740/20000, Train Loss: 0.2604, Validation Set Manhattan Distance: 12.0, Mask Weight: 0.938
Epoch 741/20000, Train Loss: 0.2637, Validation Set Manhattan Distance: 12.0, Mask Weight: 0.938
Epoch 742/20000, Train Loss: 0.2611, Validation Set Manhattan Distance: 12.0, Mask Weight: 0.938
Epoch 743/20000, Train Loss: 0.2616, Validation Set Manhattan Distance: 12.0, Mask Weight: 0.938
Epoch 744/20000, Train Loss: 0.2620, Validation Set Manhattan Distance: 12.0, Mask Weight: 0.938
Epoch 745/20000, Train Loss: 0.2633, Validation Set Manhattan Distance: 12.0, Mask Weight: 0.938
Epoch 746/20000, Train Loss: 0.2614, Validation Set Manhattan Distance: 12.0, Mask Weight: 0.938
Epoch 747/20000, Train Loss: 0.2616, Validation Set Manhattan Distance: 12.0, Mask Weight: 0.938
Epoch 748/20000, Train Loss: 0.2599, Validation Set Manhattan Distance: 12.0, Mask Weight: 0.938
Epoch 749/20000, Train Loss: 0.2635, Validation Set Manhattan Distance: 12.0, Mask Weight: 0.938
Epoch 750/20000, Train Loss: 0.2638, Validation Set Manhattan Distance: 12.0, Mask Weight: 0.938
Epoch 751/20000, Train Loss: 0.2623, Validation Set Manhattan Distance: 12.0, Mask Weight: 0.938
Epoch 752/20000, Train Loss: 0.2613, Validation Set Manhattan Distance: 12.0, Mask Weight: 0.938
Epoch 753/20000, Train Loss: 0.2614, Validation Set Manhattan Distance: 12.0, Mask Weight: 0.938
Epoch 754/20000, Train Loss: 0.2617, Validation Set Manhattan Distance: 12.0, Mask Weight: 0.938
Epoch 755/20000, Train Loss: 0.2619, Validation Set Manhattan Distance: 12.0, Mask Weight: 0.938
Epoch 756/20000, Train Loss: 0.2606, Validation Set Manhattan Distance: 12.0, Mask Weight: 0.938
Epoch 757/20000, Train Loss: 0.2620, Validation Set Manhattan Distance: 12.0, Mask Weight: 0.938
Epoch 758/20000, Train Loss: 0.2621, Validation Set Manhattan Distance: 12.0, Mask Weight: 0.938
Epoch 759/20000, Train Loss: 0.2628, Validation Set Manhattan Distance: 12.0, Mask Weight: 0.938
Epoch 760/20000, Train Loss: 0.2628, Validation Set Manhattan Distance: 12.0, Mask Weight: 0.938
Epoch 761/20000, Train Loss: 0.2626, Validation Set Manhattan Distance: 12.0, Mask Weight: 0.938
Epoch 762/20000, Train Loss: 0.2620, Validation Set Manhattan Distance: 12.0, Mask Weight: 0.938
Epoch 763/20000, Train Loss: 0.2624, Validation Set Manhattan Distance: 12.0, Mask Weight: 0.938
Epoch 764/20000, Train Loss: 0.2617, Validation Set Manhattan Distance: 12.0, Mask Weight: 0.938
Epoch 765/20000, Train Loss: 0.2616, Validation Set Manhattan Distance: 12.0, Mask Weight: 0.938
Epoch 766/20000, Train Loss: 0.2605, Validation Set Manhattan Distance: 12.0, Mask Weight: 0.938
Epoch 767/20000, Train Loss: 0.2619, Validation Set Manhattan Distance: 12.0, Mask Weight: 0.938
Epoch 768/20000, Train Loss: 0.2630, Validation Set Manhattan Distance: 12.0, Mask Weight: 0.938
Epoch 769/20000, Train Loss: 0.2613, Validation Set Manhattan Distance: 12.0, Mask Weight: 0.938
Epoch 770/20000, Train Loss: 0.2625, Validation Set Manhattan Distance: 12.0, Mask Weight: 0.938
Epoch 771/20000, Train Loss: 0.2626, Validation Set Manhattan Distance: 12.0, Mask Weight: 0.938
Epoch 772/20000, Train Loss: 0.2613, Validation Set Manhattan Distance: 12.0, Mask Weight: 0.938
Epoch 773/20000, Train Loss: 0.2615, Validation Set Manhattan Distance: 12.0, Mask Weight: 0.938
Epoch 774/20000, Train Loss: 0.2616, Validation Set Manhattan Distance: 12.0, Mask Weight: 0.938
Epoch 775/20000, Train Loss: 0.2624, Validation Set Manhattan Distance: 12.0, Mask Weight: 0.938
Epoch 776/20000, Train Loss: 0.2608, Validation Set Manhattan Distance: 12.0, Mask Weight: 0.938
Epoch 777/20000, Train Loss: 0.2628, Validation Set Manhattan Distance: 12.0, Mask Weight: 0.938
Epoch 778/20000, Train Loss: 0.2626, Validation Set Manhattan Distance: 12.0, Mask Weight: 0.938
Epoch 779/20000, Train Loss: 0.2630, Validation Set Manhattan Distance: 12.0, Mask Weight: 0.938
Epoch 780/20000, Train Loss: 0.2627, Validation Set Manhattan Distance: 12.0, Mask Weight: 0.938
Epoch 781/20000, Train Loss: 0.2613, Validation Set Manhattan Distance: 12.0, Mask Weight: 0.938
Epoch 782/20000, Train Loss: 0.2639, Validation Set Manhattan Distance: 12.0, Mask Weight: 0.938
Epoch 783/20000, Train Loss: 0.2639, Validation Set Manhattan Distance: 12.0, Mask Weight: 0.938
Epoch 784/20000, Train Loss: 0.2615, Validation Set Manhattan Distance: 12.0, Mask Weight: 0.938
Epoch 785/20000, Train Loss: 0.2625, Validation Set Manhattan Distance: 12.0, Mask Weight: 0.938
Epoch 786/20000, Train Loss: 0.2618, Validation Set Manhattan Distance: 12.0, Mask Weight: 0.938
Epoch 787/20000, Train Loss: 0.2611, Validation Set Manhattan Distance: 12.0, Mask Weight: 0.938
Epoch 788/20000, Train Loss: 0.2617, Validation Set Manhattan Distance: 12.0, Mask Weight: 0.938
Epoch 789/20000, Train Loss: 0.2612, Validation Set Manhattan Distance: 12.0, Mask Weight: 0.938
Epoch 790/20000, Train Loss: 0.2611, Validation Set Manhattan Distance: 12.0, Mask Weight: 0.938
Epoch 791/20000, Train Loss: 0.2607, Validation Set Manhattan Distance: 12.0, Mask Weight: 0.938
Epoch 792/20000, Train Loss: 0.2606, Validation Set Manhattan Distance: 12.0, Mask Weight: 0.938
Epoch 793/20000, Train Loss: 0.2620, Validation Set Manhattan Distance: 12.0, Mask Weight: 0.938
Epoch 794/20000, Train Loss: 0.2596, Validation Set Manhattan Distance: 12.0, Mask Weight: 0.938
Epoch 795/20000, Train Loss: 0.2618, Validation Set Manhattan Distance: 12.0, Mask Weight: 0.938
Epoch 796/20000, Train Loss: 0.2604, Validation Set Manhattan Distance: 12.0, Mask Weight: 0.938
Epoch 797/20000, Train Loss: 0.2614, Validation Set Manhattan Distance: 12.0, Mask Weight: 0.938
Epoch 798/20000, Train Loss: 0.2596, Validation Set Manhattan Distance: 12.0, Mask Weight: 0.938
Epoch 799/20000, Train Loss: 0.2640, Validation Set Manhattan Distance: 12.0, Mask Weight: 0.938
Epoch 800/20000, Train Loss: 0.2616, Validation Set Manhattan Distance: 12.0, Mask Weight: 0.938
Epoch 801/20000, Train Loss: 0.2620, Validation Set Manhattan Distance: 12.0, Mask Weight: 0.938
Epoch 802/20000, Train Loss: 0.2607, Validation Set Manhattan Distance: 12.0, Mask Weight: 0.938
Epoch 803/20000, Train Loss: 0.2630, Validation Set Manhattan Distance: 12.0, Mask Weight: 0.938
Epoch 804/20000, Train Loss: 0.2615, Validation Set Manhattan Distance: 12.0, Mask Weight: 0.938
Epoch 805/20000, Train Loss: 0.2608, Validation Set Manhattan Distance: 12.0, Mask Weight: 0.938
Epoch 806/20000, Train Loss: 0.2609, Validation Set Manhattan Distance: 12.0, Mask Weight: 0.938
Epoch 807/20000, Train Loss: 0.2619, Validation Set Manhattan Distance: 12.0, Mask Weight: 0.938
Epoch 808/20000, Train Loss: 0.2624, Validation Set Manhattan Distance: 12.0, Mask Weight: 0.938
Epoch 809/20000, Train Loss: 0.2611, Validation Set Manhattan Distance: 12.0, Mask Weight: 0.938
Epoch 810/20000, Train Loss: 0.2605, Validation Set Manhattan Distance: 12.0, Mask Weight: 0.938
Epoch 811/20000, Train Loss: 0.2608, Validation Set Manhattan Distance: 12.0, Mask Weight: 0.938
Epoch 812/20000, Train Loss: 0.2601, Validation Set Manhattan Distance: 12.0, Mask Weight: 0.938
Epoch 813/20000, Train Loss: 0.2601, Validation Set Manhattan Distance: 12.0, Mask Weight: 0.938
Epoch 814/20000, Train Loss: 0.2612, Validation Set Manhattan Distance: 12.0, Mask Weight: 0.938
Epoch 815/20000, Train Loss: 0.2608, Validation Set Manhattan Distance: 12.0, Mask Weight: 0.938
Epoch 816/20000, Train Loss: 0.2598, Validation Set Manhattan Distance: 12.0, Mask Weight: 0.938
Epoch 817/20000, Train Loss: 0.2609, Validation Set Manhattan Distance: 12.0, Mask Weight: 0.938
Epoch 818/20000, Train Loss: 0.2612, Validation Set Manhattan Distance: 12.0, Mask Weight: 0.938
Epoch 819/20000, Train Loss: 0.2610, Validation Set Manhattan Distance: 12.0, Mask Weight: 0.938
Epoch 820/20000, Train Loss: 0.2605, Validation Set Manhattan Distance: 12.0, Mask Weight: 0.938
Epoch 821/20000, Train Loss: 0.2602, Validation Set Manhattan Distance: 12.0, Mask Weight: 0.938
Epoch 822/20000, Train Loss: 0.2621, Validation Set Manhattan Distance: 12.0, Mask Weight: 0.938
Epoch 823/20000, Train Loss: 0.2612, Validation Set Manhattan Distance: 12.0, Mask Weight: 0.938
Epoch 824/20000, Train Loss: 0.2611, Validation Set Manhattan Distance: 12.0, Mask Weight: 0.938
Epoch 825/20000, Train Loss: 0.2625, Validation Set Manhattan Distance: 12.0, Mask Weight: 0.938
Epoch 826/20000, Train Loss: 0.2612, Validation Set Manhattan Distance: 12.0, Mask Weight: 0.938
Epoch 827/20000, Train Loss: 0.2616, Validation Set Manhattan Distance: 12.0, Mask Weight: 0.938
Epoch 828/20000, Train Loss: 0.2615, Validation Set Manhattan Distance: 12.0, Mask Weight: 0.938
Epoch 829/20000, Train Loss: 0.2635, Validation Set Manhattan Distance: 12.0, Mask Weight: 0.938
Epoch 830/20000, Train Loss: 0.2664, Validation Set Manhattan Distance: 12.0, Mask Weight: 0.938
Epoch 831/20000, Train Loss: 0.2645, Validation Set Manhattan Distance: 12.0, Mask Weight: 0.938
Epoch 832/20000, Train Loss: 0.2631, Validation Set Manhattan Distance: 12.0, Mask Weight: 0.938
Epoch 833/20000, Train Loss: 0.2616, Validation Set Manhattan Distance: 12.0, Mask Weight: 0.938
Epoch 834/20000, Train Loss: 0.2614, Validation Set Manhattan Distance: 12.0, Mask Weight: 0.938
Epoch 835/20000, Train Loss: 0.2619, Validation Set Manhattan Distance: 12.0, Mask Weight: 0.938
Epoch 836/20000, Train Loss: 0.2647, Validation Set Manhattan Distance: 12.0, Mask Weight: 0.938
Epoch 837/20000, Train Loss: 0.2608, Validation Set Manhattan Distance: 12.0, Mask Weight: 0.938
Epoch 838/20000, Train Loss: 0.2637, Validation Set Manhattan Distance: 12.0, Mask Weight: 0.938
Epoch 839/20000, Train Loss: 0.2614, Validation Set Manhattan Distance: 12.0, Mask Weight: 0.938
Epoch 840/20000, Train Loss: 0.2619, Validation Set Manhattan Distance: 12.0, Mask Weight: 0.938
Epoch 841/20000, Train Loss: 0.2610, Validation Set Manhattan Distance: 12.0, Mask Weight: 0.938
Epoch 842/20000, Train Loss: 0.2615, Validation Set Manhattan Distance: 12.0, Mask Weight: 0.938