Using device: cuda
Starting training with gradient-based adaptive weighted mask...
Epoch 1/20000, Train Loss: 54.1653, Validation Set Manhattan Distance: 424.0, Mask Weight: 1.000
  -> New best Validation Set Manhattan Distance: 424.0. Model saved.
Epoch 2/20000, Train Loss: 42.3885, Validation Set Manhattan Distance: 426.0, Mask Weight: 1.000
Epoch 3/20000, Train Loss: 35.7073, Validation Set Manhattan Distance: 426.0, Mask Weight: 1.000
Epoch 4/20000, Train Loss: 30.3944, Validation Set Manhattan Distance: 426.0, Mask Weight: 1.000
Epoch 5/20000, Train Loss: 25.9291, Validation Set Manhattan Distance: 426.0, Mask Weight: 1.000
Epoch 6/20000, Train Loss: 22.1057, Validation Set Manhattan Distance: 426.0, Mask Weight: 1.000
Epoch 7/20000, Train Loss: 18.7473, Validation Set Manhattan Distance: 426.0, Mask Weight: 1.000
Epoch 8/20000, Train Loss: 15.8333, Validation Set Manhattan Distance: 426.0, Mask Weight: 1.000
Epoch 9/20000, Train Loss: 13.2963, Validation Set Manhattan Distance: 426.0, Mask Weight: 1.000
Epoch 10/20000, Train Loss: 11.1054, Validation Set Manhattan Distance: 426.0, Mask Weight: 1.000
Epoch 11/20000, Train Loss: 9.2301, Validation Set Manhattan Distance: 426.0, Mask Weight: 1.000
Epoch 12/20000, Train Loss: 7.6413, Validation Set Manhattan Distance: 426.0, Mask Weight: 1.000
Epoch 13/20000, Train Loss: 6.3058, Validation Set Manhattan Distance: 426.0, Mask Weight: 1.000
Epoch 14/20000, Train Loss: 5.1908, Validation Set Manhattan Distance: 420.0, Mask Weight: 1.000
  -> New best Validation Set Manhattan Distance: 420.0. Model saved.
Epoch 15/20000, Train Loss: 4.2644, Validation Set Manhattan Distance: 420.0, Mask Weight: 1.000
Epoch 16/20000, Train Loss: 3.4978, Validation Set Manhattan Distance: 420.0, Mask Weight: 1.000
Epoch 17/20000, Train Loss: 2.8640, Validation Set Manhattan Distance: 420.0, Mask Weight: 1.000
Epoch 18/20000, Train Loss: 2.3418, Validation Set Manhattan Distance: 420.0, Mask Weight: 1.000
Epoch 19/20000, Train Loss: 1.9127, Validation Set Manhattan Distance: 420.0, Mask Weight: 1.000
Epoch 20/20000, Train Loss: 1.5599, Validation Set Manhattan Distance: 420.0, Mask Weight: 1.000
Epoch 21/20000, Train Loss: 1.2683, Validation Set Manhattan Distance: 420.0, Mask Weight: 1.000
Epoch 22/20000, Train Loss: 1.0303, Validation Set Manhattan Distance: 420.0, Mask Weight: 1.000
Epoch 23/20000, Train Loss: 0.8364, Validation Set Manhattan Distance: 420.0, Mask Weight: 1.000
Epoch 24/20000, Train Loss: 0.6771, Validation Set Manhattan Distance: 420.0, Mask Weight: 1.000
Epoch 25/20000, Train Loss: 0.5471, Validation Set Manhattan Distance: 420.0, Mask Weight: 1.000
Epoch 26/20000, Train Loss: 0.4413, Validation Set Manhattan Distance: 420.0, Mask Weight: 1.000
Epoch 27/20000, Train Loss: 0.3566, Validation Set Manhattan Distance: 420.0, Mask Weight: 1.000
Epoch 28/20000, Train Loss: 0.2864, Validation Set Manhattan Distance: 420.0, Mask Weight: 1.000
Epoch 29/20000, Train Loss: 0.2299, Validation Set Manhattan Distance: 420.0, Mask Weight: 1.000
Epoch 30/20000, Train Loss: 0.1845, Validation Set Manhattan Distance: 420.0, Mask Weight: 1.000
Epoch 31/20000, Train Loss: 0.1482, Validation Set Manhattan Distance: 420.0, Mask Weight: 1.000
Epoch 32/20000, Train Loss: 0.1196, Validation Set Manhattan Distance: 420.0, Mask Weight: 1.000
  -> Train loss below 0.1. Mask weight reduction is now enabled.
Epoch 33/20000, Train Loss: 0.0964, Validation Set Manhattan Distance: 420.0, Mask Weight: 1.000
  -> Validation Set Manhattan Distance did not improve for 10 epochs.
  -> Unmasked Loss (Gradient Magnitude): 0.5808, Calculated Decrement: 0.0086
  -> Reducing mask weight to 0.991.
  -> Mask weight reduction is now disabled until train loss is below 0.001 again.
Epoch 34/20000, Train Loss: 0.2786, Validation Set Manhattan Distance: 12.0, Mask Weight: 0.991
  -> New best Validation Set Manhattan Distance: 12.0. Model saved.
Epoch 35/20000, Train Loss: 0.1502, Validation Set Manhattan Distance: 12.0, Mask Weight: 0.991
Epoch 36/20000, Train Loss: 0.1367, Validation Set Manhattan Distance: 12.0, Mask Weight: 0.991
Epoch 37/20000, Train Loss: 0.1254, Validation Set Manhattan Distance: 12.0, Mask Weight: 0.991
Epoch 38/20000, Train Loss: 0.1172, Validation Set Manhattan Distance: 12.0, Mask Weight: 0.991
Epoch 39/20000, Train Loss: 0.1108, Validation Set Manhattan Distance: 12.0, Mask Weight: 0.991
Epoch 40/20000, Train Loss: 0.1062, Validation Set Manhattan Distance: 12.0, Mask Weight: 0.991
Epoch 41/20000, Train Loss: 0.1022, Validation Set Manhattan Distance: 12.0, Mask Weight: 0.991
  -> Train loss below 0.1. Mask weight reduction is now enabled.
Epoch 42/20000, Train Loss: 0.0990, Validation Set Manhattan Distance: 12.0, Mask Weight: 0.991
Epoch 43/20000, Train Loss: 0.0959, Validation Set Manhattan Distance: 12.0, Mask Weight: 0.991
Epoch 44/20000, Train Loss: 0.0929, Validation Set Manhattan Distance: 12.0, Mask Weight: 0.991
  -> Validation Set Manhattan Distance did not improve for 10 epochs.
  -> Unmasked Loss (Gradient Magnitude): 0.0952, Calculated Decrement: 0.0525
  -> Reducing mask weight to 0.939.
  -> Mask weight reduction is now disabled until train loss is below 0.001 again.
Epoch 45/20000, Train Loss: 0.5891, Validation Set Manhattan Distance: 12.0, Mask Weight: 0.939
Epoch 46/20000, Train Loss: 0.5832, Validation Set Manhattan Distance: 12.0, Mask Weight: 0.939
Epoch 47/20000, Train Loss: 0.5785, Validation Set Manhattan Distance: 12.0, Mask Weight: 0.939
Epoch 48/20000, Train Loss: 0.5727, Validation Set Manhattan Distance: 12.0, Mask Weight: 0.939
Epoch 49/20000, Train Loss: 0.5743, Validation Set Manhattan Distance: 12.0, Mask Weight: 0.939
Epoch 50/20000, Train Loss: 0.5675, Validation Set Manhattan Distance: 12.0, Mask Weight: 0.939
Epoch 51/20000, Train Loss: 0.5665, Validation Set Manhattan Distance: 12.0, Mask Weight: 0.939
Epoch 52/20000, Train Loss: 0.5687, Validation Set Manhattan Distance: 12.0, Mask Weight: 0.939
Epoch 53/20000, Train Loss: 0.5626, Validation Set Manhattan Distance: 12.0, Mask Weight: 0.939
Epoch 54/20000, Train Loss: 0.5633, Validation Set Manhattan Distance: 12.0, Mask Weight: 0.939
Epoch 55/20000, Train Loss: 0.5631, Validation Set Manhattan Distance: 12.0, Mask Weight: 0.939
Epoch 56/20000, Train Loss: 0.5574, Validation Set Manhattan Distance: 12.0, Mask Weight: 0.939
Epoch 57/20000, Train Loss: 0.5545, Validation Set Manhattan Distance: 12.0, Mask Weight: 0.939
Epoch 58/20000, Train Loss: 0.5571, Validation Set Manhattan Distance: 12.0, Mask Weight: 0.939
Epoch 59/20000, Train Loss: 0.5555, Validation Set Manhattan Distance: 12.0, Mask Weight: 0.939
Epoch 60/20000, Train Loss: 0.5627, Validation Set Manhattan Distance: 12.0, Mask Weight: 0.939
Epoch 61/20000, Train Loss: 0.5475, Validation Set Manhattan Distance: 12.0, Mask Weight: 0.939
Epoch 62/20000, Train Loss: 0.5301, Validation Set Manhattan Distance: 12.0, Mask Weight: 0.939
Epoch 63/20000, Train Loss: 0.5171, Validation Set Manhattan Distance: 12.0, Mask Weight: 0.939
Epoch 64/20000, Train Loss: 0.4900, Validation Set Manhattan Distance: 12.0, Mask Weight: 0.939
Epoch 65/20000, Train Loss: 0.4656, Validation Set Manhattan Distance: 12.0, Mask Weight: 0.939
Epoch 66/20000, Train Loss: 0.4396, Validation Set Manhattan Distance: 12.0, Mask Weight: 0.939
Epoch 67/20000, Train Loss: 0.4057, Validation Set Manhattan Distance: 12.0, Mask Weight: 0.939
Epoch 68/20000, Train Loss: 0.3745, Validation Set Manhattan Distance: 12.0, Mask Weight: 0.939
Epoch 69/20000, Train Loss: 0.3554, Validation Set Manhattan Distance: 12.0, Mask Weight: 0.939
Epoch 70/20000, Train Loss: 0.3686, Validation Set Manhattan Distance: 12.0, Mask Weight: 0.939
Epoch 71/20000, Train Loss: 0.4267, Validation Set Manhattan Distance: 12.0, Mask Weight: 0.939
Epoch 72/20000, Train Loss: 0.3829, Validation Set Manhattan Distance: 12.0, Mask Weight: 0.939
Epoch 73/20000, Train Loss: 0.3715, Validation Set Manhattan Distance: 12.0, Mask Weight: 0.939
Epoch 74/20000, Train Loss: 0.3578, Validation Set Manhattan Distance: 12.0, Mask Weight: 0.939
Epoch 75/20000, Train Loss: 0.3463, Validation Set Manhattan Distance: 12.0, Mask Weight: 0.939
Epoch 76/20000, Train Loss: 0.3346, Validation Set Manhattan Distance: 12.0, Mask Weight: 0.939
Epoch 77/20000, Train Loss: 0.3314, Validation Set Manhattan Distance: 12.0, Mask Weight: 0.939
Epoch 78/20000, Train Loss: 0.3141, Validation Set Manhattan Distance: 12.0, Mask Weight: 0.939
Epoch 79/20000, Train Loss: 0.3238, Validation Set Manhattan Distance: 12.0, Mask Weight: 0.939
Epoch 80/20000, Train Loss: 0.3079, Validation Set Manhattan Distance: 12.0, Mask Weight: 0.939
Epoch 81/20000, Train Loss: 0.3078, Validation Set Manhattan Distance: 12.0, Mask Weight: 0.939
Epoch 82/20000, Train Loss: 0.3006, Validation Set Manhattan Distance: 12.0, Mask Weight: 0.939
Epoch 83/20000, Train Loss: 0.3458, Validation Set Manhattan Distance: 12.0, Mask Weight: 0.939
Epoch 84/20000, Train Loss: 0.3361, Validation Set Manhattan Distance: 12.0, Mask Weight: 0.939
Epoch 85/20000, Train Loss: 0.3179, Validation Set Manhattan Distance: 12.0, Mask Weight: 0.939
Epoch 86/20000, Train Loss: 0.3178, Validation Set Manhattan Distance: 12.0, Mask Weight: 0.939
Epoch 87/20000, Train Loss: 0.3162, Validation Set Manhattan Distance: 12.0, Mask Weight: 0.939
Epoch 88/20000, Train Loss: 0.3104, Validation Set Manhattan Distance: 12.0, Mask Weight: 0.939
Epoch 89/20000, Train Loss: 0.2943, Validation Set Manhattan Distance: 12.0, Mask Weight: 0.939
Epoch 90/20000, Train Loss: 0.3083, Validation Set Manhattan Distance: 12.0, Mask Weight: 0.939
Epoch 91/20000, Train Loss: 0.2958, Validation Set Manhattan Distance: 12.0, Mask Weight: 0.939
Epoch 92/20000, Train Loss: 0.2848, Validation Set Manhattan Distance: 12.0, Mask Weight: 0.939
Epoch 93/20000, Train Loss: 0.2817, Validation Set Manhattan Distance: 12.0, Mask Weight: 0.939
Epoch 94/20000, Train Loss: 0.2794, Validation Set Manhattan Distance: 12.0, Mask Weight: 0.939
Epoch 95/20000, Train Loss: 0.2768, Validation Set Manhattan Distance: 12.0, Mask Weight: 0.939
Epoch 96/20000, Train Loss: 0.2777, Validation Set Manhattan Distance: 12.0, Mask Weight: 0.939
Epoch 97/20000, Train Loss: 0.2761, Validation Set Manhattan Distance: 12.0, Mask Weight: 0.939
Epoch 98/20000, Train Loss: 0.2734, Validation Set Manhattan Distance: 12.0, Mask Weight: 0.939
Epoch 99/20000, Train Loss: 0.2753, Validation Set Manhattan Distance: 132.0, Mask Weight: 0.939
Epoch 100/20000, Train Loss: 0.2738, Validation Set Manhattan Distance: 12.0, Mask Weight: 0.939
Epoch 101/20000, Train Loss: 0.2755, Validation Set Manhattan Distance: 132.0, Mask Weight: 0.939
Epoch 102/20000, Train Loss: 0.5052, Validation Set Manhattan Distance: 12.0, Mask Weight: 0.939
Epoch 103/20000, Train Loss: 0.7000, Validation Set Manhattan Distance: 222.0, Mask Weight: 0.939
Epoch 104/20000, Train Loss: 0.6187, Validation Set Manhattan Distance: 204.0, Mask Weight: 0.939
Epoch 105/20000, Train Loss: 0.4282, Validation Set Manhattan Distance: 12.0, Mask Weight: 0.939
Epoch 106/20000, Train Loss: 0.3853, Validation Set Manhattan Distance: 12.0, Mask Weight: 0.939
Epoch 107/20000, Train Loss: 0.3683, Validation Set Manhattan Distance: 12.0, Mask Weight: 0.939
Epoch 108/20000, Train Loss: 0.3508, Validation Set Manhattan Distance: 12.0, Mask Weight: 0.939
Epoch 109/20000, Train Loss: 0.3298, Validation Set Manhattan Distance: 12.0, Mask Weight: 0.939
Epoch 110/20000, Train Loss: 0.3158, Validation Set Manhattan Distance: 12.0, Mask Weight: 0.939
Epoch 111/20000, Train Loss: 0.3041, Validation Set Manhattan Distance: 12.0, Mask Weight: 0.939
Epoch 112/20000, Train Loss: 0.2993, Validation Set Manhattan Distance: 12.0, Mask Weight: 0.939
Epoch 113/20000, Train Loss: 0.2871, Validation Set Manhattan Distance: 12.0, Mask Weight: 0.939
Epoch 114/20000, Train Loss: 0.2826, Validation Set Manhattan Distance: 12.0, Mask Weight: 0.939
Epoch 115/20000, Train Loss: 0.2790, Validation Set Manhattan Distance: 12.0, Mask Weight: 0.939
Epoch 116/20000, Train Loss: 0.2796, Validation Set Manhattan Distance: 12.0, Mask Weight: 0.939
Epoch 117/20000, Train Loss: 0.2756, Validation Set Manhattan Distance: 12.0, Mask Weight: 0.939
Epoch 118/20000, Train Loss: 0.2735, Validation Set Manhattan Distance: 12.0, Mask Weight: 0.939
Epoch 119/20000, Train Loss: 0.2750, Validation Set Manhattan Distance: 12.0, Mask Weight: 0.939
Epoch 120/20000, Train Loss: 0.2745, Validation Set Manhattan Distance: 12.0, Mask Weight: 0.939
Epoch 121/20000, Train Loss: 0.2742, Validation Set Manhattan Distance: 12.0, Mask Weight: 0.939
Epoch 122/20000, Train Loss: 0.2712, Validation Set Manhattan Distance: 12.0, Mask Weight: 0.939
Epoch 123/20000, Train Loss: 0.2721, Validation Set Manhattan Distance: 12.0, Mask Weight: 0.939
Epoch 124/20000, Train Loss: 0.2717, Validation Set Manhattan Distance: 12.0, Mask Weight: 0.939
Epoch 125/20000, Train Loss: 0.2744, Validation Set Manhattan Distance: 12.0, Mask Weight: 0.939
Epoch 126/20000, Train Loss: 0.2735, Validation Set Manhattan Distance: 12.0, Mask Weight: 0.939
Epoch 127/20000, Train Loss: 0.2688, Validation Set Manhattan Distance: 12.0, Mask Weight: 0.939
Epoch 128/20000, Train Loss: 0.2712, Validation Set Manhattan Distance: 12.0, Mask Weight: 0.939
Epoch 129/20000, Train Loss: 0.2716, Validation Set Manhattan Distance: 12.0, Mask Weight: 0.939
Epoch 130/20000, Train Loss: 0.2709, Validation Set Manhattan Distance: 12.0, Mask Weight: 0.939
Epoch 131/20000, Train Loss: 0.2743, Validation Set Manhattan Distance: 12.0, Mask Weight: 0.939
Epoch 132/20000, Train Loss: 0.2769, Validation Set Manhattan Distance: 12.0, Mask Weight: 0.939
Epoch 133/20000, Train Loss: 0.4887, Validation Set Manhattan Distance: 12.0, Mask Weight: 0.939
Epoch 134/20000, Train Loss: 0.4193, Validation Set Manhattan Distance: 12.0, Mask Weight: 0.939
Epoch 135/20000, Train Loss: 0.3811, Validation Set Manhattan Distance: 228.0, Mask Weight: 0.939
Epoch 136/20000, Train Loss: 0.3433, Validation Set Manhattan Distance: 282.0, Mask Weight: 0.939
Epoch 137/20000, Train Loss: 0.3257, Validation Set Manhattan Distance: 264.0, Mask Weight: 0.939
Epoch 138/20000, Train Loss: 0.3021, Validation Set Manhattan Distance: 222.0, Mask Weight: 0.939
Epoch 139/20000, Train Loss: 0.2892, Validation Set Manhattan Distance: 12.0, Mask Weight: 0.939
Epoch 140/20000, Train Loss: 0.2819, Validation Set Manhattan Distance: 12.0, Mask Weight: 0.939
Epoch 141/20000, Train Loss: 0.2796, Validation Set Manhattan Distance: 12.0, Mask Weight: 0.939
Epoch 142/20000, Train Loss: 0.2723, Validation Set Manhattan Distance: 12.0, Mask Weight: 0.939
Epoch 143/20000, Train Loss: 0.2715, Validation Set Manhattan Distance: 12.0, Mask Weight: 0.939
Epoch 144/20000, Train Loss: 0.2711, Validation Set Manhattan Distance: 12.0, Mask Weight: 0.939
Epoch 145/20000, Train Loss: 0.2683, Validation Set Manhattan Distance: 12.0, Mask Weight: 0.939
Epoch 146/20000, Train Loss: 0.2694, Validation Set Manhattan Distance: 12.0, Mask Weight: 0.939
Epoch 147/20000, Train Loss: 0.2717, Validation Set Manhattan Distance: 12.0, Mask Weight: 0.939
Epoch 148/20000, Train Loss: 0.2689, Validation Set Manhattan Distance: 12.0, Mask Weight: 0.939
Epoch 149/20000, Train Loss: 0.2676, Validation Set Manhattan Distance: 12.0, Mask Weight: 0.939
Epoch 150/20000, Train Loss: 0.2681, Validation Set Manhattan Distance: 12.0, Mask Weight: 0.939
Epoch 151/20000, Train Loss: 0.2698, Validation Set Manhattan Distance: 12.0, Mask Weight: 0.939
Epoch 152/20000, Train Loss: 0.2671, Validation Set Manhattan Distance: 12.0, Mask Weight: 0.939
Epoch 153/20000, Train Loss: 0.2667, Validation Set Manhattan Distance: 12.0, Mask Weight: 0.939
Epoch 154/20000, Train Loss: 0.2690, Validation Set Manhattan Distance: 12.0, Mask Weight: 0.939
Epoch 155/20000, Train Loss: 0.2795, Validation Set Manhattan Distance: 12.0, Mask Weight: 0.939
Epoch 156/20000, Train Loss: 0.2706, Validation Set Manhattan Distance: 12.0, Mask Weight: 0.939
Epoch 157/20000, Train Loss: 0.2683, Validation Set Manhattan Distance: 12.0, Mask Weight: 0.939
Epoch 158/20000, Train Loss: 0.2662, Validation Set Manhattan Distance: 12.0, Mask Weight: 0.939
Epoch 159/20000, Train Loss: 0.2653, Validation Set Manhattan Distance: 12.0, Mask Weight: 0.939
Epoch 160/20000, Train Loss: 0.2657, Validation Set Manhattan Distance: 12.0, Mask Weight: 0.939
Epoch 161/20000, Train Loss: 0.2658, Validation Set Manhattan Distance: 12.0, Mask Weight: 0.939
Epoch 162/20000, Train Loss: 0.2631, Validation Set Manhattan Distance: 12.0, Mask Weight: 0.939
Epoch 163/20000, Train Loss: 0.2687, Validation Set Manhattan Distance: 12.0, Mask Weight: 0.939
Epoch 164/20000, Train Loss: 0.2678, Validation Set Manhattan Distance: 12.0, Mask Weight: 0.939
Epoch 165/20000, Train Loss: 0.2631, Validation Set Manhattan Distance: 12.0, Mask Weight: 0.939
Epoch 166/20000, Train Loss: 0.2662, Validation Set Manhattan Distance: 12.0, Mask Weight: 0.939
Epoch 167/20000, Train Loss: 0.2633, Validation Set Manhattan Distance: 12.0, Mask Weight: 0.939
Epoch 168/20000, Train Loss: 0.2617, Validation Set Manhattan Distance: 12.0, Mask Weight: 0.939
Epoch 169/20000, Train Loss: 0.2676, Validation Set Manhattan Distance: 12.0, Mask Weight: 0.939
Epoch 170/20000, Train Loss: 0.2719, Validation Set Manhattan Distance: 12.0, Mask Weight: 0.939
Epoch 171/20000, Train Loss: 0.2674, Validation Set Manhattan Distance: 12.0, Mask Weight: 0.939
Epoch 172/20000, Train Loss: 0.2679, Validation Set Manhattan Distance: 12.0, Mask Weight: 0.939
Epoch 173/20000, Train Loss: 0.2678, Validation Set Manhattan Distance: 12.0, Mask Weight: 0.939
Epoch 174/20000, Train Loss: 0.2642, Validation Set Manhattan Distance: 12.0, Mask Weight: 0.939
Epoch 175/20000, Train Loss: 0.2663, Validation Set Manhattan Distance: 12.0, Mask Weight: 0.939
Epoch 176/20000, Train Loss: 0.2642, Validation Set Manhattan Distance: 12.0, Mask Weight: 0.939
Epoch 177/20000, Train Loss: 0.2638, Validation Set Manhattan Distance: 12.0, Mask Weight: 0.939
Epoch 178/20000, Train Loss: 0.2617, Validation Set Manhattan Distance: 12.0, Mask Weight: 0.939
Epoch 179/20000, Train Loss: 0.2645, Validation Set Manhattan Distance: 12.0, Mask Weight: 0.939
Epoch 180/20000, Train Loss: 0.2640, Validation Set Manhattan Distance: 12.0, Mask Weight: 0.939
Epoch 181/20000, Train Loss: 0.2655, Validation Set Manhattan Distance: 12.0, Mask Weight: 0.939
Epoch 182/20000, Train Loss: 0.2642, Validation Set Manhattan Distance: 12.0, Mask Weight: 0.939
Epoch 183/20000, Train Loss: 0.2666, Validation Set Manhattan Distance: 12.0, Mask Weight: 0.939
Epoch 184/20000, Train Loss: 0.2647, Validation Set Manhattan Distance: 12.0, Mask Weight: 0.939
Epoch 185/20000, Train Loss: 0.2764, Validation Set Manhattan Distance: 12.0, Mask Weight: 0.939
Epoch 186/20000, Train Loss: 0.2727, Validation Set Manhattan Distance: 12.0, Mask Weight: 0.939
Epoch 187/20000, Train Loss: 0.2685, Validation Set Manhattan Distance: 12.0, Mask Weight: 0.939
Epoch 188/20000, Train Loss: 0.2647, Validation Set Manhattan Distance: 12.0, Mask Weight: 0.939
Epoch 189/20000, Train Loss: 0.2637, Validation Set Manhattan Distance: 12.0, Mask Weight: 0.939
Epoch 190/20000, Train Loss: 0.2648, Validation Set Manhattan Distance: 12.0, Mask Weight: 0.939
Epoch 191/20000, Train Loss: 0.2636, Validation Set Manhattan Distance: 12.0, Mask Weight: 0.939
Epoch 192/20000, Train Loss: 0.2635, Validation Set Manhattan Distance: 12.0, Mask Weight: 0.939
Epoch 193/20000, Train Loss: 0.2625, Validation Set Manhattan Distance: 12.0, Mask Weight: 0.939
Epoch 194/20000, Train Loss: 0.2637, Validation Set Manhattan Distance: 12.0, Mask Weight: 0.939
Epoch 195/20000, Train Loss: 0.2635, Validation Set Manhattan Distance: 12.0, Mask Weight: 0.939
Epoch 196/20000, Train Loss: 0.2636, Validation Set Manhattan Distance: 12.0, Mask Weight: 0.939
Epoch 197/20000, Train Loss: 0.2606, Validation Set Manhattan Distance: 12.0, Mask Weight: 0.939
Epoch 198/20000, Train Loss: 0.2676, Validation Set Manhattan Distance: 12.0, Mask Weight: 0.939
Epoch 199/20000, Train Loss: 0.2652, Validation Set Manhattan Distance: 12.0, Mask Weight: 0.939
Epoch 200/20000, Train Loss: 0.2620, Validation Set Manhattan Distance: 12.0, Mask Weight: 0.939
Epoch 201/20000, Train Loss: 0.2646, Validation Set Manhattan Distance: 12.0, Mask Weight: 0.939
Epoch 202/20000, Train Loss: 0.2622, Validation Set Manhattan Distance: 12.0, Mask Weight: 0.939
Epoch 203/20000, Train Loss: 0.2611, Validation Set Manhattan Distance: 12.0, Mask Weight: 0.939
Epoch 204/20000, Train Loss: 0.2627, Validation Set Manhattan Distance: 12.0, Mask Weight: 0.939
Epoch 205/20000, Train Loss: 0.2619, Validation Set Manhattan Distance: 12.0, Mask Weight: 0.939
Epoch 206/20000, Train Loss: 0.2618, Validation Set Manhattan Distance: 12.0, Mask Weight: 0.939
Epoch 207/20000, Train Loss: 0.2620, Validation Set Manhattan Distance: 12.0, Mask Weight: 0.939
Epoch 208/20000, Train Loss: 0.2658, Validation Set Manhattan Distance: 12.0, Mask Weight: 0.939
Epoch 209/20000, Train Loss: 0.2630, Validation Set Manhattan Distance: 12.0, Mask Weight: 0.939
Epoch 210/20000, Train Loss: 0.2646, Validation Set Manhattan Distance: 12.0, Mask Weight: 0.939
Epoch 211/20000, Train Loss: 0.2647, Validation Set Manhattan Distance: 12.0, Mask Weight: 0.939
Epoch 212/20000, Train Loss: 0.2637, Validation Set Manhattan Distance: 12.0, Mask Weight: 0.939
Epoch 213/20000, Train Loss: 0.2631, Validation Set Manhattan Distance: 12.0, Mask Weight: 0.939
Epoch 214/20000, Train Loss: 0.2601, Validation Set Manhattan Distance: 12.0, Mask Weight: 0.939
Epoch 215/20000, Train Loss: 0.2612, Validation Set Manhattan Distance: 12.0, Mask Weight: 0.939
Epoch 216/20000, Train Loss: 0.2618, Validation Set Manhattan Distance: 12.0, Mask Weight: 0.939
Epoch 217/20000, Train Loss: 0.2637, Validation Set Manhattan Distance: 12.0, Mask Weight: 0.939
Epoch 218/20000, Train Loss: 0.2616, Validation Set Manhattan Distance: 12.0, Mask Weight: 0.939
Epoch 219/20000, Train Loss: 0.2630, Validation Set Manhattan Distance: 12.0, Mask Weight: 0.939
Epoch 220/20000, Train Loss: 0.2632, Validation Set Manhattan Distance: 12.0, Mask Weight: 0.939
Epoch 221/20000, Train Loss: 0.2623, Validation Set Manhattan Distance: 12.0, Mask Weight: 0.939
Epoch 222/20000, Train Loss: 0.2605, Validation Set Manhattan Distance: 12.0, Mask Weight: 0.939
Epoch 223/20000, Train Loss: 0.2621, Validation Set Manhattan Distance: 12.0, Mask Weight: 0.939
Epoch 224/20000, Train Loss: 0.2617, Validation Set Manhattan Distance: 12.0, Mask Weight: 0.939
Epoch 225/20000, Train Loss: 0.2613, Validation Set Manhattan Distance: 12.0, Mask Weight: 0.939
Epoch 226/20000, Train Loss: 0.2626, Validation Set Manhattan Distance: 12.0, Mask Weight: 0.939
Epoch 227/20000, Train Loss: 0.2601, Validation Set Manhattan Distance: 12.0, Mask Weight: 0.939
Epoch 228/20000, Train Loss: 0.2590, Validation Set Manhattan Distance: 12.0, Mask Weight: 0.939
Epoch 229/20000, Train Loss: 0.2611, Validation Set Manhattan Distance: 12.0, Mask Weight: 0.939
Epoch 230/20000, Train Loss: 0.2609, Validation Set Manhattan Distance: 12.0, Mask Weight: 0.939
Epoch 231/20000, Train Loss: 0.2609, Validation Set Manhattan Distance: 12.0, Mask Weight: 0.939
Epoch 232/20000, Train Loss: 0.2617, Validation Set Manhattan Distance: 12.0, Mask Weight: 0.939
Epoch 233/20000, Train Loss: 0.2597, Validation Set Manhattan Distance: 12.0, Mask Weight: 0.939
Epoch 234/20000, Train Loss: 0.2634, Validation Set Manhattan Distance: 12.0, Mask Weight: 0.939
Epoch 235/20000, Train Loss: 0.2602, Validation Set Manhattan Distance: 12.0, Mask Weight: 0.939
Epoch 236/20000, Train Loss: 0.2646, Validation Set Manhattan Distance: 12.0, Mask Weight: 0.939
Epoch 237/20000, Train Loss: 0.2635, Validation Set Manhattan Distance: 12.0, Mask Weight: 0.939
Epoch 238/20000, Train Loss: 0.2630, Validation Set Manhattan Distance: 12.0, Mask Weight: 0.939
Epoch 239/20000, Train Loss: 0.2610, Validation Set Manhattan Distance: 12.0, Mask Weight: 0.939
Epoch 240/20000, Train Loss: 0.2605, Validation Set Manhattan Distance: 12.0, Mask Weight: 0.939
Epoch 241/20000, Train Loss: 0.2607, Validation Set Manhattan Distance: 12.0, Mask Weight: 0.939
Epoch 242/20000, Train Loss: 0.2603, Validation Set Manhattan Distance: 12.0, Mask Weight: 0.939
Epoch 243/20000, Train Loss: 0.2597, Validation Set Manhattan Distance: 12.0, Mask Weight: 0.939
Epoch 244/20000, Train Loss: 0.2616, Validation Set Manhattan Distance: 12.0, Mask Weight: 0.939
Epoch 245/20000, Train Loss: 0.2613, Validation Set Manhattan Distance: 12.0, Mask Weight: 0.939
Epoch 246/20000, Train Loss: 0.2596, Validation Set Manhattan Distance: 12.0, Mask Weight: 0.939
Epoch 247/20000, Train Loss: 0.2610, Validation Set Manhattan Distance: 12.0, Mask Weight: 0.939
Epoch 248/20000, Train Loss: 0.2635, Validation Set Manhattan Distance: 12.0, Mask Weight: 0.939
Epoch 249/20000, Train Loss: 0.2619, Validation Set Manhattan Distance: 12.0, Mask Weight: 0.939
Epoch 250/20000, Train Loss: 0.2609, Validation Set Manhattan Distance: 12.0, Mask Weight: 0.939
Epoch 251/20000, Train Loss: 0.2603, Validation Set Manhattan Distance: 12.0, Mask Weight: 0.939
Epoch 252/20000, Train Loss: 0.2618, Validation Set Manhattan Distance: 12.0, Mask Weight: 0.939
Epoch 253/20000, Train Loss: 0.2618, Validation Set Manhattan Distance: 12.0, Mask Weight: 0.939
Epoch 254/20000, Train Loss: 0.2626, Validation Set Manhattan Distance: 12.0, Mask Weight: 0.939
Epoch 255/20000, Train Loss: 0.2612, Validation Set Manhattan Distance: 12.0, Mask Weight: 0.939
Epoch 256/20000, Train Loss: 0.2609, Validation Set Manhattan Distance: 12.0, Mask Weight: 0.939
Epoch 257/20000, Train Loss: 0.3815, Validation Set Manhattan Distance: 12.0, Mask Weight: 0.939
Epoch 258/20000, Train Loss: 0.7143, Validation Set Manhattan Distance: 12.0, Mask Weight: 0.939
Epoch 259/20000, Train Loss: 0.6050, Validation Set Manhattan Distance: 12.0, Mask Weight: 0.939
Epoch 260/20000, Train Loss: 0.5505, Validation Set Manhattan Distance: 12.0, Mask Weight: 0.939
Epoch 261/20000, Train Loss: 0.5280, Validation Set Manhattan Distance: 12.0, Mask Weight: 0.939
Epoch 262/20000, Train Loss: 0.5106, Validation Set Manhattan Distance: 12.0, Mask Weight: 0.939
Epoch 263/20000, Train Loss: 0.5044, Validation Set Manhattan Distance: 12.0, Mask Weight: 0.939
Epoch 264/20000, Train Loss: 0.4963, Validation Set Manhattan Distance: 12.0, Mask Weight: 0.939
Epoch 265/20000, Train Loss: 0.4924, Validation Set Manhattan Distance: 12.0, Mask Weight: 0.939
Epoch 266/20000, Train Loss: 0.4889, Validation Set Manhattan Distance: 12.0, Mask Weight: 0.939
Epoch 267/20000, Train Loss: 0.4851, Validation Set Manhattan Distance: 12.0, Mask Weight: 0.939
Epoch 268/20000, Train Loss: 0.4811, Validation Set Manhattan Distance: 12.0, Mask Weight: 0.939
Epoch 269/20000, Train Loss: 0.4759, Validation Set Manhattan Distance: 12.0, Mask Weight: 0.939
Epoch 270/20000, Train Loss: 0.4704, Validation Set Manhattan Distance: 12.0, Mask Weight: 0.939
Epoch 271/20000, Train Loss: 0.4634, Validation Set Manhattan Distance: 12.0, Mask Weight: 0.939
Epoch 272/20000, Train Loss: 0.4579, Validation Set Manhattan Distance: 12.0, Mask Weight: 0.939
Epoch 273/20000, Train Loss: 0.4537, Validation Set Manhattan Distance: 12.0, Mask Weight: 0.939
Epoch 274/20000, Train Loss: 0.4504, Validation Set Manhattan Distance: 12.0, Mask Weight: 0.939
Epoch 275/20000, Train Loss: 0.4444, Validation Set Manhattan Distance: 12.0, Mask Weight: 0.939
Epoch 276/20000, Train Loss: 0.4377, Validation Set Manhattan Distance: 12.0, Mask Weight: 0.939
Epoch 277/20000, Train Loss: 0.4291, Validation Set Manhattan Distance: 12.0, Mask Weight: 0.939
Epoch 278/20000, Train Loss: 0.4171, Validation Set Manhattan Distance: 12.0, Mask Weight: 0.939
Epoch 279/20000, Train Loss: 0.3995, Validation Set Manhattan Distance: 12.0, Mask Weight: 0.939
Epoch 280/20000, Train Loss: 0.3827, Validation Set Manhattan Distance: 12.0, Mask Weight: 0.939
Epoch 281/20000, Train Loss: 0.3777, Validation Set Manhattan Distance: 12.0, Mask Weight: 0.939
Epoch 282/20000, Train Loss: 0.3963, Validation Set Manhattan Distance: 12.0, Mask Weight: 0.939
Epoch 283/20000, Train Loss: 0.3932, Validation Set Manhattan Distance: 12.0, Mask Weight: 0.939
Epoch 284/20000, Train Loss: 0.3577, Validation Set Manhattan Distance: 12.0, Mask Weight: 0.939
Epoch 285/20000, Train Loss: 0.3378, Validation Set Manhattan Distance: 12.0, Mask Weight: 0.939
Epoch 286/20000, Train Loss: 0.3118, Validation Set Manhattan Distance: 12.0, Mask Weight: 0.939
Epoch 287/20000, Train Loss: 0.2971, Validation Set Manhattan Distance: 12.0, Mask Weight: 0.939
Epoch 288/20000, Train Loss: 0.2950, Validation Set Manhattan Distance: 12.0, Mask Weight: 0.939
Epoch 289/20000, Train Loss: 0.3159, Validation Set Manhattan Distance: 12.0, Mask Weight: 0.939
Epoch 290/20000, Train Loss: 0.3464, Validation Set Manhattan Distance: 12.0, Mask Weight: 0.939
Epoch 291/20000, Train Loss: 0.3608, Validation Set Manhattan Distance: 18.0, Mask Weight: 0.939
Epoch 292/20000, Train Loss: 0.3651, Validation Set Manhattan Distance: 18.0, Mask Weight: 0.939
Epoch 293/20000, Train Loss: 0.3397, Validation Set Manhattan Distance: 18.0, Mask Weight: 0.939
Epoch 294/20000, Train Loss: 0.3200, Validation Set Manhattan Distance: 18.0, Mask Weight: 0.939
Epoch 295/20000, Train Loss: 0.3030, Validation Set Manhattan Distance: 18.0, Mask Weight: 0.939
Epoch 296/20000, Train Loss: 0.2965, Validation Set Manhattan Distance: 18.0, Mask Weight: 0.939
Epoch 297/20000, Train Loss: 0.2828, Validation Set Manhattan Distance: 18.0, Mask Weight: 0.939
Epoch 298/20000, Train Loss: 0.2786, Validation Set Manhattan Distance: 18.0, Mask Weight: 0.939
Epoch 299/20000, Train Loss: 0.2779, Validation Set Manhattan Distance: 18.0, Mask Weight: 0.939
Epoch 300/20000, Train Loss: 0.2797, Validation Set Manhattan Distance: 18.0, Mask Weight: 0.939
Epoch 301/20000, Train Loss: 0.2756, Validation Set Manhattan Distance: 18.0, Mask Weight: 0.939
Epoch 302/20000, Train Loss: 0.2750, Validation Set Manhattan Distance: 18.0, Mask Weight: 0.939
Epoch 303/20000, Train Loss: 0.2667, Validation Set Manhattan Distance: 18.0, Mask Weight: 0.939
Epoch 304/20000, Train Loss: 0.2671, Validation Set Manhattan Distance: 18.0, Mask Weight: 0.939
Epoch 305/20000, Train Loss: 0.2647, Validation Set Manhattan Distance: 18.0, Mask Weight: 0.939
Epoch 306/20000, Train Loss: 0.2748, Validation Set Manhattan Distance: 18.0, Mask Weight: 0.939
Epoch 307/20000, Train Loss: 0.2668, Validation Set Manhattan Distance: 18.0, Mask Weight: 0.939
Epoch 308/20000, Train Loss: 0.2659, Validation Set Manhattan Distance: 18.0, Mask Weight: 0.939
Epoch 309/20000, Train Loss: 0.2656, Validation Set Manhattan Distance: 18.0, Mask Weight: 0.939
Epoch 310/20000, Train Loss: 0.2626, Validation Set Manhattan Distance: 18.0, Mask Weight: 0.939
Epoch 311/20000, Train Loss: 0.2642, Validation Set Manhattan Distance: 18.0, Mask Weight: 0.939
Epoch 312/20000, Train Loss: 0.2669, Validation Set Manhattan Distance: 18.0, Mask Weight: 0.939
Epoch 313/20000, Train Loss: 0.2619, Validation Set Manhattan Distance: 18.0, Mask Weight: 0.939
Epoch 314/20000, Train Loss: 0.2639, Validation Set Manhattan Distance: 18.0, Mask Weight: 0.939
Epoch 315/20000, Train Loss: 0.2615, Validation Set Manhattan Distance: 18.0, Mask Weight: 0.939
Epoch 316/20000, Train Loss: 0.2619, Validation Set Manhattan Distance: 18.0, Mask Weight: 0.939
Epoch 317/20000, Train Loss: 0.2607, Validation Set Manhattan Distance: 18.0, Mask Weight: 0.939
Epoch 318/20000, Train Loss: 0.2622, Validation Set Manhattan Distance: 18.0, Mask Weight: 0.939
Epoch 319/20000, Train Loss: 0.2597, Validation Set Manhattan Distance: 18.0, Mask Weight: 0.939
Epoch 320/20000, Train Loss: 0.2641, Validation Set Manhattan Distance: 18.0, Mask Weight: 0.939
Epoch 321/20000, Train Loss: 0.2671, Validation Set Manhattan Distance: 12.0, Mask Weight: 0.939
Epoch 322/20000, Train Loss: 0.2596, Validation Set Manhattan Distance: 18.0, Mask Weight: 0.939
Epoch 323/20000, Train Loss: 0.2629, Validation Set Manhattan Distance: 12.0, Mask Weight: 0.939
Epoch 324/20000, Train Loss: 0.2624, Validation Set Manhattan Distance: 12.0, Mask Weight: 0.939
Epoch 325/20000, Train Loss: 0.2621, Validation Set Manhattan Distance: 18.0, Mask Weight: 0.939
Epoch 326/20000, Train Loss: 0.2604, Validation Set Manhattan Distance: 12.0, Mask Weight: 0.939
Epoch 327/20000, Train Loss: 0.2612, Validation Set Manhattan Distance: 12.0, Mask Weight: 0.939
Epoch 328/20000, Train Loss: 0.2600, Validation Set Manhattan Distance: 12.0, Mask Weight: 0.939
Epoch 329/20000, Train Loss: 0.2602, Validation Set Manhattan Distance: 12.0, Mask Weight: 0.939
Epoch 330/20000, Train Loss: 0.2597, Validation Set Manhattan Distance: 12.0, Mask Weight: 0.939
Epoch 331/20000, Train Loss: 0.2598, Validation Set Manhattan Distance: 12.0, Mask Weight: 0.939
Epoch 332/20000, Train Loss: 0.2614, Validation Set Manhattan Distance: 12.0, Mask Weight: 0.939
Epoch 333/20000, Train Loss: 0.2589, Validation Set Manhattan Distance: 12.0, Mask Weight: 0.939
Epoch 334/20000, Train Loss: 0.2594, Validation Set Manhattan Distance: 12.0, Mask Weight: 0.939
Epoch 335/20000, Train Loss: 0.2608, Validation Set Manhattan Distance: 12.0, Mask Weight: 0.939
Epoch 336/20000, Train Loss: 0.2604, Validation Set Manhattan Distance: 12.0, Mask Weight: 0.939
Epoch 337/20000, Train Loss: 0.2611, Validation Set Manhattan Distance: 12.0, Mask Weight: 0.939
Epoch 338/20000, Train Loss: 0.2599, Validation Set Manhattan Distance: 12.0, Mask Weight: 0.939
Epoch 339/20000, Train Loss: 0.2603, Validation Set Manhattan Distance: 12.0, Mask Weight: 0.939
Epoch 340/20000, Train Loss: 0.2602, Validation Set Manhattan Distance: 12.0, Mask Weight: 0.939
Epoch 341/20000, Train Loss: 0.2602, Validation Set Manhattan Distance: 12.0, Mask Weight: 0.939
Epoch 342/20000, Train Loss: 0.2588, Validation Set Manhattan Distance: 12.0, Mask Weight: 0.939
Epoch 343/20000, Train Loss: 0.2595, Validation Set Manhattan Distance: 12.0, Mask Weight: 0.939
Epoch 344/20000, Train Loss: 0.2604, Validation Set Manhattan Distance: 12.0, Mask Weight: 0.939
Epoch 345/20000, Train Loss: 0.2597, Validation Set Manhattan Distance: 12.0, Mask Weight: 0.939
Epoch 346/20000, Train Loss: 0.2601, Validation Set Manhattan Distance: 12.0, Mask Weight: 0.939
Epoch 347/20000, Train Loss: 0.2589, Validation Set Manhattan Distance: 12.0, Mask Weight: 0.939
Epoch 348/20000, Train Loss: 0.2607, Validation Set Manhattan Distance: 12.0, Mask Weight: 0.939
Epoch 349/20000, Train Loss: 0.2590, Validation Set Manhattan Distance: 12.0, Mask Weight: 0.939
Epoch 350/20000, Train Loss: 0.2594, Validation Set Manhattan Distance: 12.0, Mask Weight: 0.939
Epoch 351/20000, Train Loss: 0.2598, Validation Set Manhattan Distance: 12.0, Mask Weight: 0.939
Epoch 352/20000, Train Loss: 0.2586, Validation Set Manhattan Distance: 12.0, Mask Weight: 0.939
Epoch 353/20000, Train Loss: 0.2601, Validation Set Manhattan Distance: 12.0, Mask Weight: 0.939
Epoch 354/20000, Train Loss: 0.2584, Validation Set Manhattan Distance: 12.0, Mask Weight: 0.939
Epoch 355/20000, Train Loss: 0.2613, Validation Set Manhattan Distance: 12.0, Mask Weight: 0.939
Epoch 356/20000, Train Loss: 0.2607, Validation Set Manhattan Distance: 12.0, Mask Weight: 0.939
Epoch 357/20000, Train Loss: 0.2592, Validation Set Manhattan Distance: 12.0, Mask Weight: 0.939
Epoch 358/20000, Train Loss: 0.2595, Validation Set Manhattan Distance: 12.0, Mask Weight: 0.939
Epoch 359/20000, Train Loss: 0.2591, Validation Set Manhattan Distance: 12.0, Mask Weight: 0.939
Epoch 360/20000, Train Loss: 0.2606, Validation Set Manhattan Distance: 12.0, Mask Weight: 0.939
Epoch 361/20000, Train Loss: 0.2588, Validation Set Manhattan Distance: 12.0, Mask Weight: 0.939
Epoch 362/20000, Train Loss: 0.2585, Validation Set Manhattan Distance: 12.0, Mask Weight: 0.939
Epoch 363/20000, Train Loss: 0.2603, Validation Set Manhattan Distance: 12.0, Mask Weight: 0.939
Epoch 364/20000, Train Loss: 0.2591, Validation Set Manhattan Distance: 12.0, Mask Weight: 0.939
Epoch 365/20000, Train Loss: 0.2578, Validation Set Manhattan Distance: 12.0, Mask Weight: 0.939
Epoch 366/20000, Train Loss: 0.2595, Validation Set Manhattan Distance: 12.0, Mask Weight: 0.939
Epoch 367/20000, Train Loss: 0.2582, Validation Set Manhattan Distance: 12.0, Mask Weight: 0.939
Epoch 368/20000, Train Loss: 0.2591, Validation Set Manhattan Distance: 12.0, Mask Weight: 0.939
Epoch 369/20000, Train Loss: 0.2591, Validation Set Manhattan Distance: 12.0, Mask Weight: 0.939
Epoch 370/20000, Train Loss: 0.2589, Validation Set Manhattan Distance: 12.0, Mask Weight: 0.939
Epoch 371/20000, Train Loss: 0.2616, Validation Set Manhattan Distance: 12.0, Mask Weight: 0.939
Epoch 372/20000, Train Loss: 0.2584, Validation Set Manhattan Distance: 12.0, Mask Weight: 0.939
Epoch 373/20000, Train Loss: 0.2596, Validation Set Manhattan Distance: 12.0, Mask Weight: 0.939
Epoch 374/20000, Train Loss: 0.2602, Validation Set Manhattan Distance: 12.0, Mask Weight: 0.939
Epoch 375/20000, Train Loss: 0.2572, Validation Set Manhattan Distance: 12.0, Mask Weight: 0.939
Epoch 376/20000, Train Loss: 0.2600, Validation Set Manhattan Distance: 12.0, Mask Weight: 0.939
Epoch 377/20000, Train Loss: 0.2578, Validation Set Manhattan Distance: 12.0, Mask Weight: 0.939
Epoch 378/20000, Train Loss: 0.2609, Validation Set Manhattan Distance: 12.0, Mask Weight: 0.939
Epoch 379/20000, Train Loss: 0.2597, Validation Set Manhattan Distance: 12.0, Mask Weight: 0.939
Epoch 380/20000, Train Loss: 0.2590, Validation Set Manhattan Distance: 12.0, Mask Weight: 0.939
Epoch 381/20000, Train Loss: 0.2584, Validation Set Manhattan Distance: 12.0, Mask Weight: 0.939
Epoch 382/20000, Train Loss: 0.2581, Validation Set Manhattan Distance: 12.0, Mask Weight: 0.939
Epoch 383/20000, Train Loss: 0.2590, Validation Set Manhattan Distance: 12.0, Mask Weight: 0.939
Epoch 384/20000, Train Loss: 0.2607, Validation Set Manhattan Distance: 12.0, Mask Weight: 0.939
Epoch 385/20000, Train Loss: 0.2592, Validation Set Manhattan Distance: 12.0, Mask Weight: 0.939
Epoch 386/20000, Train Loss: 0.2585, Validation Set Manhattan Distance: 12.0, Mask Weight: 0.939
Epoch 387/20000, Train Loss: 0.2589, Validation Set Manhattan Distance: 12.0, Mask Weight: 0.939
Epoch 388/20000, Train Loss: 0.2583, Validation Set Manhattan Distance: 12.0, Mask Weight: 0.939
Epoch 389/20000, Train Loss: 0.2591, Validation Set Manhattan Distance: 12.0, Mask Weight: 0.939
Epoch 390/20000, Train Loss: 0.2590, Validation Set Manhattan Distance: 12.0, Mask Weight: 0.939
Epoch 391/20000, Train Loss: 0.8190, Validation Set Manhattan Distance: 18.0, Mask Weight: 0.939
Epoch 392/20000, Train Loss: 2.0256, Validation Set Manhattan Distance: 12.0, Mask Weight: 0.939
Epoch 393/20000, Train Loss: 0.9687, Validation Set Manhattan Distance: 12.0, Mask Weight: 0.939
Epoch 394/20000, Train Loss: 0.9029, Validation Set Manhattan Distance: 12.0, Mask Weight: 0.939
Epoch 395/20000, Train Loss: 0.7232, Validation Set Manhattan Distance: 12.0, Mask Weight: 0.939
Epoch 396/20000, Train Loss: 0.6554, Validation Set Manhattan Distance: 12.0, Mask Weight: 0.939
Epoch 397/20000, Train Loss: 0.5991, Validation Set Manhattan Distance: 12.0, Mask Weight: 0.939
Epoch 398/20000, Train Loss: 0.5823, Validation Set Manhattan Distance: 12.0, Mask Weight: 0.939
Epoch 399/20000, Train Loss: 0.5822, Validation Set Manhattan Distance: 12.0, Mask Weight: 0.939
Epoch 400/20000, Train Loss: 0.5800, Validation Set Manhattan Distance: 12.0, Mask Weight: 0.939
Epoch 401/20000, Train Loss: 0.5759, Validation Set Manhattan Distance: 12.0, Mask Weight: 0.939
Epoch 402/20000, Train Loss: 0.5715, Validation Set Manhattan Distance: 12.0, Mask Weight: 0.939
Epoch 403/20000, Train Loss: 0.5682, Validation Set Manhattan Distance: 12.0, Mask Weight: 0.939
Epoch 404/20000, Train Loss: 0.5638, Validation Set Manhattan Distance: 12.0, Mask Weight: 0.939
Epoch 405/20000, Train Loss: 0.5584, Validation Set Manhattan Distance: 12.0, Mask Weight: 0.939
Epoch 406/20000, Train Loss: 0.5514, Validation Set Manhattan Distance: 12.0, Mask Weight: 0.939
Epoch 407/20000, Train Loss: 0.5425, Validation Set Manhattan Distance: 12.0, Mask Weight: 0.939
Epoch 408/20000, Train Loss: 0.5302, Validation Set Manhattan Distance: 12.0, Mask Weight: 0.939
Epoch 409/20000, Train Loss: 0.5184, Validation Set Manhattan Distance: 12.0, Mask Weight: 0.939
Epoch 410/20000, Train Loss: 0.4989, Validation Set Manhattan Distance: 12.0, Mask Weight: 0.939
Epoch 411/20000, Train Loss: 0.4715, Validation Set Manhattan Distance: 18.0, Mask Weight: 0.939
Epoch 412/20000, Train Loss: 0.4351, Validation Set Manhattan Distance: 18.0, Mask Weight: 0.939
Epoch 413/20000, Train Loss: 0.3962, Validation Set Manhattan Distance: 90.0, Mask Weight: 0.939
Epoch 414/20000, Train Loss: 0.3678, Validation Set Manhattan Distance: 184.0, Mask Weight: 0.939
Epoch 415/20000, Train Loss: 0.3386, Validation Set Manhattan Distance: 214.0, Mask Weight: 0.939
Epoch 416/20000, Train Loss: 0.3208, Validation Set Manhattan Distance: 270.0, Mask Weight: 0.939
Epoch 417/20000, Train Loss: 0.3159, Validation Set Manhattan Distance: 300.0, Mask Weight: 0.939
Epoch 418/20000, Train Loss: 0.3002, Validation Set Manhattan Distance: 300.0, Mask Weight: 0.939
Epoch 419/20000, Train Loss: 0.3103, Validation Set Manhattan Distance: 300.0, Mask Weight: 0.939
Epoch 420/20000, Train Loss: 0.2874, Validation Set Manhattan Distance: 300.0, Mask Weight: 0.939
Epoch 421/20000, Train Loss: 0.2877, Validation Set Manhattan Distance: 300.0, Mask Weight: 0.939
Epoch 422/20000, Train Loss: 0.2742, Validation Set Manhattan Distance: 300.0, Mask Weight: 0.939
Epoch 423/20000, Train Loss: 0.2717, Validation Set Manhattan Distance: 300.0, Mask Weight: 0.939
Epoch 424/20000, Train Loss: 0.2697, Validation Set Manhattan Distance: 300.0, Mask Weight: 0.939
Epoch 425/20000, Train Loss: 0.2686, Validation Set Manhattan Distance: 300.0, Mask Weight: 0.939
Epoch 426/20000, Train Loss: 0.2695, Validation Set Manhattan Distance: 300.0, Mask Weight: 0.939
Epoch 427/20000, Train Loss: 0.2680, Validation Set Manhattan Distance: 300.0, Mask Weight: 0.939
Epoch 428/20000, Train Loss: 0.2671, Validation Set Manhattan Distance: 300.0, Mask Weight: 0.939
Epoch 429/20000, Train Loss: 0.2655, Validation Set Manhattan Distance: 300.0, Mask Weight: 0.939
Epoch 430/20000, Train Loss: 0.2646, Validation Set Manhattan Distance: 300.0, Mask Weight: 0.939
Epoch 431/20000, Train Loss: 0.2637, Validation Set Manhattan Distance: 300.0, Mask Weight: 0.939
Epoch 432/20000, Train Loss: 0.2638, Validation Set Manhattan Distance: 300.0, Mask Weight: 0.939
Epoch 433/20000, Train Loss: 0.2622, Validation Set Manhattan Distance: 300.0, Mask Weight: 0.939
Epoch 434/20000, Train Loss: 0.2655, Validation Set Manhattan Distance: 300.0, Mask Weight: 0.939
Epoch 435/20000, Train Loss: 0.2627, Validation Set Manhattan Distance: 300.0, Mask Weight: 0.939
Epoch 436/20000, Train Loss: 0.2638, Validation Set Manhattan Distance: 300.0, Mask Weight: 0.939
Epoch 437/20000, Train Loss: 0.2630, Validation Set Manhattan Distance: 300.0, Mask Weight: 0.939
Epoch 438/20000, Train Loss: 0.2638, Validation Set Manhattan Distance: 300.0, Mask Weight: 0.939
Epoch 439/20000, Train Loss: 0.2659, Validation Set Manhattan Distance: 300.0, Mask Weight: 0.939
Epoch 440/20000, Train Loss: 0.2628, Validation Set Manhattan Distance: 300.0, Mask Weight: 0.939
Epoch 441/20000, Train Loss: 0.2634, Validation Set Manhattan Distance: 300.0, Mask Weight: 0.939
Epoch 442/20000, Train Loss: 0.2627, Validation Set Manhattan Distance: 300.0, Mask Weight: 0.939
Epoch 443/20000, Train Loss: 0.2646, Validation Set Manhattan Distance: 300.0, Mask Weight: 0.939
Epoch 444/20000, Train Loss: 0.2634, Validation Set Manhattan Distance: 300.0, Mask Weight: 0.939
Epoch 445/20000, Train Loss: 0.2606, Validation Set Manhattan Distance: 300.0, Mask Weight: 0.939
Epoch 446/20000, Train Loss: 0.2648, Validation Set Manhattan Distance: 300.0, Mask Weight: 0.939
Epoch 447/20000, Train Loss: 0.2617, Validation Set Manhattan Distance: 300.0, Mask Weight: 0.939
Epoch 448/20000, Train Loss: 0.2629, Validation Set Manhattan Distance: 300.0, Mask Weight: 0.939
Epoch 449/20000, Train Loss: 0.2604, Validation Set Manhattan Distance: 300.0, Mask Weight: 0.939
Epoch 450/20000, Train Loss: 0.2612, Validation Set Manhattan Distance: 300.0, Mask Weight: 0.939
Epoch 451/20000, Train Loss: 0.2609, Validation Set Manhattan Distance: 300.0, Mask Weight: 0.939
Epoch 452/20000, Train Loss: 0.2649, Validation Set Manhattan Distance: 300.0, Mask Weight: 0.939
Epoch 453/20000, Train Loss: 0.2597, Validation Set Manhattan Distance: 300.0, Mask Weight: 0.939
Epoch 454/20000, Train Loss: 0.2605, Validation Set Manhattan Distance: 300.0, Mask Weight: 0.939
Epoch 455/20000, Train Loss: 0.2605, Validation Set Manhattan Distance: 294.0, Mask Weight: 0.939
Epoch 456/20000, Train Loss: 0.2594, Validation Set Manhattan Distance: 300.0, Mask Weight: 0.939
Epoch 457/20000, Train Loss: 0.2627, Validation Set Manhattan Distance: 294.0, Mask Weight: 0.939
Epoch 458/20000, Train Loss: 0.2631, Validation Set Manhattan Distance: 294.0, Mask Weight: 0.939
Epoch 459/20000, Train Loss: 0.2600, Validation Set Manhattan Distance: 300.0, Mask Weight: 0.939
Epoch 460/20000, Train Loss: 0.2592, Validation Set Manhattan Distance: 294.0, Mask Weight: 0.939
Epoch 461/20000, Train Loss: 0.2614, Validation Set Manhattan Distance: 294.0, Mask Weight: 0.939
Epoch 462/20000, Train Loss: 0.2597, Validation Set Manhattan Distance: 294.0, Mask Weight: 0.939
Epoch 463/20000, Train Loss: 0.2608, Validation Set Manhattan Distance: 294.0, Mask Weight: 0.939
Epoch 464/20000, Train Loss: 0.2612, Validation Set Manhattan Distance: 294.0, Mask Weight: 0.939
Epoch 465/20000, Train Loss: 0.2607, Validation Set Manhattan Distance: 294.0, Mask Weight: 0.939
Epoch 466/20000, Train Loss: 0.2606, Validation Set Manhattan Distance: 294.0, Mask Weight: 0.939
Epoch 467/20000, Train Loss: 0.2606, Validation Set Manhattan Distance: 294.0, Mask Weight: 0.939
Epoch 468/20000, Train Loss: 0.2625, Validation Set Manhattan Distance: 288.0, Mask Weight: 0.939
Epoch 469/20000, Train Loss: 0.2613, Validation Set Manhattan Distance: 294.0, Mask Weight: 0.939
Epoch 470/20000, Train Loss: 0.2604, Validation Set Manhattan Distance: 288.0, Mask Weight: 0.939
Epoch 471/20000, Train Loss: 0.2614, Validation Set Manhattan Distance: 288.0, Mask Weight: 0.939
Epoch 472/20000, Train Loss: 0.2611, Validation Set Manhattan Distance: 288.0, Mask Weight: 0.939
Epoch 473/20000, Train Loss: 0.2604, Validation Set Manhattan Distance: 288.0, Mask Weight: 0.939
Epoch 474/20000, Train Loss: 0.2615, Validation Set Manhattan Distance: 288.0, Mask Weight: 0.939
Epoch 475/20000, Train Loss: 0.2606, Validation Set Manhattan Distance: 288.0, Mask Weight: 0.939
Epoch 476/20000, Train Loss: 0.2609, Validation Set Manhattan Distance: 288.0, Mask Weight: 0.939
Epoch 477/20000, Train Loss: 0.2596, Validation Set Manhattan Distance: 288.0, Mask Weight: 0.939
Epoch 478/20000, Train Loss: 0.2589, Validation Set Manhattan Distance: 288.0, Mask Weight: 0.939
Epoch 479/20000, Train Loss: 0.2587, Validation Set Manhattan Distance: 288.0, Mask Weight: 0.939
Epoch 480/20000, Train Loss: 0.2599, Validation Set Manhattan Distance: 288.0, Mask Weight: 0.939
Epoch 481/20000, Train Loss: 0.2598, Validation Set Manhattan Distance: 288.0, Mask Weight: 0.939
Epoch 482/20000, Train Loss: 0.2608, Validation Set Manhattan Distance: 288.0, Mask Weight: 0.939
Epoch 483/20000, Train Loss: 0.2600, Validation Set Manhattan Distance: 288.0, Mask Weight: 0.939
Epoch 484/20000, Train Loss: 0.2604, Validation Set Manhattan Distance: 288.0, Mask Weight: 0.939
Epoch 485/20000, Train Loss: 0.2595, Validation Set Manhattan Distance: 288.0, Mask Weight: 0.939
Epoch 486/20000, Train Loss: 0.2587, Validation Set Manhattan Distance: 288.0, Mask Weight: 0.939
Epoch 487/20000, Train Loss: 0.2593, Validation Set Manhattan Distance: 288.0, Mask Weight: 0.939
Epoch 488/20000, Train Loss: 0.2593, Validation Set Manhattan Distance: 288.0, Mask Weight: 0.939
Epoch 489/20000, Train Loss: 0.2593, Validation Set Manhattan Distance: 282.0, Mask Weight: 0.939
Epoch 490/20000, Train Loss: 0.2598, Validation Set Manhattan Distance: 288.0, Mask Weight: 0.939
Epoch 491/20000, Train Loss: 0.2580, Validation Set Manhattan Distance: 282.0, Mask Weight: 0.939
Epoch 492/20000, Train Loss: 0.2576, Validation Set Manhattan Distance: 282.0, Mask Weight: 0.939
Epoch 493/20000, Train Loss: 0.2600, Validation Set Manhattan Distance: 282.0, Mask Weight: 0.939
Epoch 494/20000, Train Loss: 0.2586, Validation Set Manhattan Distance: 282.0, Mask Weight: 0.939
Epoch 495/20000, Train Loss: 0.2589, Validation Set Manhattan Distance: 282.0, Mask Weight: 0.939
Epoch 496/20000, Train Loss: 0.2599, Validation Set Manhattan Distance: 276.0, Mask Weight: 0.939
Epoch 497/20000, Train Loss: 0.2601, Validation Set Manhattan Distance: 282.0, Mask Weight: 0.939
Epoch 498/20000, Train Loss: 0.2581, Validation Set Manhattan Distance: 276.0, Mask Weight: 0.939
Epoch 499/20000, Train Loss: 0.2584, Validation Set Manhattan Distance: 279.0, Mask Weight: 0.939
Epoch 500/20000, Train Loss: 0.2587, Validation Set Manhattan Distance: 276.0, Mask Weight: 0.939
Epoch 501/20000, Train Loss: 0.2578, Validation Set Manhattan Distance: 276.0, Mask Weight: 0.939
Epoch 502/20000, Train Loss: 0.2593, Validation Set Manhattan Distance: 266.0, Mask Weight: 0.939
Epoch 503/20000, Train Loss: 0.2586, Validation Set Manhattan Distance: 270.0, Mask Weight: 0.939
Epoch 504/20000, Train Loss: 0.2630, Validation Set Manhattan Distance: 270.0, Mask Weight: 0.939
Epoch 505/20000, Train Loss: 0.2613, Validation Set Manhattan Distance: 260.0, Mask Weight: 0.939
Epoch 506/20000, Train Loss: 0.2607, Validation Set Manhattan Distance: 270.0, Mask Weight: 0.939
Epoch 507/20000, Train Loss: 0.2642, Validation Set Manhattan Distance: 270.0, Mask Weight: 0.939
Epoch 508/20000, Train Loss: 0.2626, Validation Set Manhattan Distance: 260.0, Mask Weight: 0.939
Epoch 509/20000, Train Loss: 0.2620, Validation Set Manhattan Distance: 272.0, Mask Weight: 0.939
Epoch 510/20000, Train Loss: 0.2605, Validation Set Manhattan Distance: 270.0, Mask Weight: 0.939
Epoch 511/20000, Train Loss: 0.2604, Validation Set Manhattan Distance: 266.0, Mask Weight: 0.939
Epoch 512/20000, Train Loss: 0.2595, Validation Set Manhattan Distance: 266.0, Mask Weight: 0.939
Epoch 513/20000, Train Loss: 0.2583, Validation Set Manhattan Distance: 266.0, Mask Weight: 0.939
Epoch 514/20000, Train Loss: 0.2592, Validation Set Manhattan Distance: 266.0, Mask Weight: 0.939
Epoch 515/20000, Train Loss: 0.2588, Validation Set Manhattan Distance: 260.0, Mask Weight: 0.939
Epoch 516/20000, Train Loss: 0.2582, Validation Set Manhattan Distance: 266.0, Mask Weight: 0.939
Epoch 517/20000, Train Loss: 0.2612, Validation Set Manhattan Distance: 252.0, Mask Weight: 0.939
Epoch 518/20000, Train Loss: 0.2591, Validation Set Manhattan Distance: 260.0, Mask Weight: 0.939
Epoch 519/20000, Train Loss: 0.2595, Validation Set Manhattan Distance: 260.0, Mask Weight: 0.939
Epoch 520/20000, Train Loss: 0.2596, Validation Set Manhattan Distance: 248.0, Mask Weight: 0.939
Epoch 521/20000, Train Loss: 0.2588, Validation Set Manhattan Distance: 256.0, Mask Weight: 0.939
Epoch 522/20000, Train Loss: 0.2568, Validation Set Manhattan Distance: 252.0, Mask Weight: 0.939
Epoch 523/20000, Train Loss: 0.2604, Validation Set Manhattan Distance: 248.0, Mask Weight: 0.939
Epoch 524/20000, Train Loss: 0.2578, Validation Set Manhattan Distance: 252.0, Mask Weight: 0.939
Epoch 525/20000, Train Loss: 0.2588, Validation Set Manhattan Distance: 246.0, Mask Weight: 0.939
Epoch 526/20000, Train Loss: 0.2587, Validation Set Manhattan Distance: 248.0, Mask Weight: 0.939
Epoch 527/20000, Train Loss: 0.2577, Validation Set Manhattan Distance: 256.0, Mask Weight: 0.939
Epoch 528/20000, Train Loss: 0.2580, Validation Set Manhattan Distance: 256.0, Mask Weight: 0.939
Epoch 529/20000, Train Loss: 0.2595, Validation Set Manhattan Distance: 246.0, Mask Weight: 0.939
Epoch 530/20000, Train Loss: 0.2598, Validation Set Manhattan Distance: 252.0, Mask Weight: 0.939
Epoch 531/20000, Train Loss: 0.2602, Validation Set Manhattan Distance: 252.0, Mask Weight: 0.939
Epoch 532/20000, Train Loss: 0.2593, Validation Set Manhattan Distance: 246.0, Mask Weight: 0.939
Epoch 533/20000, Train Loss: 0.2591, Validation Set Manhattan Distance: 242.0, Mask Weight: 0.939
Epoch 534/20000, Train Loss: 0.2604, Validation Set Manhattan Distance: 252.0, Mask Weight: 0.939
Epoch 535/20000, Train Loss: 0.2584, Validation Set Manhattan Distance: 240.0, Mask Weight: 0.939
Epoch 536/20000, Train Loss: 0.2583, Validation Set Manhattan Distance: 240.0, Mask Weight: 0.939
Epoch 537/20000, Train Loss: 0.2583, Validation Set Manhattan Distance: 246.0, Mask Weight: 0.939
Epoch 538/20000, Train Loss: 0.2601, Validation Set Manhattan Distance: 236.0, Mask Weight: 0.939
Epoch 539/20000, Train Loss: 0.2587, Validation Set Manhattan Distance: 242.0, Mask Weight: 0.939
Epoch 540/20000, Train Loss: 0.2591, Validation Set Manhattan Distance: 242.0, Mask Weight: 0.939
Epoch 541/20000, Train Loss: 0.2596, Validation Set Manhattan Distance: 240.0, Mask Weight: 0.939
Epoch 542/20000, Train Loss: 0.2584, Validation Set Manhattan Distance: 252.0, Mask Weight: 0.939
Epoch 543/20000, Train Loss: 0.2580, Validation Set Manhattan Distance: 240.0, Mask Weight: 0.939
Epoch 544/20000, Train Loss: 0.2571, Validation Set Manhattan Distance: 240.0, Mask Weight: 0.939
Epoch 545/20000, Train Loss: 0.2568, Validation Set Manhattan Distance: 252.0, Mask Weight: 0.939
Epoch 546/20000, Train Loss: 0.2609, Validation Set Manhattan Distance: 246.0, Mask Weight: 0.939
Epoch 547/20000, Train Loss: 0.2569, Validation Set Manhattan Distance: 240.0, Mask Weight: 0.939
Epoch 548/20000, Train Loss: 0.2573, Validation Set Manhattan Distance: 246.0, Mask Weight: 0.939
Epoch 549/20000, Train Loss: 0.2577, Validation Set Manhattan Distance: 246.0, Mask Weight: 0.939
Epoch 550/20000, Train Loss: 0.2586, Validation Set Manhattan Distance: 240.0, Mask Weight: 0.939
Epoch 551/20000, Train Loss: 0.2592, Validation Set Manhattan Distance: 246.0, Mask Weight: 0.939
Epoch 552/20000, Train Loss: 0.2584, Validation Set Manhattan Distance: 252.0, Mask Weight: 0.939
Epoch 553/20000, Train Loss: 0.2587, Validation Set Manhattan Distance: 240.0, Mask Weight: 0.939
Epoch 554/20000, Train Loss: 0.2574, Validation Set Manhattan Distance: 246.0, Mask Weight: 0.939
Epoch 555/20000, Train Loss: 0.2576, Validation Set Manhattan Distance: 252.0, Mask Weight: 0.939
Epoch 556/20000, Train Loss: 0.2572, Validation Set Manhattan Distance: 246.0, Mask Weight: 0.939
Epoch 557/20000, Train Loss: 0.2578, Validation Set Manhattan Distance: 240.0, Mask Weight: 0.939
Epoch 558/20000, Train Loss: 0.2582, Validation Set Manhattan Distance: 246.0, Mask Weight: 0.939
Epoch 559/20000, Train Loss: 0.2578, Validation Set Manhattan Distance: 244.0, Mask Weight: 0.939
Epoch 560/20000, Train Loss: 0.2575, Validation Set Manhattan Distance: 240.0, Mask Weight: 0.939
Epoch 561/20000, Train Loss: 0.2580, Validation Set Manhattan Distance: 244.0, Mask Weight: 0.939
Epoch 562/20000, Train Loss: 0.2588, Validation Set Manhattan Distance: 242.0, Mask Weight: 0.939
Epoch 563/20000, Train Loss: 0.2578, Validation Set Manhattan Distance: 238.0, Mask Weight: 0.939
Epoch 564/20000, Train Loss: 0.2570, Validation Set Manhattan Distance: 240.0, Mask Weight: 0.939
Epoch 565/20000, Train Loss: 0.2600, Validation Set Manhattan Distance: 238.0, Mask Weight: 0.939
Epoch 566/20000, Train Loss: 0.2587, Validation Set Manhattan Distance: 236.0, Mask Weight: 0.939
Epoch 567/20000, Train Loss: 0.2582, Validation Set Manhattan Distance: 234.0, Mask Weight: 0.939
Epoch 568/20000, Train Loss: 0.2572, Validation Set Manhattan Distance: 238.0, Mask Weight: 0.939
Epoch 569/20000, Train Loss: 0.2577, Validation Set Manhattan Distance: 238.0, Mask Weight: 0.939
Epoch 570/20000, Train Loss: 0.2572, Validation Set Manhattan Distance: 236.0, Mask Weight: 0.939
Epoch 571/20000, Train Loss: 0.2582, Validation Set Manhattan Distance: 236.0, Mask Weight: 0.939
Epoch 572/20000, Train Loss: 0.2594, Validation Set Manhattan Distance: 240.0, Mask Weight: 0.939
Epoch 573/20000, Train Loss: 0.2577, Validation Set Manhattan Distance: 236.0, Mask Weight: 0.939
Epoch 574/20000, Train Loss: 0.2590, Validation Set Manhattan Distance: 230.0, Mask Weight: 0.939
Epoch 575/20000, Train Loss: 0.2580, Validation Set Manhattan Distance: 240.0, Mask Weight: 0.939
Epoch 576/20000, Train Loss: 0.2587, Validation Set Manhattan Distance: 230.0, Mask Weight: 0.939
Epoch 577/20000, Train Loss: 0.2592, Validation Set Manhattan Distance: 236.0, Mask Weight: 0.939
Epoch 578/20000, Train Loss: 0.2581, Validation Set Manhattan Distance: 230.0, Mask Weight: 0.939
Epoch 579/20000, Train Loss: 0.2599, Validation Set Manhattan Distance: 234.0, Mask Weight: 0.939
Epoch 580/20000, Train Loss: 0.2601, Validation Set Manhattan Distance: 238.0, Mask Weight: 0.939
Epoch 581/20000, Train Loss: 0.2596, Validation Set Manhattan Distance: 230.0, Mask Weight: 0.939
Epoch 582/20000, Train Loss: 0.2589, Validation Set Manhattan Distance: 230.0, Mask Weight: 0.939
Epoch 583/20000, Train Loss: 0.2577, Validation Set Manhattan Distance: 230.0, Mask Weight: 0.939
Epoch 584/20000, Train Loss: 0.2562, Validation Set Manhattan Distance: 238.0, Mask Weight: 0.939
Epoch 585/20000, Train Loss: 0.2590, Validation Set Manhattan Distance: 238.0, Mask Weight: 0.939
Epoch 586/20000, Train Loss: 0.2571, Validation Set Manhattan Distance: 230.0, Mask Weight: 0.939
Epoch 587/20000, Train Loss: 0.2577, Validation Set Manhattan Distance: 234.0, Mask Weight: 0.939
Epoch 588/20000, Train Loss: 0.2579, Validation Set Manhattan Distance: 234.0, Mask Weight: 0.939
Epoch 589/20000, Train Loss: 0.2574, Validation Set Manhattan Distance: 228.0, Mask Weight: 0.939
Epoch 590/20000, Train Loss: 0.2587, Validation Set Manhattan Distance: 224.0, Mask Weight: 0.939
Epoch 591/20000, Train Loss: 0.2575, Validation Set Manhattan Distance: 218.0, Mask Weight: 0.939
Epoch 592/20000, Train Loss: 0.2584, Validation Set Manhattan Distance: 218.0, Mask Weight: 0.939
Epoch 593/20000, Train Loss: 0.2581, Validation Set Manhattan Distance: 216.0, Mask Weight: 0.939
Epoch 594/20000, Train Loss: 0.2579, Validation Set Manhattan Distance: 214.0, Mask Weight: 0.939
Epoch 595/20000, Train Loss: 0.2587, Validation Set Manhattan Distance: 216.0, Mask Weight: 0.939
Epoch 596/20000, Train Loss: 0.2581, Validation Set Manhattan Distance: 214.0, Mask Weight: 0.939
Epoch 597/20000, Train Loss: 0.2579, Validation Set Manhattan Distance: 216.0, Mask Weight: 0.939
Epoch 598/20000, Train Loss: 0.2588, Validation Set Manhattan Distance: 216.0, Mask Weight: 0.939
Epoch 599/20000, Train Loss: 0.2582, Validation Set Manhattan Distance: 214.0, Mask Weight: 0.939
Epoch 600/20000, Train Loss: 0.2580, Validation Set Manhattan Distance: 218.0, Mask Weight: 0.939
Epoch 601/20000, Train Loss: 0.2573, Validation Set Manhattan Distance: 216.0, Mask Weight: 0.939
Epoch 602/20000, Train Loss: 0.2580, Validation Set Manhattan Distance: 214.0, Mask Weight: 0.939
Epoch 603/20000, Train Loss: 0.2573, Validation Set Manhattan Distance: 216.0, Mask Weight: 0.939
Epoch 604/20000, Train Loss: 0.2573, Validation Set Manhattan Distance: 216.0, Mask Weight: 0.939
Epoch 605/20000, Train Loss: 0.2588, Validation Set Manhattan Distance: 216.0, Mask Weight: 0.939
Epoch 606/20000, Train Loss: 0.2603, Validation Set Manhattan Distance: 208.0, Mask Weight: 0.939
Epoch 607/20000, Train Loss: 0.2596, Validation Set Manhattan Distance: 216.0, Mask Weight: 0.939
Epoch 608/20000, Train Loss: 0.2581, Validation Set Manhattan Distance: 216.0, Mask Weight: 0.939
Epoch 609/20000, Train Loss: 0.2590, Validation Set Manhattan Distance: 208.0, Mask Weight: 0.939
Epoch 610/20000, Train Loss: 0.2588, Validation Set Manhattan Distance: 208.0, Mask Weight: 0.939
Epoch 611/20000, Train Loss: 0.2575, Validation Set Manhattan Distance: 206.0, Mask Weight: 0.939
Epoch 612/20000, Train Loss: 0.2614, Validation Set Manhattan Distance: 194.0, Mask Weight: 0.939
Epoch 613/20000, Train Loss: 0.2571, Validation Set Manhattan Distance: 206.0, Mask Weight: 0.939
Epoch 614/20000, Train Loss: 0.2582, Validation Set Manhattan Distance: 210.0, Mask Weight: 0.939
Epoch 615/20000, Train Loss: 0.2566, Validation Set Manhattan Distance: 206.0, Mask Weight: 0.939
Epoch 616/20000, Train Loss: 0.2579, Validation Set Manhattan Distance: 202.0, Mask Weight: 0.939
Epoch 617/20000, Train Loss: 0.2572, Validation Set Manhattan Distance: 206.0, Mask Weight: 0.939
Epoch 618/20000, Train Loss: 0.2580, Validation Set Manhattan Distance: 206.0, Mask Weight: 0.939
Epoch 619/20000, Train Loss: 0.2575, Validation Set Manhattan Distance: 202.0, Mask Weight: 0.939
Epoch 620/20000, Train Loss: 0.2577, Validation Set Manhattan Distance: 208.0, Mask Weight: 0.939
Epoch 621/20000, Train Loss: 0.2586, Validation Set Manhattan Distance: 202.0, Mask Weight: 0.939
Epoch 622/20000, Train Loss: 0.2574, Validation Set Manhattan Distance: 208.0, Mask Weight: 0.939
Epoch 623/20000, Train Loss: 0.2569, Validation Set Manhattan Distance: 208.0, Mask Weight: 0.939
Epoch 624/20000, Train Loss: 0.2574, Validation Set Manhattan Distance: 194.0, Mask Weight: 0.939
Epoch 625/20000, Train Loss: 0.2579, Validation Set Manhattan Distance: 194.0, Mask Weight: 0.939
Epoch 626/20000, Train Loss: 0.2572, Validation Set Manhattan Distance: 194.0, Mask Weight: 0.939
Epoch 627/20000, Train Loss: 0.2574, Validation Set Manhattan Distance: 194.0, Mask Weight: 0.939
Epoch 628/20000, Train Loss: 0.2565, Validation Set Manhattan Distance: 194.0, Mask Weight: 0.939
Epoch 629/20000, Train Loss: 0.2576, Validation Set Manhattan Distance: 194.0, Mask Weight: 0.939
Epoch 630/20000, Train Loss: 0.2581, Validation Set Manhattan Distance: 206.0, Mask Weight: 0.939
Epoch 631/20000, Train Loss: 0.2571, Validation Set Manhattan Distance: 194.0, Mask Weight: 0.939
Epoch 632/20000, Train Loss: 0.2570, Validation Set Manhattan Distance: 190.0, Mask Weight: 0.939
Epoch 633/20000, Train Loss: 0.2562, Validation Set Manhattan Distance: 190.0, Mask Weight: 0.939
Epoch 634/20000, Train Loss: 0.2583, Validation Set Manhattan Distance: 182.0, Mask Weight: 0.939
Epoch 635/20000, Train Loss: 0.2579, Validation Set Manhattan Distance: 184.0, Mask Weight: 0.939
Epoch 636/20000, Train Loss: 0.2567, Validation Set Manhattan Distance: 180.0, Mask Weight: 0.939
Epoch 637/20000, Train Loss: 0.2570, Validation Set Manhattan Distance: 184.0, Mask Weight: 0.939
Epoch 638/20000, Train Loss: 0.2578, Validation Set Manhattan Distance: 190.0, Mask Weight: 0.939
Epoch 639/20000, Train Loss: 0.2583, Validation Set Manhattan Distance: 182.0, Mask Weight: 0.939
Epoch 640/20000, Train Loss: 0.2570, Validation Set Manhattan Distance: 186.0, Mask Weight: 0.939
Epoch 641/20000, Train Loss: 0.2563, Validation Set Manhattan Distance: 182.0, Mask Weight: 0.939
Epoch 642/20000, Train Loss: 0.2579, Validation Set Manhattan Distance: 186.0, Mask Weight: 0.939
Epoch 643/20000, Train Loss: 0.2564, Validation Set Manhattan Distance: 184.0, Mask Weight: 0.939
Epoch 644/20000, Train Loss: 0.2553, Validation Set Manhattan Distance: 182.0, Mask Weight: 0.939
Epoch 645/20000, Train Loss: 0.2585, Validation Set Manhattan Distance: 186.0, Mask Weight: 0.939
Epoch 646/20000, Train Loss: 0.2574, Validation Set Manhattan Distance: 182.0, Mask Weight: 0.939
Epoch 647/20000, Train Loss: 0.2580, Validation Set Manhattan Distance: 190.0, Mask Weight: 0.939
Epoch 648/20000, Train Loss: 0.2565, Validation Set Manhattan Distance: 186.0, Mask Weight: 0.939
Epoch 649/20000, Train Loss: 0.2578, Validation Set Manhattan Distance: 184.0, Mask Weight: 0.939
Epoch 650/20000, Train Loss: 0.2579, Validation Set Manhattan Distance: 184.0, Mask Weight: 0.939
Epoch 651/20000, Train Loss: 0.2586, Validation Set Manhattan Distance: 178.0, Mask Weight: 0.939
Epoch 652/20000, Train Loss: 0.2577, Validation Set Manhattan Distance: 178.0, Mask Weight: 0.939
Epoch 653/20000, Train Loss: 0.2581, Validation Set Manhattan Distance: 178.0, Mask Weight: 0.939
Epoch 654/20000, Train Loss: 0.2576, Validation Set Manhattan Distance: 184.0, Mask Weight: 0.939
Epoch 655/20000, Train Loss: 0.2590, Validation Set Manhattan Distance: 178.0, Mask Weight: 0.939
Epoch 656/20000, Train Loss: 0.2587, Validation Set Manhattan Distance: 170.0, Mask Weight: 0.939
Epoch 657/20000, Train Loss: 0.2594, Validation Set Manhattan Distance: 184.0, Mask Weight: 0.939
Epoch 658/20000, Train Loss: 0.2595, Validation Set Manhattan Distance: 178.0, Mask Weight: 0.939
Epoch 659/20000, Train Loss: 0.2581, Validation Set Manhattan Distance: 186.0, Mask Weight: 0.939
Epoch 660/20000, Train Loss: 0.2582, Validation Set Manhattan Distance: 184.0, Mask Weight: 0.939
Epoch 661/20000, Train Loss: 0.2588, Validation Set Manhattan Distance: 178.0, Mask Weight: 0.939
Epoch 662/20000, Train Loss: 0.2574, Validation Set Manhattan Distance: 184.0, Mask Weight: 0.939
Epoch 663/20000, Train Loss: 0.2592, Validation Set Manhattan Distance: 178.0, Mask Weight: 0.939
Epoch 664/20000, Train Loss: 0.2566, Validation Set Manhattan Distance: 168.0, Mask Weight: 0.939
Epoch 665/20000, Train Loss: 0.2569, Validation Set Manhattan Distance: 166.0, Mask Weight: 0.939
Epoch 666/20000, Train Loss: 0.2577, Validation Set Manhattan Distance: 162.0, Mask Weight: 0.939
Epoch 667/20000, Train Loss: 0.2567, Validation Set Manhattan Distance: 168.0, Mask Weight: 0.939
Epoch 668/20000, Train Loss: 0.2576, Validation Set Manhattan Distance: 162.0, Mask Weight: 0.939
Epoch 669/20000, Train Loss: 0.2574, Validation Set Manhattan Distance: 158.0, Mask Weight: 0.939
Epoch 670/20000, Train Loss: 0.2569, Validation Set Manhattan Distance: 162.0, Mask Weight: 0.939
Epoch 671/20000, Train Loss: 0.2579, Validation Set Manhattan Distance: 168.0, Mask Weight: 0.939
Epoch 672/20000, Train Loss: 0.2579, Validation Set Manhattan Distance: 176.0, Mask Weight: 0.939
Epoch 673/20000, Train Loss: 0.2581, Validation Set Manhattan Distance: 184.0, Mask Weight: 0.939
Epoch 674/20000, Train Loss: 0.2584, Validation Set Manhattan Distance: 178.0, Mask Weight: 0.939
Epoch 675/20000, Train Loss: 0.2576, Validation Set Manhattan Distance: 178.0, Mask Weight: 0.939
Epoch 676/20000, Train Loss: 0.2576, Validation Set Manhattan Distance: 178.0, Mask Weight: 0.939
Epoch 677/20000, Train Loss: 0.2576, Validation Set Manhattan Distance: 178.0, Mask Weight: 0.939
Epoch 678/20000, Train Loss: 0.2565, Validation Set Manhattan Distance: 176.0, Mask Weight: 0.939
Epoch 679/20000, Train Loss: 0.2575, Validation Set Manhattan Distance: 170.0, Mask Weight: 0.939
Epoch 680/20000, Train Loss: 0.2571, Validation Set Manhattan Distance: 176.0, Mask Weight: 0.939
Epoch 681/20000, Train Loss: 0.2569, Validation Set Manhattan Distance: 174.0, Mask Weight: 0.939
Epoch 682/20000, Train Loss: 0.2566, Validation Set Manhattan Distance: 172.0, Mask Weight: 0.939
Epoch 683/20000, Train Loss: 0.2567, Validation Set Manhattan Distance: 174.0, Mask Weight: 0.939
Epoch 684/20000, Train Loss: 0.2562, Validation Set Manhattan Distance: 178.0, Mask Weight: 0.939
Epoch 685/20000, Train Loss: 0.2564, Validation Set Manhattan Distance: 176.0, Mask Weight: 0.939
Epoch 686/20000, Train Loss: 0.2575, Validation Set Manhattan Distance: 174.0, Mask Weight: 0.939
Epoch 687/20000, Train Loss: 0.2569, Validation Set Manhattan Distance: 162.0, Mask Weight: 0.939
Epoch 688/20000, Train Loss: 0.2565, Validation Set Manhattan Distance: 154.0, Mask Weight: 0.939
Epoch 689/20000, Train Loss: 0.2569, Validation Set Manhattan Distance: 148.0, Mask Weight: 0.939
Epoch 690/20000, Train Loss: 0.2561, Validation Set Manhattan Distance: 150.0, Mask Weight: 0.939
Epoch 691/20000, Train Loss: 0.2568, Validation Set Manhattan Distance: 148.0, Mask Weight: 0.939
Epoch 692/20000, Train Loss: 0.2572, Validation Set Manhattan Distance: 154.0, Mask Weight: 0.939
Epoch 693/20000, Train Loss: 0.2567, Validation Set Manhattan Distance: 156.0, Mask Weight: 0.939
Epoch 694/20000, Train Loss: 0.2572, Validation Set Manhattan Distance: 154.0, Mask Weight: 0.939
Epoch 695/20000, Train Loss: 0.2575, Validation Set Manhattan Distance: 154.0, Mask Weight: 0.939
Epoch 696/20000, Train Loss: 0.2575, Validation Set Manhattan Distance: 162.0, Mask Weight: 0.939
Epoch 697/20000, Train Loss: 0.2557, Validation Set Manhattan Distance: 156.0, Mask Weight: 0.939
Epoch 698/20000, Train Loss: 0.2573, Validation Set Manhattan Distance: 148.0, Mask Weight: 0.939
Epoch 699/20000, Train Loss: 0.2557, Validation Set Manhattan Distance: 146.0, Mask Weight: 0.939
Epoch 700/20000, Train Loss: 0.2583, Validation Set Manhattan Distance: 146.0, Mask Weight: 0.939
Epoch 701/20000, Train Loss: 0.2581, Validation Set Manhattan Distance: 138.0, Mask Weight: 0.939
Epoch 702/20000, Train Loss: 0.2573, Validation Set Manhattan Distance: 138.0, Mask Weight: 0.939
Epoch 703/20000, Train Loss: 0.2576, Validation Set Manhattan Distance: 138.0, Mask Weight: 0.939
Epoch 704/20000, Train Loss: 0.2587, Validation Set Manhattan Distance: 132.0, Mask Weight: 0.939
Epoch 705/20000, Train Loss: 0.2579, Validation Set Manhattan Distance: 132.0, Mask Weight: 0.939
Epoch 706/20000, Train Loss: 0.2579, Validation Set Manhattan Distance: 142.0, Mask Weight: 0.939
Epoch 707/20000, Train Loss: 0.2598, Validation Set Manhattan Distance: 150.0, Mask Weight: 0.939
Epoch 708/20000, Train Loss: 0.2593, Validation Set Manhattan Distance: 156.0, Mask Weight: 0.939
Epoch 709/20000, Train Loss: 0.2583, Validation Set Manhattan Distance: 154.0, Mask Weight: 0.939
Epoch 710/20000, Train Loss: 0.2583, Validation Set Manhattan Distance: 152.0, Mask Weight: 0.939
Epoch 711/20000, Train Loss: 0.2575, Validation Set Manhattan Distance: 156.0, Mask Weight: 0.939
Epoch 712/20000, Train Loss: 0.2568, Validation Set Manhattan Distance: 156.0, Mask Weight: 0.939
Epoch 713/20000, Train Loss: 0.2568, Validation Set Manhattan Distance: 154.0, Mask Weight: 0.939
Epoch 714/20000, Train Loss: 0.2573, Validation Set Manhattan Distance: 152.0, Mask Weight: 0.939
Epoch 715/20000, Train Loss: 0.2564, Validation Set Manhattan Distance: 148.0, Mask Weight: 0.939
Epoch 716/20000, Train Loss: 0.2579, Validation Set Manhattan Distance: 142.0, Mask Weight: 0.939
Epoch 717/20000, Train Loss: 0.2562, Validation Set Manhattan Distance: 132.0, Mask Weight: 0.939
Epoch 718/20000, Train Loss: 0.2563, Validation Set Manhattan Distance: 126.0, Mask Weight: 0.939
Epoch 719/20000, Train Loss: 0.2562, Validation Set Manhattan Distance: 142.0, Mask Weight: 0.939
Epoch 720/20000, Train Loss: 0.2576, Validation Set Manhattan Distance: 142.0, Mask Weight: 0.939
Epoch 721/20000, Train Loss: 0.2574, Validation Set Manhattan Distance: 144.0, Mask Weight: 0.939
Epoch 722/20000, Train Loss: 0.2575, Validation Set Manhattan Distance: 142.0, Mask Weight: 0.939
Epoch 723/20000, Train Loss: 0.2560, Validation Set Manhattan Distance: 142.0, Mask Weight: 0.939
Epoch 724/20000, Train Loss: 0.2560, Validation Set Manhattan Distance: 138.0, Mask Weight: 0.939
Epoch 725/20000, Train Loss: 0.2567, Validation Set Manhattan Distance: 132.0, Mask Weight: 0.939
Epoch 726/20000, Train Loss: 0.2562, Validation Set Manhattan Distance: 126.0, Mask Weight: 0.939
Epoch 727/20000, Train Loss: 0.2560, Validation Set Manhattan Distance: 126.0, Mask Weight: 0.939
Epoch 728/20000, Train Loss: 0.2565, Validation Set Manhattan Distance: 120.0, Mask Weight: 0.939
Epoch 729/20000, Train Loss: 0.2562, Validation Set Manhattan Distance: 126.0, Mask Weight: 0.939
Epoch 730/20000, Train Loss: 0.2573, Validation Set Manhattan Distance: 126.0, Mask Weight: 0.939
Epoch 731/20000, Train Loss: 0.2577, Validation Set Manhattan Distance: 126.0, Mask Weight: 0.939
Epoch 732/20000, Train Loss: 0.2563, Validation Set Manhattan Distance: 126.0, Mask Weight: 0.939
Epoch 733/20000, Train Loss: 0.2571, Validation Set Manhattan Distance: 122.0, Mask Weight: 0.939
Epoch 734/20000, Train Loss: 0.2569, Validation Set Manhattan Distance: 126.0, Mask Weight: 0.939
Epoch 735/20000, Train Loss: 0.2573, Validation Set Manhattan Distance: 122.0, Mask Weight: 0.939
Epoch 736/20000, Train Loss: 0.2581, Validation Set Manhattan Distance: 126.0, Mask Weight: 0.939
Epoch 737/20000, Train Loss: 0.2589, Validation Set Manhattan Distance: 134.0, Mask Weight: 0.939
Epoch 738/20000, Train Loss: 0.2572, Validation Set Manhattan Distance: 138.0, Mask Weight: 0.939
Epoch 739/20000, Train Loss: 0.2573, Validation Set Manhattan Distance: 138.0, Mask Weight: 0.939
Epoch 740/20000, Train Loss: 0.2567, Validation Set Manhattan Distance: 114.0, Mask Weight: 0.939
Epoch 741/20000, Train Loss: 0.2557, Validation Set Manhattan Distance: 112.0, Mask Weight: 0.939
Epoch 742/20000, Train Loss: 0.2575, Validation Set Manhattan Distance: 94.0, Mask Weight: 0.939
Epoch 743/20000, Train Loss: 0.2564, Validation Set Manhattan Distance: 82.0, Mask Weight: 0.939
Epoch 744/20000, Train Loss: 0.2587, Validation Set Manhattan Distance: 80.0, Mask Weight: 0.939
Epoch 745/20000, Train Loss: 0.2555, Validation Set Manhattan Distance: 100.0, Mask Weight: 0.939
Epoch 746/20000, Train Loss: 0.2574, Validation Set Manhattan Distance: 98.0, Mask Weight: 0.939
Epoch 747/20000, Train Loss: 0.2570, Validation Set Manhattan Distance: 88.0, Mask Weight: 0.939
Epoch 748/20000, Train Loss: 0.2570, Validation Set Manhattan Distance: 88.0, Mask Weight: 0.939
Epoch 749/20000, Train Loss: 0.2565, Validation Set Manhattan Distance: 88.0, Mask Weight: 0.939
Epoch 750/20000, Train Loss: 0.2564, Validation Set Manhattan Distance: 88.0, Mask Weight: 0.939
Epoch 751/20000, Train Loss: 0.2560, Validation Set Manhattan Distance: 94.0, Mask Weight: 0.939
Epoch 752/20000, Train Loss: 0.2570, Validation Set Manhattan Distance: 100.0, Mask Weight: 0.939
Epoch 753/20000, Train Loss: 0.2566, Validation Set Manhattan Distance: 94.0, Mask Weight: 0.939
Epoch 754/20000, Train Loss: 0.2561, Validation Set Manhattan Distance: 88.0, Mask Weight: 0.939
Epoch 755/20000, Train Loss: 0.2562, Validation Set Manhattan Distance: 88.0, Mask Weight: 0.939
Epoch 756/20000, Train Loss: 0.2561, Validation Set Manhattan Distance: 82.0, Mask Weight: 0.939
Epoch 757/20000, Train Loss: 0.2560, Validation Set Manhattan Distance: 70.0, Mask Weight: 0.939
Epoch 758/20000, Train Loss: 0.2563, Validation Set Manhattan Distance: 70.0, Mask Weight: 0.939
Epoch 759/20000, Train Loss: 0.2563, Validation Set Manhattan Distance: 64.0, Mask Weight: 0.939
Epoch 760/20000, Train Loss: 0.2559, Validation Set Manhattan Distance: 64.0, Mask Weight: 0.939
Epoch 761/20000, Train Loss: 0.2559, Validation Set Manhattan Distance: 70.0, Mask Weight: 0.939
Epoch 762/20000, Train Loss: 0.2577, Validation Set Manhattan Distance: 70.0, Mask Weight: 0.939
Epoch 763/20000, Train Loss: 0.2564, Validation Set Manhattan Distance: 80.0, Mask Weight: 0.939
Epoch 764/20000, Train Loss: 0.2571, Validation Set Manhattan Distance: 100.0, Mask Weight: 0.939
Epoch 765/20000, Train Loss: 0.2584, Validation Set Manhattan Distance: 110.0, Mask Weight: 0.939
Epoch 766/20000, Train Loss: 0.2569, Validation Set Manhattan Distance: 116.0, Mask Weight: 0.939
Epoch 767/20000, Train Loss: 0.2584, Validation Set Manhattan Distance: 116.0, Mask Weight: 0.939
Epoch 768/20000, Train Loss: 0.2570, Validation Set Manhattan Distance: 106.0, Mask Weight: 0.939
Epoch 769/20000, Train Loss: 0.2578, Validation Set Manhattan Distance: 106.0, Mask Weight: 0.939
Epoch 770/20000, Train Loss: 0.2556, Validation Set Manhattan Distance: 106.0, Mask Weight: 0.939
Epoch 771/20000, Train Loss: 0.2567, Validation Set Manhattan Distance: 106.0, Mask Weight: 0.939
Epoch 772/20000, Train Loss: 0.2569, Validation Set Manhattan Distance: 106.0, Mask Weight: 0.939
Epoch 773/20000, Train Loss: 0.2555, Validation Set Manhattan Distance: 106.0, Mask Weight: 0.939
Epoch 774/20000, Train Loss: 0.2562, Validation Set Manhattan Distance: 106.0, Mask Weight: 0.939
Epoch 775/20000, Train Loss: 0.2559, Validation Set Manhattan Distance: 104.0, Mask Weight: 0.939
Epoch 776/20000, Train Loss: 0.2569, Validation Set Manhattan Distance: 106.0, Mask Weight: 0.939
Epoch 777/20000, Train Loss: 0.2569, Validation Set Manhattan Distance: 94.0, Mask Weight: 0.939
Epoch 778/20000, Train Loss: 0.2563, Validation Set Manhattan Distance: 100.0, Mask Weight: 0.939
Epoch 779/20000, Train Loss: 0.2554, Validation Set Manhattan Distance: 104.0, Mask Weight: 0.939
Epoch 780/20000, Train Loss: 0.2557, Validation Set Manhattan Distance: 106.0, Mask Weight: 0.939
Epoch 781/20000, Train Loss: 0.2573, Validation Set Manhattan Distance: 104.0, Mask Weight: 0.939
Epoch 782/20000, Train Loss: 0.2568, Validation Set Manhattan Distance: 116.0, Mask Weight: 0.939
Epoch 783/20000, Train Loss: 0.2561, Validation Set Manhattan Distance: 120.0, Mask Weight: 0.939
Epoch 784/20000, Train Loss: 0.2558, Validation Set Manhattan Distance: 120.0, Mask Weight: 0.939
Epoch 785/20000, Train Loss: 0.2561, Validation Set Manhattan Distance: 116.0, Mask Weight: 0.939
Epoch 786/20000, Train Loss: 0.2566, Validation Set Manhattan Distance: 120.0, Mask Weight: 0.939
Epoch 787/20000, Train Loss: 0.2564, Validation Set Manhattan Distance: 116.0, Mask Weight: 0.939
Epoch 788/20000, Train Loss: 0.2570, Validation Set Manhattan Distance: 116.0, Mask Weight: 0.939
Epoch 789/20000, Train Loss: 0.2575, Validation Set Manhattan Distance: 116.0, Mask Weight: 0.939
Epoch 790/20000, Train Loss: 0.2561, Validation Set Manhattan Distance: 106.0, Mask Weight: 0.939
Epoch 791/20000, Train Loss: 0.2584, Validation Set Manhattan Distance: 80.0, Mask Weight: 0.939
Epoch 792/20000, Train Loss: 0.2566, Validation Set Manhattan Distance: 76.0, Mask Weight: 0.939
Epoch 793/20000, Train Loss: 0.2571, Validation Set Manhattan Distance: 64.0, Mask Weight: 0.939
Epoch 794/20000, Train Loss: 0.2580, Validation Set Manhattan Distance: 70.0, Mask Weight: 0.939
Epoch 795/20000, Train Loss: 0.2559, Validation Set Manhattan Distance: 64.0, Mask Weight: 0.939
Epoch 796/20000, Train Loss: 0.2559, Validation Set Manhattan Distance: 70.0, Mask Weight: 0.939
Epoch 797/20000, Train Loss: 0.2578, Validation Set Manhattan Distance: 74.0, Mask Weight: 0.939
Epoch 798/20000, Train Loss: 0.2565, Validation Set Manhattan Distance: 74.0, Mask Weight: 0.939
Epoch 799/20000, Train Loss: 0.2564, Validation Set Manhattan Distance: 74.0, Mask Weight: 0.939
Epoch 800/20000, Train Loss: 0.2567, Validation Set Manhattan Distance: 88.0, Mask Weight: 0.939
Epoch 801/20000, Train Loss: 0.2575, Validation Set Manhattan Distance: 100.0, Mask Weight: 0.939
Epoch 802/20000, Train Loss: 0.2566, Validation Set Manhattan Distance: 100.0, Mask Weight: 0.939
Epoch 803/20000, Train Loss: 0.2570, Validation Set Manhattan Distance: 88.0, Mask Weight: 0.939
Epoch 804/20000, Train Loss: 0.2569, Validation Set Manhattan Distance: 70.0, Mask Weight: 0.939
Epoch 805/20000, Train Loss: 0.2560, Validation Set Manhattan Distance: 64.0, Mask Weight: 0.939
Epoch 806/20000, Train Loss: 0.2579, Validation Set Manhattan Distance: 58.0, Mask Weight: 0.939
Epoch 807/20000, Train Loss: 0.2600, Validation Set Manhattan Distance: 46.0, Mask Weight: 0.939
Epoch 808/20000, Train Loss: 0.2588, Validation Set Manhattan Distance: 58.0, Mask Weight: 0.939
Epoch 809/20000, Train Loss: 0.2567, Validation Set Manhattan Distance: 64.0, Mask Weight: 0.939
Epoch 810/20000, Train Loss: 0.2558, Validation Set Manhattan Distance: 64.0, Mask Weight: 0.939
Epoch 811/20000, Train Loss: 0.2565, Validation Set Manhattan Distance: 58.0, Mask Weight: 0.939
Epoch 812/20000, Train Loss: 0.2568, Validation Set Manhattan Distance: 52.0, Mask Weight: 0.939
Epoch 813/20000, Train Loss: 0.2562, Validation Set Manhattan Distance: 52.0, Mask Weight: 0.939
Epoch 814/20000, Train Loss: 0.2559, Validation Set Manhattan Distance: 52.0, Mask Weight: 0.939
Epoch 815/20000, Train Loss: 0.2557, Validation Set Manhattan Distance: 52.0, Mask Weight: 0.939
Epoch 816/20000, Train Loss: 0.2562, Validation Set Manhattan Distance: 58.0, Mask Weight: 0.939
Epoch 817/20000, Train Loss: 0.2555, Validation Set Manhattan Distance: 58.0, Mask Weight: 0.939
Epoch 818/20000, Train Loss: 0.2569, Validation Set Manhattan Distance: 58.0, Mask Weight: 0.939
Epoch 819/20000, Train Loss: 0.2562, Validation Set Manhattan Distance: 52.0, Mask Weight: 0.939
Epoch 820/20000, Train Loss: 0.2559, Validation Set Manhattan Distance: 46.0, Mask Weight: 0.939
Epoch 821/20000, Train Loss: 0.2561, Validation Set Manhattan Distance: 42.0, Mask Weight: 0.939
Epoch 822/20000, Train Loss: 0.2559, Validation Set Manhattan Distance: 34.0, Mask Weight: 0.939
Epoch 823/20000, Train Loss: 0.2564, Validation Set Manhattan Distance: 34.0, Mask Weight: 0.939
Epoch 824/20000, Train Loss: 0.2557, Validation Set Manhattan Distance: 34.0, Mask Weight: 0.939
Epoch 825/20000, Train Loss: 0.2546, Validation Set Manhattan Distance: 28.0, Mask Weight: 0.939
Epoch 826/20000, Train Loss: 0.2558, Validation Set Manhattan Distance: 24.0, Mask Weight: 0.939
Epoch 827/20000, Train Loss: 0.2559, Validation Set Manhattan Distance: 24.0, Mask Weight: 0.939
Epoch 828/20000, Train Loss: 0.2570, Validation Set Manhattan Distance: 34.0, Mask Weight: 0.939
Epoch 829/20000, Train Loss: 0.2564, Validation Set Manhattan Distance: 42.0, Mask Weight: 0.939
Epoch 830/20000, Train Loss: 0.2554, Validation Set Manhattan Distance: 46.0, Mask Weight: 0.939
Epoch 831/20000, Train Loss: 0.2573, Validation Set Manhattan Distance: 52.0, Mask Weight: 0.939
Epoch 832/20000, Train Loss: 0.2562, Validation Set Manhattan Distance: 46.0, Mask Weight: 0.939
Epoch 833/20000, Train Loss: 0.2576, Validation Set Manhattan Distance: 46.0, Mask Weight: 0.939
Epoch 834/20000, Train Loss: 0.2560, Validation Set Manhattan Distance: 58.0, Mask Weight: 0.939
Epoch 835/20000, Train Loss: 0.2608, Validation Set Manhattan Distance: 58.0, Mask Weight: 0.939
Epoch 836/20000, Train Loss: 0.2568, Validation Set Manhattan Distance: 64.0, Mask Weight: 0.939
Epoch 837/20000, Train Loss: 0.2568, Validation Set Manhattan Distance: 68.0, Mask Weight: 0.939
Epoch 838/20000, Train Loss: 0.2555, Validation Set Manhattan Distance: 68.0, Mask Weight: 0.939
Epoch 839/20000, Train Loss: 0.2568, Validation Set Manhattan Distance: 64.0, Mask Weight: 0.939
Epoch 840/20000, Train Loss: 0.2552, Validation Set Manhattan Distance: 64.0, Mask Weight: 0.939
Epoch 841/20000, Train Loss: 0.2563, Validation Set Manhattan Distance: 68.0, Mask Weight: 0.939
Epoch 842/20000, Train Loss: 0.2555, Validation Set Manhattan Distance: 68.0, Mask Weight: 0.939
Epoch 843/20000, Train Loss: 0.2562, Validation Set Manhattan Distance: 68.0, Mask Weight: 0.939
Epoch 844/20000, Train Loss: 0.2560, Validation Set Manhattan Distance: 68.0, Mask Weight: 0.939
Epoch 845/20000, Train Loss: 0.2547, Validation Set Manhattan Distance: 58.0, Mask Weight: 0.939
Epoch 846/20000, Train Loss: 0.2556, Validation Set Manhattan Distance: 64.0, Mask Weight: 0.939
Epoch 847/20000, Train Loss: 0.2552, Validation Set Manhattan Distance: 58.0, Mask Weight: 0.939
Epoch 848/20000, Train Loss: 0.2547, Validation Set Manhattan Distance: 58.0, Mask Weight: 0.939
Epoch 849/20000, Train Loss: 0.2557, Validation Set Manhattan Distance: 46.0, Mask Weight: 0.939
Epoch 850/20000, Train Loss: 0.2595, Validation Set Manhattan Distance: 34.0, Mask Weight: 0.939
Epoch 851/20000, Train Loss: 0.2564, Validation Set Manhattan Distance: 42.0, Mask Weight: 0.939
Epoch 852/20000, Train Loss: 0.2573, Validation Set Manhattan Distance: 46.0, Mask Weight: 0.939
Epoch 853/20000, Train Loss: 0.2560, Validation Set Manhattan Distance: 46.0, Mask Weight: 0.939
Epoch 854/20000, Train Loss: 0.2559, Validation Set Manhattan Distance: 34.0, Mask Weight: 0.939
Epoch 855/20000, Train Loss: 0.2555, Validation Set Manhattan Distance: 34.0, Mask Weight: 0.939
Epoch 856/20000, Train Loss: 0.2551, Validation Set Manhattan Distance: 34.0, Mask Weight: 0.939
Epoch 857/20000, Train Loss: 0.2549, Validation Set Manhattan Distance: 28.0, Mask Weight: 0.939
Epoch 858/20000, Train Loss: 0.2548, Validation Set Manhattan Distance: 24.0, Mask Weight: 0.939
Epoch 859/20000, Train Loss: 0.2550, Validation Set Manhattan Distance: 24.0, Mask Weight: 0.939
Epoch 860/20000, Train Loss: 0.2554, Validation Set Manhattan Distance: 18.0, Mask Weight: 0.939
Epoch 861/20000, Train Loss: 0.2569, Validation Set Manhattan Distance: 24.0, Mask Weight: 0.939
Epoch 862/20000, Train Loss: 0.2566, Validation Set Manhattan Distance: 24.0, Mask Weight: 0.939
Epoch 863/20000, Train Loss: 0.2566, Validation Set Manhattan Distance: 34.0, Mask Weight: 0.939
Epoch 864/20000, Train Loss: 0.2577, Validation Set Manhattan Distance: 34.0, Mask Weight: 0.939
Epoch 865/20000, Train Loss: 0.2575, Validation Set Manhattan Distance: 34.0, Mask Weight: 0.939
Epoch 866/20000, Train Loss: 0.2581, Validation Set Manhattan Distance: 24.0, Mask Weight: 0.939
Epoch 867/20000, Train Loss: 0.2566, Validation Set Manhattan Distance: 18.0, Mask Weight: 0.939
Epoch 868/20000, Train Loss: 0.2554, Validation Set Manhattan Distance: 18.0, Mask Weight: 0.939
Epoch 869/20000, Train Loss: 0.2563, Validation Set Manhattan Distance: 18.0, Mask Weight: 0.939
Epoch 870/20000, Train Loss: 0.2576, Validation Set Manhattan Distance: 18.0, Mask Weight: 0.939
Epoch 871/20000, Train Loss: 0.2556, Validation Set Manhattan Distance: 18.0, Mask Weight: 0.939
Epoch 872/20000, Train Loss: 0.2555, Validation Set Manhattan Distance: 18.0, Mask Weight: 0.939
Epoch 873/20000, Train Loss: 0.2554, Validation Set Manhattan Distance: 18.0, Mask Weight: 0.939
Epoch 874/20000, Train Loss: 0.2552, Validation Set Manhattan Distance: 18.0, Mask Weight: 0.939
Epoch 875/20000, Train Loss: 0.2552, Validation Set Manhattan Distance: 18.0, Mask Weight: 0.939
Epoch 876/20000, Train Loss: 0.2545, Validation Set Manhattan Distance: 18.0, Mask Weight: 0.939
Epoch 877/20000, Train Loss: 0.2545, Validation Set Manhattan Distance: 18.0, Mask Weight: 0.939
Epoch 878/20000, Train Loss: 0.2570, Validation Set Manhattan Distance: 18.0, Mask Weight: 0.939
Epoch 879/20000, Train Loss: 0.2549, Validation Set Manhattan Distance: 18.0, Mask Weight: 0.939
Epoch 880/20000, Train Loss: 0.2566, Validation Set Manhattan Distance: 18.0, Mask Weight: 0.939
Epoch 881/20000, Train Loss: 0.2546, Validation Set Manhattan Distance: 18.0, Mask Weight: 0.939
Epoch 882/20000, Train Loss: 0.2565, Validation Set Manhattan Distance: 24.0, Mask Weight: 0.939
Epoch 883/20000, Train Loss: 0.2563, Validation Set Manhattan Distance: 28.0, Mask Weight: 0.939
Epoch 884/20000, Train Loss: 0.2549, Validation Set Manhattan Distance: 28.0, Mask Weight: 0.939
Epoch 885/20000, Train Loss: 0.2540, Validation Set Manhattan Distance: 28.0, Mask Weight: 0.939
Epoch 886/20000, Train Loss: 0.2548, Validation Set Manhattan Distance: 28.0, Mask Weight: 0.939
Epoch 887/20000, Train Loss: 0.2555, Validation Set Manhattan Distance: 28.0, Mask Weight: 0.939
Epoch 888/20000, Train Loss: 0.2546, Validation Set Manhattan Distance: 34.0, Mask Weight: 0.939
Epoch 889/20000, Train Loss: 0.2549, Validation Set Manhattan Distance: 34.0, Mask Weight: 0.939
Epoch 890/20000, Train Loss: 0.2555, Validation Set Manhattan Distance: 28.0, Mask Weight: 0.939
Epoch 891/20000, Train Loss: 0.2547, Validation Set Manhattan Distance: 24.0, Mask Weight: 0.939
Epoch 892/20000, Train Loss: 0.2550, Validation Set Manhattan Distance: 18.0, Mask Weight: 0.939
Epoch 893/20000, Train Loss: 0.2544, Validation Set Manhattan Distance: 18.0, Mask Weight: 0.939
Epoch 894/20000, Train Loss: 0.2549, Validation Set Manhattan Distance: 24.0, Mask Weight: 0.939
Epoch 895/20000, Train Loss: 0.2545, Validation Set Manhattan Distance: 24.0, Mask Weight: 0.939
Epoch 896/20000, Train Loss: 0.2550, Validation Set Manhattan Distance: 24.0, Mask Weight: 0.939
Epoch 897/20000, Train Loss: 0.2548, Validation Set Manhattan Distance: 24.0, Mask Weight: 0.939
Epoch 898/20000, Train Loss: 0.2550, Validation Set Manhattan Distance: 18.0, Mask Weight: 0.939
Epoch 899/20000, Train Loss: 0.2544, Validation Set Manhattan Distance: 18.0, Mask Weight: 0.939
Epoch 900/20000, Train Loss: 0.2561, Validation Set Manhattan Distance: 18.0, Mask Weight: 0.939
Epoch 901/20000, Train Loss: 0.2558, Validation Set Manhattan Distance: 24.0, Mask Weight: 0.939
Epoch 902/20000, Train Loss: 0.2563, Validation Set Manhattan Distance: 24.0, Mask Weight: 0.939
Epoch 903/20000, Train Loss: 0.2600, Validation Set Manhattan Distance: 18.0, Mask Weight: 0.939
Epoch 904/20000, Train Loss: 0.2584, Validation Set Manhattan Distance: 24.0, Mask Weight: 0.939
Epoch 905/20000, Train Loss: 0.2558, Validation Set Manhattan Distance: 18.0, Mask Weight: 0.939
Epoch 906/20000, Train Loss: 0.2551, Validation Set Manhattan Distance: 18.0, Mask Weight: 0.939
Epoch 907/20000, Train Loss: 0.2555, Validation Set Manhattan Distance: 18.0, Mask Weight: 0.939
Epoch 908/20000, Train Loss: 0.2548, Validation Set Manhattan Distance: 18.0, Mask Weight: 0.939
Epoch 909/20000, Train Loss: 0.2548, Validation Set Manhattan Distance: 24.0, Mask Weight: 0.939
Epoch 910/20000, Train Loss: 0.2568, Validation Set Manhattan Distance: 18.0, Mask Weight: 0.939
Epoch 911/20000, Train Loss: 0.2554, Validation Set Manhattan Distance: 18.0, Mask Weight: 0.939
Epoch 912/20000, Train Loss: 0.2567, Validation Set Manhattan Distance: 18.0, Mask Weight: 0.939
Epoch 913/20000, Train Loss: 0.2546, Validation Set Manhattan Distance: 18.0, Mask Weight: 0.939
Epoch 914/20000, Train Loss: 0.2555, Validation Set Manhattan Distance: 18.0, Mask Weight: 0.939
Epoch 915/20000, Train Loss: 0.2548, Validation Set Manhattan Distance: 18.0, Mask Weight: 0.939
Epoch 916/20000, Train Loss: 0.2557, Validation Set Manhattan Distance: 18.0, Mask Weight: 0.939
Epoch 917/20000, Train Loss: 0.2557, Validation Set Manhattan Distance: 24.0, Mask Weight: 0.939
Epoch 918/20000, Train Loss: 0.5654, Validation Set Manhattan Distance: 18.0, Mask Weight: 0.939
Epoch 919/20000, Train Loss: 0.8106, Validation Set Manhattan Distance: 18.0, Mask Weight: 0.939
Epoch 920/20000, Train Loss: 0.7722, Validation Set Manhattan Distance: 12.0, Mask Weight: 0.939
Epoch 921/20000, Train Loss: 0.6996, Validation Set Manhattan Distance: 12.0, Mask Weight: 0.939
Epoch 922/20000, Train Loss: 0.5980, Validation Set Manhattan Distance: 12.0, Mask Weight: 0.939