Using device: cuda
Starting training with gradient-based adaptive weighted mask...
Epoch 1/20000, Train Loss: 59.1153, Validation Set Manhattan Distance: 12.0, Mask Weight: 1.000
  -> New best Validation Set Manhattan Distance: 12.0. Model saved.
Epoch 2/20000, Train Loss: 44.9877, Validation Set Manhattan Distance: 12.0, Mask Weight: 1.000
Epoch 3/20000, Train Loss: 37.9222, Validation Set Manhattan Distance: 12.0, Mask Weight: 1.000
Epoch 4/20000, Train Loss: 31.7819, Validation Set Manhattan Distance: 12.0, Mask Weight: 1.000
Epoch 5/20000, Train Loss: 26.9144, Validation Set Manhattan Distance: 12.0, Mask Weight: 1.000
Epoch 6/20000, Train Loss: 22.7804, Validation Set Manhattan Distance: 12.0, Mask Weight: 1.000
Epoch 7/20000, Train Loss: 19.2286, Validation Set Manhattan Distance: 12.0, Mask Weight: 1.000
Epoch 8/20000, Train Loss: 16.1851, Validation Set Manhattan Distance: 12.0, Mask Weight: 1.000
Epoch 9/20000, Train Loss: 13.6010, Validation Set Manhattan Distance: 12.0, Mask Weight: 1.000
Epoch 10/20000, Train Loss: 11.4155, Validation Set Manhattan Distance: 12.0, Mask Weight: 1.000
Epoch 11/20000, Train Loss: 9.5737, Validation Set Manhattan Distance: 12.0, Mask Weight: 1.000
Epoch 12/20000, Train Loss: 8.0225, Validation Set Manhattan Distance: 12.0, Mask Weight: 1.000
Epoch 13/20000, Train Loss: 6.7209, Validation Set Manhattan Distance: 12.0, Mask Weight: 1.000
Epoch 14/20000, Train Loss: 5.6282, Validation Set Manhattan Distance: 12.0, Mask Weight: 1.000
Epoch 15/20000, Train Loss: 4.7105, Validation Set Manhattan Distance: 12.0, Mask Weight: 1.000
Epoch 16/20000, Train Loss: 3.9403, Validation Set Manhattan Distance: 12.0, Mask Weight: 1.000
Epoch 17/20000, Train Loss: 3.2926, Validation Set Manhattan Distance: 12.0, Mask Weight: 1.000
Epoch 18/20000, Train Loss: 2.7490, Validation Set Manhattan Distance: 12.0, Mask Weight: 1.000
Epoch 19/20000, Train Loss: 2.2923, Validation Set Manhattan Distance: 12.0, Mask Weight: 1.000
Epoch 20/20000, Train Loss: 1.9076, Validation Set Manhattan Distance: 12.0, Mask Weight: 1.000
Epoch 21/20000, Train Loss: 1.5861, Validation Set Manhattan Distance: 12.0, Mask Weight: 1.000
Epoch 22/20000, Train Loss: 1.3167, Validation Set Manhattan Distance: 12.0, Mask Weight: 1.000
Epoch 23/20000, Train Loss: 1.0911, Validation Set Manhattan Distance: 12.0, Mask Weight: 1.000
Epoch 24/20000, Train Loss: 0.9036, Validation Set Manhattan Distance: 12.0, Mask Weight: 1.000
Epoch 25/20000, Train Loss: 0.7465, Validation Set Manhattan Distance: 12.0, Mask Weight: 1.000
Epoch 26/20000, Train Loss: 0.6165, Validation Set Manhattan Distance: 12.0, Mask Weight: 1.000
Epoch 27/20000, Train Loss: 0.5075, Validation Set Manhattan Distance: 12.0, Mask Weight: 1.000
Epoch 28/20000, Train Loss: 0.4190, Validation Set Manhattan Distance: 12.0, Mask Weight: 1.000
Epoch 29/20000, Train Loss: 0.3442, Validation Set Manhattan Distance: 12.0, Mask Weight: 1.000
Epoch 30/20000, Train Loss: 0.2831, Validation Set Manhattan Distance: 12.0, Mask Weight: 1.000
Epoch 31/20000, Train Loss: 0.2325, Validation Set Manhattan Distance: 12.0, Mask Weight: 1.000
Epoch 32/20000, Train Loss: 0.1922, Validation Set Manhattan Distance: 12.0, Mask Weight: 1.000
Epoch 33/20000, Train Loss: 0.1586, Validation Set Manhattan Distance: 12.0, Mask Weight: 1.000
Epoch 34/20000, Train Loss: 0.1306, Validation Set Manhattan Distance: 12.0, Mask Weight: 1.000
Epoch 35/20000, Train Loss: 0.1077, Validation Set Manhattan Distance: 12.0, Mask Weight: 1.000
  -> Train loss below 0.1. Mask weight reduction is now enabled.
Epoch 36/20000, Train Loss: 0.0899, Validation Set Manhattan Distance: 12.0, Mask Weight: 1.000
  -> Validation Set Manhattan Distance did not improve for 10 epochs.
  -> Unmasked Loss (Gradient Magnitude): 0.2753, Calculated Decrement: 0.0182
  -> Reducing mask weight to 0.982.
  -> Mask weight reduction is now disabled until train loss is below 0.001 again.
Epoch 37/20000, Train Loss: 0.3416, Validation Set Manhattan Distance: 12.0, Mask Weight: 0.982
Epoch 38/20000, Train Loss: 0.2421, Validation Set Manhattan Distance: 12.0, Mask Weight: 0.982
Epoch 39/20000, Train Loss: 0.2287, Validation Set Manhattan Distance: 12.0, Mask Weight: 0.982
Epoch 40/20000, Train Loss: 0.2191, Validation Set Manhattan Distance: 12.0, Mask Weight: 0.982
Epoch 41/20000, Train Loss: 0.2128, Validation Set Manhattan Distance: 12.0, Mask Weight: 0.982
Epoch 42/20000, Train Loss: 0.2063, Validation Set Manhattan Distance: 12.0, Mask Weight: 0.982
Epoch 43/20000, Train Loss: 0.2008, Validation Set Manhattan Distance: 12.0, Mask Weight: 0.982
Epoch 44/20000, Train Loss: 0.1965, Validation Set Manhattan Distance: 12.0, Mask Weight: 0.982
Epoch 45/20000, Train Loss: 0.1912, Validation Set Manhattan Distance: 12.0, Mask Weight: 0.982
Epoch 46/20000, Train Loss: 0.1874, Validation Set Manhattan Distance: 12.0, Mask Weight: 0.982
Epoch 47/20000, Train Loss: 0.1835, Validation Set Manhattan Distance: 12.0, Mask Weight: 0.982
Epoch 48/20000, Train Loss: 0.1823, Validation Set Manhattan Distance: 12.0, Mask Weight: 0.982
Epoch 49/20000, Train Loss: 0.1834, Validation Set Manhattan Distance: 12.0, Mask Weight: 0.982
Epoch 50/20000, Train Loss: 0.1792, Validation Set Manhattan Distance: 12.0, Mask Weight: 0.982
Epoch 51/20000, Train Loss: 0.1780, Validation Set Manhattan Distance: 12.0, Mask Weight: 0.982
Epoch 52/20000, Train Loss: 0.1773, Validation Set Manhattan Distance: 12.0, Mask Weight: 0.982
Epoch 53/20000, Train Loss: 0.1769, Validation Set Manhattan Distance: 12.0, Mask Weight: 0.982
Epoch 54/20000, Train Loss: 0.1763, Validation Set Manhattan Distance: 12.0, Mask Weight: 0.982
Epoch 55/20000, Train Loss: 0.1770, Validation Set Manhattan Distance: 12.0, Mask Weight: 0.982
Epoch 56/20000, Train Loss: 0.1734, Validation Set Manhattan Distance: 12.0, Mask Weight: 0.982
Epoch 57/20000, Train Loss: 0.1728, Validation Set Manhattan Distance: 12.0, Mask Weight: 0.982
Epoch 58/20000, Train Loss: 0.1727, Validation Set Manhattan Distance: 12.0, Mask Weight: 0.982
Epoch 59/20000, Train Loss: 0.1728, Validation Set Manhattan Distance: 12.0, Mask Weight: 0.982
Epoch 60/20000, Train Loss: 0.1720, Validation Set Manhattan Distance: 12.0, Mask Weight: 0.982
Epoch 61/20000, Train Loss: 0.1717, Validation Set Manhattan Distance: 12.0, Mask Weight: 0.982
Epoch 62/20000, Train Loss: 0.1696, Validation Set Manhattan Distance: 12.0, Mask Weight: 0.982
Epoch 63/20000, Train Loss: 0.1677, Validation Set Manhattan Distance: 12.0, Mask Weight: 0.982
Epoch 64/20000, Train Loss: 0.1665, Validation Set Manhattan Distance: 12.0, Mask Weight: 0.982
Epoch 65/20000, Train Loss: 0.1645, Validation Set Manhattan Distance: 12.0, Mask Weight: 0.982
Epoch 66/20000, Train Loss: 0.1612, Validation Set Manhattan Distance: 12.0, Mask Weight: 0.982
Epoch 67/20000, Train Loss: 0.1554, Validation Set Manhattan Distance: 12.0, Mask Weight: 0.982
Epoch 68/20000, Train Loss: 0.1498, Validation Set Manhattan Distance: 12.0, Mask Weight: 0.982
Epoch 69/20000, Train Loss: 0.1439, Validation Set Manhattan Distance: 12.0, Mask Weight: 0.982
Epoch 70/20000, Train Loss: 0.1380, Validation Set Manhattan Distance: 12.0, Mask Weight: 0.982
Epoch 71/20000, Train Loss: 0.1318, Validation Set Manhattan Distance: 12.0, Mask Weight: 0.982
Epoch 72/20000, Train Loss: 0.1305, Validation Set Manhattan Distance: 12.0, Mask Weight: 0.982
Epoch 73/20000, Train Loss: 0.1241, Validation Set Manhattan Distance: 12.0, Mask Weight: 0.982
Epoch 74/20000, Train Loss: 0.1200, Validation Set Manhattan Distance: 12.0, Mask Weight: 0.982
Epoch 75/20000, Train Loss: 0.1182, Validation Set Manhattan Distance: 12.0, Mask Weight: 0.982
Epoch 76/20000, Train Loss: 0.1183, Validation Set Manhattan Distance: 12.0, Mask Weight: 0.982
Epoch 77/20000, Train Loss: 0.1162, Validation Set Manhattan Distance: 12.0, Mask Weight: 0.982
Epoch 78/20000, Train Loss: 0.1131, Validation Set Manhattan Distance: 12.0, Mask Weight: 0.982
Epoch 79/20000, Train Loss: 0.1111, Validation Set Manhattan Distance: 12.0, Mask Weight: 0.982
Epoch 80/20000, Train Loss: 0.1069, Validation Set Manhattan Distance: 12.0, Mask Weight: 0.982
Epoch 81/20000, Train Loss: 0.1073, Validation Set Manhattan Distance: 12.0, Mask Weight: 0.982
Epoch 82/20000, Train Loss: 0.1023, Validation Set Manhattan Distance: 12.0, Mask Weight: 0.982
Epoch 83/20000, Train Loss: 0.1049, Validation Set Manhattan Distance: 12.0, Mask Weight: 0.982
Epoch 84/20000, Train Loss: 0.1094, Validation Set Manhattan Distance: 12.0, Mask Weight: 0.982
  -> Train loss below 0.1. Mask weight reduction is now enabled.
Epoch 85/20000, Train Loss: 0.0996, Validation Set Manhattan Distance: 12.0, Mask Weight: 0.982
  -> Validation Set Manhattan Distance did not improve for 10 epochs.
  -> Unmasked Loss (Gradient Magnitude): 0.0514, Calculated Decrement: 0.0972
  -> Reducing mask weight to 0.885.
  -> Mask weight reduction is now disabled until train loss is below 0.001 again.
Epoch 86/20000, Train Loss: 1.0184, Validation Set Manhattan Distance: 12.0, Mask Weight: 0.885
Epoch 87/20000, Train Loss: 1.1815, Validation Set Manhattan Distance: 12.0, Mask Weight: 0.885
Epoch 88/20000, Train Loss: 1.1013, Validation Set Manhattan Distance: 12.0, Mask Weight: 0.885
Epoch 89/20000, Train Loss: 1.0828, Validation Set Manhattan Distance: 12.0, Mask Weight: 0.885
Epoch 90/20000, Train Loss: 1.0430, Validation Set Manhattan Distance: 12.0, Mask Weight: 0.885
Epoch 91/20000, Train Loss: 1.0042, Validation Set Manhattan Distance: 12.0, Mask Weight: 0.885
Epoch 92/20000, Train Loss: 0.9657, Validation Set Manhattan Distance: 12.0, Mask Weight: 0.885
Epoch 93/20000, Train Loss: 0.9372, Validation Set Manhattan Distance: 12.0, Mask Weight: 0.885
Epoch 94/20000, Train Loss: 0.9122, Validation Set Manhattan Distance: 12.0, Mask Weight: 0.885
Epoch 95/20000, Train Loss: 0.8949, Validation Set Manhattan Distance: 12.0, Mask Weight: 0.885
Epoch 96/20000, Train Loss: 0.8854, Validation Set Manhattan Distance: 12.0, Mask Weight: 0.885
Epoch 97/20000, Train Loss: 0.8759, Validation Set Manhattan Distance: 12.0, Mask Weight: 0.885
Epoch 98/20000, Train Loss: 0.8616, Validation Set Manhattan Distance: 12.0, Mask Weight: 0.885
Epoch 99/20000, Train Loss: 0.8471, Validation Set Manhattan Distance: 12.0, Mask Weight: 0.885
Epoch 100/20000, Train Loss: 0.8197, Validation Set Manhattan Distance: 12.0, Mask Weight: 0.885
Epoch 101/20000, Train Loss: 0.7898, Validation Set Manhattan Distance: 12.0, Mask Weight: 0.885
Epoch 102/20000, Train Loss: 0.7856, Validation Set Manhattan Distance: 12.0, Mask Weight: 0.885
Epoch 103/20000, Train Loss: 0.7633, Validation Set Manhattan Distance: 12.0, Mask Weight: 0.885
Epoch 104/20000, Train Loss: 0.7853, Validation Set Manhattan Distance: 12.0, Mask Weight: 0.885
Epoch 105/20000, Train Loss: 0.7921, Validation Set Manhattan Distance: 12.0, Mask Weight: 0.885
Epoch 106/20000, Train Loss: 0.7630, Validation Set Manhattan Distance: 12.0, Mask Weight: 0.885
Epoch 107/20000, Train Loss: 0.7533, Validation Set Manhattan Distance: 12.0, Mask Weight: 0.885
Epoch 108/20000, Train Loss: 0.7252, Validation Set Manhattan Distance: 12.0, Mask Weight: 0.885
Epoch 109/20000, Train Loss: 0.6978, Validation Set Manhattan Distance: 12.0, Mask Weight: 0.885
Epoch 110/20000, Train Loss: 0.6701, Validation Set Manhattan Distance: 12.0, Mask Weight: 0.885
Epoch 111/20000, Train Loss: 0.6425, Validation Set Manhattan Distance: 12.0, Mask Weight: 0.885
Epoch 112/20000, Train Loss: 0.6218, Validation Set Manhattan Distance: 12.0, Mask Weight: 0.885
Epoch 113/20000, Train Loss: 0.6008, Validation Set Manhattan Distance: 12.0, Mask Weight: 0.885
Epoch 114/20000, Train Loss: 0.6175, Validation Set Manhattan Distance: 12.0, Mask Weight: 0.885
Epoch 115/20000, Train Loss: 0.5828, Validation Set Manhattan Distance: 12.0, Mask Weight: 0.885
Epoch 116/20000, Train Loss: 0.6214, Validation Set Manhattan Distance: 12.0, Mask Weight: 0.885
Epoch 117/20000, Train Loss: 0.6352, Validation Set Manhattan Distance: 12.0, Mask Weight: 0.885
Epoch 118/20000, Train Loss: 0.6967, Validation Set Manhattan Distance: 12.0, Mask Weight: 0.885
Epoch 119/20000, Train Loss: 0.7397, Validation Set Manhattan Distance: 12.0, Mask Weight: 0.885
Epoch 120/20000, Train Loss: 0.6488, Validation Set Manhattan Distance: 12.0, Mask Weight: 0.885
Epoch 121/20000, Train Loss: 0.6000, Validation Set Manhattan Distance: 12.0, Mask Weight: 0.885
Epoch 122/20000, Train Loss: 0.5952, Validation Set Manhattan Distance: 12.0, Mask Weight: 0.885
Epoch 123/20000, Train Loss: 0.5961, Validation Set Manhattan Distance: 12.0, Mask Weight: 0.885
Epoch 124/20000, Train Loss: 0.5846, Validation Set Manhattan Distance: 12.0, Mask Weight: 0.885
Epoch 125/20000, Train Loss: 0.5976, Validation Set Manhattan Distance: 12.0, Mask Weight: 0.885
Epoch 126/20000, Train Loss: 0.5935, Validation Set Manhattan Distance: 12.0, Mask Weight: 0.885
Epoch 127/20000, Train Loss: 0.5900, Validation Set Manhattan Distance: 12.0, Mask Weight: 0.885
Epoch 128/20000, Train Loss: 0.5920, Validation Set Manhattan Distance: 12.0, Mask Weight: 0.885
Epoch 129/20000, Train Loss: 0.6744, Validation Set Manhattan Distance: 12.0, Mask Weight: 0.885
Epoch 130/20000, Train Loss: 0.5902, Validation Set Manhattan Distance: 12.0, Mask Weight: 0.885
Epoch 131/20000, Train Loss: 0.6103, Validation Set Manhattan Distance: 12.0, Mask Weight: 0.885
Epoch 132/20000, Train Loss: 0.6357, Validation Set Manhattan Distance: 12.0, Mask Weight: 0.885
Epoch 133/20000, Train Loss: 0.6168, Validation Set Manhattan Distance: 12.0, Mask Weight: 0.885
Epoch 134/20000, Train Loss: 0.5714, Validation Set Manhattan Distance: 12.0, Mask Weight: 0.885
Epoch 135/20000, Train Loss: 0.5700, Validation Set Manhattan Distance: 12.0, Mask Weight: 0.885
Epoch 136/20000, Train Loss: 0.5760, Validation Set Manhattan Distance: 12.0, Mask Weight: 0.885
Epoch 137/20000, Train Loss: 0.5441, Validation Set Manhattan Distance: 12.0, Mask Weight: 0.885
Epoch 138/20000, Train Loss: 0.5464, Validation Set Manhattan Distance: 12.0, Mask Weight: 0.885
Epoch 139/20000, Train Loss: 0.5378, Validation Set Manhattan Distance: 12.0, Mask Weight: 0.885
Epoch 140/20000, Train Loss: 0.5331, Validation Set Manhattan Distance: 12.0, Mask Weight: 0.885
Epoch 141/20000, Train Loss: 0.5336, Validation Set Manhattan Distance: 12.0, Mask Weight: 0.885
Epoch 142/20000, Train Loss: 0.5868, Validation Set Manhattan Distance: 12.0, Mask Weight: 0.885
Epoch 143/20000, Train Loss: 0.5782, Validation Set Manhattan Distance: 12.0, Mask Weight: 0.885
Epoch 144/20000, Train Loss: 0.6786, Validation Set Manhattan Distance: 12.0, Mask Weight: 0.885
Epoch 145/20000, Train Loss: 0.5749, Validation Set Manhattan Distance: 12.0, Mask Weight: 0.885
Epoch 146/20000, Train Loss: 0.5825, Validation Set Manhattan Distance: 12.0, Mask Weight: 0.885
Epoch 147/20000, Train Loss: 0.5491, Validation Set Manhattan Distance: 12.0, Mask Weight: 0.885
Epoch 148/20000, Train Loss: 0.5466, Validation Set Manhattan Distance: 12.0, Mask Weight: 0.885
Epoch 149/20000, Train Loss: 0.5261, Validation Set Manhattan Distance: 12.0, Mask Weight: 0.885
Epoch 150/20000, Train Loss: 0.5203, Validation Set Manhattan Distance: 12.0, Mask Weight: 0.885
Epoch 151/20000, Train Loss: 0.5233, Validation Set Manhattan Distance: 12.0, Mask Weight: 0.885
Epoch 152/20000, Train Loss: 0.5181, Validation Set Manhattan Distance: 12.0, Mask Weight: 0.885
Epoch 153/20000, Train Loss: 0.5339, Validation Set Manhattan Distance: 12.0, Mask Weight: 0.885
Epoch 154/20000, Train Loss: 0.5314, Validation Set Manhattan Distance: 12.0, Mask Weight: 0.885
Epoch 155/20000, Train Loss: 0.5411, Validation Set Manhattan Distance: 12.0, Mask Weight: 0.885
Epoch 156/20000, Train Loss: 0.5169, Validation Set Manhattan Distance: 12.0, Mask Weight: 0.885
Epoch 157/20000, Train Loss: 0.5131, Validation Set Manhattan Distance: 12.0, Mask Weight: 0.885
Epoch 158/20000, Train Loss: 0.5043, Validation Set Manhattan Distance: 12.0, Mask Weight: 0.885
Epoch 159/20000, Train Loss: 0.5138, Validation Set Manhattan Distance: 12.0, Mask Weight: 0.885
Epoch 160/20000, Train Loss: 0.5057, Validation Set Manhattan Distance: 12.0, Mask Weight: 0.885
Epoch 161/20000, Train Loss: 0.5033, Validation Set Manhattan Distance: 12.0, Mask Weight: 0.885
Epoch 162/20000, Train Loss: 0.4983, Validation Set Manhattan Distance: 12.0, Mask Weight: 0.885
Epoch 163/20000, Train Loss: 0.4998, Validation Set Manhattan Distance: 12.0, Mask Weight: 0.885
Epoch 164/20000, Train Loss: 0.5043, Validation Set Manhattan Distance: 12.0, Mask Weight: 0.885
Epoch 165/20000, Train Loss: 0.5090, Validation Set Manhattan Distance: 12.0, Mask Weight: 0.885
Epoch 166/20000, Train Loss: 0.5123, Validation Set Manhattan Distance: 12.0, Mask Weight: 0.885
Epoch 167/20000, Train Loss: 0.5078, Validation Set Manhattan Distance: 12.0, Mask Weight: 0.885
Epoch 168/20000, Train Loss: 0.5006, Validation Set Manhattan Distance: 12.0, Mask Weight: 0.885
Epoch 169/20000, Train Loss: 0.5133, Validation Set Manhattan Distance: 12.0, Mask Weight: 0.885
Epoch 170/20000, Train Loss: 0.5097, Validation Set Manhattan Distance: 12.0, Mask Weight: 0.885
Epoch 171/20000, Train Loss: 0.5098, Validation Set Manhattan Distance: 12.0, Mask Weight: 0.885
Epoch 172/20000, Train Loss: 0.7245, Validation Set Manhattan Distance: 12.0, Mask Weight: 0.885
Epoch 173/20000, Train Loss: 1.7099, Validation Set Manhattan Distance: 12.0, Mask Weight: 0.885
Epoch 174/20000, Train Loss: 1.3476, Validation Set Manhattan Distance: 12.0, Mask Weight: 0.885
Epoch 175/20000, Train Loss: 1.2014, Validation Set Manhattan Distance: 12.0, Mask Weight: 0.885
Epoch 176/20000, Train Loss: 0.8731, Validation Set Manhattan Distance: 12.0, Mask Weight: 0.885
Epoch 177/20000, Train Loss: 0.8007, Validation Set Manhattan Distance: 12.0, Mask Weight: 0.885
Epoch 178/20000, Train Loss: 0.7991, Validation Set Manhattan Distance: 12.0, Mask Weight: 0.885
Epoch 179/20000, Train Loss: 0.7804, Validation Set Manhattan Distance: 12.0, Mask Weight: 0.885
Epoch 180/20000, Train Loss: 0.7467, Validation Set Manhattan Distance: 12.0, Mask Weight: 0.885
Epoch 181/20000, Train Loss: 0.7075, Validation Set Manhattan Distance: 12.0, Mask Weight: 0.885
Epoch 182/20000, Train Loss: 0.6730, Validation Set Manhattan Distance: 12.0, Mask Weight: 0.885
Epoch 183/20000, Train Loss: 0.6368, Validation Set Manhattan Distance: 12.0, Mask Weight: 0.885
Epoch 184/20000, Train Loss: 0.6048, Validation Set Manhattan Distance: 12.0, Mask Weight: 0.885
Epoch 185/20000, Train Loss: 0.5784, Validation Set Manhattan Distance: 12.0, Mask Weight: 0.885
Epoch 186/20000, Train Loss: 0.5538, Validation Set Manhattan Distance: 12.0, Mask Weight: 0.885
Epoch 187/20000, Train Loss: 0.5406, Validation Set Manhattan Distance: 12.0, Mask Weight: 0.885
Epoch 188/20000, Train Loss: 0.5259, Validation Set Manhattan Distance: 12.0, Mask Weight: 0.885
Epoch 189/20000, Train Loss: 0.5219, Validation Set Manhattan Distance: 12.0, Mask Weight: 0.885
Epoch 190/20000, Train Loss: 0.5200, Validation Set Manhattan Distance: 12.0, Mask Weight: 0.885
Epoch 191/20000, Train Loss: 0.5124, Validation Set Manhattan Distance: 12.0, Mask Weight: 0.885
Epoch 192/20000, Train Loss: 0.5182, Validation Set Manhattan Distance: 12.0, Mask Weight: 0.885
Epoch 193/20000, Train Loss: 0.5182, Validation Set Manhattan Distance: 12.0, Mask Weight: 0.885
Epoch 194/20000, Train Loss: 0.5175, Validation Set Manhattan Distance: 12.0, Mask Weight: 0.885
Epoch 195/20000, Train Loss: 0.5231, Validation Set Manhattan Distance: 12.0, Mask Weight: 0.885
Epoch 196/20000, Train Loss: 0.5914, Validation Set Manhattan Distance: 12.0, Mask Weight: 0.885
Epoch 197/20000, Train Loss: 0.7001, Validation Set Manhattan Distance: 12.0, Mask Weight: 0.885
Epoch 198/20000, Train Loss: 0.5301, Validation Set Manhattan Distance: 12.0, Mask Weight: 0.885
Epoch 199/20000, Train Loss: 0.5262, Validation Set Manhattan Distance: 12.0, Mask Weight: 0.885
Epoch 200/20000, Train Loss: 0.5301, Validation Set Manhattan Distance: 12.0, Mask Weight: 0.885
Epoch 201/20000, Train Loss: 0.5245, Validation Set Manhattan Distance: 12.0, Mask Weight: 0.885
Epoch 202/20000, Train Loss: 0.5130, Validation Set Manhattan Distance: 12.0, Mask Weight: 0.885
Epoch 203/20000, Train Loss: 0.5087, Validation Set Manhattan Distance: 12.0, Mask Weight: 0.885
Epoch 204/20000, Train Loss: 0.5043, Validation Set Manhattan Distance: 12.0, Mask Weight: 0.885
Epoch 205/20000, Train Loss: 0.5108, Validation Set Manhattan Distance: 12.0, Mask Weight: 0.885
Epoch 206/20000, Train Loss: 0.4998, Validation Set Manhattan Distance: 12.0, Mask Weight: 0.885
Epoch 207/20000, Train Loss: 0.5051, Validation Set Manhattan Distance: 12.0, Mask Weight: 0.885
Epoch 208/20000, Train Loss: 0.5002, Validation Set Manhattan Distance: 12.0, Mask Weight: 0.885
Epoch 209/20000, Train Loss: 0.5006, Validation Set Manhattan Distance: 12.0, Mask Weight: 0.885
Epoch 210/20000, Train Loss: 0.4961, Validation Set Manhattan Distance: 12.0, Mask Weight: 0.885
Epoch 211/20000, Train Loss: 0.4979, Validation Set Manhattan Distance: 12.0, Mask Weight: 0.885
Epoch 212/20000, Train Loss: 0.4986, Validation Set Manhattan Distance: 12.0, Mask Weight: 0.885
Epoch 213/20000, Train Loss: 0.4980, Validation Set Manhattan Distance: 12.0, Mask Weight: 0.885
Epoch 214/20000, Train Loss: 0.5043, Validation Set Manhattan Distance: 12.0, Mask Weight: 0.885
Epoch 215/20000, Train Loss: 0.4982, Validation Set Manhattan Distance: 12.0, Mask Weight: 0.885
Epoch 216/20000, Train Loss: 0.4977, Validation Set Manhattan Distance: 12.0, Mask Weight: 0.885
Epoch 217/20000, Train Loss: 0.4954, Validation Set Manhattan Distance: 12.0, Mask Weight: 0.885
Epoch 218/20000, Train Loss: 0.4995, Validation Set Manhattan Distance: 12.0, Mask Weight: 0.885
Epoch 219/20000, Train Loss: 0.4936, Validation Set Manhattan Distance: 12.0, Mask Weight: 0.885
Epoch 220/20000, Train Loss: 0.4952, Validation Set Manhattan Distance: 12.0, Mask Weight: 0.885
Epoch 221/20000, Train Loss: 0.4949, Validation Set Manhattan Distance: 12.0, Mask Weight: 0.885
Epoch 222/20000, Train Loss: 0.4958, Validation Set Manhattan Distance: 12.0, Mask Weight: 0.885
Epoch 223/20000, Train Loss: 0.4956, Validation Set Manhattan Distance: 12.0, Mask Weight: 0.885
Epoch 224/20000, Train Loss: 0.4960, Validation Set Manhattan Distance: 12.0, Mask Weight: 0.885
Epoch 225/20000, Train Loss: 0.4959, Validation Set Manhattan Distance: 12.0, Mask Weight: 0.885
Epoch 226/20000, Train Loss: 0.4990, Validation Set Manhattan Distance: 12.0, Mask Weight: 0.885
Epoch 227/20000, Train Loss: 0.5003, Validation Set Manhattan Distance: 12.0, Mask Weight: 0.885
Epoch 228/20000, Train Loss: 0.5029, Validation Set Manhattan Distance: 12.0, Mask Weight: 0.885
Epoch 229/20000, Train Loss: 0.5009, Validation Set Manhattan Distance: 12.0, Mask Weight: 0.885
Epoch 230/20000, Train Loss: 0.4999, Validation Set Manhattan Distance: 12.0, Mask Weight: 0.885
Epoch 231/20000, Train Loss: 0.4962, Validation Set Manhattan Distance: 12.0, Mask Weight: 0.885
Epoch 232/20000, Train Loss: 0.4977, Validation Set Manhattan Distance: 12.0, Mask Weight: 0.885
Epoch 233/20000, Train Loss: 0.4982, Validation Set Manhattan Distance: 12.0, Mask Weight: 0.885
Epoch 234/20000, Train Loss: 0.4941, Validation Set Manhattan Distance: 12.0, Mask Weight: 0.885
Epoch 235/20000, Train Loss: 0.4931, Validation Set Manhattan Distance: 12.0, Mask Weight: 0.885
Epoch 236/20000, Train Loss: 0.4917, Validation Set Manhattan Distance: 12.0, Mask Weight: 0.885
Epoch 237/20000, Train Loss: 0.4959, Validation Set Manhattan Distance: 12.0, Mask Weight: 0.885
Epoch 238/20000, Train Loss: 0.4953, Validation Set Manhattan Distance: 12.0, Mask Weight: 0.885
Epoch 239/20000, Train Loss: 0.5008, Validation Set Manhattan Distance: 12.0, Mask Weight: 0.885
Epoch 240/20000, Train Loss: 0.4997, Validation Set Manhattan Distance: 12.0, Mask Weight: 0.885
Epoch 241/20000, Train Loss: 0.4977, Validation Set Manhattan Distance: 12.0, Mask Weight: 0.885
Epoch 242/20000, Train Loss: 0.4927, Validation Set Manhattan Distance: 12.0, Mask Weight: 0.885
Epoch 243/20000, Train Loss: 0.5025, Validation Set Manhattan Distance: 12.0, Mask Weight: 0.885
Epoch 244/20000, Train Loss: 0.4946, Validation Set Manhattan Distance: 12.0, Mask Weight: 0.885
Epoch 245/20000, Train Loss: 0.4920, Validation Set Manhattan Distance: 12.0, Mask Weight: 0.885
Epoch 246/20000, Train Loss: 0.4907, Validation Set Manhattan Distance: 12.0, Mask Weight: 0.885
Epoch 247/20000, Train Loss: 0.4932, Validation Set Manhattan Distance: 12.0, Mask Weight: 0.885
Epoch 248/20000, Train Loss: 0.4933, Validation Set Manhattan Distance: 12.0, Mask Weight: 0.885
Epoch 249/20000, Train Loss: 0.4926, Validation Set Manhattan Distance: 12.0, Mask Weight: 0.885
Epoch 250/20000, Train Loss: 0.4943, Validation Set Manhattan Distance: 12.0, Mask Weight: 0.885
Epoch 251/20000, Train Loss: 0.5010, Validation Set Manhattan Distance: 12.0, Mask Weight: 0.885
Epoch 252/20000, Train Loss: 0.5043, Validation Set Manhattan Distance: 12.0, Mask Weight: 0.885
Epoch 253/20000, Train Loss: 0.5009, Validation Set Manhattan Distance: 12.0, Mask Weight: 0.885
Epoch 254/20000, Train Loss: 0.4946, Validation Set Manhattan Distance: 12.0, Mask Weight: 0.885
Epoch 255/20000, Train Loss: 0.4925, Validation Set Manhattan Distance: 12.0, Mask Weight: 0.885
Epoch 256/20000, Train Loss: 0.4939, Validation Set Manhattan Distance: 12.0, Mask Weight: 0.885
Epoch 257/20000, Train Loss: 0.4929, Validation Set Manhattan Distance: 12.0, Mask Weight: 0.885
Epoch 258/20000, Train Loss: 0.4898, Validation Set Manhattan Distance: 12.0, Mask Weight: 0.885
Epoch 259/20000, Train Loss: 0.4961, Validation Set Manhattan Distance: 12.0, Mask Weight: 0.885
Epoch 260/20000, Train Loss: 0.5066, Validation Set Manhattan Distance: 12.0, Mask Weight: 0.885
Epoch 261/20000, Train Loss: 0.4888, Validation Set Manhattan Distance: 12.0, Mask Weight: 0.885
Epoch 262/20000, Train Loss: 0.5021, Validation Set Manhattan Distance: 12.0, Mask Weight: 0.885
Epoch 263/20000, Train Loss: 0.4971, Validation Set Manhattan Distance: 12.0, Mask Weight: 0.885
Epoch 264/20000, Train Loss: 0.5028, Validation Set Manhattan Distance: 12.0, Mask Weight: 0.885
Epoch 265/20000, Train Loss: 0.6168, Validation Set Manhattan Distance: 12.0, Mask Weight: 0.885
Epoch 266/20000, Train Loss: 1.3641, Validation Set Manhattan Distance: 12.0, Mask Weight: 0.885
Epoch 267/20000, Train Loss: 0.5668, Validation Set Manhattan Distance: 12.0, Mask Weight: 0.885
Epoch 268/20000, Train Loss: 0.5485, Validation Set Manhattan Distance: 12.0, Mask Weight: 0.885
Epoch 269/20000, Train Loss: 0.5098, Validation Set Manhattan Distance: 12.0, Mask Weight: 0.885
Epoch 270/20000, Train Loss: 0.5052, Validation Set Manhattan Distance: 12.0, Mask Weight: 0.885
Epoch 271/20000, Train Loss: 0.5004, Validation Set Manhattan Distance: 12.0, Mask Weight: 0.885
Epoch 272/20000, Train Loss: 0.4964, Validation Set Manhattan Distance: 12.0, Mask Weight: 0.885
Epoch 273/20000, Train Loss: 0.4986, Validation Set Manhattan Distance: 12.0, Mask Weight: 0.885
Epoch 274/20000, Train Loss: 0.4964, Validation Set Manhattan Distance: 12.0, Mask Weight: 0.885
Epoch 275/20000, Train Loss: 0.4976, Validation Set Manhattan Distance: 12.0, Mask Weight: 0.885
Epoch 276/20000, Train Loss: 0.4955, Validation Set Manhattan Distance: 12.0, Mask Weight: 0.885
Epoch 277/20000, Train Loss: 0.5000, Validation Set Manhattan Distance: 12.0, Mask Weight: 0.885
Epoch 278/20000, Train Loss: 0.4948, Validation Set Manhattan Distance: 12.0, Mask Weight: 0.885
Epoch 279/20000, Train Loss: 0.4951, Validation Set Manhattan Distance: 12.0, Mask Weight: 0.885
Epoch 280/20000, Train Loss: 0.4963, Validation Set Manhattan Distance: 12.0, Mask Weight: 0.885
Epoch 281/20000, Train Loss: 0.4968, Validation Set Manhattan Distance: 12.0, Mask Weight: 0.885
Epoch 282/20000, Train Loss: 0.4930, Validation Set Manhattan Distance: 12.0, Mask Weight: 0.885
Epoch 283/20000, Train Loss: 0.5052, Validation Set Manhattan Distance: 12.0, Mask Weight: 0.885
Epoch 284/20000, Train Loss: 0.4996, Validation Set Manhattan Distance: 12.0, Mask Weight: 0.885
Epoch 285/20000, Train Loss: 0.4979, Validation Set Manhattan Distance: 12.0, Mask Weight: 0.885
Epoch 286/20000, Train Loss: 0.4965, Validation Set Manhattan Distance: 12.0, Mask Weight: 0.885
Epoch 287/20000, Train Loss: 0.4943, Validation Set Manhattan Distance: 12.0, Mask Weight: 0.885
Epoch 288/20000, Train Loss: 0.4919, Validation Set Manhattan Distance: 12.0, Mask Weight: 0.885
Epoch 289/20000, Train Loss: 0.4927, Validation Set Manhattan Distance: 12.0, Mask Weight: 0.885
Epoch 290/20000, Train Loss: 0.4914, Validation Set Manhattan Distance: 12.0, Mask Weight: 0.885
Epoch 291/20000, Train Loss: 0.4929, Validation Set Manhattan Distance: 12.0, Mask Weight: 0.885
Epoch 292/20000, Train Loss: 0.4895, Validation Set Manhattan Distance: 12.0, Mask Weight: 0.885
Epoch 293/20000, Train Loss: 0.4918, Validation Set Manhattan Distance: 12.0, Mask Weight: 0.885
Epoch 294/20000, Train Loss: 0.4898, Validation Set Manhattan Distance: 12.0, Mask Weight: 0.885
Epoch 295/20000, Train Loss: 0.4947, Validation Set Manhattan Distance: 12.0, Mask Weight: 0.885
Epoch 296/20000, Train Loss: 0.4980, Validation Set Manhattan Distance: 12.0, Mask Weight: 0.885
Epoch 297/20000, Train Loss: 0.4917, Validation Set Manhattan Distance: 12.0, Mask Weight: 0.885
Epoch 298/20000, Train Loss: 0.4913, Validation Set Manhattan Distance: 12.0, Mask Weight: 0.885
Epoch 299/20000, Train Loss: 0.4946, Validation Set Manhattan Distance: 12.0, Mask Weight: 0.885
Epoch 300/20000, Train Loss: 0.4937, Validation Set Manhattan Distance: 12.0, Mask Weight: 0.885
Epoch 301/20000, Train Loss: 0.4892, Validation Set Manhattan Distance: 12.0, Mask Weight: 0.885
Epoch 302/20000, Train Loss: 0.4925, Validation Set Manhattan Distance: 12.0, Mask Weight: 0.885
Epoch 303/20000, Train Loss: 0.4908, Validation Set Manhattan Distance: 12.0, Mask Weight: 0.885
Epoch 304/20000, Train Loss: 0.4915, Validation Set Manhattan Distance: 12.0, Mask Weight: 0.885
Epoch 305/20000, Train Loss: 0.4894, Validation Set Manhattan Distance: 12.0, Mask Weight: 0.885
Epoch 306/20000, Train Loss: 0.4902, Validation Set Manhattan Distance: 12.0, Mask Weight: 0.885
Epoch 307/20000, Train Loss: 0.4897, Validation Set Manhattan Distance: 12.0, Mask Weight: 0.885
Epoch 308/20000, Train Loss: 0.4917, Validation Set Manhattan Distance: 12.0, Mask Weight: 0.885
Epoch 309/20000, Train Loss: 0.4884, Validation Set Manhattan Distance: 12.0, Mask Weight: 0.885
Epoch 310/20000, Train Loss: 0.4887, Validation Set Manhattan Distance: 12.0, Mask Weight: 0.885
Epoch 311/20000, Train Loss: 0.4902, Validation Set Manhattan Distance: 12.0, Mask Weight: 0.885
Epoch 312/20000, Train Loss: 0.4920, Validation Set Manhattan Distance: 12.0, Mask Weight: 0.885
Epoch 313/20000, Train Loss: 0.4907, Validation Set Manhattan Distance: 12.0, Mask Weight: 0.885
Epoch 314/20000, Train Loss: 0.4893, Validation Set Manhattan Distance: 12.0, Mask Weight: 0.885
Epoch 315/20000, Train Loss: 0.4910, Validation Set Manhattan Distance: 12.0, Mask Weight: 0.885
Epoch 316/20000, Train Loss: 0.4901, Validation Set Manhattan Distance: 12.0, Mask Weight: 0.885
Epoch 317/20000, Train Loss: 0.4892, Validation Set Manhattan Distance: 12.0, Mask Weight: 0.885
Epoch 318/20000, Train Loss: 0.4891, Validation Set Manhattan Distance: 12.0, Mask Weight: 0.885
Epoch 319/20000, Train Loss: 0.4875, Validation Set Manhattan Distance: 12.0, Mask Weight: 0.885
Epoch 320/20000, Train Loss: 0.4901, Validation Set Manhattan Distance: 12.0, Mask Weight: 0.885
Epoch 321/20000, Train Loss: 0.4932, Validation Set Manhattan Distance: 12.0, Mask Weight: 0.885
Epoch 322/20000, Train Loss: 0.4904, Validation Set Manhattan Distance: 12.0, Mask Weight: 0.885
Epoch 323/20000, Train Loss: 0.4895, Validation Set Manhattan Distance: 12.0, Mask Weight: 0.885
Epoch 324/20000, Train Loss: 0.4888, Validation Set Manhattan Distance: 12.0, Mask Weight: 0.885
Epoch 325/20000, Train Loss: 0.4901, Validation Set Manhattan Distance: 12.0, Mask Weight: 0.885
Epoch 326/20000, Train Loss: 0.4888, Validation Set Manhattan Distance: 12.0, Mask Weight: 0.885
Epoch 327/20000, Train Loss: 0.4920, Validation Set Manhattan Distance: 12.0, Mask Weight: 0.885
Epoch 328/20000, Train Loss: 0.5027, Validation Set Manhattan Distance: 12.0, Mask Weight: 0.885
Epoch 329/20000, Train Loss: 0.4921, Validation Set Manhattan Distance: 12.0, Mask Weight: 0.885
Epoch 330/20000, Train Loss: 0.4937, Validation Set Manhattan Distance: 12.0, Mask Weight: 0.885
Epoch 331/20000, Train Loss: 0.4894, Validation Set Manhattan Distance: 12.0, Mask Weight: 0.885
Epoch 332/20000, Train Loss: 0.4909, Validation Set Manhattan Distance: 12.0, Mask Weight: 0.885
Epoch 333/20000, Train Loss: 0.4916, Validation Set Manhattan Distance: 12.0, Mask Weight: 0.885
Epoch 334/20000, Train Loss: 0.4874, Validation Set Manhattan Distance: 12.0, Mask Weight: 0.885
Epoch 335/20000, Train Loss: 0.4934, Validation Set Manhattan Distance: 12.0, Mask Weight: 0.885
Epoch 336/20000, Train Loss: 0.4930, Validation Set Manhattan Distance: 12.0, Mask Weight: 0.885
Epoch 337/20000, Train Loss: 0.4871, Validation Set Manhattan Distance: 12.0, Mask Weight: 0.885
Epoch 338/20000, Train Loss: 0.4899, Validation Set Manhattan Distance: 12.0, Mask Weight: 0.885
Epoch 339/20000, Train Loss: 0.4883, Validation Set Manhattan Distance: 12.0, Mask Weight: 0.885
Epoch 340/20000, Train Loss: 0.4877, Validation Set Manhattan Distance: 12.0, Mask Weight: 0.885
Epoch 341/20000, Train Loss: 0.4872, Validation Set Manhattan Distance: 12.0, Mask Weight: 0.885
Epoch 342/20000, Train Loss: 0.4887, Validation Set Manhattan Distance: 12.0, Mask Weight: 0.885
Epoch 343/20000, Train Loss: 0.4870, Validation Set Manhattan Distance: 12.0, Mask Weight: 0.885
Epoch 344/20000, Train Loss: 0.4886, Validation Set Manhattan Distance: 12.0, Mask Weight: 0.885
Epoch 345/20000, Train Loss: 0.4889, Validation Set Manhattan Distance: 12.0, Mask Weight: 0.885
Epoch 346/20000, Train Loss: 0.4847, Validation Set Manhattan Distance: 12.0, Mask Weight: 0.885
Epoch 347/20000, Train Loss: 0.4892, Validation Set Manhattan Distance: 12.0, Mask Weight: 0.885
Epoch 348/20000, Train Loss: 0.4872, Validation Set Manhattan Distance: 12.0, Mask Weight: 0.885
Epoch 349/20000, Train Loss: 0.4875, Validation Set Manhattan Distance: 12.0, Mask Weight: 0.885
Epoch 350/20000, Train Loss: 0.4874, Validation Set Manhattan Distance: 12.0, Mask Weight: 0.885
Epoch 351/20000, Train Loss: 0.4864, Validation Set Manhattan Distance: 12.0, Mask Weight: 0.885
Epoch 352/20000, Train Loss: 0.4906, Validation Set Manhattan Distance: 12.0, Mask Weight: 0.885
Epoch 353/20000, Train Loss: 0.4868, Validation Set Manhattan Distance: 12.0, Mask Weight: 0.885
Epoch 354/20000, Train Loss: 0.4920, Validation Set Manhattan Distance: 12.0, Mask Weight: 0.885
Epoch 355/20000, Train Loss: 0.4923, Validation Set Manhattan Distance: 12.0, Mask Weight: 0.885
Epoch 356/20000, Train Loss: 0.4915, Validation Set Manhattan Distance: 12.0, Mask Weight: 0.885
Epoch 357/20000, Train Loss: 0.4898, Validation Set Manhattan Distance: 12.0, Mask Weight: 0.885
Epoch 358/20000, Train Loss: 0.4877, Validation Set Manhattan Distance: 12.0, Mask Weight: 0.885
Epoch 359/20000, Train Loss: 0.4859, Validation Set Manhattan Distance: 12.0, Mask Weight: 0.885
Epoch 360/20000, Train Loss: 0.4875, Validation Set Manhattan Distance: 12.0, Mask Weight: 0.885
Epoch 361/20000, Train Loss: 0.4871, Validation Set Manhattan Distance: 12.0, Mask Weight: 0.885
Epoch 362/20000, Train Loss: 0.4887, Validation Set Manhattan Distance: 12.0, Mask Weight: 0.885
Epoch 363/20000, Train Loss: 0.4910, Validation Set Manhattan Distance: 12.0, Mask Weight: 0.885
Epoch 364/20000, Train Loss: 0.4919, Validation Set Manhattan Distance: 12.0, Mask Weight: 0.885
Epoch 365/20000, Train Loss: 0.4920, Validation Set Manhattan Distance: 12.0, Mask Weight: 0.885
Epoch 366/20000, Train Loss: 0.4882, Validation Set Manhattan Distance: 12.0, Mask Weight: 0.885
Epoch 367/20000, Train Loss: 0.4884, Validation Set Manhattan Distance: 12.0, Mask Weight: 0.885
Epoch 368/20000, Train Loss: 0.4866, Validation Set Manhattan Distance: 12.0, Mask Weight: 0.885
Epoch 369/20000, Train Loss: 0.4844, Validation Set Manhattan Distance: 12.0, Mask Weight: 0.885
Epoch 370/20000, Train Loss: 0.4871, Validation Set Manhattan Distance: 12.0, Mask Weight: 0.885
Epoch 371/20000, Train Loss: 0.4878, Validation Set Manhattan Distance: 12.0, Mask Weight: 0.885
Epoch 372/20000, Train Loss: 0.4925, Validation Set Manhattan Distance: 12.0, Mask Weight: 0.885
Epoch 373/20000, Train Loss: 0.4893, Validation Set Manhattan Distance: 12.0, Mask Weight: 0.885
Epoch 374/20000, Train Loss: 0.4891, Validation Set Manhattan Distance: 12.0, Mask Weight: 0.885
Epoch 375/20000, Train Loss: 0.4894, Validation Set Manhattan Distance: 12.0, Mask Weight: 0.885
Epoch 376/20000, Train Loss: 0.4870, Validation Set Manhattan Distance: 12.0, Mask Weight: 0.885
Epoch 377/20000, Train Loss: 0.4903, Validation Set Manhattan Distance: 12.0, Mask Weight: 0.885
Epoch 378/20000, Train Loss: 0.4901, Validation Set Manhattan Distance: 12.0, Mask Weight: 0.885
Epoch 379/20000, Train Loss: 0.4874, Validation Set Manhattan Distance: 12.0, Mask Weight: 0.885
Epoch 380/20000, Train Loss: 0.4905, Validation Set Manhattan Distance: 12.0, Mask Weight: 0.885
Epoch 381/20000, Train Loss: 0.4903, Validation Set Manhattan Distance: 12.0, Mask Weight: 0.885
Epoch 382/20000, Train Loss: 0.4873, Validation Set Manhattan Distance: 12.0, Mask Weight: 0.885
Epoch 383/20000, Train Loss: 0.4860, Validation Set Manhattan Distance: 12.0, Mask Weight: 0.885
Epoch 384/20000, Train Loss: 0.4873, Validation Set Manhattan Distance: 12.0, Mask Weight: 0.885
Epoch 385/20000, Train Loss: 0.4879, Validation Set Manhattan Distance: 12.0, Mask Weight: 0.885
Epoch 386/20000, Train Loss: 0.4940, Validation Set Manhattan Distance: 12.0, Mask Weight: 0.885
Epoch 387/20000, Train Loss: 0.4860, Validation Set Manhattan Distance: 12.0, Mask Weight: 0.885
Epoch 388/20000, Train Loss: 0.4905, Validation Set Manhattan Distance: 12.0, Mask Weight: 0.885
Epoch 389/20000, Train Loss: 0.4897, Validation Set Manhattan Distance: 12.0, Mask Weight: 0.885
Epoch 390/20000, Train Loss: 0.4870, Validation Set Manhattan Distance: 12.0, Mask Weight: 0.885
Epoch 391/20000, Train Loss: 0.4867, Validation Set Manhattan Distance: 12.0, Mask Weight: 0.885
Epoch 392/20000, Train Loss: 0.4877, Validation Set Manhattan Distance: 12.0, Mask Weight: 0.885
Epoch 393/20000, Train Loss: 0.4871, Validation Set Manhattan Distance: 12.0, Mask Weight: 0.885
Epoch 394/20000, Train Loss: 0.4896, Validation Set Manhattan Distance: 12.0, Mask Weight: 0.885
Epoch 395/20000, Train Loss: 0.4862, Validation Set Manhattan Distance: 12.0, Mask Weight: 0.885
Epoch 396/20000, Train Loss: 0.4872, Validation Set Manhattan Distance: 12.0, Mask Weight: 0.885
Epoch 397/20000, Train Loss: 0.4870, Validation Set Manhattan Distance: 12.0, Mask Weight: 0.885
Epoch 398/20000, Train Loss: 0.4876, Validation Set Manhattan Distance: 12.0, Mask Weight: 0.885
Epoch 399/20000, Train Loss: 0.4872, Validation Set Manhattan Distance: 12.0, Mask Weight: 0.885
Epoch 400/20000, Train Loss: 0.4876, Validation Set Manhattan Distance: 12.0, Mask Weight: 0.885
Epoch 401/20000, Train Loss: 0.4858, Validation Set Manhattan Distance: 12.0, Mask Weight: 0.885
Epoch 402/20000, Train Loss: 0.4875, Validation Set Manhattan Distance: 12.0, Mask Weight: 0.885
Epoch 403/20000, Train Loss: 0.4857, Validation Set Manhattan Distance: 12.0, Mask Weight: 0.885
Epoch 404/20000, Train Loss: 0.4872, Validation Set Manhattan Distance: 12.0, Mask Weight: 0.885
Epoch 405/20000, Train Loss: 0.4893, Validation Set Manhattan Distance: 12.0, Mask Weight: 0.885
Epoch 406/20000, Train Loss: 0.4847, Validation Set Manhattan Distance: 12.0, Mask Weight: 0.885
Epoch 407/20000, Train Loss: 0.4886, Validation Set Manhattan Distance: 12.0, Mask Weight: 0.885
Epoch 408/20000, Train Loss: 0.4861, Validation Set Manhattan Distance: 12.0, Mask Weight: 0.885
Epoch 409/20000, Train Loss: 0.4883, Validation Set Manhattan Distance: 12.0, Mask Weight: 0.885
Epoch 410/20000, Train Loss: 0.4875, Validation Set Manhattan Distance: 12.0, Mask Weight: 0.885
Epoch 411/20000, Train Loss: 0.4865, Validation Set Manhattan Distance: 12.0, Mask Weight: 0.885
Epoch 412/20000, Train Loss: 0.4893, Validation Set Manhattan Distance: 12.0, Mask Weight: 0.885
Epoch 413/20000, Train Loss: 0.4876, Validation Set Manhattan Distance: 12.0, Mask Weight: 0.885
Epoch 414/20000, Train Loss: 0.4867, Validation Set Manhattan Distance: 12.0, Mask Weight: 0.885
Epoch 415/20000, Train Loss: 0.4898, Validation Set Manhattan Distance: 12.0, Mask Weight: 0.885
Epoch 416/20000, Train Loss: 0.4892, Validation Set Manhattan Distance: 12.0, Mask Weight: 0.885
Epoch 417/20000, Train Loss: 0.4913, Validation Set Manhattan Distance: 12.0, Mask Weight: 0.885
Epoch 418/20000, Train Loss: 0.4898, Validation Set Manhattan Distance: 12.0, Mask Weight: 0.885
Epoch 419/20000, Train Loss: 0.4860, Validation Set Manhattan Distance: 12.0, Mask Weight: 0.885
Epoch 420/20000, Train Loss: 0.4902, Validation Set Manhattan Distance: 12.0, Mask Weight: 0.885
Epoch 421/20000, Train Loss: 0.4873, Validation Set Manhattan Distance: 12.0, Mask Weight: 0.885
Epoch 422/20000, Train Loss: 0.4898, Validation Set Manhattan Distance: 12.0, Mask Weight: 0.885
Epoch 423/20000, Train Loss: 0.4916, Validation Set Manhattan Distance: 12.0, Mask Weight: 0.885
Epoch 424/20000, Train Loss: 0.4885, Validation Set Manhattan Distance: 12.0, Mask Weight: 0.885
Epoch 425/20000, Train Loss: 0.4869, Validation Set Manhattan Distance: 12.0, Mask Weight: 0.885
Epoch 426/20000, Train Loss: 0.4896, Validation Set Manhattan Distance: 12.0, Mask Weight: 0.885
Epoch 427/20000, Train Loss: 0.4906, Validation Set Manhattan Distance: 12.0, Mask Weight: 0.885
Epoch 428/20000, Train Loss: 0.4901, Validation Set Manhattan Distance: 12.0, Mask Weight: 0.885
Epoch 429/20000, Train Loss: 0.4864, Validation Set Manhattan Distance: 12.0, Mask Weight: 0.885
Epoch 430/20000, Train Loss: 0.4866, Validation Set Manhattan Distance: 12.0, Mask Weight: 0.885
Epoch 431/20000, Train Loss: 0.4867, Validation Set Manhattan Distance: 12.0, Mask Weight: 0.885
Epoch 432/20000, Train Loss: 0.4856, Validation Set Manhattan Distance: 12.0, Mask Weight: 0.885
Epoch 433/20000, Train Loss: 0.4867, Validation Set Manhattan Distance: 12.0, Mask Weight: 0.885
Epoch 434/20000, Train Loss: 0.4855, Validation Set Manhattan Distance: 12.0, Mask Weight: 0.885
Epoch 435/20000, Train Loss: 0.4849, Validation Set Manhattan Distance: 12.0, Mask Weight: 0.885
Epoch 436/20000, Train Loss: 0.4873, Validation Set Manhattan Distance: 12.0, Mask Weight: 0.885
Epoch 437/20000, Train Loss: 0.4884, Validation Set Manhattan Distance: 12.0, Mask Weight: 0.885
Epoch 438/20000, Train Loss: 0.4860, Validation Set Manhattan Distance: 12.0, Mask Weight: 0.885
Epoch 439/20000, Train Loss: 0.4845, Validation Set Manhattan Distance: 12.0, Mask Weight: 0.885
Epoch 440/20000, Train Loss: 0.4837, Validation Set Manhattan Distance: 12.0, Mask Weight: 0.885
Epoch 441/20000, Train Loss: 0.4850, Validation Set Manhattan Distance: 12.0, Mask Weight: 0.885
Epoch 442/20000, Train Loss: 0.4841, Validation Set Manhattan Distance: 12.0, Mask Weight: 0.885
Epoch 443/20000, Train Loss: 0.4853, Validation Set Manhattan Distance: 12.0, Mask Weight: 0.885
Epoch 444/20000, Train Loss: 0.4865, Validation Set Manhattan Distance: 12.0, Mask Weight: 0.885
Epoch 445/20000, Train Loss: 0.4888, Validation Set Manhattan Distance: 12.0, Mask Weight: 0.885
Epoch 446/20000, Train Loss: 0.4848, Validation Set Manhattan Distance: 12.0, Mask Weight: 0.885
Epoch 447/20000, Train Loss: 0.4900, Validation Set Manhattan Distance: 12.0, Mask Weight: 0.885
Epoch 448/20000, Train Loss: 0.4841, Validation Set Manhattan Distance: 12.0, Mask Weight: 0.885
Epoch 449/20000, Train Loss: 0.4869, Validation Set Manhattan Distance: 12.0, Mask Weight: 0.885
Epoch 450/20000, Train Loss: 0.4844, Validation Set Manhattan Distance: 12.0, Mask Weight: 0.885
Epoch 451/20000, Train Loss: 0.4853, Validation Set Manhattan Distance: 12.0, Mask Weight: 0.885
Epoch 452/20000, Train Loss: 0.4870, Validation Set Manhattan Distance: 12.0, Mask Weight: 0.885
Epoch 453/20000, Train Loss: 0.4854, Validation Set Manhattan Distance: 12.0, Mask Weight: 0.885
Epoch 454/20000, Train Loss: 0.4846, Validation Set Manhattan Distance: 12.0, Mask Weight: 0.885
Epoch 455/20000, Train Loss: 0.4852, Validation Set Manhattan Distance: 12.0, Mask Weight: 0.885
Epoch 456/20000, Train Loss: 0.4831, Validation Set Manhattan Distance: 12.0, Mask Weight: 0.885
Epoch 457/20000, Train Loss: 0.4846, Validation Set Manhattan Distance: 12.0, Mask Weight: 0.885
Epoch 458/20000, Train Loss: 0.4841, Validation Set Manhattan Distance: 12.0, Mask Weight: 0.885
Epoch 459/20000, Train Loss: 0.4887, Validation Set Manhattan Distance: 12.0, Mask Weight: 0.885
Epoch 460/20000, Train Loss: 0.4842, Validation Set Manhattan Distance: 12.0, Mask Weight: 0.885
Epoch 461/20000, Train Loss: 0.4846, Validation Set Manhattan Distance: 12.0, Mask Weight: 0.885
Epoch 462/20000, Train Loss: 0.4839, Validation Set Manhattan Distance: 12.0, Mask Weight: 0.885
Epoch 463/20000, Train Loss: 0.4852, Validation Set Manhattan Distance: 12.0, Mask Weight: 0.885
Epoch 464/20000, Train Loss: 0.4874, Validation Set Manhattan Distance: 12.0, Mask Weight: 0.885
Epoch 465/20000, Train Loss: 0.4928, Validation Set Manhattan Distance: 12.0, Mask Weight: 0.885
Epoch 466/20000, Train Loss: 0.4914, Validation Set Manhattan Distance: 12.0, Mask Weight: 0.885
Epoch 467/20000, Train Loss: 0.4884, Validation Set Manhattan Distance: 12.0, Mask Weight: 0.885
Epoch 468/20000, Train Loss: 0.4898, Validation Set Manhattan Distance: 12.0, Mask Weight: 0.885
Epoch 469/20000, Train Loss: 0.4854, Validation Set Manhattan Distance: 12.0, Mask Weight: 0.885
Epoch 470/20000, Train Loss: 0.4865, Validation Set Manhattan Distance: 12.0, Mask Weight: 0.885
Epoch 471/20000, Train Loss: 0.4853, Validation Set Manhattan Distance: 12.0, Mask Weight: 0.885
Epoch 472/20000, Train Loss: 0.4852, Validation Set Manhattan Distance: 12.0, Mask Weight: 0.885
Epoch 473/20000, Train Loss: 0.4847, Validation Set Manhattan Distance: 12.0, Mask Weight: 0.885
Epoch 474/20000, Train Loss: 0.4857, Validation Set Manhattan Distance: 12.0, Mask Weight: 0.885
Epoch 475/20000, Train Loss: 0.4841, Validation Set Manhattan Distance: 12.0, Mask Weight: 0.885
Epoch 476/20000, Train Loss: 0.4849, Validation Set Manhattan Distance: 12.0, Mask Weight: 0.885
Epoch 477/20000, Train Loss: 0.4844, Validation Set Manhattan Distance: 12.0, Mask Weight: 0.885
Epoch 478/20000, Train Loss: 0.4887, Validation Set Manhattan Distance: 12.0, Mask Weight: 0.885
Epoch 479/20000, Train Loss: 0.4864, Validation Set Manhattan Distance: 12.0, Mask Weight: 0.885
Epoch 480/20000, Train Loss: 0.4885, Validation Set Manhattan Distance: 12.0, Mask Weight: 0.885
Epoch 481/20000, Train Loss: 0.4852, Validation Set Manhattan Distance: 12.0, Mask Weight: 0.885
Epoch 482/20000, Train Loss: 0.4850, Validation Set Manhattan Distance: 12.0, Mask Weight: 0.885
Epoch 483/20000, Train Loss: 0.4885, Validation Set Manhattan Distance: 12.0, Mask Weight: 0.885
Epoch 484/20000, Train Loss: 0.4886, Validation Set Manhattan Distance: 12.0, Mask Weight: 0.885
Epoch 485/20000, Train Loss: 0.4873, Validation Set Manhattan Distance: 12.0, Mask Weight: 0.885
Epoch 486/20000, Train Loss: 0.4863, Validation Set Manhattan Distance: 12.0, Mask Weight: 0.885
Epoch 487/20000, Train Loss: 0.4817, Validation Set Manhattan Distance: 12.0, Mask Weight: 0.885
Epoch 488/20000, Train Loss: 0.4816, Validation Set Manhattan Distance: 12.0, Mask Weight: 0.885
Epoch 489/20000, Train Loss: 0.4897, Validation Set Manhattan Distance: 12.0, Mask Weight: 0.885
Epoch 490/20000, Train Loss: 0.4953, Validation Set Manhattan Distance: 12.0, Mask Weight: 0.885
Epoch 491/20000, Train Loss: 0.4933, Validation Set Manhattan Distance: 12.0, Mask Weight: 0.885
Epoch 492/20000, Train Loss: 0.4914, Validation Set Manhattan Distance: 12.0, Mask Weight: 0.885
Epoch 493/20000, Train Loss: 0.4847, Validation Set Manhattan Distance: 12.0, Mask Weight: 0.885
Epoch 494/20000, Train Loss: 0.4855, Validation Set Manhattan Distance: 12.0, Mask Weight: 0.885
Epoch 495/20000, Train Loss: 0.4848, Validation Set Manhattan Distance: 12.0, Mask Weight: 0.885
Epoch 496/20000, Train Loss: 0.4867, Validation Set Manhattan Distance: 12.0, Mask Weight: 0.885
Epoch 497/20000, Train Loss: 0.4850, Validation Set Manhattan Distance: 12.0, Mask Weight: 0.885
Epoch 498/20000, Train Loss: 0.4848, Validation Set Manhattan Distance: 12.0, Mask Weight: 0.885
Epoch 499/20000, Train Loss: 0.4836, Validation Set Manhattan Distance: 12.0, Mask Weight: 0.885
Epoch 500/20000, Train Loss: 0.4872, Validation Set Manhattan Distance: 12.0, Mask Weight: 0.885
Epoch 501/20000, Train Loss: 0.4860, Validation Set Manhattan Distance: 12.0, Mask Weight: 0.885
Epoch 502/20000, Train Loss: 0.4836, Validation Set Manhattan Distance: 12.0, Mask Weight: 0.885
Epoch 503/20000, Train Loss: 0.4840, Validation Set Manhattan Distance: 12.0, Mask Weight: 0.885
Epoch 504/20000, Train Loss: 0.4852, Validation Set Manhattan Distance: 12.0, Mask Weight: 0.885
Epoch 505/20000, Train Loss: 0.4823, Validation Set Manhattan Distance: 12.0, Mask Weight: 0.885
Epoch 506/20000, Train Loss: 0.4836, Validation Set Manhattan Distance: 12.0, Mask Weight: 0.885
Epoch 507/20000, Train Loss: 0.4849, Validation Set Manhattan Distance: 12.0, Mask Weight: 0.885
Epoch 508/20000, Train Loss: 0.4837, Validation Set Manhattan Distance: 12.0, Mask Weight: 0.885
Epoch 509/20000, Train Loss: 0.4832, Validation Set Manhattan Distance: 12.0, Mask Weight: 0.885
Epoch 510/20000, Train Loss: 0.4845, Validation Set Manhattan Distance: 12.0, Mask Weight: 0.885
Epoch 511/20000, Train Loss: 0.4877, Validation Set Manhattan Distance: 12.0, Mask Weight: 0.885
Epoch 512/20000, Train Loss: 0.4862, Validation Set Manhattan Distance: 12.0, Mask Weight: 0.885
Epoch 513/20000, Train Loss: 0.4888, Validation Set Manhattan Distance: 12.0, Mask Weight: 0.885
Epoch 514/20000, Train Loss: 0.4851, Validation Set Manhattan Distance: 12.0, Mask Weight: 0.885
Epoch 515/20000, Train Loss: 0.4838, Validation Set Manhattan Distance: 12.0, Mask Weight: 0.885
Epoch 516/20000, Train Loss: 0.4858, Validation Set Manhattan Distance: 12.0, Mask Weight: 0.885
Epoch 517/20000, Train Loss: 0.4861, Validation Set Manhattan Distance: 12.0, Mask Weight: 0.885
Epoch 518/20000, Train Loss: 0.4844, Validation Set Manhattan Distance: 12.0, Mask Weight: 0.885
Epoch 519/20000, Train Loss: 0.4874, Validation Set Manhattan Distance: 12.0, Mask Weight: 0.885
Epoch 520/20000, Train Loss: 0.4830, Validation Set Manhattan Distance: 12.0, Mask Weight: 0.885
Epoch 521/20000, Train Loss: 0.4853, Validation Set Manhattan Distance: 12.0, Mask Weight: 0.885
Epoch 522/20000, Train Loss: 0.4870, Validation Set Manhattan Distance: 12.0, Mask Weight: 0.885
Epoch 523/20000, Train Loss: 0.4839, Validation Set Manhattan Distance: 12.0, Mask Weight: 0.885
Epoch 524/20000, Train Loss: 0.4811, Validation Set Manhattan Distance: 12.0, Mask Weight: 0.885
Epoch 525/20000, Train Loss: 0.4838, Validation Set Manhattan Distance: 12.0, Mask Weight: 0.885
Epoch 526/20000, Train Loss: 0.4838, Validation Set Manhattan Distance: 12.0, Mask Weight: 0.885
Epoch 527/20000, Train Loss: 0.4831, Validation Set Manhattan Distance: 12.0, Mask Weight: 0.885
Epoch 528/20000, Train Loss: 0.4822, Validation Set Manhattan Distance: 12.0, Mask Weight: 0.885
Epoch 529/20000, Train Loss: 0.4850, Validation Set Manhattan Distance: 12.0, Mask Weight: 0.885
Epoch 530/20000, Train Loss: 0.4845, Validation Set Manhattan Distance: 12.0, Mask Weight: 0.885
Epoch 531/20000, Train Loss: 0.4853, Validation Set Manhattan Distance: 12.0, Mask Weight: 0.885
Epoch 532/20000, Train Loss: 0.4856, Validation Set Manhattan Distance: 12.0, Mask Weight: 0.885
Epoch 533/20000, Train Loss: 0.4846, Validation Set Manhattan Distance: 12.0, Mask Weight: 0.885
Epoch 534/20000, Train Loss: 0.4833, Validation Set Manhattan Distance: 12.0, Mask Weight: 0.885
Epoch 535/20000, Train Loss: 0.4828, Validation Set Manhattan Distance: 12.0, Mask Weight: 0.885
Epoch 536/20000, Train Loss: 0.4919, Validation Set Manhattan Distance: 12.0, Mask Weight: 0.885
Epoch 537/20000, Train Loss: 0.4951, Validation Set Manhattan Distance: 12.0, Mask Weight: 0.885
Epoch 538/20000, Train Loss: 0.4913, Validation Set Manhattan Distance: 12.0, Mask Weight: 0.885
Epoch 539/20000, Train Loss: 0.4864, Validation Set Manhattan Distance: 12.0, Mask Weight: 0.885
Epoch 540/20000, Train Loss: 0.4832, Validation Set Manhattan Distance: 12.0, Mask Weight: 0.885
Epoch 541/20000, Train Loss: 0.4915, Validation Set Manhattan Distance: 12.0, Mask Weight: 0.885
Epoch 542/20000, Train Loss: 0.4850, Validation Set Manhattan Distance: 12.0, Mask Weight: 0.885
Epoch 543/20000, Train Loss: 0.4858, Validation Set Manhattan Distance: 12.0, Mask Weight: 0.885
Epoch 544/20000, Train Loss: 0.4884, Validation Set Manhattan Distance: 12.0, Mask Weight: 0.885
Epoch 545/20000, Train Loss: 0.4854, Validation Set Manhattan Distance: 12.0, Mask Weight: 0.885
Epoch 546/20000, Train Loss: 0.4875, Validation Set Manhattan Distance: 12.0, Mask Weight: 0.885
Epoch 547/20000, Train Loss: 0.4879, Validation Set Manhattan Distance: 12.0, Mask Weight: 0.885
Epoch 548/20000, Train Loss: 0.4839, Validation Set Manhattan Distance: 12.0, Mask Weight: 0.885
Epoch 549/20000, Train Loss: 0.4864, Validation Set Manhattan Distance: 12.0, Mask Weight: 0.885
Epoch 550/20000, Train Loss: 0.4832, Validation Set Manhattan Distance: 12.0, Mask Weight: 0.885
Epoch 551/20000, Train Loss: 0.4851, Validation Set Manhattan Distance: 12.0, Mask Weight: 0.885
Epoch 552/20000, Train Loss: 0.4872, Validation Set Manhattan Distance: 12.0, Mask Weight: 0.885
Epoch 553/20000, Train Loss: 0.4855, Validation Set Manhattan Distance: 12.0, Mask Weight: 0.885
Epoch 554/20000, Train Loss: 0.4843, Validation Set Manhattan Distance: 12.0, Mask Weight: 0.885
Epoch 555/20000, Train Loss: 0.4875, Validation Set Manhattan Distance: 12.0, Mask Weight: 0.885
Epoch 556/20000, Train Loss: 0.4853, Validation Set Manhattan Distance: 12.0, Mask Weight: 0.885
Epoch 557/20000, Train Loss: 0.4820, Validation Set Manhattan Distance: 12.0, Mask Weight: 0.885
Epoch 558/20000, Train Loss: 0.4806, Validation Set Manhattan Distance: 12.0, Mask Weight: 0.885
Epoch 559/20000, Train Loss: 0.4821, Validation Set Manhattan Distance: 12.0, Mask Weight: 0.885
Epoch 560/20000, Train Loss: 0.4835, Validation Set Manhattan Distance: 12.0, Mask Weight: 0.885
Epoch 561/20000, Train Loss: 0.4853, Validation Set Manhattan Distance: 12.0, Mask Weight: 0.885
Epoch 562/20000, Train Loss: 0.4827, Validation Set Manhattan Distance: 12.0, Mask Weight: 0.885
Epoch 563/20000, Train Loss: 0.4833, Validation Set Manhattan Distance: 12.0, Mask Weight: 0.885
Epoch 564/20000, Train Loss: 0.4823, Validation Set Manhattan Distance: 12.0, Mask Weight: 0.885
Epoch 565/20000, Train Loss: 0.4833, Validation Set Manhattan Distance: 12.0, Mask Weight: 0.885
Epoch 566/20000, Train Loss: 0.4804, Validation Set Manhattan Distance: 12.0, Mask Weight: 0.885
Epoch 567/20000, Train Loss: 0.4979, Validation Set Manhattan Distance: 12.0, Mask Weight: 0.885
Epoch 568/20000, Train Loss: 0.4924, Validation Set Manhattan Distance: 12.0, Mask Weight: 0.885
Epoch 569/20000, Train Loss: 0.4941, Validation Set Manhattan Distance: 12.0, Mask Weight: 0.885
Epoch 570/20000, Train Loss: 0.4891, Validation Set Manhattan Distance: 12.0, Mask Weight: 0.885
Epoch 571/20000, Train Loss: 0.4888, Validation Set Manhattan Distance: 12.0, Mask Weight: 0.885
Epoch 572/20000, Train Loss: 0.4846, Validation Set Manhattan Distance: 12.0, Mask Weight: 0.885
Epoch 573/20000, Train Loss: 0.4828, Validation Set Manhattan Distance: 12.0, Mask Weight: 0.885
Epoch 574/20000, Train Loss: 0.4898, Validation Set Manhattan Distance: 12.0, Mask Weight: 0.885
Epoch 575/20000, Train Loss: 0.4855, Validation Set Manhattan Distance: 12.0, Mask Weight: 0.885
Epoch 576/20000, Train Loss: 0.4849, Validation Set Manhattan Distance: 12.0, Mask Weight: 0.885
Epoch 577/20000, Train Loss: 0.4860, Validation Set Manhattan Distance: 12.0, Mask Weight: 0.885
Epoch 578/20000, Train Loss: 0.4838, Validation Set Manhattan Distance: 12.0, Mask Weight: 0.885
Epoch 579/20000, Train Loss: 0.4848, Validation Set Manhattan Distance: 12.0, Mask Weight: 0.885
Epoch 580/20000, Train Loss: 0.4832, Validation Set Manhattan Distance: 12.0, Mask Weight: 0.885
Epoch 581/20000, Train Loss: 0.4845, Validation Set Manhattan Distance: 12.0, Mask Weight: 0.885
Epoch 582/20000, Train Loss: 0.4818, Validation Set Manhattan Distance: 12.0, Mask Weight: 0.885
Epoch 583/20000, Train Loss: 0.4835, Validation Set Manhattan Distance: 12.0, Mask Weight: 0.885
Epoch 584/20000, Train Loss: 0.4864, Validation Set Manhattan Distance: 12.0, Mask Weight: 0.885
Epoch 585/20000, Train Loss: 0.4839, Validation Set Manhattan Distance: 12.0, Mask Weight: 0.885
Epoch 586/20000, Train Loss: 0.4831, Validation Set Manhattan Distance: 12.0, Mask Weight: 0.885
Epoch 587/20000, Train Loss: 0.4850, Validation Set Manhattan Distance: 12.0, Mask Weight: 0.885
Epoch 588/20000, Train Loss: 0.4823, Validation Set Manhattan Distance: 12.0, Mask Weight: 0.885
Epoch 589/20000, Train Loss: 0.4828, Validation Set Manhattan Distance: 12.0, Mask Weight: 0.885
Epoch 590/20000, Train Loss: 0.4816, Validation Set Manhattan Distance: 12.0, Mask Weight: 0.885
Epoch 591/20000, Train Loss: 0.4820, Validation Set Manhattan Distance: 12.0, Mask Weight: 0.885
Epoch 592/20000, Train Loss: 0.4824, Validation Set Manhattan Distance: 12.0, Mask Weight: 0.885
Epoch 593/20000, Train Loss: 0.4840, Validation Set Manhattan Distance: 12.0, Mask Weight: 0.885
Epoch 594/20000, Train Loss: 0.4924, Validation Set Manhattan Distance: 12.0, Mask Weight: 0.885
Epoch 595/20000, Train Loss: 0.4909, Validation Set Manhattan Distance: 12.0, Mask Weight: 0.885
Epoch 596/20000, Train Loss: 0.4917, Validation Set Manhattan Distance: 12.0, Mask Weight: 0.885
Epoch 597/20000, Train Loss: 0.4843, Validation Set Manhattan Distance: 12.0, Mask Weight: 0.885
Epoch 598/20000, Train Loss: 0.4825, Validation Set Manhattan Distance: 12.0, Mask Weight: 0.885
Epoch 599/20000, Train Loss: 0.4842, Validation Set Manhattan Distance: 12.0, Mask Weight: 0.885
Epoch 600/20000, Train Loss: 0.4830, Validation Set Manhattan Distance: 12.0, Mask Weight: 0.885
Epoch 601/20000, Train Loss: 0.4893, Validation Set Manhattan Distance: 12.0, Mask Weight: 0.885
Epoch 602/20000, Train Loss: 0.4842, Validation Set Manhattan Distance: 12.0, Mask Weight: 0.885
Epoch 603/20000, Train Loss: 0.4827, Validation Set Manhattan Distance: 12.0, Mask Weight: 0.885
Epoch 604/20000, Train Loss: 0.4867, Validation Set Manhattan Distance: 12.0, Mask Weight: 0.885
Epoch 605/20000, Train Loss: 0.4834, Validation Set Manhattan Distance: 12.0, Mask Weight: 0.885
Epoch 606/20000, Train Loss: 0.4828, Validation Set Manhattan Distance: 12.0, Mask Weight: 0.885
Epoch 607/20000, Train Loss: 0.4838, Validation Set Manhattan Distance: 12.0, Mask Weight: 0.885
Epoch 608/20000, Train Loss: 0.4882, Validation Set Manhattan Distance: 12.0, Mask Weight: 0.885
Epoch 609/20000, Train Loss: 0.4848, Validation Set Manhattan Distance: 12.0, Mask Weight: 0.885
Epoch 610/20000, Train Loss: 0.4840, Validation Set Manhattan Distance: 12.0, Mask Weight: 0.885
Epoch 611/20000, Train Loss: 0.4829, Validation Set Manhattan Distance: 12.0, Mask Weight: 0.885
Epoch 612/20000, Train Loss: 0.4823, Validation Set Manhattan Distance: 12.0, Mask Weight: 0.885
Epoch 613/20000, Train Loss: 0.4829, Validation Set Manhattan Distance: 12.0, Mask Weight: 0.885
Epoch 614/20000, Train Loss: 0.4823, Validation Set Manhattan Distance: 12.0, Mask Weight: 0.885
Epoch 615/20000, Train Loss: 0.4840, Validation Set Manhattan Distance: 12.0, Mask Weight: 0.885
Epoch 616/20000, Train Loss: 0.4824, Validation Set Manhattan Distance: 12.0, Mask Weight: 0.885
Epoch 617/20000, Train Loss: 0.4831, Validation Set Manhattan Distance: 12.0, Mask Weight: 0.885
Epoch 618/20000, Train Loss: 0.4810, Validation Set Manhattan Distance: 12.0, Mask Weight: 0.885
Epoch 619/20000, Train Loss: 0.4822, Validation Set Manhattan Distance: 12.0, Mask Weight: 0.885
Epoch 620/20000, Train Loss: 0.4829, Validation Set Manhattan Distance: 12.0, Mask Weight: 0.885
Epoch 621/20000, Train Loss: 0.4834, Validation Set Manhattan Distance: 12.0, Mask Weight: 0.885
Epoch 622/20000, Train Loss: 0.4824, Validation Set Manhattan Distance: 12.0, Mask Weight: 0.885
Epoch 623/20000, Train Loss: 0.4829, Validation Set Manhattan Distance: 12.0, Mask Weight: 0.885
Epoch 624/20000, Train Loss: 0.4836, Validation Set Manhattan Distance: 12.0, Mask Weight: 0.885
Epoch 625/20000, Train Loss: 0.4832, Validation Set Manhattan Distance: 12.0, Mask Weight: 0.885
Epoch 626/20000, Train Loss: 0.4838, Validation Set Manhattan Distance: 12.0, Mask Weight: 0.885
Epoch 627/20000, Train Loss: 0.4810, Validation Set Manhattan Distance: 12.0, Mask Weight: 0.885
Epoch 628/20000, Train Loss: 0.4820, Validation Set Manhattan Distance: 12.0, Mask Weight: 0.885
Epoch 629/20000, Train Loss: 0.4830, Validation Set Manhattan Distance: 12.0, Mask Weight: 0.885
Epoch 630/20000, Train Loss: 0.4837, Validation Set Manhattan Distance: 12.0, Mask Weight: 0.885
Epoch 631/20000, Train Loss: 0.4814, Validation Set Manhattan Distance: 12.0, Mask Weight: 0.885
Epoch 632/20000, Train Loss: 0.4851, Validation Set Manhattan Distance: 12.0, Mask Weight: 0.885
Epoch 633/20000, Train Loss: 0.4821, Validation Set Manhattan Distance: 12.0, Mask Weight: 0.885
Epoch 634/20000, Train Loss: 0.4842, Validation Set Manhattan Distance: 12.0, Mask Weight: 0.885
Epoch 635/20000, Train Loss: 0.4823, Validation Set Manhattan Distance: 12.0, Mask Weight: 0.885
Epoch 636/20000, Train Loss: 0.4815, Validation Set Manhattan Distance: 12.0, Mask Weight: 0.885
Epoch 637/20000, Train Loss: 0.4826, Validation Set Manhattan Distance: 12.0, Mask Weight: 0.885
Epoch 638/20000, Train Loss: 0.4837, Validation Set Manhattan Distance: 12.0, Mask Weight: 0.885
Epoch 639/20000, Train Loss: 0.4851, Validation Set Manhattan Distance: 12.0, Mask Weight: 0.885
Epoch 640/20000, Train Loss: 0.4811, Validation Set Manhattan Distance: 12.0, Mask Weight: 0.885
Epoch 641/20000, Train Loss: 0.4818, Validation Set Manhattan Distance: 12.0, Mask Weight: 0.885
Epoch 642/20000, Train Loss: 0.4828, Validation Set Manhattan Distance: 12.0, Mask Weight: 0.885
Epoch 643/20000, Train Loss: 0.4840, Validation Set Manhattan Distance: 12.0, Mask Weight: 0.885
Epoch 644/20000, Train Loss: 0.4806, Validation Set Manhattan Distance: 12.0, Mask Weight: 0.885
Epoch 645/20000, Train Loss: 0.4845, Validation Set Manhattan Distance: 12.0, Mask Weight: 0.885
Epoch 646/20000, Train Loss: 0.4814, Validation Set Manhattan Distance: 12.0, Mask Weight: 0.885
Epoch 647/20000, Train Loss: 0.4818, Validation Set Manhattan Distance: 12.0, Mask Weight: 0.885
Epoch 648/20000, Train Loss: 0.4832, Validation Set Manhattan Distance: 12.0, Mask Weight: 0.885
Epoch 649/20000, Train Loss: 0.4817, Validation Set Manhattan Distance: 12.0, Mask Weight: 0.885
Epoch 650/20000, Train Loss: 0.4872, Validation Set Manhattan Distance: 12.0, Mask Weight: 0.885
Epoch 651/20000, Train Loss: 0.4897, Validation Set Manhattan Distance: 12.0, Mask Weight: 0.885
Epoch 652/20000, Train Loss: 0.4842, Validation Set Manhattan Distance: 12.0, Mask Weight: 0.885
Epoch 653/20000, Train Loss: 0.4859, Validation Set Manhattan Distance: 12.0, Mask Weight: 0.885
Epoch 654/20000, Train Loss: 0.4811, Validation Set Manhattan Distance: 12.0, Mask Weight: 0.885
Epoch 655/20000, Train Loss: 0.4835, Validation Set Manhattan Distance: 12.0, Mask Weight: 0.885
Epoch 656/20000, Train Loss: 0.4824, Validation Set Manhattan Distance: 12.0, Mask Weight: 0.885
Epoch 657/20000, Train Loss: 0.4823, Validation Set Manhattan Distance: 12.0, Mask Weight: 0.885
Epoch 658/20000, Train Loss: 0.4876, Validation Set Manhattan Distance: 12.0, Mask Weight: 0.885
Epoch 659/20000, Train Loss: 0.4851, Validation Set Manhattan Distance: 12.0, Mask Weight: 0.885
Epoch 660/20000, Train Loss: 0.4832, Validation Set Manhattan Distance: 12.0, Mask Weight: 0.885
Epoch 661/20000, Train Loss: 0.4807, Validation Set Manhattan Distance: 12.0, Mask Weight: 0.885
Epoch 662/20000, Train Loss: 0.4819, Validation Set Manhattan Distance: 12.0, Mask Weight: 0.885
Epoch 663/20000, Train Loss: 0.4810, Validation Set Manhattan Distance: 12.0, Mask Weight: 0.885
Epoch 664/20000, Train Loss: 0.4840, Validation Set Manhattan Distance: 12.0, Mask Weight: 0.885
Epoch 665/20000, Train Loss: 0.4835, Validation Set Manhattan Distance: 12.0, Mask Weight: 0.885
Epoch 666/20000, Train Loss: 0.4838, Validation Set Manhattan Distance: 12.0, Mask Weight: 0.885
Epoch 667/20000, Train Loss: 0.4847, Validation Set Manhattan Distance: 12.0, Mask Weight: 0.885
Epoch 668/20000, Train Loss: 0.4890, Validation Set Manhattan Distance: 12.0, Mask Weight: 0.885
Epoch 669/20000, Train Loss: 0.4855, Validation Set Manhattan Distance: 12.0, Mask Weight: 0.885
Epoch 670/20000, Train Loss: 0.4854, Validation Set Manhattan Distance: 12.0, Mask Weight: 0.885
Epoch 671/20000, Train Loss: 0.4816, Validation Set Manhattan Distance: 12.0, Mask Weight: 0.885
Epoch 672/20000, Train Loss: 0.4809, Validation Set Manhattan Distance: 12.0, Mask Weight: 0.885
Epoch 673/20000, Train Loss: 0.4818, Validation Set Manhattan Distance: 12.0, Mask Weight: 0.885
Epoch 674/20000, Train Loss: 0.4825, Validation Set Manhattan Distance: 12.0, Mask Weight: 0.885
Epoch 675/20000, Train Loss: 0.4814, Validation Set Manhattan Distance: 12.0, Mask Weight: 0.885
Epoch 676/20000, Train Loss: 0.4814, Validation Set Manhattan Distance: 12.0, Mask Weight: 0.885
Epoch 677/20000, Train Loss: 0.4867, Validation Set Manhattan Distance: 12.0, Mask Weight: 0.885
Epoch 678/20000, Train Loss: 0.4807, Validation Set Manhattan Distance: 12.0, Mask Weight: 0.885
Epoch 679/20000, Train Loss: 0.4817, Validation Set Manhattan Distance: 12.0, Mask Weight: 0.885
Epoch 680/20000, Train Loss: 0.4800, Validation Set Manhattan Distance: 12.0, Mask Weight: 0.885
Epoch 681/20000, Train Loss: 0.4801, Validation Set Manhattan Distance: 12.0, Mask Weight: 0.885
Epoch 682/20000, Train Loss: 0.4836, Validation Set Manhattan Distance: 12.0, Mask Weight: 0.885
Epoch 683/20000, Train Loss: 0.4820, Validation Set Manhattan Distance: 12.0, Mask Weight: 0.885
Epoch 684/20000, Train Loss: 0.4813, Validation Set Manhattan Distance: 12.0, Mask Weight: 0.885
Epoch 685/20000, Train Loss: 0.4838, Validation Set Manhattan Distance: 12.0, Mask Weight: 0.885
Epoch 686/20000, Train Loss: 0.4841, Validation Set Manhattan Distance: 12.0, Mask Weight: 0.885
Epoch 687/20000, Train Loss: 0.4815, Validation Set Manhattan Distance: 12.0, Mask Weight: 0.885
Epoch 688/20000, Train Loss: 0.4873, Validation Set Manhattan Distance: 12.0, Mask Weight: 0.885
Epoch 689/20000, Train Loss: 0.4884, Validation Set Manhattan Distance: 12.0, Mask Weight: 0.885
Epoch 690/20000, Train Loss: 0.4842, Validation Set Manhattan Distance: 12.0, Mask Weight: 0.885
Epoch 691/20000, Train Loss: 0.4833, Validation Set Manhattan Distance: 12.0, Mask Weight: 0.885
Epoch 692/20000, Train Loss: 0.4824, Validation Set Manhattan Distance: 12.0, Mask Weight: 0.885
Epoch 693/20000, Train Loss: 0.4838, Validation Set Manhattan Distance: 12.0, Mask Weight: 0.885
Epoch 694/20000, Train Loss: 0.4820, Validation Set Manhattan Distance: 12.0, Mask Weight: 0.885
Epoch 695/20000, Train Loss: 0.4825, Validation Set Manhattan Distance: 12.0, Mask Weight: 0.885
Epoch 696/20000, Train Loss: 0.4834, Validation Set Manhattan Distance: 12.0, Mask Weight: 0.885
Epoch 697/20000, Train Loss: 0.4837, Validation Set Manhattan Distance: 12.0, Mask Weight: 0.885
Epoch 698/20000, Train Loss: 0.4810, Validation Set Manhattan Distance: 12.0, Mask Weight: 0.885
Epoch 699/20000, Train Loss: 0.4828, Validation Set Manhattan Distance: 12.0, Mask Weight: 0.885
Epoch 700/20000, Train Loss: 0.4824, Validation Set Manhattan Distance: 12.0, Mask Weight: 0.885
Epoch 701/20000, Train Loss: 0.4848, Validation Set Manhattan Distance: 12.0, Mask Weight: 0.885
Epoch 702/20000, Train Loss: 0.4802, Validation Set Manhattan Distance: 12.0, Mask Weight: 0.885
Epoch 703/20000, Train Loss: 0.4829, Validation Set Manhattan Distance: 12.0, Mask Weight: 0.885
Epoch 704/20000, Train Loss: 0.4804, Validation Set Manhattan Distance: 12.0, Mask Weight: 0.885
Epoch 705/20000, Train Loss: 0.4834, Validation Set Manhattan Distance: 12.0, Mask Weight: 0.885
Epoch 706/20000, Train Loss: 0.4811, Validation Set Manhattan Distance: 12.0, Mask Weight: 0.885
Epoch 707/20000, Train Loss: 0.4828, Validation Set Manhattan Distance: 12.0, Mask Weight: 0.885
Epoch 708/20000, Train Loss: 0.4818, Validation Set Manhattan Distance: 12.0, Mask Weight: 0.885
Epoch 709/20000, Train Loss: 0.4822, Validation Set Manhattan Distance: 12.0, Mask Weight: 0.885
Epoch 710/20000, Train Loss: 0.4803, Validation Set Manhattan Distance: 12.0, Mask Weight: 0.885
Epoch 711/20000, Train Loss: 0.4834, Validation Set Manhattan Distance: 12.0, Mask Weight: 0.885
Epoch 712/20000, Train Loss: 0.4815, Validation Set Manhattan Distance: 12.0, Mask Weight: 0.885
Epoch 713/20000, Train Loss: 0.4812, Validation Set Manhattan Distance: 12.0, Mask Weight: 0.885
Epoch 714/20000, Train Loss: 0.4813, Validation Set Manhattan Distance: 12.0, Mask Weight: 0.885
Epoch 715/20000, Train Loss: 0.4834, Validation Set Manhattan Distance: 12.0, Mask Weight: 0.885
Epoch 716/20000, Train Loss: 0.4828, Validation Set Manhattan Distance: 12.0, Mask Weight: 0.885
Epoch 717/20000, Train Loss: 0.4808, Validation Set Manhattan Distance: 12.0, Mask Weight: 0.885
Epoch 718/20000, Train Loss: 0.4818, Validation Set Manhattan Distance: 12.0, Mask Weight: 0.885
Epoch 719/20000, Train Loss: 0.4885, Validation Set Manhattan Distance: 12.0, Mask Weight: 0.885
Epoch 720/20000, Train Loss: 0.4834, Validation Set Manhattan Distance: 12.0, Mask Weight: 0.885
Epoch 721/20000, Train Loss: 0.4823, Validation Set Manhattan Distance: 12.0, Mask Weight: 0.885
Epoch 722/20000, Train Loss: 0.4811, Validation Set Manhattan Distance: 12.0, Mask Weight: 0.885
Epoch 723/20000, Train Loss: 0.4807, Validation Set Manhattan Distance: 12.0, Mask Weight: 0.885
Epoch 724/20000, Train Loss: 0.4813, Validation Set Manhattan Distance: 12.0, Mask Weight: 0.885
Epoch 725/20000, Train Loss: 0.4865, Validation Set Manhattan Distance: 12.0, Mask Weight: 0.885
Epoch 726/20000, Train Loss: 0.4811, Validation Set Manhattan Distance: 12.0, Mask Weight: 0.885
Epoch 727/20000, Train Loss: 0.4835, Validation Set Manhattan Distance: 12.0, Mask Weight: 0.885
Epoch 728/20000, Train Loss: 1.3058, Validation Set Manhattan Distance: 12.0, Mask Weight: 0.885
Epoch 729/20000, Train Loss: 1.5253, Validation Set Manhattan Distance: 12.0, Mask Weight: 0.885
Epoch 730/20000, Train Loss: 1.4090, Validation Set Manhattan Distance: 12.0, Mask Weight: 0.885
Epoch 731/20000, Train Loss: 1.2726, Validation Set Manhattan Distance: 12.0, Mask Weight: 0.885
Epoch 732/20000, Train Loss: 1.1473, Validation Set Manhattan Distance: 12.0, Mask Weight: 0.885
Epoch 733/20000, Train Loss: 1.1051, Validation Set Manhattan Distance: 12.0, Mask Weight: 0.885
Epoch 734/20000, Train Loss: 1.1079, Validation Set Manhattan Distance: 12.0, Mask Weight: 0.885
Epoch 735/20000, Train Loss: 1.0990, Validation Set Manhattan Distance: 12.0, Mask Weight: 0.885
Epoch 736/20000, Train Loss: 1.0897, Validation Set Manhattan Distance: 12.0, Mask Weight: 0.885
Epoch 737/20000, Train Loss: 1.0832, Validation Set Manhattan Distance: 12.0, Mask Weight: 0.885
Epoch 738/20000, Train Loss: 1.0687, Validation Set Manhattan Distance: 12.0, Mask Weight: 0.885
Epoch 739/20000, Train Loss: 1.0450, Validation Set Manhattan Distance: 12.0, Mask Weight: 0.885
Epoch 740/20000, Train Loss: 1.0077, Validation Set Manhattan Distance: 12.0, Mask Weight: 0.885
Epoch 741/20000, Train Loss: 0.9602, Validation Set Manhattan Distance: 12.0, Mask Weight: 0.885
Epoch 742/20000, Train Loss: 0.9154, Validation Set Manhattan Distance: 12.0, Mask Weight: 0.885
Epoch 743/20000, Train Loss: 0.8805, Validation Set Manhattan Distance: 12.0, Mask Weight: 0.885
Epoch 744/20000, Train Loss: 0.8630, Validation Set Manhattan Distance: 12.0, Mask Weight: 0.885
Epoch 745/20000, Train Loss: 0.8467, Validation Set Manhattan Distance: 12.0, Mask Weight: 0.885
Epoch 746/20000, Train Loss: 0.8385, Validation Set Manhattan Distance: 12.0, Mask Weight: 0.885
Epoch 747/20000, Train Loss: 0.8214, Validation Set Manhattan Distance: 12.0, Mask Weight: 0.885
Epoch 748/20000, Train Loss: 0.8078, Validation Set Manhattan Distance: 12.0, Mask Weight: 0.885
Epoch 749/20000, Train Loss: 0.7860, Validation Set Manhattan Distance: 12.0, Mask Weight: 0.885
Epoch 750/20000, Train Loss: 0.7707, Validation Set Manhattan Distance: 12.0, Mask Weight: 0.885
Epoch 751/20000, Train Loss: 0.7681, Validation Set Manhattan Distance: 12.0, Mask Weight: 0.885
Epoch 752/20000, Train Loss: 0.7435, Validation Set Manhattan Distance: 12.0, Mask Weight: 0.885
Epoch 753/20000, Train Loss: 0.7114, Validation Set Manhattan Distance: 12.0, Mask Weight: 0.885
Epoch 754/20000, Train Loss: 0.7099, Validation Set Manhattan Distance: 12.0, Mask Weight: 0.885
Epoch 755/20000, Train Loss: 0.7644, Validation Set Manhattan Distance: 12.0, Mask Weight: 0.885
Epoch 756/20000, Train Loss: 0.6940, Validation Set Manhattan Distance: 12.0, Mask Weight: 0.885
Epoch 757/20000, Train Loss: 0.6806, Validation Set Manhattan Distance: 12.0, Mask Weight: 0.885
Epoch 758/20000, Train Loss: 0.6681, Validation Set Manhattan Distance: 12.0, Mask Weight: 0.885
Epoch 759/20000, Train Loss: 0.6408, Validation Set Manhattan Distance: 12.0, Mask Weight: 0.885
Epoch 760/20000, Train Loss: 0.6427, Validation Set Manhattan Distance: 12.0, Mask Weight: 0.885
Epoch 761/20000, Train Loss: 0.6559, Validation Set Manhattan Distance: 12.0, Mask Weight: 0.885
Epoch 762/20000, Train Loss: 0.6248, Validation Set Manhattan Distance: 12.0, Mask Weight: 0.885
Epoch 763/20000, Train Loss: 0.6084, Validation Set Manhattan Distance: 12.0, Mask Weight: 0.885
Epoch 764/20000, Train Loss: 0.6125, Validation Set Manhattan Distance: 12.0, Mask Weight: 0.885
Epoch 765/20000, Train Loss: 0.6146, Validation Set Manhattan Distance: 12.0, Mask Weight: 0.885
Epoch 766/20000, Train Loss: 0.7187, Validation Set Manhattan Distance: 12.0, Mask Weight: 0.885
Epoch 767/20000, Train Loss: 0.6839, Validation Set Manhattan Distance: 12.0, Mask Weight: 0.885
Epoch 768/20000, Train Loss: 0.6517, Validation Set Manhattan Distance: 12.0, Mask Weight: 0.885
Epoch 769/20000, Train Loss: 0.6426, Validation Set Manhattan Distance: 12.0, Mask Weight: 0.885
Epoch 770/20000, Train Loss: 0.6633, Validation Set Manhattan Distance: 12.0, Mask Weight: 0.885
Epoch 771/20000, Train Loss: 0.6412, Validation Set Manhattan Distance: 12.0, Mask Weight: 0.885
Epoch 772/20000, Train Loss: 0.6270, Validation Set Manhattan Distance: 12.0, Mask Weight: 0.885
Epoch 773/20000, Train Loss: 0.6141, Validation Set Manhattan Distance: 12.0, Mask Weight: 0.885
Epoch 774/20000, Train Loss: 0.6214, Validation Set Manhattan Distance: 12.0, Mask Weight: 0.885
Epoch 775/20000, Train Loss: 0.5985, Validation Set Manhattan Distance: 12.0, Mask Weight: 0.885
Epoch 776/20000, Train Loss: 0.6087, Validation Set Manhattan Distance: 12.0, Mask Weight: 0.885
Epoch 777/20000, Train Loss: 0.5902, Validation Set Manhattan Distance: 12.0, Mask Weight: 0.885
Epoch 778/20000, Train Loss: 0.5777, Validation Set Manhattan Distance: 12.0, Mask Weight: 0.885
Epoch 779/20000, Train Loss: 0.5685, Validation Set Manhattan Distance: 12.0, Mask Weight: 0.885
Epoch 780/20000, Train Loss: 0.5541, Validation Set Manhattan Distance: 12.0, Mask Weight: 0.885
Epoch 781/20000, Train Loss: 0.5463, Validation Set Manhattan Distance: 12.0, Mask Weight: 0.885
Epoch 782/20000, Train Loss: 0.5545, Validation Set Manhattan Distance: 12.0, Mask Weight: 0.885
Epoch 783/20000, Train Loss: 0.5848, Validation Set Manhattan Distance: 12.0, Mask Weight: 0.885
Epoch 784/20000, Train Loss: 0.5721, Validation Set Manhattan Distance: 12.0, Mask Weight: 0.885
Epoch 785/20000, Train Loss: 0.5445, Validation Set Manhattan Distance: 12.0, Mask Weight: 0.885
Epoch 786/20000, Train Loss: 0.5455, Validation Set Manhattan Distance: 12.0, Mask Weight: 0.885
Epoch 787/20000, Train Loss: 0.5770, Validation Set Manhattan Distance: 12.0, Mask Weight: 0.885
Epoch 788/20000, Train Loss: 0.5957, Validation Set Manhattan Distance: 12.0, Mask Weight: 0.885
Epoch 789/20000, Train Loss: 0.5967, Validation Set Manhattan Distance: 12.0, Mask Weight: 0.885
Epoch 790/20000, Train Loss: 0.5563, Validation Set Manhattan Distance: 12.0, Mask Weight: 0.885
Epoch 791/20000, Train Loss: 0.5853, Validation Set Manhattan Distance: 12.0, Mask Weight: 0.885
Epoch 792/20000, Train Loss: 0.5576, Validation Set Manhattan Distance: 12.0, Mask Weight: 0.885
Epoch 793/20000, Train Loss: 0.5341, Validation Set Manhattan Distance: 12.0, Mask Weight: 0.885
Epoch 794/20000, Train Loss: 0.5205, Validation Set Manhattan Distance: 12.0, Mask Weight: 0.885
Epoch 795/20000, Train Loss: 0.5270, Validation Set Manhattan Distance: 12.0, Mask Weight: 0.885
Epoch 796/20000, Train Loss: 0.5397, Validation Set Manhattan Distance: 12.0, Mask Weight: 0.885
Epoch 797/20000, Train Loss: 0.5741, Validation Set Manhattan Distance: 12.0, Mask Weight: 0.885
Epoch 798/20000, Train Loss: 0.6914, Validation Set Manhattan Distance: 12.0, Mask Weight: 0.885
Epoch 799/20000, Train Loss: 0.7769, Validation Set Manhattan Distance: 12.0, Mask Weight: 0.885
Epoch 800/20000, Train Loss: 0.6316, Validation Set Manhattan Distance: 12.0, Mask Weight: 0.885
Epoch 801/20000, Train Loss: 0.6212, Validation Set Manhattan Distance: 12.0, Mask Weight: 0.885
Epoch 802/20000, Train Loss: 0.6536, Validation Set Manhattan Distance: 12.0, Mask Weight: 0.885
Epoch 803/20000, Train Loss: 0.5797, Validation Set Manhattan Distance: 12.0, Mask Weight: 0.885
Epoch 804/20000, Train Loss: 0.5620, Validation Set Manhattan Distance: 12.0, Mask Weight: 0.885
Epoch 805/20000, Train Loss: 0.5513, Validation Set Manhattan Distance: 12.0, Mask Weight: 0.885
Epoch 806/20000, Train Loss: 0.5463, Validation Set Manhattan Distance: 12.0, Mask Weight: 0.885
Epoch 807/20000, Train Loss: 0.5486, Validation Set Manhattan Distance: 12.0, Mask Weight: 0.885
Epoch 808/20000, Train Loss: 0.5370, Validation Set Manhattan Distance: 12.0, Mask Weight: 0.885
Epoch 809/20000, Train Loss: 0.5244, Validation Set Manhattan Distance: 12.0, Mask Weight: 0.885
Epoch 810/20000, Train Loss: 0.5242, Validation Set Manhattan Distance: 12.0, Mask Weight: 0.885
Epoch 811/20000, Train Loss: 0.5169, Validation Set Manhattan Distance: 12.0, Mask Weight: 0.885
Epoch 812/20000, Train Loss: 0.5117, Validation Set Manhattan Distance: 12.0, Mask Weight: 0.885
Epoch 813/20000, Train Loss: 0.5165, Validation Set Manhattan Distance: 12.0, Mask Weight: 0.885
Epoch 814/20000, Train Loss: 0.5117, Validation Set Manhattan Distance: 12.0, Mask Weight: 0.885
Epoch 815/20000, Train Loss: 0.5009, Validation Set Manhattan Distance: 12.0, Mask Weight: 0.885
Epoch 816/20000, Train Loss: 0.5007, Validation Set Manhattan Distance: 12.0, Mask Weight: 0.885
Epoch 817/20000, Train Loss: 0.5014, Validation Set Manhattan Distance: 12.0, Mask Weight: 0.885
Epoch 818/20000, Train Loss: 0.4983, Validation Set Manhattan Distance: 12.0, Mask Weight: 0.885
Epoch 819/20000, Train Loss: 0.4998, Validation Set Manhattan Distance: 12.0, Mask Weight: 0.885
Epoch 820/20000, Train Loss: 0.5036, Validation Set Manhattan Distance: 12.0, Mask Weight: 0.885
Epoch 821/20000, Train Loss: 0.4990, Validation Set Manhattan Distance: 12.0, Mask Weight: 0.885
Epoch 822/20000, Train Loss: 0.4911, Validation Set Manhattan Distance: 12.0, Mask Weight: 0.885
Epoch 823/20000, Train Loss: 0.4968, Validation Set Manhattan Distance: 12.0, Mask Weight: 0.885
Epoch 824/20000, Train Loss: 0.4983, Validation Set Manhattan Distance: 12.0, Mask Weight: 0.885
Epoch 825/20000, Train Loss: 0.4928, Validation Set Manhattan Distance: 12.0, Mask Weight: 0.885
Epoch 826/20000, Train Loss: 0.4935, Validation Set Manhattan Distance: 12.0, Mask Weight: 0.885
Epoch 827/20000, Train Loss: 0.4938, Validation Set Manhattan Distance: 12.0, Mask Weight: 0.885
Epoch 828/20000, Train Loss: 0.4871, Validation Set Manhattan Distance: 12.0, Mask Weight: 0.885
Epoch 829/20000, Train Loss: 0.4900, Validation Set Manhattan Distance: 12.0, Mask Weight: 0.885
Epoch 830/20000, Train Loss: 0.4906, Validation Set Manhattan Distance: 12.0, Mask Weight: 0.885
Epoch 831/20000, Train Loss: 0.4893, Validation Set Manhattan Distance: 12.0, Mask Weight: 0.885
Epoch 832/20000, Train Loss: 0.4892, Validation Set Manhattan Distance: 12.0, Mask Weight: 0.885
Epoch 833/20000, Train Loss: 0.4894, Validation Set Manhattan Distance: 12.0, Mask Weight: 0.885
Epoch 834/20000, Train Loss: 0.4901, Validation Set Manhattan Distance: 12.0, Mask Weight: 0.885
Epoch 835/20000, Train Loss: 0.5049, Validation Set Manhattan Distance: 12.0, Mask Weight: 0.885
Epoch 836/20000, Train Loss: 1.1787, Validation Set Manhattan Distance: 12.0, Mask Weight: 0.885
Epoch 837/20000, Train Loss: 0.5498, Validation Set Manhattan Distance: 12.0, Mask Weight: 0.885
Epoch 838/20000, Train Loss: 0.5629, Validation Set Manhattan Distance: 12.0, Mask Weight: 0.885
Epoch 839/20000, Train Loss: 0.5612, Validation Set Manhattan Distance: 12.0, Mask Weight: 0.885
Epoch 840/20000, Train Loss: 0.5517, Validation Set Manhattan Distance: 12.0, Mask Weight: 0.885
Epoch 841/20000, Train Loss: 0.5373, Validation Set Manhattan Distance: 12.0, Mask Weight: 0.885
Epoch 842/20000, Train Loss: 0.5215, Validation Set Manhattan Distance: 12.0, Mask Weight: 0.885
Epoch 843/20000, Train Loss: 0.5181, Validation Set Manhattan Distance: 12.0, Mask Weight: 0.885
Epoch 844/20000, Train Loss: 0.4995, Validation Set Manhattan Distance: 12.0, Mask Weight: 0.885
Epoch 845/20000, Train Loss: 0.4958, Validation Set Manhattan Distance: 12.0, Mask Weight: 0.885
Epoch 846/20000, Train Loss: 0.4941, Validation Set Manhattan Distance: 12.0, Mask Weight: 0.885
Epoch 847/20000, Train Loss: 0.4933, Validation Set Manhattan Distance: 12.0, Mask Weight: 0.885
Epoch 848/20000, Train Loss: 0.4901, Validation Set Manhattan Distance: 12.0, Mask Weight: 0.885
Epoch 849/20000, Train Loss: 0.4906, Validation Set Manhattan Distance: 12.0, Mask Weight: 0.885
Epoch 850/20000, Train Loss: 0.4878, Validation Set Manhattan Distance: 12.0, Mask Weight: 0.885
Epoch 851/20000, Train Loss: 0.4881, Validation Set Manhattan Distance: 12.0, Mask Weight: 0.885
Epoch 852/20000, Train Loss: 0.4862, Validation Set Manhattan Distance: 12.0, Mask Weight: 0.885
Epoch 853/20000, Train Loss: 0.4879, Validation Set Manhattan Distance: 12.0, Mask Weight: 0.885
Epoch 854/20000, Train Loss: 0.4882, Validation Set Manhattan Distance: 12.0, Mask Weight: 0.885
Epoch 855/20000, Train Loss: 0.4855, Validation Set Manhattan Distance: 12.0, Mask Weight: 0.885
Epoch 856/20000, Train Loss: 0.4876, Validation Set Manhattan Distance: 12.0, Mask Weight: 0.885
Epoch 857/20000, Train Loss: 0.4887, Validation Set Manhattan Distance: 12.0, Mask Weight: 0.885
Epoch 858/20000, Train Loss: 0.4882, Validation Set Manhattan Distance: 12.0, Mask Weight: 0.885
Epoch 859/20000, Train Loss: 0.4865, Validation Set Manhattan Distance: 12.0, Mask Weight: 0.885
Epoch 860/20000, Train Loss: 0.4846, Validation Set Manhattan Distance: 12.0, Mask Weight: 0.885
Epoch 861/20000, Train Loss: 0.4877, Validation Set Manhattan Distance: 12.0, Mask Weight: 0.885
Epoch 862/20000, Train Loss: 0.4846, Validation Set Manhattan Distance: 12.0, Mask Weight: 0.885
Epoch 863/20000, Train Loss: 0.4856, Validation Set Manhattan Distance: 12.0, Mask Weight: 0.885
Epoch 864/20000, Train Loss: 0.4836, Validation Set Manhattan Distance: 12.0, Mask Weight: 0.885
Epoch 865/20000, Train Loss: 0.4833, Validation Set Manhattan Distance: 12.0, Mask Weight: 0.885
Epoch 866/20000, Train Loss: 0.4830, Validation Set Manhattan Distance: 12.0, Mask Weight: 0.885
Epoch 867/20000, Train Loss: 0.4835, Validation Set Manhattan Distance: 12.0, Mask Weight: 0.885
Epoch 868/20000, Train Loss: 0.4832, Validation Set Manhattan Distance: 12.0, Mask Weight: 0.885
Epoch 869/20000, Train Loss: 0.4843, Validation Set Manhattan Distance: 12.0, Mask Weight: 0.885
Epoch 870/20000, Train Loss: 0.4906, Validation Set Manhattan Distance: 12.0, Mask Weight: 0.885
Epoch 871/20000, Train Loss: 0.4860, Validation Set Manhattan Distance: 12.0, Mask Weight: 0.885
Epoch 872/20000, Train Loss: 0.4849, Validation Set Manhattan Distance: 12.0, Mask Weight: 0.885
Epoch 873/20000, Train Loss: 1.3543, Validation Set Manhattan Distance: 12.0, Mask Weight: 0.885
Epoch 874/20000, Train Loss: 1.3697, Validation Set Manhattan Distance: 12.0, Mask Weight: 0.885
Epoch 875/20000, Train Loss: 1.5726, Validation Set Manhattan Distance: 12.0, Mask Weight: 0.885
Epoch 876/20000, Train Loss: 1.5231, Validation Set Manhattan Distance: 12.0, Mask Weight: 0.885
Epoch 877/20000, Train Loss: 1.4772, Validation Set Manhattan Distance: 12.0, Mask Weight: 0.885
Epoch 878/20000, Train Loss: 1.4214, Validation Set Manhattan Distance: 12.0, Mask Weight: 0.885
Epoch 879/20000, Train Loss: 1.3692, Validation Set Manhattan Distance: 12.0, Mask Weight: 0.885
Epoch 880/20000, Train Loss: 1.3169, Validation Set Manhattan Distance: 12.0, Mask Weight: 0.885
Epoch 881/20000, Train Loss: 1.2602, Validation Set Manhattan Distance: 12.0, Mask Weight: 0.885
Epoch 882/20000, Train Loss: 1.2050, Validation Set Manhattan Distance: 12.0, Mask Weight: 0.885
Epoch 883/20000, Train Loss: 1.1523, Validation Set Manhattan Distance: 12.0, Mask Weight: 0.885
Epoch 884/20000, Train Loss: 1.1018, Validation Set Manhattan Distance: 12.0, Mask Weight: 0.885
Epoch 885/20000, Train Loss: 1.0482, Validation Set Manhattan Distance: 12.0, Mask Weight: 0.885
Epoch 886/20000, Train Loss: 0.9722, Validation Set Manhattan Distance: 12.0, Mask Weight: 0.885
Epoch 887/20000, Train Loss: 0.8258, Validation Set Manhattan Distance: 12.0, Mask Weight: 0.885
Epoch 888/20000, Train Loss: 0.7787, Validation Set Manhattan Distance: 12.0, Mask Weight: 0.885
Epoch 889/20000, Train Loss: 0.7066, Validation Set Manhattan Distance: 12.0, Mask Weight: 0.885
Epoch 890/20000, Train Loss: 0.6539, Validation Set Manhattan Distance: 12.0, Mask Weight: 0.885
Epoch 891/20000, Train Loss: 0.6253, Validation Set Manhattan Distance: 12.0, Mask Weight: 0.885
Epoch 892/20000, Train Loss: 0.5895, Validation Set Manhattan Distance: 12.0, Mask Weight: 0.885
Epoch 893/20000, Train Loss: 0.5612, Validation Set Manhattan Distance: 12.0, Mask Weight: 0.885
Epoch 894/20000, Train Loss: 0.5537, Validation Set Manhattan Distance: 12.0, Mask Weight: 0.885
Epoch 895/20000, Train Loss: 0.5360, Validation Set Manhattan Distance: 12.0, Mask Weight: 0.885
Epoch 896/20000, Train Loss: 0.5283, Validation Set Manhattan Distance: 12.0, Mask Weight: 0.885
Epoch 897/20000, Train Loss: 0.5128, Validation Set Manhattan Distance: 12.0, Mask Weight: 0.885
Epoch 898/20000, Train Loss: 0.5091, Validation Set Manhattan Distance: 12.0, Mask Weight: 0.885
Epoch 899/20000, Train Loss: 0.5076, Validation Set Manhattan Distance: 12.0, Mask Weight: 0.885
Epoch 900/20000, Train Loss: 0.5055, Validation Set Manhattan Distance: 12.0, Mask Weight: 0.885
Epoch 901/20000, Train Loss: 0.4986, Validation Set Manhattan Distance: 12.0, Mask Weight: 0.885
Epoch 902/20000, Train Loss: 0.4988, Validation Set Manhattan Distance: 12.0, Mask Weight: 0.885
Epoch 903/20000, Train Loss: 0.4988, Validation Set Manhattan Distance: 12.0, Mask Weight: 0.885
Epoch 904/20000, Train Loss: 0.4947, Validation Set Manhattan Distance: 12.0, Mask Weight: 0.885
Epoch 905/20000, Train Loss: 0.4943, Validation Set Manhattan Distance: 12.0, Mask Weight: 0.885
Epoch 906/20000, Train Loss: 0.4913, Validation Set Manhattan Distance: 12.0, Mask Weight: 0.885
Epoch 907/20000, Train Loss: 0.4942, Validation Set Manhattan Distance: 12.0, Mask Weight: 0.885
Epoch 908/20000, Train Loss: 0.4944, Validation Set Manhattan Distance: 12.0, Mask Weight: 0.885
Epoch 909/20000, Train Loss: 0.4957, Validation Set Manhattan Distance: 12.0, Mask Weight: 0.885
Epoch 910/20000, Train Loss: 0.4948, Validation Set Manhattan Distance: 12.0, Mask Weight: 0.885
Epoch 911/20000, Train Loss: 0.4936, Validation Set Manhattan Distance: 12.0, Mask Weight: 0.885
Epoch 912/20000, Train Loss: 0.4915, Validation Set Manhattan Distance: 12.0, Mask Weight: 0.885
Epoch 913/20000, Train Loss: 0.4913, Validation Set Manhattan Distance: 12.0, Mask Weight: 0.885
Epoch 914/20000, Train Loss: 0.4871, Validation Set Manhattan Distance: 12.0, Mask Weight: 0.885
Epoch 915/20000, Train Loss: 0.4897, Validation Set Manhattan Distance: 12.0, Mask Weight: 0.885
Epoch 916/20000, Train Loss: 0.4867, Validation Set Manhattan Distance: 12.0, Mask Weight: 0.885
Epoch 917/20000, Train Loss: 0.4864, Validation Set Manhattan Distance: 12.0, Mask Weight: 0.885
Epoch 918/20000, Train Loss: 0.4866, Validation Set Manhattan Distance: 12.0, Mask Weight: 0.885
Epoch 919/20000, Train Loss: 0.4878, Validation Set Manhattan Distance: 12.0, Mask Weight: 0.885
Epoch 920/20000, Train Loss: 0.4891, Validation Set Manhattan Distance: 12.0, Mask Weight: 0.885
Epoch 921/20000, Train Loss: 0.4873, Validation Set Manhattan Distance: 12.0, Mask Weight: 0.885
Epoch 922/20000, Train Loss: 0.4868, Validation Set Manhattan Distance: 12.0, Mask Weight: 0.885
Epoch 923/20000, Train Loss: 0.4834, Validation Set Manhattan Distance: 12.0, Mask Weight: 0.885
Epoch 924/20000, Train Loss: 0.4860, Validation Set Manhattan Distance: 12.0, Mask Weight: 0.885
Epoch 925/20000, Train Loss: 0.4856, Validation Set Manhattan Distance: 12.0, Mask Weight: 0.885
Epoch 926/20000, Train Loss: 0.4857, Validation Set Manhattan Distance: 12.0, Mask Weight: 0.885
Epoch 927/20000, Train Loss: 0.4833, Validation Set Manhattan Distance: 12.0, Mask Weight: 0.885
Epoch 928/20000, Train Loss: 0.4838, Validation Set Manhattan Distance: 12.0, Mask Weight: 0.885