Using device: cuda
Starting training with gradient-based adaptive weighted mask...
Epoch 1/20000, Train Loss: 58.1827, Validation Set Manhattan Distance: 12.0, Mask Weight: 1.000
  -> New best Validation Set Manhattan Distance: 12.0. Model saved.
Epoch 2/20000, Train Loss: 43.4803, Validation Set Manhattan Distance: 12.0, Mask Weight: 1.000
Epoch 3/20000, Train Loss: 35.8603, Validation Set Manhattan Distance: 12.0, Mask Weight: 1.000
Epoch 4/20000, Train Loss: 30.2780, Validation Set Manhattan Distance: 12.0, Mask Weight: 1.000
Epoch 5/20000, Train Loss: 25.7438, Validation Set Manhattan Distance: 12.0, Mask Weight: 1.000
Epoch 6/20000, Train Loss: 21.9279, Validation Set Manhattan Distance: 12.0, Mask Weight: 1.000
Epoch 7/20000, Train Loss: 18.6700, Validation Set Manhattan Distance: 12.0, Mask Weight: 1.000
Epoch 8/20000, Train Loss: 15.8281, Validation Set Manhattan Distance: 12.0, Mask Weight: 1.000
Epoch 9/20000, Train Loss: 13.3479, Validation Set Manhattan Distance: 12.0, Mask Weight: 1.000
Epoch 10/20000, Train Loss: 11.2065, Validation Set Manhattan Distance: 12.0, Mask Weight: 1.000
Epoch 11/20000, Train Loss: 9.3652, Validation Set Manhattan Distance: 12.0, Mask Weight: 1.000
Epoch 12/20000, Train Loss: 7.7956, Validation Set Manhattan Distance: 12.0, Mask Weight: 1.000
Epoch 13/20000, Train Loss: 6.4640, Validation Set Manhattan Distance: 12.0, Mask Weight: 1.000
Epoch 14/20000, Train Loss: 5.3412, Validation Set Manhattan Distance: 12.0, Mask Weight: 1.000
Epoch 15/20000, Train Loss: 4.3985, Validation Set Manhattan Distance: 12.0, Mask Weight: 1.000
Epoch 16/20000, Train Loss: 3.6119, Validation Set Manhattan Distance: 12.0, Mask Weight: 1.000
Epoch 17/20000, Train Loss: 2.9567, Validation Set Manhattan Distance: 12.0, Mask Weight: 1.000
Epoch 18/20000, Train Loss: 2.4141, Validation Set Manhattan Distance: 12.0, Mask Weight: 1.000
Epoch 19/20000, Train Loss: 1.9659, Validation Set Manhattan Distance: 12.0, Mask Weight: 1.000
Epoch 20/20000, Train Loss: 1.5966, Validation Set Manhattan Distance: 12.0, Mask Weight: 1.000
Epoch 21/20000, Train Loss: 1.2943, Validation Set Manhattan Distance: 12.0, Mask Weight: 1.000
Epoch 22/20000, Train Loss: 1.0467, Validation Set Manhattan Distance: 12.0, Mask Weight: 1.000
Epoch 23/20000, Train Loss: 0.8452, Validation Set Manhattan Distance: 12.0, Mask Weight: 1.000
Epoch 24/20000, Train Loss: 0.6818, Validation Set Manhattan Distance: 12.0, Mask Weight: 1.000
Epoch 25/20000, Train Loss: 0.5493, Validation Set Manhattan Distance: 12.0, Mask Weight: 1.000
Epoch 26/20000, Train Loss: 0.4417, Validation Set Manhattan Distance: 12.0, Mask Weight: 1.000
Epoch 27/20000, Train Loss: 0.3550, Validation Set Manhattan Distance: 12.0, Mask Weight: 1.000
Epoch 28/20000, Train Loss: 0.2861, Validation Set Manhattan Distance: 12.0, Mask Weight: 1.000
Epoch 29/20000, Train Loss: 0.2289, Validation Set Manhattan Distance: 12.0, Mask Weight: 1.000
Epoch 30/20000, Train Loss: 0.1838, Validation Set Manhattan Distance: 12.0, Mask Weight: 1.000
Epoch 31/20000, Train Loss: 0.1474, Validation Set Manhattan Distance: 12.0, Mask Weight: 1.000
Epoch 32/20000, Train Loss: 0.1184, Validation Set Manhattan Distance: 12.0, Mask Weight: 1.000
  -> Train loss below 0.1. Mask weight reduction is now enabled.
Epoch 33/20000, Train Loss: 0.0962, Validation Set Manhattan Distance: 12.0, Mask Weight: 1.000
  -> Validation Set Manhattan Distance did not improve for 10 epochs.
  -> Unmasked Loss (Gradient Magnitude): 0.8930, Calculated Decrement: 0.0056
  -> Reducing mask weight to 0.994.
  -> Mask weight reduction is now disabled until train loss is below 0.001 again.
Epoch 34/20000, Train Loss: 0.3149, Validation Set Manhattan Distance: 12.0, Mask Weight: 0.994
Epoch 35/20000, Train Loss: 0.1197, Validation Set Manhattan Distance: 12.0, Mask Weight: 0.994
Epoch 36/20000, Train Loss: 0.1068, Validation Set Manhattan Distance: 12.0, Mask Weight: 0.994
  -> Train loss below 0.1. Mask weight reduction is now enabled.
Epoch 37/20000, Train Loss: 0.0977, Validation Set Manhattan Distance: 12.0, Mask Weight: 0.994
Epoch 38/20000, Train Loss: 0.0890, Validation Set Manhattan Distance: 12.0, Mask Weight: 0.994
Epoch 39/20000, Train Loss: 0.0832, Validation Set Manhattan Distance: 12.0, Mask Weight: 0.994
Epoch 40/20000, Train Loss: 0.0789, Validation Set Manhattan Distance: 12.0, Mask Weight: 0.994
Epoch 41/20000, Train Loss: 0.0754, Validation Set Manhattan Distance: 12.0, Mask Weight: 0.994
Epoch 42/20000, Train Loss: 0.0719, Validation Set Manhattan Distance: 12.0, Mask Weight: 0.994
Epoch 43/20000, Train Loss: 0.0700, Validation Set Manhattan Distance: 12.0, Mask Weight: 0.994
  -> Validation Set Manhattan Distance did not improve for 10 epochs.
  -> Unmasked Loss (Gradient Magnitude): 0.0978, Calculated Decrement: 0.0511
  -> Reducing mask weight to 0.943.
  -> Mask weight reduction is now disabled until train loss is below 0.001 again.
Epoch 44/20000, Train Loss: 0.5672, Validation Set Manhattan Distance: 12.0, Mask Weight: 0.943
Epoch 45/20000, Train Loss: 0.5634, Validation Set Manhattan Distance: 12.0, Mask Weight: 0.943
Epoch 46/20000, Train Loss: 0.5563, Validation Set Manhattan Distance: 12.0, Mask Weight: 0.943
Epoch 47/20000, Train Loss: 0.5480, Validation Set Manhattan Distance: 12.0, Mask Weight: 0.943
Epoch 48/20000, Train Loss: 0.5464, Validation Set Manhattan Distance: 12.0, Mask Weight: 0.943
Epoch 49/20000, Train Loss: 0.5419, Validation Set Manhattan Distance: 12.0, Mask Weight: 0.943
Epoch 50/20000, Train Loss: 0.5369, Validation Set Manhattan Distance: 12.0, Mask Weight: 0.943
Epoch 51/20000, Train Loss: 0.5337, Validation Set Manhattan Distance: 12.0, Mask Weight: 0.943
Epoch 52/20000, Train Loss: 0.5314, Validation Set Manhattan Distance: 12.0, Mask Weight: 0.943
Epoch 53/20000, Train Loss: 0.5269, Validation Set Manhattan Distance: 12.0, Mask Weight: 0.943
Epoch 54/20000, Train Loss: 0.5245, Validation Set Manhattan Distance: 12.0, Mask Weight: 0.943
Epoch 55/20000, Train Loss: 0.5206, Validation Set Manhattan Distance: 12.0, Mask Weight: 0.943
Epoch 56/20000, Train Loss: 0.5143, Validation Set Manhattan Distance: 12.0, Mask Weight: 0.943
Epoch 57/20000, Train Loss: 0.5094, Validation Set Manhattan Distance: 12.0, Mask Weight: 0.943
Epoch 58/20000, Train Loss: 0.5037, Validation Set Manhattan Distance: 12.0, Mask Weight: 0.943
Epoch 59/20000, Train Loss: 0.4903, Validation Set Manhattan Distance: 12.0, Mask Weight: 0.943
Epoch 60/20000, Train Loss: 0.4918, Validation Set Manhattan Distance: 12.0, Mask Weight: 0.943
Epoch 61/20000, Train Loss: 0.4691, Validation Set Manhattan Distance: 12.0, Mask Weight: 0.943
Epoch 62/20000, Train Loss: 0.4566, Validation Set Manhattan Distance: 12.0, Mask Weight: 0.943
Epoch 63/20000, Train Loss: 0.4456, Validation Set Manhattan Distance: 12.0, Mask Weight: 0.943
Epoch 64/20000, Train Loss: 0.4429, Validation Set Manhattan Distance: 12.0, Mask Weight: 0.943
Epoch 65/20000, Train Loss: 0.4342, Validation Set Manhattan Distance: 12.0, Mask Weight: 0.943
Epoch 66/20000, Train Loss: 0.4259, Validation Set Manhattan Distance: 12.0, Mask Weight: 0.943
Epoch 67/20000, Train Loss: 0.4120, Validation Set Manhattan Distance: 12.0, Mask Weight: 0.943
Epoch 68/20000, Train Loss: 0.3951, Validation Set Manhattan Distance: 12.0, Mask Weight: 0.943
Epoch 69/20000, Train Loss: 0.3779, Validation Set Manhattan Distance: 12.0, Mask Weight: 0.943
Epoch 70/20000, Train Loss: 0.3932, Validation Set Manhattan Distance: 12.0, Mask Weight: 0.943
Epoch 71/20000, Train Loss: 0.4074, Validation Set Manhattan Distance: 12.0, Mask Weight: 0.943
Epoch 72/20000, Train Loss: 0.3825, Validation Set Manhattan Distance: 12.0, Mask Weight: 0.943
Epoch 73/20000, Train Loss: 0.3831, Validation Set Manhattan Distance: 12.0, Mask Weight: 0.943
Epoch 74/20000, Train Loss: 0.3890, Validation Set Manhattan Distance: 12.0, Mask Weight: 0.943
Epoch 75/20000, Train Loss: 0.3644, Validation Set Manhattan Distance: 12.0, Mask Weight: 0.943
Epoch 76/20000, Train Loss: 0.3610, Validation Set Manhattan Distance: 12.0, Mask Weight: 0.943
Epoch 77/20000, Train Loss: 0.3511, Validation Set Manhattan Distance: 12.0, Mask Weight: 0.943
Epoch 78/20000, Train Loss: 0.3454, Validation Set Manhattan Distance: 12.0, Mask Weight: 0.943
Epoch 79/20000, Train Loss: 0.3334, Validation Set Manhattan Distance: 12.0, Mask Weight: 0.943
Epoch 80/20000, Train Loss: 0.3338, Validation Set Manhattan Distance: 12.0, Mask Weight: 0.943
Epoch 81/20000, Train Loss: 0.3302, Validation Set Manhattan Distance: 12.0, Mask Weight: 0.943
Epoch 82/20000, Train Loss: 0.3638, Validation Set Manhattan Distance: 12.0, Mask Weight: 0.943
Epoch 83/20000, Train Loss: 0.3453, Validation Set Manhattan Distance: 12.0, Mask Weight: 0.943
Epoch 84/20000, Train Loss: 0.3311, Validation Set Manhattan Distance: 12.0, Mask Weight: 0.943
Epoch 85/20000, Train Loss: 0.3181, Validation Set Manhattan Distance: 12.0, Mask Weight: 0.943
Epoch 86/20000, Train Loss: 0.3147, Validation Set Manhattan Distance: 12.0, Mask Weight: 0.943
Epoch 87/20000, Train Loss: 0.3097, Validation Set Manhattan Distance: 12.0, Mask Weight: 0.943
Epoch 88/20000, Train Loss: 0.3007, Validation Set Manhattan Distance: 12.0, Mask Weight: 0.943
Epoch 89/20000, Train Loss: 0.3055, Validation Set Manhattan Distance: 12.0, Mask Weight: 0.943
Epoch 90/20000, Train Loss: 0.3208, Validation Set Manhattan Distance: 12.0, Mask Weight: 0.943
Epoch 91/20000, Train Loss: 0.3468, Validation Set Manhattan Distance: 12.0, Mask Weight: 0.943
Epoch 92/20000, Train Loss: 0.3326, Validation Set Manhattan Distance: 12.0, Mask Weight: 0.943
Epoch 93/20000, Train Loss: 0.3414, Validation Set Manhattan Distance: 12.0, Mask Weight: 0.943
Epoch 94/20000, Train Loss: 0.3295, Validation Set Manhattan Distance: 12.0, Mask Weight: 0.943
Epoch 95/20000, Train Loss: 0.3283, Validation Set Manhattan Distance: 12.0, Mask Weight: 0.943
Epoch 96/20000, Train Loss: 0.3140, Validation Set Manhattan Distance: 12.0, Mask Weight: 0.943
Epoch 97/20000, Train Loss: 0.3062, Validation Set Manhattan Distance: 12.0, Mask Weight: 0.943
Epoch 98/20000, Train Loss: 0.2971, Validation Set Manhattan Distance: 12.0, Mask Weight: 0.943
Epoch 99/20000, Train Loss: 0.2896, Validation Set Manhattan Distance: 12.0, Mask Weight: 0.943
Epoch 100/20000, Train Loss: 0.2889, Validation Set Manhattan Distance: 12.0, Mask Weight: 0.943
Epoch 101/20000, Train Loss: 0.2792, Validation Set Manhattan Distance: 12.0, Mask Weight: 0.943
Epoch 102/20000, Train Loss: 0.2737, Validation Set Manhattan Distance: 12.0, Mask Weight: 0.943
Epoch 103/20000, Train Loss: 0.2718, Validation Set Manhattan Distance: 12.0, Mask Weight: 0.943
Epoch 104/20000, Train Loss: 0.2675, Validation Set Manhattan Distance: 12.0, Mask Weight: 0.943
Epoch 105/20000, Train Loss: 0.2872, Validation Set Manhattan Distance: 12.0, Mask Weight: 0.943
Epoch 106/20000, Train Loss: 0.2780, Validation Set Manhattan Distance: 12.0, Mask Weight: 0.943
Epoch 107/20000, Train Loss: 0.3024, Validation Set Manhattan Distance: 12.0, Mask Weight: 0.943
Epoch 108/20000, Train Loss: 0.3034, Validation Set Manhattan Distance: 12.0, Mask Weight: 0.943
Epoch 109/20000, Train Loss: 0.3091, Validation Set Manhattan Distance: 12.0, Mask Weight: 0.943
Epoch 110/20000, Train Loss: 0.3752, Validation Set Manhattan Distance: 12.0, Mask Weight: 0.943
Epoch 111/20000, Train Loss: 0.2982, Validation Set Manhattan Distance: 12.0, Mask Weight: 0.943
Epoch 112/20000, Train Loss: 0.2760, Validation Set Manhattan Distance: 12.0, Mask Weight: 0.943
Epoch 113/20000, Train Loss: 0.2760, Validation Set Manhattan Distance: 12.0, Mask Weight: 0.943
Epoch 114/20000, Train Loss: 0.2750, Validation Set Manhattan Distance: 12.0, Mask Weight: 0.943
Epoch 115/20000, Train Loss: 0.2698, Validation Set Manhattan Distance: 12.0, Mask Weight: 0.943
Epoch 116/20000, Train Loss: 0.2656, Validation Set Manhattan Distance: 12.0, Mask Weight: 0.943
Epoch 117/20000, Train Loss: 0.2671, Validation Set Manhattan Distance: 12.0, Mask Weight: 0.943
Epoch 118/20000, Train Loss: 0.2660, Validation Set Manhattan Distance: 12.0, Mask Weight: 0.943
Epoch 119/20000, Train Loss: 0.2723, Validation Set Manhattan Distance: 12.0, Mask Weight: 0.943
Epoch 120/20000, Train Loss: 0.2839, Validation Set Manhattan Distance: 12.0, Mask Weight: 0.943
Epoch 121/20000, Train Loss: 0.2983, Validation Set Manhattan Distance: 12.0, Mask Weight: 0.943
Epoch 122/20000, Train Loss: 0.3044, Validation Set Manhattan Distance: 12.0, Mask Weight: 0.943
Epoch 123/20000, Train Loss: 0.2701, Validation Set Manhattan Distance: 12.0, Mask Weight: 0.943
Epoch 124/20000, Train Loss: 0.2815, Validation Set Manhattan Distance: 12.0, Mask Weight: 0.943
Epoch 125/20000, Train Loss: 0.2811, Validation Set Manhattan Distance: 12.0, Mask Weight: 0.943
Epoch 126/20000, Train Loss: 0.2891, Validation Set Manhattan Distance: 12.0, Mask Weight: 0.943
Epoch 127/20000, Train Loss: 0.2700, Validation Set Manhattan Distance: 12.0, Mask Weight: 0.943
Epoch 128/20000, Train Loss: 0.2623, Validation Set Manhattan Distance: 12.0, Mask Weight: 0.943
Epoch 129/20000, Train Loss: 0.2620, Validation Set Manhattan Distance: 12.0, Mask Weight: 0.943
Epoch 130/20000, Train Loss: 0.2573, Validation Set Manhattan Distance: 12.0, Mask Weight: 0.943
Epoch 131/20000, Train Loss: 0.2607, Validation Set Manhattan Distance: 12.0, Mask Weight: 0.943
Epoch 132/20000, Train Loss: 0.2655, Validation Set Manhattan Distance: 12.0, Mask Weight: 0.943
Epoch 133/20000, Train Loss: 0.2703, Validation Set Manhattan Distance: 12.0, Mask Weight: 0.943
Epoch 134/20000, Train Loss: 0.2600, Validation Set Manhattan Distance: 12.0, Mask Weight: 0.943
Epoch 135/20000, Train Loss: 0.2547, Validation Set Manhattan Distance: 12.0, Mask Weight: 0.943
Epoch 136/20000, Train Loss: 0.2516, Validation Set Manhattan Distance: 12.0, Mask Weight: 0.943
Epoch 137/20000, Train Loss: 0.2519, Validation Set Manhattan Distance: 12.0, Mask Weight: 0.943
Epoch 138/20000, Train Loss: 0.2520, Validation Set Manhattan Distance: 12.0, Mask Weight: 0.943
Epoch 139/20000, Train Loss: 0.2501, Validation Set Manhattan Distance: 12.0, Mask Weight: 0.943
Epoch 140/20000, Train Loss: 0.2506, Validation Set Manhattan Distance: 12.0, Mask Weight: 0.943
Epoch 141/20000, Train Loss: 0.2506, Validation Set Manhattan Distance: 12.0, Mask Weight: 0.943
Epoch 142/20000, Train Loss: 0.2513, Validation Set Manhattan Distance: 12.0, Mask Weight: 0.943
Epoch 143/20000, Train Loss: 0.2508, Validation Set Manhattan Distance: 12.0, Mask Weight: 0.943
Epoch 144/20000, Train Loss: 0.2494, Validation Set Manhattan Distance: 12.0, Mask Weight: 0.943
Epoch 145/20000, Train Loss: 0.2515, Validation Set Manhattan Distance: 12.0, Mask Weight: 0.943
Epoch 146/20000, Train Loss: 0.2550, Validation Set Manhattan Distance: 12.0, Mask Weight: 0.943
Epoch 147/20000, Train Loss: 0.2495, Validation Set Manhattan Distance: 12.0, Mask Weight: 0.943
Epoch 148/20000, Train Loss: 0.2662, Validation Set Manhattan Distance: 12.0, Mask Weight: 0.943
Epoch 149/20000, Train Loss: 0.4354, Validation Set Manhattan Distance: 12.0, Mask Weight: 0.943
Epoch 150/20000, Train Loss: 0.4161, Validation Set Manhattan Distance: 12.0, Mask Weight: 0.943
Epoch 151/20000, Train Loss: 0.6619, Validation Set Manhattan Distance: 12.0, Mask Weight: 0.943
Epoch 152/20000, Train Loss: 0.6346, Validation Set Manhattan Distance: 12.0, Mask Weight: 0.943
Epoch 153/20000, Train Loss: 0.4658, Validation Set Manhattan Distance: 12.0, Mask Weight: 0.943
Epoch 154/20000, Train Loss: 0.4176, Validation Set Manhattan Distance: 12.0, Mask Weight: 0.943
Epoch 155/20000, Train Loss: 0.3958, Validation Set Manhattan Distance: 12.0, Mask Weight: 0.943
Epoch 156/20000, Train Loss: 0.3469, Validation Set Manhattan Distance: 12.0, Mask Weight: 0.943
Epoch 157/20000, Train Loss: 0.3305, Validation Set Manhattan Distance: 12.0, Mask Weight: 0.943
Epoch 158/20000, Train Loss: 0.3174, Validation Set Manhattan Distance: 12.0, Mask Weight: 0.943
Epoch 159/20000, Train Loss: 0.3007, Validation Set Manhattan Distance: 12.0, Mask Weight: 0.943
Epoch 160/20000, Train Loss: 0.2862, Validation Set Manhattan Distance: 12.0, Mask Weight: 0.943
Epoch 161/20000, Train Loss: 0.2737, Validation Set Manhattan Distance: 12.0, Mask Weight: 0.943
Epoch 162/20000, Train Loss: 0.2664, Validation Set Manhattan Distance: 12.0, Mask Weight: 0.943
Epoch 163/20000, Train Loss: 0.2622, Validation Set Manhattan Distance: 12.0, Mask Weight: 0.943
Epoch 164/20000, Train Loss: 0.2663, Validation Set Manhattan Distance: 12.0, Mask Weight: 0.943
Epoch 165/20000, Train Loss: 0.2578, Validation Set Manhattan Distance: 12.0, Mask Weight: 0.943
Epoch 166/20000, Train Loss: 0.2536, Validation Set Manhattan Distance: 12.0, Mask Weight: 0.943
Epoch 167/20000, Train Loss: 0.2543, Validation Set Manhattan Distance: 12.0, Mask Weight: 0.943
Epoch 168/20000, Train Loss: 0.2523, Validation Set Manhattan Distance: 12.0, Mask Weight: 0.943
Epoch 169/20000, Train Loss: 0.2526, Validation Set Manhattan Distance: 12.0, Mask Weight: 0.943
Epoch 170/20000, Train Loss: 0.2515, Validation Set Manhattan Distance: 12.0, Mask Weight: 0.943
Epoch 171/20000, Train Loss: 0.2495, Validation Set Manhattan Distance: 12.0, Mask Weight: 0.943
Epoch 172/20000, Train Loss: 0.2496, Validation Set Manhattan Distance: 12.0, Mask Weight: 0.943
Epoch 173/20000, Train Loss: 0.2486, Validation Set Manhattan Distance: 12.0, Mask Weight: 0.943
Epoch 174/20000, Train Loss: 0.2495, Validation Set Manhattan Distance: 12.0, Mask Weight: 0.943
Epoch 175/20000, Train Loss: 0.2484, Validation Set Manhattan Distance: 12.0, Mask Weight: 0.943
Epoch 176/20000, Train Loss: 0.2490, Validation Set Manhattan Distance: 12.0, Mask Weight: 0.943
Epoch 177/20000, Train Loss: 0.2510, Validation Set Manhattan Distance: 12.0, Mask Weight: 0.943
Epoch 178/20000, Train Loss: 0.2487, Validation Set Manhattan Distance: 12.0, Mask Weight: 0.943
Epoch 179/20000, Train Loss: 0.2485, Validation Set Manhattan Distance: 12.0, Mask Weight: 0.943
Epoch 180/20000, Train Loss: 0.2485, Validation Set Manhattan Distance: 12.0, Mask Weight: 0.943
Epoch 181/20000, Train Loss: 0.2486, Validation Set Manhattan Distance: 12.0, Mask Weight: 0.943
Epoch 182/20000, Train Loss: 0.2507, Validation Set Manhattan Distance: 12.0, Mask Weight: 0.943
Epoch 183/20000, Train Loss: 0.2516, Validation Set Manhattan Distance: 12.0, Mask Weight: 0.943
Epoch 184/20000, Train Loss: 0.2531, Validation Set Manhattan Distance: 12.0, Mask Weight: 0.943
Epoch 185/20000, Train Loss: 0.2467, Validation Set Manhattan Distance: 12.0, Mask Weight: 0.943
Epoch 186/20000, Train Loss: 0.2491, Validation Set Manhattan Distance: 12.0, Mask Weight: 0.943
Epoch 187/20000, Train Loss: 0.2455, Validation Set Manhattan Distance: 12.0, Mask Weight: 0.943
Epoch 188/20000, Train Loss: 0.2513, Validation Set Manhattan Distance: 12.0, Mask Weight: 0.943
Epoch 189/20000, Train Loss: 0.2487, Validation Set Manhattan Distance: 12.0, Mask Weight: 0.943
Epoch 190/20000, Train Loss: 0.2494, Validation Set Manhattan Distance: 12.0, Mask Weight: 0.943
Epoch 191/20000, Train Loss: 0.2495, Validation Set Manhattan Distance: 12.0, Mask Weight: 0.943
Epoch 192/20000, Train Loss: 0.3329, Validation Set Manhattan Distance: 12.0, Mask Weight: 0.943
Epoch 193/20000, Train Loss: 0.4422, Validation Set Manhattan Distance: 12.0, Mask Weight: 0.943
Epoch 194/20000, Train Loss: 0.4274, Validation Set Manhattan Distance: 12.0, Mask Weight: 0.943
Epoch 195/20000, Train Loss: 0.3243, Validation Set Manhattan Distance: 12.0, Mask Weight: 0.943
Epoch 196/20000, Train Loss: 0.2989, Validation Set Manhattan Distance: 12.0, Mask Weight: 0.943
Epoch 197/20000, Train Loss: 0.2986, Validation Set Manhattan Distance: 12.0, Mask Weight: 0.943
Epoch 198/20000, Train Loss: 0.3114, Validation Set Manhattan Distance: 12.0, Mask Weight: 0.943
Epoch 199/20000, Train Loss: 0.2706, Validation Set Manhattan Distance: 12.0, Mask Weight: 0.943
Epoch 200/20000, Train Loss: 0.2700, Validation Set Manhattan Distance: 12.0, Mask Weight: 0.943
Epoch 201/20000, Train Loss: 0.2661, Validation Set Manhattan Distance: 12.0, Mask Weight: 0.943
Epoch 202/20000, Train Loss: 0.2583, Validation Set Manhattan Distance: 12.0, Mask Weight: 0.943
Epoch 203/20000, Train Loss: 0.2550, Validation Set Manhattan Distance: 12.0, Mask Weight: 0.943
Epoch 204/20000, Train Loss: 0.2613, Validation Set Manhattan Distance: 12.0, Mask Weight: 0.943
Epoch 205/20000, Train Loss: 0.2510, Validation Set Manhattan Distance: 12.0, Mask Weight: 0.943
Epoch 206/20000, Train Loss: 0.2499, Validation Set Manhattan Distance: 12.0, Mask Weight: 0.943
Epoch 207/20000, Train Loss: 0.2518, Validation Set Manhattan Distance: 12.0, Mask Weight: 0.943
Epoch 208/20000, Train Loss: 0.2487, Validation Set Manhattan Distance: 12.0, Mask Weight: 0.943
Epoch 209/20000, Train Loss: 0.2484, Validation Set Manhattan Distance: 12.0, Mask Weight: 0.943
Epoch 210/20000, Train Loss: 0.2485, Validation Set Manhattan Distance: 12.0, Mask Weight: 0.943
Epoch 211/20000, Train Loss: 0.2533, Validation Set Manhattan Distance: 12.0, Mask Weight: 0.943
Epoch 212/20000, Train Loss: 0.2472, Validation Set Manhattan Distance: 12.0, Mask Weight: 0.943
Epoch 213/20000, Train Loss: 0.2495, Validation Set Manhattan Distance: 12.0, Mask Weight: 0.943
Epoch 214/20000, Train Loss: 0.2522, Validation Set Manhattan Distance: 12.0, Mask Weight: 0.943
Epoch 215/20000, Train Loss: 0.2533, Validation Set Manhattan Distance: 12.0, Mask Weight: 0.943
Epoch 216/20000, Train Loss: 0.2471, Validation Set Manhattan Distance: 12.0, Mask Weight: 0.943
Epoch 217/20000, Train Loss: 0.2475, Validation Set Manhattan Distance: 12.0, Mask Weight: 0.943
Epoch 218/20000, Train Loss: 0.2467, Validation Set Manhattan Distance: 12.0, Mask Weight: 0.943
Epoch 219/20000, Train Loss: 0.2463, Validation Set Manhattan Distance: 12.0, Mask Weight: 0.943
Epoch 220/20000, Train Loss: 0.2457, Validation Set Manhattan Distance: 12.0, Mask Weight: 0.943
Epoch 221/20000, Train Loss: 0.2454, Validation Set Manhattan Distance: 12.0, Mask Weight: 0.943
Epoch 222/20000, Train Loss: 0.2435, Validation Set Manhattan Distance: 12.0, Mask Weight: 0.943
Epoch 223/20000, Train Loss: 0.2441, Validation Set Manhattan Distance: 12.0, Mask Weight: 0.943
Epoch 224/20000, Train Loss: 0.2436, Validation Set Manhattan Distance: 12.0, Mask Weight: 0.943
Epoch 225/20000, Train Loss: 0.2444, Validation Set Manhattan Distance: 12.0, Mask Weight: 0.943
Epoch 226/20000, Train Loss: 0.2463, Validation Set Manhattan Distance: 12.0, Mask Weight: 0.943
Epoch 227/20000, Train Loss: 0.2477, Validation Set Manhattan Distance: 12.0, Mask Weight: 0.943
Epoch 228/20000, Train Loss: 0.2459, Validation Set Manhattan Distance: 12.0, Mask Weight: 0.943
Epoch 229/20000, Train Loss: 0.2460, Validation Set Manhattan Distance: 12.0, Mask Weight: 0.943
Epoch 230/20000, Train Loss: 0.2450, Validation Set Manhattan Distance: 12.0, Mask Weight: 0.943
Epoch 231/20000, Train Loss: 0.2459, Validation Set Manhattan Distance: 12.0, Mask Weight: 0.943
Epoch 232/20000, Train Loss: 0.2437, Validation Set Manhattan Distance: 12.0, Mask Weight: 0.943
Epoch 233/20000, Train Loss: 0.2437, Validation Set Manhattan Distance: 12.0, Mask Weight: 0.943
Epoch 234/20000, Train Loss: 0.2452, Validation Set Manhattan Distance: 12.0, Mask Weight: 0.943
Epoch 235/20000, Train Loss: 0.2488, Validation Set Manhattan Distance: 12.0, Mask Weight: 0.943
Epoch 236/20000, Train Loss: 0.2436, Validation Set Manhattan Distance: 12.0, Mask Weight: 0.943
Epoch 237/20000, Train Loss: 0.2455, Validation Set Manhattan Distance: 12.0, Mask Weight: 0.943
Epoch 238/20000, Train Loss: 0.2442, Validation Set Manhattan Distance: 12.0, Mask Weight: 0.943
Epoch 239/20000, Train Loss: 0.2500, Validation Set Manhattan Distance: 12.0, Mask Weight: 0.943
Epoch 240/20000, Train Loss: 0.2443, Validation Set Manhattan Distance: 12.0, Mask Weight: 0.943
Epoch 241/20000, Train Loss: 0.2445, Validation Set Manhattan Distance: 12.0, Mask Weight: 0.943
Epoch 242/20000, Train Loss: 0.2478, Validation Set Manhattan Distance: 12.0, Mask Weight: 0.943
Epoch 243/20000, Train Loss: 0.2439, Validation Set Manhattan Distance: 12.0, Mask Weight: 0.943
Epoch 244/20000, Train Loss: 0.2435, Validation Set Manhattan Distance: 12.0, Mask Weight: 0.943
Epoch 245/20000, Train Loss: 0.2455, Validation Set Manhattan Distance: 12.0, Mask Weight: 0.943
Epoch 246/20000, Train Loss: 0.2499, Validation Set Manhattan Distance: 12.0, Mask Weight: 0.943
Epoch 247/20000, Train Loss: 0.2515, Validation Set Manhattan Distance: 12.0, Mask Weight: 0.943
Epoch 248/20000, Train Loss: 0.2608, Validation Set Manhattan Distance: 12.0, Mask Weight: 0.943
Epoch 249/20000, Train Loss: 0.2491, Validation Set Manhattan Distance: 12.0, Mask Weight: 0.943
Epoch 250/20000, Train Loss: 0.2490, Validation Set Manhattan Distance: 12.0, Mask Weight: 0.943
Epoch 251/20000, Train Loss: 0.2469, Validation Set Manhattan Distance: 12.0, Mask Weight: 0.943
Epoch 252/20000, Train Loss: 0.2447, Validation Set Manhattan Distance: 12.0, Mask Weight: 0.943
Epoch 253/20000, Train Loss: 0.2446, Validation Set Manhattan Distance: 12.0, Mask Weight: 0.943
Epoch 254/20000, Train Loss: 0.2445, Validation Set Manhattan Distance: 12.0, Mask Weight: 0.943
Epoch 255/20000, Train Loss: 0.2439, Validation Set Manhattan Distance: 12.0, Mask Weight: 0.943
Epoch 256/20000, Train Loss: 0.2430, Validation Set Manhattan Distance: 12.0, Mask Weight: 0.943
Epoch 257/20000, Train Loss: 0.2425, Validation Set Manhattan Distance: 12.0, Mask Weight: 0.943
Epoch 258/20000, Train Loss: 0.2425, Validation Set Manhattan Distance: 12.0, Mask Weight: 0.943
Epoch 259/20000, Train Loss: 0.2445, Validation Set Manhattan Distance: 12.0, Mask Weight: 0.943
Epoch 260/20000, Train Loss: 0.2415, Validation Set Manhattan Distance: 12.0, Mask Weight: 0.943
Epoch 261/20000, Train Loss: 0.2480, Validation Set Manhattan Distance: 12.0, Mask Weight: 0.943
Epoch 262/20000, Train Loss: 0.2446, Validation Set Manhattan Distance: 12.0, Mask Weight: 0.943
Epoch 263/20000, Train Loss: 0.2414, Validation Set Manhattan Distance: 12.0, Mask Weight: 0.943
Epoch 264/20000, Train Loss: 0.2436, Validation Set Manhattan Distance: 12.0, Mask Weight: 0.943
Epoch 265/20000, Train Loss: 0.2437, Validation Set Manhattan Distance: 12.0, Mask Weight: 0.943
Epoch 266/20000, Train Loss: 0.2420, Validation Set Manhattan Distance: 12.0, Mask Weight: 0.943
Epoch 267/20000, Train Loss: 0.2426, Validation Set Manhattan Distance: 12.0, Mask Weight: 0.943
Epoch 268/20000, Train Loss: 0.2426, Validation Set Manhattan Distance: 12.0, Mask Weight: 0.943
Epoch 269/20000, Train Loss: 0.2437, Validation Set Manhattan Distance: 12.0, Mask Weight: 0.943
Epoch 270/20000, Train Loss: 0.2435, Validation Set Manhattan Distance: 12.0, Mask Weight: 0.943
Epoch 271/20000, Train Loss: 0.2410, Validation Set Manhattan Distance: 12.0, Mask Weight: 0.943
Epoch 272/20000, Train Loss: 0.2431, Validation Set Manhattan Distance: 12.0, Mask Weight: 0.943
Epoch 273/20000, Train Loss: 0.2431, Validation Set Manhattan Distance: 12.0, Mask Weight: 0.943
Epoch 274/20000, Train Loss: 0.2452, Validation Set Manhattan Distance: 12.0, Mask Weight: 0.943
Epoch 275/20000, Train Loss: 0.2463, Validation Set Manhattan Distance: 12.0, Mask Weight: 0.943
Epoch 276/20000, Train Loss: 0.2518, Validation Set Manhattan Distance: 12.0, Mask Weight: 0.943
Epoch 277/20000, Train Loss: 0.2469, Validation Set Manhattan Distance: 12.0, Mask Weight: 0.943
Epoch 278/20000, Train Loss: 0.2440, Validation Set Manhattan Distance: 12.0, Mask Weight: 0.943
Epoch 279/20000, Train Loss: 0.2428, Validation Set Manhattan Distance: 12.0, Mask Weight: 0.943
Epoch 280/20000, Train Loss: 0.2427, Validation Set Manhattan Distance: 12.0, Mask Weight: 0.943
Epoch 281/20000, Train Loss: 0.2434, Validation Set Manhattan Distance: 12.0, Mask Weight: 0.943
Epoch 282/20000, Train Loss: 0.2421, Validation Set Manhattan Distance: 12.0, Mask Weight: 0.943
Epoch 283/20000, Train Loss: 0.2433, Validation Set Manhattan Distance: 12.0, Mask Weight: 0.943
Epoch 284/20000, Train Loss: 0.2427, Validation Set Manhattan Distance: 12.0, Mask Weight: 0.943
Epoch 285/20000, Train Loss: 0.2432, Validation Set Manhattan Distance: 12.0, Mask Weight: 0.943
Epoch 286/20000, Train Loss: 0.2426, Validation Set Manhattan Distance: 12.0, Mask Weight: 0.943
Epoch 287/20000, Train Loss: 0.2420, Validation Set Manhattan Distance: 12.0, Mask Weight: 0.943
Epoch 288/20000, Train Loss: 0.2418, Validation Set Manhattan Distance: 12.0, Mask Weight: 0.943
Epoch 289/20000, Train Loss: 0.2403, Validation Set Manhattan Distance: 12.0, Mask Weight: 0.943
Epoch 290/20000, Train Loss: 0.2409, Validation Set Manhattan Distance: 12.0, Mask Weight: 0.943
Epoch 291/20000, Train Loss: 0.2410, Validation Set Manhattan Distance: 12.0, Mask Weight: 0.943
Epoch 292/20000, Train Loss: 0.2408, Validation Set Manhattan Distance: 12.0, Mask Weight: 0.943
Epoch 293/20000, Train Loss: 0.2408, Validation Set Manhattan Distance: 12.0, Mask Weight: 0.943
Epoch 294/20000, Train Loss: 0.2480, Validation Set Manhattan Distance: 12.0, Mask Weight: 0.943
Epoch 295/20000, Train Loss: 0.2419, Validation Set Manhattan Distance: 12.0, Mask Weight: 0.943
Epoch 296/20000, Train Loss: 0.2439, Validation Set Manhattan Distance: 12.0, Mask Weight: 0.943
Epoch 297/20000, Train Loss: 0.2424, Validation Set Manhattan Distance: 12.0, Mask Weight: 0.943
Epoch 298/20000, Train Loss: 0.2482, Validation Set Manhattan Distance: 12.0, Mask Weight: 0.943
Epoch 299/20000, Train Loss: 0.2546, Validation Set Manhattan Distance: 12.0, Mask Weight: 0.943
Epoch 300/20000, Train Loss: 0.2458, Validation Set Manhattan Distance: 12.0, Mask Weight: 0.943
Epoch 301/20000, Train Loss: 0.2465, Validation Set Manhattan Distance: 12.0, Mask Weight: 0.943
Epoch 302/20000, Train Loss: 0.2451, Validation Set Manhattan Distance: 12.0, Mask Weight: 0.943
Epoch 303/20000, Train Loss: 0.2437, Validation Set Manhattan Distance: 12.0, Mask Weight: 0.943
Epoch 304/20000, Train Loss: 0.2412, Validation Set Manhattan Distance: 12.0, Mask Weight: 0.943
Epoch 305/20000, Train Loss: 0.2419, Validation Set Manhattan Distance: 12.0, Mask Weight: 0.943
Epoch 306/20000, Train Loss: 0.2396, Validation Set Manhattan Distance: 12.0, Mask Weight: 0.943
Epoch 307/20000, Train Loss: 0.2411, Validation Set Manhattan Distance: 12.0, Mask Weight: 0.943
Epoch 308/20000, Train Loss: 0.2404, Validation Set Manhattan Distance: 12.0, Mask Weight: 0.943
Epoch 309/20000, Train Loss: 0.2412, Validation Set Manhattan Distance: 12.0, Mask Weight: 0.943
Epoch 310/20000, Train Loss: 0.2405, Validation Set Manhattan Distance: 12.0, Mask Weight: 0.943
Epoch 311/20000, Train Loss: 0.2411, Validation Set Manhattan Distance: 12.0, Mask Weight: 0.943
Epoch 312/20000, Train Loss: 0.2423, Validation Set Manhattan Distance: 12.0, Mask Weight: 0.943
Epoch 313/20000, Train Loss: 0.2420, Validation Set Manhattan Distance: 12.0, Mask Weight: 0.943
Epoch 314/20000, Train Loss: 0.2417, Validation Set Manhattan Distance: 12.0, Mask Weight: 0.943
Epoch 315/20000, Train Loss: 0.2423, Validation Set Manhattan Distance: 12.0, Mask Weight: 0.943
Epoch 316/20000, Train Loss: 0.2410, Validation Set Manhattan Distance: 12.0, Mask Weight: 0.943
Epoch 317/20000, Train Loss: 0.2420, Validation Set Manhattan Distance: 12.0, Mask Weight: 0.943
Epoch 318/20000, Train Loss: 0.2452, Validation Set Manhattan Distance: 12.0, Mask Weight: 0.943
Epoch 319/20000, Train Loss: 0.2435, Validation Set Manhattan Distance: 12.0, Mask Weight: 0.943
Epoch 320/20000, Train Loss: 0.2412, Validation Set Manhattan Distance: 12.0, Mask Weight: 0.943
Epoch 321/20000, Train Loss: 0.2414, Validation Set Manhattan Distance: 12.0, Mask Weight: 0.943
Epoch 322/20000, Train Loss: 0.2420, Validation Set Manhattan Distance: 12.0, Mask Weight: 0.943
Epoch 323/20000, Train Loss: 0.2425, Validation Set Manhattan Distance: 12.0, Mask Weight: 0.943
Epoch 324/20000, Train Loss: 0.2402, Validation Set Manhattan Distance: 12.0, Mask Weight: 0.943
Epoch 325/20000, Train Loss: 0.2419, Validation Set Manhattan Distance: 12.0, Mask Weight: 0.943
Epoch 326/20000, Train Loss: 0.2430, Validation Set Manhattan Distance: 12.0, Mask Weight: 0.943
Epoch 327/20000, Train Loss: 0.2422, Validation Set Manhattan Distance: 12.0, Mask Weight: 0.943
Epoch 328/20000, Train Loss: 0.2443, Validation Set Manhattan Distance: 12.0, Mask Weight: 0.943
Epoch 329/20000, Train Loss: 0.2425, Validation Set Manhattan Distance: 12.0, Mask Weight: 0.943
Epoch 330/20000, Train Loss: 0.2413, Validation Set Manhattan Distance: 12.0, Mask Weight: 0.943
Epoch 331/20000, Train Loss: 0.2398, Validation Set Manhattan Distance: 12.0, Mask Weight: 0.943
Epoch 332/20000, Train Loss: 0.2406, Validation Set Manhattan Distance: 12.0, Mask Weight: 0.943
Epoch 333/20000, Train Loss: 0.2421, Validation Set Manhattan Distance: 12.0, Mask Weight: 0.943
Epoch 334/20000, Train Loss: 0.2420, Validation Set Manhattan Distance: 12.0, Mask Weight: 0.943
Epoch 335/20000, Train Loss: 0.2431, Validation Set Manhattan Distance: 12.0, Mask Weight: 0.943
Epoch 336/20000, Train Loss: 0.2465, Validation Set Manhattan Distance: 12.0, Mask Weight: 0.943
Epoch 337/20000, Train Loss: 0.2499, Validation Set Manhattan Distance: 12.0, Mask Weight: 0.943
Epoch 338/20000, Train Loss: 0.2469, Validation Set Manhattan Distance: 12.0, Mask Weight: 0.943
Epoch 339/20000, Train Loss: 0.2489, Validation Set Manhattan Distance: 12.0, Mask Weight: 0.943
Epoch 340/20000, Train Loss: 0.2445, Validation Set Manhattan Distance: 12.0, Mask Weight: 0.943
Epoch 341/20000, Train Loss: 0.2426, Validation Set Manhattan Distance: 12.0, Mask Weight: 0.943
Epoch 342/20000, Train Loss: 0.2413, Validation Set Manhattan Distance: 12.0, Mask Weight: 0.943
Epoch 343/20000, Train Loss: 0.2397, Validation Set Manhattan Distance: 12.0, Mask Weight: 0.943
Epoch 344/20000, Train Loss: 0.2461, Validation Set Manhattan Distance: 12.0, Mask Weight: 0.943
Epoch 345/20000, Train Loss: 0.6494, Validation Set Manhattan Distance: 12.0, Mask Weight: 0.943
Epoch 346/20000, Train Loss: 0.6781, Validation Set Manhattan Distance: 12.0, Mask Weight: 0.943
Epoch 347/20000, Train Loss: 0.6273, Validation Set Manhattan Distance: 12.0, Mask Weight: 0.943
Epoch 348/20000, Train Loss: 0.5531, Validation Set Manhattan Distance: 12.0, Mask Weight: 0.943
Epoch 349/20000, Train Loss: 0.4897, Validation Set Manhattan Distance: 12.0, Mask Weight: 0.943
Epoch 350/20000, Train Loss: 0.4773, Validation Set Manhattan Distance: 12.0, Mask Weight: 0.943
Epoch 351/20000, Train Loss: 0.4644, Validation Set Manhattan Distance: 12.0, Mask Weight: 0.943
Epoch 352/20000, Train Loss: 0.4490, Validation Set Manhattan Distance: 12.0, Mask Weight: 0.943
Epoch 353/20000, Train Loss: 0.4323, Validation Set Manhattan Distance: 12.0, Mask Weight: 0.943
Epoch 354/20000, Train Loss: 0.4122, Validation Set Manhattan Distance: 12.0, Mask Weight: 0.943
Epoch 355/20000, Train Loss: 0.3960, Validation Set Manhattan Distance: 12.0, Mask Weight: 0.943
Epoch 356/20000, Train Loss: 0.3795, Validation Set Manhattan Distance: 12.0, Mask Weight: 0.943
Epoch 357/20000, Train Loss: 0.3567, Validation Set Manhattan Distance: 12.0, Mask Weight: 0.943
Epoch 358/20000, Train Loss: 0.3249, Validation Set Manhattan Distance: 12.0, Mask Weight: 0.943
Epoch 359/20000, Train Loss: 0.3087, Validation Set Manhattan Distance: 12.0, Mask Weight: 0.943
Epoch 360/20000, Train Loss: 0.2744, Validation Set Manhattan Distance: 12.0, Mask Weight: 0.943
Epoch 361/20000, Train Loss: 0.3055, Validation Set Manhattan Distance: 12.0, Mask Weight: 0.943
Epoch 362/20000, Train Loss: 0.2862, Validation Set Manhattan Distance: 12.0, Mask Weight: 0.943
Epoch 363/20000, Train Loss: 0.2922, Validation Set Manhattan Distance: 12.0, Mask Weight: 0.943
Epoch 364/20000, Train Loss: 0.2886, Validation Set Manhattan Distance: 12.0, Mask Weight: 0.943
Epoch 365/20000, Train Loss: 0.2727, Validation Set Manhattan Distance: 12.0, Mask Weight: 0.943
Epoch 366/20000, Train Loss: 0.2687, Validation Set Manhattan Distance: 12.0, Mask Weight: 0.943
Epoch 367/20000, Train Loss: 0.2557, Validation Set Manhattan Distance: 12.0, Mask Weight: 0.943
Epoch 368/20000, Train Loss: 0.2494, Validation Set Manhattan Distance: 12.0, Mask Weight: 0.943
Epoch 369/20000, Train Loss: 0.2464, Validation Set Manhattan Distance: 12.0, Mask Weight: 0.943
Epoch 370/20000, Train Loss: 0.2447, Validation Set Manhattan Distance: 12.0, Mask Weight: 0.943
Epoch 371/20000, Train Loss: 0.2499, Validation Set Manhattan Distance: 12.0, Mask Weight: 0.943
Epoch 372/20000, Train Loss: 0.2571, Validation Set Manhattan Distance: 12.0, Mask Weight: 0.943
Epoch 373/20000, Train Loss: 0.3044, Validation Set Manhattan Distance: 12.0, Mask Weight: 0.943
Epoch 374/20000, Train Loss: 0.3088, Validation Set Manhattan Distance: 12.0, Mask Weight: 0.943
Epoch 375/20000, Train Loss: 0.2752, Validation Set Manhattan Distance: 12.0, Mask Weight: 0.943
Epoch 376/20000, Train Loss: 0.2962, Validation Set Manhattan Distance: 12.0, Mask Weight: 0.943
Epoch 377/20000, Train Loss: 0.2564, Validation Set Manhattan Distance: 12.0, Mask Weight: 0.943
Epoch 378/20000, Train Loss: 0.2636, Validation Set Manhattan Distance: 12.0, Mask Weight: 0.943
Epoch 379/20000, Train Loss: 0.2518, Validation Set Manhattan Distance: 12.0, Mask Weight: 0.943
Epoch 380/20000, Train Loss: 0.2463, Validation Set Manhattan Distance: 12.0, Mask Weight: 0.943
Epoch 381/20000, Train Loss: 0.2444, Validation Set Manhattan Distance: 12.0, Mask Weight: 0.943
Epoch 382/20000, Train Loss: 0.2441, Validation Set Manhattan Distance: 12.0, Mask Weight: 0.943
Epoch 383/20000, Train Loss: 0.2414, Validation Set Manhattan Distance: 12.0, Mask Weight: 0.943
Epoch 384/20000, Train Loss: 0.2461, Validation Set Manhattan Distance: 12.0, Mask Weight: 0.943
Epoch 385/20000, Train Loss: 0.2491, Validation Set Manhattan Distance: 12.0, Mask Weight: 0.943
Epoch 386/20000, Train Loss: 0.2441, Validation Set Manhattan Distance: 12.0, Mask Weight: 0.943
Epoch 387/20000, Train Loss: 0.2468, Validation Set Manhattan Distance: 12.0, Mask Weight: 0.943
Epoch 388/20000, Train Loss: 0.2445, Validation Set Manhattan Distance: 12.0, Mask Weight: 0.943
Epoch 389/20000, Train Loss: 0.2451, Validation Set Manhattan Distance: 12.0, Mask Weight: 0.943
Epoch 390/20000, Train Loss: 0.2465, Validation Set Manhattan Distance: 12.0, Mask Weight: 0.943
Epoch 391/20000, Train Loss: 0.2444, Validation Set Manhattan Distance: 12.0, Mask Weight: 0.943
Epoch 392/20000, Train Loss: 0.2418, Validation Set Manhattan Distance: 12.0, Mask Weight: 0.943
Epoch 393/20000, Train Loss: 0.2408, Validation Set Manhattan Distance: 12.0, Mask Weight: 0.943
Epoch 394/20000, Train Loss: 0.2411, Validation Set Manhattan Distance: 12.0, Mask Weight: 0.943
Epoch 395/20000, Train Loss: 0.2403, Validation Set Manhattan Distance: 12.0, Mask Weight: 0.943
Epoch 396/20000, Train Loss: 0.2399, Validation Set Manhattan Distance: 12.0, Mask Weight: 0.943
Epoch 397/20000, Train Loss: 0.2402, Validation Set Manhattan Distance: 12.0, Mask Weight: 0.943
Epoch 398/20000, Train Loss: 0.2421, Validation Set Manhattan Distance: 12.0, Mask Weight: 0.943
Epoch 399/20000, Train Loss: 0.2405, Validation Set Manhattan Distance: 12.0, Mask Weight: 0.943
Epoch 400/20000, Train Loss: 0.2442, Validation Set Manhattan Distance: 12.0, Mask Weight: 0.943
Epoch 401/20000, Train Loss: 0.2467, Validation Set Manhattan Distance: 12.0, Mask Weight: 0.943
Epoch 402/20000, Train Loss: 0.2424, Validation Set Manhattan Distance: 12.0, Mask Weight: 0.943
Epoch 403/20000, Train Loss: 0.2474, Validation Set Manhattan Distance: 12.0, Mask Weight: 0.943
Epoch 404/20000, Train Loss: 0.2433, Validation Set Manhattan Distance: 12.0, Mask Weight: 0.943
Epoch 405/20000, Train Loss: 0.2405, Validation Set Manhattan Distance: 12.0, Mask Weight: 0.943
Epoch 406/20000, Train Loss: 0.2398, Validation Set Manhattan Distance: 12.0, Mask Weight: 0.943
Epoch 407/20000, Train Loss: 0.2409, Validation Set Manhattan Distance: 12.0, Mask Weight: 0.943
Epoch 408/20000, Train Loss: 0.2418, Validation Set Manhattan Distance: 12.0, Mask Weight: 0.943
Epoch 409/20000, Train Loss: 0.2399, Validation Set Manhattan Distance: 12.0, Mask Weight: 0.943
Epoch 410/20000, Train Loss: 0.2392, Validation Set Manhattan Distance: 12.0, Mask Weight: 0.943
Epoch 411/20000, Train Loss: 0.2403, Validation Set Manhattan Distance: 12.0, Mask Weight: 0.943
Epoch 412/20000, Train Loss: 0.2406, Validation Set Manhattan Distance: 12.0, Mask Weight: 0.943
Epoch 413/20000, Train Loss: 0.2394, Validation Set Manhattan Distance: 12.0, Mask Weight: 0.943
Epoch 414/20000, Train Loss: 0.2397, Validation Set Manhattan Distance: 12.0, Mask Weight: 0.943
Epoch 415/20000, Train Loss: 0.2406, Validation Set Manhattan Distance: 12.0, Mask Weight: 0.943
Epoch 416/20000, Train Loss: 0.2415, Validation Set Manhattan Distance: 12.0, Mask Weight: 0.943
Epoch 417/20000, Train Loss: 0.2421, Validation Set Manhattan Distance: 12.0, Mask Weight: 0.943
Epoch 418/20000, Train Loss: 0.2403, Validation Set Manhattan Distance: 12.0, Mask Weight: 0.943
Epoch 419/20000, Train Loss: 0.2413, Validation Set Manhattan Distance: 12.0, Mask Weight: 0.943
Epoch 420/20000, Train Loss: 0.2407, Validation Set Manhattan Distance: 12.0, Mask Weight: 0.943
Epoch 421/20000, Train Loss: 0.2420, Validation Set Manhattan Distance: 12.0, Mask Weight: 0.943
Epoch 422/20000, Train Loss: 0.2411, Validation Set Manhattan Distance: 12.0, Mask Weight: 0.943
Epoch 423/20000, Train Loss: 0.2390, Validation Set Manhattan Distance: 12.0, Mask Weight: 0.943
Epoch 424/20000, Train Loss: 0.2418, Validation Set Manhattan Distance: 12.0, Mask Weight: 0.943
Epoch 425/20000, Train Loss: 0.2428, Validation Set Manhattan Distance: 12.0, Mask Weight: 0.943
Epoch 426/20000, Train Loss: 0.2427, Validation Set Manhattan Distance: 12.0, Mask Weight: 0.943
Epoch 427/20000, Train Loss: 0.2409, Validation Set Manhattan Distance: 12.0, Mask Weight: 0.943
Epoch 428/20000, Train Loss: 0.2415, Validation Set Manhattan Distance: 12.0, Mask Weight: 0.943
Epoch 429/20000, Train Loss: 0.2397, Validation Set Manhattan Distance: 12.0, Mask Weight: 0.943
Epoch 430/20000, Train Loss: 0.2405, Validation Set Manhattan Distance: 12.0, Mask Weight: 0.943
Epoch 431/20000, Train Loss: 0.2400, Validation Set Manhattan Distance: 12.0, Mask Weight: 0.943
Epoch 432/20000, Train Loss: 0.2388, Validation Set Manhattan Distance: 12.0, Mask Weight: 0.943
Epoch 433/20000, Train Loss: 0.2399, Validation Set Manhattan Distance: 12.0, Mask Weight: 0.943
Epoch 434/20000, Train Loss: 0.2410, Validation Set Manhattan Distance: 12.0, Mask Weight: 0.943
Epoch 435/20000, Train Loss: 0.2411, Validation Set Manhattan Distance: 12.0, Mask Weight: 0.943
Epoch 436/20000, Train Loss: 0.2420, Validation Set Manhattan Distance: 12.0, Mask Weight: 0.943
Epoch 437/20000, Train Loss: 0.2411, Validation Set Manhattan Distance: 12.0, Mask Weight: 0.943
Epoch 438/20000, Train Loss: 0.2403, Validation Set Manhattan Distance: 12.0, Mask Weight: 0.943
Epoch 439/20000, Train Loss: 0.2408, Validation Set Manhattan Distance: 12.0, Mask Weight: 0.943
Epoch 440/20000, Train Loss: 0.2436, Validation Set Manhattan Distance: 12.0, Mask Weight: 0.943
Epoch 441/20000, Train Loss: 0.2420, Validation Set Manhattan Distance: 12.0, Mask Weight: 0.943
Epoch 442/20000, Train Loss: 0.2413, Validation Set Manhattan Distance: 12.0, Mask Weight: 0.943
Epoch 443/20000, Train Loss: 0.2405, Validation Set Manhattan Distance: 12.0, Mask Weight: 0.943
Epoch 444/20000, Train Loss: 0.2409, Validation Set Manhattan Distance: 12.0, Mask Weight: 0.943
Epoch 445/20000, Train Loss: 0.2411, Validation Set Manhattan Distance: 12.0, Mask Weight: 0.943
Epoch 446/20000, Train Loss: 0.2409, Validation Set Manhattan Distance: 12.0, Mask Weight: 0.943
Epoch 447/20000, Train Loss: 0.2390, Validation Set Manhattan Distance: 12.0, Mask Weight: 0.943
Epoch 448/20000, Train Loss: 0.2395, Validation Set Manhattan Distance: 12.0, Mask Weight: 0.943
Epoch 449/20000, Train Loss: 0.2383, Validation Set Manhattan Distance: 12.0, Mask Weight: 0.943
Epoch 450/20000, Train Loss: 0.2392, Validation Set Manhattan Distance: 12.0, Mask Weight: 0.943
Epoch 451/20000, Train Loss: 0.2391, Validation Set Manhattan Distance: 12.0, Mask Weight: 0.943
Epoch 452/20000, Train Loss: 0.2394, Validation Set Manhattan Distance: 12.0, Mask Weight: 0.943
Epoch 453/20000, Train Loss: 0.2382, Validation Set Manhattan Distance: 12.0, Mask Weight: 0.943
Epoch 454/20000, Train Loss: 0.2411, Validation Set Manhattan Distance: 12.0, Mask Weight: 0.943
Epoch 455/20000, Train Loss: 0.2409, Validation Set Manhattan Distance: 12.0, Mask Weight: 0.943
Epoch 456/20000, Train Loss: 0.2391, Validation Set Manhattan Distance: 12.0, Mask Weight: 0.943
Epoch 457/20000, Train Loss: 0.2405, Validation Set Manhattan Distance: 12.0, Mask Weight: 0.943
Epoch 458/20000, Train Loss: 0.2399, Validation Set Manhattan Distance: 12.0, Mask Weight: 0.943
Epoch 459/20000, Train Loss: 0.2388, Validation Set Manhattan Distance: 12.0, Mask Weight: 0.943
Epoch 460/20000, Train Loss: 0.2398, Validation Set Manhattan Distance: 12.0, Mask Weight: 0.943
Epoch 461/20000, Train Loss: 0.2392, Validation Set Manhattan Distance: 12.0, Mask Weight: 0.943
Epoch 462/20000, Train Loss: 0.2385, Validation Set Manhattan Distance: 12.0, Mask Weight: 0.943
Epoch 463/20000, Train Loss: 0.2389, Validation Set Manhattan Distance: 12.0, Mask Weight: 0.943
Epoch 464/20000, Train Loss: 0.2389, Validation Set Manhattan Distance: 12.0, Mask Weight: 0.943
Epoch 465/20000, Train Loss: 0.2389, Validation Set Manhattan Distance: 12.0, Mask Weight: 0.943
Epoch 466/20000, Train Loss: 0.2396, Validation Set Manhattan Distance: 12.0, Mask Weight: 0.943
Epoch 467/20000, Train Loss: 0.2396, Validation Set Manhattan Distance: 12.0, Mask Weight: 0.943
Epoch 468/20000, Train Loss: 0.2398, Validation Set Manhattan Distance: 12.0, Mask Weight: 0.943
Epoch 469/20000, Train Loss: 0.2387, Validation Set Manhattan Distance: 12.0, Mask Weight: 0.943
Epoch 470/20000, Train Loss: 0.2386, Validation Set Manhattan Distance: 12.0, Mask Weight: 0.943
Epoch 471/20000, Train Loss: 0.2395, Validation Set Manhattan Distance: 12.0, Mask Weight: 0.943
Epoch 472/20000, Train Loss: 0.2400, Validation Set Manhattan Distance: 12.0, Mask Weight: 0.943
Epoch 473/20000, Train Loss: 0.2387, Validation Set Manhattan Distance: 12.0, Mask Weight: 0.943
Epoch 474/20000, Train Loss: 0.2394, Validation Set Manhattan Distance: 12.0, Mask Weight: 0.943
Epoch 475/20000, Train Loss: 0.2395, Validation Set Manhattan Distance: 12.0, Mask Weight: 0.943
Epoch 476/20000, Train Loss: 0.2409, Validation Set Manhattan Distance: 12.0, Mask Weight: 0.943
Epoch 477/20000, Train Loss: 0.2393, Validation Set Manhattan Distance: 12.0, Mask Weight: 0.943
Epoch 478/20000, Train Loss: 0.2443, Validation Set Manhattan Distance: 12.0, Mask Weight: 0.943
Epoch 479/20000, Train Loss: 0.2474, Validation Set Manhattan Distance: 12.0, Mask Weight: 0.943
Epoch 480/20000, Train Loss: 0.2494, Validation Set Manhattan Distance: 12.0, Mask Weight: 0.943
Epoch 481/20000, Train Loss: 0.2424, Validation Set Manhattan Distance: 12.0, Mask Weight: 0.943
Epoch 482/20000, Train Loss: 0.2424, Validation Set Manhattan Distance: 12.0, Mask Weight: 0.943
Epoch 483/20000, Train Loss: 0.2411, Validation Set Manhattan Distance: 12.0, Mask Weight: 0.943
Epoch 484/20000, Train Loss: 0.2434, Validation Set Manhattan Distance: 12.0, Mask Weight: 0.943
Epoch 485/20000, Train Loss: 0.2417, Validation Set Manhattan Distance: 12.0, Mask Weight: 0.943
Epoch 486/20000, Train Loss: 0.2430, Validation Set Manhattan Distance: 12.0, Mask Weight: 0.943
Epoch 487/20000, Train Loss: 0.2396, Validation Set Manhattan Distance: 12.0, Mask Weight: 0.943
Epoch 488/20000, Train Loss: 0.2421, Validation Set Manhattan Distance: 12.0, Mask Weight: 0.943
Epoch 489/20000, Train Loss: 0.2410, Validation Set Manhattan Distance: 12.0, Mask Weight: 0.943
Epoch 490/20000, Train Loss: 0.2397, Validation Set Manhattan Distance: 12.0, Mask Weight: 0.943
Epoch 491/20000, Train Loss: 0.2396, Validation Set Manhattan Distance: 12.0, Mask Weight: 0.943
Epoch 492/20000, Train Loss: 0.2400, Validation Set Manhattan Distance: 12.0, Mask Weight: 0.943
Epoch 493/20000, Train Loss: 0.2389, Validation Set Manhattan Distance: 12.0, Mask Weight: 0.943
Epoch 494/20000, Train Loss: 0.2388, Validation Set Manhattan Distance: 12.0, Mask Weight: 0.943
Epoch 495/20000, Train Loss: 0.2387, Validation Set Manhattan Distance: 12.0, Mask Weight: 0.943
Epoch 496/20000, Train Loss: 0.2393, Validation Set Manhattan Distance: 12.0, Mask Weight: 0.943
Epoch 497/20000, Train Loss: 0.2408, Validation Set Manhattan Distance: 12.0, Mask Weight: 0.943
Epoch 498/20000, Train Loss: 0.5449, Validation Set Manhattan Distance: 12.0, Mask Weight: 0.943
Epoch 499/20000, Train Loss: 0.5789, Validation Set Manhattan Distance: 12.0, Mask Weight: 0.943
Epoch 500/20000, Train Loss: 0.5070, Validation Set Manhattan Distance: 12.0, Mask Weight: 0.943
Epoch 501/20000, Train Loss: 0.4635, Validation Set Manhattan Distance: 12.0, Mask Weight: 0.943
Epoch 502/20000, Train Loss: 0.5013, Validation Set Manhattan Distance: 12.0, Mask Weight: 0.943
Epoch 503/20000, Train Loss: 0.4533, Validation Set Manhattan Distance: 12.0, Mask Weight: 0.943
Epoch 504/20000, Train Loss: 0.4216, Validation Set Manhattan Distance: 12.0, Mask Weight: 0.943
Epoch 505/20000, Train Loss: 0.4038, Validation Set Manhattan Distance: 12.0, Mask Weight: 0.943
Epoch 506/20000, Train Loss: 0.3949, Validation Set Manhattan Distance: 12.0, Mask Weight: 0.943
Epoch 507/20000, Train Loss: 0.3822, Validation Set Manhattan Distance: 12.0, Mask Weight: 0.943
Epoch 508/20000, Train Loss: 0.3692, Validation Set Manhattan Distance: 12.0, Mask Weight: 0.943
Epoch 509/20000, Train Loss: 0.3540, Validation Set Manhattan Distance: 12.0, Mask Weight: 0.943
Epoch 510/20000, Train Loss: 0.3396, Validation Set Manhattan Distance: 12.0, Mask Weight: 0.943
Epoch 511/20000, Train Loss: 0.3233, Validation Set Manhattan Distance: 12.0, Mask Weight: 0.943
Epoch 512/20000, Train Loss: 0.3085, Validation Set Manhattan Distance: 12.0, Mask Weight: 0.943
Epoch 513/20000, Train Loss: 0.2933, Validation Set Manhattan Distance: 12.0, Mask Weight: 0.943
Epoch 514/20000, Train Loss: 0.2809, Validation Set Manhattan Distance: 12.0, Mask Weight: 0.943
Epoch 515/20000, Train Loss: 0.2711, Validation Set Manhattan Distance: 12.0, Mask Weight: 0.943
Epoch 516/20000, Train Loss: 0.2614, Validation Set Manhattan Distance: 12.0, Mask Weight: 0.943
Epoch 517/20000, Train Loss: 0.2573, Validation Set Manhattan Distance: 12.0, Mask Weight: 0.943
Epoch 518/20000, Train Loss: 0.2514, Validation Set Manhattan Distance: 12.0, Mask Weight: 0.943
Epoch 519/20000, Train Loss: 0.2519, Validation Set Manhattan Distance: 12.0, Mask Weight: 0.943
Epoch 520/20000, Train Loss: 0.2874, Validation Set Manhattan Distance: 12.0, Mask Weight: 0.943
Epoch 521/20000, Train Loss: 0.3313, Validation Set Manhattan Distance: 12.0, Mask Weight: 0.943
Epoch 522/20000, Train Loss: 0.3156, Validation Set Manhattan Distance: 12.0, Mask Weight: 0.943
Epoch 523/20000, Train Loss: 0.2962, Validation Set Manhattan Distance: 12.0, Mask Weight: 0.943
Epoch 524/20000, Train Loss: 0.2865, Validation Set Manhattan Distance: 12.0, Mask Weight: 0.943
Epoch 525/20000, Train Loss: 0.2702, Validation Set Manhattan Distance: 12.0, Mask Weight: 0.943
Epoch 526/20000, Train Loss: 0.2802, Validation Set Manhattan Distance: 12.0, Mask Weight: 0.943
Epoch 527/20000, Train Loss: 0.2867, Validation Set Manhattan Distance: 12.0, Mask Weight: 0.943
Epoch 528/20000, Train Loss: 0.2792, Validation Set Manhattan Distance: 12.0, Mask Weight: 0.943
Epoch 529/20000, Train Loss: 0.2889, Validation Set Manhattan Distance: 12.0, Mask Weight: 0.943
Epoch 530/20000, Train Loss: 0.2571, Validation Set Manhattan Distance: 12.0, Mask Weight: 0.943
Epoch 531/20000, Train Loss: 0.2503, Validation Set Manhattan Distance: 12.0, Mask Weight: 0.943
Epoch 532/20000, Train Loss: 0.2488, Validation Set Manhattan Distance: 12.0, Mask Weight: 0.943
Epoch 533/20000, Train Loss: 0.2470, Validation Set Manhattan Distance: 12.0, Mask Weight: 0.943
Epoch 534/20000, Train Loss: 0.2453, Validation Set Manhattan Distance: 12.0, Mask Weight: 0.943
Epoch 535/20000, Train Loss: 0.2458, Validation Set Manhattan Distance: 12.0, Mask Weight: 0.943
Epoch 536/20000, Train Loss: 0.2431, Validation Set Manhattan Distance: 12.0, Mask Weight: 0.943
Epoch 537/20000, Train Loss: 0.2448, Validation Set Manhattan Distance: 12.0, Mask Weight: 0.943
Epoch 538/20000, Train Loss: 0.2470, Validation Set Manhattan Distance: 12.0, Mask Weight: 0.943
Epoch 539/20000, Train Loss: 0.2414, Validation Set Manhattan Distance: 12.0, Mask Weight: 0.943
Epoch 540/20000, Train Loss: 0.2448, Validation Set Manhattan Distance: 12.0, Mask Weight: 0.943
Epoch 541/20000, Train Loss: 0.2450, Validation Set Manhattan Distance: 12.0, Mask Weight: 0.943
Epoch 542/20000, Train Loss: 0.2486, Validation Set Manhattan Distance: 12.0, Mask Weight: 0.943
Epoch 543/20000, Train Loss: 0.2498, Validation Set Manhattan Distance: 12.0, Mask Weight: 0.943
Epoch 544/20000, Train Loss: 0.2454, Validation Set Manhattan Distance: 12.0, Mask Weight: 0.943
Epoch 545/20000, Train Loss: 0.2439, Validation Set Manhattan Distance: 12.0, Mask Weight: 0.943
Epoch 546/20000, Train Loss: 0.2420, Validation Set Manhattan Distance: 12.0, Mask Weight: 0.943
Epoch 547/20000, Train Loss: 0.2415, Validation Set Manhattan Distance: 12.0, Mask Weight: 0.943
Epoch 548/20000, Train Loss: 0.2409, Validation Set Manhattan Distance: 12.0, Mask Weight: 0.943
Epoch 549/20000, Train Loss: 0.2406, Validation Set Manhattan Distance: 12.0, Mask Weight: 0.943
Epoch 550/20000, Train Loss: 0.2413, Validation Set Manhattan Distance: 12.0, Mask Weight: 0.943
Epoch 551/20000, Train Loss: 0.2409, Validation Set Manhattan Distance: 12.0, Mask Weight: 0.943
Epoch 552/20000, Train Loss: 0.2423, Validation Set Manhattan Distance: 12.0, Mask Weight: 0.943
Epoch 553/20000, Train Loss: 0.2404, Validation Set Manhattan Distance: 12.0, Mask Weight: 0.943
Epoch 554/20000, Train Loss: 0.2411, Validation Set Manhattan Distance: 12.0, Mask Weight: 0.943
Epoch 555/20000, Train Loss: 0.2408, Validation Set Manhattan Distance: 12.0, Mask Weight: 0.943
Epoch 556/20000, Train Loss: 0.2409, Validation Set Manhattan Distance: 12.0, Mask Weight: 0.943
Epoch 557/20000, Train Loss: 0.2416, Validation Set Manhattan Distance: 12.0, Mask Weight: 0.943
Epoch 558/20000, Train Loss: 0.2428, Validation Set Manhattan Distance: 12.0, Mask Weight: 0.943
Epoch 559/20000, Train Loss: 0.2421, Validation Set Manhattan Distance: 12.0, Mask Weight: 0.943
Epoch 560/20000, Train Loss: 0.2388, Validation Set Manhattan Distance: 12.0, Mask Weight: 0.943
Epoch 561/20000, Train Loss: 0.2412, Validation Set Manhattan Distance: 12.0, Mask Weight: 0.943
Epoch 562/20000, Train Loss: 0.2415, Validation Set Manhattan Distance: 12.0, Mask Weight: 0.943
Epoch 563/20000, Train Loss: 0.2402, Validation Set Manhattan Distance: 12.0, Mask Weight: 0.943
Epoch 564/20000, Train Loss: 0.2397, Validation Set Manhattan Distance: 12.0, Mask Weight: 0.943
Epoch 565/20000, Train Loss: 0.2407, Validation Set Manhattan Distance: 12.0, Mask Weight: 0.943
Epoch 566/20000, Train Loss: 0.2425, Validation Set Manhattan Distance: 12.0, Mask Weight: 0.943
Epoch 567/20000, Train Loss: 0.2407, Validation Set Manhattan Distance: 12.0, Mask Weight: 0.943
Epoch 568/20000, Train Loss: 0.2398, Validation Set Manhattan Distance: 12.0, Mask Weight: 0.943
Epoch 569/20000, Train Loss: 0.2433, Validation Set Manhattan Distance: 12.0, Mask Weight: 0.943
Epoch 570/20000, Train Loss: 0.2433, Validation Set Manhattan Distance: 12.0, Mask Weight: 0.943
Epoch 571/20000, Train Loss: 0.2425, Validation Set Manhattan Distance: 12.0, Mask Weight: 0.943
Epoch 572/20000, Train Loss: 0.2502, Validation Set Manhattan Distance: 12.0, Mask Weight: 0.943
Epoch 573/20000, Train Loss: 0.2423, Validation Set Manhattan Distance: 12.0, Mask Weight: 0.943
Epoch 574/20000, Train Loss: 0.2429, Validation Set Manhattan Distance: 12.0, Mask Weight: 0.943
Epoch 575/20000, Train Loss: 0.2421, Validation Set Manhattan Distance: 12.0, Mask Weight: 0.943
Epoch 576/20000, Train Loss: 0.2412, Validation Set Manhattan Distance: 12.0, Mask Weight: 0.943
Epoch 577/20000, Train Loss: 0.2446, Validation Set Manhattan Distance: 12.0, Mask Weight: 0.943
Epoch 578/20000, Train Loss: 0.2436, Validation Set Manhattan Distance: 12.0, Mask Weight: 0.943
Epoch 579/20000, Train Loss: 0.2436, Validation Set Manhattan Distance: 12.0, Mask Weight: 0.943
Epoch 580/20000, Train Loss: 0.2427, Validation Set Manhattan Distance: 12.0, Mask Weight: 0.943
Epoch 581/20000, Train Loss: 0.2402, Validation Set Manhattan Distance: 12.0, Mask Weight: 0.943
Epoch 582/20000, Train Loss: 0.2409, Validation Set Manhattan Distance: 12.0, Mask Weight: 0.943
Epoch 583/20000, Train Loss: 0.2402, Validation Set Manhattan Distance: 12.0, Mask Weight: 0.943
Epoch 584/20000, Train Loss: 0.2405, Validation Set Manhattan Distance: 12.0, Mask Weight: 0.943
Epoch 585/20000, Train Loss: 0.2413, Validation Set Manhattan Distance: 12.0, Mask Weight: 0.943
Epoch 586/20000, Train Loss: 0.2393, Validation Set Manhattan Distance: 12.0, Mask Weight: 0.943
Epoch 587/20000, Train Loss: 0.2407, Validation Set Manhattan Distance: 12.0, Mask Weight: 0.943
Epoch 588/20000, Train Loss: 0.2402, Validation Set Manhattan Distance: 12.0, Mask Weight: 0.943
Epoch 589/20000, Train Loss: 0.2393, Validation Set Manhattan Distance: 12.0, Mask Weight: 0.943
Epoch 590/20000, Train Loss: 0.2399, Validation Set Manhattan Distance: 12.0, Mask Weight: 0.943
Epoch 591/20000, Train Loss: 0.2394, Validation Set Manhattan Distance: 12.0, Mask Weight: 0.943
Epoch 592/20000, Train Loss: 0.2403, Validation Set Manhattan Distance: 12.0, Mask Weight: 0.943
Epoch 593/20000, Train Loss: 0.2405, Validation Set Manhattan Distance: 12.0, Mask Weight: 0.943
Epoch 594/20000, Train Loss: 0.2422, Validation Set Manhattan Distance: 12.0, Mask Weight: 0.943
Epoch 595/20000, Train Loss: 0.2422, Validation Set Manhattan Distance: 12.0, Mask Weight: 0.943
Epoch 596/20000, Train Loss: 0.2400, Validation Set Manhattan Distance: 12.0, Mask Weight: 0.943
Epoch 597/20000, Train Loss: 0.2434, Validation Set Manhattan Distance: 12.0, Mask Weight: 0.943
Epoch 598/20000, Train Loss: 0.2456, Validation Set Manhattan Distance: 12.0, Mask Weight: 0.943
Epoch 599/20000, Train Loss: 0.2406, Validation Set Manhattan Distance: 12.0, Mask Weight: 0.943
Epoch 600/20000, Train Loss: 0.2406, Validation Set Manhattan Distance: 12.0, Mask Weight: 0.943
Epoch 601/20000, Train Loss: 0.2402, Validation Set Manhattan Distance: 12.0, Mask Weight: 0.943
Epoch 602/20000, Train Loss: 0.2387, Validation Set Manhattan Distance: 12.0, Mask Weight: 0.943
Epoch 603/20000, Train Loss: 0.2408, Validation Set Manhattan Distance: 12.0, Mask Weight: 0.943
Epoch 604/20000, Train Loss: 0.2405, Validation Set Manhattan Distance: 12.0, Mask Weight: 0.943
Epoch 605/20000, Train Loss: 0.2374, Validation Set Manhattan Distance: 12.0, Mask Weight: 0.943
Epoch 606/20000, Train Loss: 0.2408, Validation Set Manhattan Distance: 12.0, Mask Weight: 0.943
Epoch 607/20000, Train Loss: 0.2392, Validation Set Manhattan Distance: 12.0, Mask Weight: 0.943
Epoch 608/20000, Train Loss: 0.2397, Validation Set Manhattan Distance: 12.0, Mask Weight: 0.943
Epoch 609/20000, Train Loss: 0.2392, Validation Set Manhattan Distance: 12.0, Mask Weight: 0.943
Epoch 610/20000, Train Loss: 0.2389, Validation Set Manhattan Distance: 12.0, Mask Weight: 0.943
Epoch 611/20000, Train Loss: 0.2423, Validation Set Manhattan Distance: 12.0, Mask Weight: 0.943
Epoch 612/20000, Train Loss: 0.2386, Validation Set Manhattan Distance: 12.0, Mask Weight: 0.943
Epoch 613/20000, Train Loss: 0.2403, Validation Set Manhattan Distance: 12.0, Mask Weight: 0.943
Epoch 614/20000, Train Loss: 0.2393, Validation Set Manhattan Distance: 12.0, Mask Weight: 0.943
Epoch 615/20000, Train Loss: 0.2381, Validation Set Manhattan Distance: 12.0, Mask Weight: 0.943
Epoch 616/20000, Train Loss: 0.2391, Validation Set Manhattan Distance: 12.0, Mask Weight: 0.943
Epoch 617/20000, Train Loss: 0.2390, Validation Set Manhattan Distance: 12.0, Mask Weight: 0.943
Epoch 618/20000, Train Loss: 0.2388, Validation Set Manhattan Distance: 12.0, Mask Weight: 0.943
Epoch 619/20000, Train Loss: 0.2389, Validation Set Manhattan Distance: 12.0, Mask Weight: 0.943
Epoch 620/20000, Train Loss: 0.2394, Validation Set Manhattan Distance: 12.0, Mask Weight: 0.943
Epoch 621/20000, Train Loss: 0.2390, Validation Set Manhattan Distance: 12.0, Mask Weight: 0.943
Epoch 622/20000, Train Loss: 0.2387, Validation Set Manhattan Distance: 12.0, Mask Weight: 0.943
Epoch 623/20000, Train Loss: 0.2407, Validation Set Manhattan Distance: 12.0, Mask Weight: 0.943
Epoch 624/20000, Train Loss: 0.2394, Validation Set Manhattan Distance: 12.0, Mask Weight: 0.943
Epoch 625/20000, Train Loss: 0.2413, Validation Set Manhattan Distance: 12.0, Mask Weight: 0.943
Epoch 626/20000, Train Loss: 0.2394, Validation Set Manhattan Distance: 12.0, Mask Weight: 0.943
Epoch 627/20000, Train Loss: 0.2375, Validation Set Manhattan Distance: 12.0, Mask Weight: 0.943
Epoch 628/20000, Train Loss: 0.2407, Validation Set Manhattan Distance: 12.0, Mask Weight: 0.943
Epoch 629/20000, Train Loss: 0.2398, Validation Set Manhattan Distance: 12.0, Mask Weight: 0.943
Epoch 630/20000, Train Loss: 0.2393, Validation Set Manhattan Distance: 12.0, Mask Weight: 0.943
Epoch 631/20000, Train Loss: 0.2408, Validation Set Manhattan Distance: 12.0, Mask Weight: 0.943
Epoch 632/20000, Train Loss: 0.2408, Validation Set Manhattan Distance: 12.0, Mask Weight: 0.943
Epoch 633/20000, Train Loss: 0.2390, Validation Set Manhattan Distance: 12.0, Mask Weight: 0.943
Epoch 634/20000, Train Loss: 0.2384, Validation Set Manhattan Distance: 12.0, Mask Weight: 0.943
Epoch 635/20000, Train Loss: 0.2386, Validation Set Manhattan Distance: 12.0, Mask Weight: 0.943
Epoch 636/20000, Train Loss: 0.2394, Validation Set Manhattan Distance: 12.0, Mask Weight: 0.943
Epoch 637/20000, Train Loss: 0.2377, Validation Set Manhattan Distance: 12.0, Mask Weight: 0.943
Epoch 638/20000, Train Loss: 0.2408, Validation Set Manhattan Distance: 12.0, Mask Weight: 0.943
Epoch 639/20000, Train Loss: 0.2410, Validation Set Manhattan Distance: 12.0, Mask Weight: 0.943
Epoch 640/20000, Train Loss: 0.2384, Validation Set Manhattan Distance: 12.0, Mask Weight: 0.943
Epoch 641/20000, Train Loss: 0.2401, Validation Set Manhattan Distance: 12.0, Mask Weight: 0.943
Epoch 642/20000, Train Loss: 0.2400, Validation Set Manhattan Distance: 12.0, Mask Weight: 0.943
Epoch 643/20000, Train Loss: 0.2387, Validation Set Manhattan Distance: 12.0, Mask Weight: 0.943
Epoch 644/20000, Train Loss: 0.2390, Validation Set Manhattan Distance: 12.0, Mask Weight: 0.943
Epoch 645/20000, Train Loss: 0.2421, Validation Set Manhattan Distance: 12.0, Mask Weight: 0.943
Epoch 646/20000, Train Loss: 0.2390, Validation Set Manhattan Distance: 12.0, Mask Weight: 0.943
Epoch 647/20000, Train Loss: 0.2379, Validation Set Manhattan Distance: 12.0, Mask Weight: 0.943
Epoch 648/20000, Train Loss: 0.2396, Validation Set Manhattan Distance: 12.0, Mask Weight: 0.943
Epoch 649/20000, Train Loss: 0.2378, Validation Set Manhattan Distance: 12.0, Mask Weight: 0.943
Epoch 650/20000, Train Loss: 0.2388, Validation Set Manhattan Distance: 12.0, Mask Weight: 0.943
Epoch 651/20000, Train Loss: 0.2380, Validation Set Manhattan Distance: 12.0, Mask Weight: 0.943
Epoch 652/20000, Train Loss: 0.2390, Validation Set Manhattan Distance: 12.0, Mask Weight: 0.943
Epoch 653/20000, Train Loss: 0.3071, Validation Set Manhattan Distance: 12.0, Mask Weight: 0.943
Epoch 654/20000, Train Loss: 0.7721, Validation Set Manhattan Distance: 12.0, Mask Weight: 0.943
Epoch 655/20000, Train Loss: 0.5215, Validation Set Manhattan Distance: 12.0, Mask Weight: 0.943
Epoch 656/20000, Train Loss: 0.4807, Validation Set Manhattan Distance: 12.0, Mask Weight: 0.943
Epoch 657/20000, Train Loss: 0.4666, Validation Set Manhattan Distance: 12.0, Mask Weight: 0.943
Epoch 658/20000, Train Loss: 0.4566, Validation Set Manhattan Distance: 12.0, Mask Weight: 0.943
Epoch 659/20000, Train Loss: 0.4430, Validation Set Manhattan Distance: 12.0, Mask Weight: 0.943
Epoch 660/20000, Train Loss: 0.4325, Validation Set Manhattan Distance: 12.0, Mask Weight: 0.943
Epoch 661/20000, Train Loss: 0.4240, Validation Set Manhattan Distance: 12.0, Mask Weight: 0.943
Epoch 662/20000, Train Loss: 0.4164, Validation Set Manhattan Distance: 12.0, Mask Weight: 0.943
Epoch 663/20000, Train Loss: 0.4114, Validation Set Manhattan Distance: 12.0, Mask Weight: 0.943
Epoch 664/20000, Train Loss: 0.4084, Validation Set Manhattan Distance: 12.0, Mask Weight: 0.943
Epoch 665/20000, Train Loss: 0.4032, Validation Set Manhattan Distance: 12.0, Mask Weight: 0.943
Epoch 666/20000, Train Loss: 0.3978, Validation Set Manhattan Distance: 12.0, Mask Weight: 0.943
Epoch 667/20000, Train Loss: 0.3876, Validation Set Manhattan Distance: 12.0, Mask Weight: 0.943
Epoch 668/20000, Train Loss: 0.3761, Validation Set Manhattan Distance: 12.0, Mask Weight: 0.943
Epoch 669/20000, Train Loss: 0.3603, Validation Set Manhattan Distance: 12.0, Mask Weight: 0.943
Epoch 670/20000, Train Loss: 0.3449, Validation Set Manhattan Distance: 12.0, Mask Weight: 0.943
Epoch 671/20000, Train Loss: 0.3379, Validation Set Manhattan Distance: 12.0, Mask Weight: 0.943
Epoch 672/20000, Train Loss: 0.3210, Validation Set Manhattan Distance: 12.0, Mask Weight: 0.943
Epoch 673/20000, Train Loss: 0.3403, Validation Set Manhattan Distance: 12.0, Mask Weight: 0.943
Epoch 674/20000, Train Loss: 0.3171, Validation Set Manhattan Distance: 12.0, Mask Weight: 0.943
Epoch 675/20000, Train Loss: 0.3000, Validation Set Manhattan Distance: 12.0, Mask Weight: 0.943
Epoch 676/20000, Train Loss: 0.3072, Validation Set Manhattan Distance: 12.0, Mask Weight: 0.943
Epoch 677/20000, Train Loss: 0.3100, Validation Set Manhattan Distance: 12.0, Mask Weight: 0.943
Epoch 678/20000, Train Loss: 0.3261, Validation Set Manhattan Distance: 12.0, Mask Weight: 0.943
Epoch 679/20000, Train Loss: 0.3212, Validation Set Manhattan Distance: 12.0, Mask Weight: 0.943
Epoch 680/20000, Train Loss: 0.3843, Validation Set Manhattan Distance: 12.0, Mask Weight: 0.943
Epoch 681/20000, Train Loss: 0.3444, Validation Set Manhattan Distance: 12.0, Mask Weight: 0.943
Epoch 682/20000, Train Loss: 0.3152, Validation Set Manhattan Distance: 12.0, Mask Weight: 0.943
Epoch 683/20000, Train Loss: 0.3012, Validation Set Manhattan Distance: 12.0, Mask Weight: 0.943
Epoch 684/20000, Train Loss: 0.3020, Validation Set Manhattan Distance: 12.0, Mask Weight: 0.943
Epoch 685/20000, Train Loss: 0.3256, Validation Set Manhattan Distance: 12.0, Mask Weight: 0.943
Epoch 686/20000, Train Loss: 0.2939, Validation Set Manhattan Distance: 12.0, Mask Weight: 0.943
Epoch 687/20000, Train Loss: 0.3037, Validation Set Manhattan Distance: 12.0, Mask Weight: 0.943
Epoch 688/20000, Train Loss: 0.2855, Validation Set Manhattan Distance: 12.0, Mask Weight: 0.943
Epoch 689/20000, Train Loss: 0.3083, Validation Set Manhattan Distance: 12.0, Mask Weight: 0.943
Epoch 690/20000, Train Loss: 0.2911, Validation Set Manhattan Distance: 12.0, Mask Weight: 0.943
Epoch 691/20000, Train Loss: 0.2960, Validation Set Manhattan Distance: 12.0, Mask Weight: 0.943
Epoch 692/20000, Train Loss: 0.2768, Validation Set Manhattan Distance: 12.0, Mask Weight: 0.943
Epoch 693/20000, Train Loss: 0.2804, Validation Set Manhattan Distance: 12.0, Mask Weight: 0.943
Epoch 694/20000, Train Loss: 0.2680, Validation Set Manhattan Distance: 12.0, Mask Weight: 0.943
Epoch 695/20000, Train Loss: 0.2653, Validation Set Manhattan Distance: 12.0, Mask Weight: 0.943
Epoch 696/20000, Train Loss: 0.2641, Validation Set Manhattan Distance: 12.0, Mask Weight: 0.943
Epoch 697/20000, Train Loss: 0.2698, Validation Set Manhattan Distance: 12.0, Mask Weight: 0.943
Epoch 698/20000, Train Loss: 0.2689, Validation Set Manhattan Distance: 12.0, Mask Weight: 0.943
Epoch 699/20000, Train Loss: 0.2990, Validation Set Manhattan Distance: 12.0, Mask Weight: 0.943
Epoch 700/20000, Train Loss: 0.3031, Validation Set Manhattan Distance: 12.0, Mask Weight: 0.943
Epoch 701/20000, Train Loss: 0.2815, Validation Set Manhattan Distance: 12.0, Mask Weight: 0.943
Epoch 702/20000, Train Loss: 0.2698, Validation Set Manhattan Distance: 12.0, Mask Weight: 0.943
Epoch 703/20000, Train Loss: 0.2595, Validation Set Manhattan Distance: 12.0, Mask Weight: 0.943
Epoch 704/20000, Train Loss: 0.2585, Validation Set Manhattan Distance: 12.0, Mask Weight: 0.943
Epoch 705/20000, Train Loss: 0.2527, Validation Set Manhattan Distance: 12.0, Mask Weight: 0.943
Epoch 706/20000, Train Loss: 0.2641, Validation Set Manhattan Distance: 12.0, Mask Weight: 0.943
Epoch 707/20000, Train Loss: 0.2551, Validation Set Manhattan Distance: 12.0, Mask Weight: 0.943
Epoch 708/20000, Train Loss: 0.2499, Validation Set Manhattan Distance: 12.0, Mask Weight: 0.943
Epoch 709/20000, Train Loss: 0.2518, Validation Set Manhattan Distance: 12.0, Mask Weight: 0.943
Epoch 710/20000, Train Loss: 0.2461, Validation Set Manhattan Distance: 12.0, Mask Weight: 0.943
Epoch 711/20000, Train Loss: 0.2424, Validation Set Manhattan Distance: 12.0, Mask Weight: 0.943
Epoch 712/20000, Train Loss: 0.2464, Validation Set Manhattan Distance: 12.0, Mask Weight: 0.943
Epoch 713/20000, Train Loss: 0.2410, Validation Set Manhattan Distance: 12.0, Mask Weight: 0.943
Epoch 714/20000, Train Loss: 0.2429, Validation Set Manhattan Distance: 12.0, Mask Weight: 0.943
Epoch 715/20000, Train Loss: 0.2416, Validation Set Manhattan Distance: 12.0, Mask Weight: 0.943
Epoch 716/20000, Train Loss: 0.2464, Validation Set Manhattan Distance: 12.0, Mask Weight: 0.943
Epoch 717/20000, Train Loss: 0.2496, Validation Set Manhattan Distance: 12.0, Mask Weight: 0.943
Epoch 718/20000, Train Loss: 0.2461, Validation Set Manhattan Distance: 12.0, Mask Weight: 0.943
Epoch 719/20000, Train Loss: 0.2523, Validation Set Manhattan Distance: 12.0, Mask Weight: 0.943
Epoch 720/20000, Train Loss: 0.2774, Validation Set Manhattan Distance: 12.0, Mask Weight: 0.943
Epoch 721/20000, Train Loss: 0.2914, Validation Set Manhattan Distance: 12.0, Mask Weight: 0.943
Epoch 722/20000, Train Loss: 0.3330, Validation Set Manhattan Distance: 12.0, Mask Weight: 0.943
Epoch 723/20000, Train Loss: 0.3864, Validation Set Manhattan Distance: 12.0, Mask Weight: 0.943
Epoch 724/20000, Train Loss: 0.3402, Validation Set Manhattan Distance: 12.0, Mask Weight: 0.943
Epoch 725/20000, Train Loss: 0.3653, Validation Set Manhattan Distance: 12.0, Mask Weight: 0.943
Epoch 726/20000, Train Loss: 0.3006, Validation Set Manhattan Distance: 12.0, Mask Weight: 0.943
Epoch 727/20000, Train Loss: 0.2809, Validation Set Manhattan Distance: 12.0, Mask Weight: 0.943
Epoch 728/20000, Train Loss: 0.2737, Validation Set Manhattan Distance: 12.0, Mask Weight: 0.943
Epoch 729/20000, Train Loss: 0.2627, Validation Set Manhattan Distance: 12.0, Mask Weight: 0.943
Epoch 730/20000, Train Loss: 0.2575, Validation Set Manhattan Distance: 12.0, Mask Weight: 0.943
Epoch 731/20000, Train Loss: 0.2549, Validation Set Manhattan Distance: 12.0, Mask Weight: 0.943
Epoch 732/20000, Train Loss: 0.2506, Validation Set Manhattan Distance: 12.0, Mask Weight: 0.943
Epoch 733/20000, Train Loss: 0.2494, Validation Set Manhattan Distance: 12.0, Mask Weight: 0.943
Epoch 734/20000, Train Loss: 0.2477, Validation Set Manhattan Distance: 12.0, Mask Weight: 0.943
Epoch 735/20000, Train Loss: 0.2448, Validation Set Manhattan Distance: 12.0, Mask Weight: 0.943
Epoch 736/20000, Train Loss: 0.2435, Validation Set Manhattan Distance: 12.0, Mask Weight: 0.943
Epoch 737/20000, Train Loss: 0.2422, Validation Set Manhattan Distance: 12.0, Mask Weight: 0.943
Epoch 738/20000, Train Loss: 0.2424, Validation Set Manhattan Distance: 12.0, Mask Weight: 0.943
Epoch 739/20000, Train Loss: 0.2418, Validation Set Manhattan Distance: 12.0, Mask Weight: 0.943
Epoch 740/20000, Train Loss: 0.2426, Validation Set Manhattan Distance: 12.0, Mask Weight: 0.943
Epoch 741/20000, Train Loss: 0.2404, Validation Set Manhattan Distance: 12.0, Mask Weight: 0.943
Epoch 742/20000, Train Loss: 0.2426, Validation Set Manhattan Distance: 12.0, Mask Weight: 0.943
Epoch 743/20000, Train Loss: 0.2423, Validation Set Manhattan Distance: 12.0, Mask Weight: 0.943
Epoch 744/20000, Train Loss: 0.2383, Validation Set Manhattan Distance: 12.0, Mask Weight: 0.943
Epoch 745/20000, Train Loss: 0.2433, Validation Set Manhattan Distance: 12.0, Mask Weight: 0.943
Epoch 746/20000, Train Loss: 0.2420, Validation Set Manhattan Distance: 12.0, Mask Weight: 0.943
Epoch 747/20000, Train Loss: 0.2417, Validation Set Manhattan Distance: 12.0, Mask Weight: 0.943
Epoch 748/20000, Train Loss: 0.2400, Validation Set Manhattan Distance: 12.0, Mask Weight: 0.943
Epoch 749/20000, Train Loss: 0.2396, Validation Set Manhattan Distance: 12.0, Mask Weight: 0.943
Epoch 750/20000, Train Loss: 0.2392, Validation Set Manhattan Distance: 12.0, Mask Weight: 0.943
Epoch 751/20000, Train Loss: 0.2388, Validation Set Manhattan Distance: 12.0, Mask Weight: 0.943
Epoch 752/20000, Train Loss: 0.2380, Validation Set Manhattan Distance: 12.0, Mask Weight: 0.943
Epoch 753/20000, Train Loss: 0.2410, Validation Set Manhattan Distance: 12.0, Mask Weight: 0.943
Epoch 754/20000, Train Loss: 0.2397, Validation Set Manhattan Distance: 12.0, Mask Weight: 0.943
Epoch 755/20000, Train Loss: 0.2406, Validation Set Manhattan Distance: 12.0, Mask Weight: 0.943
Epoch 756/20000, Train Loss: 0.2406, Validation Set Manhattan Distance: 12.0, Mask Weight: 0.943
Epoch 757/20000, Train Loss: 0.2413, Validation Set Manhattan Distance: 12.0, Mask Weight: 0.943
Epoch 758/20000, Train Loss: 0.2401, Validation Set Manhattan Distance: 12.0, Mask Weight: 0.943
Epoch 759/20000, Train Loss: 0.2401, Validation Set Manhattan Distance: 12.0, Mask Weight: 0.943
Epoch 760/20000, Train Loss: 0.2386, Validation Set Manhattan Distance: 12.0, Mask Weight: 0.943
Epoch 761/20000, Train Loss: 0.2393, Validation Set Manhattan Distance: 12.0, Mask Weight: 0.943
Epoch 762/20000, Train Loss: 0.2391, Validation Set Manhattan Distance: 12.0, Mask Weight: 0.943
Epoch 763/20000, Train Loss: 0.2401, Validation Set Manhattan Distance: 12.0, Mask Weight: 0.943
Epoch 764/20000, Train Loss: 0.2382, Validation Set Manhattan Distance: 12.0, Mask Weight: 0.943
Epoch 765/20000, Train Loss: 0.2404, Validation Set Manhattan Distance: 12.0, Mask Weight: 0.943
Epoch 766/20000, Train Loss: 0.2392, Validation Set Manhattan Distance: 12.0, Mask Weight: 0.943
Epoch 767/20000, Train Loss: 0.2381, Validation Set Manhattan Distance: 12.0, Mask Weight: 0.943
Epoch 768/20000, Train Loss: 0.2392, Validation Set Manhattan Distance: 12.0, Mask Weight: 0.943
Epoch 769/20000, Train Loss: 0.2381, Validation Set Manhattan Distance: 12.0, Mask Weight: 0.943
Epoch 770/20000, Train Loss: 0.2388, Validation Set Manhattan Distance: 12.0, Mask Weight: 0.943
Epoch 771/20000, Train Loss: 0.2419, Validation Set Manhattan Distance: 12.0, Mask Weight: 0.943
Epoch 772/20000, Train Loss: 0.2384, Validation Set Manhattan Distance: 12.0, Mask Weight: 0.943
Epoch 773/20000, Train Loss: 0.2391, Validation Set Manhattan Distance: 12.0, Mask Weight: 0.943
Epoch 774/20000, Train Loss: 0.2388, Validation Set Manhattan Distance: 12.0, Mask Weight: 0.943
Epoch 775/20000, Train Loss: 0.2378, Validation Set Manhattan Distance: 12.0, Mask Weight: 0.943
Epoch 776/20000, Train Loss: 0.2388, Validation Set Manhattan Distance: 12.0, Mask Weight: 0.943
Epoch 777/20000, Train Loss: 0.2386, Validation Set Manhattan Distance: 12.0, Mask Weight: 0.943
Epoch 778/20000, Train Loss: 0.2375, Validation Set Manhattan Distance: 12.0, Mask Weight: 0.943
Epoch 779/20000, Train Loss: 0.2429, Validation Set Manhattan Distance: 12.0, Mask Weight: 0.943
Epoch 780/20000, Train Loss: 0.2401, Validation Set Manhattan Distance: 12.0, Mask Weight: 0.943
Epoch 781/20000, Train Loss: 0.2369, Validation Set Manhattan Distance: 12.0, Mask Weight: 0.943
Epoch 782/20000, Train Loss: 0.2393, Validation Set Manhattan Distance: 12.0, Mask Weight: 0.943
Epoch 783/20000, Train Loss: 0.2386, Validation Set Manhattan Distance: 12.0, Mask Weight: 0.943
Epoch 784/20000, Train Loss: 0.2375, Validation Set Manhattan Distance: 12.0, Mask Weight: 0.943
Epoch 785/20000, Train Loss: 0.2385, Validation Set Manhattan Distance: 12.0, Mask Weight: 0.943
Epoch 786/20000, Train Loss: 0.2384, Validation Set Manhattan Distance: 12.0, Mask Weight: 0.943
Epoch 787/20000, Train Loss: 0.2401, Validation Set Manhattan Distance: 12.0, Mask Weight: 0.943
Epoch 788/20000, Train Loss: 0.2410, Validation Set Manhattan Distance: 12.0, Mask Weight: 0.943
Epoch 789/20000, Train Loss: 0.2398, Validation Set Manhattan Distance: 12.0, Mask Weight: 0.943
Epoch 790/20000, Train Loss: 0.2388, Validation Set Manhattan Distance: 12.0, Mask Weight: 0.943
Epoch 791/20000, Train Loss: 0.2414, Validation Set Manhattan Distance: 12.0, Mask Weight: 0.943
Epoch 792/20000, Train Loss: 0.2372, Validation Set Manhattan Distance: 12.0, Mask Weight: 0.943
Epoch 793/20000, Train Loss: 0.2392, Validation Set Manhattan Distance: 12.0, Mask Weight: 0.943
Epoch 794/20000, Train Loss: 0.2372, Validation Set Manhattan Distance: 12.0, Mask Weight: 0.943
Epoch 795/20000, Train Loss: 0.2375, Validation Set Manhattan Distance: 12.0, Mask Weight: 0.943
Epoch 796/20000, Train Loss: 0.2392, Validation Set Manhattan Distance: 12.0, Mask Weight: 0.943
Epoch 797/20000, Train Loss: 0.2375, Validation Set Manhattan Distance: 12.0, Mask Weight: 0.943
Epoch 798/20000, Train Loss: 0.2390, Validation Set Manhattan Distance: 12.0, Mask Weight: 0.943
Epoch 799/20000, Train Loss: 0.2378, Validation Set Manhattan Distance: 12.0, Mask Weight: 0.943
Epoch 800/20000, Train Loss: 0.2395, Validation Set Manhattan Distance: 12.0, Mask Weight: 0.943
Epoch 801/20000, Train Loss: 0.2386, Validation Set Manhattan Distance: 12.0, Mask Weight: 0.943
Epoch 802/20000, Train Loss: 0.2375, Validation Set Manhattan Distance: 12.0, Mask Weight: 0.943
Epoch 803/20000, Train Loss: 0.2383, Validation Set Manhattan Distance: 12.0, Mask Weight: 0.943
Epoch 804/20000, Train Loss: 0.2408, Validation Set Manhattan Distance: 12.0, Mask Weight: 0.943
Epoch 805/20000, Train Loss: 0.2400, Validation Set Manhattan Distance: 12.0, Mask Weight: 0.943
Epoch 806/20000, Train Loss: 0.2372, Validation Set Manhattan Distance: 12.0, Mask Weight: 0.943
Epoch 807/20000, Train Loss: 0.2377, Validation Set Manhattan Distance: 12.0, Mask Weight: 0.943
Epoch 808/20000, Train Loss: 0.2383, Validation Set Manhattan Distance: 12.0, Mask Weight: 0.943
Epoch 809/20000, Train Loss: 0.2423, Validation Set Manhattan Distance: 12.0, Mask Weight: 0.943
Epoch 810/20000, Train Loss: 0.2389, Validation Set Manhattan Distance: 12.0, Mask Weight: 0.943
Epoch 811/20000, Train Loss: 0.2385, Validation Set Manhattan Distance: 12.0, Mask Weight: 0.943
Epoch 812/20000, Train Loss: 0.2397, Validation Set Manhattan Distance: 12.0, Mask Weight: 0.943
Epoch 813/20000, Train Loss: 0.2382, Validation Set Manhattan Distance: 12.0, Mask Weight: 0.943
Epoch 814/20000, Train Loss: 0.2388, Validation Set Manhattan Distance: 12.0, Mask Weight: 0.943
Epoch 815/20000, Train Loss: 0.2382, Validation Set Manhattan Distance: 12.0, Mask Weight: 0.943
Epoch 816/20000, Train Loss: 0.2375, Validation Set Manhattan Distance: 12.0, Mask Weight: 0.943
Epoch 817/20000, Train Loss: 0.2380, Validation Set Manhattan Distance: 12.0, Mask Weight: 0.943
Epoch 818/20000, Train Loss: 0.2383, Validation Set Manhattan Distance: 12.0, Mask Weight: 0.943
Epoch 819/20000, Train Loss: 0.2380, Validation Set Manhattan Distance: 12.0, Mask Weight: 0.943
Epoch 820/20000, Train Loss: 0.2378, Validation Set Manhattan Distance: 12.0, Mask Weight: 0.943
Epoch 821/20000, Train Loss: 0.2400, Validation Set Manhattan Distance: 12.0, Mask Weight: 0.943
Epoch 822/20000, Train Loss: 0.2393, Validation Set Manhattan Distance: 12.0, Mask Weight: 0.943
Epoch 823/20000, Train Loss: 0.2382, Validation Set Manhattan Distance: 12.0, Mask Weight: 0.943
Epoch 824/20000, Train Loss: 0.2385, Validation Set Manhattan Distance: 12.0, Mask Weight: 0.943
Epoch 825/20000, Train Loss: 0.2381, Validation Set Manhattan Distance: 12.0, Mask Weight: 0.943
Epoch 826/20000, Train Loss: 0.2377, Validation Set Manhattan Distance: 12.0, Mask Weight: 0.943
Epoch 827/20000, Train Loss: 0.2386, Validation Set Manhattan Distance: 12.0, Mask Weight: 0.943
Epoch 828/20000, Train Loss: 0.2370, Validation Set Manhattan Distance: 12.0, Mask Weight: 0.943
Epoch 829/20000, Train Loss: 0.2402, Validation Set Manhattan Distance: 12.0, Mask Weight: 0.943
Epoch 830/20000, Train Loss: 0.2373, Validation Set Manhattan Distance: 12.0, Mask Weight: 0.943
Epoch 831/20000, Train Loss: 0.2380, Validation Set Manhattan Distance: 12.0, Mask Weight: 0.943
Epoch 832/20000, Train Loss: 0.2381, Validation Set Manhattan Distance: 12.0, Mask Weight: 0.943
Epoch 833/20000, Train Loss: 0.2370, Validation Set Manhattan Distance: 12.0, Mask Weight: 0.943
Epoch 834/20000, Train Loss: 0.2378, Validation Set Manhattan Distance: 12.0, Mask Weight: 0.943
Epoch 835/20000, Train Loss: 0.2403, Validation Set Manhattan Distance: 12.0, Mask Weight: 0.943
Epoch 836/20000, Train Loss: 0.2368, Validation Set Manhattan Distance: 12.0, Mask Weight: 0.943
Epoch 837/20000, Train Loss: 0.2405, Validation Set Manhattan Distance: 12.0, Mask Weight: 0.943
Epoch 838/20000, Train Loss: 0.2382, Validation Set Manhattan Distance: 12.0, Mask Weight: 0.943
Epoch 839/20000, Train Loss: 0.2392, Validation Set Manhattan Distance: 12.0, Mask Weight: 0.943
Epoch 840/20000, Train Loss: 0.2376, Validation Set Manhattan Distance: 12.0, Mask Weight: 0.943
Epoch 841/20000, Train Loss: 0.2375, Validation Set Manhattan Distance: 12.0, Mask Weight: 0.943
Epoch 842/20000, Train Loss: 0.2378, Validation Set Manhattan Distance: 12.0, Mask Weight: 0.943
Epoch 843/20000, Train Loss: 0.2377, Validation Set Manhattan Distance: 12.0, Mask Weight: 0.943
Epoch 844/20000, Train Loss: 0.2373, Validation Set Manhattan Distance: 12.0, Mask Weight: 0.943
Epoch 845/20000, Train Loss: 0.2361, Validation Set Manhattan Distance: 12.0, Mask Weight: 0.943
Epoch 846/20000, Train Loss: 0.2367, Validation Set Manhattan Distance: 12.0, Mask Weight: 0.943
Epoch 847/20000, Train Loss: 0.2386, Validation Set Manhattan Distance: 12.0, Mask Weight: 0.943
Epoch 848/20000, Train Loss: 0.2371, Validation Set Manhattan Distance: 12.0, Mask Weight: 0.943
Epoch 849/20000, Train Loss: 0.2385, Validation Set Manhattan Distance: 12.0, Mask Weight: 0.943
Epoch 850/20000, Train Loss: 0.2383, Validation Set Manhattan Distance: 12.0, Mask Weight: 0.943
Epoch 851/20000, Train Loss: 0.2376, Validation Set Manhattan Distance: 12.0, Mask Weight: 0.943
Epoch 852/20000, Train Loss: 0.2383, Validation Set Manhattan Distance: 12.0, Mask Weight: 0.943
Epoch 853/20000, Train Loss: 0.2382, Validation Set Manhattan Distance: 12.0, Mask Weight: 0.943
Epoch 854/20000, Train Loss: 0.2373, Validation Set Manhattan Distance: 12.0, Mask Weight: 0.943
Epoch 855/20000, Train Loss: 0.2382, Validation Set Manhattan Distance: 12.0, Mask Weight: 0.943
Epoch 856/20000, Train Loss: 0.2385, Validation Set Manhattan Distance: 12.0, Mask Weight: 0.943
Epoch 857/20000, Train Loss: 0.2381, Validation Set Manhattan Distance: 12.0, Mask Weight: 0.943
Epoch 858/20000, Train Loss: 0.2392, Validation Set Manhattan Distance: 12.0, Mask Weight: 0.943
Epoch 859/20000, Train Loss: 0.2387, Validation Set Manhattan Distance: 12.0, Mask Weight: 0.943
Epoch 860/20000, Train Loss: 0.2383, Validation Set Manhattan Distance: 12.0, Mask Weight: 0.943
Epoch 861/20000, Train Loss: 0.2368, Validation Set Manhattan Distance: 12.0, Mask Weight: 0.943
Epoch 862/20000, Train Loss: 0.2379, Validation Set Manhattan Distance: 12.0, Mask Weight: 0.943
Epoch 863/20000, Train Loss: 0.2405, Validation Set Manhattan Distance: 12.0, Mask Weight: 0.943
Epoch 864/20000, Train Loss: 0.2368, Validation Set Manhattan Distance: 12.0, Mask Weight: 0.943
Epoch 865/20000, Train Loss: 0.2397, Validation Set Manhattan Distance: 12.0, Mask Weight: 0.943
Epoch 866/20000, Train Loss: 0.2378, Validation Set Manhattan Distance: 12.0, Mask Weight: 0.943
Epoch 867/20000, Train Loss: 0.2371, Validation Set Manhattan Distance: 12.0, Mask Weight: 0.943
Epoch 868/20000, Train Loss: 0.2382, Validation Set Manhattan Distance: 12.0, Mask Weight: 0.943
Epoch 869/20000, Train Loss: 0.2382, Validation Set Manhattan Distance: 12.0, Mask Weight: 0.943
Epoch 870/20000, Train Loss: 0.2384, Validation Set Manhattan Distance: 12.0, Mask Weight: 0.943
Epoch 871/20000, Train Loss: 0.2373, Validation Set Manhattan Distance: 12.0, Mask Weight: 0.943
Epoch 872/20000, Train Loss: 0.2391, Validation Set Manhattan Distance: 12.0, Mask Weight: 0.943
Epoch 873/20000, Train Loss: 0.2380, Validation Set Manhattan Distance: 12.0, Mask Weight: 0.943
Epoch 874/20000, Train Loss: 0.2382, Validation Set Manhattan Distance: 12.0, Mask Weight: 0.943
Epoch 875/20000, Train Loss: 0.2379, Validation Set Manhattan Distance: 12.0, Mask Weight: 0.943
Epoch 876/20000, Train Loss: 0.2380, Validation Set Manhattan Distance: 12.0, Mask Weight: 0.943
Epoch 877/20000, Train Loss: 0.2380, Validation Set Manhattan Distance: 12.0, Mask Weight: 0.943
Epoch 878/20000, Train Loss: 0.2367, Validation Set Manhattan Distance: 12.0, Mask Weight: 0.943
Epoch 879/20000, Train Loss: 0.2373, Validation Set Manhattan Distance: 12.0, Mask Weight: 0.943
Epoch 880/20000, Train Loss: 0.2377, Validation Set Manhattan Distance: 12.0, Mask Weight: 0.943
Epoch 881/20000, Train Loss: 0.2376, Validation Set Manhattan Distance: 12.0, Mask Weight: 0.943
Epoch 882/20000, Train Loss: 0.2377, Validation Set Manhattan Distance: 12.0, Mask Weight: 0.943
Epoch 883/20000, Train Loss: 0.2383, Validation Set Manhattan Distance: 12.0, Mask Weight: 0.943
Epoch 884/20000, Train Loss: 0.2363, Validation Set Manhattan Distance: 12.0, Mask Weight: 0.943
Epoch 885/20000, Train Loss: 0.2417, Validation Set Manhattan Distance: 12.0, Mask Weight: 0.943
Epoch 886/20000, Train Loss: 0.2386, Validation Set Manhattan Distance: 12.0, Mask Weight: 0.943
Epoch 887/20000, Train Loss: 0.2380, Validation Set Manhattan Distance: 12.0, Mask Weight: 0.943
Epoch 888/20000, Train Loss: 0.2396, Validation Set Manhattan Distance: 12.0, Mask Weight: 0.943
Epoch 889/20000, Train Loss: 0.2387, Validation Set Manhattan Distance: 12.0, Mask Weight: 0.943
Epoch 890/20000, Train Loss: 0.2394, Validation Set Manhattan Distance: 12.0, Mask Weight: 0.943
Epoch 891/20000, Train Loss: 0.2381, Validation Set Manhattan Distance: 12.0, Mask Weight: 0.943
Epoch 892/20000, Train Loss: 0.2389, Validation Set Manhattan Distance: 12.0, Mask Weight: 0.943
Epoch 893/20000, Train Loss: 0.2383, Validation Set Manhattan Distance: 12.0, Mask Weight: 0.943
Epoch 894/20000, Train Loss: 0.2402, Validation Set Manhattan Distance: 12.0, Mask Weight: 0.943
Epoch 895/20000, Train Loss: 0.2384, Validation Set Manhattan Distance: 12.0, Mask Weight: 0.943
Epoch 896/20000, Train Loss: 0.2377, Validation Set Manhattan Distance: 12.0, Mask Weight: 0.943
Epoch 897/20000, Train Loss: 0.2378, Validation Set Manhattan Distance: 12.0, Mask Weight: 0.943
Epoch 898/20000, Train Loss: 0.2384, Validation Set Manhattan Distance: 12.0, Mask Weight: 0.943
Epoch 899/20000, Train Loss: 0.2377, Validation Set Manhattan Distance: 12.0, Mask Weight: 0.943
Epoch 900/20000, Train Loss: 0.2389, Validation Set Manhattan Distance: 12.0, Mask Weight: 0.943
Epoch 901/20000, Train Loss: 0.2386, Validation Set Manhattan Distance: 12.0, Mask Weight: 0.943
Epoch 902/20000, Train Loss: 0.2381, Validation Set Manhattan Distance: 12.0, Mask Weight: 0.943
Epoch 903/20000, Train Loss: 0.2422, Validation Set Manhattan Distance: 12.0, Mask Weight: 0.943
Epoch 904/20000, Train Loss: 0.2405, Validation Set Manhattan Distance: 12.0, Mask Weight: 0.943
Epoch 905/20000, Train Loss: 0.2383, Validation Set Manhattan Distance: 12.0, Mask Weight: 0.943
Epoch 906/20000, Train Loss: 0.2372, Validation Set Manhattan Distance: 12.0, Mask Weight: 0.943
Epoch 907/20000, Train Loss: 0.2377, Validation Set Manhattan Distance: 12.0, Mask Weight: 0.943
Epoch 908/20000, Train Loss: 0.2381, Validation Set Manhattan Distance: 12.0, Mask Weight: 0.943
Epoch 909/20000, Train Loss: 0.2370, Validation Set Manhattan Distance: 12.0, Mask Weight: 0.943
Epoch 910/20000, Train Loss: 0.2383, Validation Set Manhattan Distance: 12.0, Mask Weight: 0.943
Epoch 911/20000, Train Loss: 0.2387, Validation Set Manhattan Distance: 12.0, Mask Weight: 0.943
Epoch 912/20000, Train Loss: 0.2374, Validation Set Manhattan Distance: 12.0, Mask Weight: 0.943
Epoch 913/20000, Train Loss: 0.2369, Validation Set Manhattan Distance: 12.0, Mask Weight: 0.943
Epoch 914/20000, Train Loss: 0.2384, Validation Set Manhattan Distance: 12.0, Mask Weight: 0.943
Epoch 915/20000, Train Loss: 0.2383, Validation Set Manhattan Distance: 12.0, Mask Weight: 0.943
Epoch 916/20000, Train Loss: 0.2390, Validation Set Manhattan Distance: 12.0, Mask Weight: 0.943
Epoch 917/20000, Train Loss: 0.2376, Validation Set Manhattan Distance: 12.0, Mask Weight: 0.943
Epoch 918/20000, Train Loss: 0.2376, Validation Set Manhattan Distance: 12.0, Mask Weight: 0.943
Epoch 919/20000, Train Loss: 0.2366, Validation Set Manhattan Distance: 12.0, Mask Weight: 0.943
Epoch 920/20000, Train Loss: 0.2378, Validation Set Manhattan Distance: 12.0, Mask Weight: 0.943
Epoch 921/20000, Train Loss: 0.2371, Validation Set Manhattan Distance: 12.0, Mask Weight: 0.943
Epoch 922/20000, Train Loss: 0.2380, Validation Set Manhattan Distance: 12.0, Mask Weight: 0.943
Epoch 923/20000, Train Loss: 0.2369, Validation Set Manhattan Distance: 12.0, Mask Weight: 0.943
Epoch 924/20000, Train Loss: 0.2358, Validation Set Manhattan Distance: 12.0, Mask Weight: 0.943
Epoch 925/20000, Train Loss: 0.2371, Validation Set Manhattan Distance: 12.0, Mask Weight: 0.943
Epoch 926/20000, Train Loss: 0.2383, Validation Set Manhattan Distance: 12.0, Mask Weight: 0.943
Epoch 927/20000, Train Loss: 0.2376, Validation Set Manhattan Distance: 12.0, Mask Weight: 0.943